Generated random seed: 1918159889
---------- Starting Excursion -----------
Warmup time: 4.0 hours
Start time: 16:00 
Excursion time: 7.0 hours

> 1 (16:00)
Rent:    [57, 72, 98, 107, 115]
Return:  [7, 21, 28, 33, 39, 46, 50, 55, 60, 64, 71, 80, 82, 87, 93]
	⭕  Bike to 87 (3.9 min) +1
> 87 (16:03)
Rent:    [57, 72, 98, 107, 115]
Return:  [7, 21, 28, 33, 39, 46, 50, 55, 60, 64, 71, 80, 82, 87, 93]
	⭕  Walk to 30 (2.6 min) 
> 30 (16:06)
Rent:    [57, 72, 98, 107, 115]
Return:  [7, 21, 28, 33, 39, 46, 50, 55, 60, 64, 71, 80, 82, 87, 93]
	⭕  Bike to 87 (1.0 min) +1
> 87 (16:07)
Rent:    [57, 72, 98, 107, 115]
Return:  [7, 21, 28, 33, 39, 46, 50, 55, 60, 64, 71, 80, 82, 87, 93]
	⭕  Walk to 30 (2.6 min) 
> 30 (16:10)
Rent:    [57, 72, 98, 107, 115]
Return:  [7, 21, 28, 33, 39, 46, 50, 55, 60, 64, 71, 80, 82, 87, 93]
	⭕  Bike to 87 (1.0 min) +1
> 87 (16:11)
Rent:    [57, 72, 98, 107, 115]
Return:  [7, 21, 28, 33, 39, 46, 50, 55, 60, 64, 71, 80, 82, 87, 93]
	⭕  Walk to 30 (2.6 min) 
> 30 (16:13)
Rent:    [57, 72, 98, 107, 115]
Return:  [7, 21, 28, 33, 39, 46, 50, 55, 60, 64, 71, 80, 82, 87, 93]
	⭕  Bike to 87 (1.0 min) +1
> 87 (16:14)
Rent:    [57, 72, 98, 107, 115]
Return:  [7, 21, 28, 33, 39, 46, 50, 55, 60, 64, 71, 80, 82, 87, 93]
	⭕  Walk to 47 (2.4 min) 
> 47 (16:17)
Rent:    [2, 57, 72, 98, 99, 107, 115]
Return:  [21, 28, 39, 46, 50, 55, 60, 64, 71, 80, 82, 87, 93]
	⭕  Bike to 87 (2.0 min) +1
> 87 (16:19)
Rent:    [2, 57, 72, 98, 99, 107, 115]
Return:  [21, 28, 39, 46, 50, 55, 60, 64, 71, 80, 82, 87, 93]
	⭕  Walk to 47 (2.4 min) 
> 47 (16:21)
Rent:    [2, 57, 72, 98, 99, 107, 115]
Return:  [21, 28, 39, 46, 50, 55, 60, 64, 71, 80, 82, 87, 93]
	⭕  Bike to 87 (2.0 min) +1
> 87 (16:23)
Rent:    [2, 57, 72, 98, 99, 107, 115]
Return:  [21, 28, 39, 46, 50, 55, 60, 64, 71, 80, 82, 87, 93]
	⭕  Walk to 47 (2.4 min) 
> 47 (16:26)
Rent:    [2, 57, 72, 98, 99, 107, 115]
Return:  [21, 28, 39, 46, 50, 55, 60, 64, 71, 80, 82, 87, 93]
	⭕  Bike to 87 (2.0 min) +1
> 87 (16:28)
Rent:    [2, 57, 72, 98, 99, 107, 115]
Return:  [21, 28, 39, 46, 50, 55, 60, 64, 71, 80, 82, 87, 93]
	⭕  Walk to 82 (2.7 min) 
> 82 (16:30)
Rent:    [2, 57, 72, 98, 99, 107, 115]
Return:  [21, 28, 30, 46, 50, 55, 60, 64, 71, 80, 87, 93, 105, 121]
	⭕  Bike to 30 (1.0 min) +1
> 30 (16:31)
Rent:    [2, 57, 72, 98, 99, 107, 115]
Return:  [21, 28, 30, 46, 50, 55, 60, 64, 71, 80, 87, 93, 105, 121]
	⭕  Walk to 77 (3.4 min) 
> 77 (16:35)
Rent:    [2, 57, 72, 98, 99, 107, 115]
Return:  [21, 28, 30, 46, 50, 55, 60, 64, 71, 80, 87, 93, 105, 121]
	⭕  Bike to 28 (2.3 min) +1
> 28 (16:37)
Rent:    [2, 57, 72, 98, 99, 107, 115]
Return:  [21, 28, 30, 46, 50, 55, 60, 64, 71, 80, 87, 93, 105, 121]
	⭕  Walk to 117 (2.3 min) 
> 117 (16:39)
Rent:    [2, 57, 72, 98, 99, 107, 115]
Return:  [21, 28, 30, 46, 50, 55, 60, 64, 71, 80, 87, 93, 105, 121]
	⭕  Bike to 105 (0.8 min) +1
> 105 (16:40)
Rent:    [2, 57, 72, 98, 99, 107, 115]
Return:  [21, 28, 30, 46, 50, 55, 60, 64, 71, 80, 87, 93, 105, 121]
	⭕  Walk to 27 (2.7 min) 
> 27 (16:43)
Rent:    [2, 57, 72, 98, 99, 107, 115]
Return:  [21, 28, 30, 46, 50, 55, 60, 64, 71, 80, 87, 93, 105, 121]
	⭕  Bike to 105 (1.3 min) +1
> 105 (16:44)
Rent:    [2, 57, 72, 98, 99, 107, 115]
Return:  [21, 28, 30, 46, 50, 55, 60, 64, 71, 80, 87, 93, 105, 121]
	⭕  Walk to 27 (2.7 min) 
> 27 (16:47)
Rent:    [2, 57, 72, 98, 99, 107, 115]
Return:  [11, 21, 28, 30, 34, 37, 46, 50, 55, 60, 64, 80, 87, 93, 105, 117, 121]
	⭕  Bike to 117 (0.7 min) +1
> 117 (16:47)
Rent:    [2, 57, 72, 98, 99, 107, 115]
Return:  [11, 21, 28, 30, 34, 37, 46, 50, 55, 60, 64, 80, 87, 93, 105, 117, 121]
	⭕  Walk to 27 (1.9 min) 
> 27 (16:49)
Rent:    [2, 57, 72, 98, 99, 107, 115]
Return:  [11, 21, 28, 30, 34, 37, 46, 50, 55, 60, 64, 80, 87, 93, 105, 117, 121]
	⭕  Bike to 117 (0.7 min) +1
> 117 (16:50)
Rent:    [2, 57, 72, 98, 99, 107, 115]
Return:  [11, 21, 28, 30, 34, 37, 46, 50, 55, 60, 64, 80, 87, 93, 105, 117, 121]
	⭕  Walk to 27 (1.9 min) 
> 27 (16:52)
Rent:    [2, 57, 72, 98, 99, 107, 115]
Return:  [11, 21, 28, 30, 34, 37, 46, 50, 55, 60, 64, 80, 87, 93, 105, 117, 121]
	⭕  Bike to 117 (0.7 min) +1
> 117 (16:53)
Rent:    [2, 57, 72, 98, 99, 107, 115]
Return:  [11, 21, 28, 30, 34, 37, 46, 50, 55, 60, 64, 80, 87, 93, 105, 117, 121]
	⭕  Walk to 27 (1.9 min) 
> 27 (16:55)
Rent:    [2, 57, 72, 98, 99, 107, 115]
Return:  [11, 21, 28, 30, 34, 37, 46, 50, 55, 60, 64, 80, 87, 93, 105, 117, 121]
	⭕  Bike to 117 (0.7 min) +1
> 117 (16:55)
Rent:    [2, 57, 72, 98, 99, 107, 115]
Return:  [11, 21, 28, 30, 34, 37, 46, 50, 55, 60, 64, 80, 87, 93, 105, 117, 121]
	⭕  Walk to 27 (1.9 min) 
> 27 (16:57)
Rent:    [2, 57, 72, 98, 99, 107, 115]
Return:  [11, 21, 28, 30, 34, 37, 46, 50, 55, 60, 64, 80, 87, 93, 105, 117, 121]
	⭕  Bike to 117 (0.7 min) +1
> 117 (16:58)
Rent:    [2, 57, 72, 98, 99, 107, 115]
Return:  [11, 21, 28, 30, 34, 37, 46, 50, 55, 60, 64, 80, 87, 93, 105, 117, 121]
	⭕  Walk to 27 (1.9 min) 
> 27 (17:00)
Rent:    [2, 57, 72, 99, 107, 115]
Return:  [7, 11, 28, 30, 33, 37, 46, 50, 53, 55, 60, 64, 71, 77, 80, 87, 93, 105, 117, 118, 121]
	⭕  Bike to 117 (0.7 min) +1
> 117 (17:00)
Rent:    [2, 57, 72, 99, 107, 115]
Return:  [7, 11, 28, 30, 33, 37, 46, 50, 53, 55, 60, 64, 71, 77, 80, 87, 93, 105, 117, 118, 121]
	⭕  Walk to 102 (5.1 min) 
> 102 (17:06)
Rent:    [2, 57, 72, 99, 107, 115]
Return:  [7, 11, 28, 30, 33, 37, 46, 50, 53, 55, 60, 64, 71, 77, 80, 87, 93, 105, 117, 118, 121]
	⭕  Bike to 28 (0.9 min) +1
> 28 (17:06)
Rent:    [2, 57, 72, 99, 107, 115]
Return:  [7, 11, 28, 30, 33, 37, 46, 50, 53, 55, 60, 64, 71, 77, 80, 87, 93, 105, 117, 118, 121]
	⭕  Walk to 102 (3.0 min) 
> 102 (17:09)
Rent:    [2, 57, 72, 99, 107, 115]
Return:  [7, 11, 28, 30, 33, 37, 46, 50, 53, 55, 60, 64, 71, 77, 80, 87, 93, 105, 117, 118, 121]
	⭕  Bike to 28 (0.9 min) +1
> 28 (17:10)
Rent:    [2, 57, 72, 99, 107, 115]
Return:  [7, 11, 28, 30, 33, 37, 46, 50, 53, 55, 60, 64, 71, 77, 80, 87, 93, 105, 117, 118, 121]
	⭕  Walk to 102 (3.0 min) 
> 102 (17:13)
Rent:    [2, 57, 72, 99, 107, 115]
Return:  [7, 11, 28, 30, 33, 37, 46, 50, 53, 55, 60, 64, 71, 77, 80, 87, 93, 105, 117, 118, 121]
	⭕  Bike to 28 (0.9 min) +1
> 28 (17:14)
Rent:    [2, 57, 72, 99, 107, 115]
Return:  [7, 11, 28, 30, 33, 37, 46, 50, 53, 55, 60, 64, 71, 77, 80, 87, 93, 105, 117, 118, 121]
	⭕  Walk to 82 (6.0 min) 
> 82 (17:20)
Rent:    [57, 72, 99, 106, 107, 115]
Return:  [7, 10, 20, 21, 27, 28, 30, 33, 34, 37, 46, 50, 53, 55, 60, 64, 80, 87, 93, 104, 105, 118]
	⭕  Bike to 87 (1.0 min) +1
> 87 (17:21)
Rent:    [57, 72, 99, 106, 107, 115]
Return:  [7, 10, 20, 21, 27, 28, 30, 33, 34, 37, 46, 50, 53, 55, 60, 64, 80, 87, 93, 104, 105, 118]
	⭕  Walk to 47 (2.4 min) 
> 47 (17:24)
Rent:    [57, 72, 99, 106, 107, 115]
Return:  [7, 10, 20, 21, 27, 28, 30, 33, 34, 37, 46, 50, 53, 55, 60, 64, 80, 87, 93, 104, 105, 118]
	⭕  Bike to 53 (1.2 min) +1
> 53 (17:25)
Rent:    [57, 72, 99, 106, 107, 115]
Return:  [7, 10, 20, 21, 27, 28, 30, 33, 34, 37, 46, 50, 53, 55, 60, 64, 80, 87, 93, 104, 105, 118]
	⭕  Walk to 47 (2.7 min) 
> 47 (17:28)
Rent:    [57, 72, 99, 106, 107, 115]
Return:  [7, 10, 20, 21, 27, 28, 30, 33, 34, 37, 46, 50, 53, 55, 60, 64, 80, 87, 93, 104, 105, 118]
	⭕  Bike to 53 (1.2 min) +1
> 53 (17:29)
Rent:    [57, 72, 99, 106, 107, 115]
Return:  [7, 10, 20, 21, 27, 28, 30, 33, 34, 37, 46, 50, 53, 55, 60, 64, 80, 87, 93, 104, 105, 118]
	⭕  Walk to 47 (2.7 min) 
> 47 (17:32)
Rent:    [2, 6, 57, 72, 99, 107, 115]
Return:  [10, 11, 20, 21, 28, 30, 33, 34, 37, 39, 46, 50, 53, 55, 60, 64, 80, 82, 87, 93, 102, 104, 105, 118, 121]
	⭕  Bike to 53 (1.2 min) +1
> 53 (17:33)
Rent:    [2, 6, 57, 72, 99, 107, 115]
Return:  [10, 11, 20, 21, 28, 30, 33, 34, 37, 39, 46, 50, 53, 55, 60, 64, 80, 82, 87, 93, 102, 104, 105, 118, 121]
	⭕  Walk to 47 (2.7 min) 
> 47 (17:36)
Rent:    [2, 6, 57, 72, 99, 107, 115]
Return:  [10, 11, 20, 21, 28, 30, 33, 34, 37, 39, 46, 50, 53, 55, 60, 64, 80, 82, 87, 93, 102, 104, 105, 118, 121]
	⭕  Bike to 53 (1.2 min) +1
> 53 (17:37)
Rent:    [2, 6, 57, 72, 99, 107, 115]
Return:  [10, 11, 20, 21, 28, 30, 33, 34, 37, 39, 46, 50, 53, 55, 60, 64, 80, 82, 87, 93, 102, 104, 105, 118, 121]
	⭕  Walk to 12 (3.4 min) 
> 12 (17:40)
Rent:    [2, 6, 57, 72, 99, 107, 115]
Return:  [10, 11, 20, 21, 28, 30, 33, 34, 37, 39, 46, 50, 53, 55, 60, 64, 80, 82, 87, 93, 102, 104, 105, 118, 121]
	⭕  Bike to 93 (1.5 min) +1
> 93 (17:42)
Rent:    [2, 6, 57, 72, 99, 107, 115]
Return:  [10, 11, 20, 21, 28, 30, 33, 34, 37, 39, 46, 50, 53, 55, 60, 64, 80, 82, 87, 93, 102, 104, 105, 118, 121]
	⭕  Walk to 12 (2.9 min) 
> 12 (17:45)
Rent:    [2, 6, 57, 72, 99, 107, 115]
Return:  [10, 11, 20, 21, 28, 30, 33, 34, 37, 46, 50, 53, 55, 60, 64, 71, 80, 82, 87, 93, 102, 104, 105, 118]
	⭕  Bike to 93 (1.5 min) +1
> 93 (17:46)
Rent:    [2, 6, 57, 72, 99, 107, 115]
Return:  [10, 11, 20, 21, 28, 30, 33, 34, 37, 46, 50, 53, 55, 60, 64, 71, 80, 82, 87, 93, 102, 104, 105, 118]
	⭕  Walk to 12 (2.9 min) 
> 12 (17:49)
Rent:    [2, 6, 57, 72, 99, 107, 115]
Return:  [10, 11, 20, 21, 28, 30, 33, 34, 37, 46, 50, 53, 55, 60, 64, 71, 80, 82, 87, 93, 102, 104, 105, 118]
	⭕  Bike to 93 (1.5 min) +1
> 93 (17:51)
Rent:    [2, 6, 57, 72, 99, 107, 115]
Return:  [10, 11, 20, 21, 28, 30, 33, 34, 37, 46, 50, 53, 55, 60, 64, 71, 80, 82, 87, 93, 102, 104, 105, 118]
	⭕  Walk to 12 (2.9 min) 
> 12 (17:53)
Rent:    [2, 6, 57, 72, 99, 107, 115]
Return:  [10, 11, 20, 21, 28, 30, 33, 34, 37, 46, 50, 53, 55, 60, 64, 71, 80, 82, 87, 93, 102, 104, 105, 118]
	⭕  Bike to 93 (1.5 min) +1
> 93 (17:55)
Rent:    [2, 6, 57, 72, 99, 107, 115]
Return:  [10, 11, 20, 21, 28, 30, 33, 34, 37, 46, 50, 53, 55, 60, 64, 71, 80, 82, 87, 93, 102, 104, 105, 118]
	⭕  Walk to 12 (2.9 min) 
> 12 (17:58)
Rent:    [2, 6, 57, 72, 99, 107, 115]
Return:  [10, 11, 20, 21, 28, 30, 33, 34, 37, 46, 50, 53, 55, 60, 64, 71, 80, 82, 87, 93, 102, 104, 105, 118]
	⭕  Bike to 93 (1.5 min) +1
> 93 (17:59)
Rent:    [2, 6, 57, 72, 99, 107, 115]
Return:  [10, 11, 20, 21, 28, 30, 33, 34, 37, 46, 50, 53, 55, 60, 64, 71, 80, 82, 87, 93, 102, 104, 105, 118]
	⭕  Walk to 12 (2.9 min) 
> 12 (18:02)
Rent:    [2, 6, 57, 72, 99, 107, 115]
Return:  [10, 11, 20, 28, 30, 33, 34, 37, 46, 47, 50, 53, 55, 60, 64, 66, 71, 77, 80, 82, 87, 93, 102, 104, 105, 118, 123]
	⭕  Bike to 93 (1.5 min) +1
> 93 (18:04)
Rent:    [2, 6, 57, 72, 99, 107, 115]
Return:  [10, 11, 20, 28, 30, 33, 34, 37, 46, 47, 50, 53, 55, 60, 64, 66, 71, 77, 80, 82, 87, 93, 102, 104, 105, 118, 123]
	⭕  Walk to 12 (2.9 min) 
> 12 (18:07)
Rent:    [2, 6, 57, 72, 99, 107, 115]
Return:  [10, 11, 20, 28, 30, 33, 34, 37, 46, 47, 50, 53, 55, 60, 64, 66, 71, 77, 80, 82, 87, 93, 102, 104, 105, 118, 123]
	⭕  Bike to 53 (2.0 min) +1
> 53 (18:09)
Rent:    [2, 6, 57, 72, 99, 107, 115]
Return:  [10, 11, 20, 28, 30, 33, 34, 37, 46, 47, 50, 53, 55, 60, 64, 66, 71, 77, 80, 82, 87, 93, 102, 104, 105, 118, 123]
	⭕  Walk to 47 (2.7 min) 
> 47 (18:11)
Rent:    [2, 6, 57, 72, 99, 107, 115]
Return:  [10, 11, 20, 28, 30, 33, 34, 37, 46, 47, 50, 53, 55, 60, 64, 66, 71, 77, 80, 82, 87, 93, 102, 104, 105, 118, 123]
	⭕  Bike to 53 (1.2 min) +1
> 53 (18:13)
Rent:    [2, 6, 57, 72, 99, 107, 115]
Return:  [10, 11, 20, 28, 30, 33, 34, 37, 46, 47, 50, 53, 55, 60, 64, 66, 71, 77, 80, 82, 87, 93, 102, 104, 105, 118, 123]
	⭕  Walk to 47 (2.7 min) 
> 47 (18:15)
Rent:    [2, 6, 57, 72, 95, 99, 106, 107, 115]
Return:  [10, 13, 27, 28, 30, 33, 34, 37, 46, 50, 53, 55, 60, 64, 66, 77, 80, 82, 87, 92, 93, 102, 104, 105, 118, 121, 123]
	⭕  Bike to 53 (1.2 min) +1
> 53 (18:16)
Rent:    [2, 6, 57, 72, 95, 99, 106, 107, 115]
Return:  [10, 13, 27, 28, 30, 33, 34, 37, 46, 50, 53, 55, 60, 64, 66, 77, 80, 82, 87, 92, 93, 102, 104, 105, 118, 121, 123]
	⭕  Walk to 12 (3.4 min) 
> 12 (18:20)
Rent:    [2, 6, 57, 72, 95, 99, 106, 107, 115]
Return:  [10, 13, 27, 28, 30, 33, 34, 37, 46, 50, 53, 55, 60, 64, 66, 77, 80, 82, 87, 92, 93, 102, 104, 105, 118, 121, 123]
	⭕  Bike to 93 (1.5 min) +1
> 93 (18:21)
Rent:    [2, 6, 57, 72, 95, 99, 106, 107, 115]
Return:  [10, 13, 27, 28, 30, 33, 34, 37, 46, 50, 53, 55, 60, 64, 66, 77, 80, 82, 87, 92, 93, 102, 104, 105, 118, 121, 123]
	⭕  Walk to 12 (2.9 min) 
> 12 (18:24)
Rent:    [2, 6, 57, 72, 95, 99, 106, 107, 115]
Return:  [10, 13, 27, 28, 30, 33, 34, 37, 46, 50, 53, 55, 60, 64, 66, 77, 80, 82, 87, 92, 93, 102, 104, 105, 118, 121, 123]
	⭕  Bike to 93 (1.5 min) +1
> 93 (18:26)
Rent:    [2, 6, 57, 72, 95, 99, 106, 107, 115]
Return:  [10, 13, 27, 28, 30, 33, 34, 37, 46, 50, 53, 55, 60, 64, 66, 77, 80, 82, 87, 92, 93, 102, 104, 105, 118, 121, 123]
	⭕  Walk to 61 (3.8 min) 
> 61 (18:30)
Rent:    [2, 6, 57, 63, 72, 95, 99, 106, 107, 115]
Return:  [7, 8, 10, 11, 12, 13, 24, 26, 27, 28, 30, 33, 34, 37, 46, 47, 50, 53, 55, 60, 64, 66, 77, 80, 82, 87, 92, 93, 102, 104, 105, 118, 121, 123, 124]
	⭕  Bike to 8 (2.3 min) +1
> 8 (18:32)
Rent:    [2, 6, 57, 63, 72, 95, 99, 106, 107, 115]
Return:  [7, 8, 10, 11, 12, 13, 24, 26, 27, 28, 30, 33, 34, 37, 46, 47, 50, 53, 55, 60, 64, 66, 77, 80, 82, 87, 92, 93, 102, 104, 105, 118, 121, 123, 124]
	⭕  Walk to 5 (2.6 min) 
> 5 (18:34)
Rent:    [2, 6, 57, 63, 72, 95, 99, 106, 107, 115]
Return:  [7, 8, 10, 11, 12, 13, 24, 26, 27, 28, 30, 33, 34, 37, 46, 47, 50, 53, 55, 60, 64, 66, 77, 80, 82, 87, 92, 93, 102, 104, 105, 118, 121, 123, 124]
	⭕  Bike to 8 (1.9 min) +1
> 8 (18:36)
Rent:    [2, 6, 57, 63, 72, 95, 99, 106, 107, 115]
Return:  [7, 8, 10, 11, 12, 13, 24, 26, 27, 28, 30, 33, 34, 37, 46, 47, 50, 53, 55, 60, 64, 66, 77, 80, 82, 87, 92, 93, 102, 104, 105, 118, 121, 123, 124]
	⭕  Walk to 4 (2.5 min) 
> 4 (18:39)
Rent:    [2, 6, 57, 63, 72, 95, 99, 106, 107, 115]
Return:  [7, 8, 10, 11, 12, 13, 24, 26, 27, 28, 30, 33, 34, 37, 46, 47, 50, 53, 55, 60, 64, 66, 77, 80, 82, 87, 92, 93, 102, 104, 105, 118, 121, 123, 124]
	⭕  Bike to 8 (1.4 min) +1
> 8 (18:40)
Rent:    [2, 6, 57, 63, 72, 95, 99, 106, 107, 115]
Return:  [7, 8, 10, 11, 12, 13, 24, 26, 27, 28, 30, 33, 34, 37, 46, 47, 50, 53, 55, 60, 64, 66, 77, 80, 82, 87, 92, 93, 102, 104, 105, 118, 121, 123, 124]
	⭕  Walk to 4 (2.5 min) 
> 4 (18:43)
Rent:    [2, 6, 57, 63, 72, 95, 99, 106, 107, 115]
Return:  [7, 8, 10, 11, 12, 13, 24, 26, 27, 28, 30, 33, 34, 37, 46, 47, 50, 53, 55, 60, 64, 66, 77, 80, 82, 87, 92, 93, 102, 104, 105, 118, 121, 123, 124]
	⭕  Bike to 8 (1.4 min) +1
> 8 (18:44)
Rent:    [2, 6, 57, 63, 72, 95, 99, 106, 107, 115]
Return:  [7, 8, 10, 11, 12, 13, 24, 26, 27, 28, 30, 33, 34, 37, 46, 47, 50, 53, 55, 60, 64, 66, 77, 80, 82, 87, 92, 93, 102, 104, 105, 118, 121, 123, 124]
	⭕  Walk to 4 (2.5 min) 
> 4 (18:47)
Rent:    [2, 6, 57, 63, 72, 95, 99, 106, 107, 115]
Return:  [5, 7, 8, 10, 11, 12, 20, 24, 26, 27, 28, 33, 34, 37, 46, 47, 50, 53, 55, 60, 66, 77, 80, 82, 87, 92, 93, 102, 104, 105, 118, 121, 124]
	⭕  Bike to 8 (1.4 min) +1
> 8 (18:48)
Rent:    [2, 6, 57, 63, 72, 95, 99, 106, 107, 115]
Return:  [5, 7, 8, 10, 11, 12, 20, 24, 26, 27, 28, 33, 34, 37, 46, 47, 50, 53, 55, 60, 66, 77, 80, 82, 87, 92, 93, 102, 104, 105, 118, 121, 124]
	⭕  Walk to 4 (2.5 min) 
> 4 (18:51)
Rent:    [2, 6, 57, 63, 72, 95, 99, 106, 107, 115]
Return:  [5, 7, 8, 10, 11, 12, 20, 24, 26, 27, 28, 33, 34, 37, 46, 47, 50, 53, 55, 60, 66, 77, 80, 82, 87, 92, 93, 102, 104, 105, 118, 121, 124]
	⭕  Bike to 8 (1.4 min) +1
> 8 (18:52)
Rent:    [2, 6, 57, 63, 72, 95, 99, 106, 107, 115]
Return:  [5, 7, 8, 10, 11, 12, 20, 24, 26, 27, 28, 33, 34, 37, 46, 47, 50, 53, 55, 60, 66, 77, 80, 82, 87, 92, 93, 102, 104, 105, 118, 121, 124]
	⭕  Walk to 61 (4.6 min) 
> 61 (18:57)
Rent:    [2, 6, 57, 63, 72, 95, 99, 106, 107, 115]
Return:  [5, 7, 8, 10, 11, 12, 20, 24, 26, 27, 28, 33, 34, 37, 46, 47, 50, 53, 55, 60, 66, 77, 80, 82, 87, 92, 93, 102, 104, 105, 118, 121, 124]
	⭕  Bike to 93 (1.4 min) +1
> 93 (18:58)
Rent:    [2, 6, 57, 63, 72, 95, 99, 106, 107, 115]
Return:  [5, 7, 8, 10, 11, 12, 20, 24, 26, 27, 28, 33, 34, 37, 46, 47, 50, 53, 55, 60, 66, 77, 80, 82, 87, 92, 93, 102, 104, 105, 118, 121, 124]
	⭕  Walk to 61 (3.8 min) 
> 61 (19:02)
Rent:    [2, 6, 57, 72, 95, 99, 106, 107, 115]
Return:  [5, 7, 8, 10, 11, 20, 21, 24, 27, 28, 34, 37, 46, 47, 50, 53, 55, 60, 64, 66, 77, 80, 82, 87, 88, 92, 93, 102, 105, 118, 121]
	⭕  Bike to 93 (1.4 min) +1
> 93 (19:03)
Rent:    [2, 6, 57, 72, 95, 99, 106, 107, 115]
Return:  [5, 7, 8, 10, 11, 20, 21, 24, 27, 28, 34, 37, 46, 47, 50, 53, 55, 60, 64, 66, 77, 80, 82, 87, 88, 92, 93, 102, 105, 118, 121]
	⭕  Walk to 61 (3.8 min) 
> 61 (19:07)
Rent:    [2, 6, 57, 72, 95, 99, 106, 107, 115]
Return:  [5, 7, 8, 10, 11, 20, 21, 24, 27, 28, 34, 37, 46, 47, 50, 53, 55, 60, 64, 66, 77, 80, 82, 87, 88, 92, 93, 102, 105, 118, 121]
	⭕  Bike to 93 (1.4 min) +1
> 93 (19:08)
Rent:    [2, 6, 57, 72, 95, 99, 106, 107, 115]
Return:  [5, 7, 8, 10, 11, 20, 21, 24, 27, 28, 34, 37, 46, 47, 50, 53, 55, 60, 64, 66, 77, 80, 82, 87, 88, 92, 93, 102, 105, 118, 121]
	⭕  Walk to 103 (6.7 min) 
> 103 (19:15)
Rent:    [2, 6, 57, 72, 95, 98, 99, 106, 107, 115]
Return:  [4, 5, 8, 12, 21, 24, 27, 28, 34, 37, 46, 47, 50, 53, 55, 60, 64, 66, 77, 80, 82, 87, 88, 92, 93, 102, 104, 105, 118, 121]
	⭕  Bike to 4 (2.3 min) +1
> 4 (19:17)
Rent:    [2, 6, 57, 72, 95, 98, 99, 106, 107, 115]
Return:  [4, 5, 8, 12, 21, 24, 27, 28, 34, 37, 46, 47, 50, 53, 55, 60, 64, 66, 77, 80, 82, 87, 88, 92, 93, 102, 104, 105, 118, 121]
	⭕  Walk to 33 (2.8 min) 
> 33 (19:20)
Rent:    [2, 6, 57, 72, 95, 98, 99, 106, 107, 115]
Return:  [4, 5, 8, 12, 21, 24, 27, 28, 34, 37, 46, 47, 50, 53, 55, 60, 64, 66, 77, 80, 82, 87, 88, 92, 93, 102, 104, 105, 118, 121]
	⭕  Bike to 5 (0.9 min) +1
> 5 (19:21)
Rent:    [2, 6, 57, 72, 95, 98, 99, 106, 107, 115]
Return:  [4, 5, 8, 12, 21, 24, 27, 28, 34, 37, 46, 47, 50, 53, 55, 60, 64, 66, 77, 80, 82, 87, 88, 92, 93, 102, 104, 105, 118, 121]
	⭕  Walk to 104 (4.2 min) 
> 104 (19:25)
Rent:    [2, 6, 57, 72, 95, 98, 99, 106, 107, 115]
Return:  [4, 5, 8, 12, 21, 24, 27, 28, 34, 37, 46, 47, 50, 53, 55, 60, 64, 66, 77, 80, 82, 87, 88, 92, 93, 102, 104, 105, 118, 121]
	⭕  Bike to 50 (1.4 min) +1
> 50 (19:27)
Rent:    [2, 6, 57, 72, 95, 98, 99, 106, 107, 115]
Return:  [4, 5, 8, 12, 21, 24, 27, 28, 34, 37, 46, 47, 50, 53, 55, 60, 64, 66, 77, 80, 82, 87, 88, 92, 93, 102, 104, 105, 118, 121]
	⭕  Walk to 104 (3.9 min) 
> 104 (19:31)
Rent:    [6, 54, 57, 72, 95, 99, 106, 107, 115]
Return:  [5, 7, 10, 12, 20, 21, 23, 24, 27, 28, 34, 37, 39, 46, 50, 53, 55, 60, 64, 65, 66, 71, 77, 80, 82, 87, 88, 92, 102, 105, 117, 118, 121]
	⭕  Bike to 50 (1.4 min) +1
> 50 (19:32)
Rent:    [6, 54, 57, 72, 95, 99, 106, 107, 115]
Return:  [5, 7, 10, 12, 20, 21, 23, 24, 27, 28, 34, 37, 39, 46, 50, 53, 55, 60, 64, 65, 66, 71, 77, 80, 82, 87, 88, 92, 102, 105, 117, 118, 121]
	⭕  Walk to 104 (3.9 min) 
> 104 (19:36)
Rent:    [6, 54, 57, 72, 95, 99, 106, 107, 115]
Return:  [5, 7, 10, 12, 20, 21, 23, 24, 27, 28, 34, 37, 39, 46, 50, 53, 55, 60, 64, 65, 66, 71, 77, 80, 82, 87, 88, 92, 102, 105, 117, 118, 121]
	⭕  Bike to 50 (1.4 min) +1
> 50 (19:37)
Rent:    [6, 54, 57, 72, 95, 99, 106, 107, 115]
Return:  [5, 7, 10, 12, 20, 21, 23, 24, 27, 28, 34, 37, 39, 46, 50, 53, 55, 60, 64, 65, 66, 71, 77, 80, 82, 87, 88, 92, 102, 105, 117, 118, 121]
	⭕  Walk to 104 (3.9 min) 
> 104 (19:41)
Rent:    [6, 54, 57, 72, 95, 99, 106, 107, 115]
Return:  [5, 7, 10, 12, 20, 21, 23, 24, 27, 28, 34, 37, 39, 46, 50, 53, 55, 60, 64, 65, 66, 71, 77, 80, 82, 87, 88, 92, 102, 105, 117, 118, 121]
	⭕  Bike to 50 (1.4 min) +1
> 50 (19:43)
Rent:    [6, 54, 57, 72, 95, 99, 106, 107, 115]
Return:  [5, 7, 10, 12, 20, 21, 23, 24, 27, 28, 34, 37, 39, 46, 50, 53, 55, 60, 64, 65, 66, 71, 77, 80, 82, 87, 88, 92, 102, 105, 117, 118, 121]
	⭕  Walk to 58 (4.2 min) 
> 58 (19:47)
Rent:    [2, 6, 17, 54, 57, 63, 95, 98, 99, 106, 107, 115]
Return:  [5, 7, 10, 20, 21, 23, 24, 27, 28, 34, 39, 46, 47, 50, 53, 55, 60, 61, 64, 66, 71, 77, 80, 82, 87, 88, 92, 102, 105, 117, 118, 121]
	⭕  Bike to 5 (2.2 min) +1
> 5 (19:49)
Rent:    [2, 6, 17, 54, 57, 63, 95, 98, 99, 106, 107, 115]
Return:  [5, 7, 10, 20, 21, 23, 24, 27, 28, 34, 39, 46, 47, 50, 53, 55, 60, 61, 64, 66, 71, 77, 80, 82, 87, 88, 92, 102, 105, 117, 118, 121]
	⭕  Walk to 4 (3.8 min) 
> 4 (19:53)
Rent:    [2, 6, 17, 54, 57, 63, 95, 98, 99, 106, 107, 115]
Return:  [5, 7, 10, 20, 21, 23, 24, 27, 28, 34, 39, 46, 47, 50, 53, 55, 60, 61, 64, 66, 71, 77, 80, 82, 87, 88, 92, 102, 105, 117, 118, 121]
	⭕  Bike to 5 (1.2 min) +1
> 5 (19:54)
Rent:    [2, 6, 17, 54, 57, 63, 95, 98, 99, 106, 107, 115]
Return:  [5, 7, 10, 20, 21, 23, 24, 27, 28, 34, 39, 46, 47, 50, 53, 55, 60, 61, 64, 66, 71, 77, 80, 82, 87, 88, 92, 102, 105, 117, 118, 121]
	⭕  Walk to 103 (4.2 min) 
> 103 (19:58)
Rent:    [2, 6, 17, 54, 57, 63, 95, 98, 99, 106, 107, 115]
Return:  [5, 7, 10, 20, 21, 23, 24, 27, 28, 34, 39, 46, 47, 50, 53, 55, 60, 61, 64, 66, 71, 77, 80, 82, 87, 88, 92, 102, 105, 117, 118, 121]
	⭕  Bike to 10 (2.9 min) +1
> 10 (20:01)
Rent:    [2, 6, 57, 63, 98, 99, 106, 107, 115]
Return:  [10, 20, 21, 23, 24, 27, 28, 34, 39, 46, 47, 50, 53, 55, 60, 61, 64, 66, 71, 77, 80, 82, 87, 88, 92, 93, 102, 104, 105, 117, 118, 121, 124]
	⭕  Walk to 30 (4.2 min) 
> 30 (20:05)
Rent:    [2, 6, 57, 63, 98, 99, 106, 107, 115]
Return:  [10, 20, 21, 23, 24, 27, 28, 34, 39, 46, 47, 50, 53, 55, 60, 61, 64, 66, 71, 77, 80, 82, 87, 88, 92, 93, 102, 104, 105, 117, 118, 121, 124]
	⭕  Bike to 87 (1.0 min) +1
> 87 (20:06)
Rent:    [2, 6, 57, 63, 98, 99, 106, 107, 115]
Return:  [10, 20, 21, 23, 24, 27, 28, 34, 39, 46, 47, 50, 53, 55, 60, 61, 64, 66, 71, 77, 80, 82, 87, 88, 92, 93, 102, 104, 105, 117, 118, 121, 124]
	⭕  Walk to 30 (2.6 min) 
> 30 (20:09)
Rent:    [2, 6, 57, 63, 98, 99, 106, 107, 115]
Return:  [10, 20, 21, 23, 24, 27, 28, 34, 39, 46, 47, 50, 53, 55, 60, 61, 64, 66, 71, 77, 80, 82, 87, 88, 92, 93, 102, 104, 105, 117, 118, 121, 124]
	⭕  Bike to 87 (1.0 min) +1
> 87 (20:10)
Rent:    [2, 6, 57, 63, 98, 99, 106, 107, 115]
Return:  [10, 20, 21, 23, 24, 27, 28, 34, 39, 46, 47, 50, 53, 55, 60, 61, 64, 66, 71, 77, 80, 82, 87, 88, 92, 93, 102, 104, 105, 117, 118, 121, 124]
	⭕  Walk to 12 (4.9 min) 
> 12 (20:15)
Rent:    [2, 6, 17, 54, 57, 63, 98, 99, 106, 107, 115]
Return:  [4, 5, 8, 10, 20, 21, 23, 24, 27, 28, 34, 39, 46, 47, 50, 53, 55, 60, 61, 64, 66, 71, 77, 80, 82, 87, 88, 92, 93, 102, 104, 118, 121, 124]
	⭕  Bike to 93 (1.5 min) +1
> 93 (20:16)
Rent:    [2, 6, 17, 54, 57, 63, 98, 99, 106, 107, 115]
Return:  [4, 5, 8, 10, 20, 21, 23, 24, 27, 28, 34, 39, 46, 47, 50, 53, 55, 60, 61, 64, 66, 71, 77, 80, 82, 87, 88, 92, 93, 102, 104, 118, 121, 124]
	⭕  Walk to 12 (2.9 min) 
> 12 (20:19)
Rent:    [2, 6, 17, 54, 57, 63, 98, 99, 106, 107, 115]
Return:  [4, 5, 8, 10, 20, 21, 23, 24, 27, 28, 34, 39, 46, 47, 50, 53, 55, 60, 61, 64, 66, 71, 77, 80, 82, 87, 88, 92, 93, 102, 104, 118, 121, 124]
	⭕  Bike to 93 (1.5 min) +1
> 93 (20:21)
Rent:    [2, 6, 17, 54, 57, 63, 98, 99, 106, 107, 115]
Return:  [4, 5, 8, 10, 20, 21, 23, 24, 27, 28, 34, 39, 46, 47, 50, 53, 55, 60, 61, 64, 66, 71, 77, 80, 82, 87, 88, 92, 93, 102, 104, 118, 121, 124]
	⭕  Walk to 103 (6.7 min) 
> 103 (20:28)
Rent:    [2, 6, 17, 54, 57, 63, 98, 99, 106, 107, 115]
Return:  [4, 5, 8, 10, 20, 21, 23, 24, 27, 28, 34, 39, 46, 47, 50, 53, 55, 60, 61, 64, 66, 71, 77, 80, 82, 87, 88, 92, 93, 102, 104, 118, 121, 124]
	⭕  Bike to 55 (2.1 min) +1
> 55 (20:30)
Rent:    [6, 17, 43, 57, 63, 72, 98, 99, 106, 107, 115]
Return:  [3, 7, 10, 20, 21, 23, 24, 27, 28, 30, 34, 37, 39, 46, 50, 53, 55, 60, 61, 64, 65, 66, 77, 80, 82, 87, 88, 92, 93, 102, 104, 117, 118, 121, 123, 124]
	⭕  Walk to 103 (3.4 min) 
> 103 (20:33)
Rent:    [6, 17, 43, 57, 63, 72, 98, 99, 106, 107, 115]
Return:  [3, 7, 10, 20, 21, 23, 24, 27, 28, 30, 34, 37, 39, 46, 50, 53, 55, 60, 61, 64, 65, 66, 77, 80, 82, 87, 88, 92, 93, 102, 104, 117, 118, 121, 123, 124]
	⭕  Bike to 55 (2.1 min) +1
> 55 (20:35)
Rent:    [6, 17, 43, 57, 63, 72, 98, 99, 106, 107, 115]
Return:  [3, 7, 10, 20, 21, 23, 24, 27, 28, 30, 34, 37, 39, 46, 50, 53, 55, 60, 61, 64, 65, 66, 77, 80, 82, 87, 88, 92, 93, 102, 104, 117, 118, 121, 123, 124]
	⭕  Walk to 103 (3.4 min) 
> 103 (20:39)
Rent:    [6, 17, 43, 57, 63, 72, 98, 99, 106, 107, 115]
Return:  [3, 7, 10, 20, 21, 23, 24, 27, 28, 30, 34, 37, 39, 46, 50, 53, 55, 60, 61, 64, 65, 66, 77, 80, 82, 87, 88, 92, 93, 102, 104, 117, 118, 121, 123, 124]
	⭕  Bike to 55 (2.1 min) +1
> 55 (20:41)
Rent:    [6, 17, 43, 57, 63, 72, 98, 99, 106, 107, 115]
Return:  [3, 7, 10, 20, 21, 23, 24, 27, 28, 30, 34, 37, 39, 46, 50, 53, 55, 60, 61, 64, 65, 66, 77, 80, 82, 87, 88, 92, 93, 102, 104, 117, 118, 121, 123, 124]
	⭕  Walk to 103 (3.4 min) 
> 103 (20:44)
Rent:    [6, 17, 43, 57, 63, 72, 98, 99, 106, 107, 115]
Return:  [3, 7, 10, 20, 21, 23, 24, 27, 28, 30, 34, 37, 39, 46, 50, 53, 55, 60, 61, 64, 65, 66, 77, 80, 82, 87, 88, 92, 93, 102, 104, 117, 118, 121, 123, 124]
	⭕  Bike to 55 (2.1 min) +1
> 55 (20:46)
Rent:    [6, 17, 43, 54, 57, 63, 72, 94, 98, 99, 106, 107, 115]
Return:  [5, 10, 11, 12, 20, 21, 23, 24, 27, 28, 30, 33, 34, 37, 46, 50, 52, 53, 55, 58, 60, 61, 64, 65, 66, 77, 80, 82, 87, 88, 92, 93, 102, 104, 117, 118, 121, 123, 124]
	⭕  Walk to 103 (3.4 min) 
> 103 (20:50)
Rent:    [6, 17, 43, 54, 57, 63, 72, 94, 98, 99, 106, 107, 115]
Return:  [5, 10, 11, 12, 20, 21, 23, 24, 27, 28, 30, 33, 34, 37, 46, 50, 52, 53, 55, 58, 60, 61, 64, 65, 66, 77, 80, 82, 87, 88, 92, 93, 102, 104, 117, 118, 121, 123, 124]
	⭕  Bike to 55 (2.1 min) +1
> 55 (20:52)
Rent:    [6, 17, 43, 54, 57, 63, 72, 94, 98, 99, 106, 107, 115]
Return:  [5, 10, 11, 12, 20, 21, 23, 24, 27, 28, 30, 33, 34, 37, 46, 50, 52, 53, 55, 58, 60, 61, 64, 65, 66, 77, 80, 82, 87, 88, 92, 93, 102, 104, 117, 118, 121, 123, 124]
	⭕  Walk to 103 (3.4 min) 
> 103 (20:55)
Rent:    [6, 17, 43, 54, 57, 63, 72, 94, 98, 99, 106, 107, 115]
Return:  [5, 10, 11, 12, 20, 21, 23, 24, 27, 28, 30, 33, 34, 37, 46, 50, 52, 53, 55, 58, 60, 61, 64, 65, 66, 77, 80, 82, 87, 88, 92, 93, 102, 104, 117, 118, 121, 123, 124]
	⭕  Bike to 55 (2.1 min) +1
> 55 (20:57)
Rent:    [6, 17, 43, 54, 57, 63, 72, 94, 98, 99, 106, 107, 115]
Return:  [5, 10, 11, 12, 20, 21, 23, 24, 27, 28, 30, 33, 34, 37, 46, 50, 52, 53, 55, 58, 60, 61, 64, 65, 66, 77, 80, 82, 87, 88, 92, 93, 102, 104, 117, 118, 121, 123, 124]
	⭕  Walk to 103 (3.4 min) 
> 103 (21:01)
Rent:    [6, 17, 43, 54, 57, 72, 94, 98, 99, 106, 107, 115]
Return:  [5, 10, 11, 20, 21, 23, 24, 26, 27, 28, 30, 33, 37, 46, 50, 52, 53, 55, 58, 60, 61, 64, 65, 66, 77, 80, 82, 87, 88, 92, 93, 117, 118, 121, 122, 123, 124]
	⭕  Bike to 55 (2.1 min) +1
> 55 (21:03)
Rent:    [6, 17, 43, 54, 57, 72, 94, 98, 99, 106, 107, 115]
Return:  [5, 10, 11, 20, 21, 23, 24, 26, 27, 28, 30, 33, 37, 46, 50, 52, 53, 55, 58, 60, 61, 64, 65, 66, 77, 80, 82, 87, 88, 92, 93, 117, 118, 121, 122, 123, 124]
	⭕  Walk to 103 (3.4 min) 
> 103 (21:06)
Rent:    [6, 17, 43, 54, 57, 72, 94, 98, 99, 106, 107, 115]
Return:  [5, 10, 11, 20, 21, 23, 24, 26, 27, 28, 30, 33, 37, 46, 50, 52, 53, 55, 58, 60, 61, 64, 65, 66, 77, 80, 82, 87, 88, 92, 93, 117, 118, 121, 122, 123, 124]
	⭕  Bike to 55 (2.1 min) +1
> 55 (21:08)
Rent:    [6, 17, 43, 54, 57, 72, 94, 98, 99, 106, 107, 115]
Return:  [5, 10, 11, 20, 21, 23, 24, 26, 27, 28, 30, 33, 37, 46, 50, 52, 53, 55, 58, 60, 61, 64, 65, 66, 77, 80, 82, 87, 88, 92, 93, 117, 118, 121, 122, 123, 124]
	⭕  Walk to 12 (4.7 min) 
> 12 (21:13)
Rent:    [6, 17, 43, 54, 57, 72, 94, 98, 99, 106, 107, 115]
Return:  [5, 10, 11, 20, 21, 23, 24, 26, 27, 28, 30, 33, 37, 46, 50, 52, 53, 55, 58, 60, 61, 64, 65, 66, 77, 80, 82, 87, 88, 92, 93, 117, 118, 121, 122, 123, 124]
	⭕  Bike to 53 (2.0 min) +1
> 53 (21:15)
Rent:    [6, 17, 54, 57, 72, 76, 94, 98, 99, 106, 107, 114, 115]
Return:  [3, 5, 10, 11, 19, 20, 21, 24, 26, 27, 28, 30, 33, 37, 46, 50, 53, 55, 58, 60, 61, 64, 65, 66, 77, 80, 82, 87, 88, 92, 102, 117, 118, 121, 122, 123]
	⭕  Walk to 47 (2.7 min) 
> 47 (21:18)
Rent:    [6, 17, 54, 57, 72, 76, 94, 98, 99, 106, 107, 114, 115]
Return:  [3, 5, 10, 11, 19, 20, 21, 24, 26, 27, 28, 30, 33, 37, 46, 50, 53, 55, 58, 60, 61, 64, 65, 66, 77, 80, 82, 87, 88, 92, 102, 117, 118, 121, 122, 123]
	⭕  Bike to 53 (1.2 min) +1
> 53 (21:19)
Rent:    [6, 17, 54, 57, 72, 76, 94, 98, 99, 106, 107, 114, 115]
Return:  [3, 5, 10, 11, 19, 20, 21, 24, 26, 27, 28, 30, 33, 37, 46, 50, 53, 55, 58, 60, 61, 64, 65, 66, 77, 80, 82, 87, 88, 92, 102, 117, 118, 121, 122, 123]
	⭕  Walk to 103 (7.1 min) 
> 103 (21:26)
Rent:    [6, 17, 54, 57, 72, 76, 94, 98, 99, 106, 107, 114, 115]
Return:  [3, 5, 10, 11, 19, 20, 21, 24, 26, 27, 28, 30, 33, 37, 46, 50, 53, 55, 58, 60, 61, 64, 65, 66, 77, 80, 82, 87, 88, 92, 102, 117, 118, 121, 122, 123]
	⭕  Bike to 55 (2.1 min) +1
> 55 (21:28)
Rent:    [6, 17, 54, 57, 72, 76, 94, 98, 99, 106, 107, 114, 115]
Return:  [3, 5, 10, 11, 19, 20, 21, 24, 26, 27, 28, 30, 33, 37, 46, 50, 53, 55, 58, 60, 61, 64, 65, 66, 77, 80, 82, 87, 88, 92, 102, 117, 118, 121, 122, 123]
	⭕  Walk to 103 (3.4 min) 
> 103 (21:31)
Rent:    [2, 6, 17, 43, 54, 57, 69, 72, 76, 94, 98, 99, 106, 107, 114, 115]
Return:  [5, 10, 11, 12, 19, 20, 21, 24, 27, 28, 30, 33, 34, 37, 46, 50, 53, 55, 60, 61, 64, 65, 66, 71, 77, 82, 87, 88, 92, 102, 104, 117, 118, 121, 123]
	⭕  Bike to 55 (2.1 min) +1
> 55 (21:33)
Rent:    [2, 6, 17, 43, 54, 57, 69, 72, 76, 94, 98, 99, 106, 107, 114, 115]
Return:  [5, 10, 11, 12, 19, 20, 21, 24, 27, 28, 30, 33, 34, 37, 46, 50, 53, 55, 60, 61, 64, 65, 66, 71, 77, 82, 87, 88, 92, 102, 104, 117, 118, 121, 123]
	⭕  Walk to 103 (3.4 min) 
> 103 (21:37)
Rent:    [2, 6, 17, 43, 54, 57, 69, 72, 76, 94, 98, 99, 106, 107, 114, 115]
Return:  [5, 10, 11, 12, 19, 20, 21, 24, 27, 28, 30, 33, 34, 37, 46, 50, 53, 55, 60, 61, 64, 65, 66, 71, 77, 82, 87, 88, 92, 102, 104, 117, 118, 121, 123]
	⭕  Bike to 55 (2.1 min) +1
> 55 (21:39)
Rent:    [2, 6, 17, 43, 54, 57, 69, 72, 76, 94, 98, 99, 106, 107, 114, 115]
Return:  [5, 10, 11, 12, 19, 20, 21, 24, 27, 28, 30, 33, 34, 37, 46, 50, 53, 55, 60, 61, 64, 65, 66, 71, 77, 82, 87, 88, 92, 102, 104, 117, 118, 121, 123]
	⭕  Walk to 103 (3.4 min) 
> 103 (21:42)
Rent:    [2, 6, 17, 43, 54, 57, 69, 72, 76, 94, 98, 99, 106, 107, 114, 115]
Return:  [5, 10, 11, 12, 19, 20, 21, 24, 27, 28, 30, 33, 34, 37, 46, 50, 53, 55, 60, 61, 64, 65, 66, 71, 77, 82, 87, 88, 92, 102, 104, 117, 118, 121, 123]
	⭕  Bike to 55 (2.1 min) +1
> 55 (21:45)
Rent:    [2, 6, 17, 43, 54, 57, 69, 72, 76, 94, 99, 106, 107, 114, 115]
Return:  [3, 5, 8, 10, 11, 12, 19, 20, 21, 24, 26, 27, 28, 30, 33, 34, 37, 45, 46, 50, 52, 55, 60, 61, 64, 66, 71, 77, 80, 82, 87, 88, 92, 102, 105, 117, 118, 121, 123]
	⭕  Walk to 103 (3.4 min) 
> 103 (21:48)
Rent:    [2, 6, 17, 43, 54, 57, 69, 72, 76, 94, 99, 106, 107, 114, 115]
Return:  [3, 5, 8, 10, 11, 12, 19, 20, 21, 24, 26, 27, 28, 30, 33, 34, 37, 45, 46, 50, 52, 55, 60, 61, 64, 66, 71, 77, 80, 82, 87, 88, 92, 102, 105, 117, 118, 121, 123]
	⭕  Bike to 55 (2.1 min) +1
> 55 (21:50)
Rent:    [2, 6, 17, 43, 54, 57, 69, 72, 76, 94, 99, 106, 107, 114, 115]
Return:  [3, 5, 8, 10, 11, 12, 19, 20, 21, 24, 26, 27, 28, 30, 33, 34, 37, 45, 46, 50, 52, 55, 60, 61, 64, 66, 71, 77, 80, 82, 87, 88, 92, 102, 105, 117, 118, 121, 123]
	⭕  Walk to 103 (3.4 min) 
> 103 (21:53)
Rent:    [2, 6, 17, 43, 54, 57, 69, 72, 76, 94, 99, 106, 107, 114, 115]
Return:  [3, 5, 8, 10, 11, 12, 19, 20, 21, 24, 26, 27, 28, 30, 33, 34, 37, 45, 46, 50, 52, 55, 60, 61, 64, 66, 71, 77, 80, 82, 87, 88, 92, 102, 105, 117, 118, 121, 123]
	⭕  Bike to 55 (2.1 min) +1
> 55 (21:56)
Rent:    [2, 6, 17, 43, 54, 57, 69, 72, 76, 94, 99, 106, 107, 114, 115]
Return:  [3, 5, 8, 10, 11, 12, 19, 20, 21, 24, 26, 27, 28, 30, 33, 34, 37, 45, 46, 50, 52, 55, 60, 61, 64, 66, 71, 77, 80, 82, 87, 88, 92, 102, 105, 117, 118, 121, 123]
	⭕  Walk to 103 (3.4 min) 
> 103 (21:59)
Rent:    [2, 6, 17, 43, 54, 57, 69, 72, 76, 94, 99, 106, 107, 114, 115]
Return:  [3, 5, 8, 10, 11, 12, 19, 20, 21, 24, 26, 27, 28, 30, 33, 34, 37, 45, 46, 50, 52, 55, 60, 61, 64, 66, 71, 77, 80, 82, 87, 88, 92, 102, 105, 117, 118, 121, 123]
	⭕  Bike to 55 (2.1 min) +1
> 55 (22:01)
Rent:    [2, 6, 17, 43, 54, 57, 63, 69, 72, 76, 94, 95, 99, 106, 107, 108, 114, 115]
Return:  [5, 8, 10, 11, 12, 19, 20, 21, 24, 26, 27, 28, 30, 33, 34, 37, 46, 47, 53, 55, 60, 64, 66, 71, 77, 80, 82, 87, 88, 92, 93, 102, 105, 117, 118, 121]
	⭕  Walk to 103 (3.4 min) 
> 103 (22:04)
Rent:    [2, 6, 17, 43, 54, 57, 63, 69, 72, 76, 94, 95, 99, 106, 107, 108, 114, 115]
Return:  [5, 8, 10, 11, 12, 19, 20, 21, 24, 26, 27, 28, 30, 33, 34, 37, 46, 47, 53, 55, 60, 64, 66, 71, 77, 80, 82, 87, 88, 92, 93, 102, 105, 117, 118, 121]
	⭕  Bike to 55 (2.1 min) +1
> 55 (22:07)
Rent:    [2, 6, 17, 43, 54, 57, 63, 69, 72, 76, 94, 95, 99, 106, 107, 108, 114, 115]
Return:  [5, 8, 10, 11, 12, 19, 20, 21, 24, 26, 27, 28, 30, 33, 34, 37, 46, 47, 53, 55, 60, 64, 66, 71, 77, 80, 82, 87, 88, 92, 93, 102, 105, 117, 118, 121]
	⭕  Walk to 103 (3.4 min) 
> 103 (22:10)
Rent:    [2, 6, 17, 43, 54, 57, 63, 69, 72, 76, 94, 95, 99, 106, 107, 108, 114, 115]
Return:  [5, 8, 10, 11, 12, 19, 20, 21, 24, 26, 27, 28, 30, 33, 34, 37, 46, 47, 53, 55, 60, 64, 66, 71, 77, 80, 82, 87, 88, 92, 93, 102, 105, 117, 118, 121]
	⭕  Bike to 55 (2.1 min) +1
> 55 (22:12)
Rent:    [2, 6, 17, 43, 54, 57, 63, 69, 72, 76, 94, 95, 99, 106, 107, 108, 114, 115]
Return:  [5, 8, 10, 11, 12, 19, 20, 21, 24, 26, 27, 28, 30, 33, 34, 37, 46, 47, 53, 55, 60, 64, 66, 71, 77, 80, 82, 87, 88, 92, 93, 102, 105, 117, 118, 121]
	⭕  Walk to 103 (3.4 min) 
> 103 (22:16)
Rent:    [6, 17, 43, 54, 57, 63, 69, 72, 76, 94, 95, 98, 99, 106, 107, 114, 115]
Return:  [0, 4, 5, 8, 10, 11, 12, 19, 21, 24, 26, 27, 28, 30, 33, 37, 45, 46, 47, 50, 52, 53, 55, 60, 61, 66, 77, 80, 82, 87, 88, 92, 102, 104, 105, 117, 118, 121, 122, 123]
	⭕  Bike to 55 (2.1 min) +1
> 55 (22:18)
Rent:    [6, 17, 43, 54, 57, 63, 69, 72, 76, 94, 95, 98, 99, 106, 107, 114, 115]
Return:  [0, 4, 5, 8, 10, 11, 12, 19, 21, 24, 26, 27, 28, 30, 33, 37, 45, 46, 47, 50, 52, 53, 55, 60, 61, 66, 77, 80, 82, 87, 88, 92, 102, 104, 105, 117, 118, 121, 122, 123]
	⭕  Walk to 103 (3.4 min) 
> 103 (22:21)
Rent:    [6, 17, 43, 54, 57, 63, 69, 72, 76, 94, 95, 98, 99, 106, 107, 114, 115]
Return:  [0, 4, 5, 8, 10, 11, 12, 19, 21, 24, 26, 27, 28, 30, 33, 37, 45, 46, 47, 50, 52, 53, 55, 60, 61, 66, 77, 80, 82, 87, 88, 92, 102, 104, 105, 117, 118, 121, 122, 123]
	⭕  Bike to 4 (2.3 min) +1
> 4 (22:23)
Rent:    [6, 17, 43, 54, 57, 63, 69, 72, 76, 94, 95, 98, 99, 106, 107, 114, 115]
Return:  [0, 4, 5, 8, 10, 11, 12, 19, 21, 24, 26, 27, 28, 30, 33, 37, 45, 46, 47, 50, 52, 53, 55, 60, 61, 66, 77, 80, 82, 87, 88, 92, 102, 104, 105, 117, 118, 121, 122, 123]
	⭕  Walk to 33 (2.8 min) 
> 33 (22:26)
Rent:    [6, 17, 43, 54, 57, 63, 69, 72, 76, 94, 95, 98, 99, 106, 107, 114, 115]
Return:  [0, 4, 5, 8, 10, 11, 12, 19, 21, 24, 26, 27, 28, 30, 33, 37, 45, 46, 47, 50, 52, 53, 55, 60, 61, 66, 77, 80, 82, 87, 88, 92, 102, 104, 105, 117, 118, 121, 122, 123]
	⭕  Bike to 5 (0.9 min) +1
> 5 (22:27)
Rent:    [6, 17, 43, 54, 57, 63, 69, 72, 76, 94, 95, 98, 99, 106, 107, 114, 115]
Return:  [0, 4, 5, 8, 10, 11, 12, 19, 21, 24, 26, 27, 28, 30, 33, 37, 45, 46, 47, 50, 52, 53, 55, 60, 61, 66, 77, 80, 82, 87, 88, 92, 102, 104, 105, 117, 118, 121, 122, 123]
	⭕  Walk to 103 (4.2 min) 
> 103 (22:31)
Rent:    [2, 6, 17, 43, 54, 57, 69, 72, 76, 94, 95, 98, 99, 107, 114, 115]
Return:  [0, 4, 5, 8, 10, 11, 19, 21, 24, 26, 28, 30, 34, 37, 45, 46, 47, 50, 53, 55, 60, 64, 66, 71, 77, 80, 82, 87, 88, 92, 102, 105, 117, 118, 121, 123, 124]
	⭕  Bike to 4 (2.3 min) +1
> 4 (22:34)
Rent:    [2, 6, 17, 43, 54, 57, 69, 72, 76, 94, 95, 98, 99, 107, 114, 115]
Return:  [0, 4, 5, 8, 10, 11, 19, 21, 24, 26, 28, 30, 34, 37, 45, 46, 47, 50, 53, 55, 60, 64, 66, 71, 77, 80, 82, 87, 88, 92, 102, 105, 117, 118, 121, 123, 124]
	⭕  Walk to 56 (5.6 min) 
> 56 (22:39)
Rent:    [2, 6, 17, 43, 54, 57, 69, 72, 76, 94, 95, 98, 99, 107, 114, 115]
Return:  [0, 4, 5, 8, 10, 11, 19, 21, 24, 26, 28, 30, 34, 37, 45, 46, 47, 50, 53, 55, 60, 64, 66, 71, 77, 80, 82, 87, 88, 92, 102, 105, 117, 118, 121, 123, 124]
	⭕  Bike to 0 (1.5 min) +1
> 0 (22:41)
Rent:    [2, 6, 17, 43, 54, 57, 69, 72, 76, 94, 95, 98, 99, 107, 114, 115]
Return:  [0, 4, 5, 8, 10, 11, 19, 21, 24, 26, 28, 30, 34, 37, 45, 46, 47, 50, 53, 55, 60, 64, 66, 71, 77, 80, 82, 87, 88, 92, 102, 105, 117, 118, 121, 123, 124]
	⭕  Walk to 56 (3.1 min) 
> 56 (22:44)
Rent:    [2, 6, 17, 43, 54, 57, 69, 72, 76, 94, 95, 98, 99, 107, 114, 115]
Return:  [0, 4, 5, 8, 10, 11, 19, 21, 24, 26, 28, 30, 34, 37, 45, 46, 47, 50, 53, 55, 60, 64, 66, 71, 77, 80, 82, 87, 88, 92, 102, 105, 117, 118, 121, 123, 124]
	⭕  Bike to 0 (1.5 min) +1
> 0 (22:45)
Rent:    [2, 6, 17, 43, 54, 57, 72, 76, 94, 95, 98, 99, 107, 114, 115]
Return:  [0, 5, 8, 10, 12, 19, 21, 24, 27, 28, 30, 33, 37, 45, 46, 47, 50, 53, 55, 60, 61, 64, 66, 77, 80, 82, 87, 88, 92, 93, 102, 104, 105, 117, 121, 123, 124]
	⭕  Walk to 56 (3.1 min) 
> 56 (22:48)
Rent:    [2, 6, 17, 43, 54, 57, 72, 76, 94, 95, 98, 99, 107, 114, 115]
Return:  [0, 5, 8, 10, 12, 19, 21, 24, 27, 28, 30, 33, 37, 45, 46, 47, 50, 53, 55, 60, 61, 64, 66, 77, 80, 82, 87, 88, 92, 93, 102, 104, 105, 117, 121, 123, 124]
	⭕  Bike to 0 (1.5 min) +1
> 0 (22:50)
Rent:    [2, 6, 17, 43, 54, 57, 72, 76, 94, 95, 98, 99, 107, 114, 115]
Return:  [0, 5, 8, 10, 12, 19, 21, 24, 27, 28, 30, 33, 37, 45, 46, 47, 50, 53, 55, 60, 61, 64, 66, 77, 80, 82, 87, 88, 92, 93, 102, 104, 105, 117, 121, 123, 124]
	⭕  Walk to 20 (3.2 min) 
> 20 (22:53)
Rent:    [2, 6, 17, 43, 54, 57, 72, 76, 94, 95, 98, 99, 107, 114, 115]
Return:  [0, 5, 8, 10, 12, 19, 21, 24, 27, 28, 30, 33, 37, 45, 46, 47, 50, 53, 55, 60, 61, 64, 66, 77, 80, 82, 87, 88, 92, 93, 102, 104, 105, 117, 121, 123, 124]
	⭕  Bike to 33 (1.8 min) +1
> 33 (22:55)
Rent:    [2, 6, 17, 43, 54, 57, 72, 76, 94, 95, 98, 99, 107, 114, 115]
Return:  [0, 5, 8, 10, 12, 19, 21, 24, 27, 28, 30, 33, 37, 45, 46, 47, 50, 53, 55, 60, 61, 64, 66, 77, 80, 82, 87, 88, 92, 93, 102, 104, 105, 117, 121, 123, 124]
	🔵  End excursion
	⭕  Walk to 5 (3.0 min) 
> 5 (22:58)

---------- Excursion Complete ----------
End time: 22:58
Final station: 5
Bike count: 85
Walk count: 85
Wait count: 0
Total reward: 85
Seed: 1918159889

