Generated random seed: 2669419524
---------- Starting Excursion -----------
Warmup time: 4.0 hours
Start time: 16:00 
Excursion time: 7.0 hours

> 1 (16:00)
Rent:    [2, 57, 81, 103, 107]
Return:  [0, 3, 10, 12, 24, 28, 33, 37, 39, 55, 60, 61, 66, 80, 87, 93]
	⭕  Bike to 87 (3.9 min) +1
> 87 (16:03)
Rent:    [2, 57, 81, 103, 107]
Return:  [0, 3, 10, 12, 24, 28, 33, 37, 39, 55, 60, 61, 66, 80, 87, 93]
	⭕  Walk to 53 (1.6 min) 
> 53 (16:05)
Rent:    [2, 57, 81, 103, 107]
Return:  [0, 3, 10, 12, 24, 28, 33, 37, 39, 55, 60, 61, 66, 80, 87, 93]
	⭕  Bike to 87 (0.9 min) +1
> 87 (16:06)
Rent:    [2, 57, 81, 103, 107]
Return:  [0, 3, 10, 12, 24, 28, 33, 37, 39, 55, 60, 61, 66, 80, 87, 93]
	⭕  Walk to 53 (1.6 min) 
> 53 (16:07)
Rent:    [2, 57, 81, 103, 107]
Return:  [0, 3, 10, 12, 24, 28, 33, 37, 39, 55, 60, 61, 66, 80, 87, 93]
	⭕  Bike to 87 (0.9 min) +1
> 87 (16:08)
Rent:    [2, 57, 81, 103, 107]
Return:  [0, 3, 10, 12, 24, 28, 33, 37, 39, 55, 60, 61, 66, 80, 87, 93]
	⭕  Walk to 53 (1.6 min) 
> 53 (16:10)
Rent:    [2, 57, 81, 103, 107]
Return:  [0, 3, 10, 12, 24, 28, 33, 37, 39, 55, 60, 61, 66, 80, 87, 93]
	⭕  Bike to 87 (0.9 min) +1
> 87 (16:11)
Rent:    [2, 57, 81, 103, 107]
Return:  [0, 3, 10, 12, 24, 28, 33, 37, 39, 55, 60, 61, 66, 80, 87, 93]
	⭕  Walk to 53 (1.6 min) 
> 53 (16:12)
Rent:    [2, 57, 81, 103, 107]
Return:  [0, 3, 10, 12, 24, 28, 33, 37, 39, 55, 60, 61, 66, 80, 87, 93]
	⭕  Bike to 87 (0.9 min) +1
> 87 (16:13)
Rent:    [2, 57, 81, 103, 107]
Return:  [0, 3, 10, 12, 24, 28, 33, 37, 39, 55, 60, 61, 66, 80, 87, 93]
	⭕  Walk to 53 (1.6 min) 
> 53 (16:15)
Rent:    [2, 57, 81, 99, 107]
Return:  [0, 10, 12, 21, 24, 28, 33, 37, 39, 60, 61, 66, 80, 87, 93]
	⭕  Bike to 87 (0.9 min) +1
> 87 (16:16)
Rent:    [2, 57, 81, 99, 107]
Return:  [0, 10, 12, 21, 24, 28, 33, 37, 39, 60, 61, 66, 80, 87, 93]
	⭕  Walk to 53 (1.6 min) 
> 53 (16:18)
Rent:    [2, 57, 81, 99, 107]
Return:  [0, 10, 12, 21, 24, 28, 33, 37, 39, 60, 61, 66, 80, 87, 93]
	⭕  Bike to 87 (0.9 min) +1
> 87 (16:18)
Rent:    [2, 57, 81, 99, 107]
Return:  [0, 10, 12, 21, 24, 28, 33, 37, 39, 60, 61, 66, 80, 87, 93]
	⭕  Walk to 53 (1.6 min) 
> 53 (16:20)
Rent:    [2, 57, 81, 99, 107]
Return:  [0, 10, 12, 21, 24, 28, 33, 37, 39, 60, 61, 66, 80, 87, 93]
	⭕  Bike to 87 (0.9 min) +1
> 87 (16:21)
Rent:    [2, 57, 81, 99, 107]
Return:  [0, 10, 12, 21, 24, 28, 33, 37, 39, 60, 61, 66, 80, 87, 93]
	⭕  Walk to 53 (1.6 min) 
> 53 (16:23)
Rent:    [2, 57, 81, 99, 107]
Return:  [0, 10, 12, 21, 24, 28, 33, 37, 39, 60, 61, 66, 80, 87, 93]
	⭕  Bike to 87 (0.9 min) +1
> 87 (16:23)
Rent:    [2, 57, 81, 99, 107]
Return:  [0, 10, 12, 21, 24, 28, 33, 37, 39, 60, 61, 66, 80, 87, 93]
	⭕  Walk to 53 (1.6 min) 
> 53 (16:25)
Rent:    [2, 57, 81, 99, 107]
Return:  [0, 10, 12, 21, 24, 28, 33, 37, 39, 60, 61, 66, 80, 87, 93]
	⭕  Bike to 87 (0.9 min) +1
> 87 (16:26)
Rent:    [2, 57, 81, 99, 107]
Return:  [0, 10, 12, 21, 24, 28, 33, 37, 39, 60, 61, 66, 80, 87, 93]
	⭕  Walk to 30 (2.6 min) 
> 30 (16:29)
Rent:    [2, 57, 81, 99, 107]
Return:  [0, 10, 12, 21, 24, 28, 33, 37, 39, 60, 61, 66, 80, 87, 93]
	⭕  Bike to 66 (2.2 min) +1
> 66 (16:31)
Rent:    [57, 81, 107]
Return:  [0, 3, 5, 10, 12, 21, 28, 33, 37, 39, 46, 60, 61, 66, 80, 82, 87, 93]
	⭕  Walk to 102 (1.7 min) 
> 102 (16:33)
Rent:    [57, 81, 107]
Return:  [0, 3, 5, 10, 12, 21, 28, 33, 37, 39, 46, 60, 61, 66, 80, 82, 87, 93]
	⭕  Bike to 66 (0.7 min) +1
> 66 (16:33)
Rent:    [57, 81, 107]
Return:  [0, 3, 5, 10, 12, 21, 28, 33, 37, 39, 46, 60, 61, 66, 80, 82, 87, 93]
	⭕  Walk to 102 (1.7 min) 
> 102 (16:35)
Rent:    [57, 81, 107]
Return:  [0, 3, 5, 10, 12, 21, 28, 33, 37, 39, 46, 60, 61, 66, 80, 82, 87, 93]
	⭕  Bike to 66 (0.7 min) +1
> 66 (16:36)
Rent:    [57, 81, 107]
Return:  [0, 3, 5, 10, 12, 21, 28, 33, 37, 39, 46, 60, 61, 66, 80, 82, 87, 93]
	⭕  Walk to 102 (1.7 min) 
> 102 (16:37)
Rent:    [57, 81, 107]
Return:  [0, 3, 5, 10, 12, 21, 28, 33, 37, 39, 46, 60, 61, 66, 80, 82, 87, 93]
	⭕  Bike to 66 (0.7 min) +1
> 66 (16:38)
Rent:    [57, 81, 107]
Return:  [0, 3, 5, 10, 12, 21, 28, 33, 37, 39, 46, 60, 61, 66, 80, 82, 87, 93]
	⭕  Walk to 102 (1.7 min) 
> 102 (16:40)
Rent:    [57, 81, 107]
Return:  [0, 3, 5, 10, 12, 21, 28, 33, 37, 39, 46, 60, 61, 66, 80, 82, 87, 93]
	⭕  Bike to 66 (0.7 min) +1
> 66 (16:41)
Rent:    [57, 81, 107]
Return:  [0, 3, 5, 10, 12, 21, 28, 33, 37, 39, 46, 60, 61, 66, 80, 82, 87, 93]
	⭕  Walk to 102 (1.7 min) 
> 102 (16:42)
Rent:    [57, 81, 107]
Return:  [0, 3, 5, 10, 12, 21, 28, 33, 37, 39, 46, 60, 61, 66, 80, 82, 87, 93]
	⭕  Bike to 66 (0.7 min) +1
> 66 (16:43)
Rent:    [57, 81, 107]
Return:  [0, 3, 5, 10, 12, 21, 28, 33, 37, 39, 46, 60, 61, 66, 80, 82, 87, 93]
	⭕  Walk to 102 (1.7 min) 
> 102 (16:45)
Rent:    [2, 6, 57, 81, 99, 103, 107]
Return:  [0, 3, 5, 10, 12, 21, 28, 37, 39, 46, 60, 61, 66, 80, 87, 92, 93]
	⭕  Bike to 66 (0.7 min) +1
> 66 (16:45)
Rent:    [2, 6, 57, 81, 99, 103, 107]
Return:  [0, 3, 5, 10, 12, 21, 28, 37, 39, 46, 60, 61, 66, 80, 87, 92, 93]
	⭕  Walk to 52 (2.4 min) 
> 52 (16:48)
Rent:    [2, 6, 57, 81, 99, 103, 107]
Return:  [0, 3, 5, 10, 12, 21, 28, 37, 39, 46, 60, 61, 66, 80, 87, 92, 93]
	⭕  Bike to 87 (3.0 min) +1
> 87 (16:51)
Rent:    [2, 6, 57, 81, 99, 103, 107]
Return:  [0, 3, 5, 10, 12, 21, 28, 37, 39, 46, 60, 61, 66, 80, 87, 92, 93]
	⭕  Walk to 30 (2.6 min) 
> 30 (16:53)
Rent:    [2, 6, 57, 81, 99, 103, 107]
Return:  [0, 3, 5, 10, 12, 21, 28, 37, 39, 46, 60, 61, 66, 80, 87, 92, 93]
	⭕  Bike to 87 (1.0 min) +1
> 87 (16:54)
Rent:    [2, 6, 57, 81, 99, 103, 107]
Return:  [0, 3, 5, 10, 12, 21, 28, 37, 39, 46, 60, 61, 66, 80, 87, 92, 93]
	⭕  Walk to 30 (2.6 min) 
> 30 (16:57)
Rent:    [2, 6, 57, 81, 99, 103, 107]
Return:  [0, 3, 5, 10, 12, 21, 28, 37, 39, 46, 60, 61, 66, 80, 87, 92, 93]
	⭕  Bike to 66 (2.2 min) +1
> 66 (16:59)
Rent:    [2, 6, 57, 81, 99, 103, 107]
Return:  [0, 3, 5, 10, 12, 21, 28, 37, 39, 46, 60, 61, 66, 80, 87, 92, 93]
	⭕  Walk to 102 (1.7 min) 
> 102 (17:01)
Rent:    [2, 6, 81, 99, 106, 107]
Return:  [0, 3, 5, 10, 12, 28, 33, 37, 39, 46, 50, 52, 55, 60, 61, 64, 66, 80, 82, 87, 92, 93]
	⭕  Bike to 66 (0.7 min) +1
> 66 (17:02)
Rent:    [2, 6, 81, 99, 106, 107]
Return:  [0, 3, 5, 10, 12, 28, 33, 37, 39, 46, 50, 52, 55, 60, 61, 64, 66, 80, 82, 87, 92, 93]
	⭕  Walk to 102 (1.7 min) 
> 102 (17:03)
Rent:    [2, 6, 81, 99, 106, 107]
Return:  [0, 3, 5, 10, 12, 28, 33, 37, 39, 46, 50, 52, 55, 60, 61, 64, 66, 80, 82, 87, 92, 93]
	⭕  Bike to 66 (0.7 min) +1
> 66 (17:04)
Rent:    [2, 6, 81, 99, 106, 107]
Return:  [0, 3, 5, 10, 12, 28, 33, 37, 39, 46, 50, 52, 55, 60, 61, 64, 66, 80, 82, 87, 92, 93]
	⭕  Walk to 77 (3.3 min) 
> 77 (17:07)
Rent:    [2, 6, 81, 99, 106, 107]
Return:  [0, 3, 5, 10, 12, 28, 33, 37, 39, 46, 50, 52, 55, 60, 61, 64, 66, 80, 82, 87, 92, 93]
	⭕  Bike to 66 (1.2 min) +1
> 66 (17:09)
Rent:    [2, 6, 81, 99, 106, 107]
Return:  [0, 3, 5, 10, 12, 28, 33, 37, 39, 46, 50, 52, 55, 60, 61, 64, 66, 80, 82, 87, 92, 93]
	⭕  Walk to 77 (3.3 min) 
> 77 (17:12)
Rent:    [2, 6, 81, 99, 106, 107]
Return:  [0, 3, 5, 10, 12, 28, 33, 37, 39, 46, 50, 52, 55, 60, 61, 64, 66, 80, 82, 87, 92, 93]
	⭕  Bike to 66 (1.2 min) +1
> 66 (17:13)
Rent:    [2, 6, 81, 99, 106, 107]
Return:  [0, 3, 5, 10, 12, 28, 33, 37, 39, 46, 50, 52, 55, 60, 61, 64, 66, 80, 82, 87, 92, 93]
	⭕  Walk to 102 (1.7 min) 
> 102 (17:15)
Rent:    [2, 6, 57, 72, 81, 106, 107, 115, 119]
Return:  [3, 5, 10, 28, 30, 33, 37, 39, 46, 50, 53, 55, 60, 61, 64, 66, 80, 82, 87, 93]
	⭕  Bike to 66 (0.7 min) +1
> 66 (17:16)
Rent:    [2, 6, 57, 72, 81, 106, 107, 115, 119]
Return:  [3, 5, 10, 28, 30, 33, 37, 39, 46, 50, 53, 55, 60, 61, 64, 66, 80, 82, 87, 93]
	⭕  Walk to 52 (2.4 min) 
> 52 (17:18)
Rent:    [2, 6, 57, 72, 81, 106, 107, 115, 119]
Return:  [3, 5, 10, 28, 30, 33, 37, 39, 46, 50, 53, 55, 60, 61, 64, 66, 80, 82, 87, 93]
	⭕  Bike to 66 (1.1 min) +1
> 66 (17:19)
Rent:    [2, 6, 57, 72, 81, 106, 107, 115, 119]
Return:  [3, 5, 10, 28, 30, 33, 37, 39, 46, 50, 53, 55, 60, 61, 64, 66, 80, 82, 87, 93]
	⭕  Walk to 77 (3.3 min) 
> 77 (17:22)
Rent:    [2, 6, 57, 72, 81, 106, 107, 115, 119]
Return:  [3, 5, 10, 28, 30, 33, 37, 39, 46, 50, 53, 55, 60, 61, 64, 66, 80, 82, 87, 93]
	⭕  Bike to 66 (1.2 min) +1
> 66 (17:24)
Rent:    [2, 6, 57, 72, 81, 106, 107, 115, 119]
Return:  [3, 5, 10, 28, 30, 33, 37, 39, 46, 50, 53, 55, 60, 61, 64, 66, 80, 82, 87, 93]
	⭕  Walk to 77 (3.3 min) 
> 77 (17:27)
Rent:    [2, 6, 57, 72, 81, 106, 107, 115, 119]
Return:  [3, 5, 10, 28, 30, 33, 37, 39, 46, 50, 53, 55, 60, 61, 64, 66, 80, 82, 87, 93]
	⭕  Bike to 66 (1.2 min) +1
> 66 (17:28)
Rent:    [2, 6, 57, 72, 81, 106, 107, 115, 119]
Return:  [3, 5, 10, 28, 30, 33, 37, 39, 46, 50, 53, 55, 60, 61, 64, 66, 80, 82, 87, 93]
	⭕  Walk to 77 (3.3 min) 
> 77 (17:31)
Rent:    [2, 6, 57, 72, 81, 99, 106, 107, 115, 119]
Return:  [5, 12, 28, 30, 33, 37, 39, 46, 50, 52, 53, 55, 60, 61, 66, 80, 82, 87, 92, 93, 102, 124]
	⭕  Bike to 66 (1.2 min) +1
> 66 (17:33)
Rent:    [2, 6, 57, 72, 81, 99, 106, 107, 115, 119]
Return:  [5, 12, 28, 30, 33, 37, 39, 46, 50, 52, 53, 55, 60, 61, 66, 80, 82, 87, 92, 93, 102, 124]
	⭕  Walk to 77 (3.3 min) 
> 77 (17:36)
Rent:    [2, 6, 57, 72, 81, 99, 106, 107, 115, 119]
Return:  [5, 12, 28, 30, 33, 37, 39, 46, 50, 52, 53, 55, 60, 61, 66, 80, 82, 87, 92, 93, 102, 124]
	⭕  Bike to 66 (1.2 min) +1
> 66 (17:37)
Rent:    [2, 6, 57, 72, 81, 99, 106, 107, 115, 119]
Return:  [5, 12, 28, 30, 33, 37, 39, 46, 50, 52, 53, 55, 60, 61, 66, 80, 82, 87, 92, 93, 102, 124]
	⭕  Walk to 77 (3.3 min) 
> 77 (17:40)
Rent:    [2, 6, 57, 72, 81, 99, 106, 107, 115, 119]
Return:  [5, 12, 28, 30, 33, 37, 39, 46, 50, 52, 53, 55, 60, 61, 66, 80, 82, 87, 92, 93, 102, 124]
	⭕  Bike to 66 (1.2 min) +1
> 66 (17:42)
Rent:    [2, 6, 57, 72, 81, 99, 106, 107, 115, 119]
Return:  [5, 12, 28, 30, 33, 37, 39, 46, 50, 52, 53, 55, 60, 61, 66, 80, 82, 87, 92, 93, 102, 124]
	⭕  Walk to 77 (3.3 min) 
> 77 (17:45)
Rent:    [2, 6, 57, 72, 81, 99, 106, 107, 115, 119]
Return:  [5, 12, 28, 30, 33, 37, 39, 46, 50, 52, 53, 55, 60, 61, 66, 80, 82, 87, 92, 93, 102, 124]
	⭕  Bike to 66 (1.2 min) +1
> 66 (17:46)
Rent:    [2, 6, 57, 72, 81, 99, 106, 107, 115, 119]
Return:  [5, 12, 28, 30, 33, 37, 39, 46, 50, 52, 53, 55, 60, 61, 66, 80, 82, 87, 92, 93, 102, 124]
	⭕  Walk to 77 (3.3 min) 
> 77 (17:49)
Rent:    [2, 6, 57, 72, 81, 99, 106, 107, 115, 119]
Return:  [5, 12, 28, 30, 33, 37, 39, 46, 50, 52, 53, 55, 60, 61, 66, 80, 82, 87, 92, 93, 102, 124]
	⭕  Bike to 66 (1.2 min) +1
> 66 (17:51)
Rent:    [2, 6, 57, 72, 81, 99, 106, 107, 115, 119]
Return:  [5, 12, 28, 30, 33, 37, 39, 46, 50, 52, 53, 55, 60, 61, 66, 80, 82, 87, 92, 93, 102, 124]
	⭕  Walk to 77 (3.3 min) 
> 77 (17:54)
Rent:    [2, 6, 57, 72, 81, 99, 106, 107, 115, 119]
Return:  [5, 12, 28, 30, 33, 37, 39, 46, 50, 52, 53, 55, 60, 61, 66, 80, 82, 87, 92, 93, 102, 124]
	⭕  Bike to 66 (1.2 min) +1
> 66 (17:55)
Rent:    [2, 6, 57, 72, 81, 99, 106, 107, 115, 119]
Return:  [5, 12, 28, 30, 33, 37, 39, 46, 50, 52, 53, 55, 60, 61, 66, 80, 82, 87, 92, 93, 102, 124]
	⭕  Walk to 77 (3.3 min) 
> 77 (17:58)
Rent:    [2, 6, 57, 72, 81, 99, 106, 107, 115, 119]
Return:  [5, 12, 28, 30, 33, 37, 39, 46, 50, 52, 53, 55, 60, 61, 66, 80, 82, 87, 92, 93, 102, 124]
	⭕  Bike to 66 (1.2 min) +1
> 66 (18:00)
Rent:    [2, 57, 72, 81, 99, 106, 107, 115]
Return:  [3, 5, 11, 12, 28, 30, 33, 37, 39, 46, 50, 52, 53, 55, 56, 60, 61, 64, 66, 80, 82, 87, 92, 102, 124]
	⭕  Walk to 77 (3.3 min) 
> 77 (18:03)
Rent:    [2, 57, 72, 81, 99, 106, 107, 115]
Return:  [3, 5, 11, 12, 28, 30, 33, 37, 39, 46, 50, 52, 53, 55, 56, 60, 61, 64, 66, 80, 82, 87, 92, 102, 124]
	⭕  Bike to 66 (1.2 min) +1
> 66 (18:04)
Rent:    [2, 57, 72, 81, 99, 106, 107, 115]
Return:  [3, 5, 11, 12, 28, 30, 33, 37, 39, 46, 50, 52, 53, 55, 56, 60, 61, 64, 66, 80, 82, 87, 92, 102, 124]
	⭕  Walk to 77 (3.3 min) 
> 77 (18:07)
Rent:    [2, 57, 72, 81, 99, 106, 107, 115]
Return:  [3, 5, 11, 12, 28, 30, 33, 37, 39, 46, 50, 52, 53, 55, 56, 60, 61, 64, 66, 80, 82, 87, 92, 102, 124]
	⭕  Bike to 66 (1.2 min) +1
> 66 (18:09)
Rent:    [2, 57, 72, 81, 99, 106, 107, 115]
Return:  [3, 5, 11, 12, 28, 30, 33, 37, 39, 46, 50, 52, 53, 55, 56, 60, 61, 64, 66, 80, 82, 87, 92, 102, 124]
	⭕  Walk to 117 (5.4 min) 
> 117 (18:14)
Rent:    [2, 57, 72, 81, 99, 106, 107, 115]
Return:  [3, 5, 11, 12, 28, 30, 33, 37, 39, 46, 50, 52, 53, 55, 56, 60, 61, 64, 66, 80, 82, 87, 92, 102, 124]
	⭕  Bike to 28 (0.8 min) +1
> 28 (18:15)
Rent:    [2, 6, 44, 48, 57, 72, 99, 106, 107, 111]
Return:  [3, 11, 12, 28, 30, 33, 35, 37, 39, 46, 50, 52, 53, 55, 56, 60, 61, 66, 80, 82, 87, 92, 102, 124]
	⭕  Walk to 27 (4.1 min) 
> 27 (18:19)
Rent:    [2, 6, 44, 48, 57, 72, 99, 106, 107, 111]
Return:  [3, 11, 12, 28, 30, 33, 35, 37, 39, 46, 50, 52, 53, 55, 56, 60, 61, 66, 80, 82, 87, 92, 102, 124]
	⭕  Bike to 28 (1.4 min) +1
> 28 (18:20)
Rent:    [2, 6, 44, 48, 57, 72, 99, 106, 107, 111]
Return:  [3, 11, 12, 28, 30, 33, 35, 37, 39, 46, 50, 52, 53, 55, 56, 60, 61, 66, 80, 82, 87, 92, 102, 124]
	⭕  Walk to 27 (4.1 min) 
> 27 (18:24)
Rent:    [2, 6, 44, 48, 57, 72, 99, 106, 107, 111]
Return:  [3, 11, 12, 28, 30, 33, 35, 37, 39, 46, 50, 52, 53, 55, 56, 60, 61, 66, 80, 82, 87, 92, 102, 124]
	⭕  Bike to 28 (1.4 min) +1
> 28 (18:26)
Rent:    [2, 6, 44, 48, 57, 72, 99, 106, 107, 111]
Return:  [3, 11, 12, 28, 30, 33, 35, 37, 39, 46, 50, 52, 53, 55, 56, 60, 61, 66, 80, 82, 87, 92, 102, 124]
	⭕  Walk to 27 (4.1 min) 
> 27 (18:30)
Rent:    [2, 6, 44, 57, 72, 81, 98, 99, 106, 107, 108, 111, 115]
Return:  [3, 12, 28, 30, 33, 35, 37, 39, 46, 50, 52, 53, 55, 56, 60, 61, 64, 66, 77, 80, 82, 87, 88, 92, 102, 124]
	⭕  Bike to 28 (1.4 min) +1
> 28 (18:31)
Rent:    [2, 6, 44, 57, 72, 81, 98, 99, 106, 107, 108, 111, 115]
Return:  [3, 12, 28, 30, 33, 35, 37, 39, 46, 50, 52, 53, 55, 56, 60, 61, 64, 66, 77, 80, 82, 87, 88, 92, 102, 124]
	⭕  Walk to 27 (4.1 min) 
> 27 (18:35)
Rent:    [2, 6, 44, 57, 72, 81, 98, 99, 106, 107, 108, 111, 115]
Return:  [3, 12, 28, 30, 33, 35, 37, 39, 46, 50, 52, 53, 55, 56, 60, 61, 64, 66, 77, 80, 82, 87, 88, 92, 102, 124]
	⭕  Bike to 28 (1.4 min) +1
> 28 (18:37)
Rent:    [2, 6, 44, 57, 72, 81, 98, 99, 106, 107, 108, 111, 115]
Return:  [3, 12, 28, 30, 33, 35, 37, 39, 46, 50, 52, 53, 55, 56, 60, 61, 64, 66, 77, 80, 82, 87, 88, 92, 102, 124]
	⭕  Walk to 105 (4.2 min) 
> 105 (18:41)
Rent:    [2, 6, 44, 57, 72, 81, 98, 99, 106, 107, 108, 111, 115]
Return:  [3, 12, 28, 30, 33, 35, 37, 39, 46, 50, 52, 53, 55, 56, 60, 61, 64, 66, 77, 80, 82, 87, 88, 92, 102, 124]
	⭕  Bike to 28 (1.3 min) +1
> 28 (18:42)
Rent:    [2, 6, 44, 57, 72, 81, 98, 99, 106, 107, 108, 111, 115]
Return:  [3, 12, 28, 30, 33, 35, 37, 39, 46, 50, 52, 53, 55, 56, 60, 61, 64, 66, 77, 80, 82, 87, 88, 92, 102, 124]
	⭕  Walk to 105 (4.2 min) 
> 105 (18:46)
Rent:    [2, 44, 57, 72, 81, 98, 99, 106, 107, 108, 111, 115]
Return:  [3, 12, 19, 28, 30, 33, 35, 37, 39, 46, 50, 53, 55, 56, 60, 61, 66, 77, 80, 82, 87, 88, 92, 102, 124]
	⭕  Bike to 102 (2.6 min) +1
> 102 (18:49)
Rent:    [2, 44, 57, 72, 81, 98, 99, 106, 107, 108, 111, 115]
Return:  [3, 12, 19, 28, 30, 33, 35, 37, 39, 46, 50, 53, 55, 56, 60, 61, 66, 77, 80, 82, 87, 88, 92, 102, 124]
	⭕  Walk to 52 (4.0 min) 
> 52 (18:53)
Rent:    [2, 44, 57, 72, 81, 98, 99, 106, 107, 108, 111, 115]
Return:  [3, 12, 19, 28, 30, 33, 35, 37, 39, 46, 50, 53, 55, 56, 60, 61, 66, 77, 80, 82, 87, 88, 92, 102, 124]
	⭕  Bike to 66 (1.1 min) +1
> 66 (18:54)
Rent:    [2, 44, 57, 72, 81, 98, 99, 106, 107, 108, 111, 115]
Return:  [3, 12, 19, 28, 30, 33, 35, 37, 39, 46, 50, 53, 55, 56, 60, 61, 66, 77, 80, 82, 87, 88, 92, 102, 124]
	⭕  Walk to 52 (2.4 min) 
> 52 (18:56)
Rent:    [2, 44, 57, 72, 81, 98, 99, 106, 107, 108, 111, 115]
Return:  [3, 12, 19, 28, 30, 33, 35, 37, 39, 46, 50, 53, 55, 56, 60, 61, 66, 77, 80, 82, 87, 88, 92, 102, 124]
	⭕  Bike to 66 (1.1 min) +1
> 66 (18:57)
Rent:    [2, 44, 57, 72, 81, 98, 99, 106, 107, 108, 111, 115]
Return:  [3, 12, 19, 28, 30, 33, 35, 37, 39, 46, 50, 53, 55, 56, 60, 61, 66, 77, 80, 82, 87, 88, 92, 102, 124]
	⭕  Walk to 52 (2.4 min) 
> 52 (19:00)
Rent:    [2, 6, 44, 48, 57, 72, 81, 98, 99, 106, 107, 108, 111, 115]
Return:  [3, 12, 19, 24, 27, 28, 30, 37, 39, 46, 50, 53, 55, 56, 60, 66, 77, 80, 82, 87, 88, 92, 93, 121]
	⭕  Bike to 66 (1.1 min) +1
> 66 (19:01)
Rent:    [2, 6, 44, 48, 57, 72, 81, 98, 99, 106, 107, 108, 111, 115]
Return:  [3, 12, 19, 24, 27, 28, 30, 37, 39, 46, 50, 53, 55, 56, 60, 66, 77, 80, 82, 87, 88, 92, 93, 121]
	⭕  Walk to 52 (2.4 min) 
> 52 (19:03)
Rent:    [2, 6, 44, 48, 57, 72, 81, 98, 99, 106, 107, 108, 111, 115]
Return:  [3, 12, 19, 24, 27, 28, 30, 37, 39, 46, 50, 53, 55, 56, 60, 66, 77, 80, 82, 87, 88, 92, 93, 121]
	⭕  Bike to 66 (1.1 min) +1
> 66 (19:04)
Rent:    [2, 6, 44, 48, 57, 72, 81, 98, 99, 106, 107, 108, 111, 115]
Return:  [3, 12, 19, 24, 27, 28, 30, 37, 39, 46, 50, 53, 55, 56, 60, 66, 77, 80, 82, 87, 88, 92, 93, 121]
	⭕  Walk to 105 (7.0 min) 
> 105 (19:11)
Rent:    [2, 6, 44, 48, 57, 72, 81, 98, 99, 106, 107, 108, 111, 115]
Return:  [3, 12, 19, 24, 27, 28, 30, 37, 39, 46, 50, 53, 55, 56, 60, 66, 77, 80, 82, 87, 88, 92, 93, 121]
	⭕  Bike to 27 (1.3 min) +1
> 27 (19:13)
Rent:    [2, 6, 44, 48, 57, 72, 81, 98, 99, 106, 107, 108, 111, 115]
Return:  [3, 12, 19, 24, 27, 28, 30, 37, 39, 46, 50, 53, 55, 56, 60, 66, 77, 80, 82, 87, 88, 92, 93, 121]
	⭕  Walk to 105 (2.7 min) 
> 105 (19:15)
Rent:    [2, 6, 44, 54, 57, 72, 81, 98, 103, 106, 107, 108, 111, 115]
Return:  [3, 10, 11, 12, 19, 21, 24, 27, 28, 30, 35, 37, 39, 46, 50, 53, 55, 56, 60, 61, 66, 80, 82, 87, 88, 92, 102, 104, 121]
	⭕  Bike to 27 (1.3 min) +1
> 27 (19:17)
Rent:    [2, 6, 44, 54, 57, 72, 81, 98, 103, 106, 107, 108, 111, 115]
Return:  [3, 10, 11, 12, 19, 21, 24, 27, 28, 30, 35, 37, 39, 46, 50, 53, 55, 56, 60, 61, 66, 80, 82, 87, 88, 92, 102, 104, 121]
	⭕  Walk to 105 (2.7 min) 
> 105 (19:19)
Rent:    [2, 6, 44, 54, 57, 72, 81, 98, 103, 106, 107, 108, 111, 115]
Return:  [3, 10, 11, 12, 19, 21, 24, 27, 28, 30, 35, 37, 39, 46, 50, 53, 55, 56, 60, 61, 66, 80, 82, 87, 88, 92, 102, 104, 121]
	⭕  Bike to 27 (1.3 min) +1
> 27 (19:21)
Rent:    [2, 6, 44, 54, 57, 72, 81, 98, 103, 106, 107, 108, 111, 115]
Return:  [3, 10, 11, 12, 19, 21, 24, 27, 28, 30, 35, 37, 39, 46, 50, 53, 55, 56, 60, 61, 66, 80, 82, 87, 88, 92, 102, 104, 121]
	⭕  Walk to 105 (2.7 min) 
> 105 (19:23)
Rent:    [2, 6, 44, 54, 57, 72, 81, 98, 103, 106, 107, 108, 111, 115]
Return:  [3, 10, 11, 12, 19, 21, 24, 27, 28, 30, 35, 37, 39, 46, 50, 53, 55, 56, 60, 61, 66, 80, 82, 87, 88, 92, 102, 104, 121]
	⭕  Bike to 27 (1.3 min) +1
> 27 (19:25)
Rent:    [2, 6, 44, 54, 57, 72, 81, 98, 103, 106, 107, 108, 111, 115]
Return:  [3, 10, 11, 12, 19, 21, 24, 27, 28, 30, 35, 37, 39, 46, 50, 53, 55, 56, 60, 61, 66, 80, 82, 87, 88, 92, 102, 104, 121]
	⭕  Walk to 105 (2.7 min) 
> 105 (19:27)
Rent:    [2, 6, 44, 54, 57, 72, 81, 98, 103, 106, 107, 108, 111, 115]
Return:  [3, 10, 11, 12, 19, 21, 24, 27, 28, 30, 35, 37, 39, 46, 50, 53, 55, 56, 60, 61, 66, 80, 82, 87, 88, 92, 102, 104, 121]
	⭕  Bike to 27 (1.3 min) +1
> 27 (19:29)
Rent:    [2, 6, 44, 54, 57, 72, 81, 98, 103, 106, 107, 108, 111, 115]
Return:  [3, 10, 11, 12, 19, 21, 24, 27, 28, 30, 35, 37, 39, 46, 50, 53, 55, 56, 60, 61, 66, 80, 82, 87, 88, 92, 102, 104, 121]
	⭕  Walk to 52 (6.8 min) 
> 52 (19:35)
Rent:    [6, 57, 72, 81, 98, 99, 106, 107, 108, 111, 115]
Return:  [3, 10, 12, 19, 21, 24, 27, 28, 30, 35, 37, 39, 46, 50, 53, 55, 56, 60, 61, 64, 66, 77, 80, 82, 87, 88, 92, 102, 104, 121]
	⭕  Bike to 66 (1.1 min) +1
> 66 (19:36)
Rent:    [6, 57, 72, 81, 98, 99, 106, 107, 108, 111, 115]
Return:  [3, 10, 12, 19, 21, 24, 27, 28, 30, 35, 37, 39, 46, 50, 53, 55, 56, 60, 61, 64, 66, 77, 80, 82, 87, 88, 92, 102, 104, 121]
	⭕  Walk to 52 (2.4 min) 
> 52 (19:39)
Rent:    [6, 57, 72, 81, 98, 99, 106, 107, 108, 111, 115]
Return:  [3, 10, 12, 19, 21, 24, 27, 28, 30, 35, 37, 39, 46, 50, 53, 55, 56, 60, 61, 64, 66, 77, 80, 82, 87, 88, 92, 102, 104, 121]
	⭕  Bike to 66 (1.1 min) +1
> 66 (19:40)
Rent:    [6, 57, 72, 81, 98, 99, 106, 107, 108, 111, 115]
Return:  [3, 10, 12, 19, 21, 24, 27, 28, 30, 35, 37, 39, 46, 50, 53, 55, 56, 60, 61, 64, 66, 77, 80, 82, 87, 88, 92, 102, 104, 121]
	⭕  Walk to 52 (2.4 min) 
> 52 (19:42)
Rent:    [6, 57, 72, 81, 98, 99, 106, 107, 108, 111, 115]
Return:  [3, 10, 12, 19, 21, 24, 27, 28, 30, 35, 37, 39, 46, 50, 53, 55, 56, 60, 61, 64, 66, 77, 80, 82, 87, 88, 92, 102, 104, 121]
	⭕  Bike to 66 (1.1 min) +1
> 66 (19:43)
Rent:    [6, 57, 72, 81, 98, 99, 106, 107, 108, 111, 115]
Return:  [3, 10, 12, 19, 21, 24, 27, 28, 30, 35, 37, 39, 46, 50, 53, 55, 56, 60, 61, 64, 66, 77, 80, 82, 87, 88, 92, 102, 104, 121]
	⭕  Walk to 52 (2.4 min) 
> 52 (19:46)
Rent:    [2, 6, 44, 57, 72, 98, 99, 103, 106, 107, 108, 111, 115]
Return:  [3, 11, 12, 19, 21, 24, 27, 28, 30, 33, 37, 39, 46, 50, 55, 56, 60, 61, 64, 66, 77, 80, 82, 87, 88, 92, 102, 104, 121]
	⭕  Bike to 66 (1.1 min) +1
> 66 (19:47)
Rent:    [2, 6, 44, 57, 72, 98, 99, 103, 106, 107, 108, 111, 115]
Return:  [3, 11, 12, 19, 21, 24, 27, 28, 30, 33, 37, 39, 46, 50, 55, 56, 60, 61, 64, 66, 77, 80, 82, 87, 88, 92, 102, 104, 121]
	⭕  Walk to 52 (2.4 min) 
> 52 (19:49)
Rent:    [2, 6, 44, 57, 72, 98, 99, 103, 106, 107, 108, 111, 115]
Return:  [3, 11, 12, 19, 21, 24, 27, 28, 30, 33, 37, 39, 46, 50, 55, 56, 60, 61, 64, 66, 77, 80, 82, 87, 88, 92, 102, 104, 121]
	⭕  Bike to 66 (1.1 min) +1
> 66 (19:50)
Rent:    [2, 6, 44, 57, 72, 98, 99, 103, 106, 107, 108, 111, 115]
Return:  [3, 11, 12, 19, 21, 24, 27, 28, 30, 33, 37, 39, 46, 50, 55, 56, 60, 61, 64, 66, 77, 80, 82, 87, 88, 92, 102, 104, 121]
	⭕  Walk to 47 (8.6 min) 
> 47 (19:59)
Rent:    [2, 6, 44, 57, 72, 98, 99, 103, 106, 107, 108, 111, 115]
Return:  [3, 11, 12, 19, 21, 24, 27, 28, 30, 33, 37, 39, 46, 50, 55, 56, 60, 61, 64, 66, 77, 80, 82, 87, 88, 92, 102, 104, 121]
	⭕  Bike to 87 (2.0 min) +1
> 87 (20:01)
Rent:    [2, 6, 44, 57, 72, 81, 98, 99, 106, 107, 108, 111, 115]
Return:  [3, 5, 7, 12, 19, 24, 27, 28, 30, 33, 37, 46, 50, 52, 53, 55, 56, 60, 61, 64, 66, 77, 80, 82, 87, 88, 92, 102, 117, 121]
	⭕  Walk to 47 (2.4 min) 
> 47 (20:03)
Rent:    [2, 6, 44, 57, 72, 81, 98, 99, 106, 107, 108, 111, 115]
Return:  [3, 5, 7, 12, 19, 24, 27, 28, 30, 33, 37, 46, 50, 52, 53, 55, 56, 60, 61, 64, 66, 77, 80, 82, 87, 88, 92, 102, 117, 121]
	⭕  Bike to 53 (1.2 min) +1
> 53 (20:05)
Rent:    [2, 6, 44, 57, 72, 81, 98, 99, 106, 107, 108, 111, 115]
Return:  [3, 5, 7, 12, 19, 24, 27, 28, 30, 33, 37, 46, 50, 52, 53, 55, 56, 60, 61, 64, 66, 77, 80, 82, 87, 88, 92, 102, 117, 121]
	⭕  Walk to 47 (2.7 min) 
> 47 (20:07)
Rent:    [2, 6, 44, 57, 72, 81, 98, 99, 106, 107, 108, 111, 115]
Return:  [3, 5, 7, 12, 19, 24, 27, 28, 30, 33, 37, 46, 50, 52, 53, 55, 56, 60, 61, 64, 66, 77, 80, 82, 87, 88, 92, 102, 117, 121]
	⭕  Bike to 53 (1.2 min) +1
> 53 (20:08)
Rent:    [2, 6, 44, 57, 72, 81, 98, 99, 106, 107, 108, 111, 115]
Return:  [3, 5, 7, 12, 19, 24, 27, 28, 30, 33, 37, 46, 50, 52, 53, 55, 56, 60, 61, 64, 66, 77, 80, 82, 87, 88, 92, 102, 117, 121]
	⭕  Walk to 47 (2.7 min) 
> 47 (20:11)
Rent:    [2, 6, 44, 57, 72, 81, 98, 99, 106, 107, 108, 111, 115]
Return:  [3, 5, 7, 12, 19, 24, 27, 28, 30, 33, 37, 46, 50, 52, 53, 55, 56, 60, 61, 64, 66, 77, 80, 82, 87, 88, 92, 102, 117, 121]
	⭕  Bike to 53 (1.2 min) +1
> 53 (20:12)
Rent:    [2, 6, 44, 57, 72, 81, 98, 99, 106, 107, 108, 111, 115]
Return:  [3, 5, 7, 12, 19, 24, 27, 28, 30, 33, 37, 46, 50, 52, 53, 55, 56, 60, 61, 64, 66, 77, 80, 82, 87, 88, 92, 102, 117, 121]
	⭕  Walk to 47 (2.7 min) 
> 47 (20:15)
Rent:    [2, 6, 54, 57, 72, 81, 98, 99, 106, 107, 111, 115]
Return:  [7, 12, 19, 24, 26, 27, 28, 30, 33, 35, 37, 46, 50, 52, 53, 55, 56, 60, 64, 66, 77, 80, 82, 87, 88, 92, 93, 102, 104, 117, 121, 124]
	⭕  Bike to 53 (1.2 min) +1
> 53 (20:16)
Rent:    [2, 6, 54, 57, 72, 81, 98, 99, 106, 107, 111, 115]
Return:  [7, 12, 19, 24, 26, 27, 28, 30, 33, 35, 37, 46, 50, 52, 53, 55, 56, 60, 64, 66, 77, 80, 82, 87, 88, 92, 93, 102, 104, 117, 121, 124]
	⭕  Walk to 47 (2.7 min) 
> 47 (20:19)
Rent:    [2, 6, 54, 57, 72, 81, 98, 99, 106, 107, 111, 115]
Return:  [7, 12, 19, 24, 26, 27, 28, 30, 33, 35, 37, 46, 50, 52, 53, 55, 56, 60, 64, 66, 77, 80, 82, 87, 88, 92, 93, 102, 104, 117, 121, 124]
	⭕  Bike to 53 (1.2 min) +1
> 53 (20:20)
Rent:    [2, 6, 54, 57, 72, 81, 98, 99, 106, 107, 111, 115]
Return:  [7, 12, 19, 24, 26, 27, 28, 30, 33, 35, 37, 46, 50, 52, 53, 55, 56, 60, 64, 66, 77, 80, 82, 87, 88, 92, 93, 102, 104, 117, 121, 124]
	⭕  Walk to 47 (2.7 min) 
> 47 (20:23)
Rent:    [2, 6, 54, 57, 72, 81, 98, 99, 106, 107, 111, 115]
Return:  [7, 12, 19, 24, 26, 27, 28, 30, 33, 35, 37, 46, 50, 52, 53, 55, 56, 60, 64, 66, 77, 80, 82, 87, 88, 92, 93, 102, 104, 117, 121, 124]
	⭕  Bike to 53 (1.2 min) +1
> 53 (20:24)
Rent:    [2, 6, 54, 57, 72, 81, 98, 99, 106, 107, 111, 115]
Return:  [7, 12, 19, 24, 26, 27, 28, 30, 33, 35, 37, 46, 50, 52, 53, 55, 56, 60, 64, 66, 77, 80, 82, 87, 88, 92, 93, 102, 104, 117, 121, 124]
	⭕  Walk to 47 (2.7 min) 
> 47 (20:27)
Rent:    [2, 6, 54, 57, 72, 81, 98, 99, 106, 107, 111, 115]
Return:  [7, 12, 19, 24, 26, 27, 28, 30, 33, 35, 37, 46, 50, 52, 53, 55, 56, 60, 64, 66, 77, 80, 82, 87, 88, 92, 93, 102, 104, 117, 121, 124]
	⭕  Bike to 53 (1.2 min) +1
> 53 (20:28)
Rent:    [2, 6, 54, 57, 72, 81, 98, 99, 106, 107, 111, 115]
Return:  [7, 12, 19, 24, 26, 27, 28, 30, 33, 35, 37, 46, 50, 52, 53, 55, 56, 60, 64, 66, 77, 80, 82, 87, 88, 92, 93, 102, 104, 117, 121, 124]
	⭕  Walk to 47 (2.7 min) 
> 47 (20:31)
Rent:    [2, 6, 54, 57, 72, 75, 79, 81, 98, 99, 106, 107, 108, 111, 115]
Return:  [7, 19, 21, 24, 27, 28, 30, 33, 35, 37, 46, 50, 53, 55, 56, 60, 64, 66, 77, 80, 82, 87, 88, 92, 93, 102, 104, 121, 124]
	⭕  Bike to 53 (1.2 min) +1
> 53 (20:32)
Rent:    [2, 6, 54, 57, 72, 75, 79, 81, 98, 99, 106, 107, 108, 111, 115]
Return:  [7, 19, 21, 24, 27, 28, 30, 33, 35, 37, 46, 50, 53, 55, 56, 60, 64, 66, 77, 80, 82, 87, 88, 92, 93, 102, 104, 121, 124]
	⭕  Walk to 47 (2.7 min) 
> 47 (20:35)
Rent:    [2, 6, 54, 57, 72, 75, 79, 81, 98, 99, 106, 107, 108, 111, 115]
Return:  [7, 19, 21, 24, 27, 28, 30, 33, 35, 37, 46, 50, 53, 55, 56, 60, 64, 66, 77, 80, 82, 87, 88, 92, 93, 102, 104, 121, 124]
	⭕  Bike to 53 (1.2 min) +1
> 53 (20:36)
Rent:    [2, 6, 54, 57, 72, 75, 79, 81, 98, 99, 106, 107, 108, 111, 115]
Return:  [7, 19, 21, 24, 27, 28, 30, 33, 35, 37, 46, 50, 53, 55, 56, 60, 64, 66, 77, 80, 82, 87, 88, 92, 93, 102, 104, 121, 124]
	⭕  Walk to 47 (2.7 min) 
> 47 (20:39)
Rent:    [2, 6, 54, 57, 72, 75, 79, 81, 98, 99, 106, 107, 108, 111, 115]
Return:  [7, 19, 21, 24, 27, 28, 30, 33, 35, 37, 46, 50, 53, 55, 56, 60, 64, 66, 77, 80, 82, 87, 88, 92, 93, 102, 104, 121, 124]
	⭕  Bike to 53 (1.2 min) +1
> 53 (20:40)
Rent:    [2, 6, 54, 57, 72, 75, 79, 81, 98, 99, 106, 107, 108, 111, 115]
Return:  [7, 19, 21, 24, 27, 28, 30, 33, 35, 37, 46, 50, 53, 55, 56, 60, 64, 66, 77, 80, 82, 87, 88, 92, 93, 102, 104, 121, 124]
	⭕  Walk to 103 (7.1 min) 
> 103 (20:47)
Rent:    [2, 6, 54, 57, 72, 75, 81, 95, 98, 99, 106, 107, 108, 111, 115, 119]
Return:  [4, 7, 12, 19, 21, 24, 27, 28, 30, 33, 35, 37, 46, 47, 50, 52, 53, 55, 56, 60, 64, 66, 77, 82, 87, 88, 92, 93, 102, 121, 124]
	⭕  Bike to 4 (2.3 min) +1
> 4 (20:49)
Rent:    [2, 6, 54, 57, 72, 75, 81, 95, 98, 99, 106, 107, 108, 111, 115, 119]
Return:  [4, 7, 12, 19, 21, 24, 27, 28, 30, 33, 35, 37, 46, 47, 50, 52, 53, 55, 56, 60, 64, 66, 77, 82, 87, 88, 92, 93, 102, 121, 124]
	⭕  Walk to 8 (2.5 min) 
> 8 (20:52)
Rent:    [2, 6, 54, 57, 72, 75, 81, 95, 98, 99, 106, 107, 108, 111, 115, 119]
Return:  [4, 7, 12, 19, 21, 24, 27, 28, 30, 33, 35, 37, 46, 47, 50, 52, 53, 55, 56, 60, 64, 66, 77, 82, 87, 88, 92, 93, 102, 121, 124]
	⭕  Bike to 4 (1.8 min) +1
> 4 (20:53)
Rent:    [2, 6, 54, 57, 72, 75, 81, 95, 98, 99, 106, 107, 108, 111, 115, 119]
Return:  [4, 7, 12, 19, 21, 24, 27, 28, 30, 33, 35, 37, 46, 47, 50, 52, 53, 55, 56, 60, 64, 66, 77, 82, 87, 88, 92, 93, 102, 121, 124]
	⭕  Walk to 8 (2.5 min) 
> 8 (20:56)
Rent:    [2, 6, 54, 57, 72, 75, 81, 95, 98, 99, 106, 107, 108, 111, 115, 119]
Return:  [4, 7, 12, 19, 21, 24, 27, 28, 30, 33, 35, 37, 46, 47, 50, 52, 53, 55, 56, 60, 64, 66, 77, 82, 87, 88, 92, 93, 102, 121, 124]
	⭕  Bike to 50 (2.0 min) +1
> 50 (20:58)
Rent:    [2, 6, 54, 57, 72, 75, 81, 95, 98, 99, 106, 107, 108, 111, 115, 119]
Return:  [4, 7, 12, 19, 21, 24, 27, 28, 30, 33, 35, 37, 46, 47, 50, 52, 53, 55, 56, 60, 64, 66, 77, 82, 87, 88, 92, 93, 102, 121, 124]
	⭕  Walk to 5 (2.5 min) 
> 5 (21:01)
Rent:    [2, 6, 54, 57, 72, 81, 98, 99, 106, 107, 108, 111, 115]
Return:  [7, 19, 21, 24, 27, 28, 30, 33, 35, 37, 39, 46, 47, 50, 53, 55, 56, 60, 64, 66, 77, 80, 82, 87, 88, 92, 93, 102, 105, 121, 124]
	⭕  Bike to 50 (1.0 min) +1
> 50 (21:01)
Rent:    [2, 6, 54, 57, 72, 81, 98, 99, 106, 107, 108, 111, 115]
Return:  [7, 19, 21, 24, 27, 28, 30, 33, 35, 37, 39, 46, 47, 50, 53, 55, 56, 60, 64, 66, 77, 80, 82, 87, 88, 92, 93, 102, 105, 121, 124]
	⭕  Walk to 104 (3.9 min) 
> 104 (21:05)
Rent:    [2, 6, 54, 57, 72, 81, 98, 99, 106, 107, 108, 111, 115]
Return:  [7, 19, 21, 24, 27, 28, 30, 33, 35, 37, 39, 46, 47, 50, 53, 55, 56, 60, 64, 66, 77, 80, 82, 87, 88, 92, 93, 102, 105, 121, 124]
	⭕  Bike to 50 (1.4 min) +1
> 50 (21:07)
Rent:    [2, 6, 54, 57, 72, 81, 98, 99, 106, 107, 108, 111, 115]
Return:  [7, 19, 21, 24, 27, 28, 30, 33, 35, 37, 39, 46, 47, 50, 53, 55, 56, 60, 64, 66, 77, 80, 82, 87, 88, 92, 93, 102, 105, 121, 124]
	⭕  Walk to 104 (3.9 min) 
> 104 (21:11)
Rent:    [2, 6, 54, 57, 72, 81, 98, 99, 106, 107, 108, 111, 115]
Return:  [7, 19, 21, 24, 27, 28, 30, 33, 35, 37, 39, 46, 47, 50, 53, 55, 56, 60, 64, 66, 77, 80, 82, 87, 88, 92, 93, 102, 105, 121, 124]
	⭕  Bike to 50 (1.4 min) +1
> 50 (21:12)
Rent:    [2, 6, 54, 57, 72, 81, 98, 99, 106, 107, 108, 111, 115]
Return:  [7, 19, 21, 24, 27, 28, 30, 33, 35, 37, 39, 46, 47, 50, 53, 55, 56, 60, 64, 66, 77, 80, 82, 87, 88, 92, 93, 102, 105, 121, 124]
	⭕  Walk to 5 (2.5 min) 
> 5 (21:15)
Rent:    [2, 6, 54, 57, 72, 79, 81, 98, 106, 107, 108, 111, 115, 119]
Return:  [0, 7, 19, 21, 24, 26, 27, 28, 30, 33, 35, 37, 46, 50, 53, 55, 56, 60, 64, 66, 77, 80, 82, 87, 88, 92, 93, 102, 105, 121, 124]
	⭕  Bike to 50 (1.0 min) +1
> 50 (21:16)
Rent:    [2, 6, 54, 57, 72, 79, 81, 98, 106, 107, 108, 111, 115, 119]
Return:  [0, 7, 19, 21, 24, 26, 27, 28, 30, 33, 35, 37, 46, 50, 53, 55, 56, 60, 64, 66, 77, 80, 82, 87, 88, 92, 93, 102, 105, 121, 124]
	⭕  Walk to 104 (3.9 min) 
> 104 (21:19)
Rent:    [2, 6, 54, 57, 72, 79, 81, 98, 106, 107, 108, 111, 115, 119]
Return:  [0, 7, 19, 21, 24, 26, 27, 28, 30, 33, 35, 37, 46, 50, 53, 55, 56, 60, 64, 66, 77, 80, 82, 87, 88, 92, 93, 102, 105, 121, 124]
	⭕  Bike to 50 (1.4 min) +1
> 50 (21:21)
Rent:    [2, 6, 54, 57, 72, 79, 81, 98, 106, 107, 108, 111, 115, 119]
Return:  [0, 7, 19, 21, 24, 26, 27, 28, 30, 33, 35, 37, 46, 50, 53, 55, 56, 60, 64, 66, 77, 80, 82, 87, 88, 92, 93, 102, 105, 121, 124]
	⭕  Walk to 104 (3.9 min) 
> 104 (21:25)
Rent:    [2, 6, 54, 57, 72, 79, 81, 98, 106, 107, 108, 111, 115, 119]
Return:  [0, 7, 19, 21, 24, 26, 27, 28, 30, 33, 35, 37, 46, 50, 53, 55, 56, 60, 64, 66, 77, 80, 82, 87, 88, 92, 93, 102, 105, 121, 124]
	⭕  Bike to 50 (1.4 min) +1
> 50 (21:26)
Rent:    [2, 6, 54, 57, 72, 79, 81, 98, 106, 107, 108, 111, 115, 119]
Return:  [0, 7, 19, 21, 24, 26, 27, 28, 30, 33, 35, 37, 46, 50, 53, 55, 56, 60, 64, 66, 77, 80, 82, 87, 88, 92, 93, 102, 105, 121, 124]
	⭕  Walk to 104 (3.9 min) 
> 104 (21:30)
Rent:    [2, 6, 43, 54, 57, 72, 79, 98, 100, 106, 107, 108, 111, 114, 115, 119]
Return:  [0, 5, 19, 24, 26, 27, 28, 30, 37, 46, 50, 53, 55, 56, 60, 64, 66, 77, 80, 82, 87, 88, 92, 102, 105, 117, 121, 124]
	⭕  Bike to 5 (1.3 min) +1
> 5 (21:31)
Rent:    [2, 6, 43, 54, 57, 72, 79, 98, 100, 106, 107, 108, 111, 114, 115, 119]
Return:  [0, 5, 19, 24, 26, 27, 28, 30, 37, 46, 50, 53, 55, 56, 60, 64, 66, 77, 80, 82, 87, 88, 92, 102, 105, 117, 121, 124]
	⭕  Walk to 33 (3.0 min) 
> 33 (21:34)
Rent:    [2, 6, 43, 54, 57, 72, 79, 98, 100, 106, 107, 108, 111, 114, 115, 119]
Return:  [0, 5, 19, 24, 26, 27, 28, 30, 37, 46, 50, 53, 55, 56, 60, 64, 66, 77, 80, 82, 87, 88, 92, 102, 105, 117, 121, 124]
	⭕  Bike to 5 (0.9 min) +1
> 5 (21:35)
Rent:    [2, 6, 43, 54, 57, 72, 79, 98, 100, 106, 107, 108, 111, 114, 115, 119]
Return:  [0, 5, 19, 24, 26, 27, 28, 30, 37, 46, 50, 53, 55, 56, 60, 64, 66, 77, 80, 82, 87, 88, 92, 102, 105, 117, 121, 124]
	⭕  Walk to 8 (2.6 min) 
> 8 (21:38)
Rent:    [2, 6, 43, 54, 57, 72, 79, 98, 100, 106, 107, 108, 111, 114, 115, 119]
Return:  [0, 5, 19, 24, 26, 27, 28, 30, 37, 46, 50, 53, 55, 56, 60, 64, 66, 77, 80, 82, 87, 88, 92, 102, 105, 117, 121, 124]
	⭕  Bike to 5 (1.9 min) +1
> 5 (21:40)
Rent:    [2, 6, 43, 54, 57, 72, 79, 98, 100, 106, 107, 108, 111, 114, 115, 119]
Return:  [0, 5, 19, 24, 26, 27, 28, 30, 37, 46, 50, 53, 55, 56, 60, 64, 66, 77, 80, 82, 87, 88, 92, 102, 105, 117, 121, 124]
	⭕  Walk to 8 (2.6 min) 
> 8 (21:42)
Rent:    [2, 6, 43, 54, 57, 72, 79, 98, 100, 106, 107, 108, 111, 114, 115, 119]
Return:  [0, 5, 19, 24, 26, 27, 28, 30, 37, 46, 50, 53, 55, 56, 60, 64, 66, 77, 80, 82, 87, 88, 92, 102, 105, 117, 121, 124]
	⭕  Bike to 5 (1.9 min) +1
> 5 (21:44)
Rent:    [2, 6, 43, 54, 57, 72, 79, 98, 100, 106, 107, 108, 111, 114, 115, 119]
Return:  [0, 5, 19, 24, 26, 27, 28, 30, 37, 46, 50, 53, 55, 56, 60, 64, 66, 77, 80, 82, 87, 88, 92, 102, 105, 117, 121, 124]
	⭕  Walk to 8 (2.6 min) 
> 8 (21:47)
Rent:    [2, 6, 43, 44, 57, 72, 79, 95, 98, 100, 106, 107, 115, 119]
Return:  [0, 4, 5, 19, 20, 21, 24, 27, 28, 30, 33, 37, 39, 46, 50, 52, 53, 55, 60, 64, 66, 77, 80, 82, 87, 88, 92, 102, 105, 117, 121]
	⭕  Bike to 4 (1.8 min) +1
> 4 (21:49)
Rent:    [2, 6, 43, 44, 57, 72, 79, 95, 98, 100, 106, 107, 115, 119]
Return:  [0, 4, 5, 19, 20, 21, 24, 27, 28, 30, 33, 37, 39, 46, 50, 52, 53, 55, 60, 64, 66, 77, 80, 82, 87, 88, 92, 102, 105, 117, 121]
	⭕  Walk to 8 (2.5 min) 
> 8 (21:51)
Rent:    [2, 6, 43, 44, 57, 72, 79, 95, 98, 100, 106, 107, 115, 119]
Return:  [0, 4, 5, 19, 20, 21, 24, 27, 28, 30, 33, 37, 39, 46, 50, 52, 53, 55, 60, 64, 66, 77, 80, 82, 87, 88, 92, 102, 105, 117, 121]
	⭕  Bike to 4 (1.8 min) +1
> 4 (21:53)
Rent:    [2, 6, 43, 44, 57, 72, 79, 95, 98, 100, 106, 107, 115, 119]
Return:  [0, 4, 5, 19, 20, 21, 24, 27, 28, 30, 33, 37, 39, 46, 50, 52, 53, 55, 60, 64, 66, 77, 80, 82, 87, 88, 92, 102, 105, 117, 121]
	⭕  Walk to 61 (4.4 min) 
> 61 (21:58)
Rent:    [2, 6, 43, 44, 57, 72, 79, 95, 98, 100, 106, 107, 115, 119]
Return:  [0, 4, 5, 19, 20, 21, 24, 27, 28, 30, 33, 37, 39, 46, 50, 52, 53, 55, 60, 64, 66, 77, 80, 82, 87, 88, 92, 102, 105, 117, 121]
	⭕  Bike to 4 (1.5 min) +1
> 4 (21:59)
Rent:    [2, 6, 43, 44, 57, 72, 79, 95, 98, 100, 106, 107, 115, 119]
Return:  [0, 4, 5, 19, 20, 21, 24, 27, 28, 30, 33, 37, 39, 46, 50, 52, 53, 55, 60, 64, 66, 77, 80, 82, 87, 88, 92, 102, 105, 117, 121]
	⭕  Walk to 61 (4.4 min) 
> 61 (22:03)
Rent:    [6, 43, 44, 54, 57, 72, 79, 95, 99, 100, 106, 107, 108, 114, 115, 119]
Return:  [0, 4, 5, 19, 21, 24, 27, 28, 30, 33, 37, 39, 46, 47, 50, 52, 53, 55, 60, 64, 66, 77, 80, 82, 87, 88, 92, 93, 102, 105, 117, 121]
	⭕  Bike to 93 (1.4 min) +1
> 93 (22:05)
Rent:    [6, 43, 44, 54, 57, 72, 79, 95, 99, 100, 106, 107, 108, 114, 115, 119]
Return:  [0, 4, 5, 19, 21, 24, 27, 28, 30, 33, 37, 39, 46, 47, 50, 52, 53, 55, 60, 64, 66, 77, 80, 82, 87, 88, 92, 93, 102, 105, 117, 121]
	⭕  Walk to 12 (2.9 min) 
> 12 (22:08)
Rent:    [6, 43, 44, 54, 57, 72, 79, 95, 99, 100, 106, 107, 108, 114, 115, 119]
Return:  [0, 4, 5, 19, 21, 24, 27, 28, 30, 33, 37, 39, 46, 47, 50, 52, 53, 55, 60, 64, 66, 77, 80, 82, 87, 88, 92, 93, 102, 105, 117, 121]
	⭕  Bike to 93 (1.5 min) +1
> 93 (22:09)
Rent:    [6, 43, 44, 54, 57, 72, 79, 95, 99, 100, 106, 107, 108, 114, 115, 119]
Return:  [0, 4, 5, 19, 21, 24, 27, 28, 30, 33, 37, 39, 46, 47, 50, 52, 53, 55, 60, 64, 66, 77, 80, 82, 87, 88, 92, 93, 102, 105, 117, 121]
	⭕  Walk to 12 (2.9 min) 
> 12 (22:12)
Rent:    [6, 43, 44, 54, 57, 72, 79, 95, 99, 100, 106, 107, 108, 114, 115, 119]
Return:  [0, 4, 5, 19, 21, 24, 27, 28, 30, 33, 37, 39, 46, 47, 50, 52, 53, 55, 60, 64, 66, 77, 80, 82, 87, 88, 92, 93, 102, 105, 117, 121]
	⭕  Bike to 93 (1.5 min) +1
> 93 (22:14)
Rent:    [6, 43, 44, 54, 57, 72, 79, 95, 99, 100, 106, 107, 108, 114, 115, 119]
Return:  [0, 4, 5, 19, 21, 24, 27, 28, 30, 33, 37, 39, 46, 47, 50, 52, 53, 55, 60, 64, 66, 77, 80, 82, 87, 88, 92, 93, 102, 105, 117, 121]
	⭕  Walk to 61 (3.8 min) 
> 61 (22:17)
Rent:    [2, 6, 43, 54, 57, 72, 79, 81, 95, 98, 99, 100, 106, 107, 108, 111, 114, 115, 119]
Return:  [0, 5, 19, 24, 27, 28, 30, 33, 37, 39, 46, 50, 52, 53, 55, 60, 64, 66, 77, 80, 82, 87, 88, 92, 93, 102, 104, 105, 121, 124]
	⭕  Bike to 93 (1.4 min) +1
> 93 (22:19)
Rent:    [2, 6, 43, 54, 57, 72, 79, 81, 95, 98, 99, 100, 106, 107, 108, 111, 114, 115, 119]
Return:  [0, 5, 19, 24, 27, 28, 30, 33, 37, 39, 46, 50, 52, 53, 55, 60, 64, 66, 77, 80, 82, 87, 88, 92, 93, 102, 104, 105, 121, 124]
	⭕  Walk to 61 (3.8 min) 
> 61 (22:23)
Rent:    [2, 6, 43, 54, 57, 72, 79, 81, 95, 98, 99, 100, 106, 107, 108, 111, 114, 115, 119]
Return:  [0, 5, 19, 24, 27, 28, 30, 33, 37, 39, 46, 50, 52, 53, 55, 60, 64, 66, 77, 80, 82, 87, 88, 92, 93, 102, 104, 105, 121, 124]
	⭕  Bike to 55 (2.0 min) +1
> 55 (22:25)
Rent:    [2, 6, 43, 54, 57, 72, 79, 81, 95, 98, 99, 100, 106, 107, 108, 111, 114, 115, 119]
Return:  [0, 5, 19, 24, 27, 28, 30, 33, 37, 39, 46, 50, 52, 53, 55, 60, 64, 66, 77, 80, 82, 87, 88, 92, 93, 102, 104, 105, 121, 124]
	⭕  Walk to 10 (3.4 min) 
> 10 (22:28)
Rent:    [2, 6, 43, 54, 57, 72, 79, 81, 95, 98, 99, 100, 106, 107, 108, 111, 114, 115, 119]
Return:  [0, 5, 19, 24, 27, 28, 30, 33, 37, 39, 46, 50, 52, 53, 55, 60, 64, 66, 77, 80, 82, 87, 88, 92, 93, 102, 104, 105, 121, 124]
	⭕  Bike to 82 (1.7 min) +1
> 82 (22:30)
Rent:    [2, 6, 43, 54, 57, 72, 79, 81, 95, 98, 99, 100, 106, 107, 108, 111, 114, 115]
Return:  [0, 5, 11, 19, 21, 24, 27, 28, 30, 37, 39, 46, 50, 52, 53, 55, 60, 64, 77, 80, 82, 87, 88, 92, 93, 102, 104, 105, 121, 124]
	⭕  Walk to 47 (4.8 min) 
> 47 (22:35)
Rent:    [2, 6, 43, 54, 57, 72, 79, 81, 95, 98, 99, 100, 106, 107, 108, 111, 114, 115]
Return:  [0, 5, 11, 19, 21, 24, 27, 28, 30, 37, 39, 46, 50, 52, 53, 55, 60, 64, 77, 80, 82, 87, 88, 92, 93, 102, 104, 105, 121, 124]
	⭕  Bike to 53 (1.2 min) +1
> 53 (22:36)
Rent:    [2, 6, 43, 54, 57, 72, 79, 81, 95, 98, 99, 100, 106, 107, 108, 111, 114, 115]
Return:  [0, 5, 11, 19, 21, 24, 27, 28, 30, 37, 39, 46, 50, 52, 53, 55, 60, 64, 77, 80, 82, 87, 88, 92, 93, 102, 104, 105, 121, 124]
	⭕  Walk to 47 (2.7 min) 
> 47 (22:38)
Rent:    [2, 6, 43, 54, 57, 72, 79, 81, 95, 98, 99, 100, 106, 107, 108, 111, 114, 115]
Return:  [0, 5, 11, 19, 21, 24, 27, 28, 30, 37, 39, 46, 50, 52, 53, 55, 60, 64, 77, 80, 82, 87, 88, 92, 93, 102, 104, 105, 121, 124]
	⭕  Bike to 53 (1.2 min) +1
> 53 (22:40)
Rent:    [2, 6, 43, 54, 57, 72, 79, 81, 95, 98, 99, 100, 106, 107, 108, 111, 114, 115]
Return:  [0, 5, 11, 19, 21, 24, 27, 28, 30, 37, 39, 46, 50, 52, 53, 55, 60, 64, 77, 80, 82, 87, 88, 92, 93, 102, 104, 105, 121, 124]
	⭕  Walk to 103 (7.1 min) 
> 103 (22:47)
Rent:    [2, 6, 43, 54, 57, 72, 79, 95, 98, 99, 100, 106, 107, 108, 111, 114, 115, 119]
Return:  [0, 5, 8, 10, 11, 19, 21, 24, 27, 28, 30, 35, 37, 39, 46, 50, 53, 55, 60, 64, 77, 80, 82, 87, 88, 92, 102, 104, 105, 117, 121, 124]
	⭕  Bike to 8 (2.0 min) +1
> 8 (22:49)
Rent:    [2, 6, 43, 54, 57, 72, 79, 95, 98, 99, 100, 106, 107, 108, 111, 114, 115, 119]
Return:  [0, 5, 8, 10, 11, 19, 21, 24, 27, 28, 30, 35, 37, 39, 46, 50, 53, 55, 60, 64, 77, 80, 82, 87, 88, 92, 102, 104, 105, 117, 121, 124]
	⭕  Walk to 33 (4.9 min) 
> 33 (22:54)
Rent:    [2, 6, 43, 54, 57, 72, 79, 95, 98, 99, 100, 106, 107, 108, 111, 114, 115, 119]
Return:  [0, 5, 8, 10, 11, 19, 21, 24, 27, 28, 30, 35, 37, 39, 46, 50, 53, 55, 60, 64, 77, 80, 82, 87, 88, 92, 102, 104, 105, 117, 121, 124]
	⭕  Bike to 5 (0.9 min) +1
> 5 (22:55)
Rent:    [2, 6, 43, 54, 57, 72, 79, 95, 98, 99, 100, 106, 107, 108, 111, 114, 115, 119]
Return:  [0, 5, 8, 10, 11, 19, 21, 24, 27, 28, 30, 35, 37, 39, 46, 50, 53, 55, 60, 64, 77, 80, 82, 87, 88, 92, 102, 104, 105, 117, 121, 124]
	🔵  End excursion
	⭕  Walk to 5 (0.0 min) 
> 5 (22:55)

---------- Excursion Complete ----------
End time: 22:55
Final station: 5
Bike count: 95
Walk count: 95
Wait count: 0
Total reward: 95
Seed: 2669419524

