Generated random seed: 3822281285
---------- Starting Excursion -----------
Warmup time: 4.0 hours
Start time: 16:00 
Excursion time: 7.0 hours

> 1 (16:00)
Rent:    [106, 107]
Return:  [10, 14, 28, 35, 37, 55, 64, 80, 87, 92, 117]
	⭕  Bike to 87 (3.9 min) +1
> 87 (16:03)
Rent:    [106, 107]
Return:  [10, 14, 28, 35, 37, 55, 64, 80, 87, 92, 117]
	⭕  Walk to 53 (1.6 min) 
> 53 (16:05)
Rent:    [106, 107]
Return:  [10, 14, 28, 35, 37, 55, 64, 80, 87, 92, 117]
	⭕  Bike to 87 (0.9 min) +1
> 87 (16:06)
Rent:    [106, 107]
Return:  [10, 14, 28, 35, 37, 55, 64, 80, 87, 92, 117]
	⭕  Walk to 30 (2.6 min) 
> 30 (16:09)
Rent:    [106, 107]
Return:  [10, 14, 28, 35, 37, 55, 64, 80, 87, 92, 117]
	⭕  Bike to 87 (1.0 min) +1
> 87 (16:10)
Rent:    [106, 107]
Return:  [10, 14, 28, 35, 37, 55, 64, 80, 87, 92, 117]
	⭕  Walk to 82 (2.7 min) 
> 82 (16:12)
Rent:    [106, 107]
Return:  [10, 14, 28, 35, 37, 55, 64, 80, 87, 92, 117]
	⭕  Bike to 87 (1.0 min) +1
> 87 (16:13)
Rent:    [106, 107]
Return:  [10, 14, 28, 35, 37, 55, 64, 80, 87, 92, 117]
	⭕  Walk to 82 (2.7 min) 
> 82 (16:16)
Rent:    [81, 106, 107, 115]
Return:  [10, 14, 28, 34, 35, 46, 55, 60, 64, 80, 87, 92, 117]
	⭕  Bike to 87 (1.0 min) +1
> 87 (16:17)
Rent:    [81, 106, 107, 115]
Return:  [10, 14, 28, 34, 35, 46, 55, 60, 64, 80, 87, 92, 117]
	⭕  Walk to 47 (2.4 min) 
> 47 (16:19)
Rent:    [81, 106, 107, 115]
Return:  [10, 14, 28, 34, 35, 46, 55, 60, 64, 80, 87, 92, 117]
	⭕  Bike to 87 (2.0 min) +1
> 87 (16:21)
Rent:    [81, 106, 107, 115]
Return:  [10, 14, 28, 34, 35, 46, 55, 60, 64, 80, 87, 92, 117]
	⭕  Walk to 47 (2.4 min) 
> 47 (16:24)
Rent:    [81, 106, 107, 115]
Return:  [10, 14, 28, 34, 35, 46, 55, 60, 64, 80, 87, 92, 117]
	⭕  Bike to 87 (2.0 min) +1
> 87 (16:26)
Rent:    [81, 106, 107, 115]
Return:  [10, 14, 28, 34, 35, 46, 55, 60, 64, 80, 87, 92, 117]
	⭕  Walk to 47 (2.4 min) 
> 47 (16:28)
Rent:    [81, 106, 107, 115]
Return:  [10, 14, 28, 34, 35, 46, 55, 60, 64, 80, 87, 92, 117]
	⭕  Bike to 87 (2.0 min) +1
> 87 (16:30)
Rent:    [81, 98, 106, 107, 115]
Return:  [10, 12, 24, 28, 30, 34, 37, 46, 55, 60, 64, 80, 87, 92, 117]
	⭕  Walk to 47 (2.4 min) 
> 47 (16:33)
Rent:    [81, 98, 106, 107, 115]
Return:  [10, 12, 24, 28, 30, 34, 37, 46, 55, 60, 64, 80, 87, 92, 117]
	⭕  Bike to 87 (2.0 min) +1
> 87 (16:35)
Rent:    [81, 98, 106, 107, 115]
Return:  [10, 12, 24, 28, 30, 34, 37, 46, 55, 60, 64, 80, 87, 92, 117]
	⭕  Walk to 102 (6.6 min) 
> 102 (16:41)
Rent:    [81, 98, 106, 107, 115]
Return:  [10, 12, 24, 28, 30, 34, 37, 46, 55, 60, 64, 80, 87, 92, 117]
	⭕  Bike to 117 (1.6 min) +1
> 117 (16:43)
Rent:    [81, 98, 106, 107, 115]
Return:  [10, 12, 24, 28, 30, 34, 37, 46, 55, 60, 64, 80, 87, 92, 117]
	⭕  Walk to 27 (1.9 min) 
> 27 (16:45)
Rent:    [81, 98, 99, 106, 107, 115]
Return:  [10, 24, 28, 30, 34, 37, 46, 53, 55, 60, 64, 80, 87, 90, 92, 117]
	⭕  Bike to 117 (0.7 min) +1
> 117 (16:45)
Rent:    [81, 98, 99, 106, 107, 115]
Return:  [10, 24, 28, 30, 34, 37, 46, 53, 55, 60, 64, 80, 87, 90, 92, 117]
	⭕  Walk to 27 (1.9 min) 
> 27 (16:47)
Rent:    [81, 98, 99, 106, 107, 115]
Return:  [10, 24, 28, 30, 34, 37, 46, 53, 55, 60, 64, 80, 87, 90, 92, 117]
	⭕  Bike to 117 (0.7 min) +1
> 117 (16:48)
Rent:    [81, 98, 99, 106, 107, 115]
Return:  [10, 24, 28, 30, 34, 37, 46, 53, 55, 60, 64, 80, 87, 90, 92, 117]
	⭕  Walk to 27 (1.9 min) 
> 27 (16:50)
Rent:    [81, 98, 99, 106, 107, 115]
Return:  [10, 24, 28, 30, 34, 37, 46, 53, 55, 60, 64, 80, 87, 90, 92, 117]
	⭕  Bike to 117 (0.7 min) +1
> 117 (16:51)
Rent:    [81, 98, 99, 106, 107, 115]
Return:  [10, 24, 28, 30, 34, 37, 46, 53, 55, 60, 64, 80, 87, 90, 92, 117]
	⭕  Walk to 105 (2.0 min) 
> 105 (16:53)
Rent:    [81, 98, 99, 106, 107, 115]
Return:  [10, 24, 28, 30, 34, 37, 46, 53, 55, 60, 64, 80, 87, 90, 92, 117]
	⭕  Bike to 117 (0.7 min) +1
> 117 (16:53)
Rent:    [81, 98, 99, 106, 107, 115]
Return:  [10, 24, 28, 30, 34, 37, 46, 53, 55, 60, 64, 80, 87, 90, 92, 117]
	⭕  Walk to 105 (2.0 min) 
> 105 (16:55)
Rent:    [81, 98, 99, 106, 107, 115]
Return:  [10, 24, 28, 30, 34, 37, 46, 53, 55, 60, 64, 80, 87, 90, 92, 117]
	⭕  Bike to 117 (0.7 min) +1
> 117 (16:56)
Rent:    [81, 98, 99, 106, 107, 115]
Return:  [10, 24, 28, 30, 34, 37, 46, 53, 55, 60, 64, 80, 87, 90, 92, 117]
	⭕  Walk to 105 (2.0 min) 
> 105 (16:58)
Rent:    [81, 98, 99, 106, 107, 115]
Return:  [10, 24, 28, 30, 34, 37, 46, 53, 55, 60, 64, 80, 87, 90, 92, 117]
	⭕  Bike to 117 (0.7 min) +1
> 117 (16:59)
Rent:    [81, 98, 99, 106, 107, 115]
Return:  [10, 24, 28, 30, 34, 37, 46, 53, 55, 60, 64, 80, 87, 90, 92, 117]
	⭕  Walk to 105 (2.0 min) 
> 105 (17:01)
Rent:    [98, 106, 107, 115]
Return:  [3, 10, 27, 28, 30, 37, 46, 53, 55, 60, 61, 64, 80, 87, 90, 92, 117]
	⭕  Bike to 117 (0.7 min) +1
> 117 (17:02)
Rent:    [98, 106, 107, 115]
Return:  [3, 10, 27, 28, 30, 37, 46, 53, 55, 60, 61, 64, 80, 87, 90, 92, 117]
	⭕  Walk to 105 (2.0 min) 
> 105 (17:04)
Rent:    [98, 106, 107, 115]
Return:  [3, 10, 27, 28, 30, 37, 46, 53, 55, 60, 61, 64, 80, 87, 90, 92, 117]
	⭕  Bike to 117 (0.7 min) +1
> 117 (17:04)
Rent:    [98, 106, 107, 115]
Return:  [3, 10, 27, 28, 30, 37, 46, 53, 55, 60, 61, 64, 80, 87, 90, 92, 117]
	⭕  Walk to 102 (5.1 min) 
> 102 (17:09)
Rent:    [98, 106, 107, 115]
Return:  [3, 10, 27, 28, 30, 37, 46, 53, 55, 60, 61, 64, 80, 87, 90, 92, 117]
	⭕  Bike to 28 (0.9 min) +1
> 28 (17:10)
Rent:    [98, 106, 107, 115]
Return:  [3, 10, 27, 28, 30, 37, 46, 53, 55, 60, 61, 64, 80, 87, 90, 92, 117]
	⭕  Walk to 102 (3.0 min) 
> 102 (17:13)
Rent:    [98, 106, 107, 115]
Return:  [3, 10, 27, 28, 30, 37, 46, 53, 55, 60, 61, 64, 80, 87, 90, 92, 117]
	⭕  Bike to 28 (0.9 min) +1
> 28 (17:14)
Rent:    [98, 106, 107, 115]
Return:  [3, 10, 27, 28, 30, 37, 46, 53, 55, 60, 61, 64, 80, 87, 90, 92, 117]
	⭕  Walk to 102 (3.0 min) 
> 102 (17:17)
Rent:    [98, 99, 106, 107, 115]
Return:  [3, 10, 24, 27, 28, 30, 34, 37, 46, 47, 53, 55, 60, 61, 64, 80, 87, 92, 105, 117]
	⭕  Bike to 28 (0.9 min) +1
> 28 (17:18)
Rent:    [98, 99, 106, 107, 115]
Return:  [3, 10, 24, 27, 28, 30, 34, 37, 46, 47, 53, 55, 60, 61, 64, 80, 87, 92, 105, 117]
	⭕  Walk to 102 (3.0 min) 
> 102 (17:21)
Rent:    [98, 99, 106, 107, 115]
Return:  [3, 10, 24, 27, 28, 30, 34, 37, 46, 47, 53, 55, 60, 61, 64, 80, 87, 92, 105, 117]
	⭕  Bike to 28 (0.9 min) +1
> 28 (17:22)
Rent:    [98, 99, 106, 107, 115]
Return:  [3, 10, 24, 27, 28, 30, 34, 37, 46, 47, 53, 55, 60, 61, 64, 80, 87, 92, 105, 117]
	⭕  Walk to 102 (3.0 min) 
> 102 (17:25)
Rent:    [98, 99, 106, 107, 115]
Return:  [3, 10, 24, 27, 28, 30, 34, 37, 46, 47, 53, 55, 60, 61, 64, 80, 87, 92, 105, 117]
	⭕  Bike to 28 (0.9 min) +1
> 28 (17:26)
Rent:    [98, 99, 106, 107, 115]
Return:  [3, 10, 24, 27, 28, 30, 34, 37, 46, 47, 53, 55, 60, 61, 64, 80, 87, 92, 105, 117]
	⭕  Walk to 102 (3.0 min) 
> 102 (17:29)
Rent:    [98, 99, 106, 107, 115]
Return:  [3, 10, 24, 27, 28, 30, 34, 37, 46, 47, 53, 55, 60, 61, 64, 80, 87, 92, 105, 117]
	⭕  Bike to 28 (0.9 min) +1
> 28 (17:30)
Rent:    [57, 81, 98, 106, 107, 115]
Return:  [3, 10, 24, 27, 28, 30, 34, 37, 46, 47, 53, 55, 60, 64, 80, 87, 92, 93, 105, 117, 124]
	⭕  Walk to 102 (3.0 min) 
> 102 (17:33)
Rent:    [57, 81, 98, 106, 107, 115]
Return:  [3, 10, 24, 27, 28, 30, 34, 37, 46, 47, 53, 55, 60, 64, 80, 87, 92, 93, 105, 117, 124]
	⭕  Bike to 28 (0.9 min) +1
> 28 (17:34)
Rent:    [57, 81, 98, 106, 107, 115]
Return:  [3, 10, 24, 27, 28, 30, 34, 37, 46, 47, 53, 55, 60, 64, 80, 87, 92, 93, 105, 117, 124]
	⭕  Walk to 102 (3.0 min) 
> 102 (17:37)
Rent:    [57, 81, 98, 106, 107, 115]
Return:  [3, 10, 24, 27, 28, 30, 34, 37, 46, 47, 53, 55, 60, 64, 80, 87, 92, 93, 105, 117, 124]
	⭕  Bike to 28 (0.9 min) +1
> 28 (17:38)
Rent:    [57, 81, 98, 106, 107, 115]
Return:  [3, 10, 24, 27, 28, 30, 34, 37, 46, 47, 53, 55, 60, 64, 80, 87, 92, 93, 105, 117, 124]
	⭕  Walk to 102 (3.0 min) 
> 102 (17:41)
Rent:    [57, 81, 98, 106, 107, 115]
Return:  [3, 10, 24, 27, 28, 30, 34, 37, 46, 47, 53, 55, 60, 64, 80, 87, 92, 93, 105, 117, 124]
	⭕  Bike to 28 (0.9 min) +1
> 28 (17:42)
Rent:    [57, 81, 98, 106, 107, 115]
Return:  [3, 10, 24, 27, 28, 30, 34, 37, 46, 47, 53, 55, 60, 64, 80, 87, 92, 93, 105, 117, 124]
	⭕  Walk to 102 (3.0 min) 
> 102 (17:45)
Rent:    [81, 98, 106, 107, 115]
Return:  [10, 14, 24, 27, 28, 30, 34, 37, 46, 53, 55, 60, 64, 87, 92, 93, 105, 117]
	⭕  Bike to 28 (0.9 min) +1
> 28 (17:46)
Rent:    [81, 98, 106, 107, 115]
Return:  [10, 14, 24, 27, 28, 30, 34, 37, 46, 53, 55, 60, 64, 87, 92, 93, 105, 117]
	⭕  Walk to 102 (3.0 min) 
> 102 (17:49)
Rent:    [81, 98, 106, 107, 115]
Return:  [10, 14, 24, 27, 28, 30, 34, 37, 46, 53, 55, 60, 64, 87, 92, 93, 105, 117]
	⭕  Bike to 28 (0.9 min) +1
> 28 (17:50)
Rent:    [81, 98, 106, 107, 115]
Return:  [10, 14, 24, 27, 28, 30, 34, 37, 46, 53, 55, 60, 64, 87, 92, 93, 105, 117]
	⭕  Walk to 82 (6.0 min) 
> 82 (17:56)
Rent:    [81, 98, 106, 107, 115]
Return:  [10, 14, 24, 27, 28, 30, 34, 37, 46, 53, 55, 60, 64, 87, 92, 93, 105, 117]
	⭕  Bike to 30 (1.0 min) +1
> 30 (17:57)
Rent:    [81, 98, 106, 107, 115]
Return:  [10, 14, 24, 27, 28, 30, 34, 37, 46, 53, 55, 60, 64, 87, 92, 93, 105, 117]
	⭕  Walk to 82 (2.3 min) 
> 82 (17:59)
Rent:    [81, 98, 106, 107, 115]
Return:  [10, 14, 24, 27, 28, 30, 34, 37, 46, 53, 55, 60, 64, 87, 92, 93, 105, 117]
	⭕  Bike to 30 (1.0 min) +1
> 30 (18:00)
Rent:    [17, 81, 98, 103, 106, 107, 115]
Return:  [24, 27, 28, 30, 34, 37, 46, 55, 60, 61, 64, 87, 92, 93, 105, 117]
	⭕  Walk to 82 (2.3 min) 
> 82 (18:03)
Rent:    [17, 81, 98, 103, 106, 107, 115]
Return:  [24, 27, 28, 30, 34, 37, 46, 55, 60, 61, 64, 87, 92, 93, 105, 117]
	⭕  Bike to 30 (1.0 min) +1
> 30 (18:04)
Rent:    [17, 81, 98, 103, 106, 107, 115]
Return:  [24, 27, 28, 30, 34, 37, 46, 55, 60, 61, 64, 87, 92, 93, 105, 117]
	⭕  Walk to 47 (3.4 min) 
> 47 (18:07)
Rent:    [17, 81, 98, 103, 106, 107, 115]
Return:  [24, 27, 28, 30, 34, 37, 46, 55, 60, 61, 64, 87, 92, 93, 105, 117]
	⭕  Bike to 55 (2.1 min) +1
> 55 (18:09)
Rent:    [17, 81, 98, 103, 106, 107, 115]
Return:  [24, 27, 28, 30, 34, 37, 46, 55, 60, 61, 64, 87, 92, 93, 105, 117]
	⭕  Walk to 103 (3.4 min) 
> 103 (18:13)
Rent:    [17, 81, 98, 103, 106, 107, 115]
Return:  [24, 27, 28, 30, 34, 37, 46, 55, 60, 61, 64, 87, 92, 93, 105, 117]
	⭕  Bike to 55 (2.1 min) +2
> 55 (18:15)
Rent:    [17, 81, 98, 99, 103, 106, 107, 115]
Return:  [10, 12, 24, 27, 28, 30, 34, 37, 46, 55, 60, 61, 64, 80, 82, 87, 92, 105, 117, 121]
	⭕  Walk to 103 (3.4 min) 
> 103 (18:18)
Rent:    [17, 81, 98, 99, 103, 106, 107, 115]
Return:  [10, 12, 24, 27, 28, 30, 34, 37, 46, 55, 60, 61, 64, 80, 82, 87, 92, 105, 117, 121]
	⭕  Bike to 55 (2.1 min) +2
> 55 (18:20)
Rent:    [17, 81, 98, 99, 103, 106, 107, 115]
Return:  [10, 12, 24, 27, 28, 30, 34, 37, 46, 55, 60, 61, 64, 80, 82, 87, 92, 105, 117, 121]
	⭕  Walk to 103 (3.4 min) 
> 103 (18:24)
Rent:    [17, 81, 98, 99, 103, 106, 107, 115]
Return:  [10, 12, 24, 27, 28, 30, 34, 37, 46, 55, 60, 61, 64, 80, 82, 87, 92, 105, 117, 121]
	⭕  Bike to 55 (2.1 min) +2
> 55 (18:26)
Rent:    [17, 81, 98, 99, 103, 106, 107, 115]
Return:  [10, 12, 24, 27, 28, 30, 34, 37, 46, 55, 60, 61, 64, 80, 82, 87, 92, 105, 117, 121]
	⭕  Walk to 103 (3.4 min) 
> 103 (18:29)
Rent:    [17, 81, 98, 99, 103, 106, 107, 115]
Return:  [10, 12, 24, 27, 28, 30, 34, 37, 46, 55, 60, 61, 64, 80, 82, 87, 92, 105, 117, 121]
	⭕  Bike to 55 (2.1 min) +2
> 55 (18:31)
Rent:    [17, 63, 81, 98, 99, 106, 107, 115]
Return:  [10, 12, 23, 24, 27, 28, 30, 35, 37, 46, 53, 55, 60, 61, 64, 80, 82, 87, 90, 92, 93, 105, 117, 121, 124]
	⭕  Walk to 103 (3.4 min) 
> 103 (18:35)
Rent:    [17, 63, 81, 98, 99, 106, 107, 115]
Return:  [10, 12, 23, 24, 27, 28, 30, 35, 37, 46, 53, 55, 60, 61, 64, 80, 82, 87, 90, 92, 93, 105, 117, 121, 124]
	⭕  Bike to 55 (2.1 min) +1
> 55 (18:37)
Rent:    [17, 63, 81, 98, 99, 106, 107, 115]
Return:  [10, 12, 23, 24, 27, 28, 30, 35, 37, 46, 53, 55, 60, 61, 64, 80, 82, 87, 90, 92, 93, 105, 117, 121, 124]
	⭕  Walk to 103 (3.4 min) 
> 103 (18:40)
Rent:    [17, 63, 81, 98, 99, 106, 107, 115]
Return:  [10, 12, 23, 24, 27, 28, 30, 35, 37, 46, 53, 55, 60, 61, 64, 80, 82, 87, 90, 92, 93, 105, 117, 121, 124]
	⭕  Bike to 55 (2.1 min) +1
> 55 (18:42)
Rent:    [17, 63, 81, 98, 99, 106, 107, 115]
Return:  [10, 12, 23, 24, 27, 28, 30, 35, 37, 46, 53, 55, 60, 61, 64, 80, 82, 87, 90, 92, 93, 105, 117, 121, 124]
	⭕  Walk to 103 (3.4 min) 
> 103 (18:46)
Rent:    [2, 17, 57, 63, 76, 81, 98, 99, 106, 107, 114, 115]
Return:  [10, 12, 23, 24, 27, 28, 30, 35, 37, 46, 50, 53, 55, 60, 61, 64, 80, 82, 87, 92, 93, 105, 117, 121]
	⭕  Bike to 55 (2.1 min) +1
> 55 (18:48)
Rent:    [2, 17, 57, 63, 76, 81, 98, 99, 106, 107, 114, 115]
Return:  [10, 12, 23, 24, 27, 28, 30, 35, 37, 46, 50, 53, 55, 60, 61, 64, 80, 82, 87, 92, 93, 105, 117, 121]
	⭕  Walk to 103 (3.4 min) 
> 103 (18:51)
Rent:    [2, 17, 57, 63, 76, 81, 98, 99, 106, 107, 114, 115]
Return:  [10, 12, 23, 24, 27, 28, 30, 35, 37, 46, 50, 53, 55, 60, 61, 64, 80, 82, 87, 92, 93, 105, 117, 121]
	⭕  Bike to 55 (2.1 min) +1
> 55 (18:53)
Rent:    [2, 17, 57, 63, 76, 81, 98, 99, 106, 107, 114, 115]
Return:  [10, 12, 23, 24, 27, 28, 30, 35, 37, 46, 50, 53, 55, 60, 61, 64, 80, 82, 87, 92, 93, 105, 117, 121]
	⭕  Walk to 103 (3.4 min) 
> 103 (18:57)
Rent:    [2, 17, 57, 63, 76, 81, 98, 99, 106, 107, 114, 115]
Return:  [10, 12, 23, 24, 27, 28, 30, 35, 37, 46, 50, 53, 55, 60, 61, 64, 80, 82, 87, 92, 93, 105, 117, 121]
	⭕  Bike to 55 (2.1 min) +1
> 55 (18:59)
Rent:    [2, 17, 57, 63, 76, 81, 98, 99, 106, 107, 114, 115]
Return:  [10, 12, 23, 24, 27, 28, 30, 35, 37, 46, 50, 53, 55, 60, 61, 64, 80, 82, 87, 92, 93, 105, 117, 121]
	⭕  Walk to 103 (3.4 min) 
> 103 (19:02)
Rent:    [2, 6, 17, 44, 57, 63, 76, 98, 99, 106, 107, 114, 115, 119]
Return:  [10, 12, 24, 27, 28, 30, 34, 37, 46, 50, 53, 55, 60, 64, 80, 82, 87, 90, 92, 93, 117]
	⭕  Bike to 55 (2.1 min) +1
> 55 (19:04)
Rent:    [2, 6, 17, 44, 57, 63, 76, 98, 99, 106, 107, 114, 115, 119]
Return:  [10, 12, 24, 27, 28, 30, 34, 37, 46, 50, 53, 55, 60, 64, 80, 82, 87, 90, 92, 93, 117]
	⭕  Walk to 103 (3.4 min) 
> 103 (19:08)
Rent:    [2, 6, 17, 44, 57, 63, 76, 98, 99, 106, 107, 114, 115, 119]
Return:  [10, 12, 24, 27, 28, 30, 34, 37, 46, 50, 53, 55, 60, 64, 80, 82, 87, 90, 92, 93, 117]
	⭕  Bike to 55 (2.1 min) +1
> 55 (19:10)
Rent:    [2, 6, 17, 44, 57, 63, 76, 98, 99, 106, 107, 114, 115, 119]
Return:  [10, 12, 24, 27, 28, 30, 34, 37, 46, 50, 53, 55, 60, 64, 80, 82, 87, 90, 92, 93, 117]
	⭕  Walk to 103 (3.4 min) 
> 103 (19:13)
Rent:    [2, 6, 17, 44, 57, 63, 76, 98, 99, 106, 107, 114, 115, 119]
Return:  [10, 12, 24, 27, 28, 30, 34, 37, 46, 50, 53, 55, 60, 64, 80, 82, 87, 90, 92, 93, 117]
	⭕  Bike to 55 (2.1 min) +1
> 55 (19:15)
Rent:    [2, 6, 17, 44, 57, 63, 76, 98, 99, 106, 107, 114, 115]
Return:  [10, 24, 27, 28, 30, 37, 46, 53, 55, 60, 64, 80, 82, 87, 88, 90, 92, 93, 105, 117, 122]
	⭕  Walk to 103 (3.4 min) 
> 103 (19:19)
Rent:    [2, 6, 17, 44, 57, 63, 76, 98, 99, 106, 107, 114, 115]
Return:  [10, 24, 27, 28, 30, 37, 46, 53, 55, 60, 64, 80, 82, 87, 88, 90, 92, 93, 105, 117, 122]
	⭕  Bike to 55 (2.1 min) +1
> 55 (19:21)
Rent:    [2, 6, 17, 44, 57, 63, 76, 98, 99, 106, 107, 114, 115]
Return:  [10, 24, 27, 28, 30, 37, 46, 53, 55, 60, 64, 80, 82, 87, 88, 90, 92, 93, 105, 117, 122]
	⭕  Walk to 103 (3.4 min) 
> 103 (19:24)
Rent:    [2, 6, 17, 44, 57, 63, 76, 98, 99, 106, 107, 114, 115]
Return:  [10, 24, 27, 28, 30, 37, 46, 53, 55, 60, 64, 80, 82, 87, 88, 90, 92, 93, 105, 117, 122]
	⭕  Bike to 55 (2.1 min) +1
> 55 (19:26)
Rent:    [2, 6, 17, 44, 57, 63, 76, 98, 99, 106, 107, 114, 115]
Return:  [10, 24, 27, 28, 30, 37, 46, 53, 55, 60, 64, 80, 82, 87, 88, 90, 92, 93, 105, 117, 122]
	⭕  Walk to 103 (3.4 min) 
> 103 (19:30)
Rent:    [2, 6, 17, 44, 57, 63, 76, 98, 99, 106, 107, 114, 115]
Return:  [23, 24, 27, 28, 37, 46, 50, 53, 55, 60, 61, 64, 82, 87, 88, 92, 93, 105, 117, 121]
	⭕  Bike to 55 (2.1 min) +1
> 55 (19:32)
Rent:    [2, 6, 17, 44, 57, 63, 76, 98, 99, 106, 107, 114, 115]
Return:  [23, 24, 27, 28, 37, 46, 50, 53, 55, 60, 61, 64, 82, 87, 88, 92, 93, 105, 117, 121]
	⭕  Walk to 12 (4.7 min) 
> 12 (19:37)
Rent:    [2, 6, 17, 44, 57, 63, 76, 98, 99, 106, 107, 114, 115]
Return:  [23, 24, 27, 28, 37, 46, 50, 53, 55, 60, 61, 64, 82, 87, 88, 92, 93, 105, 117, 121]
	⭕  Bike to 53 (2.0 min) +1
> 53 (19:39)
Rent:    [2, 6, 17, 44, 57, 63, 76, 98, 99, 106, 107, 114, 115]
Return:  [23, 24, 27, 28, 37, 46, 50, 53, 55, 60, 61, 64, 82, 87, 88, 92, 93, 105, 117, 121]
	⭕  Walk to 47 (2.7 min) 
> 47 (19:41)
Rent:    [2, 6, 17, 44, 57, 63, 76, 98, 99, 106, 107, 114, 115]
Return:  [23, 24, 27, 28, 37, 46, 50, 53, 55, 60, 61, 64, 82, 87, 88, 92, 93, 105, 117, 121]
	⭕  Bike to 53 (1.2 min) +1
> 53 (19:43)
Rent:    [2, 6, 17, 44, 57, 63, 76, 98, 99, 106, 107, 114, 115]
Return:  [23, 24, 27, 28, 37, 46, 50, 53, 55, 60, 61, 64, 82, 87, 88, 92, 93, 105, 117, 121]
	⭕  Walk to 47 (2.7 min) 
> 47 (19:45)
Rent:    [2, 6, 17, 44, 57, 63, 76, 81, 98, 106, 107, 114, 115]
Return:  [23, 24, 27, 28, 30, 35, 37, 46, 50, 53, 55, 60, 61, 64, 80, 82, 87, 88, 92, 105, 117, 121, 124]
	⭕  Bike to 53 (1.2 min) +1
> 53 (19:46)
Rent:    [2, 6, 17, 44, 57, 63, 76, 81, 98, 106, 107, 114, 115]
Return:  [23, 24, 27, 28, 30, 35, 37, 46, 50, 53, 55, 60, 61, 64, 80, 82, 87, 88, 92, 105, 117, 121, 124]
	⭕  Walk to 47 (2.7 min) 
> 47 (19:49)
Rent:    [2, 6, 17, 44, 57, 63, 76, 81, 98, 106, 107, 114, 115]
Return:  [23, 24, 27, 28, 30, 35, 37, 46, 50, 53, 55, 60, 61, 64, 80, 82, 87, 88, 92, 105, 117, 121, 124]
	⭕  Bike to 53 (1.2 min) +1
> 53 (19:50)
Rent:    [2, 6, 17, 44, 57, 63, 76, 81, 98, 106, 107, 114, 115]
Return:  [23, 24, 27, 28, 30, 35, 37, 46, 50, 53, 55, 60, 61, 64, 80, 82, 87, 88, 92, 105, 117, 121, 124]
	⭕  Walk to 47 (2.7 min) 
> 47 (19:53)
Rent:    [2, 6, 17, 44, 57, 63, 76, 81, 98, 106, 107, 114, 115]
Return:  [23, 24, 27, 28, 30, 35, 37, 46, 50, 53, 55, 60, 61, 64, 80, 82, 87, 88, 92, 105, 117, 121, 124]
	⭕  Bike to 30 (2.0 min) +1
> 30 (19:55)
Rent:    [2, 6, 17, 44, 57, 63, 76, 81, 98, 106, 107, 114, 115]
Return:  [23, 24, 27, 28, 30, 35, 37, 46, 50, 53, 55, 60, 61, 64, 80, 82, 87, 88, 92, 105, 117, 121, 124]
	⭕  Walk to 82 (2.3 min) 
> 82 (19:57)
Rent:    [2, 6, 17, 44, 57, 63, 76, 81, 98, 106, 107, 114, 115]
Return:  [23, 24, 27, 28, 30, 35, 37, 46, 50, 53, 55, 60, 61, 64, 80, 82, 87, 88, 92, 105, 117, 121, 124]
	⭕  Bike to 87 (1.0 min) +1
> 87 (19:58)
Rent:    [2, 6, 17, 44, 57, 63, 76, 81, 98, 106, 107, 114, 115]
Return:  [23, 24, 27, 28, 30, 35, 37, 46, 50, 53, 55, 60, 61, 64, 80, 82, 87, 88, 92, 105, 117, 121, 124]
	⭕  Walk to 47 (2.4 min) 
> 47 (20:01)
Rent:    [2, 6, 17, 44, 57, 63, 76, 81, 98, 106, 107, 114, 115, 119]
Return:  [24, 27, 28, 30, 35, 37, 46, 50, 53, 55, 60, 61, 64, 80, 82, 87, 88, 92, 93, 102, 105, 117, 121, 124]
	⭕  Bike to 53 (1.2 min) +1
> 53 (20:02)
Rent:    [2, 6, 17, 44, 57, 63, 76, 81, 98, 106, 107, 114, 115, 119]
Return:  [24, 27, 28, 30, 35, 37, 46, 50, 53, 55, 60, 61, 64, 80, 82, 87, 88, 92, 93, 102, 105, 117, 121, 124]
	⭕  Walk to 10 (5.4 min) 
> 10 (20:07)
Rent:    [2, 6, 17, 44, 57, 63, 76, 81, 98, 106, 107, 114, 115, 119]
Return:  [24, 27, 28, 30, 35, 37, 46, 50, 53, 55, 60, 61, 64, 80, 82, 87, 88, 92, 93, 102, 105, 117, 121, 124]
	⭕  Bike to 82 (1.7 min) +1
> 82 (20:09)
Rent:    [2, 6, 17, 44, 57, 63, 76, 81, 98, 106, 107, 114, 115, 119]
Return:  [24, 27, 28, 30, 35, 37, 46, 50, 53, 55, 60, 61, 64, 80, 82, 87, 88, 92, 93, 102, 105, 117, 121, 124]
	⭕  Walk to 66 (5.5 min) 
> 66 (20:15)
Rent:    [2, 17, 44, 54, 57, 81, 98, 106, 107, 114, 115]
Return:  [24, 27, 28, 30, 35, 37, 46, 50, 53, 55, 60, 61, 64, 80, 87, 88, 92, 93, 105, 117, 121, 124]
	⭕  Bike to 28 (1.6 min) +1
> 28 (20:16)
Rent:    [2, 17, 44, 54, 57, 81, 98, 106, 107, 114, 115]
Return:  [24, 27, 28, 30, 35, 37, 46, 50, 53, 55, 60, 61, 64, 80, 87, 88, 92, 93, 105, 117, 121, 124]
	⭕  Walk to 66 (4.3 min) 
> 66 (20:21)
Rent:    [2, 17, 44, 54, 57, 81, 98, 106, 107, 114, 115]
Return:  [24, 27, 28, 30, 35, 37, 46, 50, 53, 55, 60, 61, 64, 80, 87, 88, 92, 93, 105, 117, 121, 124]
	⭕  Bike to 28 (1.6 min) +1
> 28 (20:22)
Rent:    [2, 17, 44, 54, 57, 81, 98, 106, 107, 114, 115]
Return:  [24, 27, 28, 30, 35, 37, 46, 50, 53, 55, 60, 61, 64, 80, 87, 88, 92, 93, 105, 117, 121, 124]
	⭕  Walk to 82 (6.0 min) 
> 82 (20:28)
Rent:    [2, 17, 44, 54, 57, 81, 98, 106, 107, 114, 115]
Return:  [24, 27, 28, 30, 35, 37, 46, 50, 53, 55, 60, 61, 64, 80, 87, 88, 92, 93, 105, 117, 121, 124]
	⭕  Bike to 53 (1.4 min) +1
> 53 (20:30)
Rent:    [2, 6, 17, 44, 54, 57, 81, 98, 106, 107, 114, 115, 119]
Return:  [23, 24, 27, 28, 30, 34, 35, 37, 45, 46, 47, 50, 53, 55, 60, 61, 64, 80, 87, 88, 92, 93, 105, 117, 121, 124]
	⭕  Walk to 12 (3.4 min) 
> 12 (20:33)
Rent:    [2, 6, 17, 44, 54, 57, 81, 98, 106, 107, 114, 115, 119]
Return:  [23, 24, 27, 28, 30, 34, 35, 37, 45, 46, 47, 50, 53, 55, 60, 61, 64, 80, 87, 88, 92, 93, 105, 117, 121, 124]
	⭕  Bike to 93 (1.5 min) +1
> 93 (20:34)
Rent:    [2, 6, 17, 44, 54, 57, 81, 98, 106, 107, 114, 115, 119]
Return:  [23, 24, 27, 28, 30, 34, 35, 37, 45, 46, 47, 50, 53, 55, 60, 61, 64, 80, 87, 88, 92, 93, 105, 117, 121, 124]
	⭕  Walk to 8 (5.9 min) 
> 8 (20:40)
Rent:    [2, 6, 17, 44, 54, 57, 81, 98, 106, 107, 114, 115, 119]
Return:  [23, 24, 27, 28, 30, 34, 35, 37, 45, 46, 47, 50, 53, 55, 60, 61, 64, 80, 87, 88, 92, 93, 105, 117, 121, 124]
	⭕  Bike to 50 (2.0 min) +1
> 50 (20:42)
Rent:    [2, 6, 17, 44, 54, 57, 81, 98, 106, 107, 114, 115, 119]
Return:  [23, 24, 27, 28, 30, 34, 35, 37, 45, 46, 47, 50, 53, 55, 60, 61, 64, 80, 87, 88, 92, 93, 105, 117, 121, 124]
	⭕  Walk to 5 (2.5 min) 
> 5 (20:45)
Rent:    [2, 6, 17, 44, 54, 57, 63, 81, 98, 106, 107, 114, 115, 119]
Return:  [10, 24, 27, 28, 30, 34, 35, 37, 45, 46, 47, 50, 53, 55, 60, 64, 66, 77, 80, 82, 87, 88, 92, 102, 105, 117, 121, 124]
	⭕  Bike to 50 (1.0 min) +1
> 50 (20:46)
Rent:    [2, 6, 17, 44, 54, 57, 63, 81, 98, 106, 107, 114, 115, 119]
Return:  [10, 24, 27, 28, 30, 34, 35, 37, 45, 46, 47, 50, 53, 55, 60, 64, 66, 77, 80, 82, 87, 88, 92, 102, 105, 117, 121, 124]
	⭕  Walk to 5 (2.5 min) 
> 5 (20:48)
Rent:    [2, 6, 17, 44, 54, 57, 63, 81, 98, 106, 107, 114, 115, 119]
Return:  [10, 24, 27, 28, 30, 34, 35, 37, 45, 46, 47, 50, 53, 55, 60, 64, 66, 77, 80, 82, 87, 88, 92, 102, 105, 117, 121, 124]
	⭕  Bike to 50 (1.0 min) +1
> 50 (20:49)
Rent:    [2, 6, 17, 44, 54, 57, 63, 81, 98, 106, 107, 114, 115, 119]
Return:  [10, 24, 27, 28, 30, 34, 35, 37, 45, 46, 47, 50, 53, 55, 60, 64, 66, 77, 80, 82, 87, 88, 92, 102, 105, 117, 121, 124]
	⭕  Walk to 5 (2.5 min) 
> 5 (20:52)
Rent:    [2, 6, 17, 44, 54, 57, 63, 81, 98, 106, 107, 114, 115, 119]
Return:  [10, 24, 27, 28, 30, 34, 35, 37, 45, 46, 47, 50, 53, 55, 60, 64, 66, 77, 80, 82, 87, 88, 92, 102, 105, 117, 121, 124]
	⭕  Bike to 50 (1.0 min) +1
> 50 (20:53)
Rent:    [2, 6, 17, 44, 54, 57, 63, 81, 98, 106, 107, 114, 115, 119]
Return:  [10, 24, 27, 28, 30, 34, 35, 37, 45, 46, 47, 50, 53, 55, 60, 64, 66, 77, 80, 82, 87, 88, 92, 102, 105, 117, 121, 124]
	⭕  Walk to 5 (2.5 min) 
> 5 (20:55)
Rent:    [2, 6, 17, 44, 54, 57, 63, 81, 98, 106, 107, 114, 115, 119]
Return:  [10, 24, 27, 28, 30, 34, 35, 37, 45, 46, 47, 50, 53, 55, 60, 64, 66, 77, 80, 82, 87, 88, 92, 102, 105, 117, 121, 124]
	⭕  Bike to 50 (1.0 min) +1
> 50 (20:56)
Rent:    [2, 6, 17, 44, 54, 57, 63, 81, 98, 106, 107, 114, 115, 119]
Return:  [10, 24, 27, 28, 30, 34, 35, 37, 45, 46, 47, 50, 53, 55, 60, 64, 66, 77, 80, 82, 87, 88, 92, 102, 105, 117, 121, 124]
	⭕  Walk to 5 (2.5 min) 
> 5 (20:59)
Rent:    [2, 6, 17, 44, 54, 57, 63, 81, 98, 106, 107, 114, 115, 119]
Return:  [10, 24, 27, 28, 30, 34, 35, 37, 45, 46, 47, 50, 53, 55, 60, 64, 66, 77, 80, 82, 87, 88, 92, 102, 105, 117, 121, 124]
	⭕  Bike to 50 (1.0 min) +1
> 50 (21:00)
Rent:    [2, 6, 17, 44, 54, 57, 81, 98, 106, 107, 114, 115]
Return:  [10, 19, 24, 27, 28, 34, 35, 37, 45, 46, 47, 50, 53, 55, 60, 64, 66, 77, 80, 82, 87, 88, 92, 102, 105, 117, 121]
	⭕  Walk to 5 (2.5 min) 
> 5 (21:02)
Rent:    [2, 6, 17, 44, 54, 57, 81, 98, 106, 107, 114, 115]
Return:  [10, 19, 24, 27, 28, 34, 35, 37, 45, 46, 47, 50, 53, 55, 60, 64, 66, 77, 80, 82, 87, 88, 92, 102, 105, 117, 121]
	⭕  Bike to 50 (1.0 min) +1
> 50 (21:03)
Rent:    [2, 6, 17, 44, 54, 57, 81, 98, 106, 107, 114, 115]
Return:  [10, 19, 24, 27, 28, 34, 35, 37, 45, 46, 47, 50, 53, 55, 60, 64, 66, 77, 80, 82, 87, 88, 92, 102, 105, 117, 121]
	⭕  Walk to 5 (2.5 min) 
> 5 (21:06)
Rent:    [2, 6, 17, 44, 54, 57, 81, 98, 106, 107, 114, 115]
Return:  [10, 19, 24, 27, 28, 34, 35, 37, 45, 46, 47, 50, 53, 55, 60, 64, 66, 77, 80, 82, 87, 88, 92, 102, 105, 117, 121]
	⭕  Bike to 50 (1.0 min) +1
> 50 (21:07)
Rent:    [2, 6, 17, 44, 54, 57, 81, 98, 106, 107, 114, 115]
Return:  [10, 19, 24, 27, 28, 34, 35, 37, 45, 46, 47, 50, 53, 55, 60, 64, 66, 77, 80, 82, 87, 88, 92, 102, 105, 117, 121]
	⭕  Walk to 5 (2.5 min) 
> 5 (21:09)
Rent:    [2, 6, 17, 44, 54, 57, 81, 98, 106, 107, 114, 115]
Return:  [10, 19, 24, 27, 28, 34, 35, 37, 45, 46, 47, 50, 53, 55, 60, 64, 66, 77, 80, 82, 87, 88, 92, 102, 105, 117, 121]
	⭕  Bike to 50 (1.0 min) +1
> 50 (21:10)
Rent:    [2, 6, 17, 44, 54, 57, 81, 98, 106, 107, 114, 115]
Return:  [10, 19, 24, 27, 28, 34, 35, 37, 45, 46, 47, 50, 53, 55, 60, 64, 66, 77, 80, 82, 87, 88, 92, 102, 105, 117, 121]
	⭕  Walk to 5 (2.5 min) 
> 5 (21:13)
Rent:    [2, 6, 17, 44, 54, 57, 81, 98, 106, 107, 114, 115]
Return:  [10, 19, 24, 27, 28, 34, 35, 37, 45, 46, 47, 50, 53, 55, 60, 64, 66, 77, 80, 82, 87, 88, 92, 102, 105, 117, 121]
	⭕  Bike to 50 (1.0 min) +1
> 50 (21:14)
Rent:    [2, 6, 17, 44, 54, 57, 81, 98, 106, 107, 114, 115]
Return:  [10, 19, 24, 27, 28, 34, 35, 37, 45, 46, 47, 50, 53, 55, 60, 64, 66, 77, 80, 82, 87, 88, 92, 102, 105, 117, 121]
	⭕  Walk to 5 (2.5 min) 
> 5 (21:16)
Rent:    [2, 6, 17, 44, 54, 57, 63, 98, 107, 114, 115, 119]
Return:  [10, 12, 19, 24, 27, 28, 29, 35, 37, 45, 46, 47, 50, 53, 55, 60, 64, 66, 80, 82, 87, 88, 92, 102, 117, 121]
	⭕  Bike to 50 (1.0 min) +1
> 50 (21:17)
Rent:    [2, 6, 17, 44, 54, 57, 63, 98, 107, 114, 115, 119]
Return:  [10, 12, 19, 24, 27, 28, 29, 35, 37, 45, 46, 47, 50, 53, 55, 60, 64, 66, 80, 82, 87, 88, 92, 102, 117, 121]
	⭕  Walk to 5 (2.5 min) 
> 5 (21:20)
Rent:    [2, 6, 17, 44, 54, 57, 63, 98, 107, 114, 115, 119]
Return:  [10, 12, 19, 24, 27, 28, 29, 35, 37, 45, 46, 47, 50, 53, 55, 60, 64, 66, 80, 82, 87, 88, 92, 102, 117, 121]
	⭕  Bike to 50 (1.0 min) +1
> 50 (21:21)
Rent:    [2, 6, 17, 44, 54, 57, 63, 98, 107, 114, 115, 119]
Return:  [10, 12, 19, 24, 27, 28, 29, 35, 37, 45, 46, 47, 50, 53, 55, 60, 64, 66, 80, 82, 87, 88, 92, 102, 117, 121]
	⭕  Walk to 5 (2.5 min) 
> 5 (21:23)
Rent:    [2, 6, 17, 44, 54, 57, 63, 98, 107, 114, 115, 119]
Return:  [10, 12, 19, 24, 27, 28, 29, 35, 37, 45, 46, 47, 50, 53, 55, 60, 64, 66, 80, 82, 87, 88, 92, 102, 117, 121]
	⭕  Bike to 50 (1.0 min) +1
> 50 (21:24)
Rent:    [2, 6, 17, 44, 54, 57, 63, 98, 107, 114, 115, 119]
Return:  [10, 12, 19, 24, 27, 28, 29, 35, 37, 45, 46, 47, 50, 53, 55, 60, 64, 66, 80, 82, 87, 88, 92, 102, 117, 121]
	⭕  Walk to 104 (3.9 min) 
> 104 (21:28)
Rent:    [2, 6, 17, 44, 54, 57, 63, 98, 107, 114, 115, 119]
Return:  [10, 12, 19, 24, 27, 28, 29, 35, 37, 45, 46, 47, 50, 53, 55, 60, 64, 66, 80, 82, 87, 88, 92, 102, 117, 121]
	⭕  Bike to 50 (1.4 min) +1
> 50 (21:29)
Rent:    [2, 6, 17, 44, 54, 57, 63, 98, 107, 114, 115, 119]
Return:  [10, 12, 19, 24, 27, 28, 29, 35, 37, 45, 46, 47, 50, 53, 55, 60, 64, 66, 80, 82, 87, 88, 92, 102, 117, 121]
	⭕  Walk to 104 (3.9 min) 
> 104 (21:33)
Rent:    [2, 6, 44, 54, 57, 81, 98, 107, 114, 115]
Return:  [5, 10, 12, 19, 24, 27, 28, 35, 37, 45, 46, 47, 50, 53, 55, 60, 64, 66, 77, 80, 82, 87, 88, 92, 102, 117]
	⭕  Bike to 5 (1.3 min) +1
> 5 (21:35)
Rent:    [2, 6, 44, 54, 57, 81, 98, 107, 114, 115]
Return:  [5, 10, 12, 19, 24, 27, 28, 35, 37, 45, 46, 47, 50, 53, 55, 60, 64, 66, 77, 80, 82, 87, 88, 92, 102, 117]
	⭕  Walk to 33 (3.0 min) 
> 33 (21:38)
Rent:    [2, 6, 44, 54, 57, 81, 98, 107, 114, 115]
Return:  [5, 10, 12, 19, 24, 27, 28, 35, 37, 45, 46, 47, 50, 53, 55, 60, 64, 66, 77, 80, 82, 87, 88, 92, 102, 117]
	⭕  Bike to 5 (0.9 min) +1
> 5 (21:39)
Rent:    [2, 6, 44, 54, 57, 81, 98, 107, 114, 115]
Return:  [5, 10, 12, 19, 24, 27, 28, 35, 37, 45, 46, 47, 50, 53, 55, 60, 64, 66, 77, 80, 82, 87, 88, 92, 102, 117]
	⭕  Walk to 33 (3.0 min) 
> 33 (21:42)
Rent:    [2, 6, 44, 54, 57, 81, 98, 107, 114, 115]
Return:  [5, 10, 12, 19, 24, 27, 28, 35, 37, 45, 46, 47, 50, 53, 55, 60, 64, 66, 77, 80, 82, 87, 88, 92, 102, 117]
	⭕  Bike to 5 (0.9 min) +1
> 5 (21:43)
Rent:    [2, 6, 44, 54, 57, 81, 98, 107, 114, 115]
Return:  [5, 10, 12, 19, 24, 27, 28, 35, 37, 45, 46, 47, 50, 53, 55, 60, 64, 66, 77, 80, 82, 87, 88, 92, 102, 117]
	⭕  Walk to 33 (3.0 min) 
> 33 (21:46)
Rent:    [2, 6, 44, 54, 57, 81, 98, 99, 107, 114]
Return:  [5, 10, 19, 24, 27, 28, 34, 37, 46, 50, 53, 55, 60, 64, 66, 77, 80, 87, 88, 92, 102, 117]
	⭕  Bike to 5 (0.9 min) +1
> 5 (21:47)
Rent:    [2, 6, 44, 54, 57, 81, 98, 99, 107, 114]
Return:  [5, 10, 19, 24, 27, 28, 34, 37, 46, 50, 53, 55, 60, 64, 66, 77, 80, 87, 88, 92, 102, 117]
	⭕  Walk to 33 (3.0 min) 
> 33 (21:50)
Rent:    [2, 6, 44, 54, 57, 81, 98, 99, 107, 114]
Return:  [5, 10, 19, 24, 27, 28, 34, 37, 46, 50, 53, 55, 60, 64, 66, 77, 80, 87, 88, 92, 102, 117]
	⭕  Bike to 5 (0.9 min) +1
> 5 (21:50)
Rent:    [2, 6, 44, 54, 57, 81, 98, 99, 107, 114]
Return:  [5, 10, 19, 24, 27, 28, 34, 37, 46, 50, 53, 55, 60, 64, 66, 77, 80, 87, 88, 92, 102, 117]
	⭕  Walk to 8 (2.6 min) 
> 8 (21:53)
Rent:    [2, 6, 44, 54, 57, 81, 98, 99, 107, 114]
Return:  [5, 10, 19, 24, 27, 28, 34, 37, 46, 50, 53, 55, 60, 64, 66, 77, 80, 87, 88, 92, 102, 117]
	⭕  Bike to 5 (1.9 min) +1
> 5 (21:55)
Rent:    [2, 6, 44, 54, 57, 81, 98, 99, 107, 114]
Return:  [5, 10, 19, 24, 27, 28, 34, 37, 46, 50, 53, 55, 60, 64, 66, 77, 80, 87, 88, 92, 102, 117]
	⭕  Walk to 8 (2.6 min) 
> 8 (21:58)
Rent:    [2, 6, 44, 54, 57, 81, 98, 99, 107, 114]
Return:  [5, 10, 19, 24, 27, 28, 34, 37, 46, 50, 53, 55, 60, 64, 66, 77, 80, 87, 88, 92, 102, 117]
	⭕  Bike to 5 (1.9 min) +1
> 5 (22:00)
Rent:    [2, 6, 36, 44, 54, 57, 79, 81, 98, 99, 106, 107, 114]
Return:  [5, 10, 12, 19, 27, 28, 33, 34, 37, 46, 47, 50, 53, 55, 60, 61, 64, 66, 77, 80, 87, 88, 92, 93, 102, 105, 117, 121]
	⭕  Walk to 8 (2.6 min) 
> 8 (22:02)
Rent:    [2, 6, 36, 44, 54, 57, 79, 81, 98, 99, 106, 107, 114]
Return:  [5, 10, 12, 19, 27, 28, 33, 34, 37, 46, 47, 50, 53, 55, 60, 61, 64, 66, 77, 80, 87, 88, 92, 93, 102, 105, 117, 121]
	⭕  Bike to 5 (1.9 min) +1
> 5 (22:04)
Rent:    [2, 6, 36, 44, 54, 57, 79, 81, 98, 99, 106, 107, 114]
Return:  [5, 10, 12, 19, 27, 28, 33, 34, 37, 46, 47, 50, 53, 55, 60, 61, 64, 66, 77, 80, 87, 88, 92, 93, 102, 105, 117, 121]
	⭕  Walk to 8 (2.6 min) 
> 8 (22:07)
Rent:    [2, 6, 36, 44, 54, 57, 79, 81, 98, 99, 106, 107, 114]
Return:  [5, 10, 12, 19, 27, 28, 33, 34, 37, 46, 47, 50, 53, 55, 60, 61, 64, 66, 77, 80, 87, 88, 92, 93, 102, 105, 117, 121]
	⭕  Bike to 5 (1.9 min) +1
> 5 (22:09)
Rent:    [2, 6, 36, 44, 54, 57, 79, 81, 98, 99, 106, 107, 114]
Return:  [5, 10, 12, 19, 27, 28, 33, 34, 37, 46, 47, 50, 53, 55, 60, 61, 64, 66, 77, 80, 87, 88, 92, 93, 102, 105, 117, 121]
	⭕  Walk to 8 (2.6 min) 
> 8 (22:11)
Rent:    [2, 6, 36, 44, 54, 57, 79, 81, 98, 99, 106, 107, 114]
Return:  [5, 10, 12, 19, 27, 28, 33, 34, 37, 46, 47, 50, 53, 55, 60, 61, 64, 66, 77, 80, 87, 88, 92, 93, 102, 105, 117, 121]
	⭕  Bike to 5 (1.9 min) +1
> 5 (22:13)
Rent:    [2, 6, 36, 44, 54, 57, 79, 81, 98, 99, 106, 107, 114]
Return:  [5, 10, 12, 19, 27, 28, 33, 34, 37, 46, 47, 50, 53, 55, 60, 61, 64, 66, 77, 80, 87, 88, 92, 93, 102, 105, 117, 121]
	⭕  Walk to 33 (3.0 min) 
> 33 (22:16)
Rent:    [2, 6, 17, 44, 54, 57, 63, 72, 79, 81, 98, 99, 106, 107, 109, 114]
Return:  [5, 10, 12, 19, 24, 27, 28, 37, 45, 46, 47, 50, 53, 55, 60, 64, 66, 77, 80, 82, 87, 88, 93, 102, 105, 117, 121, 122]
	⭕  Bike to 5 (0.9 min) +1
> 5 (22:17)
Rent:    [2, 6, 17, 44, 54, 57, 63, 72, 79, 81, 98, 99, 106, 107, 109, 114]
Return:  [5, 10, 12, 19, 24, 27, 28, 37, 45, 46, 47, 50, 53, 55, 60, 64, 66, 77, 80, 82, 87, 88, 93, 102, 105, 117, 121, 122]
	⭕  Walk to 8 (2.6 min) 
> 8 (22:20)
Rent:    [2, 6, 17, 44, 54, 57, 63, 72, 79, 81, 98, 99, 106, 107, 109, 114]
Return:  [5, 10, 12, 19, 24, 27, 28, 37, 45, 46, 47, 50, 53, 55, 60, 64, 66, 77, 80, 82, 87, 88, 93, 102, 105, 117, 121, 122]
	⭕  Bike to 5 (1.9 min) +1
> 5 (22:22)
Rent:    [2, 6, 17, 44, 54, 57, 63, 72, 79, 81, 98, 99, 106, 107, 109, 114]
Return:  [5, 10, 12, 19, 24, 27, 28, 37, 45, 46, 47, 50, 53, 55, 60, 64, 66, 77, 80, 82, 87, 88, 93, 102, 105, 117, 121, 122]
	⭕  Walk to 8 (2.6 min) 
> 8 (22:24)
Rent:    [2, 6, 17, 44, 54, 57, 63, 72, 79, 81, 98, 99, 106, 107, 109, 114]
Return:  [5, 10, 12, 19, 24, 27, 28, 37, 45, 46, 47, 50, 53, 55, 60, 64, 66, 77, 80, 82, 87, 88, 93, 102, 105, 117, 121, 122]
	⭕  Bike to 5 (1.9 min) +1
> 5 (22:26)
Rent:    [2, 6, 17, 44, 54, 57, 63, 72, 79, 81, 98, 99, 106, 107, 109, 114]
Return:  [5, 10, 12, 19, 24, 27, 28, 37, 45, 46, 47, 50, 53, 55, 60, 64, 66, 77, 80, 82, 87, 88, 93, 102, 105, 117, 121, 122]
	⭕  Walk to 8 (2.6 min) 
> 8 (22:29)
Rent:    [2, 6, 17, 44, 54, 57, 63, 72, 79, 81, 98, 99, 106, 107, 109, 114]
Return:  [5, 10, 12, 19, 24, 27, 28, 37, 45, 46, 47, 50, 53, 55, 60, 64, 66, 77, 80, 82, 87, 88, 93, 102, 105, 117, 121, 122]
	⭕  Bike to 5 (1.9 min) +1
> 5 (22:31)
Rent:    [2, 6, 17, 32, 44, 54, 57, 63, 72, 79, 81, 98, 99, 106, 107, 114, 115]
Return:  [5, 10, 12, 19, 24, 27, 28, 29, 33, 37, 45, 46, 50, 53, 55, 60, 64, 66, 77, 80, 87, 88, 92, 93, 102, 104, 105, 117, 121, 122]
	⭕  Walk to 8 (2.6 min) 
> 8 (22:34)
Rent:    [2, 6, 17, 32, 44, 54, 57, 63, 72, 79, 81, 98, 99, 106, 107, 114, 115]
Return:  [5, 10, 12, 19, 24, 27, 28, 29, 33, 37, 45, 46, 50, 53, 55, 60, 64, 66, 77, 80, 87, 88, 92, 93, 102, 104, 105, 117, 121, 122]
	⭕  Bike to 93 (2.5 min) +1
> 93 (22:36)
Rent:    [2, 6, 17, 32, 44, 54, 57, 63, 72, 79, 81, 98, 99, 106, 107, 114, 115]
Return:  [5, 10, 12, 19, 24, 27, 28, 29, 33, 37, 45, 46, 50, 53, 55, 60, 64, 66, 77, 80, 87, 88, 92, 93, 102, 104, 105, 117, 121, 122]
	⭕  Walk to 61 (3.8 min) 
> 61 (22:40)
Rent:    [2, 6, 17, 32, 44, 54, 57, 63, 72, 79, 81, 98, 99, 106, 107, 114, 115]
Return:  [5, 10, 12, 19, 24, 27, 28, 29, 33, 37, 45, 46, 50, 53, 55, 60, 64, 66, 77, 80, 87, 88, 92, 93, 102, 104, 105, 117, 121, 122]
	⭕  Bike to 92 (2.4 min) +1
> 92 (22:42)
Rent:    [2, 6, 17, 32, 44, 54, 57, 63, 72, 79, 81, 98, 99, 106, 107, 114, 115]
Return:  [5, 10, 12, 19, 24, 27, 28, 29, 33, 37, 45, 46, 50, 53, 55, 60, 64, 66, 77, 80, 87, 88, 92, 93, 102, 104, 105, 117, 121, 122]
	⭕  Walk to 61 (5.5 min) 
> 61 (22:48)
Rent:    [2, 6, 17, 44, 57, 79, 81, 98, 99, 106, 107, 114, 115]
Return:  [12, 19, 24, 27, 28, 29, 33, 37, 45, 46, 47, 50, 53, 55, 60, 64, 66, 77, 80, 82, 87, 88, 92, 93, 101, 102, 104, 105, 117, 121, 122]
	⭕  Bike to 93 (1.4 min) +1
> 93 (22:49)
Rent:    [2, 6, 17, 44, 57, 79, 81, 98, 99, 106, 107, 114, 115]
Return:  [12, 19, 24, 27, 28, 29, 33, 37, 45, 46, 47, 50, 53, 55, 60, 64, 66, 77, 80, 82, 87, 88, 92, 93, 101, 102, 104, 105, 117, 121, 122]
	⭕  Walk to 8 (5.9 min) 
> 8 (22:55)
Rent:    [2, 6, 17, 44, 57, 79, 81, 98, 99, 106, 107, 114, 115]
Return:  [12, 19, 24, 27, 28, 29, 33, 37, 45, 46, 47, 50, 53, 55, 60, 64, 66, 77, 80, 82, 87, 88, 92, 93, 101, 102, 104, 105, 117, 121, 122]
	⭕  Bike to 50 (2.0 min) +1
> 50 (22:57)
Rent:    [2, 6, 17, 44, 57, 79, 81, 98, 99, 106, 107, 114, 115]
Return:  [12, 19, 24, 27, 28, 29, 33, 37, 45, 46, 47, 50, 53, 55, 60, 64, 66, 77, 80, 82, 87, 88, 92, 93, 101, 102, 104, 105, 117, 121, 122]
	🔵  End excursion
	⭕  Walk to 5 (2.5 min) 
> 5 (22:59)

---------- Excursion Complete ----------
End time: 22:59
Final station: 5
Bike count: 92
Walk count: 92
Wait count: 0
Total reward: 96
Seed: 3822281285

