Generated random seed: 241100832
---------- Starting Excursion -----------
Warmup time: 4.0 hours
Start time: 16:00 
Excursion time: 7.0 hours

> 1 (16:00)
Rent:    [6, 57, 72, 97, 107, 115, 119]
Return:  [12, 14, 21, 28, 29, 30, 33, 37, 46, 50, 55, 60, 61, 64, 66, 71, 82, 87, 92, 101, 117, 122]
	⭕  Bike to 30 (3.8 min) +1
> 30 (16:03)
Rent:    [6, 57, 72, 97, 107, 115, 119]
Return:  [12, 14, 21, 28, 29, 30, 33, 37, 46, 50, 55, 60, 61, 64, 66, 71, 82, 87, 92, 101, 117, 122]
	⭕  Walk to 77 (3.4 min) 
> 77 (16:07)
Rent:    [6, 57, 72, 97, 107, 115, 119]
Return:  [12, 14, 21, 28, 29, 30, 33, 37, 46, 50, 55, 60, 61, 64, 66, 71, 82, 87, 92, 101, 117, 122]
	⭕  Bike to 66 (1.2 min) +1
> 66 (16:08)
Rent:    [6, 57, 72, 97, 107, 115, 119]
Return:  [12, 14, 21, 28, 29, 30, 33, 37, 46, 50, 55, 60, 61, 64, 66, 71, 82, 87, 92, 101, 117, 122]
	⭕  Walk to 102 (1.7 min) 
> 102 (16:10)
Rent:    [6, 57, 72, 97, 107, 115, 119]
Return:  [12, 14, 21, 28, 29, 30, 33, 37, 46, 50, 55, 60, 61, 64, 66, 71, 82, 87, 92, 101, 117, 122]
	⭕  Bike to 66 (0.7 min) +1
> 66 (16:10)
Rent:    [6, 57, 72, 97, 107, 115, 119]
Return:  [12, 14, 21, 28, 29, 30, 33, 37, 46, 50, 55, 60, 61, 64, 66, 71, 82, 87, 92, 101, 117, 122]
	⭕  Walk to 102 (1.7 min) 
> 102 (16:12)
Rent:    [6, 57, 72, 97, 107, 115, 119]
Return:  [12, 14, 21, 28, 29, 30, 33, 37, 46, 50, 55, 60, 61, 64, 66, 71, 82, 87, 92, 101, 117, 122]
	⭕  Bike to 66 (0.7 min) +1
> 66 (16:13)
Rent:    [6, 57, 72, 97, 107, 115, 119]
Return:  [12, 14, 21, 28, 29, 30, 33, 37, 46, 50, 55, 60, 61, 64, 66, 71, 82, 87, 92, 101, 117, 122]
	⭕  Walk to 102 (1.7 min) 
> 102 (16:14)
Rent:    [6, 57, 72, 97, 107, 115, 119]
Return:  [12, 14, 21, 28, 29, 30, 33, 37, 46, 50, 55, 60, 61, 64, 66, 71, 82, 87, 92, 101, 117, 122]
	⭕  Bike to 66 (0.7 min) +1
> 66 (16:15)
Rent:    [6, 57, 72, 97, 107, 115]
Return:  [10, 12, 14, 21, 23, 28, 30, 33, 37, 46, 50, 60, 61, 64, 66, 71, 82, 87, 92, 101, 117, 122]
	⭕  Walk to 102 (1.7 min) 
> 102 (16:17)
Rent:    [6, 57, 72, 97, 107, 115]
Return:  [10, 12, 14, 21, 23, 28, 30, 33, 37, 46, 50, 60, 61, 64, 66, 71, 82, 87, 92, 101, 117, 122]
	⭕  Bike to 66 (0.7 min) +1
> 66 (16:18)
Rent:    [6, 57, 72, 97, 107, 115]
Return:  [10, 12, 14, 21, 23, 28, 30, 33, 37, 46, 50, 60, 61, 64, 66, 71, 82, 87, 92, 101, 117, 122]
	⭕  Walk to 102 (1.7 min) 
> 102 (16:19)
Rent:    [6, 57, 72, 97, 107, 115]
Return:  [10, 12, 14, 21, 23, 28, 30, 33, 37, 46, 50, 60, 61, 64, 66, 71, 82, 87, 92, 101, 117, 122]
	⭕  Bike to 66 (0.7 min) +1
> 66 (16:20)
Rent:    [6, 57, 72, 97, 107, 115]
Return:  [10, 12, 14, 21, 23, 28, 30, 33, 37, 46, 50, 60, 61, 64, 66, 71, 82, 87, 92, 101, 117, 122]
	⭕  Walk to 102 (1.7 min) 
> 102 (16:22)
Rent:    [6, 57, 72, 97, 107, 115]
Return:  [10, 12, 14, 21, 23, 28, 30, 33, 37, 46, 50, 60, 61, 64, 66, 71, 82, 87, 92, 101, 117, 122]
	⭕  Bike to 66 (0.7 min) +1
> 66 (16:22)
Rent:    [6, 57, 72, 97, 107, 115]
Return:  [10, 12, 14, 21, 23, 28, 30, 33, 37, 46, 50, 60, 61, 64, 66, 71, 82, 87, 92, 101, 117, 122]
	⭕  Walk to 102 (1.7 min) 
> 102 (16:24)
Rent:    [6, 57, 72, 97, 107, 115]
Return:  [10, 12, 14, 21, 23, 28, 30, 33, 37, 46, 50, 60, 61, 64, 66, 71, 82, 87, 92, 101, 117, 122]
	⭕  Bike to 66 (0.7 min) +1
> 66 (16:25)
Rent:    [6, 57, 72, 97, 107, 115]
Return:  [10, 12, 14, 21, 23, 28, 30, 33, 37, 46, 50, 60, 61, 64, 66, 71, 82, 87, 92, 101, 117, 122]
	⭕  Walk to 102 (1.7 min) 
> 102 (16:26)
Rent:    [6, 57, 72, 97, 107, 115]
Return:  [10, 12, 14, 21, 23, 28, 30, 33, 37, 46, 50, 60, 61, 64, 66, 71, 82, 87, 92, 101, 117, 122]
	⭕  Bike to 66 (0.7 min) +1
> 66 (16:27)
Rent:    [6, 57, 72, 97, 107, 115]
Return:  [10, 12, 14, 21, 23, 28, 30, 33, 37, 46, 50, 60, 61, 64, 66, 71, 82, 87, 92, 101, 117, 122]
	⭕  Walk to 102 (1.7 min) 
> 102 (16:29)
Rent:    [6, 57, 72, 97, 107, 115]
Return:  [10, 12, 14, 21, 23, 28, 30, 33, 37, 46, 50, 60, 61, 64, 66, 71, 82, 87, 92, 101, 117, 122]
	⭕  Bike to 66 (0.7 min) +1
> 66 (16:30)
Rent:    [6, 57, 72, 97, 107, 115, 119]
Return:  [12, 14, 21, 23, 24, 28, 30, 33, 37, 46, 50, 60, 61, 64, 66, 71, 82, 87, 117]
	⭕  Walk to 102 (1.7 min) 
> 102 (16:31)
Rent:    [6, 57, 72, 97, 107, 115, 119]
Return:  [12, 14, 21, 23, 24, 28, 30, 33, 37, 46, 50, 60, 61, 64, 66, 71, 82, 87, 117]
	⭕  Bike to 66 (0.7 min) +1
> 66 (16:32)
Rent:    [6, 57, 72, 97, 107, 115, 119]
Return:  [12, 14, 21, 23, 24, 28, 30, 33, 37, 46, 50, 60, 61, 64, 66, 71, 82, 87, 117]
	⭕  Walk to 102 (1.7 min) 
> 102 (16:34)
Rent:    [6, 57, 72, 97, 107, 115, 119]
Return:  [12, 14, 21, 23, 24, 28, 30, 33, 37, 46, 50, 60, 61, 64, 66, 71, 82, 87, 117]
	⭕  Bike to 66 (0.7 min) +1
> 66 (16:34)
Rent:    [6, 57, 72, 97, 107, 115, 119]
Return:  [12, 14, 21, 23, 24, 28, 30, 33, 37, 46, 50, 60, 61, 64, 66, 71, 82, 87, 117]
	⭕  Walk to 102 (1.7 min) 
> 102 (16:36)
Rent:    [6, 57, 72, 97, 107, 115, 119]
Return:  [12, 14, 21, 23, 24, 28, 30, 33, 37, 46, 50, 60, 61, 64, 66, 71, 82, 87, 117]
	⭕  Bike to 66 (0.7 min) +1
> 66 (16:37)
Rent:    [6, 57, 72, 97, 107, 115, 119]
Return:  [12, 14, 21, 23, 24, 28, 30, 33, 37, 46, 50, 60, 61, 64, 66, 71, 82, 87, 117]
	⭕  Walk to 102 (1.7 min) 
> 102 (16:39)
Rent:    [6, 57, 72, 97, 107, 115, 119]
Return:  [12, 14, 21, 23, 24, 28, 30, 33, 37, 46, 50, 60, 61, 64, 66, 71, 82, 87, 117]
	⭕  Bike to 66 (0.7 min) +1
> 66 (16:39)
Rent:    [6, 57, 72, 97, 107, 115, 119]
Return:  [12, 14, 21, 23, 24, 28, 30, 33, 37, 46, 50, 60, 61, 64, 66, 71, 82, 87, 117]
	⭕  Walk to 102 (1.7 min) 
> 102 (16:41)
Rent:    [6, 57, 72, 97, 107, 115, 119]
Return:  [12, 14, 21, 23, 24, 28, 30, 33, 37, 46, 50, 60, 61, 64, 66, 71, 82, 87, 117]
	⭕  Bike to 66 (0.7 min) +1
> 66 (16:42)
Rent:    [6, 57, 72, 97, 107, 115, 119]
Return:  [12, 14, 21, 23, 24, 28, 30, 33, 37, 46, 50, 60, 61, 64, 66, 71, 82, 87, 117]
	⭕  Walk to 102 (1.7 min) 
> 102 (16:43)
Rent:    [6, 57, 72, 97, 107, 115, 119]
Return:  [12, 14, 21, 23, 24, 28, 30, 33, 37, 46, 50, 60, 61, 64, 66, 71, 82, 87, 117]
	⭕  Bike to 66 (0.7 min) +1
> 66 (16:44)
Rent:    [6, 57, 72, 97, 107, 115, 119]
Return:  [12, 14, 21, 23, 24, 28, 30, 33, 37, 46, 50, 60, 61, 64, 66, 71, 82, 87, 117]
	⭕  Walk to 52 (2.4 min) 
> 52 (16:46)
Rent:    [6, 57, 72, 97, 107, 115, 119]
Return:  [12, 14, 28, 30, 35, 37, 46, 50, 53, 60, 61, 64, 66, 82, 87, 101, 102, 117]
	⭕  Bike to 66 (1.1 min) +1
> 66 (16:48)
Rent:    [6, 57, 72, 97, 107, 115, 119]
Return:  [12, 14, 28, 30, 35, 37, 46, 50, 53, 60, 61, 64, 66, 82, 87, 101, 102, 117]
	⭕  Walk to 52 (2.4 min) 
> 52 (16:50)
Rent:    [6, 57, 72, 97, 107, 115, 119]
Return:  [12, 14, 28, 30, 35, 37, 46, 50, 53, 60, 61, 64, 66, 82, 87, 101, 102, 117]
	⭕  Bike to 66 (1.1 min) +1
> 66 (16:51)
Rent:    [6, 57, 72, 97, 107, 115, 119]
Return:  [12, 14, 28, 30, 35, 37, 46, 50, 53, 60, 61, 64, 66, 82, 87, 101, 102, 117]
	⭕  Walk to 52 (2.4 min) 
> 52 (16:53)
Rent:    [6, 57, 72, 97, 107, 115, 119]
Return:  [12, 14, 28, 30, 35, 37, 46, 50, 53, 60, 61, 64, 66, 82, 87, 101, 102, 117]
	⭕  Bike to 66 (1.1 min) +1
> 66 (16:55)
Rent:    [6, 57, 72, 97, 107, 115, 119]
Return:  [12, 14, 28, 30, 35, 37, 46, 50, 53, 60, 61, 64, 66, 82, 87, 101, 102, 117]
	⭕  Walk to 52 (2.4 min) 
> 52 (16:57)
Rent:    [6, 57, 72, 97, 107, 115, 119]
Return:  [12, 14, 28, 30, 35, 37, 46, 50, 53, 60, 61, 64, 66, 82, 87, 101, 102, 117]
	⭕  Bike to 66 (1.1 min) +1
> 66 (16:58)
Rent:    [6, 57, 72, 97, 107, 115, 119]
Return:  [12, 14, 28, 30, 35, 37, 46, 50, 53, 60, 61, 64, 66, 82, 87, 101, 102, 117]
	⭕  Walk to 52 (2.4 min) 
> 52 (17:00)
Rent:    [6, 44, 57, 72, 107, 115]
Return:  [12, 14, 20, 21, 28, 33, 35, 37, 46, 50, 53, 55, 60, 61, 64, 66, 82, 87, 102, 117]
	⭕  Bike to 66 (1.1 min) +1
> 66 (17:01)
Rent:    [6, 44, 57, 72, 107, 115]
Return:  [12, 14, 20, 21, 28, 33, 35, 37, 46, 50, 53, 55, 60, 61, 64, 66, 82, 87, 102, 117]
	⭕  Walk to 52 (2.4 min) 
> 52 (17:04)
Rent:    [6, 44, 57, 72, 107, 115]
Return:  [12, 14, 20, 21, 28, 33, 35, 37, 46, 50, 53, 55, 60, 61, 64, 66, 82, 87, 102, 117]
	⭕  Bike to 66 (1.1 min) +1
> 66 (17:05)
Rent:    [6, 44, 57, 72, 107, 115]
Return:  [12, 14, 20, 21, 28, 33, 35, 37, 46, 50, 53, 55, 60, 61, 64, 66, 82, 87, 102, 117]
	⭕  Walk to 52 (2.4 min) 
> 52 (17:07)
Rent:    [6, 44, 57, 72, 107, 115]
Return:  [12, 14, 20, 21, 28, 33, 35, 37, 46, 50, 53, 55, 60, 61, 64, 66, 82, 87, 102, 117]
	⭕  Bike to 66 (1.1 min) +1
> 66 (17:08)
Rent:    [6, 44, 57, 72, 107, 115]
Return:  [12, 14, 20, 21, 28, 33, 35, 37, 46, 50, 53, 55, 60, 61, 64, 66, 82, 87, 102, 117]
	⭕  Walk to 52 (2.4 min) 
> 52 (17:11)
Rent:    [6, 44, 57, 72, 107, 115]
Return:  [12, 14, 20, 21, 28, 33, 35, 37, 46, 50, 53, 55, 60, 61, 64, 66, 82, 87, 102, 117]
	⭕  Bike to 66 (1.1 min) +1
> 66 (17:12)
Rent:    [6, 44, 57, 72, 107, 115]
Return:  [12, 14, 20, 21, 28, 33, 35, 37, 46, 50, 53, 55, 60, 61, 64, 66, 82, 87, 102, 117]
	⭕  Walk to 52 (2.4 min) 
> 52 (17:14)
Rent:    [6, 44, 57, 72, 107, 115]
Return:  [12, 14, 20, 21, 28, 33, 35, 37, 46, 50, 53, 55, 60, 61, 64, 66, 82, 87, 102, 117]
	⭕  Bike to 66 (1.1 min) +1
> 66 (17:15)
Rent:    [6, 43, 44, 57, 107, 115]
Return:  [4, 12, 20, 21, 24, 28, 30, 33, 35, 37, 46, 50, 53, 55, 60, 61, 64, 66, 82, 87, 101, 102, 117]
	⭕  Walk to 77 (3.3 min) 
> 77 (17:19)
Rent:    [6, 43, 44, 57, 107, 115]
Return:  [4, 12, 20, 21, 24, 28, 30, 33, 35, 37, 46, 50, 53, 55, 60, 61, 64, 66, 82, 87, 101, 102, 117]
	⭕  Bike to 66 (1.2 min) +1
> 66 (17:20)
Rent:    [6, 43, 44, 57, 107, 115]
Return:  [4, 12, 20, 21, 24, 28, 30, 33, 35, 37, 46, 50, 53, 55, 60, 61, 64, 66, 82, 87, 101, 102, 117]
	⭕  Walk to 77 (3.3 min) 
> 77 (17:23)
Rent:    [6, 43, 44, 57, 107, 115]
Return:  [4, 12, 20, 21, 24, 28, 30, 33, 35, 37, 46, 50, 53, 55, 60, 61, 64, 66, 82, 87, 101, 102, 117]
	⭕  Bike to 66 (1.2 min) +1
> 66 (17:24)
Rent:    [6, 43, 44, 57, 107, 115]
Return:  [4, 12, 20, 21, 24, 28, 30, 33, 35, 37, 46, 50, 53, 55, 60, 61, 64, 66, 82, 87, 101, 102, 117]
	⭕  Walk to 77 (3.3 min) 
> 77 (17:28)
Rent:    [6, 43, 44, 57, 107, 115]
Return:  [4, 12, 20, 21, 24, 28, 30, 33, 35, 37, 46, 50, 53, 55, 60, 61, 64, 66, 82, 87, 101, 102, 117]
	⭕  Bike to 66 (1.2 min) +1
> 66 (17:29)
Rent:    [6, 43, 44, 57, 107, 115]
Return:  [4, 12, 20, 21, 24, 28, 30, 33, 35, 37, 46, 50, 53, 55, 60, 61, 64, 66, 82, 87, 101, 102, 117]
	⭕  Walk to 52 (2.4 min) 
> 52 (17:31)
Rent:    [6, 43, 44, 57, 72, 99, 107, 115]
Return:  [4, 10, 12, 20, 21, 24, 28, 30, 33, 35, 37, 39, 46, 50, 53, 55, 60, 61, 64, 66, 82, 87, 102, 117, 121, 122, 124]
	⭕  Bike to 66 (1.1 min) +1
> 66 (17:32)
Rent:    [6, 43, 44, 57, 72, 99, 107, 115]
Return:  [4, 10, 12, 20, 21, 24, 28, 30, 33, 35, 37, 39, 46, 50, 53, 55, 60, 61, 64, 66, 82, 87, 102, 117, 121, 122, 124]
	⭕  Walk to 77 (3.3 min) 
> 77 (17:36)
Rent:    [6, 43, 44, 57, 72, 99, 107, 115]
Return:  [4, 10, 12, 20, 21, 24, 28, 30, 33, 35, 37, 39, 46, 50, 53, 55, 60, 61, 64, 66, 82, 87, 102, 117, 121, 122, 124]
	⭕  Bike to 66 (1.2 min) +1
> 66 (17:37)
Rent:    [6, 43, 44, 57, 72, 99, 107, 115]
Return:  [4, 10, 12, 20, 21, 24, 28, 30, 33, 35, 37, 39, 46, 50, 53, 55, 60, 61, 64, 66, 82, 87, 102, 117, 121, 122, 124]
	⭕  Walk to 77 (3.3 min) 
> 77 (17:40)
Rent:    [6, 43, 44, 57, 72, 99, 107, 115]
Return:  [4, 10, 12, 20, 21, 24, 28, 30, 33, 35, 37, 39, 46, 50, 53, 55, 60, 61, 64, 66, 82, 87, 102, 117, 121, 122, 124]
	⭕  Bike to 66 (1.2 min) +1
> 66 (17:41)
Rent:    [6, 43, 44, 57, 72, 99, 107, 115]
Return:  [4, 10, 12, 20, 21, 24, 28, 30, 33, 35, 37, 39, 46, 50, 53, 55, 60, 61, 64, 66, 82, 87, 102, 117, 121, 122, 124]
	⭕  Walk to 77 (3.3 min) 
> 77 (17:45)
Rent:    [6, 43, 44, 57, 72, 99, 107, 115]
Return:  [4, 10, 12, 19, 21, 24, 28, 30, 33, 35, 37, 46, 50, 53, 55, 60, 61, 64, 66, 82, 87, 93, 117, 121, 122, 124]
	⭕  Bike to 66 (1.2 min) +1
> 66 (17:46)
Rent:    [6, 43, 44, 57, 72, 99, 107, 115]
Return:  [4, 10, 12, 19, 21, 24, 28, 30, 33, 35, 37, 46, 50, 53, 55, 60, 61, 64, 66, 82, 87, 93, 117, 121, 122, 124]
	⭕  Walk to 77 (3.3 min) 
> 77 (17:49)
Rent:    [6, 43, 44, 57, 72, 99, 107, 115]
Return:  [4, 10, 12, 19, 21, 24, 28, 30, 33, 35, 37, 46, 50, 53, 55, 60, 61, 64, 66, 82, 87, 93, 117, 121, 122, 124]
	⭕  Bike to 66 (1.2 min) +1
> 66 (17:50)
Rent:    [6, 43, 44, 57, 72, 99, 107, 115]
Return:  [4, 10, 12, 19, 21, 24, 28, 30, 33, 35, 37, 46, 50, 53, 55, 60, 61, 64, 66, 82, 87, 93, 117, 121, 122, 124]
	⭕  Walk to 77 (3.3 min) 
> 77 (17:54)
Rent:    [6, 43, 44, 57, 72, 99, 107, 115]
Return:  [4, 10, 12, 19, 21, 24, 28, 30, 33, 35, 37, 46, 50, 53, 55, 60, 61, 64, 66, 82, 87, 93, 117, 121, 122, 124]
	⭕  Bike to 66 (1.2 min) +1
> 66 (17:55)
Rent:    [6, 43, 44, 57, 72, 99, 107, 115]
Return:  [4, 10, 12, 19, 21, 24, 28, 30, 33, 35, 37, 46, 50, 53, 55, 60, 61, 64, 66, 82, 87, 93, 117, 121, 122, 124]
	⭕  Walk to 77 (3.3 min) 
> 77 (17:58)
Rent:    [6, 43, 44, 57, 72, 99, 107, 115]
Return:  [4, 10, 12, 19, 21, 24, 28, 30, 33, 35, 37, 46, 50, 53, 55, 60, 61, 64, 66, 82, 87, 93, 117, 121, 122, 124]
	⭕  Bike to 66 (1.2 min) +1
> 66 (17:59)
Rent:    [6, 43, 44, 57, 72, 99, 107, 115]
Return:  [4, 10, 12, 19, 21, 24, 28, 30, 33, 35, 37, 46, 50, 53, 55, 60, 61, 64, 66, 82, 87, 93, 117, 121, 122, 124]
	⭕  Walk to 77 (3.3 min) 
> 77 (18:03)
Rent:    [6, 43, 44, 57, 99, 107, 115]
Return:  [10, 12, 20, 21, 24, 28, 30, 33, 37, 46, 50, 52, 55, 60, 61, 64, 66, 82, 87, 92, 93, 117, 121, 122, 124]
	⭕  Bike to 66 (1.2 min) +1
> 66 (18:04)
Rent:    [6, 43, 44, 57, 99, 107, 115]
Return:  [10, 12, 20, 21, 24, 28, 30, 33, 37, 46, 50, 52, 55, 60, 61, 64, 66, 82, 87, 92, 93, 117, 121, 122, 124]
	⭕  Walk to 77 (3.3 min) 
> 77 (18:07)
Rent:    [6, 43, 44, 57, 99, 107, 115]
Return:  [10, 12, 20, 21, 24, 28, 30, 33, 37, 46, 50, 52, 55, 60, 61, 64, 66, 82, 87, 92, 93, 117, 121, 122, 124]
	⭕  Bike to 66 (1.2 min) +1
> 66 (18:08)
Rent:    [6, 43, 44, 57, 99, 107, 115]
Return:  [10, 12, 20, 21, 24, 28, 30, 33, 37, 46, 50, 52, 55, 60, 61, 64, 66, 82, 87, 92, 93, 117, 121, 122, 124]
	⭕  Walk to 52 (2.4 min) 
> 52 (18:11)
Rent:    [6, 43, 44, 57, 99, 107, 115]
Return:  [10, 12, 20, 21, 24, 28, 30, 33, 37, 46, 50, 52, 55, 60, 61, 64, 66, 82, 87, 92, 93, 117, 121, 122, 124]
	⭕  Bike to 66 (1.1 min) +1
> 66 (18:12)
Rent:    [6, 43, 44, 57, 99, 107, 115]
Return:  [10, 12, 20, 21, 24, 28, 30, 33, 37, 46, 50, 52, 55, 60, 61, 64, 66, 82, 87, 92, 93, 117, 121, 122, 124]
	⭕  Walk to 77 (3.3 min) 
> 77 (18:15)
Rent:    [6, 43, 57, 99, 107, 115]
Return:  [10, 12, 19, 20, 21, 24, 28, 30, 33, 35, 37, 46, 50, 52, 53, 55, 60, 61, 64, 66, 82, 87, 92, 101, 117, 121, 122, 124]
	⭕  Bike to 66 (1.2 min) +1
> 66 (18:16)
Rent:    [6, 43, 57, 99, 107, 115]
Return:  [10, 12, 19, 20, 21, 24, 28, 30, 33, 35, 37, 46, 50, 52, 53, 55, 60, 61, 64, 66, 82, 87, 92, 101, 117, 121, 122, 124]
	⭕  Walk to 77 (3.3 min) 
> 77 (18:20)
Rent:    [6, 43, 57, 99, 107, 115]
Return:  [10, 12, 19, 20, 21, 24, 28, 30, 33, 35, 37, 46, 50, 52, 53, 55, 60, 61, 64, 66, 82, 87, 92, 101, 117, 121, 122, 124]
	⭕  Bike to 66 (1.2 min) +1
> 66 (18:21)
Rent:    [6, 43, 57, 99, 107, 115]
Return:  [10, 12, 19, 20, 21, 24, 28, 30, 33, 35, 37, 46, 50, 52, 53, 55, 60, 61, 64, 66, 82, 87, 92, 101, 117, 121, 122, 124]
	⭕  Walk to 102 (1.7 min) 
> 102 (18:23)
Rent:    [6, 43, 57, 99, 107, 115]
Return:  [10, 12, 19, 20, 21, 24, 28, 30, 33, 35, 37, 46, 50, 52, 53, 55, 60, 61, 64, 66, 82, 87, 92, 101, 117, 121, 122, 124]
	⭕  Bike to 66 (0.7 min) +1
> 66 (18:23)
Rent:    [6, 43, 57, 99, 107, 115]
Return:  [10, 12, 19, 20, 21, 24, 28, 30, 33, 35, 37, 46, 50, 52, 53, 55, 60, 61, 64, 66, 82, 87, 92, 101, 117, 121, 122, 124]
	⭕  Walk to 77 (3.3 min) 
> 77 (18:27)
Rent:    [6, 43, 57, 99, 107, 115]
Return:  [10, 12, 19, 20, 21, 24, 28, 30, 33, 35, 37, 46, 50, 52, 53, 55, 60, 61, 64, 66, 82, 87, 92, 101, 117, 121, 122, 124]
	⭕  Bike to 66 (1.2 min) +1
> 66 (18:28)
Rent:    [6, 43, 57, 99, 107, 115]
Return:  [10, 12, 19, 20, 21, 24, 28, 30, 33, 35, 37, 46, 50, 52, 53, 55, 60, 61, 64, 66, 82, 87, 92, 101, 117, 121, 122, 124]
	⭕  Walk to 77 (3.3 min) 
> 77 (18:31)
Rent:    [6, 43, 44, 57, 81, 99, 107, 115]
Return:  [3, 12, 19, 21, 24, 28, 30, 33, 35, 37, 39, 46, 50, 52, 53, 55, 60, 61, 64, 66, 80, 82, 87, 88, 92, 93, 121, 122, 124]
	⭕  Bike to 66 (1.2 min) +1
> 66 (18:32)
Rent:    [6, 43, 44, 57, 81, 99, 107, 115]
Return:  [3, 12, 19, 21, 24, 28, 30, 33, 35, 37, 39, 46, 50, 52, 53, 55, 60, 61, 64, 66, 80, 82, 87, 88, 92, 93, 121, 122, 124]
	⭕  Walk to 102 (1.7 min) 
> 102 (18:34)
Rent:    [6, 43, 44, 57, 81, 99, 107, 115]
Return:  [3, 12, 19, 21, 24, 28, 30, 33, 35, 37, 39, 46, 50, 52, 53, 55, 60, 61, 64, 66, 80, 82, 87, 88, 92, 93, 121, 122, 124]
	⭕  Bike to 82 (1.4 min) +1
> 82 (18:35)
Rent:    [6, 43, 44, 57, 81, 99, 107, 115]
Return:  [3, 12, 19, 21, 24, 28, 30, 33, 35, 37, 39, 46, 50, 52, 53, 55, 60, 61, 64, 66, 80, 82, 87, 88, 92, 93, 121, 122, 124]
	⭕  Walk to 47 (4.8 min) 
> 47 (18:40)
Rent:    [6, 43, 44, 57, 81, 99, 107, 115]
Return:  [3, 12, 19, 21, 24, 28, 30, 33, 35, 37, 39, 46, 50, 52, 53, 55, 60, 61, 64, 66, 80, 82, 87, 88, 92, 93, 121, 122, 124]
	⭕  Bike to 53 (1.2 min) +1
> 53 (18:41)
Rent:    [6, 43, 44, 57, 81, 99, 107, 115]
Return:  [3, 12, 19, 21, 24, 28, 30, 33, 35, 37, 39, 46, 50, 52, 53, 55, 60, 61, 64, 66, 80, 82, 87, 88, 92, 93, 121, 122, 124]
	⭕  Walk to 47 (2.7 min) 
> 47 (18:44)
Rent:    [6, 43, 44, 57, 81, 99, 107, 115]
Return:  [3, 12, 19, 21, 24, 28, 30, 33, 35, 37, 39, 46, 50, 52, 53, 55, 60, 61, 64, 66, 80, 82, 87, 88, 92, 93, 121, 122, 124]
	⭕  Bike to 53 (1.2 min) +1
> 53 (18:45)
Rent:    [6, 43, 44, 57, 72, 76, 99, 100, 107, 115]
Return:  [0, 10, 12, 19, 28, 30, 33, 35, 37, 39, 46, 50, 52, 53, 55, 60, 61, 64, 66, 77, 80, 82, 87, 88, 92, 93, 102, 117, 121, 124]
	⭕  Walk to 47 (2.7 min) 
> 47 (18:48)
Rent:    [6, 43, 44, 57, 72, 76, 99, 100, 107, 115]
Return:  [0, 10, 12, 19, 28, 30, 33, 35, 37, 39, 46, 50, 52, 53, 55, 60, 61, 64, 66, 77, 80, 82, 87, 88, 92, 93, 102, 117, 121, 124]
	⭕  Bike to 53 (1.2 min) +1
> 53 (18:49)
Rent:    [6, 43, 44, 57, 72, 76, 99, 100, 107, 115]
Return:  [0, 10, 12, 19, 28, 30, 33, 35, 37, 39, 46, 50, 52, 53, 55, 60, 61, 64, 66, 77, 80, 82, 87, 88, 92, 93, 102, 117, 121, 124]
	⭕  Walk to 47 (2.7 min) 
> 47 (18:52)
Rent:    [6, 43, 44, 57, 72, 76, 99, 100, 107, 115]
Return:  [0, 10, 12, 19, 28, 30, 33, 35, 37, 39, 46, 50, 52, 53, 55, 60, 61, 64, 66, 77, 80, 82, 87, 88, 92, 93, 102, 117, 121, 124]
	⭕  Bike to 53 (1.2 min) +1
> 53 (18:53)
Rent:    [6, 43, 44, 57, 72, 76, 99, 100, 107, 115]
Return:  [0, 10, 12, 19, 28, 30, 33, 35, 37, 39, 46, 50, 52, 53, 55, 60, 61, 64, 66, 77, 80, 82, 87, 88, 92, 93, 102, 117, 121, 124]
	⭕  Walk to 47 (2.7 min) 
> 47 (18:56)
Rent:    [6, 43, 44, 57, 72, 76, 99, 100, 107, 115]
Return:  [0, 10, 12, 19, 28, 30, 33, 35, 37, 39, 46, 50, 52, 53, 55, 60, 61, 64, 66, 77, 80, 82, 87, 88, 92, 93, 102, 117, 121, 124]
	⭕  Bike to 53 (1.2 min) +1
> 53 (18:57)
Rent:    [6, 43, 44, 57, 72, 76, 99, 100, 107, 115]
Return:  [0, 10, 12, 19, 28, 30, 33, 35, 37, 39, 46, 50, 52, 53, 55, 60, 61, 64, 66, 77, 80, 82, 87, 88, 92, 93, 102, 117, 121, 124]
	⭕  Walk to 47 (2.7 min) 
> 47 (19:00)
Rent:    [6, 43, 44, 57, 72, 81, 97, 99, 107, 115]
Return:  [10, 12, 19, 24, 28, 30, 33, 39, 46, 50, 52, 53, 55, 60, 61, 64, 66, 77, 80, 82, 87, 88, 92, 93, 101, 102, 117, 121, 124]
	⭕  Bike to 53 (1.2 min) +1
> 53 (19:01)
Rent:    [6, 43, 44, 57, 72, 81, 97, 99, 107, 115]
Return:  [10, 12, 19, 24, 28, 30, 33, 39, 46, 50, 52, 53, 55, 60, 61, 64, 66, 77, 80, 82, 87, 88, 92, 93, 101, 102, 117, 121, 124]
	⭕  Walk to 47 (2.7 min) 
> 47 (19:04)
Rent:    [6, 43, 44, 57, 72, 81, 97, 99, 107, 115]
Return:  [10, 12, 19, 24, 28, 30, 33, 39, 46, 50, 52, 53, 55, 60, 61, 64, 66, 77, 80, 82, 87, 88, 92, 93, 101, 102, 117, 121, 124]
	⭕  Bike to 53 (1.2 min) +1
> 53 (19:05)
Rent:    [6, 43, 44, 57, 72, 81, 97, 99, 107, 115]
Return:  [10, 12, 19, 24, 28, 30, 33, 39, 46, 50, 52, 53, 55, 60, 61, 64, 66, 77, 80, 82, 87, 88, 92, 93, 101, 102, 117, 121, 124]
	⭕  Walk to 47 (2.7 min) 
> 47 (19:08)
Rent:    [6, 43, 44, 57, 72, 81, 97, 99, 107, 115]
Return:  [10, 12, 19, 24, 28, 30, 33, 39, 46, 50, 52, 53, 55, 60, 61, 64, 66, 77, 80, 82, 87, 88, 92, 93, 101, 102, 117, 121, 124]
	⭕  Bike to 53 (1.2 min) +1
> 53 (19:09)
Rent:    [6, 43, 44, 57, 72, 81, 97, 99, 107, 115]
Return:  [10, 12, 19, 24, 28, 30, 33, 39, 46, 50, 52, 53, 55, 60, 61, 64, 66, 77, 80, 82, 87, 88, 92, 93, 101, 102, 117, 121, 124]
	⭕  Walk to 47 (2.7 min) 
> 47 (19:12)
Rent:    [6, 43, 44, 57, 72, 81, 97, 99, 107, 115]
Return:  [10, 12, 19, 24, 28, 30, 33, 39, 46, 50, 52, 53, 55, 60, 61, 64, 66, 77, 80, 82, 87, 88, 92, 93, 101, 102, 117, 121, 124]
	⭕  Bike to 53 (1.2 min) +1
> 53 (19:13)
Rent:    [6, 43, 44, 57, 72, 81, 97, 99, 107, 115]
Return:  [10, 12, 19, 24, 28, 30, 33, 39, 46, 50, 52, 53, 55, 60, 61, 64, 66, 77, 80, 82, 87, 88, 92, 93, 101, 102, 117, 121, 124]
	⭕  Walk to 47 (2.7 min) 
> 47 (19:15)
Rent:    [6, 43, 57, 72, 81, 97, 99, 107, 115]
Return:  [3, 10, 12, 14, 19, 24, 28, 30, 33, 35, 37, 39, 46, 50, 52, 53, 55, 60, 61, 64, 66, 77, 80, 82, 87, 88, 92, 93, 102, 117, 121, 124]
	⭕  Bike to 53 (1.2 min) +1
> 53 (19:17)
Rent:    [6, 43, 57, 72, 81, 97, 99, 107, 115]
Return:  [3, 10, 12, 14, 19, 24, 28, 30, 33, 35, 37, 39, 46, 50, 52, 53, 55, 60, 61, 64, 66, 77, 80, 82, 87, 88, 92, 93, 102, 117, 121, 124]
	⭕  Walk to 47 (2.7 min) 
> 47 (19:19)
Rent:    [6, 43, 57, 72, 81, 97, 99, 107, 115]
Return:  [3, 10, 12, 14, 19, 24, 28, 30, 33, 35, 37, 39, 46, 50, 52, 53, 55, 60, 61, 64, 66, 77, 80, 82, 87, 88, 92, 93, 102, 117, 121, 124]
	⭕  Bike to 53 (1.2 min) +1
> 53 (19:21)
Rent:    [6, 43, 57, 72, 81, 97, 99, 107, 115]
Return:  [3, 10, 12, 14, 19, 24, 28, 30, 33, 35, 37, 39, 46, 50, 52, 53, 55, 60, 61, 64, 66, 77, 80, 82, 87, 88, 92, 93, 102, 117, 121, 124]
	⭕  Walk to 47 (2.7 min) 
> 47 (19:23)
Rent:    [6, 43, 57, 72, 81, 97, 99, 107, 115]
Return:  [3, 10, 12, 14, 19, 24, 28, 30, 33, 35, 37, 39, 46, 50, 52, 53, 55, 60, 61, 64, 66, 77, 80, 82, 87, 88, 92, 93, 102, 117, 121, 124]
	⭕  Bike to 53 (1.2 min) +1
> 53 (19:24)
Rent:    [6, 43, 57, 72, 81, 97, 99, 107, 115]
Return:  [3, 10, 12, 14, 19, 24, 28, 30, 33, 35, 37, 39, 46, 50, 52, 53, 55, 60, 61, 64, 66, 77, 80, 82, 87, 88, 92, 93, 102, 117, 121, 124]
	⭕  Walk to 103 (7.1 min) 
> 103 (19:32)
Rent:    [2, 6, 57, 72, 76, 81, 97, 98, 99, 107, 115]
Return:  [0, 3, 12, 14, 19, 21, 24, 28, 30, 33, 35, 39, 46, 50, 53, 55, 60, 61, 64, 66, 77, 80, 87, 88, 92, 101, 102, 117, 121, 124]
	⭕  Bike to 55 (2.1 min) +1
> 55 (19:34)
Rent:    [2, 6, 57, 72, 76, 81, 97, 98, 99, 107, 115]
Return:  [0, 3, 12, 14, 19, 21, 24, 28, 30, 33, 35, 39, 46, 50, 53, 55, 60, 61, 64, 66, 77, 80, 87, 88, 92, 101, 102, 117, 121, 124]
	⭕  Walk to 103 (3.4 min) 
> 103 (19:37)
Rent:    [2, 6, 57, 72, 76, 81, 97, 98, 99, 107, 115]
Return:  [0, 3, 12, 14, 19, 21, 24, 28, 30, 33, 35, 39, 46, 50, 53, 55, 60, 61, 64, 66, 77, 80, 87, 88, 92, 101, 102, 117, 121, 124]
	⭕  Bike to 55 (2.1 min) +1
> 55 (19:39)
Rent:    [2, 6, 57, 72, 76, 81, 97, 98, 99, 107, 115]
Return:  [0, 3, 12, 14, 19, 21, 24, 28, 30, 33, 35, 39, 46, 50, 53, 55, 60, 61, 64, 66, 77, 80, 87, 88, 92, 101, 102, 117, 121, 124]
	⭕  Walk to 103 (3.4 min) 
> 103 (19:43)
Rent:    [2, 6, 57, 72, 76, 81, 97, 98, 99, 107, 115]
Return:  [0, 3, 12, 14, 19, 21, 24, 28, 30, 33, 35, 39, 46, 50, 53, 55, 60, 61, 64, 66, 77, 80, 87, 88, 92, 101, 102, 117, 121, 124]
	⭕  Bike to 55 (2.1 min) +1
> 55 (19:45)
Rent:    [2, 6, 43, 44, 57, 72, 76, 81, 97, 98, 99, 107, 115]
Return:  [10, 12, 19, 21, 24, 28, 30, 33, 39, 46, 47, 50, 53, 55, 60, 61, 64, 66, 80, 87, 88, 92, 93, 102, 117, 121, 124]
	⭕  Walk to 103 (3.4 min) 
> 103 (19:48)
Rent:    [2, 6, 43, 44, 57, 72, 76, 81, 97, 98, 99, 107, 115]
Return:  [10, 12, 19, 21, 24, 28, 30, 33, 39, 46, 47, 50, 53, 55, 60, 61, 64, 66, 80, 87, 88, 92, 93, 102, 117, 121, 124]
	⭕  Bike to 55 (2.1 min) +1
> 55 (19:50)
Rent:    [2, 6, 43, 44, 57, 72, 76, 81, 97, 98, 99, 107, 115]
Return:  [10, 12, 19, 21, 24, 28, 30, 33, 39, 46, 47, 50, 53, 55, 60, 61, 64, 66, 80, 87, 88, 92, 93, 102, 117, 121, 124]
	⭕  Walk to 103 (3.4 min) 
> 103 (19:54)
Rent:    [2, 6, 43, 44, 57, 72, 76, 81, 97, 98, 99, 107, 115]
Return:  [10, 12, 19, 21, 24, 28, 30, 33, 39, 46, 47, 50, 53, 55, 60, 61, 64, 66, 80, 87, 88, 92, 93, 102, 117, 121, 124]
	⭕  Bike to 55 (2.1 min) +1
> 55 (19:56)
Rent:    [2, 6, 43, 44, 57, 72, 76, 81, 97, 98, 99, 107, 115]
Return:  [10, 12, 19, 21, 24, 28, 30, 33, 39, 46, 47, 50, 53, 55, 60, 61, 64, 66, 80, 87, 88, 92, 93, 102, 117, 121, 124]
	⭕  Walk to 103 (3.4 min) 
> 103 (19:59)
Rent:    [2, 6, 43, 44, 57, 72, 76, 81, 97, 98, 99, 107, 115]
Return:  [10, 12, 19, 21, 24, 28, 30, 33, 39, 46, 47, 50, 53, 55, 60, 61, 64, 66, 80, 87, 88, 92, 93, 102, 117, 121, 124]
	⭕  Bike to 55 (2.1 min) +1
> 55 (20:01)
Rent:    [2, 6, 44, 57, 72, 76, 81, 98, 99, 107, 115]
Return:  [0, 3, 12, 19, 21, 24, 28, 30, 41, 46, 50, 53, 55, 60, 61, 64, 66, 77, 80, 82, 87, 88, 92, 93, 102, 117, 121, 124]
	⭕  Walk to 5 (7.4 min) 
> 5 (20:09)
Rent:    [2, 6, 44, 57, 72, 76, 81, 98, 99, 107, 115]
Return:  [0, 3, 12, 19, 21, 24, 28, 30, 41, 46, 50, 53, 55, 60, 61, 64, 66, 77, 80, 82, 87, 88, 92, 93, 102, 117, 121, 124]
	⭕  Bike to 50 (1.0 min) +1
> 50 (20:10)
Rent:    [2, 6, 44, 57, 72, 76, 81, 98, 99, 107, 115]
Return:  [0, 3, 12, 19, 21, 24, 28, 30, 41, 46, 50, 53, 55, 60, 61, 64, 66, 77, 80, 82, 87, 88, 92, 93, 102, 117, 121, 124]
	⭕  Walk to 5 (2.5 min) 
> 5 (20:12)
Rent:    [2, 6, 44, 57, 72, 76, 81, 98, 99, 107, 115]
Return:  [0, 3, 12, 19, 21, 24, 28, 30, 41, 46, 50, 53, 55, 60, 61, 64, 66, 77, 80, 82, 87, 88, 92, 93, 102, 117, 121, 124]
	⭕  Bike to 50 (1.0 min) +1
> 50 (20:13)
Rent:    [2, 6, 44, 57, 72, 76, 81, 98, 99, 107, 115]
Return:  [0, 3, 12, 19, 21, 24, 28, 30, 41, 46, 50, 53, 55, 60, 61, 64, 66, 77, 80, 82, 87, 88, 92, 93, 102, 117, 121, 124]
	⭕  Walk to 5 (2.5 min) 
> 5 (20:16)
Rent:    [2, 6, 44, 57, 72, 76, 81, 97, 98, 99, 106, 107, 115]
Return:  [0, 19, 21, 24, 28, 30, 39, 41, 46, 50, 55, 60, 61, 64, 66, 77, 82, 87, 88, 92, 93, 102, 121]
	⭕  Bike to 50 (1.0 min) +1
> 50 (20:17)
Rent:    [2, 6, 44, 57, 72, 76, 81, 97, 98, 99, 106, 107, 115]
Return:  [0, 19, 21, 24, 28, 30, 39, 41, 46, 50, 55, 60, 61, 64, 66, 77, 82, 87, 88, 92, 93, 102, 121]
	⭕  Walk to 5 (2.5 min) 
> 5 (20:19)
Rent:    [2, 6, 44, 57, 72, 76, 81, 97, 98, 99, 106, 107, 115]
Return:  [0, 19, 21, 24, 28, 30, 39, 41, 46, 50, 55, 60, 61, 64, 66, 77, 82, 87, 88, 92, 93, 102, 121]
	⭕  Bike to 50 (1.0 min) +1
> 50 (20:20)
Rent:    [2, 6, 44, 57, 72, 76, 81, 97, 98, 99, 106, 107, 115]
Return:  [0, 19, 21, 24, 28, 30, 39, 41, 46, 50, 55, 60, 61, 64, 66, 77, 82, 87, 88, 92, 93, 102, 121]
	⭕  Walk to 5 (2.5 min) 
> 5 (20:23)
Rent:    [2, 6, 44, 57, 72, 76, 81, 97, 98, 99, 106, 107, 115]
Return:  [0, 19, 21, 24, 28, 30, 39, 41, 46, 50, 55, 60, 61, 64, 66, 77, 82, 87, 88, 92, 93, 102, 121]
	⭕  Bike to 50 (1.0 min) +1
> 50 (20:24)
Rent:    [2, 6, 44, 57, 72, 76, 81, 97, 98, 99, 106, 107, 115]
Return:  [0, 19, 21, 24, 28, 30, 39, 41, 46, 50, 55, 60, 61, 64, 66, 77, 82, 87, 88, 92, 93, 102, 121]
	⭕  Walk to 5 (2.5 min) 
> 5 (20:26)
Rent:    [2, 6, 44, 57, 72, 76, 81, 97, 98, 99, 106, 107, 115]
Return:  [0, 19, 21, 24, 28, 30, 39, 41, 46, 50, 55, 60, 61, 64, 66, 77, 82, 87, 88, 92, 93, 102, 121]
	⭕  Bike to 50 (1.0 min) +1
> 50 (20:27)
Rent:    [2, 6, 44, 57, 72, 76, 81, 97, 98, 99, 106, 107, 115]
Return:  [0, 19, 21, 24, 28, 30, 39, 41, 46, 50, 55, 60, 61, 64, 66, 77, 82, 87, 88, 92, 93, 102, 121]
	⭕  Walk to 5 (2.5 min) 
> 5 (20:30)
Rent:    [2, 6, 44, 57, 72, 76, 81, 97, 98, 99, 106, 107, 108, 115]
Return:  [0, 12, 19, 21, 24, 28, 30, 35, 39, 46, 50, 52, 53, 55, 60, 61, 64, 66, 71, 77, 82, 87, 88, 92, 93, 102, 117, 121, 122]
	⭕  Bike to 50 (1.0 min) +1
> 50 (20:30)
Rent:    [2, 6, 44, 57, 72, 76, 81, 97, 98, 99, 106, 107, 108, 115]
Return:  [0, 12, 19, 21, 24, 28, 30, 35, 39, 46, 50, 52, 53, 55, 60, 61, 64, 66, 71, 77, 82, 87, 88, 92, 93, 102, 117, 121, 122]
	⭕  Walk to 5 (2.5 min) 
> 5 (20:33)
Rent:    [2, 6, 44, 57, 72, 76, 81, 97, 98, 99, 106, 107, 108, 115]
Return:  [0, 12, 19, 21, 24, 28, 30, 35, 39, 46, 50, 52, 53, 55, 60, 61, 64, 66, 71, 77, 82, 87, 88, 92, 93, 102, 117, 121, 122]
	⭕  Bike to 50 (1.0 min) +1
> 50 (20:34)
Rent:    [2, 6, 44, 57, 72, 76, 81, 97, 98, 99, 106, 107, 108, 115]
Return:  [0, 12, 19, 21, 24, 28, 30, 35, 39, 46, 50, 52, 53, 55, 60, 61, 64, 66, 71, 77, 82, 87, 88, 92, 93, 102, 117, 121, 122]
	⭕  Walk to 5 (2.5 min) 
> 5 (20:36)
Rent:    [2, 6, 44, 57, 72, 76, 81, 97, 98, 99, 106, 107, 108, 115]
Return:  [0, 12, 19, 21, 24, 28, 30, 35, 39, 46, 50, 52, 53, 55, 60, 61, 64, 66, 71, 77, 82, 87, 88, 92, 93, 102, 117, 121, 122]
	⭕  Bike to 50 (1.0 min) +1
> 50 (20:37)
Rent:    [2, 6, 44, 57, 72, 76, 81, 97, 98, 99, 106, 107, 108, 115]
Return:  [0, 12, 19, 21, 24, 28, 30, 35, 39, 46, 50, 52, 53, 55, 60, 61, 64, 66, 71, 77, 82, 87, 88, 92, 93, 102, 117, 121, 122]
	⭕  Walk to 5 (2.5 min) 
> 5 (20:40)
Rent:    [2, 6, 44, 57, 72, 76, 81, 97, 98, 99, 106, 107, 108, 115]
Return:  [0, 12, 19, 21, 24, 28, 30, 35, 39, 46, 50, 52, 53, 55, 60, 61, 64, 66, 71, 77, 82, 87, 88, 92, 93, 102, 117, 121, 122]
	⭕  Bike to 50 (1.0 min) +1
> 50 (20:41)
Rent:    [2, 6, 44, 57, 72, 76, 81, 97, 98, 99, 106, 107, 108, 115]
Return:  [0, 12, 19, 21, 24, 28, 30, 35, 39, 46, 50, 52, 53, 55, 60, 61, 64, 66, 71, 77, 82, 87, 88, 92, 93, 102, 117, 121, 122]
	⭕  Walk to 5 (2.5 min) 
> 5 (20:43)
Rent:    [2, 6, 44, 57, 72, 76, 81, 97, 98, 99, 106, 107, 108, 115]
Return:  [0, 12, 19, 21, 24, 28, 30, 35, 39, 46, 50, 52, 53, 55, 60, 61, 64, 66, 71, 77, 82, 87, 88, 92, 93, 102, 117, 121, 122]
	⭕  Bike to 50 (1.0 min) +1
> 50 (20:44)
Rent:    [2, 6, 44, 57, 72, 76, 81, 97, 98, 99, 106, 107, 108, 115]
Return:  [0, 12, 19, 21, 24, 28, 30, 35, 39, 46, 50, 52, 53, 55, 60, 61, 64, 66, 71, 77, 82, 87, 88, 92, 93, 102, 117, 121, 122]
	⭕  Walk to 5 (2.5 min) 
> 5 (20:47)
Rent:    [2, 6, 44, 57, 72, 76, 81, 98, 99, 106, 107, 108, 115]
Return:  [3, 12, 19, 21, 24, 26, 28, 30, 33, 35, 46, 50, 52, 53, 55, 60, 61, 64, 66, 77, 82, 87, 88, 92, 93, 101, 102, 117, 122]
	⭕  Bike to 50 (1.0 min) +1
> 50 (20:48)
Rent:    [2, 6, 44, 57, 72, 76, 81, 98, 99, 106, 107, 108, 115]
Return:  [3, 12, 19, 21, 24, 26, 28, 30, 33, 35, 46, 50, 52, 53, 55, 60, 61, 64, 66, 77, 82, 87, 88, 92, 93, 101, 102, 117, 122]
	⭕  Walk to 104 (3.9 min) 
> 104 (20:52)
Rent:    [2, 6, 44, 57, 72, 76, 81, 98, 99, 106, 107, 108, 115]
Return:  [3, 12, 19, 21, 24, 26, 28, 30, 33, 35, 46, 50, 52, 53, 55, 60, 61, 64, 66, 77, 82, 87, 88, 92, 93, 101, 102, 117, 122]
	⭕  Bike to 33 (2.8 min) +1
> 33 (20:55)
Rent:    [2, 6, 44, 57, 72, 76, 81, 98, 99, 106, 107, 108, 115]
Return:  [3, 12, 19, 21, 24, 26, 28, 30, 33, 35, 46, 50, 52, 53, 55, 60, 61, 64, 66, 77, 82, 87, 88, 92, 93, 101, 102, 117, 122]
	⭕  Walk to 5 (3.0 min) 
> 5 (20:58)
Rent:    [2, 6, 44, 57, 72, 76, 81, 98, 99, 106, 107, 108, 115]
Return:  [3, 12, 19, 21, 24, 26, 28, 30, 33, 35, 46, 50, 52, 53, 55, 60, 61, 64, 66, 77, 82, 87, 88, 92, 93, 101, 102, 117, 122]
	⭕  Bike to 50 (1.0 min) +1
> 50 (20:59)
Rent:    [2, 6, 44, 57, 72, 76, 81, 98, 99, 106, 107, 108, 115]
Return:  [3, 12, 19, 21, 24, 26, 28, 30, 33, 35, 46, 50, 52, 53, 55, 60, 61, 64, 66, 77, 82, 87, 88, 92, 93, 101, 102, 117, 122]
	⭕  Walk to 104 (3.9 min) 
> 104 (21:02)
Rent:    [2, 6, 43, 44, 57, 72, 81, 98, 99, 106, 107, 108, 115]
Return:  [0, 12, 19, 21, 24, 26, 28, 30, 33, 35, 46, 47, 50, 52, 53, 55, 60, 61, 64, 66, 77, 82, 87, 88, 92, 93, 101, 102, 117]
	⭕  Bike to 33 (2.8 min) +1
> 33 (21:05)
Rent:    [2, 6, 43, 44, 57, 72, 81, 98, 99, 106, 107, 108, 115]
Return:  [0, 12, 19, 21, 24, 26, 28, 30, 33, 35, 46, 47, 50, 52, 53, 55, 60, 61, 64, 66, 77, 82, 87, 88, 92, 93, 101, 102, 117]
	⭕  Walk to 4 (2.8 min) 
> 4 (21:08)
Rent:    [2, 6, 43, 44, 57, 72, 81, 98, 99, 106, 107, 108, 115]
Return:  [0, 12, 19, 21, 24, 26, 28, 30, 33, 35, 46, 47, 50, 52, 53, 55, 60, 61, 64, 66, 77, 82, 87, 88, 92, 93, 101, 102, 117]
	⭕  Bike to 33 (1.4 min) +1
> 33 (21:09)
Rent:    [2, 6, 43, 44, 57, 72, 81, 98, 99, 106, 107, 108, 115]
Return:  [0, 12, 19, 21, 24, 26, 28, 30, 33, 35, 46, 47, 50, 52, 53, 55, 60, 61, 64, 66, 77, 82, 87, 88, 92, 93, 101, 102, 117]
	⭕  Walk to 4 (2.8 min) 
> 4 (21:12)
Rent:    [2, 6, 43, 44, 57, 72, 81, 98, 99, 106, 107, 108, 115]
Return:  [0, 12, 19, 21, 24, 26, 28, 30, 33, 35, 46, 47, 50, 52, 53, 55, 60, 61, 64, 66, 77, 82, 87, 88, 92, 93, 101, 102, 117]
	⭕  Bike to 33 (1.4 min) +1
> 33 (21:14)
Rent:    [2, 6, 43, 44, 57, 72, 81, 98, 99, 106, 107, 108, 115]
Return:  [0, 12, 19, 21, 24, 26, 28, 30, 33, 35, 46, 47, 50, 52, 53, 55, 60, 61, 64, 66, 77, 82, 87, 88, 92, 93, 101, 102, 117]
	⭕  Walk to 20 (3.2 min) 
> 20 (21:17)
Rent:    [2, 6, 43, 44, 57, 72, 79, 81, 98, 99, 106, 107, 108, 115]
Return:  [0, 4, 5, 12, 19, 21, 24, 26, 28, 30, 33, 35, 46, 47, 50, 52, 53, 55, 60, 61, 64, 66, 71, 77, 82, 87, 88, 92, 93, 101, 102, 117, 122]
	⭕  Bike to 0 (1.6 min) +1
> 0 (21:18)
Rent:    [2, 6, 43, 44, 57, 72, 79, 81, 98, 99, 106, 107, 108, 115]
Return:  [0, 4, 5, 12, 19, 21, 24, 26, 28, 30, 33, 35, 46, 47, 50, 52, 53, 55, 60, 61, 64, 66, 71, 77, 82, 87, 88, 92, 93, 101, 102, 117, 122]
	⭕  Walk to 56 (3.1 min) 
> 56 (21:22)
Rent:    [2, 6, 43, 44, 57, 72, 79, 81, 98, 99, 106, 107, 108, 115]
Return:  [0, 4, 5, 12, 19, 21, 24, 26, 28, 30, 33, 35, 46, 47, 50, 52, 53, 55, 60, 61, 64, 66, 71, 77, 82, 87, 88, 92, 93, 101, 102, 117, 122]
	⭕  Bike to 4 (1.7 min) +1
> 4 (21:23)
Rent:    [2, 6, 43, 44, 57, 72, 79, 81, 98, 99, 106, 107, 108, 115]
Return:  [0, 4, 5, 12, 19, 21, 24, 26, 28, 30, 33, 35, 46, 47, 50, 52, 53, 55, 60, 61, 64, 66, 71, 77, 82, 87, 88, 92, 93, 101, 102, 117, 122]
	⭕  Walk to 8 (2.5 min) 
> 8 (21:26)
Rent:    [2, 6, 43, 44, 57, 72, 79, 81, 98, 99, 106, 107, 108, 115]
Return:  [0, 4, 5, 12, 19, 21, 24, 26, 28, 30, 33, 35, 46, 47, 50, 52, 53, 55, 60, 61, 64, 66, 71, 77, 82, 87, 88, 92, 93, 101, 102, 117, 122]
	⭕  Bike to 4 (1.8 min) +1
> 4 (21:28)
Rent:    [2, 6, 43, 44, 57, 72, 79, 81, 98, 99, 106, 107, 108, 115]
Return:  [0, 4, 5, 12, 19, 21, 24, 26, 28, 30, 33, 35, 46, 47, 50, 52, 53, 55, 60, 61, 64, 66, 71, 77, 82, 87, 88, 92, 93, 101, 102, 117, 122]
	⭕  Walk to 8 (2.5 min) 
> 8 (21:30)
Rent:    [2, 6, 43, 44, 54, 57, 72, 79, 81, 98, 99, 106, 107, 108, 115]
Return:  [0, 3, 4, 12, 19, 21, 24, 26, 28, 30, 33, 46, 47, 50, 52, 53, 55, 60, 61, 64, 66, 71, 77, 80, 82, 87, 88, 92, 93, 101, 102, 117, 118, 122, 123]
	⭕  Bike to 4 (1.8 min) +1
> 4 (21:32)
Rent:    [2, 6, 43, 44, 54, 57, 72, 79, 81, 98, 99, 106, 107, 108, 115]
Return:  [0, 3, 4, 12, 19, 21, 24, 26, 28, 30, 33, 46, 47, 50, 52, 53, 55, 60, 61, 64, 66, 71, 77, 80, 82, 87, 88, 92, 93, 101, 102, 117, 118, 122, 123]
	⭕  Walk to 8 (2.5 min) 
> 8 (21:34)
Rent:    [2, 6, 43, 44, 54, 57, 72, 79, 81, 98, 99, 106, 107, 108, 115]
Return:  [0, 3, 4, 12, 19, 21, 24, 26, 28, 30, 33, 46, 47, 50, 52, 53, 55, 60, 61, 64, 66, 71, 77, 80, 82, 87, 88, 92, 93, 101, 102, 117, 118, 122, 123]
	⭕  Bike to 4 (1.8 min) +1
> 4 (21:36)
Rent:    [2, 6, 43, 44, 54, 57, 72, 79, 81, 98, 99, 106, 107, 108, 115]
Return:  [0, 3, 4, 12, 19, 21, 24, 26, 28, 30, 33, 46, 47, 50, 52, 53, 55, 60, 61, 64, 66, 71, 77, 80, 82, 87, 88, 92, 93, 101, 102, 117, 118, 122, 123]
	⭕  Walk to 8 (2.5 min) 
> 8 (21:39)
Rent:    [2, 6, 43, 44, 54, 57, 72, 79, 81, 98, 99, 106, 107, 108, 115]
Return:  [0, 3, 4, 12, 19, 21, 24, 26, 28, 30, 33, 46, 47, 50, 52, 53, 55, 60, 61, 64, 66, 71, 77, 80, 82, 87, 88, 92, 93, 101, 102, 117, 118, 122, 123]
	⭕  Bike to 4 (1.8 min) +1
> 4 (21:41)
Rent:    [2, 6, 43, 44, 54, 57, 72, 79, 81, 98, 99, 106, 107, 108, 115]
Return:  [0, 3, 4, 12, 19, 21, 24, 26, 28, 30, 33, 46, 47, 50, 52, 53, 55, 60, 61, 64, 66, 71, 77, 80, 82, 87, 88, 92, 93, 101, 102, 117, 118, 122, 123]
	⭕  Walk to 8 (2.5 min) 
> 8 (21:43)
Rent:    [2, 6, 43, 44, 54, 57, 72, 79, 81, 98, 99, 106, 107, 108, 115]
Return:  [0, 3, 4, 12, 19, 21, 24, 26, 28, 30, 33, 46, 47, 50, 52, 53, 55, 60, 61, 64, 66, 71, 77, 80, 82, 87, 88, 92, 93, 101, 102, 117, 118, 122, 123]
	⭕  Bike to 4 (1.8 min) +1
> 4 (21:45)
Rent:    [2, 6, 43, 44, 54, 57, 72, 79, 81, 98, 99, 106, 107, 108, 115]
Return:  [3, 5, 10, 12, 19, 21, 24, 26, 28, 30, 46, 47, 50, 55, 60, 61, 64, 66, 77, 82, 87, 88, 92, 93, 101, 102, 117, 118, 122, 123]
	⭕  Walk to 8 (2.5 min) 
> 8 (21:48)
Rent:    [2, 6, 43, 44, 54, 57, 72, 79, 81, 98, 99, 106, 107, 108, 115]
Return:  [3, 5, 10, 12, 19, 21, 24, 26, 28, 30, 46, 47, 50, 55, 60, 61, 64, 66, 77, 82, 87, 88, 92, 93, 101, 102, 117, 118, 122, 123]
	⭕  Bike to 5 (1.9 min) +1
> 5 (21:49)
Rent:    [2, 6, 43, 44, 54, 57, 72, 79, 81, 98, 99, 106, 107, 108, 115]
Return:  [3, 5, 10, 12, 19, 21, 24, 26, 28, 30, 46, 47, 50, 55, 60, 61, 64, 66, 77, 82, 87, 88, 92, 93, 101, 102, 117, 118, 122, 123]
	⭕  Walk to 33 (3.0 min) 
> 33 (21:52)
Rent:    [2, 6, 43, 44, 54, 57, 72, 79, 81, 98, 99, 106, 107, 108, 115]
Return:  [3, 5, 10, 12, 19, 21, 24, 26, 28, 30, 46, 47, 50, 55, 60, 61, 64, 66, 77, 82, 87, 88, 92, 93, 101, 102, 117, 118, 122, 123]
	⭕  Bike to 5 (0.9 min) +1
> 5 (21:53)
Rent:    [2, 6, 43, 44, 54, 57, 72, 79, 81, 98, 99, 106, 107, 108, 115]
Return:  [3, 5, 10, 12, 19, 21, 24, 26, 28, 30, 46, 47, 50, 55, 60, 61, 64, 66, 77, 82, 87, 88, 92, 93, 101, 102, 117, 118, 122, 123]
	⭕  Walk to 104 (4.2 min) 
> 104 (21:58)
Rent:    [2, 6, 43, 44, 54, 57, 72, 79, 81, 98, 99, 106, 107, 108, 115]
Return:  [3, 5, 10, 12, 19, 21, 24, 26, 28, 30, 46, 47, 50, 55, 60, 61, 64, 66, 77, 82, 87, 88, 92, 93, 101, 102, 117, 118, 122, 123]
	⭕  Bike to 50 (1.4 min) +1
> 50 (21:59)
Rent:    [2, 6, 43, 44, 54, 57, 72, 79, 81, 98, 99, 106, 107, 108, 115]
Return:  [3, 5, 10, 12, 19, 21, 24, 26, 28, 30, 46, 47, 50, 55, 60, 61, 64, 66, 77, 82, 87, 88, 92, 93, 101, 102, 117, 118, 122, 123]
	⭕  Walk to 104 (3.9 min) 
> 104 (22:03)
Rent:    [2, 6, 43, 44, 54, 57, 72, 79, 81, 98, 99, 106, 107, 108, 111, 115]
Return:  [0, 3, 4, 5, 10, 12, 19, 21, 24, 26, 28, 30, 46, 47, 50, 52, 53, 55, 60, 64, 66, 77, 82, 87, 88, 92, 93, 102, 117, 118, 122, 123]
	⭕  Bike to 50 (1.4 min) +1
> 50 (22:04)
Rent:    [2, 6, 43, 44, 54, 57, 72, 79, 81, 98, 99, 106, 107, 108, 111, 115]
Return:  [0, 3, 4, 5, 10, 12, 19, 21, 24, 26, 28, 30, 46, 47, 50, 52, 53, 55, 60, 64, 66, 77, 82, 87, 88, 92, 93, 102, 117, 118, 122, 123]
	⭕  Walk to 104 (3.9 min) 
> 104 (22:08)
Rent:    [2, 6, 43, 44, 54, 57, 72, 79, 81, 98, 99, 106, 107, 108, 111, 115]
Return:  [0, 3, 4, 5, 10, 12, 19, 21, 24, 26, 28, 30, 46, 47, 50, 52, 53, 55, 60, 64, 66, 77, 82, 87, 88, 92, 93, 102, 117, 118, 122, 123]
	⭕  Bike to 50 (1.4 min) +1
> 50 (22:10)
Rent:    [2, 6, 43, 44, 54, 57, 72, 79, 81, 98, 99, 106, 107, 108, 111, 115]
Return:  [0, 3, 4, 5, 10, 12, 19, 21, 24, 26, 28, 30, 46, 47, 50, 52, 53, 55, 60, 64, 66, 77, 82, 87, 88, 92, 93, 102, 117, 118, 122, 123]
	⭕  Walk to 104 (3.9 min) 
> 104 (22:13)
Rent:    [2, 6, 43, 44, 54, 57, 72, 79, 81, 98, 99, 106, 107, 108, 111, 115]
Return:  [0, 3, 4, 5, 10, 12, 19, 21, 24, 26, 28, 30, 46, 47, 50, 52, 53, 55, 60, 64, 66, 77, 82, 87, 88, 92, 93, 102, 117, 118, 122, 123]
	⭕  Bike to 50 (1.4 min) +1
> 50 (22:15)
Rent:    [2, 6, 32, 44, 54, 57, 72, 76, 79, 81, 98, 99, 106, 107, 108, 111, 115]
Return:  [0, 3, 4, 5, 8, 10, 12, 19, 21, 24, 26, 28, 30, 33, 37, 46, 50, 52, 53, 55, 60, 61, 64, 66, 77, 82, 87, 88, 92, 93, 102, 117, 118, 123]
	⭕  Walk to 104 (3.9 min) 
> 104 (22:19)
Rent:    [2, 6, 32, 44, 54, 57, 72, 76, 79, 81, 98, 99, 106, 107, 108, 111, 115]
Return:  [0, 3, 4, 5, 8, 10, 12, 19, 21, 24, 26, 28, 30, 33, 37, 46, 50, 52, 53, 55, 60, 61, 64, 66, 77, 82, 87, 88, 92, 93, 102, 117, 118, 123]
	⭕  Bike to 50 (1.4 min) +1
> 50 (22:20)
Rent:    [2, 6, 32, 44, 54, 57, 72, 76, 79, 81, 98, 99, 106, 107, 108, 111, 115]
Return:  [0, 3, 4, 5, 8, 10, 12, 19, 21, 24, 26, 28, 30, 33, 37, 46, 50, 52, 53, 55, 60, 61, 64, 66, 77, 82, 87, 88, 92, 93, 102, 117, 118, 123]
	⭕  Walk to 104 (3.9 min) 
> 104 (22:24)
Rent:    [2, 6, 32, 44, 54, 57, 72, 76, 79, 81, 98, 99, 106, 107, 108, 111, 115]
Return:  [0, 3, 4, 5, 8, 10, 12, 19, 21, 24, 26, 28, 30, 33, 37, 46, 50, 52, 53, 55, 60, 61, 64, 66, 77, 82, 87, 88, 92, 93, 102, 117, 118, 123]
	⭕  Bike to 50 (1.4 min) +1
> 50 (22:25)
Rent:    [2, 6, 32, 44, 54, 57, 72, 76, 79, 81, 98, 99, 106, 107, 108, 111, 115]
Return:  [0, 3, 4, 5, 8, 10, 12, 19, 21, 24, 26, 28, 30, 33, 37, 46, 50, 52, 53, 55, 60, 61, 64, 66, 77, 82, 87, 88, 92, 93, 102, 117, 118, 123]
	⭕  Walk to 5 (2.5 min) 
> 5 (22:28)
Rent:    [2, 6, 32, 44, 54, 57, 72, 76, 79, 81, 98, 99, 106, 107, 108, 111, 115]
Return:  [0, 3, 4, 5, 8, 10, 12, 19, 21, 24, 26, 28, 30, 33, 37, 46, 50, 52, 53, 55, 60, 61, 64, 66, 77, 82, 87, 88, 92, 93, 102, 117, 118, 123]
	⭕  Bike to 50 (1.0 min) +1
> 50 (22:29)
Rent:    [2, 6, 32, 44, 54, 57, 72, 76, 79, 81, 98, 99, 106, 107, 108, 111, 115]
Return:  [0, 3, 4, 5, 8, 10, 12, 19, 21, 24, 26, 28, 30, 33, 37, 46, 50, 52, 53, 55, 60, 61, 64, 66, 77, 82, 87, 88, 92, 93, 102, 117, 118, 123]
	⭕  Walk to 58 (4.2 min) 
> 58 (22:33)
Rent:    [6, 32, 43, 44, 54, 57, 72, 76, 79, 81, 98, 99, 106, 107, 114, 115]
Return:  [0, 3, 4, 8, 10, 12, 19, 21, 24, 26, 28, 30, 33, 37, 39, 46, 50, 52, 53, 55, 60, 61, 64, 66, 77, 82, 87, 88, 92, 93, 102, 117, 118]
	⭕  Bike to 55 (3.9 min) +1
> 55 (22:37)
Rent:    [6, 32, 43, 44, 54, 57, 72, 76, 79, 81, 98, 99, 106, 107, 114, 115]
Return:  [0, 3, 4, 8, 10, 12, 19, 21, 24, 26, 28, 30, 33, 37, 39, 46, 50, 52, 53, 55, 60, 61, 64, 66, 77, 82, 87, 88, 92, 93, 102, 117, 118]
	⭕  Walk to 103 (3.4 min) 
> 103 (22:41)
Rent:    [6, 32, 43, 44, 54, 57, 72, 76, 79, 81, 98, 99, 106, 107, 114, 115]
Return:  [0, 3, 4, 8, 10, 12, 19, 21, 24, 26, 28, 30, 33, 37, 39, 46, 50, 52, 53, 55, 60, 61, 64, 66, 77, 82, 87, 88, 92, 93, 102, 117, 118]
	⭕  Bike to 8 (2.0 min) +1
> 8 (22:43)
Rent:    [6, 32, 43, 44, 54, 57, 72, 76, 79, 81, 98, 99, 106, 107, 114, 115]
Return:  [0, 3, 4, 8, 10, 12, 19, 21, 24, 26, 28, 30, 33, 37, 39, 46, 50, 52, 53, 55, 60, 61, 64, 66, 77, 82, 87, 88, 92, 93, 102, 117, 118]
	⭕  Walk to 5 (2.6 min) 
> 5 (22:45)
Rent:    [2, 6, 32, 43, 44, 54, 57, 72, 76, 79, 81, 98, 99, 106, 107, 108, 114, 115]
Return:  [0, 3, 4, 8, 10, 12, 19, 21, 24, 28, 30, 33, 39, 46, 50, 52, 53, 55, 60, 64, 66, 77, 82, 87, 88, 92, 93, 102, 117, 121, 123]
	⭕  Bike to 8 (1.9 min) +1
> 8 (22:47)
Rent:    [2, 6, 32, 43, 44, 54, 57, 72, 76, 79, 81, 98, 99, 106, 107, 108, 114, 115]
Return:  [0, 3, 4, 8, 10, 12, 19, 21, 24, 28, 30, 33, 39, 46, 50, 52, 53, 55, 60, 64, 66, 77, 82, 87, 88, 92, 93, 102, 117, 121, 123]
	⭕  Walk to 104 (6.2 min) 
> 104 (22:53)
Rent:    [2, 6, 32, 43, 44, 54, 57, 72, 76, 79, 81, 98, 99, 106, 107, 108, 114, 115]
Return:  [0, 3, 4, 8, 10, 12, 19, 21, 24, 28, 30, 33, 39, 46, 50, 52, 53, 55, 60, 64, 66, 77, 82, 87, 88, 92, 93, 102, 117, 121, 123]
	⭕  Bike to 50 (1.4 min) +1
> 50 (22:55)
Rent:    [2, 6, 32, 43, 44, 54, 57, 72, 76, 79, 81, 98, 99, 106, 107, 108, 114, 115]
Return:  [0, 3, 4, 8, 10, 12, 19, 21, 24, 28, 30, 33, 39, 46, 50, 52, 53, 55, 60, 64, 66, 77, 82, 87, 88, 92, 93, 102, 117, 121, 123]
	🔵  End excursion
	⭕  Walk to 5 (2.5 min) 
> 5 (22:57)

---------- Excursion Complete ----------
End time: 22:57
Final station: 5
Bike count: 100
Walk count: 100
Wait count: 0
Total reward: 100
Seed: 241100832

