Generated random seed: 3027051753
---------- Starting Excursion -----------
Warmup time: 4.0 hours
Start time: 16:00 
Excursion time: 7.0 hours

> 1 (16:00)
Rent:    [103, 107, 115]
Return:  [0, 10, 12, 26, 28, 46, 53, 64, 80, 82, 93, 104, 124]
	⭕  Bike to 53 (3.0 min) +1
> 53 (16:03)
Rent:    [103, 107, 115]
Return:  [0, 10, 12, 26, 28, 46, 53, 64, 80, 82, 93, 104, 124]
	⭕  Walk to 87 (1.6 min) 
> 87 (16:04)
Rent:    [103, 107, 115]
Return:  [0, 10, 12, 26, 28, 46, 53, 64, 80, 82, 93, 104, 124]
	⭕  Bike to 53 (0.6 min) +1
> 53 (16:05)
Rent:    [103, 107, 115]
Return:  [0, 10, 12, 26, 28, 46, 53, 64, 80, 82, 93, 104, 124]
	⭕  Walk to 87 (1.6 min) 
> 87 (16:06)
Rent:    [103, 107, 115]
Return:  [0, 10, 12, 26, 28, 46, 53, 64, 80, 82, 93, 104, 124]
	⭕  Bike to 53 (0.6 min) +1
> 53 (16:07)
Rent:    [103, 107, 115]
Return:  [0, 10, 12, 26, 28, 46, 53, 64, 80, 82, 93, 104, 124]
	⭕  Walk to 87 (1.6 min) 
> 87 (16:08)
Rent:    [103, 107, 115]
Return:  [0, 10, 12, 26, 28, 46, 53, 64, 80, 82, 93, 104, 124]
	⭕  Bike to 53 (0.6 min) +1
> 53 (16:09)
Rent:    [103, 107, 115]
Return:  [0, 10, 12, 26, 28, 46, 53, 64, 80, 82, 93, 104, 124]
	⭕  Walk to 87 (1.6 min) 
> 87 (16:11)
Rent:    [103, 107, 115]
Return:  [0, 10, 12, 26, 28, 46, 53, 64, 80, 82, 93, 104, 124]
	⭕  Bike to 53 (0.6 min) +1
> 53 (16:11)
Rent:    [103, 107, 115]
Return:  [0, 10, 12, 26, 28, 46, 53, 64, 80, 82, 93, 104, 124]
	⭕  Walk to 87 (1.6 min) 
> 87 (16:13)
Rent:    [103, 107, 115]
Return:  [0, 10, 12, 26, 28, 46, 53, 64, 80, 82, 93, 104, 124]
	⭕  Bike to 53 (0.6 min) +1
> 53 (16:13)
Rent:    [103, 107, 115]
Return:  [0, 10, 12, 26, 28, 46, 53, 64, 80, 82, 93, 104, 124]
	⭕  Walk to 87 (1.6 min) 
> 87 (16:15)
Rent:    [54, 107, 115]
Return:  [0, 5, 10, 12, 24, 26, 27, 28, 46, 53, 64, 80, 82, 93, 124]
	⭕  Bike to 53 (0.6 min) +1
> 53 (16:15)
Rent:    [54, 107, 115]
Return:  [0, 5, 10, 12, 24, 26, 27, 28, 46, 53, 64, 80, 82, 93, 124]
	⭕  Walk to 47 (2.7 min) 
> 47 (16:18)
Rent:    [54, 107, 115]
Return:  [0, 5, 10, 12, 24, 26, 27, 28, 46, 53, 64, 80, 82, 93, 124]
	⭕  Bike to 53 (1.2 min) +1
> 53 (16:19)
Rent:    [54, 107, 115]
Return:  [0, 5, 10, 12, 24, 26, 27, 28, 46, 53, 64, 80, 82, 93, 124]
	⭕  Walk to 47 (2.7 min) 
> 47 (16:22)
Rent:    [54, 107, 115]
Return:  [0, 5, 10, 12, 24, 26, 27, 28, 46, 53, 64, 80, 82, 93, 124]
	⭕  Bike to 53 (1.2 min) +1
> 53 (16:23)
Rent:    [54, 107, 115]
Return:  [0, 5, 10, 12, 24, 26, 27, 28, 46, 53, 64, 80, 82, 93, 124]
	⭕  Walk to 47 (2.7 min) 
> 47 (16:26)
Rent:    [54, 107, 115]
Return:  [0, 5, 10, 12, 24, 26, 27, 28, 46, 53, 64, 80, 82, 93, 124]
	⭕  Bike to 53 (1.2 min) +1
> 53 (16:27)
Rent:    [54, 107, 115]
Return:  [0, 5, 10, 12, 24, 26, 27, 28, 46, 53, 64, 80, 82, 93, 124]
	⭕  Walk to 87 (1.6 min) 
> 87 (16:29)
Rent:    [54, 107, 115]
Return:  [0, 5, 10, 12, 24, 26, 27, 28, 46, 53, 64, 80, 82, 93, 124]
	⭕  Bike to 53 (0.6 min) +1
> 53 (16:29)
Rent:    [54, 107, 115]
Return:  [0, 5, 10, 12, 24, 26, 27, 28, 46, 53, 64, 80, 82, 93, 124]
	⭕  Walk to 47 (2.7 min) 
> 47 (16:32)
Rent:    [54, 107, 115]
Return:  [0, 5, 10, 24, 26, 28, 46, 53, 64, 74, 80, 88, 93, 124]
	⭕  Bike to 53 (1.2 min) +1
> 53 (16:33)
Rent:    [54, 107, 115]
Return:  [0, 5, 10, 24, 26, 28, 46, 53, 64, 74, 80, 88, 93, 124]
	⭕  Walk to 47 (2.7 min) 
> 47 (16:36)
Rent:    [54, 107, 115]
Return:  [0, 5, 10, 24, 26, 28, 46, 53, 64, 74, 80, 88, 93, 124]
	⭕  Bike to 53 (1.2 min) +1
> 53 (16:37)
Rent:    [54, 107, 115]
Return:  [0, 5, 10, 24, 26, 28, 46, 53, 64, 74, 80, 88, 93, 124]
	⭕  Walk to 47 (2.7 min) 
> 47 (16:40)
Rent:    [54, 107, 115]
Return:  [0, 5, 10, 24, 26, 28, 46, 53, 64, 74, 80, 88, 93, 124]
	⭕  Bike to 53 (1.2 min) +1
> 53 (16:41)
Rent:    [54, 107, 115]
Return:  [0, 5, 10, 24, 26, 28, 46, 53, 64, 74, 80, 88, 93, 124]
	⭕  Walk to 47 (2.7 min) 
> 47 (16:44)
Rent:    [54, 107, 115]
Return:  [0, 5, 10, 24, 26, 28, 46, 53, 64, 74, 80, 88, 93, 124]
	⭕  Bike to 53 (1.2 min) +1
> 53 (16:45)
Rent:    [54, 79, 98, 107, 115]
Return:  [5, 10, 12, 24, 26, 28, 46, 53, 64, 74, 80, 82, 87, 88, 93, 104, 124]
	⭕  Walk to 47 (2.7 min) 
> 47 (16:48)
Rent:    [54, 79, 98, 107, 115]
Return:  [5, 10, 12, 24, 26, 28, 46, 53, 64, 74, 80, 82, 87, 88, 93, 104, 124]
	⭕  Bike to 53 (1.2 min) +1
> 53 (16:49)
Rent:    [54, 79, 98, 107, 115]
Return:  [5, 10, 12, 24, 26, 28, 46, 53, 64, 74, 80, 82, 87, 88, 93, 104, 124]
	⭕  Walk to 47 (2.7 min) 
> 47 (16:52)
Rent:    [54, 79, 98, 107, 115]
Return:  [5, 10, 12, 24, 26, 28, 46, 53, 64, 74, 80, 82, 87, 88, 93, 104, 124]
	⭕  Bike to 87 (2.0 min) +1
> 87 (16:54)
Rent:    [54, 79, 98, 107, 115]
Return:  [5, 10, 12, 24, 26, 28, 46, 53, 64, 74, 80, 82, 87, 88, 93, 104, 124]
	⭕  Walk to 30 (2.6 min) 
> 30 (16:56)
Rent:    [54, 79, 98, 107, 115]
Return:  [5, 10, 12, 24, 26, 28, 46, 53, 64, 74, 80, 82, 87, 88, 93, 104, 124]
	⭕  Bike to 87 (1.0 min) +1
> 87 (16:57)
Rent:    [54, 79, 98, 107, 115]
Return:  [5, 10, 12, 24, 26, 28, 46, 53, 64, 74, 80, 82, 87, 88, 93, 104, 124]
	⭕  Walk to 30 (2.6 min) 
> 30 (17:00)
Rent:    [54, 79, 98, 107, 115]
Return:  [0, 5, 10, 24, 26, 28, 46, 47, 53, 80, 82, 87, 88, 93, 104, 124]
	⭕  Bike to 87 (1.0 min) +1
> 87 (17:01)
Rent:    [54, 79, 98, 107, 115]
Return:  [0, 5, 10, 24, 26, 28, 46, 47, 53, 80, 82, 87, 88, 93, 104, 124]
	⭕  Walk to 30 (2.6 min) 
> 30 (17:04)
Rent:    [54, 79, 98, 107, 115]
Return:  [0, 5, 10, 24, 26, 28, 46, 47, 53, 80, 82, 87, 88, 93, 104, 124]
	⭕  Bike to 87 (1.0 min) +1
> 87 (17:05)
Rent:    [54, 79, 98, 107, 115]
Return:  [0, 5, 10, 24, 26, 28, 46, 47, 53, 80, 82, 87, 88, 93, 104, 124]
	⭕  Walk to 30 (2.6 min) 
> 30 (17:07)
Rent:    [54, 79, 98, 107, 115]
Return:  [0, 5, 10, 24, 26, 28, 46, 47, 53, 80, 82, 87, 88, 93, 104, 124]
	⭕  Bike to 87 (1.0 min) +1
> 87 (17:08)
Rent:    [54, 79, 98, 107, 115]
Return:  [0, 5, 10, 24, 26, 28, 46, 47, 53, 80, 82, 87, 88, 93, 104, 124]
	⭕  Walk to 30 (2.6 min) 
> 30 (17:11)
Rent:    [54, 79, 98, 107, 115]
Return:  [0, 5, 10, 24, 26, 28, 46, 47, 53, 80, 82, 87, 88, 93, 104, 124]
	⭕  Bike to 87 (1.0 min) +1
> 87 (17:12)
Rent:    [54, 79, 98, 107, 115]
Return:  [0, 5, 10, 24, 26, 28, 46, 47, 53, 80, 82, 87, 88, 93, 104, 124]
	⭕  Walk to 30 (2.6 min) 
> 30 (17:15)
Rent:    [54, 79, 98, 100, 106, 107, 115]
Return:  [0, 5, 10, 24, 26, 28, 39, 46, 47, 53, 55, 64, 80, 82, 87, 88, 92, 93, 104, 124]
	⭕  Bike to 87 (1.0 min) +1
> 87 (17:16)
Rent:    [54, 79, 98, 100, 106, 107, 115]
Return:  [0, 5, 10, 24, 26, 28, 39, 46, 47, 53, 55, 64, 80, 82, 87, 88, 92, 93, 104, 124]
	⭕  Walk to 30 (2.6 min) 
> 30 (17:18)
Rent:    [54, 79, 98, 100, 106, 107, 115]
Return:  [0, 5, 10, 24, 26, 28, 39, 46, 47, 53, 55, 64, 80, 82, 87, 88, 92, 93, 104, 124]
	⭕  Bike to 87 (1.0 min) +1
> 87 (17:19)
Rent:    [54, 79, 98, 100, 106, 107, 115]
Return:  [0, 5, 10, 24, 26, 28, 39, 46, 47, 53, 55, 64, 80, 82, 87, 88, 92, 93, 104, 124]
	⭕  Walk to 30 (2.6 min) 
> 30 (17:22)
Rent:    [54, 79, 98, 100, 106, 107, 115]
Return:  [0, 5, 10, 24, 26, 28, 39, 46, 47, 53, 55, 64, 80, 82, 87, 88, 92, 93, 104, 124]
	⭕  Bike to 87 (1.0 min) +1
> 87 (17:23)
Rent:    [54, 79, 98, 100, 106, 107, 115]
Return:  [0, 5, 10, 24, 26, 28, 39, 46, 47, 53, 55, 64, 80, 82, 87, 88, 92, 93, 104, 124]
	⭕  Walk to 102 (6.6 min) 
> 102 (17:30)
Rent:    [54, 72, 79, 98, 100, 106, 107, 115]
Return:  [0, 5, 10, 24, 26, 27, 28, 46, 47, 53, 55, 60, 64, 66, 80, 82, 87, 88, 92, 93, 104, 124]
	⭕  Bike to 66 (0.7 min) +1
> 66 (17:30)
Rent:    [54, 72, 79, 98, 100, 106, 107, 115]
Return:  [0, 5, 10, 24, 26, 27, 28, 46, 47, 53, 55, 60, 64, 66, 80, 82, 87, 88, 92, 93, 104, 124]
	⭕  Walk to 102 (1.7 min) 
> 102 (17:32)
Rent:    [54, 72, 79, 98, 100, 106, 107, 115]
Return:  [0, 5, 10, 24, 26, 27, 28, 46, 47, 53, 55, 60, 64, 66, 80, 82, 87, 88, 92, 93, 104, 124]
	⭕  Bike to 66 (0.7 min) +1
> 66 (17:33)
Rent:    [54, 72, 79, 98, 100, 106, 107, 115]
Return:  [0, 5, 10, 24, 26, 27, 28, 46, 47, 53, 55, 60, 64, 66, 80, 82, 87, 88, 92, 93, 104, 124]
	⭕  Walk to 52 (2.4 min) 
> 52 (17:35)
Rent:    [54, 72, 79, 98, 100, 106, 107, 115]
Return:  [0, 5, 10, 24, 26, 27, 28, 46, 47, 53, 55, 60, 64, 66, 80, 82, 87, 88, 92, 93, 104, 124]
	⭕  Bike to 66 (1.1 min) +1
> 66 (17:36)
Rent:    [54, 72, 79, 98, 100, 106, 107, 115]
Return:  [0, 5, 10, 24, 26, 27, 28, 46, 47, 53, 55, 60, 64, 66, 80, 82, 87, 88, 92, 93, 104, 124]
	⭕  Walk to 52 (2.4 min) 
> 52 (17:39)
Rent:    [54, 72, 79, 98, 100, 106, 107, 115]
Return:  [0, 5, 10, 24, 26, 27, 28, 46, 47, 53, 55, 60, 64, 66, 80, 82, 87, 88, 92, 93, 104, 124]
	⭕  Bike to 66 (1.1 min) +1
> 66 (17:40)
Rent:    [54, 72, 79, 98, 100, 106, 107, 115]
Return:  [0, 5, 10, 24, 26, 27, 28, 46, 47, 53, 55, 60, 64, 66, 80, 82, 87, 88, 92, 93, 104, 124]
	⭕  Walk to 52 (2.4 min) 
> 52 (17:42)
Rent:    [54, 72, 79, 98, 100, 106, 107, 115]
Return:  [0, 5, 10, 24, 26, 27, 28, 46, 47, 53, 55, 60, 64, 66, 80, 82, 87, 88, 92, 93, 104, 124]
	⭕  Bike to 66 (1.1 min) +1
> 66 (17:43)
Rent:    [54, 72, 79, 98, 100, 106, 107, 115]
Return:  [0, 5, 10, 24, 26, 27, 28, 46, 47, 53, 55, 60, 64, 66, 80, 82, 87, 88, 92, 93, 104, 124]
	⭕  Walk to 52 (2.4 min) 
> 52 (17:46)
Rent:    [6, 54, 72, 79, 98, 106, 107, 115]
Return:  [0, 5, 10, 24, 26, 27, 28, 30, 46, 47, 53, 55, 60, 61, 64, 66, 74, 82, 87, 88, 92, 93, 104, 124]
	⭕  Bike to 66 (1.1 min) +1
> 66 (17:47)
Rent:    [6, 54, 72, 79, 98, 106, 107, 115]
Return:  [0, 5, 10, 24, 26, 27, 28, 30, 46, 47, 53, 55, 60, 61, 64, 66, 74, 82, 87, 88, 92, 93, 104, 124]
	⭕  Walk to 52 (2.4 min) 
> 52 (17:49)
Rent:    [6, 54, 72, 79, 98, 106, 107, 115]
Return:  [0, 5, 10, 24, 26, 27, 28, 30, 46, 47, 53, 55, 60, 61, 64, 66, 74, 82, 87, 88, 92, 93, 104, 124]
	⭕  Bike to 66 (1.1 min) +1
> 66 (17:50)
Rent:    [6, 54, 72, 79, 98, 106, 107, 115]
Return:  [0, 5, 10, 24, 26, 27, 28, 30, 46, 47, 53, 55, 60, 61, 64, 66, 74, 82, 87, 88, 92, 93, 104, 124]
	⭕  Walk to 117 (5.4 min) 
> 117 (17:55)
Rent:    [6, 54, 72, 79, 98, 106, 107, 115]
Return:  [0, 5, 10, 24, 26, 27, 28, 30, 46, 47, 53, 55, 60, 61, 64, 66, 74, 82, 87, 88, 92, 93, 104, 124]
	⭕  Bike to 27 (0.9 min) +1
> 27 (17:56)
Rent:    [6, 54, 72, 79, 98, 106, 107, 115]
Return:  [0, 5, 10, 24, 26, 27, 28, 30, 46, 47, 53, 55, 60, 61, 64, 66, 74, 82, 87, 88, 92, 93, 104, 124]
	⭕  Walk to 117 (1.9 min) 
> 117 (17:58)
Rent:    [6, 54, 72, 79, 98, 106, 107, 115]
Return:  [0, 5, 10, 24, 26, 27, 28, 30, 46, 47, 53, 55, 60, 61, 64, 66, 74, 82, 87, 88, 92, 93, 104, 124]
	⭕  Bike to 27 (0.9 min) +1
> 27 (17:59)
Rent:    [6, 54, 72, 79, 98, 106, 107, 115]
Return:  [0, 5, 10, 24, 26, 27, 28, 30, 46, 47, 53, 55, 60, 61, 64, 66, 74, 82, 87, 88, 92, 93, 104, 124]
	⭕  Walk to 117 (1.9 min) 
> 117 (18:01)
Rent:    [6, 54, 72, 79, 98, 103, 106, 107, 115]
Return:  [0, 4, 5, 10, 11, 19, 24, 26, 27, 28, 30, 39, 46, 53, 55, 60, 61, 64, 66, 74, 80, 82, 87, 88, 92, 93, 102, 104, 124]
	⭕  Bike to 27 (0.9 min) +1
> 27 (18:02)
Rent:    [6, 54, 72, 79, 98, 103, 106, 107, 115]
Return:  [0, 4, 5, 10, 11, 19, 24, 26, 27, 28, 30, 39, 46, 53, 55, 60, 61, 64, 66, 74, 80, 82, 87, 88, 92, 93, 102, 104, 124]
	⭕  Walk to 117 (1.9 min) 
> 117 (18:04)
Rent:    [6, 54, 72, 79, 98, 103, 106, 107, 115]
Return:  [0, 4, 5, 10, 11, 19, 24, 26, 27, 28, 30, 39, 46, 53, 55, 60, 61, 64, 66, 74, 80, 82, 87, 88, 92, 93, 102, 104, 124]
	⭕  Bike to 27 (0.9 min) +1
> 27 (18:05)
Rent:    [6, 54, 72, 79, 98, 103, 106, 107, 115]
Return:  [0, 4, 5, 10, 11, 19, 24, 26, 27, 28, 30, 39, 46, 53, 55, 60, 61, 64, 66, 74, 80, 82, 87, 88, 92, 93, 102, 104, 124]
	⭕  Walk to 117 (1.9 min) 
> 117 (18:07)
Rent:    [6, 54, 72, 79, 98, 103, 106, 107, 115]
Return:  [0, 4, 5, 10, 11, 19, 24, 26, 27, 28, 30, 39, 46, 53, 55, 60, 61, 64, 66, 74, 80, 82, 87, 88, 92, 93, 102, 104, 124]
	⭕  Bike to 27 (0.9 min) +1
> 27 (18:07)
Rent:    [6, 54, 72, 79, 98, 103, 106, 107, 115]
Return:  [0, 4, 5, 10, 11, 19, 24, 26, 27, 28, 30, 39, 46, 53, 55, 60, 61, 64, 66, 74, 80, 82, 87, 88, 92, 93, 102, 104, 124]
	⭕  Walk to 117 (1.9 min) 
> 117 (18:09)
Rent:    [6, 54, 72, 79, 98, 103, 106, 107, 115]
Return:  [0, 4, 5, 10, 11, 19, 24, 26, 27, 28, 30, 39, 46, 53, 55, 60, 61, 64, 66, 74, 80, 82, 87, 88, 92, 93, 102, 104, 124]
	⭕  Bike to 27 (0.9 min) +1
> 27 (18:10)
Rent:    [6, 54, 72, 79, 98, 103, 106, 107, 115]
Return:  [0, 4, 5, 10, 11, 19, 24, 26, 27, 28, 30, 39, 46, 53, 55, 60, 61, 64, 66, 74, 80, 82, 87, 88, 92, 93, 102, 104, 124]
	⭕  Walk to 117 (1.9 min) 
> 117 (18:12)
Rent:    [6, 54, 72, 79, 98, 103, 106, 107, 115]
Return:  [0, 4, 5, 10, 11, 19, 24, 26, 27, 28, 30, 39, 46, 53, 55, 60, 61, 64, 66, 74, 80, 82, 87, 88, 92, 93, 102, 104, 124]
	⭕  Bike to 27 (0.9 min) +1
> 27 (18:13)
Rent:    [6, 54, 72, 79, 98, 103, 106, 107, 115]
Return:  [0, 4, 5, 10, 11, 19, 24, 26, 27, 28, 30, 39, 46, 53, 55, 60, 61, 64, 66, 74, 80, 82, 87, 88, 92, 93, 102, 104, 124]
	⭕  Walk to 117 (1.9 min) 
> 117 (18:15)
Rent:    [6, 54, 72, 79, 98, 106, 107, 115]
Return:  [0, 4, 10, 11, 19, 24, 26, 27, 28, 30, 39, 46, 53, 55, 60, 61, 64, 66, 74, 80, 82, 87, 88, 92, 93, 102, 104, 118, 124]
	⭕  Bike to 27 (0.9 min) +1
> 27 (18:16)
Rent:    [6, 54, 72, 79, 98, 106, 107, 115]
Return:  [0, 4, 10, 11, 19, 24, 26, 27, 28, 30, 39, 46, 53, 55, 60, 61, 64, 66, 74, 80, 82, 87, 88, 92, 93, 102, 104, 118, 124]
	⭕  Walk to 117 (1.9 min) 
> 117 (18:18)
Rent:    [6, 54, 72, 79, 98, 106, 107, 115]
Return:  [0, 4, 10, 11, 19, 24, 26, 27, 28, 30, 39, 46, 53, 55, 60, 61, 64, 66, 74, 80, 82, 87, 88, 92, 93, 102, 104, 118, 124]
	⭕  Bike to 27 (0.9 min) +1
> 27 (18:18)
Rent:    [6, 54, 72, 79, 98, 106, 107, 115]
Return:  [0, 4, 10, 11, 19, 24, 26, 27, 28, 30, 39, 46, 53, 55, 60, 61, 64, 66, 74, 80, 82, 87, 88, 92, 93, 102, 104, 118, 124]
	⭕  Walk to 117 (1.9 min) 
> 117 (18:20)
Rent:    [6, 54, 72, 79, 98, 106, 107, 115]
Return:  [0, 4, 10, 11, 19, 24, 26, 27, 28, 30, 39, 46, 53, 55, 60, 61, 64, 66, 74, 80, 82, 87, 88, 92, 93, 102, 104, 118, 124]
	⭕  Bike to 27 (0.9 min) +1
> 27 (18:21)
Rent:    [6, 54, 72, 79, 98, 106, 107, 115]
Return:  [0, 4, 10, 11, 19, 24, 26, 27, 28, 30, 39, 46, 53, 55, 60, 61, 64, 66, 74, 80, 82, 87, 88, 92, 93, 102, 104, 118, 124]
	⭕  Walk to 105 (2.7 min) 
> 105 (18:24)
Rent:    [6, 54, 72, 79, 98, 106, 107, 115]
Return:  [0, 4, 10, 11, 19, 24, 26, 27, 28, 30, 39, 46, 53, 55, 60, 61, 64, 66, 74, 80, 82, 87, 88, 92, 93, 102, 104, 118, 124]
	⭕  Bike to 27 (1.3 min) +1
> 27 (18:25)
Rent:    [6, 54, 72, 79, 98, 106, 107, 115]
Return:  [0, 4, 10, 11, 19, 24, 26, 27, 28, 30, 39, 46, 53, 55, 60, 61, 64, 66, 74, 80, 82, 87, 88, 92, 93, 102, 104, 118, 124]
	⭕  Walk to 105 (2.7 min) 
> 105 (18:28)
Rent:    [6, 54, 72, 79, 98, 106, 107, 115]
Return:  [0, 4, 10, 11, 19, 24, 26, 27, 28, 30, 39, 46, 53, 55, 60, 61, 64, 66, 74, 80, 82, 87, 88, 92, 93, 102, 104, 118, 124]
	⭕  Bike to 27 (1.3 min) +1
> 27 (18:29)
Rent:    [6, 54, 72, 79, 98, 106, 107, 115]
Return:  [0, 4, 10, 11, 19, 24, 26, 27, 28, 30, 39, 46, 53, 55, 60, 61, 64, 66, 74, 80, 82, 87, 88, 92, 93, 102, 104, 118, 124]
	⭕  Walk to 105 (2.7 min) 
> 105 (18:32)
Rent:    [6, 54, 72, 79, 98, 106, 107, 115]
Return:  [0, 5, 11, 19, 24, 26, 27, 28, 30, 37, 46, 52, 53, 55, 60, 61, 64, 66, 77, 80, 82, 87, 88, 92, 93, 102, 104, 117, 118, 124]
	⭕  Bike to 117 (0.7 min) +1
> 117 (18:33)
Rent:    [6, 54, 72, 79, 98, 106, 107, 115]
Return:  [0, 5, 11, 19, 24, 26, 27, 28, 30, 37, 46, 52, 53, 55, 60, 61, 64, 66, 77, 80, 82, 87, 88, 92, 93, 102, 104, 117, 118, 124]
	⭕  Walk to 105 (2.0 min) 
> 105 (18:35)
Rent:    [6, 54, 72, 79, 98, 106, 107, 115]
Return:  [0, 5, 11, 19, 24, 26, 27, 28, 30, 37, 46, 52, 53, 55, 60, 61, 64, 66, 77, 80, 82, 87, 88, 92, 93, 102, 104, 117, 118, 124]
	⭕  Bike to 117 (0.7 min) +1
> 117 (18:35)
Rent:    [6, 54, 72, 79, 98, 106, 107, 115]
Return:  [0, 5, 11, 19, 24, 26, 27, 28, 30, 37, 46, 52, 53, 55, 60, 61, 64, 66, 77, 80, 82, 87, 88, 92, 93, 102, 104, 117, 118, 124]
	⭕  Walk to 105 (2.0 min) 
> 105 (18:37)
Rent:    [6, 54, 72, 79, 98, 106, 107, 115]
Return:  [0, 5, 11, 19, 24, 26, 27, 28, 30, 37, 46, 52, 53, 55, 60, 61, 64, 66, 77, 80, 82, 87, 88, 92, 93, 102, 104, 117, 118, 124]
	⭕  Bike to 117 (0.7 min) +1
> 117 (18:38)
Rent:    [6, 54, 72, 79, 98, 106, 107, 115]
Return:  [0, 5, 11, 19, 24, 26, 27, 28, 30, 37, 46, 52, 53, 55, 60, 61, 64, 66, 77, 80, 82, 87, 88, 92, 93, 102, 104, 117, 118, 124]
	⭕  Walk to 105 (2.0 min) 
> 105 (18:40)
Rent:    [6, 54, 72, 79, 98, 106, 107, 115]
Return:  [0, 5, 11, 19, 24, 26, 27, 28, 30, 37, 46, 52, 53, 55, 60, 61, 64, 66, 77, 80, 82, 87, 88, 92, 93, 102, 104, 117, 118, 124]
	⭕  Bike to 117 (0.7 min) +1
> 117 (18:41)
Rent:    [6, 54, 72, 79, 98, 106, 107, 115]
Return:  [0, 5, 11, 19, 24, 26, 27, 28, 30, 37, 46, 52, 53, 55, 60, 61, 64, 66, 77, 80, 82, 87, 88, 92, 93, 102, 104, 117, 118, 124]
	⭕  Walk to 105 (2.0 min) 
> 105 (18:43)
Rent:    [6, 54, 72, 79, 98, 106, 107, 115]
Return:  [0, 5, 11, 19, 24, 26, 27, 28, 30, 37, 46, 52, 53, 55, 60, 61, 64, 66, 77, 80, 82, 87, 88, 92, 93, 102, 104, 117, 118, 124]
	⭕  Bike to 117 (0.7 min) +1
> 117 (18:44)
Rent:    [6, 54, 72, 79, 98, 106, 107, 115]
Return:  [0, 5, 11, 19, 24, 26, 27, 28, 30, 37, 46, 52, 53, 55, 60, 61, 64, 66, 77, 80, 82, 87, 88, 92, 93, 102, 104, 117, 118, 124]
	⭕  Walk to 105 (2.0 min) 
> 105 (18:46)
Rent:    [54, 79, 85, 98, 106, 107, 115]
Return:  [0, 4, 12, 19, 24, 26, 27, 28, 30, 37, 46, 52, 55, 60, 61, 64, 66, 73, 74, 77, 80, 82, 87, 88, 92, 102, 104, 117, 118, 124]
	⭕  Bike to 117 (0.7 min) +1
> 117 (18:46)
Rent:    [54, 79, 85, 98, 106, 107, 115]
Return:  [0, 4, 12, 19, 24, 26, 27, 28, 30, 37, 46, 52, 55, 60, 61, 64, 66, 73, 74, 77, 80, 82, 87, 88, 92, 102, 104, 117, 118, 124]
	⭕  Walk to 119 (8.1 min) 
> 119 (18:54)
Rent:    [54, 79, 85, 98, 106, 107, 115]
Return:  [0, 4, 12, 19, 24, 26, 27, 28, 30, 37, 46, 52, 55, 60, 61, 64, 66, 73, 74, 77, 80, 82, 87, 88, 92, 102, 104, 117, 118, 124]
	⭕  Bike to 46 (2.4 min) +1
> 46 (18:57)
Rent:    [54, 79, 85, 98, 106, 107, 115]
Return:  [0, 4, 12, 19, 24, 26, 27, 28, 30, 37, 46, 52, 55, 60, 61, 64, 66, 73, 74, 77, 80, 82, 87, 88, 92, 102, 104, 117, 118, 124]
	⭕  Walk to 10 (7.2 min) 
> 10 (19:04)
Rent:    [6, 54, 72, 79, 85, 98, 103, 106, 107, 115]
Return:  [0, 5, 12, 24, 26, 27, 28, 30, 37, 46, 50, 55, 60, 61, 64, 66, 74, 77, 78, 80, 82, 87, 88, 92, 93, 102, 104, 117, 118, 124]
	⭕  Bike to 87 (1.5 min) +1
> 87 (19:05)
Rent:    [6, 54, 72, 79, 85, 98, 103, 106, 107, 115]
Return:  [0, 5, 12, 24, 26, 27, 28, 30, 37, 46, 50, 55, 60, 61, 64, 66, 74, 77, 78, 80, 82, 87, 88, 92, 93, 102, 104, 117, 118, 124]
	⭕  Walk to 103 (8.0 min) 
> 103 (19:13)
Rent:    [6, 54, 72, 79, 85, 98, 103, 106, 107, 115]
Return:  [0, 5, 12, 24, 26, 27, 28, 30, 37, 46, 50, 55, 60, 61, 64, 66, 74, 77, 78, 80, 82, 87, 88, 92, 93, 102, 104, 117, 118, 124]
	⭕  Bike to 55 (2.1 min) +2
> 55 (19:16)
Rent:    [6, 54, 63, 72, 79, 81, 98, 103, 106, 107, 115]
Return:  [0, 5, 12, 24, 26, 27, 28, 30, 37, 39, 46, 50, 52, 53, 55, 60, 61, 64, 66, 74, 77, 78, 80, 82, 87, 88, 92, 93, 102, 104, 105, 117, 118, 124]
	⭕  Walk to 103 (3.4 min) 
> 103 (19:19)
Rent:    [6, 54, 63, 72, 79, 81, 98, 103, 106, 107, 115]
Return:  [0, 5, 12, 24, 26, 27, 28, 30, 37, 39, 46, 50, 52, 53, 55, 60, 61, 64, 66, 74, 77, 78, 80, 82, 87, 88, 92, 93, 102, 104, 105, 117, 118, 124]
	⭕  Bike to 55 (2.1 min) +2
> 55 (19:21)
Rent:    [6, 54, 63, 72, 79, 81, 98, 103, 106, 107, 115]
Return:  [0, 5, 12, 24, 26, 27, 28, 30, 37, 39, 46, 50, 52, 53, 55, 60, 61, 64, 66, 74, 77, 78, 80, 82, 87, 88, 92, 93, 102, 104, 105, 117, 118, 124]
	⭕  Walk to 103 (3.4 min) 
> 103 (19:24)
Rent:    [6, 54, 63, 72, 79, 81, 98, 103, 106, 107, 115]
Return:  [0, 5, 12, 24, 26, 27, 28, 30, 37, 39, 46, 50, 52, 53, 55, 60, 61, 64, 66, 74, 77, 78, 80, 82, 87, 88, 92, 93, 102, 104, 105, 117, 118, 124]
	⭕  Bike to 55 (2.1 min) +2
> 55 (19:27)
Rent:    [6, 54, 63, 72, 79, 81, 98, 103, 106, 107, 115]
Return:  [0, 5, 12, 24, 26, 27, 28, 30, 37, 39, 46, 50, 52, 53, 55, 60, 61, 64, 66, 74, 77, 78, 80, 82, 87, 88, 92, 93, 102, 104, 105, 117, 118, 124]
	⭕  Walk to 103 (3.4 min) 
> 103 (19:30)
Rent:    [38, 54, 63, 72, 98, 106, 107, 115]
Return:  [0, 4, 5, 24, 26, 27, 28, 30, 33, 37, 39, 45, 46, 50, 52, 53, 55, 60, 61, 64, 66, 77, 80, 82, 87, 88, 92, 102, 104, 105, 117, 118, 124]
	⭕  Bike to 4 (2.3 min) +1
> 4 (19:32)
Rent:    [38, 54, 63, 72, 98, 106, 107, 115]
Return:  [0, 4, 5, 24, 26, 27, 28, 30, 33, 37, 39, 45, 46, 50, 52, 53, 55, 60, 61, 64, 66, 77, 80, 82, 87, 88, 92, 102, 104, 105, 117, 118, 124]
	⭕  Walk to 8 (2.5 min) 
> 8 (19:35)
Rent:    [38, 54, 63, 72, 98, 106, 107, 115]
Return:  [0, 4, 5, 24, 26, 27, 28, 30, 33, 37, 39, 45, 46, 50, 52, 53, 55, 60, 61, 64, 66, 77, 80, 82, 87, 88, 92, 102, 104, 105, 117, 118, 124]
	⭕  Bike to 4 (1.8 min) +1
> 4 (19:37)
Rent:    [38, 54, 63, 72, 98, 106, 107, 115]
Return:  [0, 4, 5, 24, 26, 27, 28, 30, 33, 37, 39, 45, 46, 50, 52, 53, 55, 60, 61, 64, 66, 77, 80, 82, 87, 88, 92, 102, 104, 105, 117, 118, 124]
	⭕  Walk to 8 (2.5 min) 
> 8 (19:39)
Rent:    [38, 54, 63, 72, 98, 106, 107, 115]
Return:  [0, 4, 5, 24, 26, 27, 28, 30, 33, 37, 39, 45, 46, 50, 52, 53, 55, 60, 61, 64, 66, 77, 80, 82, 87, 88, 92, 102, 104, 105, 117, 118, 124]
	⭕  Bike to 4 (1.8 min) +1
> 4 (19:41)
Rent:    [38, 54, 63, 72, 98, 106, 107, 115]
Return:  [0, 4, 5, 24, 26, 27, 28, 30, 33, 37, 39, 45, 46, 50, 52, 53, 55, 60, 61, 64, 66, 77, 80, 82, 87, 88, 92, 102, 104, 105, 117, 118, 124]
	⭕  Walk to 20 (3.5 min) 
> 20 (19:44)
Rent:    [38, 54, 63, 72, 98, 106, 107, 115]
Return:  [0, 4, 5, 24, 26, 27, 28, 30, 33, 37, 39, 45, 46, 50, 52, 53, 55, 60, 61, 64, 66, 77, 80, 82, 87, 88, 92, 102, 104, 105, 117, 118, 124]
	⭕  Bike to 0 (1.6 min) +1
> 0 (19:46)
Rent:    [6, 38, 54, 63, 72, 79, 81, 98, 106, 107, 115]
Return:  [0, 5, 24, 26, 27, 28, 30, 37, 39, 45, 46, 50, 53, 55, 59, 60, 61, 64, 66, 77, 80, 82, 87, 88, 92, 93, 102, 104, 105, 117, 118, 121, 124]
	⭕  Walk to 56 (3.1 min) 
> 56 (19:49)
Rent:    [6, 38, 54, 63, 72, 79, 81, 98, 106, 107, 115]
Return:  [0, 5, 24, 26, 27, 28, 30, 37, 39, 45, 46, 50, 53, 55, 59, 60, 61, 64, 66, 77, 80, 82, 87, 88, 92, 93, 102, 104, 105, 117, 118, 121, 124]
	⭕  Bike to 0 (1.5 min) +1
> 0 (19:51)
Rent:    [6, 38, 54, 63, 72, 79, 81, 98, 106, 107, 115]
Return:  [0, 5, 24, 26, 27, 28, 30, 37, 39, 45, 46, 50, 53, 55, 59, 60, 61, 64, 66, 77, 80, 82, 87, 88, 92, 93, 102, 104, 105, 117, 118, 121, 124]
	⭕  Walk to 56 (3.1 min) 
> 56 (19:54)
Rent:    [6, 38, 54, 63, 72, 79, 81, 98, 106, 107, 115]
Return:  [0, 5, 24, 26, 27, 28, 30, 37, 39, 45, 46, 50, 53, 55, 59, 60, 61, 64, 66, 77, 80, 82, 87, 88, 92, 93, 102, 104, 105, 117, 118, 121, 124]
	⭕  Bike to 0 (1.5 min) +1
> 0 (19:55)
Rent:    [6, 38, 54, 63, 72, 79, 81, 98, 106, 107, 115]
Return:  [0, 5, 24, 26, 27, 28, 30, 37, 39, 45, 46, 50, 53, 55, 59, 60, 61, 64, 66, 77, 80, 82, 87, 88, 92, 93, 102, 104, 105, 117, 118, 121, 124]
	⭕  Walk to 56 (3.1 min) 
> 56 (19:58)
Rent:    [6, 38, 54, 63, 72, 79, 81, 98, 106, 107, 115]
Return:  [0, 5, 24, 26, 27, 28, 30, 37, 39, 45, 46, 50, 53, 55, 59, 60, 61, 64, 66, 77, 80, 82, 87, 88, 92, 93, 102, 104, 105, 117, 118, 121, 124]
	⭕  Bike to 0 (1.5 min) +1
> 0 (20:00)
Rent:    [6, 38, 54, 63, 72, 98, 106, 107, 108, 115]
Return:  [0, 4, 5, 24, 26, 27, 28, 30, 37, 39, 45, 46, 50, 52, 53, 55, 59, 60, 61, 64, 66, 74, 77, 80, 82, 87, 88, 92, 93, 101, 102, 104, 105, 117, 118, 121, 123, 124]
	⭕  Walk to 56 (3.1 min) 
> 56 (20:03)
Rent:    [6, 38, 54, 63, 72, 98, 106, 107, 108, 115]
Return:  [0, 4, 5, 24, 26, 27, 28, 30, 37, 39, 45, 46, 50, 52, 53, 55, 59, 60, 61, 64, 66, 74, 77, 80, 82, 87, 88, 92, 93, 101, 102, 104, 105, 117, 118, 121, 123, 124]
	⭕  Bike to 0 (1.5 min) +1
> 0 (20:05)
Rent:    [6, 38, 54, 63, 72, 98, 106, 107, 108, 115]
Return:  [0, 4, 5, 24, 26, 27, 28, 30, 37, 39, 45, 46, 50, 52, 53, 55, 59, 60, 61, 64, 66, 74, 77, 80, 82, 87, 88, 92, 93, 101, 102, 104, 105, 117, 118, 121, 123, 124]
	⭕  Walk to 56 (3.1 min) 
> 56 (20:08)
Rent:    [6, 38, 54, 63, 72, 98, 106, 107, 108, 115]
Return:  [0, 4, 5, 24, 26, 27, 28, 30, 37, 39, 45, 46, 50, 52, 53, 55, 59, 60, 61, 64, 66, 74, 77, 80, 82, 87, 88, 92, 93, 101, 102, 104, 105, 117, 118, 121, 123, 124]
	⭕  Bike to 0 (1.5 min) +1
> 0 (20:09)
Rent:    [6, 38, 54, 63, 72, 98, 106, 107, 108, 115]
Return:  [0, 4, 5, 24, 26, 27, 28, 30, 37, 39, 45, 46, 50, 52, 53, 55, 59, 60, 61, 64, 66, 74, 77, 80, 82, 87, 88, 92, 93, 101, 102, 104, 105, 117, 118, 121, 123, 124]
	⭕  Walk to 56 (3.1 min) 
> 56 (20:12)
Rent:    [6, 38, 54, 63, 72, 98, 106, 107, 108, 115]
Return:  [0, 4, 5, 24, 26, 27, 28, 30, 37, 39, 45, 46, 50, 52, 53, 55, 59, 60, 61, 64, 66, 74, 77, 80, 82, 87, 88, 92, 93, 101, 102, 104, 105, 117, 118, 121, 123, 124]
	⭕  Bike to 0 (1.5 min) +1
> 0 (20:14)
Rent:    [6, 38, 54, 63, 72, 98, 106, 107, 108, 115]
Return:  [0, 4, 5, 24, 26, 27, 28, 30, 37, 39, 45, 46, 50, 52, 53, 55, 59, 60, 61, 64, 66, 74, 77, 80, 82, 87, 88, 92, 93, 101, 102, 104, 105, 117, 118, 121, 123, 124]
	⭕  Walk to 56 (3.1 min) 
> 56 (20:17)
Rent:    [6, 38, 43, 54, 57, 63, 72, 79, 95, 98, 106, 107, 108, 115]
Return:  [0, 5, 21, 24, 26, 27, 28, 30, 37, 39, 45, 46, 50, 52, 53, 55, 59, 60, 61, 64, 66, 73, 74, 77, 78, 80, 82, 87, 88, 92, 93, 101, 102, 104, 105, 117, 118, 121, 123, 124]
	⭕  Bike to 0 (1.5 min) +1
> 0 (20:18)
Rent:    [6, 38, 43, 54, 57, 63, 72, 79, 95, 98, 106, 107, 108, 115]
Return:  [0, 5, 21, 24, 26, 27, 28, 30, 37, 39, 45, 46, 50, 52, 53, 55, 59, 60, 61, 64, 66, 73, 74, 77, 78, 80, 82, 87, 88, 92, 93, 101, 102, 104, 105, 117, 118, 121, 123, 124]
	⭕  Walk to 56 (3.1 min) 
> 56 (20:21)
Rent:    [6, 38, 43, 54, 57, 63, 72, 79, 95, 98, 106, 107, 108, 115]
Return:  [0, 5, 21, 24, 26, 27, 28, 30, 37, 39, 45, 46, 50, 52, 53, 55, 59, 60, 61, 64, 66, 73, 74, 77, 78, 80, 82, 87, 88, 92, 93, 101, 102, 104, 105, 117, 118, 121, 123, 124]
	⭕  Bike to 0 (1.5 min) +1
> 0 (20:23)
Rent:    [6, 38, 43, 54, 57, 63, 72, 79, 95, 98, 106, 107, 108, 115]
Return:  [0, 5, 21, 24, 26, 27, 28, 30, 37, 39, 45, 46, 50, 52, 53, 55, 59, 60, 61, 64, 66, 73, 74, 77, 78, 80, 82, 87, 88, 92, 93, 101, 102, 104, 105, 117, 118, 121, 123, 124]
	⭕  Walk to 56 (3.1 min) 
> 56 (20:26)
Rent:    [6, 38, 43, 54, 57, 63, 72, 79, 95, 98, 106, 107, 108, 115]
Return:  [0, 5, 21, 24, 26, 27, 28, 30, 37, 39, 45, 46, 50, 52, 53, 55, 59, 60, 61, 64, 66, 73, 74, 77, 78, 80, 82, 87, 88, 92, 93, 101, 102, 104, 105, 117, 118, 121, 123, 124]
	⭕  Bike to 0 (1.5 min) +1
> 0 (20:28)
Rent:    [6, 38, 43, 54, 57, 63, 72, 79, 95, 98, 106, 107, 108, 115]
Return:  [0, 5, 21, 24, 26, 27, 28, 30, 37, 39, 45, 46, 50, 52, 53, 55, 59, 60, 61, 64, 66, 73, 74, 77, 78, 80, 82, 87, 88, 92, 93, 101, 102, 104, 105, 117, 118, 121, 123, 124]
	⭕  Walk to 56 (3.1 min) 
> 56 (20:31)
Rent:    [6, 38, 54, 63, 72, 79, 81, 95, 98, 106, 107, 108, 115]
Return:  [0, 4, 5, 12, 13, 19, 21, 24, 26, 27, 28, 30, 34, 37, 39, 45, 46, 50, 53, 55, 60, 61, 64, 66, 73, 74, 77, 80, 82, 87, 88, 92, 93, 102, 104, 105, 117, 118, 121, 123, 124]
	⭕  Bike to 4 (1.7 min) +1
> 4 (20:32)
Rent:    [6, 38, 54, 63, 72, 79, 81, 95, 98, 106, 107, 108, 115]
Return:  [0, 4, 5, 12, 13, 19, 21, 24, 26, 27, 28, 30, 34, 37, 39, 45, 46, 50, 53, 55, 60, 61, 64, 66, 73, 74, 77, 80, 82, 87, 88, 92, 93, 102, 104, 105, 117, 118, 121, 123, 124]
	⭕  Walk to 33 (2.8 min) 
> 33 (20:35)
Rent:    [6, 38, 54, 63, 72, 79, 81, 95, 98, 106, 107, 108, 115]
Return:  [0, 4, 5, 12, 13, 19, 21, 24, 26, 27, 28, 30, 34, 37, 39, 45, 46, 50, 53, 55, 60, 61, 64, 66, 73, 74, 77, 80, 82, 87, 88, 92, 93, 102, 104, 105, 117, 118, 121, 123, 124]
	⭕  Bike to 5 (0.9 min) +1
> 5 (20:36)
Rent:    [6, 38, 54, 63, 72, 79, 81, 95, 98, 106, 107, 108, 115]
Return:  [0, 4, 5, 12, 13, 19, 21, 24, 26, 27, 28, 30, 34, 37, 39, 45, 46, 50, 53, 55, 60, 61, 64, 66, 73, 74, 77, 80, 82, 87, 88, 92, 93, 102, 104, 105, 117, 118, 121, 123, 124]
	⭕  Walk to 8 (2.6 min) 
> 8 (20:39)
Rent:    [6, 38, 54, 63, 72, 79, 81, 95, 98, 106, 107, 108, 115]
Return:  [0, 4, 5, 12, 13, 19, 21, 24, 26, 27, 28, 30, 34, 37, 39, 45, 46, 50, 53, 55, 60, 61, 64, 66, 73, 74, 77, 80, 82, 87, 88, 92, 93, 102, 104, 105, 117, 118, 121, 123, 124]
	⭕  Bike to 4 (1.8 min) +1
> 4 (20:41)
Rent:    [6, 38, 54, 63, 72, 79, 81, 95, 98, 106, 107, 108, 115]
Return:  [0, 4, 5, 12, 13, 19, 21, 24, 26, 27, 28, 30, 34, 37, 39, 45, 46, 50, 53, 55, 60, 61, 64, 66, 73, 74, 77, 80, 82, 87, 88, 92, 93, 102, 104, 105, 117, 118, 121, 123, 124]
	⭕  Walk to 56 (5.6 min) 
> 56 (20:46)
Rent:    [6, 38, 54, 63, 72, 79, 81, 95, 98, 106, 107, 108, 115]
Return:  [0, 5, 13, 19, 21, 24, 26, 27, 28, 30, 34, 37, 39, 46, 50, 53, 55, 61, 64, 66, 73, 74, 77, 80, 82, 87, 88, 92, 93, 101, 102, 104, 105, 117, 118, 121, 123]
	⭕  Bike to 0 (1.5 min) +1
> 0 (20:48)
Rent:    [6, 38, 54, 63, 72, 79, 81, 95, 98, 106, 107, 108, 115]
Return:  [0, 5, 13, 19, 21, 24, 26, 27, 28, 30, 34, 37, 39, 46, 50, 53, 55, 61, 64, 66, 73, 74, 77, 80, 82, 87, 88, 92, 93, 101, 102, 104, 105, 117, 118, 121, 123]
	⭕  Walk to 33 (6.1 min) 
> 33 (20:54)
Rent:    [6, 38, 54, 63, 72, 79, 81, 95, 98, 106, 107, 108, 115]
Return:  [0, 5, 13, 19, 21, 24, 26, 27, 28, 30, 34, 37, 39, 46, 50, 53, 55, 61, 64, 66, 73, 74, 77, 80, 82, 87, 88, 92, 93, 101, 102, 104, 105, 117, 118, 121, 123]
	⭕  Bike to 5 (0.9 min) +1
> 5 (20:55)
Rent:    [6, 38, 54, 63, 72, 79, 81, 95, 98, 106, 107, 108, 115]
Return:  [0, 5, 13, 19, 21, 24, 26, 27, 28, 30, 34, 37, 39, 46, 50, 53, 55, 61, 64, 66, 73, 74, 77, 80, 82, 87, 88, 92, 93, 101, 102, 104, 105, 117, 118, 121, 123]
	⭕  Walk to 8 (2.6 min) 
> 8 (20:57)
Rent:    [6, 38, 54, 63, 72, 79, 81, 95, 98, 106, 107, 108, 115]
Return:  [0, 5, 13, 19, 21, 24, 26, 27, 28, 30, 34, 37, 39, 46, 50, 53, 55, 61, 64, 66, 73, 74, 77, 80, 82, 87, 88, 92, 93, 101, 102, 104, 105, 117, 118, 121, 123]
	⭕  Bike to 5 (1.9 min) +1
> 5 (20:59)
Rent:    [6, 38, 54, 63, 72, 79, 81, 95, 98, 106, 107, 108, 115]
Return:  [0, 5, 13, 19, 21, 24, 26, 27, 28, 30, 34, 37, 39, 46, 50, 53, 55, 61, 64, 66, 73, 74, 77, 80, 82, 87, 88, 92, 93, 101, 102, 104, 105, 117, 118, 121, 123]
	⭕  Walk to 8 (2.6 min) 
> 8 (21:02)
Rent:    [6, 38, 43, 54, 63, 72, 79, 81, 95, 98, 106, 107, 108, 115]
Return:  [0, 5, 13, 19, 20, 21, 24, 26, 27, 28, 30, 34, 37, 39, 45, 46, 50, 53, 55, 56, 60, 61, 64, 66, 73, 77, 80, 82, 87, 88, 92, 93, 102, 104, 117, 118, 121]
	⭕  Bike to 5 (1.9 min) +1
> 5 (21:04)
Rent:    [6, 38, 43, 54, 63, 72, 79, 81, 95, 98, 106, 107, 108, 115]
Return:  [0, 5, 13, 19, 20, 21, 24, 26, 27, 28, 30, 34, 37, 39, 45, 46, 50, 53, 55, 56, 60, 61, 64, 66, 73, 77, 80, 82, 87, 88, 92, 93, 102, 104, 117, 118, 121]
	⭕  Walk to 103 (4.2 min) 
> 103 (21:08)
Rent:    [6, 38, 43, 54, 63, 72, 79, 81, 95, 98, 106, 107, 108, 115]
Return:  [0, 5, 13, 19, 20, 21, 24, 26, 27, 28, 30, 34, 37, 39, 45, 46, 50, 53, 55, 56, 60, 61, 64, 66, 73, 77, 80, 82, 87, 88, 92, 93, 102, 104, 117, 118, 121]
	⭕  Bike to 55 (2.1 min) +1
> 55 (21:10)
Rent:    [6, 38, 43, 54, 63, 72, 79, 81, 95, 98, 106, 107, 108, 115]
Return:  [0, 5, 13, 19, 20, 21, 24, 26, 27, 28, 30, 34, 37, 39, 45, 46, 50, 53, 55, 56, 60, 61, 64, 66, 73, 77, 80, 82, 87, 88, 92, 93, 102, 104, 117, 118, 121]
	⭕  Walk to 10 (3.4 min) 
> 10 (21:13)
Rent:    [6, 38, 43, 54, 63, 72, 79, 81, 95, 98, 106, 107, 108, 115]
Return:  [0, 5, 13, 19, 20, 21, 24, 26, 27, 28, 30, 34, 37, 39, 45, 46, 50, 53, 55, 56, 60, 61, 64, 66, 73, 77, 80, 82, 87, 88, 92, 93, 102, 104, 117, 118, 121]
	⭕  Bike to 87 (1.5 min) +1
> 87 (21:15)
Rent:    [6, 38, 43, 54, 57, 63, 72, 79, 81, 95, 98, 106, 107, 108, 115]
Return:  [0, 5, 8, 12, 19, 20, 21, 24, 26, 27, 28, 30, 37, 39, 45, 46, 50, 53, 55, 56, 59, 60, 61, 64, 66, 73, 77, 80, 82, 87, 88, 92, 93, 101, 104, 105, 117, 118, 121, 123]
	⭕  Walk to 10 (4.5 min) 
> 10 (21:19)
Rent:    [6, 38, 43, 54, 57, 63, 72, 79, 81, 95, 98, 106, 107, 108, 115]
Return:  [0, 5, 8, 12, 19, 20, 21, 24, 26, 27, 28, 30, 37, 39, 45, 46, 50, 53, 55, 56, 59, 60, 61, 64, 66, 73, 77, 80, 82, 87, 88, 92, 93, 101, 104, 105, 117, 118, 121, 123]
	⭕  Bike to 82 (1.7 min) +1
> 82 (21:21)
Rent:    [6, 38, 43, 54, 57, 63, 72, 79, 81, 95, 98, 106, 107, 108, 115]
Return:  [0, 5, 8, 12, 19, 20, 21, 24, 26, 27, 28, 30, 37, 39, 45, 46, 50, 53, 55, 56, 59, 60, 61, 64, 66, 73, 77, 80, 82, 87, 88, 92, 93, 101, 104, 105, 117, 118, 121, 123]
	⭕  Walk to 10 (3.6 min) 
> 10 (21:25)
Rent:    [6, 38, 43, 54, 57, 63, 72, 79, 81, 95, 98, 106, 107, 108, 115]
Return:  [0, 5, 8, 12, 19, 20, 21, 24, 26, 27, 28, 30, 37, 39, 45, 46, 50, 53, 55, 56, 59, 60, 61, 64, 66, 73, 77, 80, 82, 87, 88, 92, 93, 101, 104, 105, 117, 118, 121, 123]
	⭕  Bike to 87 (1.5 min) +1
> 87 (21:26)
Rent:    [6, 38, 43, 54, 57, 63, 72, 79, 81, 95, 98, 106, 107, 108, 115]
Return:  [0, 5, 8, 12, 19, 20, 21, 24, 26, 27, 28, 30, 37, 39, 45, 46, 50, 53, 55, 56, 59, 60, 61, 64, 66, 73, 77, 80, 82, 87, 88, 92, 93, 101, 104, 105, 117, 118, 121, 123]
	⭕  Walk to 47 (2.4 min) 
> 47 (21:29)
Rent:    [6, 38, 43, 54, 57, 63, 72, 79, 81, 95, 98, 106, 107, 108, 115]
Return:  [0, 5, 8, 12, 19, 20, 21, 24, 26, 27, 28, 30, 37, 39, 45, 46, 50, 53, 55, 56, 59, 60, 61, 64, 66, 73, 77, 80, 82, 87, 88, 92, 93, 101, 104, 105, 117, 118, 121, 123]
	⭕  Bike to 53 (1.2 min) +1
> 53 (21:30)
Rent:    [6, 38, 43, 54, 57, 62, 79, 81, 95, 98, 106, 107, 108, 115]
Return:  [0, 4, 5, 8, 12, 19, 21, 24, 26, 27, 28, 30, 34, 37, 39, 45, 46, 50, 53, 55, 56, 59, 61, 64, 66, 73, 77, 82, 87, 88, 92, 93, 101, 102, 104, 105, 117, 118, 121, 123]
	⭕  Walk to 47 (2.7 min) 
> 47 (21:33)
Rent:    [6, 38, 43, 54, 57, 62, 79, 81, 95, 98, 106, 107, 108, 115]
Return:  [0, 4, 5, 8, 12, 19, 21, 24, 26, 27, 28, 30, 34, 37, 39, 45, 46, 50, 53, 55, 56, 59, 61, 64, 66, 73, 77, 82, 87, 88, 92, 93, 101, 102, 104, 105, 117, 118, 121, 123]
	⭕  Bike to 30 (2.0 min) +1
> 30 (21:34)
Rent:    [6, 38, 43, 54, 57, 62, 79, 81, 95, 98, 106, 107, 108, 115]
Return:  [0, 4, 5, 8, 12, 19, 21, 24, 26, 27, 28, 30, 34, 37, 39, 45, 46, 50, 53, 55, 56, 59, 61, 64, 66, 73, 77, 82, 87, 88, 92, 93, 101, 102, 104, 105, 117, 118, 121, 123]
	⭕  Walk to 52 (6.2 min) 
> 52 (21:41)
Rent:    [6, 38, 43, 54, 57, 62, 79, 81, 95, 98, 106, 107, 108, 115]
Return:  [0, 4, 5, 8, 12, 19, 21, 24, 26, 27, 28, 30, 34, 37, 39, 45, 46, 50, 53, 55, 56, 59, 61, 64, 66, 73, 77, 82, 87, 88, 92, 93, 101, 102, 104, 105, 117, 118, 121, 123]
	⭕  Bike to 66 (1.1 min) +1
> 66 (21:42)
Rent:    [6, 38, 43, 54, 57, 62, 79, 81, 95, 98, 106, 107, 108, 115]
Return:  [0, 4, 5, 8, 12, 19, 21, 24, 26, 27, 28, 30, 34, 37, 39, 45, 46, 50, 53, 55, 56, 59, 61, 64, 66, 73, 77, 82, 87, 88, 92, 93, 101, 102, 104, 105, 117, 118, 121, 123]
	⭕  Walk to 10 (9.1 min) 
> 10 (21:51)
Rent:    [6, 38, 43, 54, 57, 62, 72, 79, 81, 95, 98, 106, 107, 108, 115]
Return:  [4, 5, 12, 19, 21, 24, 26, 27, 28, 30, 37, 45, 46, 47, 50, 53, 55, 56, 60, 61, 64, 66, 73, 77, 82, 87, 88, 92, 93, 101, 102, 104, 105, 118, 121, 123]
	⭕  Bike to 82 (1.7 min) +1
> 82 (21:53)
Rent:    [6, 38, 43, 54, 57, 62, 72, 79, 81, 95, 98, 106, 107, 108, 115]
Return:  [4, 5, 12, 19, 21, 24, 26, 27, 28, 30, 37, 45, 46, 47, 50, 53, 55, 56, 60, 61, 64, 66, 73, 77, 82, 87, 88, 92, 93, 101, 102, 104, 105, 118, 121, 123]
	⭕  Walk to 10 (3.6 min) 
> 10 (21:56)
Rent:    [6, 38, 43, 54, 57, 62, 72, 79, 81, 95, 98, 106, 107, 108, 115]
Return:  [4, 5, 12, 19, 21, 24, 26, 27, 28, 30, 37, 45, 46, 47, 50, 53, 55, 56, 60, 61, 64, 66, 73, 77, 82, 87, 88, 92, 93, 101, 102, 104, 105, 118, 121, 123]
	⭕  Bike to 30 (1.5 min) +1
> 30 (21:58)
Rent:    [6, 38, 43, 54, 57, 62, 72, 79, 81, 95, 98, 106, 107, 108, 115]
Return:  [4, 5, 12, 19, 21, 24, 26, 27, 28, 30, 37, 45, 46, 47, 50, 53, 55, 56, 60, 61, 64, 66, 73, 77, 82, 87, 88, 92, 93, 101, 102, 104, 105, 118, 121, 123]
	⭕  Walk to 102 (4.3 min) 
> 102 (22:02)
Rent:    [6, 38, 43, 54, 57, 72, 79, 95, 100, 106, 107, 114, 115]
Return:  [0, 4, 5, 12, 13, 19, 21, 24, 26, 27, 28, 30, 34, 37, 39, 45, 46, 50, 53, 55, 56, 60, 61, 64, 66, 74, 77, 82, 87, 88, 92, 93, 105, 117, 118, 121, 123]
	⭕  Bike to 66 (0.7 min) +1
> 66 (22:03)
Rent:    [6, 38, 43, 54, 57, 72, 79, 95, 100, 106, 107, 114, 115]
Return:  [0, 4, 5, 12, 13, 19, 21, 24, 26, 27, 28, 30, 34, 37, 39, 45, 46, 50, 53, 55, 56, 60, 61, 64, 66, 74, 77, 82, 87, 88, 92, 93, 105, 117, 118, 121, 123]
	⭕  Walk to 119 (12 min) 
> 119 (22:14)
Rent:    [6, 38, 43, 54, 57, 72, 79, 95, 100, 106, 107, 114, 115]
Return:  [0, 4, 5, 12, 13, 19, 21, 24, 26, 27, 28, 30, 34, 37, 39, 45, 46, 50, 53, 55, 56, 60, 61, 64, 66, 74, 77, 82, 87, 88, 92, 93, 105, 117, 118, 121, 123]
	⭕  Bike to 28 (3.2 min) +1
> 28 (22:17)
Rent:    [6, 38, 43, 54, 57, 72, 79, 95, 100, 106, 107, 108, 109, 114, 115]
Return:  [0, 4, 5, 12, 13, 19, 21, 24, 27, 28, 30, 34, 37, 39, 45, 46, 47, 50, 53, 55, 56, 60, 61, 64, 66, 74, 77, 82, 87, 88, 92, 93, 102, 117, 118, 121, 123, 124]
	⭕  Walk to 52 (6.6 min) 
> 52 (22:24)
Rent:    [6, 38, 43, 54, 57, 72, 79, 95, 100, 106, 107, 108, 109, 114, 115]
Return:  [0, 4, 5, 12, 13, 19, 21, 24, 27, 28, 30, 34, 37, 39, 45, 46, 47, 50, 53, 55, 56, 60, 61, 64, 66, 74, 77, 82, 87, 88, 92, 93, 102, 117, 118, 121, 123, 124]
	⭕  Bike to 66 (1.1 min) +1
> 66 (22:25)
Rent:    [6, 38, 43, 54, 57, 72, 79, 95, 100, 106, 107, 108, 109, 114, 115]
Return:  [0, 4, 5, 12, 13, 19, 21, 24, 27, 28, 30, 34, 37, 39, 45, 46, 47, 50, 53, 55, 56, 60, 61, 64, 66, 74, 77, 82, 87, 88, 92, 93, 102, 117, 118, 121, 123, 124]
	⭕  Walk to 87 (8.0 min) 
> 87 (22:33)
Rent:    [6, 38, 43, 54, 57, 72, 95, 98, 106, 107, 108, 109, 114, 115]
Return:  [0, 4, 5, 12, 13, 19, 24, 27, 28, 30, 33, 34, 37, 45, 46, 47, 50, 53, 55, 56, 60, 61, 64, 66, 77, 80, 82, 88, 92, 93, 117, 118, 121, 123, 124]
	⭕  Bike to 53 (0.6 min) +1
> 53 (22:34)
Rent:    [6, 38, 43, 54, 57, 72, 95, 98, 106, 107, 108, 109, 114, 115]
Return:  [0, 4, 5, 12, 13, 19, 24, 27, 28, 30, 33, 34, 37, 45, 46, 47, 50, 53, 55, 56, 60, 61, 64, 66, 77, 80, 82, 88, 92, 93, 117, 118, 121, 123, 124]
	⭕  Walk to 103 (7.1 min) 
> 103 (22:41)
Rent:    [6, 38, 43, 54, 57, 72, 95, 98, 106, 107, 108, 109, 114, 115]
Return:  [0, 4, 5, 12, 13, 19, 24, 27, 28, 30, 33, 34, 37, 45, 46, 47, 50, 53, 55, 56, 60, 61, 64, 66, 77, 80, 82, 88, 92, 93, 117, 118, 121, 123, 124]
	⭕  Bike to 55 (2.1 min) +1
> 55 (22:43)
Rent:    [6, 38, 43, 54, 57, 72, 95, 98, 106, 107, 108, 109, 114, 115]
Return:  [0, 4, 5, 12, 13, 19, 24, 27, 28, 30, 33, 34, 37, 45, 46, 47, 50, 53, 55, 56, 60, 61, 64, 66, 77, 80, 82, 88, 92, 93, 117, 118, 121, 123, 124]
	⭕  Walk to 103 (3.4 min) 
> 103 (22:46)
Rent:    [6, 43, 54, 57, 63, 72, 79, 95, 98, 106, 107, 108, 109, 114, 115]
Return:  [5, 8, 13, 19, 21, 24, 27, 28, 30, 33, 34, 37, 45, 46, 50, 53, 55, 60, 61, 64, 66, 74, 77, 80, 82, 88, 92, 93, 102, 117, 118, 121, 123, 124]
	⭕  Bike to 8 (2.0 min) +1
> 8 (22:48)
Rent:    [6, 43, 54, 57, 63, 72, 79, 95, 98, 106, 107, 108, 109, 114, 115]
Return:  [5, 8, 13, 19, 21, 24, 27, 28, 30, 33, 34, 37, 45, 46, 50, 53, 55, 60, 61, 64, 66, 74, 77, 80, 82, 88, 92, 93, 102, 117, 118, 121, 123, 124]
	⭕  Walk to 103 (3.9 min) 
> 103 (22:52)
Rent:    [6, 43, 54, 57, 63, 72, 79, 95, 98, 106, 107, 108, 109, 114, 115]
Return:  [5, 8, 13, 19, 21, 24, 27, 28, 30, 33, 34, 37, 45, 46, 50, 53, 55, 60, 61, 64, 66, 74, 77, 80, 82, 88, 92, 93, 102, 117, 118, 121, 123, 124]
	⭕  Bike to 8 (2.0 min) +1
> 8 (22:54)
Rent:    [6, 43, 54, 57, 63, 72, 79, 95, 98, 106, 107, 108, 109, 114, 115]
Return:  [5, 8, 13, 19, 21, 24, 27, 28, 30, 33, 34, 37, 45, 46, 50, 53, 55, 60, 61, 64, 66, 74, 77, 80, 82, 88, 92, 93, 102, 117, 118, 121, 123, 124]
	🔵  End excursion
	⭕  Walk to 5 (2.6 min) 
> 5 (22:57)

---------- Excursion Complete ----------
End time: 22:57
Final station: 5
Bike count: 91
Walk count: 91
Wait count: 0
Total reward: 94
Seed: 3027051753

