Generated random seed: 1904577618
---------- Starting Excursion -----------
Warmup time: 2.0 hours
Start time: 16:00 
Excursion time: 7.0 hours

> 0 (16:00)
Rent:    []
Return:  [7, 46, 60]
	⭕  Bike to 60 (2.5 min) +1
> 60 (16:02)
Rent:    []
Return:  [7, 46, 60]
	⭕  Walk to 20 (3.5 min) 
> 20 (16:06)
Rent:    []
Return:  [7, 46, 60]
	⭕  Bike to 60 (1.8 min) +1
> 60 (16:07)
Rent:    []
Return:  [7, 46, 60]
	⭕  Walk to 20 (3.5 min) 
> 20 (16:11)
Rent:    []
Return:  [7, 46, 60]
	⭕  Bike to 60 (1.8 min) +1
> 60 (16:13)
Rent:    []
Return:  [7, 46, 60]
	⭕  Walk to 20 (3.5 min) 
> 20 (16:16)
Rent:    []
Return:  [7, 12, 46, 60, 82]
	⭕  Bike to 60 (1.8 min) +1
> 60 (16:18)
Rent:    []
Return:  [7, 12, 46, 60, 82]
	⭕  Walk to 20 (3.5 min) 
> 20 (16:22)
Rent:    []
Return:  [7, 12, 46, 60, 82]
	⭕  Bike to 60 (1.8 min) +1
> 60 (16:23)
Rent:    []
Return:  [7, 12, 46, 60, 82]
	⭕  Walk to 20 (3.5 min) 
> 20 (16:27)
Rent:    []
Return:  [7, 12, 46, 60, 82]
	⭕  Bike to 60 (1.8 min) +1
> 60 (16:29)
Rent:    []
Return:  [7, 12, 46, 60, 82]
	⭕  Walk to 20 (3.5 min) 
> 20 (16:32)
Rent:    []
Return:  [12, 46, 60]
	⭕  Bike to 60 (1.8 min) +1
> 60 (16:34)
Rent:    []
Return:  [12, 46, 60]
	⭕  Walk to 20 (3.5 min) 
> 20 (16:38)
Rent:    []
Return:  [12, 46, 60]
	⭕  Bike to 60 (1.8 min) +1
> 60 (16:40)
Rent:    []
Return:  [12, 46, 60]
	⭕  Walk to 20 (3.5 min) 
> 20 (16:43)
Rent:    []
Return:  [12, 46, 60]
	⭕  Bike to 60 (1.8 min) +1
> 60 (16:45)
Rent:    []
Return:  [12, 46, 60]
	⭕  Walk to 20 (3.5 min) 
> 20 (16:48)
Rent:    []
Return:  [12, 46, 60]
	⭕  Bike to 60 (1.8 min) +1
> 60 (16:50)
Rent:    []
Return:  [12, 46, 60]
	⭕  Walk to 20 (3.5 min) 
> 20 (16:54)
Rent:    []
Return:  [12, 46, 60]
	⭕  Bike to 60 (1.8 min) +1
> 60 (16:56)
Rent:    []
Return:  [12, 46, 60]
	⭕  Walk to 20 (3.5 min) 
> 20 (16:59)
Rent:    []
Return:  [12, 46, 60]
	⭕  Bike to 60 (1.8 min) +1
> 60 (17:01)
Rent:    []
Return:  [7, 10, 12, 28, 46, 55, 60, 87, 121]
	⭕  Walk to 20 (3.5 min) 
> 20 (17:05)
Rent:    []
Return:  [7, 10, 12, 28, 46, 55, 60, 87, 121]
	⭕  Bike to 60 (1.8 min) +1
> 60 (17:06)
Rent:    []
Return:  [7, 10, 12, 28, 46, 55, 60, 87, 121]
	⭕  Walk to 33 (4.2 min) 
> 33 (17:11)
Rent:    []
Return:  [7, 10, 12, 28, 46, 55, 60, 87, 121]
	⭕  Bike to 55 (3.5 min) +1
> 55 (17:14)
Rent:    []
Return:  [7, 10, 12, 28, 46, 55, 60, 87, 121]
	⭕  Walk to 53 (3.6 min) 
> 53 (17:18)
Rent:    [107]
Return:  [3, 7, 10, 12, 28, 46, 55, 60, 87, 105, 121]
	⭕  Bike to 87 (0.9 min) +1
> 87 (17:19)
Rent:    [107]
Return:  [3, 7, 10, 12, 28, 46, 55, 60, 87, 105, 121]
	⭕  Walk to 53 (1.6 min) 
> 53 (17:20)
Rent:    [107]
Return:  [3, 7, 10, 12, 28, 46, 55, 60, 87, 105, 121]
	⭕  Bike to 87 (0.9 min) +1
> 87 (17:21)
Rent:    [107]
Return:  [3, 7, 10, 12, 28, 46, 55, 60, 87, 105, 121]
	⭕  Walk to 53 (1.6 min) 
> 53 (17:23)
Rent:    [107]
Return:  [3, 7, 10, 12, 28, 46, 55, 60, 87, 105, 121]
	⭕  Bike to 87 (0.9 min) +1
> 87 (17:24)
Rent:    [107]
Return:  [3, 7, 10, 12, 28, 46, 55, 60, 87, 105, 121]
	⭕  Walk to 53 (1.6 min) 
> 53 (17:25)
Rent:    [107]
Return:  [3, 7, 10, 12, 28, 46, 55, 60, 87, 105, 121]
	⭕  Bike to 87 (0.9 min) +1
> 87 (17:26)
Rent:    [107]
Return:  [3, 7, 10, 12, 28, 46, 55, 60, 87, 105, 121]
	⭕  Walk to 53 (1.6 min) 
> 53 (17:28)
Rent:    [107]
Return:  [3, 7, 10, 12, 28, 46, 55, 60, 87, 105, 121]
	⭕  Bike to 87 (0.9 min) +1
> 87 (17:29)
Rent:    [107]
Return:  [3, 7, 10, 12, 28, 46, 55, 60, 87, 105, 121]
	⭕  Walk to 53 (1.6 min) 
> 53 (17:30)
Rent:    [99, 107]
Return:  [3, 7, 10, 12, 46, 50, 55, 60, 87, 105, 121]
	⭕  Bike to 87 (0.9 min) +1
> 87 (17:31)
Rent:    [99, 107]
Return:  [3, 7, 10, 12, 46, 50, 55, 60, 87, 105, 121]
	⭕  Walk to 30 (2.6 min) 
> 30 (17:34)
Rent:    [99, 107]
Return:  [3, 7, 10, 12, 46, 50, 55, 60, 87, 105, 121]
	⭕  Bike to 87 (1.0 min) +1
> 87 (17:35)
Rent:    [99, 107]
Return:  [3, 7, 10, 12, 46, 50, 55, 60, 87, 105, 121]
	⭕  Walk to 30 (2.6 min) 
> 30 (17:38)
Rent:    [99, 107]
Return:  [3, 7, 10, 12, 46, 50, 55, 60, 87, 105, 121]
	⭕  Bike to 87 (1.0 min) +1
> 87 (17:39)
Rent:    [99, 107]
Return:  [3, 7, 10, 12, 46, 50, 55, 60, 87, 105, 121]
	⭕  Walk to 30 (2.6 min) 
> 30 (17:41)
Rent:    [99, 107]
Return:  [3, 7, 10, 12, 46, 50, 55, 60, 87, 105, 121]
	⭕  Bike to 87 (1.0 min) +1
> 87 (17:42)
Rent:    [99, 107]
Return:  [3, 7, 10, 12, 46, 50, 55, 60, 87, 105, 121]
	⭕  Walk to 30 (2.6 min) 
> 30 (17:45)
Rent:    [54, 99, 107]
Return:  [3, 10, 12, 28, 46, 50, 55, 60, 87, 93, 105, 121]
	⭕  Bike to 87 (1.0 min) +1
> 87 (17:46)
Rent:    [54, 99, 107]
Return:  [3, 10, 12, 28, 46, 50, 55, 60, 87, 93, 105, 121]
	⭕  Walk to 30 (2.6 min) 
> 30 (17:49)
Rent:    [54, 99, 107]
Return:  [3, 10, 12, 28, 46, 50, 55, 60, 87, 93, 105, 121]
	⭕  Bike to 87 (1.0 min) +1
> 87 (17:50)
Rent:    [54, 99, 107]
Return:  [3, 10, 12, 28, 46, 50, 55, 60, 87, 93, 105, 121]
	⭕  Walk to 53 (1.6 min) 
> 53 (17:51)
Rent:    [54, 99, 107]
Return:  [3, 10, 12, 28, 46, 50, 55, 60, 87, 93, 105, 121]
	⭕  Bike to 87 (0.9 min) +1
> 87 (17:52)
Rent:    [54, 99, 107]
Return:  [3, 10, 12, 28, 46, 50, 55, 60, 87, 93, 105, 121]
	⭕  Walk to 30 (2.6 min) 
> 30 (17:55)
Rent:    [54, 99, 107]
Return:  [3, 10, 12, 28, 46, 50, 55, 60, 87, 93, 105, 121]
	⭕  Bike to 87 (1.0 min) +1
> 87 (17:56)
Rent:    [54, 99, 107]
Return:  [3, 10, 12, 28, 46, 50, 55, 60, 87, 93, 105, 121]
	⭕  Walk to 53 (1.6 min) 
> 53 (17:57)
Rent:    [54, 99, 107]
Return:  [3, 10, 12, 28, 46, 50, 55, 60, 87, 93, 105, 121]
	⭕  Bike to 87 (0.9 min) +1
> 87 (17:58)
Rent:    [54, 99, 107]
Return:  [3, 10, 12, 28, 46, 50, 55, 60, 87, 93, 105, 121]
	⭕  Walk to 30 (2.6 min) 
> 30 (18:01)
Rent:    [54, 99, 107]
Return:  [3, 10, 12, 20, 22, 23, 28, 46, 55, 60, 82, 87, 93, 105, 121]
	⭕  Bike to 87 (1.0 min) +1
> 87 (18:02)
Rent:    [54, 99, 107]
Return:  [3, 10, 12, 20, 22, 23, 28, 46, 55, 60, 82, 87, 93, 105, 121]
	⭕  Walk to 30 (2.6 min) 
> 30 (18:05)
Rent:    [54, 99, 107]
Return:  [3, 10, 12, 20, 22, 23, 28, 46, 55, 60, 82, 87, 93, 105, 121]
	⭕  Bike to 87 (1.0 min) +1
> 87 (18:06)
Rent:    [54, 99, 107]
Return:  [3, 10, 12, 20, 22, 23, 28, 46, 55, 60, 82, 87, 93, 105, 121]
	⭕  Walk to 30 (2.6 min) 
> 30 (18:08)
Rent:    [54, 99, 107]
Return:  [3, 10, 12, 20, 22, 23, 28, 46, 55, 60, 82, 87, 93, 105, 121]
	⭕  Bike to 87 (1.0 min) +1
> 87 (18:09)
Rent:    [54, 99, 107]
Return:  [3, 10, 12, 20, 22, 23, 28, 46, 55, 60, 82, 87, 93, 105, 121]
	⭕  Walk to 30 (2.6 min) 
> 30 (18:12)
Rent:    [54, 99, 107]
Return:  [3, 10, 12, 20, 22, 23, 28, 46, 55, 60, 82, 87, 93, 105, 121]
	⭕  Bike to 87 (1.0 min) +1
> 87 (18:13)
Rent:    [54, 99, 107]
Return:  [3, 10, 12, 20, 22, 23, 28, 46, 55, 60, 82, 87, 93, 105, 121]
	⭕  Walk to 53 (1.6 min) 
> 53 (18:15)
Rent:    [54, 81, 99, 107]
Return:  [3, 10, 12, 20, 22, 23, 28, 46, 55, 60, 82, 87, 93, 105, 121, 122]
	⭕  Bike to 87 (0.9 min) +1
> 87 (18:15)
Rent:    [54, 81, 99, 107]
Return:  [3, 10, 12, 20, 22, 23, 28, 46, 55, 60, 82, 87, 93, 105, 121, 122]
	⭕  Walk to 30 (2.6 min) 
> 30 (18:18)
Rent:    [54, 81, 99, 107]
Return:  [3, 10, 12, 20, 22, 23, 28, 46, 55, 60, 82, 87, 93, 105, 121, 122]
	⭕  Bike to 87 (1.0 min) +1
> 87 (18:19)
Rent:    [54, 81, 99, 107]
Return:  [3, 10, 12, 20, 22, 23, 28, 46, 55, 60, 82, 87, 93, 105, 121, 122]
	⭕  Walk to 30 (2.6 min) 
> 30 (18:22)
Rent:    [54, 81, 99, 107]
Return:  [3, 10, 12, 20, 22, 23, 28, 46, 55, 60, 82, 87, 93, 105, 121, 122]
	⭕  Bike to 87 (1.0 min) +1
> 87 (18:23)
Rent:    [54, 81, 99, 107]
Return:  [3, 10, 12, 20, 22, 23, 28, 46, 55, 60, 82, 87, 93, 105, 121, 122]
	⭕  Walk to 30 (2.6 min) 
> 30 (18:25)
Rent:    [54, 81, 99, 107]
Return:  [3, 10, 12, 20, 22, 23, 28, 46, 55, 60, 82, 87, 93, 105, 121, 122]
	⭕  Bike to 87 (1.0 min) +1
> 87 (18:26)
Rent:    [54, 81, 99, 107]
Return:  [3, 10, 12, 20, 22, 23, 28, 46, 55, 60, 82, 87, 93, 105, 121, 122]
	⭕  Walk to 30 (2.6 min) 
> 30 (18:29)
Rent:    [54, 81, 99, 107]
Return:  [3, 10, 12, 20, 22, 23, 28, 46, 55, 60, 82, 87, 93, 105, 121, 122]
	⭕  Bike to 87 (1.0 min) +1
> 87 (18:30)
Rent:    [54, 81, 99, 107]
Return:  [3, 10, 12, 20, 21, 28, 46, 53, 55, 60, 64, 66, 82, 87, 93, 102, 105]
	⭕  Walk to 47 (2.4 min) 
> 47 (18:33)
Rent:    [54, 81, 99, 107]
Return:  [3, 10, 12, 20, 21, 28, 46, 53, 55, 60, 64, 66, 82, 87, 93, 102, 105]
	⭕  Bike to 55 (2.1 min) +1
> 55 (18:35)
Rent:    [54, 81, 99, 107]
Return:  [3, 10, 12, 20, 21, 28, 46, 53, 55, 60, 64, 66, 82, 87, 93, 102, 105]
	⭕  Walk to 103 (3.4 min) 
> 103 (18:38)
Rent:    [54, 81, 99, 107]
Return:  [3, 10, 12, 20, 21, 28, 46, 53, 55, 60, 64, 66, 82, 87, 93, 102, 105]
	⭕  Bike to 55 (2.1 min) +1
> 55 (18:40)
Rent:    [54, 81, 99, 107]
Return:  [3, 10, 12, 20, 21, 28, 46, 53, 55, 60, 64, 66, 82, 87, 93, 102, 105]
	⭕  Walk to 103 (3.4 min) 
> 103 (18:44)
Rent:    [54, 81, 99, 107]
Return:  [3, 10, 12, 20, 21, 28, 46, 53, 55, 60, 64, 66, 82, 87, 93, 102, 105]
	⭕  Bike to 55 (2.1 min) +1
> 55 (18:46)
Rent:    [54, 81, 99, 107]
Return:  [0, 3, 10, 12, 20, 21, 28, 46, 47, 50, 53, 55, 60, 64, 66, 82, 87, 93, 102, 105, 121]
	⭕  Walk to 103 (3.4 min) 
> 103 (18:49)
Rent:    [54, 81, 99, 107]
Return:  [0, 3, 10, 12, 20, 21, 28, 46, 47, 50, 53, 55, 60, 64, 66, 82, 87, 93, 102, 105, 121]
	⭕  Bike to 55 (2.1 min) +1
> 55 (18:51)
Rent:    [54, 81, 99, 107]
Return:  [0, 3, 10, 12, 20, 21, 28, 46, 47, 50, 53, 55, 60, 64, 66, 82, 87, 93, 102, 105, 121]
	⭕  Walk to 103 (3.4 min) 
> 103 (18:55)
Rent:    [54, 81, 99, 107]
Return:  [0, 3, 10, 12, 20, 21, 28, 46, 47, 50, 53, 55, 60, 64, 66, 82, 87, 93, 102, 105, 121]
	⭕  Bike to 10 (2.9 min) +1
> 10 (18:58)
Rent:    [54, 81, 99, 107]
Return:  [0, 3, 10, 12, 20, 21, 28, 46, 47, 50, 53, 55, 60, 64, 66, 82, 87, 93, 102, 105, 121]
	⭕  Walk to 87 (4.5 min) 
> 87 (19:02)
Rent:    [54, 63, 81, 107]
Return:  [0, 3, 10, 12, 20, 27, 28, 46, 47, 50, 53, 55, 60, 64, 66, 80, 82, 93, 102, 105, 121]
	⭕  Bike to 53 (0.6 min) +1
> 53 (19:03)
Rent:    [54, 63, 81, 107]
Return:  [0, 3, 10, 12, 20, 27, 28, 46, 47, 50, 53, 55, 60, 64, 66, 80, 82, 93, 102, 105, 121]
	⭕  Walk to 30 (4.1 min) 
> 30 (19:07)
Rent:    [54, 63, 81, 107]
Return:  [0, 3, 10, 12, 20, 27, 28, 46, 47, 50, 53, 55, 60, 64, 66, 80, 82, 93, 102, 105, 121]
	⭕  Bike to 82 (1.7 min) +1
> 82 (19:08)
Rent:    [54, 63, 81, 107]
Return:  [0, 3, 10, 12, 20, 27, 28, 46, 47, 50, 53, 55, 60, 64, 66, 80, 82, 93, 102, 105, 121]
	⭕  Walk to 77 (4.1 min) 
> 77 (19:12)
Rent:    [54, 63, 81, 107]
Return:  [0, 3, 10, 12, 20, 27, 28, 46, 47, 50, 53, 55, 60, 64, 66, 80, 82, 93, 102, 105, 121]
	⭕  Bike to 66 (1.2 min) +1
> 66 (19:14)
Rent:    [54, 63, 81, 107]
Return:  [0, 3, 10, 12, 20, 27, 28, 46, 47, 50, 53, 55, 60, 64, 66, 80, 82, 93, 102, 105, 121]
	⭕  Walk to 52 (2.4 min) 
> 52 (19:16)
Rent:    [54, 63, 81, 107]
Return:  [0, 3, 10, 12, 20, 21, 27, 28, 46, 50, 53, 55, 60, 64, 66, 80, 82, 93, 102, 121]
	⭕  Bike to 66 (1.1 min) +1
> 66 (19:17)
Rent:    [54, 63, 81, 107]
Return:  [0, 3, 10, 12, 20, 21, 27, 28, 46, 50, 53, 55, 60, 64, 66, 80, 82, 93, 102, 121]
	⭕  Walk to 52 (2.4 min) 
> 52 (19:20)
Rent:    [54, 63, 81, 107]
Return:  [0, 3, 10, 12, 20, 21, 27, 28, 46, 50, 53, 55, 60, 64, 66, 80, 82, 93, 102, 121]
	⭕  Bike to 66 (1.1 min) +1
> 66 (19:21)
Rent:    [54, 63, 81, 107]
Return:  [0, 3, 10, 12, 20, 21, 27, 28, 46, 50, 53, 55, 60, 64, 66, 80, 82, 93, 102, 121]
	⭕  Walk to 52 (2.4 min) 
> 52 (19:23)
Rent:    [54, 63, 81, 107]
Return:  [0, 3, 10, 12, 20, 21, 27, 28, 46, 50, 53, 55, 60, 64, 66, 80, 82, 93, 102, 121]
	⭕  Bike to 66 (1.1 min) +1
> 66 (19:24)
Rent:    [54, 63, 81, 107]
Return:  [0, 3, 10, 12, 20, 21, 27, 28, 46, 50, 53, 55, 60, 64, 66, 80, 82, 93, 102, 121]
	⭕  Walk to 52 (2.4 min) 
> 52 (19:27)
Rent:    [54, 63, 81, 107]
Return:  [0, 3, 10, 12, 20, 21, 27, 28, 46, 50, 53, 55, 60, 64, 66, 80, 82, 93, 102, 121]
	⭕  Bike to 66 (1.1 min) +1
> 66 (19:28)
Rent:    [54, 63, 81, 107]
Return:  [0, 3, 10, 12, 20, 21, 27, 28, 46, 50, 53, 55, 60, 64, 66, 80, 82, 93, 102, 121]
	⭕  Walk to 52 (2.4 min) 
> 52 (19:30)
Rent:    [54, 81, 98, 107]
Return:  [10, 12, 20, 21, 22, 27, 28, 30, 46, 50, 53, 55, 60, 64, 66, 80, 82, 93, 102, 121]
	⭕  Bike to 66 (1.1 min) +1
> 66 (19:31)
Rent:    [54, 81, 98, 107]
Return:  [10, 12, 20, 21, 22, 27, 28, 30, 46, 50, 53, 55, 60, 64, 66, 80, 82, 93, 102, 121]
	⭕  Walk to 52 (2.4 min) 
> 52 (19:33)
Rent:    [54, 81, 98, 107]
Return:  [10, 12, 20, 21, 22, 27, 28, 30, 46, 50, 53, 55, 60, 64, 66, 80, 82, 93, 102, 121]
	⭕  Bike to 66 (1.1 min) +1
> 66 (19:35)
Rent:    [54, 81, 98, 107]
Return:  [10, 12, 20, 21, 22, 27, 28, 30, 46, 50, 53, 55, 60, 64, 66, 80, 82, 93, 102, 121]
	⭕  Walk to 52 (2.4 min) 
> 52 (19:37)
Rent:    [54, 81, 98, 107]
Return:  [10, 12, 20, 21, 22, 27, 28, 30, 46, 50, 53, 55, 60, 64, 66, 80, 82, 93, 102, 121]
	⭕  Bike to 66 (1.1 min) +1
> 66 (19:38)
Rent:    [54, 81, 98, 107]
Return:  [10, 12, 20, 21, 22, 27, 28, 30, 46, 50, 53, 55, 60, 64, 66, 80, 82, 93, 102, 121]
	⭕  Walk to 52 (2.4 min) 
> 52 (19:40)
Rent:    [54, 81, 98, 107]
Return:  [10, 12, 20, 21, 22, 27, 28, 30, 46, 50, 53, 55, 60, 64, 66, 80, 82, 93, 102, 121]
	⭕  Bike to 66 (1.1 min) +1
> 66 (19:42)
Rent:    [54, 81, 98, 107]
Return:  [10, 12, 20, 21, 22, 27, 28, 30, 46, 50, 53, 55, 60, 64, 66, 80, 82, 93, 102, 121]
	⭕  Walk to 52 (2.4 min) 
> 52 (19:44)
Rent:    [54, 81, 98, 107]
Return:  [10, 12, 20, 21, 22, 27, 28, 30, 46, 50, 53, 55, 60, 64, 66, 80, 82, 93, 102, 121]
	⭕  Bike to 66 (1.1 min) +1
> 66 (19:45)
Rent:    [54, 81, 99, 107, 110, 115]
Return:  [10, 12, 13, 20, 21, 22, 27, 28, 30, 46, 50, 53, 55, 60, 64, 66, 74, 80, 82, 87, 93, 102, 118, 121, 122]
	⭕  Walk to 52 (2.4 min) 
> 52 (19:47)
Rent:    [54, 81, 99, 107, 110, 115]
Return:  [10, 12, 13, 20, 21, 22, 27, 28, 30, 46, 50, 53, 55, 60, 64, 66, 74, 80, 82, 87, 93, 102, 118, 121, 122]
	⭕  Bike to 66 (1.1 min) +1
> 66 (19:48)
Rent:    [54, 81, 99, 107, 110, 115]
Return:  [10, 12, 13, 20, 21, 22, 27, 28, 30, 46, 50, 53, 55, 60, 64, 66, 74, 80, 82, 87, 93, 102, 118, 121, 122]
	⭕  Walk to 52 (2.4 min) 
> 52 (19:51)
Rent:    [54, 81, 99, 107, 110, 115]
Return:  [10, 12, 13, 20, 21, 22, 27, 28, 30, 46, 50, 53, 55, 60, 64, 66, 74, 80, 82, 87, 93, 102, 118, 121, 122]
	⭕  Bike to 66 (1.1 min) +1
> 66 (19:52)
Rent:    [54, 81, 99, 107, 110, 115]
Return:  [10, 12, 13, 20, 21, 22, 27, 28, 30, 46, 50, 53, 55, 60, 64, 66, 74, 80, 82, 87, 93, 102, 118, 121, 122]
	⭕  Walk to 52 (2.4 min) 
> 52 (19:54)
Rent:    [54, 81, 99, 107, 110, 115]
Return:  [10, 12, 13, 20, 21, 22, 27, 28, 30, 46, 50, 53, 55, 60, 64, 66, 74, 80, 82, 87, 93, 102, 118, 121, 122]
	⭕  Bike to 28 (2.3 min) +1
> 28 (19:57)
Rent:    [54, 81, 99, 107, 110, 115]
Return:  [10, 12, 13, 20, 21, 22, 27, 28, 30, 46, 50, 53, 55, 60, 64, 66, 74, 80, 82, 87, 93, 102, 118, 121, 122]
	⭕  Walk to 117 (2.3 min) 
> 117 (19:59)
Rent:    [54, 81, 99, 107, 110, 115]
Return:  [10, 12, 13, 20, 21, 22, 27, 28, 30, 46, 50, 53, 55, 60, 64, 66, 74, 80, 82, 87, 93, 102, 118, 121, 122]
	⭕  Bike to 27 (0.9 min) +1
> 27 (20:00)
Rent:    [54, 81, 98, 99, 107, 110, 115]
Return:  [12, 13, 20, 21, 22, 27, 28, 30, 46, 50, 53, 55, 60, 64, 66, 80, 82, 87, 93, 102, 118, 121, 122]
	⭕  Walk to 117 (1.9 min) 
> 117 (20:02)
Rent:    [54, 81, 98, 99, 107, 110, 115]
Return:  [12, 13, 20, 21, 22, 27, 28, 30, 46, 50, 53, 55, 60, 64, 66, 80, 82, 87, 93, 102, 118, 121, 122]
	⭕  Bike to 27 (0.9 min) +1
> 27 (20:03)
Rent:    [54, 81, 98, 99, 107, 110, 115]
Return:  [12, 13, 20, 21, 22, 27, 28, 30, 46, 50, 53, 55, 60, 64, 66, 80, 82, 87, 93, 102, 118, 121, 122]
	⭕  Walk to 117 (1.9 min) 
> 117 (20:04)
Rent:    [54, 81, 98, 99, 107, 110, 115]
Return:  [12, 13, 20, 21, 22, 27, 28, 30, 46, 50, 53, 55, 60, 64, 66, 80, 82, 87, 93, 102, 118, 121, 122]
	⭕  Bike to 27 (0.9 min) +1
> 27 (20:05)
Rent:    [54, 81, 98, 99, 107, 110, 115]
Return:  [12, 13, 20, 21, 22, 27, 28, 30, 46, 50, 53, 55, 60, 64, 66, 80, 82, 87, 93, 102, 118, 121, 122]
	⭕  Walk to 117 (1.9 min) 
> 117 (20:07)
Rent:    [54, 81, 98, 99, 107, 110, 115]
Return:  [12, 13, 20, 21, 22, 27, 28, 30, 46, 50, 53, 55, 60, 64, 66, 80, 82, 87, 93, 102, 118, 121, 122]
	⭕  Bike to 27 (0.9 min) +1
> 27 (20:08)
Rent:    [54, 81, 98, 99, 107, 110, 115]
Return:  [12, 13, 20, 21, 22, 27, 28, 30, 46, 50, 53, 55, 60, 64, 66, 80, 82, 87, 93, 102, 118, 121, 122]
	⭕  Walk to 117 (1.9 min) 
> 117 (20:10)
Rent:    [54, 81, 98, 99, 107, 110, 115]
Return:  [12, 13, 20, 21, 22, 27, 28, 30, 46, 50, 53, 55, 60, 64, 66, 80, 82, 87, 93, 102, 118, 121, 122]
	⭕  Bike to 27 (0.9 min) +1
> 27 (20:11)
Rent:    [54, 81, 98, 99, 107, 110, 115]
Return:  [12, 13, 20, 21, 22, 27, 28, 30, 46, 50, 53, 55, 60, 64, 66, 80, 82, 87, 93, 102, 118, 121, 122]
	⭕  Walk to 117 (1.9 min) 
> 117 (20:13)
Rent:    [54, 81, 98, 99, 107, 110, 115]
Return:  [12, 13, 20, 21, 22, 27, 28, 30, 46, 50, 53, 55, 60, 64, 66, 80, 82, 87, 93, 102, 118, 121, 122]
	⭕  Bike to 27 (0.9 min) +1
> 27 (20:14)
Rent:    [54, 81, 98, 99, 107, 110, 115]
Return:  [12, 13, 20, 21, 22, 27, 28, 30, 46, 50, 53, 55, 60, 64, 66, 80, 82, 87, 93, 102, 118, 121, 122]
	⭕  Walk to 117 (1.9 min) 
> 117 (20:16)
Rent:    [54, 81, 99, 107, 110, 115]
Return:  [0, 13, 20, 21, 23, 27, 28, 30, 46, 50, 52, 53, 55, 60, 64, 66, 74, 80, 82, 93, 102, 118, 121]
	⭕  Bike to 27 (0.9 min) +1
> 27 (20:16)
Rent:    [54, 81, 99, 107, 110, 115]
Return:  [0, 13, 20, 21, 23, 27, 28, 30, 46, 50, 52, 53, 55, 60, 64, 66, 74, 80, 82, 93, 102, 118, 121]
	⭕  Walk to 117 (1.9 min) 
> 117 (20:18)
Rent:    [54, 81, 99, 107, 110, 115]
Return:  [0, 13, 20, 21, 23, 27, 28, 30, 46, 50, 52, 53, 55, 60, 64, 66, 74, 80, 82, 93, 102, 118, 121]
	⭕  Bike to 27 (0.9 min) +1
> 27 (20:19)
Rent:    [54, 81, 99, 107, 110, 115]
Return:  [0, 13, 20, 21, 23, 27, 28, 30, 46, 50, 52, 53, 55, 60, 64, 66, 74, 80, 82, 93, 102, 118, 121]
	⭕  Walk to 105 (2.7 min) 
> 105 (20:22)
Rent:    [54, 81, 99, 107, 110, 115]
Return:  [0, 13, 20, 21, 23, 27, 28, 30, 46, 50, 52, 53, 55, 60, 64, 66, 74, 80, 82, 93, 102, 118, 121]
	⭕  Bike to 27 (1.3 min) +1
> 27 (20:23)
Rent:    [54, 81, 99, 107, 110, 115]
Return:  [0, 13, 20, 21, 23, 27, 28, 30, 46, 50, 52, 53, 55, 60, 64, 66, 74, 80, 82, 93, 102, 118, 121]
	⭕  Walk to 105 (2.7 min) 
> 105 (20:26)
Rent:    [54, 81, 99, 107, 110, 115]
Return:  [0, 13, 20, 21, 23, 27, 28, 30, 46, 50, 52, 53, 55, 60, 64, 66, 74, 80, 82, 93, 102, 118, 121]
	⭕  Bike to 27 (1.3 min) +1
> 27 (20:27)
Rent:    [54, 81, 99, 107, 110, 115]
Return:  [0, 13, 20, 21, 23, 27, 28, 30, 46, 50, 52, 53, 55, 60, 64, 66, 74, 80, 82, 93, 102, 118, 121]
	⭕  Walk to 105 (2.7 min) 
> 105 (20:30)
Rent:    [54, 57, 99, 107, 110, 115]
Return:  [0, 20, 21, 22, 24, 27, 28, 30, 41, 46, 50, 53, 55, 60, 64, 66, 80, 82, 88, 93, 102, 104, 118]
	⭕  Bike to 102 (2.6 min) +1
> 102 (20:32)
Rent:    [54, 57, 99, 107, 110, 115]
Return:  [0, 20, 21, 22, 24, 27, 28, 30, 41, 46, 50, 53, 55, 60, 64, 66, 80, 82, 88, 93, 102, 104, 118]
	⭕  Walk to 52 (4.0 min) 
> 52 (20:36)
Rent:    [54, 57, 99, 107, 110, 115]
Return:  [0, 20, 21, 22, 24, 27, 28, 30, 41, 46, 50, 53, 55, 60, 64, 66, 80, 82, 88, 93, 102, 104, 118]
	⭕  Bike to 66 (1.1 min) +1
> 66 (20:37)
Rent:    [54, 57, 99, 107, 110, 115]
Return:  [0, 20, 21, 22, 24, 27, 28, 30, 41, 46, 50, 53, 55, 60, 64, 66, 80, 82, 88, 93, 102, 104, 118]
	⭕  Walk to 77 (3.3 min) 
> 77 (20:41)
Rent:    [54, 57, 99, 107, 110, 115]
Return:  [0, 20, 21, 22, 24, 27, 28, 30, 41, 46, 50, 53, 55, 60, 64, 66, 80, 82, 88, 93, 102, 104, 118]
	⭕  Bike to 66 (1.2 min) +1
> 66 (20:42)
Rent:    [54, 57, 99, 107, 110, 115]
Return:  [0, 20, 21, 22, 24, 27, 28, 30, 41, 46, 50, 53, 55, 60, 64, 66, 80, 82, 88, 93, 102, 104, 118]
	⭕  Walk to 77 (3.3 min) 
> 77 (20:45)
Rent:    [54, 57, 63, 99, 107, 115]
Return:  [0, 20, 24, 27, 28, 30, 41, 46, 50, 52, 53, 55, 60, 64, 66, 80, 82, 87, 88, 93, 102, 104, 105, 118, 121]
	⭕  Bike to 66 (1.2 min) +1
> 66 (20:46)
Rent:    [54, 57, 63, 99, 107, 115]
Return:  [0, 20, 24, 27, 28, 30, 41, 46, 50, 52, 53, 55, 60, 64, 66, 80, 82, 87, 88, 93, 102, 104, 105, 118, 121]
	⭕  Walk to 52 (2.4 min) 
> 52 (20:49)
Rent:    [54, 57, 63, 99, 107, 115]
Return:  [0, 20, 24, 27, 28, 30, 41, 46, 50, 52, 53, 55, 60, 64, 66, 80, 82, 87, 88, 93, 102, 104, 105, 118, 121]
	⭕  Bike to 66 (1.1 min) +1
> 66 (20:50)
Rent:    [54, 57, 63, 99, 107, 115]
Return:  [0, 20, 24, 27, 28, 30, 41, 46, 50, 52, 53, 55, 60, 64, 66, 80, 82, 87, 88, 93, 102, 104, 105, 118, 121]
	⭕  Walk to 77 (3.3 min) 
> 77 (20:53)
Rent:    [54, 57, 63, 99, 107, 115]
Return:  [0, 20, 24, 27, 28, 30, 41, 46, 50, 52, 53, 55, 60, 64, 66, 80, 82, 87, 88, 93, 102, 104, 105, 118, 121]
	⭕  Bike to 66 (1.2 min) +1
> 66 (20:54)
Rent:    [54, 57, 63, 99, 107, 115]
Return:  [0, 20, 24, 27, 28, 30, 41, 46, 50, 52, 53, 55, 60, 64, 66, 80, 82, 87, 88, 93, 102, 104, 105, 118, 121]
	⭕  Walk to 47 (8.6 min) 
> 47 (21:03)
Rent:    [54, 57, 63, 98, 99, 107, 110, 115]
Return:  [0, 5, 20, 24, 27, 28, 30, 37, 41, 46, 50, 52, 53, 55, 60, 64, 66, 80, 82, 87, 88, 93, 102, 104, 105, 117, 118, 121]
	⭕  Bike to 53 (1.2 min) +1
> 53 (21:04)
Rent:    [54, 57, 63, 98, 99, 107, 110, 115]
Return:  [0, 5, 20, 24, 27, 28, 30, 37, 41, 46, 50, 52, 53, 55, 60, 64, 66, 80, 82, 87, 88, 93, 102, 104, 105, 117, 118, 121]
	⭕  Walk to 47 (2.7 min) 
> 47 (21:07)
Rent:    [54, 57, 63, 98, 99, 107, 110, 115]
Return:  [0, 5, 20, 24, 27, 28, 30, 37, 41, 46, 50, 52, 53, 55, 60, 64, 66, 80, 82, 87, 88, 93, 102, 104, 105, 117, 118, 121]
	⭕  Bike to 53 (1.2 min) +1
> 53 (21:08)
Rent:    [54, 57, 63, 98, 99, 107, 110, 115]
Return:  [0, 5, 20, 24, 27, 28, 30, 37, 41, 46, 50, 52, 53, 55, 60, 64, 66, 80, 82, 87, 88, 93, 102, 104, 105, 117, 118, 121]
	⭕  Walk to 47 (2.7 min) 
> 47 (21:11)
Rent:    [54, 57, 63, 98, 99, 107, 110, 115]
Return:  [0, 5, 20, 24, 27, 28, 30, 37, 41, 46, 50, 52, 53, 55, 60, 64, 66, 80, 82, 87, 88, 93, 102, 104, 105, 117, 118, 121]
	⭕  Bike to 53 (1.2 min) +1
> 53 (21:12)
Rent:    [54, 57, 63, 98, 99, 107, 110, 115]
Return:  [0, 5, 20, 24, 27, 28, 30, 37, 41, 46, 50, 52, 53, 55, 60, 64, 66, 80, 82, 87, 88, 93, 102, 104, 105, 117, 118, 121]
	⭕  Walk to 47 (2.7 min) 
> 47 (21:15)
Rent:    [54, 57, 63, 98, 99, 107, 110, 115]
Return:  [0, 5, 24, 27, 28, 30, 37, 46, 50, 52, 53, 55, 60, 64, 66, 82, 87, 88, 93, 102, 104, 105, 117, 118, 121]
	⭕  Bike to 53 (1.2 min) +1
> 53 (21:16)
Rent:    [54, 57, 63, 98, 99, 107, 110, 115]
Return:  [0, 5, 24, 27, 28, 30, 37, 46, 50, 52, 53, 55, 60, 64, 66, 82, 87, 88, 93, 102, 104, 105, 117, 118, 121]
	⭕  Walk to 12 (3.4 min) 
> 12 (21:19)
Rent:    [54, 57, 63, 98, 99, 107, 110, 115]
Return:  [0, 5, 24, 27, 28, 30, 37, 46, 50, 52, 53, 55, 60, 64, 66, 82, 87, 88, 93, 102, 104, 105, 117, 118, 121]
	⭕  Bike to 93 (1.5 min) +1
> 93 (21:21)
Rent:    [54, 57, 63, 98, 99, 107, 110, 115]
Return:  [0, 5, 24, 27, 28, 30, 37, 46, 50, 52, 53, 55, 60, 64, 66, 82, 87, 88, 93, 102, 104, 105, 117, 118, 121]
	⭕  Walk to 61 (3.8 min) 
> 61 (21:25)
Rent:    [54, 57, 63, 98, 99, 107, 110, 115]
Return:  [0, 5, 24, 27, 28, 30, 37, 46, 50, 52, 53, 55, 60, 64, 66, 82, 87, 88, 93, 102, 104, 105, 117, 118, 121]
	⭕  Bike to 5 (2.5 min) +1
> 5 (21:27)
Rent:    [54, 57, 63, 98, 99, 107, 110, 115]
Return:  [0, 5, 24, 27, 28, 30, 37, 46, 50, 52, 53, 55, 60, 64, 66, 82, 87, 88, 93, 102, 104, 105, 117, 118, 121]
	⭕  Walk to 33 (3.0 min) 
> 33 (21:30)
Rent:    [54, 57, 63, 81, 98, 99, 107, 115]
Return:  [5, 12, 24, 27, 28, 30, 37, 46, 47, 50, 53, 55, 60, 61, 64, 66, 80, 82, 87, 88, 93, 102, 104, 105, 117, 118, 121]
	⭕  Bike to 5 (0.9 min) +1
> 5 (21:31)
Rent:    [54, 57, 63, 81, 98, 99, 107, 115]
Return:  [5, 12, 24, 27, 28, 30, 37, 46, 47, 50, 53, 55, 60, 61, 64, 66, 80, 82, 87, 88, 93, 102, 104, 105, 117, 118, 121]
	⭕  Walk to 33 (3.0 min) 
> 33 (21:34)
Rent:    [54, 57, 63, 81, 98, 99, 107, 115]
Return:  [5, 12, 24, 27, 28, 30, 37, 46, 47, 50, 53, 55, 60, 61, 64, 66, 80, 82, 87, 88, 93, 102, 104, 105, 117, 118, 121]
	⭕  Bike to 5 (0.9 min) +1
> 5 (21:35)
Rent:    [54, 57, 63, 81, 98, 99, 107, 115]
Return:  [5, 12, 24, 27, 28, 30, 37, 46, 47, 50, 53, 55, 60, 61, 64, 66, 80, 82, 87, 88, 93, 102, 104, 105, 117, 118, 121]
	⭕  Walk to 33 (3.0 min) 
> 33 (21:38)
Rent:    [54, 57, 63, 81, 98, 99, 107, 115]
Return:  [5, 12, 24, 27, 28, 30, 37, 46, 47, 50, 53, 55, 60, 61, 64, 66, 80, 82, 87, 88, 93, 102, 104, 105, 117, 118, 121]
	⭕  Bike to 5 (0.9 min) +1
> 5 (21:39)
Rent:    [54, 57, 63, 81, 98, 99, 107, 115]
Return:  [5, 12, 24, 27, 28, 30, 37, 46, 47, 50, 53, 55, 60, 61, 64, 66, 80, 82, 87, 88, 93, 102, 104, 105, 117, 118, 121]
	⭕  Walk to 33 (3.0 min) 
> 33 (21:42)
Rent:    [54, 57, 63, 81, 98, 99, 107, 115]
Return:  [5, 12, 24, 27, 28, 30, 37, 46, 47, 50, 53, 55, 60, 61, 64, 66, 80, 82, 87, 88, 93, 102, 104, 105, 117, 118, 121]
	⭕  Bike to 5 (0.9 min) +1
> 5 (21:43)
Rent:    [54, 57, 63, 81, 98, 99, 107, 115]
Return:  [5, 12, 24, 27, 28, 30, 37, 46, 47, 50, 53, 55, 60, 61, 64, 66, 80, 82, 87, 88, 93, 102, 104, 105, 117, 118, 121]
	⭕  Walk to 33 (3.0 min) 
> 33 (21:46)
Rent:    [32, 54, 57, 63, 81, 98, 99, 107, 110, 115]
Return:  [0, 5, 12, 24, 27, 28, 30, 37, 46, 50, 53, 55, 60, 61, 64, 66, 80, 82, 87, 88, 93, 102, 104, 105, 117, 118, 121, 122]
	⭕  Bike to 5 (0.9 min) +1
> 5 (21:47)
Rent:    [32, 54, 57, 63, 81, 98, 99, 107, 110, 115]
Return:  [0, 5, 12, 24, 27, 28, 30, 37, 46, 50, 53, 55, 60, 61, 64, 66, 80, 82, 87, 88, 93, 102, 104, 105, 117, 118, 121, 122]
	⭕  Walk to 33 (3.0 min) 
> 33 (21:50)
Rent:    [32, 54, 57, 63, 81, 98, 99, 107, 110, 115]
Return:  [0, 5, 12, 24, 27, 28, 30, 37, 46, 50, 53, 55, 60, 61, 64, 66, 80, 82, 87, 88, 93, 102, 104, 105, 117, 118, 121, 122]
	⭕  Bike to 5 (0.9 min) +1
> 5 (21:51)
Rent:    [32, 54, 57, 63, 81, 98, 99, 107, 110, 115]
Return:  [0, 5, 12, 24, 27, 28, 30, 37, 46, 50, 53, 55, 60, 61, 64, 66, 80, 82, 87, 88, 93, 102, 104, 105, 117, 118, 121, 122]
	⭕  Walk to 33 (3.0 min) 
> 33 (21:54)
Rent:    [32, 54, 57, 63, 81, 98, 99, 107, 110, 115]
Return:  [0, 5, 12, 24, 27, 28, 30, 37, 46, 50, 53, 55, 60, 61, 64, 66, 80, 82, 87, 88, 93, 102, 104, 105, 117, 118, 121, 122]
	⭕  Bike to 5 (0.9 min) +1
> 5 (21:55)
Rent:    [32, 54, 57, 63, 81, 98, 99, 107, 110, 115]
Return:  [0, 5, 12, 24, 27, 28, 30, 37, 46, 50, 53, 55, 60, 61, 64, 66, 80, 82, 87, 88, 93, 102, 104, 105, 117, 118, 121, 122]
	⭕  Walk to 8 (2.6 min) 
> 8 (21:58)
Rent:    [32, 54, 57, 63, 81, 98, 99, 107, 110, 115]
Return:  [0, 5, 12, 24, 27, 28, 30, 37, 46, 50, 53, 55, 60, 61, 64, 66, 80, 82, 87, 88, 93, 102, 104, 105, 117, 118, 121, 122]
	⭕  Bike to 5 (1.9 min) +1
> 5 (21:59)
Rent:    [32, 54, 57, 63, 81, 98, 99, 107, 110, 115]
Return:  [0, 5, 12, 24, 27, 28, 30, 37, 46, 50, 53, 55, 60, 61, 64, 66, 80, 82, 87, 88, 93, 102, 104, 105, 117, 118, 121, 122]
	⭕  Walk to 8 (2.6 min) 
> 8 (22:02)
Rent:    [32, 54, 57, 63, 81, 98, 99, 106, 107, 110, 115]
Return:  [0, 3, 5, 12, 24, 27, 28, 30, 37, 41, 46, 50, 52, 53, 55, 60, 61, 64, 66, 80, 82, 87, 88, 93, 102, 104, 105, 117, 118, 121]
	⭕  Bike to 5 (1.9 min) +1
> 5 (22:04)
Rent:    [32, 54, 57, 63, 81, 98, 99, 106, 107, 110, 115]
Return:  [0, 3, 5, 12, 24, 27, 28, 30, 37, 41, 46, 50, 52, 53, 55, 60, 61, 64, 66, 80, 82, 87, 88, 93, 102, 104, 105, 117, 118, 121]
	⭕  Walk to 8 (2.6 min) 
> 8 (22:07)
Rent:    [32, 54, 57, 63, 81, 98, 99, 106, 107, 110, 115]
Return:  [0, 3, 5, 12, 24, 27, 28, 30, 37, 41, 46, 50, 52, 53, 55, 60, 61, 64, 66, 80, 82, 87, 88, 93, 102, 104, 105, 117, 118, 121]
	⭕  Bike to 5 (1.9 min) +1
> 5 (22:09)
Rent:    [32, 54, 57, 63, 81, 98, 99, 106, 107, 110, 115]
Return:  [0, 3, 5, 12, 24, 27, 28, 30, 37, 41, 46, 50, 52, 53, 55, 60, 61, 64, 66, 80, 82, 87, 88, 93, 102, 104, 105, 117, 118, 121]
	⭕  Walk to 50 (2.5 min) 
> 50 (22:11)
Rent:    [32, 54, 57, 63, 81, 98, 99, 106, 107, 110, 115]
Return:  [0, 3, 5, 12, 24, 27, 28, 30, 37, 41, 46, 50, 52, 53, 55, 60, 61, 64, 66, 80, 82, 87, 88, 93, 102, 104, 105, 117, 118, 121]
	⭕  Bike to 5 (1.8 min) +1
> 5 (22:13)
Rent:    [32, 54, 57, 63, 81, 98, 99, 106, 107, 110, 115]
Return:  [0, 3, 5, 12, 24, 27, 28, 30, 37, 41, 46, 50, 52, 53, 55, 60, 61, 64, 66, 80, 82, 87, 88, 93, 102, 104, 105, 117, 118, 121]
	⭕  Walk to 4 (3.8 min) 
> 4 (22:17)
Rent:    [32, 54, 57, 63, 72, 81, 98, 99, 103, 106, 107, 115]
Return:  [0, 5, 12, 20, 24, 27, 28, 29, 30, 37, 41, 46, 52, 53, 55, 60, 61, 64, 66, 71, 74, 80, 82, 87, 88, 93, 102, 104, 105, 117, 118, 121]
	⭕  Bike to 5 (1.2 min) +1
> 5 (22:18)
Rent:    [32, 54, 57, 63, 72, 81, 98, 99, 103, 106, 107, 115]
Return:  [0, 5, 12, 20, 24, 27, 28, 29, 30, 37, 41, 46, 52, 53, 55, 60, 61, 64, 66, 71, 74, 80, 82, 87, 88, 93, 102, 104, 105, 117, 118, 121]
	⭕  Walk to 103 (4.2 min) 
> 103 (22:22)
Rent:    [32, 54, 57, 63, 72, 81, 98, 99, 103, 106, 107, 115]
Return:  [0, 5, 12, 20, 24, 27, 28, 29, 30, 37, 41, 46, 52, 53, 55, 60, 61, 64, 66, 71, 74, 80, 82, 87, 88, 93, 102, 104, 105, 117, 118, 121]
	⭕  Bike to 55 (2.1 min) +2
> 55 (22:24)
Rent:    [32, 54, 57, 63, 72, 81, 98, 99, 103, 106, 107, 115]
Return:  [0, 5, 12, 20, 24, 27, 28, 29, 30, 37, 41, 46, 52, 53, 55, 60, 61, 64, 66, 71, 74, 80, 82, 87, 88, 93, 102, 104, 105, 117, 118, 121]
	⭕  Walk to 103 (3.4 min) 
> 103 (22:28)
Rent:    [32, 54, 57, 63, 72, 81, 98, 99, 103, 106, 107, 115]
Return:  [0, 5, 12, 20, 24, 27, 28, 29, 30, 37, 41, 46, 52, 53, 55, 60, 61, 64, 66, 71, 74, 80, 82, 87, 88, 93, 102, 104, 105, 117, 118, 121]
	⭕  Bike to 55 (2.1 min) +2
> 55 (22:30)
Rent:    [15, 32, 54, 57, 63, 81, 98, 99, 106, 107, 115]
Return:  [5, 10, 12, 20, 22, 23, 24, 27, 28, 30, 37, 46, 52, 53, 55, 60, 61, 64, 66, 71, 74, 80, 82, 87, 88, 92, 93, 102, 105, 117, 118]
	⭕  Walk to 103 (3.4 min) 
> 103 (22:33)
Rent:    [15, 32, 54, 57, 63, 81, 98, 99, 106, 107, 115]
Return:  [5, 10, 12, 20, 22, 23, 24, 27, 28, 30, 37, 46, 52, 53, 55, 60, 61, 64, 66, 71, 74, 80, 82, 87, 88, 92, 93, 102, 105, 117, 118]
	⭕  Bike to 55 (2.1 min) +1
> 55 (22:35)
Rent:    [15, 32, 54, 57, 63, 81, 98, 99, 106, 107, 115]
Return:  [5, 10, 12, 20, 22, 23, 24, 27, 28, 30, 37, 46, 52, 53, 55, 60, 61, 64, 66, 71, 74, 80, 82, 87, 88, 92, 93, 102, 105, 117, 118]
	⭕  Walk to 103 (3.4 min) 
> 103 (22:39)
Rent:    [15, 32, 54, 57, 63, 81, 98, 99, 106, 107, 115]
Return:  [5, 10, 12, 20, 22, 23, 24, 27, 28, 30, 37, 46, 52, 53, 55, 60, 61, 64, 66, 71, 74, 80, 82, 87, 88, 92, 93, 102, 105, 117, 118]
	⭕  Bike to 55 (2.1 min) +1
> 55 (22:41)
Rent:    [15, 32, 54, 57, 63, 81, 98, 99, 106, 107, 115]
Return:  [5, 10, 12, 20, 22, 23, 24, 27, 28, 30, 37, 46, 52, 53, 55, 60, 61, 64, 66, 71, 74, 80, 82, 87, 88, 92, 93, 102, 105, 117, 118]
	⭕  Walk to 103 (3.4 min) 
> 103 (22:44)
Rent:    [15, 32, 54, 57, 63, 81, 98, 99, 106, 107, 115]
Return:  [5, 10, 12, 20, 22, 23, 24, 27, 28, 30, 37, 46, 52, 53, 55, 60, 61, 64, 66, 71, 74, 80, 82, 87, 88, 92, 93, 102, 105, 117, 118]
	⭕  Bike to 55 (2.1 min) +1
> 55 (22:46)
Rent:    [15, 32, 38, 54, 57, 63, 81, 99, 106, 107, 115]
Return:  [5, 10, 12, 20, 21, 22, 24, 27, 28, 30, 33, 35, 37, 46, 50, 52, 53, 55, 60, 61, 64, 66, 74, 80, 87, 88, 93, 102, 104, 105, 117, 118]
	⭕  Walk to 103 (3.4 min) 
> 103 (22:50)
Rent:    [15, 32, 38, 54, 57, 63, 81, 99, 106, 107, 115]
Return:  [5, 10, 12, 20, 21, 22, 24, 27, 28, 30, 33, 35, 37, 46, 50, 52, 53, 55, 60, 61, 64, 66, 74, 80, 87, 88, 93, 102, 104, 105, 117, 118]
	⭕  Bike to 55 (2.1 min) +1
> 55 (22:52)
Rent:    [15, 32, 38, 54, 57, 63, 81, 99, 106, 107, 115]
Return:  [5, 10, 12, 20, 21, 22, 24, 27, 28, 30, 33, 35, 37, 46, 50, 52, 53, 55, 60, 61, 64, 66, 74, 80, 87, 88, 93, 102, 104, 105, 117, 118]
	🔵  End excursion
	⭕  Walk to 5 (7.4 min) 
> 5 (22:59)

---------- Excursion Complete ----------
End time: 22:59
Final station: 5
Bike count: 97
Walk count: 97
Wait count: 0
Total reward: 99
Seed: 1904577618

