Generated random seed: 3708110111
---------- Starting Excursion -----------
Warmup time: 4.0 hours
Start time: 16:00 
Excursion time: 7.0 hours

> 1 (16:00)
Rent:    [54, 81, 107]
Return:  [7, 10, 21, 28, 34, 39, 46, 50, 53, 55, 56, 60, 66, 80, 124]
	⭕  Bike to 53 (3.0 min) +1
> 53 (16:03)
Rent:    [54, 81, 107]
Return:  [7, 10, 21, 28, 34, 39, 46, 50, 53, 55, 56, 60, 66, 80, 124]
	⭕  Walk to 87 (1.6 min) 
> 87 (16:04)
Rent:    [54, 81, 107]
Return:  [7, 10, 21, 28, 34, 39, 46, 50, 53, 55, 56, 60, 66, 80, 124]
	⭕  Bike to 53 (0.6 min) +1
> 53 (16:05)
Rent:    [54, 81, 107]
Return:  [7, 10, 21, 28, 34, 39, 46, 50, 53, 55, 56, 60, 66, 80, 124]
	⭕  Walk to 87 (1.6 min) 
> 87 (16:06)
Rent:    [54, 81, 107]
Return:  [7, 10, 21, 28, 34, 39, 46, 50, 53, 55, 56, 60, 66, 80, 124]
	⭕  Bike to 53 (0.6 min) +1
> 53 (16:07)
Rent:    [54, 81, 107]
Return:  [7, 10, 21, 28, 34, 39, 46, 50, 53, 55, 56, 60, 66, 80, 124]
	⭕  Walk to 87 (1.6 min) 
> 87 (16:08)
Rent:    [54, 81, 107]
Return:  [7, 10, 21, 28, 34, 39, 46, 50, 53, 55, 56, 60, 66, 80, 124]
	⭕  Bike to 53 (0.6 min) +1
> 53 (16:09)
Rent:    [54, 81, 107]
Return:  [7, 10, 21, 28, 34, 39, 46, 50, 53, 55, 56, 60, 66, 80, 124]
	⭕  Walk to 47 (2.7 min) 
> 47 (16:12)
Rent:    [54, 81, 107]
Return:  [7, 10, 21, 28, 34, 39, 46, 50, 53, 55, 56, 60, 66, 80, 124]
	⭕  Bike to 53 (1.2 min) +1
> 53 (16:13)
Rent:    [54, 81, 107]
Return:  [7, 10, 21, 28, 34, 39, 46, 50, 53, 55, 56, 60, 66, 80, 124]
	⭕  Walk to 47 (2.7 min) 
> 47 (16:16)
Rent:    [103, 107]
Return:  [10, 21, 28, 35, 37, 39, 46, 50, 53, 55, 56, 60, 66, 80, 87, 101, 124]
	⭕  Bike to 55 (2.1 min) +1
> 55 (16:18)
Rent:    [103, 107]
Return:  [10, 21, 28, 35, 37, 39, 46, 50, 53, 55, 56, 60, 66, 80, 87, 101, 124]
	⭕  Walk to 103 (3.4 min) 
> 103 (16:21)
Rent:    [103, 107]
Return:  [10, 21, 28, 35, 37, 39, 46, 50, 53, 55, 56, 60, 66, 80, 87, 101, 124]
	⭕  Bike to 55 (2.1 min) +2
> 55 (16:23)
Rent:    [103, 107]
Return:  [10, 21, 28, 35, 37, 39, 46, 50, 53, 55, 56, 60, 66, 80, 87, 101, 124]
	⭕  Walk to 103 (3.4 min) 
> 103 (16:27)
Rent:    [103, 107]
Return:  [10, 21, 28, 35, 37, 39, 46, 50, 53, 55, 56, 60, 66, 80, 87, 101, 124]
	⭕  Bike to 55 (2.1 min) +2
> 55 (16:29)
Rent:    [103, 107]
Return:  [10, 21, 28, 35, 37, 39, 46, 50, 53, 55, 56, 60, 66, 80, 87, 101, 124]
	⭕  Walk to 103 (3.4 min) 
> 103 (16:32)
Rent:    [54, 81, 107]
Return:  [12, 21, 28, 33, 35, 37, 39, 46, 50, 52, 53, 55, 60, 66, 80, 87, 101, 124]
	⭕  Bike to 53 (3.2 min) +1
> 53 (16:35)
Rent:    [54, 81, 107]
Return:  [12, 21, 28, 33, 35, 37, 39, 46, 50, 52, 53, 55, 60, 66, 80, 87, 101, 124]
	⭕  Walk to 47 (2.7 min) 
> 47 (16:38)
Rent:    [54, 81, 107]
Return:  [12, 21, 28, 33, 35, 37, 39, 46, 50, 52, 53, 55, 60, 66, 80, 87, 101, 124]
	⭕  Bike to 53 (1.2 min) +1
> 53 (16:39)
Rent:    [54, 81, 107]
Return:  [12, 21, 28, 33, 35, 37, 39, 46, 50, 52, 53, 55, 60, 66, 80, 87, 101, 124]
	⭕  Walk to 47 (2.7 min) 
> 47 (16:42)
Rent:    [54, 81, 107]
Return:  [12, 21, 28, 33, 35, 37, 39, 46, 50, 52, 53, 55, 60, 66, 80, 87, 101, 124]
	⭕  Bike to 53 (1.2 min) +1
> 53 (16:43)
Rent:    [54, 81, 107]
Return:  [12, 21, 28, 33, 35, 37, 39, 46, 50, 52, 53, 55, 60, 66, 80, 87, 101, 124]
	⭕  Walk to 47 (2.7 min) 
> 47 (16:46)
Rent:    [54, 81, 107]
Return:  [12, 21, 28, 33, 35, 37, 39, 46, 50, 52, 53, 55, 60, 66, 80, 87, 101, 124]
	⭕  Bike to 53 (1.2 min) +1
> 53 (16:47)
Rent:    [54, 81, 107]
Return:  [12, 21, 28, 33, 35, 37, 39, 46, 50, 52, 53, 55, 60, 66, 80, 87, 101, 124]
	⭕  Walk to 47 (2.7 min) 
> 47 (16:50)
Rent:    [54, 81, 107]
Return:  [12, 21, 28, 33, 35, 37, 39, 46, 50, 52, 53, 55, 60, 66, 80, 87, 101, 124]
	⭕  Bike to 53 (1.2 min) +1
> 53 (16:51)
Rent:    [54, 81, 107]
Return:  [12, 21, 28, 33, 35, 37, 39, 46, 50, 52, 53, 55, 60, 66, 80, 87, 101, 124]
	⭕  Walk to 47 (2.7 min) 
> 47 (16:54)
Rent:    [54, 81, 107]
Return:  [12, 21, 28, 33, 35, 37, 39, 46, 50, 52, 53, 55, 60, 66, 80, 87, 101, 124]
	⭕  Bike to 53 (1.2 min) +1
> 53 (16:55)
Rent:    [54, 81, 107]
Return:  [12, 21, 28, 33, 35, 37, 39, 46, 50, 52, 53, 55, 60, 66, 80, 87, 101, 124]
	⭕  Walk to 47 (2.7 min) 
> 47 (16:58)
Rent:    [54, 81, 107]
Return:  [12, 21, 28, 33, 35, 37, 39, 46, 50, 52, 53, 55, 60, 66, 80, 87, 101, 124]
	⭕  Bike to 53 (1.2 min) +1
> 53 (16:59)
Rent:    [54, 81, 107]
Return:  [12, 21, 28, 33, 35, 37, 39, 46, 50, 52, 53, 55, 60, 66, 80, 87, 101, 124]
	⭕  Walk to 47 (2.7 min) 
> 47 (17:02)
Rent:    [54, 72, 81, 107]
Return:  [12, 21, 28, 33, 35, 37, 39, 46, 50, 52, 53, 55, 60, 66, 80, 101, 124]
	⭕  Bike to 53 (1.2 min) +1
> 53 (17:03)
Rent:    [54, 72, 81, 107]
Return:  [12, 21, 28, 33, 35, 37, 39, 46, 50, 52, 53, 55, 60, 66, 80, 101, 124]
	⭕  Walk to 47 (2.7 min) 
> 47 (17:05)
Rent:    [54, 72, 81, 107]
Return:  [12, 21, 28, 33, 35, 37, 39, 46, 50, 52, 53, 55, 60, 66, 80, 101, 124]
	⭕  Bike to 53 (1.2 min) +1
> 53 (17:07)
Rent:    [54, 72, 81, 107]
Return:  [12, 21, 28, 33, 35, 37, 39, 46, 50, 52, 53, 55, 60, 66, 80, 101, 124]
	⭕  Walk to 30 (4.1 min) 
> 30 (17:11)
Rent:    [54, 72, 81, 107]
Return:  [12, 21, 28, 33, 35, 37, 39, 46, 50, 52, 53, 55, 60, 66, 80, 101, 124]
	⭕  Bike to 66 (2.2 min) +1
> 66 (17:13)
Rent:    [54, 72, 81, 107]
Return:  [12, 21, 28, 33, 35, 37, 39, 46, 50, 52, 53, 55, 60, 66, 80, 101, 124]
	⭕  Walk to 102 (1.7 min) 
> 102 (17:15)
Rent:    [72, 81, 107]
Return:  [12, 28, 33, 37, 39, 46, 50, 52, 53, 55, 59, 60, 66, 80, 87, 92, 101, 117, 124]
	⭕  Bike to 66 (0.7 min) +1
> 66 (17:15)
Rent:    [72, 81, 107]
Return:  [12, 28, 33, 37, 39, 46, 50, 52, 53, 55, 59, 60, 66, 80, 87, 92, 101, 117, 124]
	⭕  Walk to 102 (1.7 min) 
> 102 (17:17)
Rent:    [72, 81, 107]
Return:  [12, 28, 33, 37, 39, 46, 50, 52, 53, 55, 59, 60, 66, 80, 87, 92, 101, 117, 124]
	⭕  Bike to 66 (0.7 min) +1
> 66 (17:18)
Rent:    [72, 81, 107]
Return:  [12, 28, 33, 37, 39, 46, 50, 52, 53, 55, 59, 60, 66, 80, 87, 92, 101, 117, 124]
	⭕  Walk to 102 (1.7 min) 
> 102 (17:20)
Rent:    [72, 81, 107]
Return:  [12, 28, 33, 37, 39, 46, 50, 52, 53, 55, 59, 60, 66, 80, 87, 92, 101, 117, 124]
	⭕  Bike to 66 (0.7 min) +1
> 66 (17:20)
Rent:    [72, 81, 107]
Return:  [12, 28, 33, 37, 39, 46, 50, 52, 53, 55, 59, 60, 66, 80, 87, 92, 101, 117, 124]
	⭕  Walk to 77 (3.3 min) 
> 77 (17:24)
Rent:    [72, 81, 107]
Return:  [12, 28, 33, 37, 39, 46, 50, 52, 53, 55, 59, 60, 66, 80, 87, 92, 101, 117, 124]
	⭕  Bike to 28 (2.3 min) +1
> 28 (17:26)
Rent:    [72, 81, 107]
Return:  [12, 28, 33, 37, 39, 46, 50, 52, 53, 55, 59, 60, 66, 80, 87, 92, 101, 117, 124]
	⭕  Walk to 27 (4.1 min) 
> 27 (17:30)
Rent:    [2, 32, 43, 54, 72, 81, 107]
Return:  [5, 12, 28, 29, 33, 34, 35, 37, 39, 46, 50, 53, 55, 60, 66, 80, 92, 93, 102, 117, 124]
	⭕  Bike to 117 (0.7 min) +1
> 117 (17:31)
Rent:    [2, 32, 43, 54, 72, 81, 107]
Return:  [5, 12, 28, 29, 33, 34, 35, 37, 39, 46, 50, 53, 55, 60, 66, 80, 92, 93, 102, 117, 124]
	⭕  Walk to 105 (2.0 min) 
> 105 (17:33)
Rent:    [2, 32, 43, 54, 72, 81, 107]
Return:  [5, 12, 28, 29, 33, 34, 35, 37, 39, 46, 50, 53, 55, 60, 66, 80, 92, 93, 102, 117, 124]
	⭕  Bike to 117 (0.7 min) +1
> 117 (17:33)
Rent:    [2, 32, 43, 54, 72, 81, 107]
Return:  [5, 12, 28, 29, 33, 34, 35, 37, 39, 46, 50, 53, 55, 60, 66, 80, 92, 93, 102, 117, 124]
	⭕  Walk to 105 (2.0 min) 
> 105 (17:35)
Rent:    [2, 32, 43, 54, 72, 81, 107]
Return:  [5, 12, 28, 29, 33, 34, 35, 37, 39, 46, 50, 53, 55, 60, 66, 80, 92, 93, 102, 117, 124]
	⭕  Bike to 117 (0.7 min) +1
> 117 (17:36)
Rent:    [2, 32, 43, 54, 72, 81, 107]
Return:  [5, 12, 28, 29, 33, 34, 35, 37, 39, 46, 50, 53, 55, 60, 66, 80, 92, 93, 102, 117, 124]
	⭕  Walk to 105 (2.0 min) 
> 105 (17:38)
Rent:    [2, 32, 43, 54, 72, 81, 107]
Return:  [5, 12, 28, 29, 33, 34, 35, 37, 39, 46, 50, 53, 55, 60, 66, 80, 92, 93, 102, 117, 124]
	⭕  Bike to 117 (0.7 min) +1
> 117 (17:39)
Rent:    [2, 32, 43, 54, 72, 81, 107]
Return:  [5, 12, 28, 29, 33, 34, 35, 37, 39, 46, 50, 53, 55, 60, 66, 80, 92, 93, 102, 117, 124]
	⭕  Walk to 105 (2.0 min) 
> 105 (17:41)
Rent:    [2, 32, 43, 54, 72, 81, 107]
Return:  [5, 12, 28, 29, 33, 34, 35, 37, 39, 46, 50, 53, 55, 60, 66, 80, 92, 93, 102, 117, 124]
	⭕  Bike to 117 (0.7 min) +1
> 117 (17:42)
Rent:    [2, 32, 43, 54, 72, 81, 107]
Return:  [5, 12, 28, 29, 33, 34, 35, 37, 39, 46, 50, 53, 55, 60, 66, 80, 92, 93, 102, 117, 124]
	⭕  Walk to 105 (2.0 min) 
> 105 (17:44)
Rent:    [2, 32, 43, 54, 72, 81, 107]
Return:  [5, 12, 28, 29, 33, 34, 35, 37, 39, 46, 50, 53, 55, 60, 66, 80, 92, 93, 102, 117, 124]
	⭕  Bike to 117 (0.7 min) +1
> 117 (17:44)
Rent:    [2, 32, 43, 54, 72, 81, 107]
Return:  [5, 12, 28, 29, 33, 34, 35, 37, 39, 46, 50, 53, 55, 60, 66, 80, 92, 93, 102, 117, 124]
	⭕  Walk to 105 (2.0 min) 
> 105 (17:46)
Rent:    [2, 32, 43, 54, 72, 81, 107]
Return:  [5, 8, 12, 27, 28, 33, 34, 37, 39, 46, 47, 50, 52, 53, 55, 60, 66, 80, 82, 92, 93, 102, 117, 124]
	⭕  Bike to 117 (0.7 min) +1
> 117 (17:47)
Rent:    [2, 32, 43, 54, 72, 81, 107]
Return:  [5, 8, 12, 27, 28, 33, 34, 37, 39, 46, 47, 50, 52, 53, 55, 60, 66, 80, 82, 92, 93, 102, 117, 124]
	⭕  Walk to 105 (2.0 min) 
> 105 (17:49)
Rent:    [2, 32, 43, 54, 72, 81, 107]
Return:  [5, 8, 12, 27, 28, 33, 34, 37, 39, 46, 47, 50, 52, 53, 55, 60, 66, 80, 82, 92, 93, 102, 117, 124]
	⭕  Bike to 117 (0.7 min) +1
> 117 (17:50)
Rent:    [2, 32, 43, 54, 72, 81, 107]
Return:  [5, 8, 12, 27, 28, 33, 34, 37, 39, 46, 47, 50, 52, 53, 55, 60, 66, 80, 82, 92, 93, 102, 117, 124]
	⭕  Walk to 105 (2.0 min) 
> 105 (17:52)
Rent:    [2, 32, 43, 54, 72, 81, 107]
Return:  [5, 8, 12, 27, 28, 33, 34, 37, 39, 46, 47, 50, 52, 53, 55, 60, 66, 80, 82, 92, 93, 102, 117, 124]
	⭕  Bike to 117 (0.7 min) +1
> 117 (17:53)
Rent:    [2, 32, 43, 54, 72, 81, 107]
Return:  [5, 8, 12, 27, 28, 33, 34, 37, 39, 46, 47, 50, 52, 53, 55, 60, 66, 80, 82, 92, 93, 102, 117, 124]
	⭕  Walk to 30 (9.4 min) 
> 30 (18:02)
Rent:    [2, 32, 43, 54, 72, 81, 107]
Return:  [8, 12, 23, 28, 29, 33, 34, 35, 37, 46, 47, 50, 53, 55, 60, 66, 82, 92, 93, 102, 117, 124]
	⭕  Bike to 53 (1.4 min) +1
> 53 (18:03)
Rent:    [2, 32, 43, 54, 72, 81, 107]
Return:  [8, 12, 23, 28, 29, 33, 34, 35, 37, 46, 47, 50, 53, 55, 60, 66, 82, 92, 93, 102, 117, 124]
	⭕  Walk to 87 (1.6 min) 
> 87 (18:05)
Rent:    [2, 32, 43, 54, 72, 81, 107]
Return:  [8, 12, 23, 28, 29, 33, 34, 35, 37, 46, 47, 50, 53, 55, 60, 66, 82, 92, 93, 102, 117, 124]
	⭕  Bike to 53 (0.6 min) +1
> 53 (18:05)
Rent:    [2, 32, 43, 54, 72, 81, 107]
Return:  [8, 12, 23, 28, 29, 33, 34, 35, 37, 46, 47, 50, 53, 55, 60, 66, 82, 92, 93, 102, 117, 124]
	⭕  Walk to 30 (4.1 min) 
> 30 (18:10)
Rent:    [2, 32, 43, 54, 72, 81, 107]
Return:  [8, 12, 23, 28, 29, 33, 34, 35, 37, 46, 47, 50, 53, 55, 60, 66, 82, 92, 93, 102, 117, 124]
	⭕  Bike to 82 (1.7 min) +1
> 82 (18:11)
Rent:    [2, 32, 43, 54, 72, 81, 107]
Return:  [8, 12, 23, 28, 29, 33, 34, 35, 37, 46, 47, 50, 53, 55, 60, 66, 82, 92, 93, 102, 117, 124]
	⭕  Walk to 30 (2.3 min) 
> 30 (18:14)
Rent:    [2, 32, 43, 54, 72, 81, 107]
Return:  [8, 12, 23, 28, 29, 33, 34, 35, 37, 46, 47, 50, 53, 55, 60, 66, 82, 92, 93, 102, 117, 124]
	⭕  Bike to 82 (1.7 min) +1
> 82 (18:15)
Rent:    [2, 32, 43, 48, 54, 75, 81, 107]
Return:  [8, 12, 28, 29, 33, 34, 35, 37, 46, 47, 50, 52, 53, 55, 60, 66, 80, 82, 88, 92, 93, 102, 117, 124]
	⭕  Walk to 30 (2.3 min) 
> 30 (18:17)
Rent:    [2, 32, 43, 48, 54, 75, 81, 107]
Return:  [8, 12, 28, 29, 33, 34, 35, 37, 46, 47, 50, 52, 53, 55, 60, 66, 80, 82, 88, 92, 93, 102, 117, 124]
	⭕  Bike to 82 (1.7 min) +1
> 82 (18:19)
Rent:    [2, 32, 43, 48, 54, 75, 81, 107]
Return:  [8, 12, 28, 29, 33, 34, 35, 37, 46, 47, 50, 52, 53, 55, 60, 66, 80, 82, 88, 92, 93, 102, 117, 124]
	⭕  Walk to 30 (2.3 min) 
> 30 (18:21)
Rent:    [2, 32, 43, 48, 54, 75, 81, 107]
Return:  [8, 12, 28, 29, 33, 34, 35, 37, 46, 47, 50, 52, 53, 55, 60, 66, 80, 82, 88, 92, 93, 102, 117, 124]
	⭕  Bike to 82 (1.7 min) +1
> 82 (18:23)
Rent:    [2, 32, 43, 48, 54, 75, 81, 107]
Return:  [8, 12, 28, 29, 33, 34, 35, 37, 46, 47, 50, 52, 53, 55, 60, 66, 80, 82, 88, 92, 93, 102, 117, 124]
	⭕  Walk to 30 (2.3 min) 
> 30 (18:25)
Rent:    [2, 32, 43, 48, 54, 75, 81, 107]
Return:  [8, 12, 28, 29, 33, 34, 35, 37, 46, 47, 50, 52, 53, 55, 60, 66, 80, 82, 88, 92, 93, 102, 117, 124]
	⭕  Bike to 82 (1.7 min) +1
> 82 (18:27)
Rent:    [2, 32, 43, 48, 54, 75, 81, 107]
Return:  [8, 12, 28, 29, 33, 34, 35, 37, 46, 47, 50, 52, 53, 55, 60, 66, 80, 82, 88, 92, 93, 102, 117, 124]
	⭕  Walk to 30 (2.3 min) 
> 30 (18:29)
Rent:    [2, 32, 43, 48, 54, 75, 81, 107]
Return:  [8, 12, 28, 29, 33, 34, 35, 37, 46, 47, 50, 52, 53, 55, 60, 66, 80, 82, 88, 92, 93, 102, 117, 124]
	⭕  Bike to 102 (1.6 min) +1
> 102 (18:31)
Rent:    [2, 32, 48, 54, 81, 107]
Return:  [12, 23, 28, 29, 33, 35, 37, 46, 47, 50, 52, 53, 55, 60, 66, 80, 82, 87, 88, 92, 93, 102, 105, 124]
	⭕  Walk to 27 (6.8 min) 
> 27 (18:38)
Rent:    [2, 32, 48, 54, 81, 107]
Return:  [12, 23, 28, 29, 33, 35, 37, 46, 47, 50, 52, 53, 55, 60, 66, 80, 82, 87, 88, 92, 93, 102, 105, 124]
	⭕  Bike to 105 (1.3 min) +1
> 105 (18:39)
Rent:    [2, 32, 48, 54, 81, 107]
Return:  [12, 23, 28, 29, 33, 35, 37, 46, 47, 50, 52, 53, 55, 60, 66, 80, 82, 87, 88, 92, 93, 102, 105, 124]
	⭕  Walk to 119 (8.0 min) 
> 119 (18:47)
Rent:    [32, 43, 48, 54, 75, 81, 89, 107]
Return:  [12, 23, 26, 28, 29, 30, 33, 35, 37, 46, 47, 50, 53, 55, 60, 66, 77, 80, 82, 87, 88, 92, 93, 101, 102, 105, 124]
	⭕  Bike to 46 (2.4 min) +1
> 46 (18:49)
Rent:    [32, 43, 48, 54, 75, 81, 89, 107]
Return:  [12, 23, 26, 28, 29, 30, 33, 35, 37, 46, 47, 50, 53, 55, 60, 66, 77, 80, 82, 87, 88, 92, 93, 101, 102, 105, 124]
	⭕  Walk to 119 (4.9 min) 
> 119 (18:54)
Rent:    [32, 43, 48, 54, 75, 81, 89, 107]
Return:  [12, 23, 26, 28, 29, 30, 33, 35, 37, 46, 47, 50, 53, 55, 60, 66, 77, 80, 82, 87, 88, 92, 93, 101, 102, 105, 124]
	⭕  Bike to 28 (3.2 min) +1
> 28 (18:57)
Rent:    [32, 43, 48, 54, 75, 81, 89, 107]
Return:  [12, 23, 26, 28, 29, 30, 33, 35, 37, 46, 47, 50, 53, 55, 60, 66, 77, 80, 82, 87, 88, 92, 93, 101, 102, 105, 124]
	⭕  Walk to 52 (6.6 min) 
> 52 (19:04)
Rent:    [6, 32, 43, 48, 75, 79, 81, 98, 107]
Return:  [5, 10, 12, 23, 26, 28, 29, 30, 33, 37, 46, 47, 50, 53, 55, 60, 66, 80, 82, 87, 88, 92, 93, 102, 105, 124]
	⭕  Bike to 66 (1.1 min) +1
> 66 (19:05)
Rent:    [6, 32, 43, 48, 75, 79, 81, 98, 107]
Return:  [5, 10, 12, 23, 26, 28, 29, 30, 33, 37, 46, 47, 50, 53, 55, 60, 66, 80, 82, 87, 88, 92, 93, 102, 105, 124]
	⭕  Walk to 34 (9.2 min) 
> 34 (19:14)
Rent:    [6, 32, 43, 48, 75, 79, 81, 98, 107]
Return:  [5, 10, 12, 23, 26, 28, 29, 30, 33, 37, 46, 47, 50, 53, 55, 60, 66, 80, 82, 87, 88, 92, 93, 102, 105, 124]
	⭕  Bike to 53 (2.9 min) +1
> 53 (19:17)
Rent:    [6, 32, 43, 57, 75, 79, 81, 98, 99, 106, 107]
Return:  [5, 10, 12, 26, 28, 30, 33, 37, 46, 47, 50, 52, 55, 60, 66, 77, 82, 87, 88, 92, 93, 102, 105, 117, 124]
	⭕  Walk to 103 (7.1 min) 
> 103 (19:24)
Rent:    [6, 32, 43, 57, 75, 79, 81, 98, 99, 106, 107]
Return:  [5, 10, 12, 26, 28, 30, 33, 37, 46, 47, 50, 52, 55, 60, 66, 77, 82, 87, 88, 92, 93, 102, 105, 117, 124]
	⭕  Bike to 10 (2.9 min) +1
> 10 (19:27)
Rent:    [6, 32, 43, 57, 75, 79, 81, 98, 99, 106, 107]
Return:  [5, 10, 12, 26, 28, 30, 33, 37, 46, 47, 50, 52, 55, 60, 66, 77, 82, 87, 88, 92, 93, 102, 105, 117, 124]
	⭕  Walk to 30 (4.2 min) 
> 30 (19:31)
Rent:    [2, 6, 32, 43, 48, 79, 81, 98, 99, 107]
Return:  [10, 12, 26, 27, 28, 33, 35, 37, 46, 50, 55, 56, 59, 60, 66, 77, 82, 87, 88, 92, 93, 102, 105, 117]
	⭕  Bike to 87 (1.0 min) +1
> 87 (19:32)
Rent:    [2, 6, 32, 43, 48, 79, 81, 98, 99, 107]
Return:  [10, 12, 26, 27, 28, 33, 35, 37, 46, 50, 55, 56, 59, 60, 66, 77, 82, 87, 88, 92, 93, 102, 105, 117]
	⭕  Walk to 52 (8.8 min) 
> 52 (19:41)
Rent:    [2, 6, 32, 43, 48, 79, 81, 98, 99, 107]
Return:  [10, 12, 26, 27, 28, 33, 35, 37, 46, 50, 55, 56, 59, 60, 66, 77, 82, 87, 88, 92, 93, 102, 105, 117]
	⭕  Bike to 66 (1.1 min) +1
> 66 (19:42)
Rent:    [2, 6, 32, 43, 48, 79, 81, 98, 99, 107]
Return:  [10, 12, 26, 27, 28, 33, 35, 37, 46, 50, 55, 56, 59, 60, 66, 77, 82, 87, 88, 92, 93, 102, 105, 117]
	⭕  Walk to 52 (2.4 min) 
> 52 (19:44)
Rent:    [2, 6, 32, 43, 48, 79, 81, 98, 99, 107]
Return:  [10, 12, 26, 27, 28, 33, 35, 37, 46, 50, 55, 56, 59, 60, 66, 77, 82, 87, 88, 92, 93, 102, 105, 117]
	⭕  Bike to 77 (1.8 min) +1
> 77 (19:46)
Rent:    [2, 6, 32, 43, 79, 81, 98, 99, 106, 107]
Return:  [5, 10, 12, 26, 27, 28, 29, 33, 35, 37, 46, 47, 50, 53, 55, 56, 59, 60, 66, 77, 82, 87, 88, 92, 93, 102, 105, 117]
	⭕  Walk to 34 (5.9 min) 
> 34 (19:52)
Rent:    [2, 6, 32, 43, 79, 81, 98, 99, 106, 107]
Return:  [5, 10, 12, 26, 27, 28, 29, 33, 35, 37, 46, 47, 50, 53, 55, 56, 59, 60, 66, 77, 82, 87, 88, 92, 93, 102, 105, 117]
	⭕  Bike to 77 (2.6 min) +1
> 77 (19:55)
Rent:    [2, 6, 32, 43, 79, 81, 98, 99, 106, 107]
Return:  [5, 10, 12, 26, 27, 28, 29, 33, 35, 37, 46, 47, 50, 53, 55, 56, 59, 60, 66, 77, 82, 87, 88, 92, 93, 102, 105, 117]
	⭕  Walk to 52 (3.3 min) 
> 52 (19:58)
Rent:    [2, 6, 32, 43, 79, 81, 98, 99, 106, 107]
Return:  [5, 10, 12, 26, 27, 28, 29, 33, 35, 37, 46, 47, 50, 53, 55, 56, 59, 60, 66, 77, 82, 87, 88, 92, 93, 102, 105, 117]
	⭕  Bike to 66 (1.1 min) +1
> 66 (19:59)
Rent:    [2, 6, 32, 43, 79, 81, 98, 99, 106, 107]
Return:  [5, 10, 12, 26, 27, 28, 29, 33, 35, 37, 46, 47, 50, 53, 55, 56, 59, 60, 66, 77, 82, 87, 88, 92, 93, 102, 105, 117]
	⭕  Walk to 52 (2.4 min) 
> 52 (20:02)
Rent:    [2, 6, 32, 43, 54, 75, 79, 81, 98, 99, 106, 107, 115]
Return:  [5, 10, 11, 12, 20, 27, 28, 33, 37, 39, 46, 47, 50, 53, 55, 56, 59, 60, 66, 77, 82, 87, 88, 92, 93, 102, 105, 117]
	⭕  Bike to 66 (1.1 min) +1
> 66 (20:03)
Rent:    [2, 6, 32, 43, 54, 75, 79, 81, 98, 99, 106, 107, 115]
Return:  [5, 10, 11, 12, 20, 27, 28, 33, 37, 39, 46, 47, 50, 53, 55, 56, 59, 60, 66, 77, 82, 87, 88, 92, 93, 102, 105, 117]
	⭕  Walk to 52 (2.4 min) 
> 52 (20:05)
Rent:    [2, 6, 32, 43, 54, 75, 79, 81, 98, 99, 106, 107, 115]
Return:  [5, 10, 11, 12, 20, 27, 28, 33, 37, 39, 46, 47, 50, 53, 55, 56, 59, 60, 66, 77, 82, 87, 88, 92, 93, 102, 105, 117]
	⭕  Bike to 66 (1.1 min) +1
> 66 (20:06)
Rent:    [2, 6, 32, 43, 54, 75, 79, 81, 98, 99, 106, 107, 115]
Return:  [5, 10, 11, 12, 20, 27, 28, 33, 37, 39, 46, 47, 50, 53, 55, 56, 59, 60, 66, 77, 82, 87, 88, 92, 93, 102, 105, 117]
	⭕  Walk to 52 (2.4 min) 
> 52 (20:09)
Rent:    [2, 6, 32, 43, 54, 75, 79, 81, 98, 99, 106, 107, 115]
Return:  [5, 10, 11, 12, 20, 27, 28, 33, 37, 39, 46, 47, 50, 53, 55, 56, 59, 60, 66, 77, 82, 87, 88, 92, 93, 102, 105, 117]
	⭕  Bike to 66 (1.1 min) +1
> 66 (20:10)
Rent:    [2, 6, 32, 43, 54, 75, 79, 81, 98, 99, 106, 107, 115]
Return:  [5, 10, 11, 12, 20, 27, 28, 33, 37, 39, 46, 47, 50, 53, 55, 56, 59, 60, 66, 77, 82, 87, 88, 92, 93, 102, 105, 117]
	⭕  Walk to 52 (2.4 min) 
> 52 (20:12)
Rent:    [2, 6, 32, 43, 54, 75, 79, 81, 98, 99, 106, 107, 115]
Return:  [5, 10, 11, 12, 20, 27, 28, 33, 37, 39, 46, 47, 50, 53, 55, 56, 59, 60, 66, 77, 82, 87, 88, 92, 93, 102, 105, 117]
	⭕  Bike to 66 (1.1 min) +1
> 66 (20:13)
Rent:    [2, 6, 32, 43, 54, 75, 79, 81, 98, 99, 106, 107, 115]
Return:  [5, 10, 11, 12, 20, 27, 28, 33, 37, 39, 46, 47, 50, 53, 55, 56, 59, 60, 66, 77, 82, 87, 88, 92, 93, 102, 105, 117]
	⭕  Walk to 34 (9.2 min) 
> 34 (20:22)
Rent:    [2, 6, 43, 54, 63, 79, 98, 99, 106, 107]
Return:  [4, 5, 10, 11, 12, 20, 27, 28, 33, 37, 46, 50, 55, 59, 60, 66, 77, 82, 87, 88, 92, 101, 102, 105, 117]
	⭕  Bike to 77 (2.6 min) +1
> 77 (20:25)
Rent:    [2, 6, 43, 54, 63, 79, 98, 99, 106, 107]
Return:  [4, 5, 10, 11, 12, 20, 27, 28, 33, 37, 46, 50, 55, 59, 60, 66, 77, 82, 87, 88, 92, 101, 102, 105, 117]
	⭕  Walk to 34 (5.9 min) 
> 34 (20:31)
Rent:    [2, 6, 43, 54, 57, 63, 72, 79, 98, 99, 106, 107, 115]
Return:  [5, 10, 11, 12, 20, 27, 28, 33, 35, 37, 46, 50, 52, 53, 55, 59, 60, 66, 77, 87, 88, 92, 93, 101, 102, 105, 117, 123]
	⭕  Bike to 53 (2.9 min) +1
> 53 (20:34)
Rent:    [2, 6, 43, 54, 57, 63, 72, 79, 98, 99, 106, 107, 115]
Return:  [5, 10, 11, 12, 20, 27, 28, 33, 35, 37, 46, 50, 52, 53, 55, 59, 60, 66, 77, 87, 88, 92, 93, 101, 102, 105, 117, 123]
	⭕  Walk to 103 (7.1 min) 
> 103 (20:41)
Rent:    [2, 6, 43, 54, 57, 63, 72, 79, 98, 99, 106, 107, 115]
Return:  [5, 10, 11, 12, 20, 27, 28, 33, 35, 37, 46, 50, 52, 53, 55, 59, 60, 66, 77, 87, 88, 92, 93, 101, 102, 105, 117, 123]
	⭕  Bike to 55 (2.1 min) +1
> 55 (20:43)
Rent:    [2, 6, 43, 54, 57, 63, 72, 79, 98, 99, 106, 107, 115]
Return:  [5, 10, 11, 12, 20, 27, 28, 33, 35, 37, 46, 50, 52, 53, 55, 59, 60, 66, 77, 87, 88, 92, 93, 101, 102, 105, 117, 123]
	⭕  Walk to 103 (3.4 min) 
> 103 (20:46)
Rent:    [6, 43, 54, 57, 63, 72, 79, 81, 99, 106, 107, 115]
Return:  [5, 7, 10, 11, 12, 20, 24, 27, 28, 33, 35, 37, 46, 47, 50, 53, 55, 56, 60, 61, 64, 66, 77, 82, 87, 88, 92, 93, 102, 117]
	⭕  Bike to 55 (2.1 min) +1
> 55 (20:48)
Rent:    [6, 43, 54, 57, 63, 72, 79, 81, 99, 106, 107, 115]
Return:  [5, 7, 10, 11, 12, 20, 24, 27, 28, 33, 35, 37, 46, 47, 50, 53, 55, 56, 60, 61, 64, 66, 77, 82, 87, 88, 92, 93, 102, 117]
	⭕  Walk to 103 (3.4 min) 
> 103 (20:52)
Rent:    [6, 43, 54, 57, 63, 72, 79, 81, 99, 106, 107, 115]
Return:  [5, 7, 10, 11, 12, 20, 24, 27, 28, 33, 35, 37, 46, 47, 50, 53, 55, 56, 60, 61, 64, 66, 77, 82, 87, 88, 92, 93, 102, 117]
	⭕  Bike to 55 (2.1 min) +1
> 55 (20:54)
Rent:    [6, 43, 54, 57, 63, 72, 79, 81, 99, 106, 107, 115]
Return:  [5, 7, 10, 11, 12, 20, 24, 27, 28, 33, 35, 37, 46, 47, 50, 53, 55, 56, 60, 61, 64, 66, 77, 82, 87, 88, 92, 93, 102, 117]
	⭕  Walk to 103 (3.4 min) 
> 103 (20:57)
Rent:    [6, 43, 54, 57, 63, 72, 79, 81, 99, 106, 107, 115]
Return:  [5, 7, 10, 11, 12, 20, 24, 27, 28, 33, 35, 37, 46, 47, 50, 53, 55, 56, 60, 61, 64, 66, 77, 82, 87, 88, 92, 93, 102, 117]
	⭕  Bike to 55 (2.1 min) +1
> 55 (20:59)
Rent:    [6, 43, 54, 57, 63, 72, 79, 81, 99, 106, 107, 115]
Return:  [5, 7, 10, 11, 12, 20, 24, 27, 28, 33, 35, 37, 46, 47, 50, 53, 55, 56, 60, 61, 64, 66, 77, 82, 87, 88, 92, 93, 102, 117]
	⭕  Walk to 103 (3.4 min) 
> 103 (21:03)
Rent:    [6, 43, 54, 57, 63, 72, 79, 99, 106, 107, 115]
Return:  [10, 11, 20, 24, 27, 28, 30, 33, 35, 37, 39, 46, 50, 53, 55, 60, 64, 66, 77, 82, 87, 88, 102, 105, 117]
	⭕  Bike to 53 (3.2 min) +1
> 53 (21:06)
Rent:    [6, 43, 54, 57, 63, 72, 79, 99, 106, 107, 115]
Return:  [10, 11, 20, 24, 27, 28, 30, 33, 35, 37, 39, 46, 50, 53, 55, 60, 64, 66, 77, 82, 87, 88, 102, 105, 117]
	⭕  Walk to 47 (2.7 min) 
> 47 (21:09)
Rent:    [6, 43, 54, 57, 63, 72, 79, 99, 106, 107, 115]
Return:  [10, 11, 20, 24, 27, 28, 30, 33, 35, 37, 39, 46, 50, 53, 55, 60, 64, 66, 77, 82, 87, 88, 102, 105, 117]
	⭕  Bike to 53 (1.2 min) +1
> 53 (21:10)
Rent:    [6, 43, 54, 57, 63, 72, 79, 99, 106, 107, 115]
Return:  [10, 11, 20, 24, 27, 28, 30, 33, 35, 37, 39, 46, 50, 53, 55, 60, 64, 66, 77, 82, 87, 88, 102, 105, 117]
	⭕  Walk to 12 (3.4 min) 
> 12 (21:13)
Rent:    [6, 43, 54, 57, 63, 72, 79, 99, 106, 107, 115]
Return:  [10, 11, 20, 24, 27, 28, 30, 33, 35, 37, 39, 46, 50, 53, 55, 60, 64, 66, 77, 82, 87, 88, 102, 105, 117]
	⭕  Bike to 53 (2.0 min) +1
> 53 (21:15)
Rent:    [6, 32, 43, 54, 57, 63, 72, 79, 81, 98, 99, 106, 107, 115]
Return:  [7, 10, 11, 20, 24, 27, 28, 33, 35, 37, 39, 46, 50, 53, 55, 56, 60, 64, 66, 77, 82, 87, 88, 102, 105, 117]
	⭕  Walk to 34 (6.9 min) 
> 34 (21:22)
Rent:    [6, 32, 43, 54, 57, 63, 72, 79, 81, 98, 99, 106, 107, 115]
Return:  [7, 10, 11, 20, 24, 27, 28, 33, 35, 37, 39, 46, 50, 53, 55, 56, 60, 64, 66, 77, 82, 87, 88, 102, 105, 117]
	⭕  Bike to 66 (3.5 min) +1
> 66 (21:26)
Rent:    [6, 32, 43, 54, 57, 63, 72, 79, 81, 98, 99, 106, 107, 115]
Return:  [7, 10, 11, 20, 24, 27, 28, 33, 35, 37, 39, 46, 50, 53, 55, 56, 60, 64, 66, 77, 82, 87, 88, 102, 105, 117]
	⭕  Walk to 52 (2.4 min) 
> 52 (21:28)
Rent:    [6, 32, 43, 54, 57, 63, 72, 79, 81, 98, 99, 106, 107, 115]
Return:  [7, 10, 11, 20, 24, 27, 28, 33, 35, 37, 39, 46, 50, 53, 55, 56, 60, 64, 66, 77, 82, 87, 88, 102, 105, 117]
	⭕  Bike to 66 (1.1 min) +1
> 66 (21:29)
Rent:    [6, 32, 43, 54, 57, 63, 72, 79, 81, 98, 99, 106, 107, 115]
Return:  [7, 10, 11, 20, 24, 27, 28, 33, 35, 37, 39, 46, 50, 53, 55, 56, 60, 64, 66, 77, 82, 87, 88, 102, 105, 117]
	⭕  Walk to 52 (2.4 min) 
> 52 (21:32)
Rent:    [6, 32, 43, 54, 57, 63, 72, 79, 81, 98, 106, 107]
Return:  [5, 10, 20, 24, 27, 28, 30, 33, 37, 46, 50, 55, 60, 64, 66, 77, 82, 87, 88, 92, 93, 102, 105, 117, 123]
	⭕  Bike to 66 (1.1 min) +1
> 66 (21:33)
Rent:    [6, 32, 43, 54, 57, 63, 72, 79, 81, 98, 106, 107]
Return:  [5, 10, 20, 24, 27, 28, 30, 33, 37, 46, 50, 55, 60, 64, 66, 77, 82, 87, 88, 92, 93, 102, 105, 117, 123]
	⭕  Walk to 52 (2.4 min) 
> 52 (21:35)
Rent:    [6, 32, 43, 54, 57, 63, 72, 79, 81, 98, 106, 107]
Return:  [5, 10, 20, 24, 27, 28, 30, 33, 37, 46, 50, 55, 60, 64, 66, 77, 82, 87, 88, 92, 93, 102, 105, 117, 123]
	⭕  Bike to 66 (1.1 min) +1
> 66 (21:36)
Rent:    [6, 32, 43, 54, 57, 63, 72, 79, 81, 98, 106, 107]
Return:  [5, 10, 20, 24, 27, 28, 30, 33, 37, 46, 50, 55, 60, 64, 66, 77, 82, 87, 88, 92, 93, 102, 105, 117, 123]
	⭕  Walk to 52 (2.4 min) 
> 52 (21:39)
Rent:    [6, 32, 43, 54, 57, 63, 72, 79, 81, 98, 106, 107]
Return:  [5, 10, 20, 24, 27, 28, 30, 33, 37, 46, 50, 55, 60, 64, 66, 77, 82, 87, 88, 92, 93, 102, 105, 117, 123]
	⭕  Bike to 66 (1.1 min) +1
> 66 (21:40)
Rent:    [6, 32, 43, 54, 57, 63, 72, 79, 81, 98, 106, 107]
Return:  [5, 10, 20, 24, 27, 28, 30, 33, 37, 46, 50, 55, 60, 64, 66, 77, 82, 87, 88, 92, 93, 102, 105, 117, 123]
	⭕  Walk to 52 (2.4 min) 
> 52 (21:42)
Rent:    [6, 32, 43, 54, 57, 63, 72, 79, 81, 98, 106, 107]
Return:  [5, 10, 20, 24, 27, 28, 30, 33, 37, 46, 50, 55, 60, 64, 66, 77, 82, 87, 88, 92, 93, 102, 105, 117, 123]
	⭕  Bike to 66 (1.1 min) +1
> 66 (21:43)
Rent:    [6, 32, 43, 54, 57, 63, 72, 79, 81, 98, 106, 107]
Return:  [5, 10, 20, 24, 27, 28, 30, 33, 37, 46, 50, 55, 60, 64, 66, 77, 82, 87, 88, 92, 93, 102, 105, 117, 123]
	⭕  Walk to 102 (1.7 min) 
> 102 (21:45)
Rent:    [2, 6, 32, 43, 54, 57, 63, 72, 79, 81, 98, 106, 107]
Return:  [5, 8, 20, 21, 24, 27, 28, 30, 37, 39, 46, 50, 53, 55, 60, 64, 66, 77, 82, 87, 88, 92, 105, 117, 123]
	⭕  Bike to 66 (0.7 min) +1
> 66 (21:45)
Rent:    [2, 6, 32, 43, 54, 57, 63, 72, 79, 81, 98, 106, 107]
Return:  [5, 8, 20, 21, 24, 27, 28, 30, 37, 39, 46, 50, 53, 55, 60, 64, 66, 77, 82, 87, 88, 92, 105, 117, 123]
	⭕  Walk to 52 (2.4 min) 
> 52 (21:48)
Rent:    [2, 6, 32, 43, 54, 57, 63, 72, 79, 81, 98, 106, 107]
Return:  [5, 8, 20, 21, 24, 27, 28, 30, 37, 39, 46, 50, 53, 55, 60, 64, 66, 77, 82, 87, 88, 92, 105, 117, 123]
	⭕  Bike to 66 (1.1 min) +1
> 66 (21:49)
Rent:    [2, 6, 32, 43, 54, 57, 63, 72, 79, 81, 98, 106, 107]
Return:  [5, 8, 20, 21, 24, 27, 28, 30, 37, 39, 46, 50, 53, 55, 60, 64, 66, 77, 82, 87, 88, 92, 105, 117, 123]
	⭕  Walk to 47 (8.6 min) 
> 47 (21:58)
Rent:    [2, 6, 32, 43, 54, 57, 63, 72, 79, 81, 98, 106, 107]
Return:  [5, 8, 20, 21, 24, 27, 28, 30, 37, 39, 46, 50, 53, 55, 60, 64, 66, 77, 82, 87, 88, 92, 105, 117, 123]
	⭕  Bike to 53 (1.2 min) +1
> 53 (21:59)
Rent:    [2, 6, 32, 43, 54, 57, 63, 72, 79, 81, 98, 106, 107]
Return:  [5, 8, 20, 21, 24, 27, 28, 30, 37, 39, 46, 50, 53, 55, 60, 64, 66, 77, 82, 87, 88, 92, 105, 117, 123]
	⭕  Walk to 103 (7.1 min) 
> 103 (22:06)
Rent:    [2, 6, 32, 43, 54, 57, 63, 72, 79, 81, 98, 99, 106, 107]
Return:  [5, 7, 8, 10, 12, 20, 21, 24, 27, 28, 30, 37, 39, 46, 50, 53, 55, 60, 64, 66, 77, 82, 87, 88, 92, 93, 117, 123]
	⭕  Bike to 8 (2.0 min) +1
> 8 (22:08)
Rent:    [2, 6, 32, 43, 54, 57, 63, 72, 79, 81, 98, 99, 106, 107]
Return:  [5, 7, 8, 10, 12, 20, 21, 24, 27, 28, 30, 37, 39, 46, 50, 53, 55, 60, 64, 66, 77, 82, 87, 88, 92, 93, 117, 123]
	⭕  Walk to 4 (2.5 min) 
> 4 (22:10)
Rent:    [2, 6, 32, 43, 54, 57, 63, 72, 79, 81, 98, 99, 106, 107]
Return:  [5, 7, 8, 10, 12, 20, 21, 24, 27, 28, 30, 37, 39, 46, 50, 53, 55, 60, 64, 66, 77, 82, 87, 88, 92, 93, 117, 123]
	⭕  Bike to 8 (1.4 min) +1
> 8 (22:12)
Rent:    [2, 6, 32, 43, 54, 57, 63, 72, 79, 81, 98, 99, 106, 107]
Return:  [5, 7, 8, 10, 12, 20, 21, 24, 27, 28, 30, 37, 39, 46, 50, 53, 55, 60, 64, 66, 77, 82, 87, 88, 92, 93, 117, 123]
	⭕  Walk to 33 (4.9 min) 
> 33 (22:17)
Rent:    [2, 6, 32, 43, 54, 57, 63, 72, 79, 81, 94, 98, 99, 106, 107, 115]
Return:  [0, 5, 10, 20, 21, 24, 27, 28, 30, 34, 37, 46, 50, 52, 53, 55, 60, 64, 66, 77, 80, 82, 87, 88, 92, 105, 117]
	⭕  Bike to 5 (0.9 min) +1
> 5 (22:18)
Rent:    [2, 6, 32, 43, 54, 57, 63, 72, 79, 81, 94, 98, 99, 106, 107, 115]
Return:  [0, 5, 10, 20, 21, 24, 27, 28, 30, 34, 37, 46, 50, 52, 53, 55, 60, 64, 66, 77, 80, 82, 87, 88, 92, 105, 117]
	⭕  Walk to 33 (3.0 min) 
> 33 (22:21)
Rent:    [2, 6, 32, 43, 54, 57, 63, 72, 79, 81, 94, 98, 99, 106, 107, 115]
Return:  [0, 5, 10, 20, 21, 24, 27, 28, 30, 34, 37, 46, 50, 52, 53, 55, 60, 64, 66, 77, 80, 82, 87, 88, 92, 105, 117]
	⭕  Bike to 5 (0.9 min) +1
> 5 (22:21)
Rent:    [2, 6, 32, 43, 54, 57, 63, 72, 79, 81, 94, 98, 99, 106, 107, 115]
Return:  [0, 5, 10, 20, 21, 24, 27, 28, 30, 34, 37, 46, 50, 52, 53, 55, 60, 64, 66, 77, 80, 82, 87, 88, 92, 105, 117]
	⭕  Walk to 33 (3.0 min) 
> 33 (22:25)
Rent:    [2, 6, 32, 43, 54, 57, 63, 72, 79, 81, 94, 98, 99, 106, 107, 115]
Return:  [0, 5, 10, 20, 21, 24, 27, 28, 30, 34, 37, 46, 50, 52, 53, 55, 60, 64, 66, 77, 80, 82, 87, 88, 92, 105, 117]
	⭕  Bike to 5 (0.9 min) +1
> 5 (22:25)
Rent:    [2, 6, 32, 43, 54, 57, 63, 72, 79, 81, 94, 98, 99, 106, 107, 115]
Return:  [0, 5, 10, 20, 21, 24, 27, 28, 30, 34, 37, 46, 50, 52, 53, 55, 60, 64, 66, 77, 80, 82, 87, 88, 92, 105, 117]
	⭕  Walk to 4 (3.8 min) 
> 4 (22:29)
Rent:    [2, 6, 32, 43, 54, 57, 63, 72, 79, 81, 94, 98, 99, 106, 107, 115]
Return:  [0, 5, 10, 20, 21, 24, 27, 28, 30, 34, 37, 46, 50, 52, 53, 55, 60, 64, 66, 77, 80, 82, 87, 88, 92, 105, 117]
	⭕  Bike to 5 (1.2 min) +1
> 5 (22:30)
Rent:    [2, 6, 18, 32, 43, 54, 57, 63, 72, 79, 81, 94, 98, 99, 106, 107, 115]
Return:  [5, 7, 10, 12, 20, 21, 24, 27, 28, 30, 33, 34, 46, 47, 50, 52, 53, 55, 59, 60, 64, 66, 77, 80, 82, 87, 88, 92, 105, 117, 121]
	⭕  Walk to 104 (4.2 min) 
> 104 (22:35)
Rent:    [2, 6, 18, 32, 43, 54, 57, 63, 72, 79, 81, 94, 98, 99, 106, 107, 115]
Return:  [5, 7, 10, 12, 20, 21, 24, 27, 28, 30, 33, 34, 46, 47, 50, 52, 53, 55, 59, 60, 64, 66, 77, 80, 82, 87, 88, 92, 105, 117, 121]
	⭕  Bike to 5 (1.3 min) +1
> 5 (22:36)
Rent:    [2, 6, 18, 32, 43, 54, 57, 63, 72, 79, 81, 94, 98, 99, 106, 107, 115]
Return:  [5, 7, 10, 12, 20, 21, 24, 27, 28, 30, 33, 34, 46, 47, 50, 52, 53, 55, 59, 60, 64, 66, 77, 80, 82, 87, 88, 92, 105, 117, 121]
	⭕  Walk to 104 (4.2 min) 
> 104 (22:40)
Rent:    [2, 6, 18, 32, 43, 54, 57, 63, 72, 79, 81, 94, 98, 99, 106, 107, 115]
Return:  [5, 7, 10, 12, 20, 21, 24, 27, 28, 30, 33, 34, 46, 47, 50, 52, 53, 55, 59, 60, 64, 66, 77, 80, 82, 87, 88, 92, 105, 117, 121]
	⭕  Bike to 50 (1.4 min) +1
> 50 (22:41)
Rent:    [2, 6, 18, 32, 43, 54, 57, 63, 72, 79, 81, 94, 98, 99, 106, 107, 115]
Return:  [5, 7, 10, 12, 20, 21, 24, 27, 28, 30, 33, 34, 46, 47, 50, 52, 53, 55, 59, 60, 64, 66, 77, 80, 82, 87, 88, 92, 105, 117, 121]
	⭕  Walk to 104 (3.9 min) 
> 104 (22:45)
Rent:    [2, 6, 18, 32, 43, 54, 57, 63, 68, 70, 72, 75, 79, 81, 94, 98, 99, 106, 107, 115]
Return:  [0, 4, 5, 8, 10, 12, 20, 21, 24, 27, 28, 33, 34, 39, 46, 47, 50, 52, 53, 55, 59, 60, 64, 66, 77, 80, 82, 87, 88, 92, 93, 105, 117, 121, 123]
	⭕  Bike to 5 (1.3 min) +1
> 5 (22:47)
Rent:    [2, 6, 18, 32, 43, 54, 57, 63, 68, 70, 72, 75, 79, 81, 94, 98, 99, 106, 107, 115]
Return:  [0, 4, 5, 8, 10, 12, 20, 21, 24, 27, 28, 33, 34, 39, 46, 47, 50, 52, 53, 55, 59, 60, 64, 66, 77, 80, 82, 87, 88, 92, 93, 105, 117, 121, 123]
	⭕  Walk to 103 (4.2 min) 
> 103 (22:51)
Rent:    [2, 6, 18, 32, 43, 54, 57, 63, 68, 70, 72, 75, 79, 81, 94, 98, 99, 106, 107, 115]
Return:  [0, 4, 5, 8, 10, 12, 20, 21, 24, 27, 28, 33, 34, 39, 46, 47, 50, 52, 53, 55, 59, 60, 64, 66, 77, 80, 82, 87, 88, 92, 93, 105, 117, 121, 123]
	⭕  Bike to 8 (2.0 min) +1
> 8 (22:53)
Rent:    [2, 6, 18, 32, 43, 54, 57, 63, 68, 70, 72, 75, 79, 81, 94, 98, 99, 106, 107, 115]
Return:  [0, 4, 5, 8, 10, 12, 20, 21, 24, 27, 28, 33, 34, 39, 46, 47, 50, 52, 53, 55, 59, 60, 64, 66, 77, 80, 82, 87, 88, 92, 93, 105, 117, 121, 123]
	🔵  End excursion
	⭕  Walk to 5 (2.6 min) 
> 5 (22:55)

---------- Excursion Complete ----------
End time: 22:55
Final station: 5
Bike count: 82
Walk count: 82
Wait count: 0
Total reward: 84
Seed: 3708110111

