Generated random seed: 3070053337
---------- Starting Excursion -----------
Warmup time: 4.0 hours
Start time: 16:00 
Excursion time: 7.0 hours

> 1 (16:00)
Rent:    [57, 107]
Return:  [3, 11, 21, 23, 35, 37, 46, 50, 55, 59, 60, 61, 64, 74, 80, 87, 92, 93, 124]
	⭕  Bike to 87 (3.9 min) +1
> 87 (16:03)
Rent:    [57, 107]
Return:  [3, 11, 21, 23, 35, 37, 46, 50, 55, 59, 60, 61, 64, 74, 80, 87, 92, 93, 124]
	⭕  Walk to 30 (2.6 min) 
> 30 (16:06)
Rent:    [57, 107]
Return:  [3, 11, 21, 23, 35, 37, 46, 50, 55, 59, 60, 61, 64, 74, 80, 87, 92, 93, 124]
	⭕  Bike to 87 (1.0 min) +1
> 87 (16:07)
Rent:    [57, 107]
Return:  [3, 11, 21, 23, 35, 37, 46, 50, 55, 59, 60, 61, 64, 74, 80, 87, 92, 93, 124]
	⭕  Walk to 30 (2.6 min) 
> 30 (16:10)
Rent:    [57, 107]
Return:  [3, 11, 21, 23, 35, 37, 46, 50, 55, 59, 60, 61, 64, 74, 80, 87, 92, 93, 124]
	⭕  Bike to 87 (1.0 min) +1
> 87 (16:11)
Rent:    [57, 107]
Return:  [3, 11, 21, 23, 35, 37, 46, 50, 55, 59, 60, 61, 64, 74, 80, 87, 92, 93, 124]
	⭕  Walk to 30 (2.6 min) 
> 30 (16:13)
Rent:    [57, 107]
Return:  [3, 11, 21, 23, 35, 37, 46, 50, 55, 59, 60, 61, 64, 74, 80, 87, 92, 93, 124]
	⭕  Bike to 87 (1.0 min) +1
> 87 (16:14)
Rent:    [57, 107]
Return:  [3, 11, 21, 23, 35, 37, 46, 50, 55, 59, 60, 61, 64, 74, 80, 87, 92, 93, 124]
	⭕  Walk to 30 (2.6 min) 
> 30 (16:17)
Rent:    [54, 57, 107]
Return:  [3, 21, 24, 27, 28, 33, 35, 37, 46, 50, 53, 55, 59, 60, 61, 64, 74, 80, 87, 92, 93, 105, 124]
	⭕  Bike to 87 (1.0 min) +1
> 87 (16:18)
Rent:    [54, 57, 107]
Return:  [3, 21, 24, 27, 28, 33, 35, 37, 46, 50, 53, 55, 59, 60, 61, 64, 74, 80, 87, 92, 93, 105, 124]
	⭕  Walk to 30 (2.6 min) 
> 30 (16:21)
Rent:    [54, 57, 107]
Return:  [3, 21, 24, 27, 28, 33, 35, 37, 46, 50, 53, 55, 59, 60, 61, 64, 74, 80, 87, 92, 93, 105, 124]
	⭕  Bike to 87 (1.0 min) +1
> 87 (16:22)
Rent:    [54, 57, 107]
Return:  [3, 21, 24, 27, 28, 33, 35, 37, 46, 50, 53, 55, 59, 60, 61, 64, 74, 80, 87, 92, 93, 105, 124]
	⭕  Walk to 30 (2.6 min) 
> 30 (16:24)
Rent:    [54, 57, 107]
Return:  [3, 21, 24, 27, 28, 33, 35, 37, 46, 50, 53, 55, 59, 60, 61, 64, 74, 80, 87, 92, 93, 105, 124]
	⭕  Bike to 87 (1.0 min) +1
> 87 (16:25)
Rent:    [54, 57, 107]
Return:  [3, 21, 24, 27, 28, 33, 35, 37, 46, 50, 53, 55, 59, 60, 61, 64, 74, 80, 87, 92, 93, 105, 124]
	⭕  Walk to 30 (2.6 min) 
> 30 (16:28)
Rent:    [54, 57, 107]
Return:  [3, 21, 24, 27, 28, 33, 35, 37, 46, 50, 53, 55, 59, 60, 61, 64, 74, 80, 87, 92, 93, 105, 124]
	⭕  Bike to 87 (1.0 min) +1
> 87 (16:29)
Rent:    [54, 57, 107]
Return:  [3, 21, 24, 27, 28, 33, 35, 37, 46, 50, 53, 55, 59, 60, 61, 64, 74, 80, 87, 92, 93, 105, 124]
	⭕  Walk to 30 (2.6 min) 
> 30 (16:32)
Rent:    [54, 107]
Return:  [3, 11, 21, 24, 27, 28, 33, 35, 37, 45, 46, 50, 53, 55, 59, 60, 61, 64, 74, 80, 87, 92, 93, 104, 105, 124]
	⭕  Bike to 87 (1.0 min) +1
> 87 (16:33)
Rent:    [54, 107]
Return:  [3, 11, 21, 24, 27, 28, 33, 35, 37, 45, 46, 50, 53, 55, 59, 60, 61, 64, 74, 80, 87, 92, 93, 104, 105, 124]
	⭕  Walk to 30 (2.6 min) 
> 30 (16:35)
Rent:    [54, 107]
Return:  [3, 11, 21, 24, 27, 28, 33, 35, 37, 45, 46, 50, 53, 55, 59, 60, 61, 64, 74, 80, 87, 92, 93, 104, 105, 124]
	⭕  Bike to 87 (1.0 min) +1
> 87 (16:36)
Rent:    [54, 107]
Return:  [3, 11, 21, 24, 27, 28, 33, 35, 37, 45, 46, 50, 53, 55, 59, 60, 61, 64, 74, 80, 87, 92, 93, 104, 105, 124]
	⭕  Walk to 30 (2.6 min) 
> 30 (16:39)
Rent:    [54, 107]
Return:  [3, 11, 21, 24, 27, 28, 33, 35, 37, 45, 46, 50, 53, 55, 59, 60, 61, 64, 74, 80, 87, 92, 93, 104, 105, 124]
	⭕  Bike to 87 (1.0 min) +1
> 87 (16:40)
Rent:    [54, 107]
Return:  [3, 11, 21, 24, 27, 28, 33, 35, 37, 45, 46, 50, 53, 55, 59, 60, 61, 64, 74, 80, 87, 92, 93, 104, 105, 124]
	⭕  Walk to 30 (2.6 min) 
> 30 (16:43)
Rent:    [54, 107]
Return:  [3, 11, 21, 24, 27, 28, 33, 35, 37, 45, 46, 50, 53, 55, 59, 60, 61, 64, 74, 80, 87, 92, 93, 104, 105, 124]
	⭕  Bike to 87 (1.0 min) +1
> 87 (16:44)
Rent:    [54, 107]
Return:  [3, 11, 21, 24, 27, 28, 33, 35, 37, 45, 46, 50, 53, 55, 59, 60, 61, 64, 74, 80, 87, 92, 93, 104, 105, 124]
	⭕  Walk to 82 (2.7 min) 
> 82 (16:46)
Rent:    [2, 54, 57, 107]
Return:  [3, 10, 11, 24, 27, 28, 33, 37, 46, 50, 53, 55, 59, 60, 61, 64, 74, 80, 87, 92, 93, 104, 105, 124]
	⭕  Bike to 87 (1.0 min) +1
> 87 (16:47)
Rent:    [2, 54, 57, 107]
Return:  [3, 10, 11, 24, 27, 28, 33, 37, 46, 50, 53, 55, 59, 60, 61, 64, 74, 80, 87, 92, 93, 104, 105, 124]
	⭕  Walk to 82 (2.7 min) 
> 82 (16:50)
Rent:    [2, 54, 57, 107]
Return:  [3, 10, 11, 24, 27, 28, 33, 37, 46, 50, 53, 55, 59, 60, 61, 64, 74, 80, 87, 92, 93, 104, 105, 124]
	⭕  Bike to 87 (1.0 min) +1
> 87 (16:51)
Rent:    [2, 54, 57, 107]
Return:  [3, 10, 11, 24, 27, 28, 33, 37, 46, 50, 53, 55, 59, 60, 61, 64, 74, 80, 87, 92, 93, 104, 105, 124]
	⭕  Walk to 82 (2.7 min) 
> 82 (16:54)
Rent:    [2, 54, 57, 107]
Return:  [3, 10, 11, 24, 27, 28, 33, 37, 46, 50, 53, 55, 59, 60, 61, 64, 74, 80, 87, 92, 93, 104, 105, 124]
	⭕  Bike to 87 (1.0 min) +1
> 87 (16:55)
Rent:    [2, 54, 57, 107]
Return:  [3, 10, 11, 24, 27, 28, 33, 37, 46, 50, 53, 55, 59, 60, 61, 64, 74, 80, 87, 92, 93, 104, 105, 124]
	⭕  Walk to 82 (2.7 min) 
> 82 (16:58)
Rent:    [2, 54, 57, 107]
Return:  [3, 10, 11, 24, 27, 28, 33, 37, 46, 50, 53, 55, 59, 60, 61, 64, 74, 80, 87, 92, 93, 104, 105, 124]
	⭕  Bike to 87 (1.0 min) +1
> 87 (16:59)
Rent:    [2, 54, 57, 107]
Return:  [3, 10, 11, 24, 27, 28, 33, 37, 46, 50, 53, 55, 59, 60, 61, 64, 74, 80, 87, 92, 93, 104, 105, 124]
	⭕  Walk to 47 (2.4 min) 
> 47 (17:01)
Rent:    [54, 57, 107]
Return:  [3, 10, 27, 28, 33, 35, 37, 46, 50, 53, 55, 60, 61, 64, 80, 87, 92, 93, 124]
	⭕  Bike to 53 (1.2 min) +1
> 53 (17:02)
Rent:    [54, 57, 107]
Return:  [3, 10, 27, 28, 33, 35, 37, 46, 50, 53, 55, 60, 61, 64, 80, 87, 92, 93, 124]
	⭕  Walk to 47 (2.7 min) 
> 47 (17:05)
Rent:    [54, 57, 107]
Return:  [3, 10, 27, 28, 33, 35, 37, 46, 50, 53, 55, 60, 61, 64, 80, 87, 92, 93, 124]
	⭕  Bike to 53 (1.2 min) +1
> 53 (17:06)
Rent:    [54, 57, 107]
Return:  [3, 10, 27, 28, 33, 35, 37, 46, 50, 53, 55, 60, 61, 64, 80, 87, 92, 93, 124]
	⭕  Walk to 47 (2.7 min) 
> 47 (17:09)
Rent:    [54, 57, 107]
Return:  [3, 10, 27, 28, 33, 35, 37, 46, 50, 53, 55, 60, 61, 64, 80, 87, 92, 93, 124]
	⭕  Bike to 53 (1.2 min) +1
> 53 (17:10)
Rent:    [54, 57, 107]
Return:  [3, 10, 27, 28, 33, 35, 37, 46, 50, 53, 55, 60, 61, 64, 80, 87, 92, 93, 124]
	⭕  Walk to 47 (2.7 min) 
> 47 (17:13)
Rent:    [54, 57, 107]
Return:  [3, 10, 27, 28, 33, 35, 37, 46, 50, 53, 55, 60, 61, 64, 80, 87, 92, 93, 124]
	⭕  Bike to 53 (1.2 min) +1
> 53 (17:14)
Rent:    [54, 57, 107]
Return:  [3, 10, 27, 28, 33, 35, 37, 46, 50, 53, 55, 60, 61, 64, 80, 87, 92, 93, 124]
	⭕  Walk to 12 (3.4 min) 
> 12 (17:17)
Rent:    [54, 57, 107]
Return:  [3, 27, 28, 30, 33, 35, 37, 46, 47, 50, 53, 55, 59, 60, 61, 64, 80, 82, 87, 92, 102, 104, 105, 124]
	⭕  Bike to 53 (2.0 min) +1
> 53 (17:19)
Rent:    [54, 57, 107]
Return:  [3, 27, 28, 30, 33, 35, 37, 46, 47, 50, 53, 55, 59, 60, 61, 64, 80, 82, 87, 92, 102, 104, 105, 124]
	⭕  Walk to 12 (3.4 min) 
> 12 (17:23)
Rent:    [54, 57, 107]
Return:  [3, 27, 28, 30, 33, 35, 37, 46, 47, 50, 53, 55, 59, 60, 61, 64, 80, 82, 87, 92, 102, 104, 105, 124]
	⭕  Bike to 53 (2.0 min) +1
> 53 (17:25)
Rent:    [54, 57, 107]
Return:  [3, 27, 28, 30, 33, 35, 37, 46, 47, 50, 53, 55, 59, 60, 61, 64, 80, 82, 87, 92, 102, 104, 105, 124]
	⭕  Walk to 12 (3.4 min) 
> 12 (17:28)
Rent:    [54, 57, 107]
Return:  [3, 27, 28, 30, 33, 35, 37, 46, 47, 50, 53, 55, 59, 60, 61, 64, 80, 82, 87, 92, 102, 104, 105, 124]
	⭕  Bike to 53 (2.0 min) +1
> 53 (17:30)
Rent:    [54, 57, 107, 115]
Return:  [3, 10, 19, 20, 24, 27, 28, 30, 33, 35, 37, 46, 47, 50, 53, 55, 59, 60, 61, 64, 80, 82, 87, 92, 102, 104, 105]
	⭕  Walk to 12 (3.4 min) 
> 12 (17:34)
Rent:    [54, 57, 107, 115]
Return:  [3, 10, 19, 20, 24, 27, 28, 30, 33, 35, 37, 46, 47, 50, 53, 55, 59, 60, 61, 64, 80, 82, 87, 92, 102, 104, 105]
	⭕  Bike to 53 (2.0 min) +1
> 53 (17:36)
Rent:    [54, 57, 107, 115]
Return:  [3, 10, 19, 20, 24, 27, 28, 30, 33, 35, 37, 46, 47, 50, 53, 55, 59, 60, 61, 64, 80, 82, 87, 92, 102, 104, 105]
	⭕  Walk to 12 (3.4 min) 
> 12 (17:39)
Rent:    [54, 57, 107, 115]
Return:  [3, 10, 19, 20, 24, 27, 28, 30, 33, 35, 37, 46, 47, 50, 53, 55, 59, 60, 61, 64, 80, 82, 87, 92, 102, 104, 105]
	⭕  Bike to 53 (2.0 min) +1
> 53 (17:41)
Rent:    [54, 57, 107, 115]
Return:  [3, 10, 19, 20, 24, 27, 28, 30, 33, 35, 37, 46, 47, 50, 53, 55, 59, 60, 61, 64, 80, 82, 87, 92, 102, 104, 105]
	⭕  Walk to 12 (3.4 min) 
> 12 (17:44)
Rent:    [54, 57, 107, 115]
Return:  [3, 10, 19, 20, 24, 27, 28, 30, 33, 35, 37, 46, 47, 50, 53, 55, 59, 60, 61, 64, 80, 82, 87, 92, 102, 104, 105]
	⭕  Bike to 53 (2.0 min) +1
> 53 (17:46)
Rent:    [54, 57, 72, 107, 115]
Return:  [10, 19, 20, 24, 27, 28, 30, 33, 35, 37, 39, 46, 47, 50, 53, 55, 59, 60, 61, 64, 74, 80, 82, 87, 92, 102, 104, 105]
	⭕  Walk to 12 (3.4 min) 
> 12 (17:50)
Rent:    [54, 57, 72, 107, 115]
Return:  [10, 19, 20, 24, 27, 28, 30, 33, 35, 37, 39, 46, 47, 50, 53, 55, 59, 60, 61, 64, 74, 80, 82, 87, 92, 102, 104, 105]
	⭕  Bike to 53 (2.0 min) +1
> 53 (17:52)
Rent:    [54, 57, 72, 107, 115]
Return:  [10, 19, 20, 24, 27, 28, 30, 33, 35, 37, 39, 46, 47, 50, 53, 55, 59, 60, 61, 64, 74, 80, 82, 87, 92, 102, 104, 105]
	⭕  Walk to 47 (2.7 min) 
> 47 (17:55)
Rent:    [54, 57, 72, 107, 115]
Return:  [10, 19, 20, 24, 27, 28, 30, 33, 35, 37, 39, 46, 47, 50, 53, 55, 59, 60, 61, 64, 74, 80, 82, 87, 92, 102, 104, 105]
	⭕  Bike to 53 (1.2 min) +1
> 53 (17:56)
Rent:    [54, 57, 72, 107, 115]
Return:  [10, 19, 20, 24, 27, 28, 30, 33, 35, 37, 39, 46, 47, 50, 53, 55, 59, 60, 61, 64, 74, 80, 82, 87, 92, 102, 104, 105]
	⭕  Walk to 12 (3.4 min) 
> 12 (17:59)
Rent:    [54, 57, 72, 107, 115]
Return:  [10, 19, 20, 24, 27, 28, 30, 33, 35, 37, 39, 46, 47, 50, 53, 55, 59, 60, 61, 64, 74, 80, 82, 87, 92, 102, 104, 105]
	⭕  Bike to 53 (2.0 min) +1
> 53 (18:01)
Rent:    [54, 57, 72, 107, 115]
Return:  [10, 19, 20, 21, 24, 27, 28, 30, 35, 37, 39, 46, 50, 53, 55, 60, 64, 74, 80, 82, 87, 102, 104, 105, 124]
	⭕  Walk to 47 (2.7 min) 
> 47 (18:04)
Rent:    [54, 57, 72, 107, 115]
Return:  [10, 19, 20, 21, 24, 27, 28, 30, 35, 37, 39, 46, 50, 53, 55, 60, 64, 74, 80, 82, 87, 102, 104, 105, 124]
	⭕  Bike to 53 (1.2 min) +1
> 53 (18:05)
Rent:    [54, 57, 72, 107, 115]
Return:  [10, 19, 20, 21, 24, 27, 28, 30, 35, 37, 39, 46, 50, 53, 55, 60, 64, 74, 80, 82, 87, 102, 104, 105, 124]
	⭕  Walk to 93 (6.2 min) 
> 93 (18:11)
Rent:    [54, 57, 72, 107, 115]
Return:  [10, 19, 20, 21, 24, 27, 28, 30, 35, 37, 39, 46, 50, 53, 55, 60, 64, 74, 80, 82, 87, 102, 104, 105, 124]
	⭕  Bike to 53 (2.3 min) +1
> 53 (18:14)
Rent:    [54, 57, 72, 107, 115]
Return:  [10, 19, 20, 21, 24, 27, 28, 30, 35, 37, 39, 46, 50, 53, 55, 60, 64, 74, 80, 82, 87, 102, 104, 105, 124]
	⭕  Walk to 47 (2.7 min) 
> 47 (18:16)
Rent:    [2, 54, 57, 72, 79, 94, 106, 107, 115]
Return:  [3, 10, 19, 20, 21, 24, 27, 28, 30, 37, 46, 50, 53, 55, 59, 60, 61, 64, 74, 80, 82, 87, 102, 104, 105, 124]
	⭕  Bike to 53 (1.2 min) +1
> 53 (18:18)
Rent:    [2, 54, 57, 72, 79, 94, 106, 107, 115]
Return:  [3, 10, 19, 20, 21, 24, 27, 28, 30, 37, 46, 50, 53, 55, 59, 60, 61, 64, 74, 80, 82, 87, 102, 104, 105, 124]
	⭕  Walk to 12 (3.4 min) 
> 12 (18:21)
Rent:    [2, 54, 57, 72, 79, 94, 106, 107, 115]
Return:  [3, 10, 19, 20, 21, 24, 27, 28, 30, 37, 46, 50, 53, 55, 59, 60, 61, 64, 74, 80, 82, 87, 102, 104, 105, 124]
	⭕  Bike to 53 (2.0 min) +1
> 53 (18:23)
Rent:    [2, 54, 57, 72, 79, 94, 106, 107, 115]
Return:  [3, 10, 19, 20, 21, 24, 27, 28, 30, 37, 46, 50, 53, 55, 59, 60, 61, 64, 74, 80, 82, 87, 102, 104, 105, 124]
	⭕  Walk to 47 (2.7 min) 
> 47 (18:26)
Rent:    [2, 54, 57, 72, 79, 94, 106, 107, 115]
Return:  [3, 10, 19, 20, 21, 24, 27, 28, 30, 37, 46, 50, 53, 55, 59, 60, 61, 64, 74, 80, 82, 87, 102, 104, 105, 124]
	⭕  Bike to 30 (2.0 min) +1
> 30 (18:28)
Rent:    [2, 54, 57, 72, 79, 94, 106, 107, 115]
Return:  [3, 10, 19, 20, 21, 24, 27, 28, 30, 37, 46, 50, 53, 55, 59, 60, 61, 64, 74, 80, 82, 87, 102, 104, 105, 124]
	⭕  Walk to 77 (3.4 min) 
> 77 (18:31)
Rent:    [2, 54, 57, 72, 94, 106, 107, 115]
Return:  [11, 19, 20, 21, 24, 27, 28, 30, 37, 45, 46, 47, 50, 53, 55, 60, 61, 64, 82, 87, 104, 105, 124]
	⭕  Bike to 28 (2.3 min) +1
> 28 (18:33)
Rent:    [2, 54, 57, 72, 94, 106, 107, 115]
Return:  [11, 19, 20, 21, 24, 27, 28, 30, 37, 45, 46, 47, 50, 53, 55, 60, 61, 64, 82, 87, 104, 105, 124]
	⭕  Walk to 117 (2.3 min) 
> 117 (18:36)
Rent:    [2, 54, 57, 72, 94, 106, 107, 115]
Return:  [11, 19, 20, 21, 24, 27, 28, 30, 37, 45, 46, 47, 50, 53, 55, 60, 61, 64, 82, 87, 104, 105, 124]
	⭕  Bike to 27 (0.9 min) +1
> 27 (18:37)
Rent:    [2, 54, 57, 72, 94, 106, 107, 115]
Return:  [11, 19, 20, 21, 24, 27, 28, 30, 37, 45, 46, 47, 50, 53, 55, 60, 61, 64, 82, 87, 104, 105, 124]
	⭕  Walk to 117 (1.9 min) 
> 117 (18:38)
Rent:    [2, 54, 57, 72, 94, 106, 107, 115]
Return:  [11, 19, 20, 21, 24, 27, 28, 30, 37, 45, 46, 47, 50, 53, 55, 60, 61, 64, 82, 87, 104, 105, 124]
	⭕  Bike to 27 (0.9 min) +1
> 27 (18:39)
Rent:    [2, 54, 57, 72, 94, 106, 107, 115]
Return:  [11, 19, 20, 21, 24, 27, 28, 30, 37, 45, 46, 47, 50, 53, 55, 60, 61, 64, 82, 87, 104, 105, 124]
	⭕  Walk to 117 (1.9 min) 
> 117 (18:41)
Rent:    [2, 54, 57, 72, 94, 106, 107, 115]
Return:  [11, 19, 20, 21, 24, 27, 28, 30, 37, 45, 46, 47, 50, 53, 55, 60, 61, 64, 82, 87, 104, 105, 124]
	⭕  Bike to 27 (0.9 min) +1
> 27 (18:42)
Rent:    [2, 54, 57, 72, 94, 106, 107, 115]
Return:  [11, 19, 20, 21, 24, 27, 28, 30, 37, 45, 46, 47, 50, 53, 55, 60, 61, 64, 82, 87, 104, 105, 124]
	⭕  Walk to 117 (1.9 min) 
> 117 (18:44)
Rent:    [2, 54, 57, 72, 94, 106, 107, 115]
Return:  [11, 19, 20, 21, 24, 27, 28, 30, 37, 45, 46, 47, 50, 53, 55, 60, 61, 64, 82, 87, 104, 105, 124]
	⭕  Bike to 27 (0.9 min) +1
> 27 (18:45)
Rent:    [2, 54, 57, 72, 94, 98, 106, 107, 115]
Return:  [10, 11, 19, 20, 21, 24, 27, 28, 30, 37, 39, 46, 50, 53, 55, 60, 61, 64, 82, 87, 92, 102, 104, 105, 118, 124]
	⭕  Walk to 117 (1.9 min) 
> 117 (18:47)
Rent:    [2, 54, 57, 72, 94, 98, 106, 107, 115]
Return:  [10, 11, 19, 20, 21, 24, 27, 28, 30, 37, 39, 46, 50, 53, 55, 60, 61, 64, 82, 87, 92, 102, 104, 105, 118, 124]
	⭕  Bike to 27 (0.9 min) +1
> 27 (18:48)
Rent:    [2, 54, 57, 72, 94, 98, 106, 107, 115]
Return:  [10, 11, 19, 20, 21, 24, 27, 28, 30, 37, 39, 46, 50, 53, 55, 60, 61, 64, 82, 87, 92, 102, 104, 105, 118, 124]
	⭕  Walk to 117 (1.9 min) 
> 117 (18:49)
Rent:    [2, 54, 57, 72, 94, 98, 106, 107, 115]
Return:  [10, 11, 19, 20, 21, 24, 27, 28, 30, 37, 39, 46, 50, 53, 55, 60, 61, 64, 82, 87, 92, 102, 104, 105, 118, 124]
	⭕  Bike to 28 (0.8 min) +1
> 28 (18:50)
Rent:    [2, 54, 57, 72, 94, 98, 106, 107, 115]
Return:  [10, 11, 19, 20, 21, 24, 27, 28, 30, 37, 39, 46, 50, 53, 55, 60, 61, 64, 82, 87, 92, 102, 104, 105, 118, 124]
	⭕  Walk to 66 (4.3 min) 
> 66 (18:55)
Rent:    [2, 54, 57, 72, 94, 98, 106, 107, 115]
Return:  [10, 11, 19, 20, 21, 24, 27, 28, 30, 37, 39, 46, 50, 53, 55, 60, 61, 64, 82, 87, 92, 102, 104, 105, 118, 124]
	⭕  Bike to 102 (1.6 min) +1
> 102 (18:56)
Rent:    [2, 54, 57, 72, 94, 98, 106, 107, 115]
Return:  [10, 11, 19, 20, 21, 24, 27, 28, 30, 37, 39, 46, 50, 53, 55, 60, 61, 64, 82, 87, 92, 102, 104, 105, 118, 124]
	⭕  Walk to 66 (1.7 min) 
> 66 (18:58)
Rent:    [2, 54, 57, 72, 94, 98, 106, 107, 115]
Return:  [10, 11, 19, 20, 21, 24, 27, 28, 30, 37, 39, 46, 50, 53, 55, 60, 61, 64, 82, 87, 92, 102, 104, 105, 118, 124]
	⭕  Bike to 102 (1.6 min) +1
> 102 (18:59)
Rent:    [2, 54, 57, 72, 94, 98, 106, 107, 115]
Return:  [10, 11, 19, 20, 21, 24, 27, 28, 30, 37, 39, 46, 50, 53, 55, 60, 61, 64, 82, 87, 92, 102, 104, 105, 118, 124]
	⭕  Walk to 66 (1.7 min) 
> 66 (19:01)
Rent:    [2, 17, 54, 57, 72, 94, 98, 106, 107, 115]
Return:  [11, 19, 20, 24, 27, 28, 29, 30, 35, 37, 39, 50, 52, 53, 55, 59, 60, 61, 64, 82, 87, 92, 102, 104, 118, 124]
	⭕  Bike to 102 (1.6 min) +1
> 102 (19:03)
Rent:    [2, 17, 54, 57, 72, 94, 98, 106, 107, 115]
Return:  [11, 19, 20, 24, 27, 28, 29, 30, 35, 37, 39, 50, 52, 53, 55, 59, 60, 61, 64, 82, 87, 92, 102, 104, 118, 124]
	⭕  Walk to 47 (7.1 min) 
> 47 (19:10)
Rent:    [2, 17, 54, 57, 72, 94, 98, 106, 107, 115]
Return:  [11, 19, 20, 24, 27, 28, 29, 30, 35, 37, 39, 50, 52, 53, 55, 59, 60, 61, 64, 82, 87, 92, 102, 104, 118, 124]
	⭕  Bike to 53 (1.2 min) +1
> 53 (19:11)
Rent:    [2, 17, 54, 57, 72, 94, 98, 106, 107, 115]
Return:  [11, 19, 20, 24, 27, 28, 29, 30, 35, 37, 39, 50, 52, 53, 55, 59, 60, 61, 64, 82, 87, 92, 102, 104, 118, 124]
	⭕  Walk to 47 (2.7 min) 
> 47 (19:14)
Rent:    [2, 17, 54, 57, 72, 94, 98, 106, 107, 115]
Return:  [11, 19, 20, 24, 27, 28, 29, 30, 35, 37, 39, 50, 52, 53, 55, 59, 60, 61, 64, 82, 87, 92, 102, 104, 118, 124]
	⭕  Bike to 53 (1.2 min) +1
> 53 (19:15)
Rent:    [2, 6, 17, 54, 57, 72, 79, 94, 98, 106, 107, 115]
Return:  [19, 20, 24, 27, 28, 30, 34, 35, 37, 39, 46, 50, 52, 53, 55, 59, 60, 61, 64, 66, 74, 77, 82, 87, 92, 102, 104, 105, 118, 124]
	⭕  Walk to 12 (3.4 min) 
> 12 (19:18)
Rent:    [2, 6, 17, 54, 57, 72, 79, 94, 98, 106, 107, 115]
Return:  [19, 20, 24, 27, 28, 30, 34, 35, 37, 39, 46, 50, 52, 53, 55, 59, 60, 61, 64, 66, 74, 77, 82, 87, 92, 102, 104, 105, 118, 124]
	⭕  Bike to 53 (2.0 min) +1
> 53 (19:20)
Rent:    [2, 6, 17, 54, 57, 72, 79, 94, 98, 106, 107, 115]
Return:  [19, 20, 24, 27, 28, 30, 34, 35, 37, 39, 46, 50, 52, 53, 55, 59, 60, 61, 64, 66, 74, 77, 82, 87, 92, 102, 104, 105, 118, 124]
	⭕  Walk to 12 (3.4 min) 
> 12 (19:24)
Rent:    [2, 6, 17, 54, 57, 72, 79, 94, 98, 106, 107, 115]
Return:  [19, 20, 24, 27, 28, 30, 34, 35, 37, 39, 46, 50, 52, 53, 55, 59, 60, 61, 64, 66, 74, 77, 82, 87, 92, 102, 104, 105, 118, 124]
	⭕  Bike to 53 (2.0 min) +1
> 53 (19:26)
Rent:    [2, 6, 17, 54, 57, 72, 79, 94, 98, 106, 107, 115]
Return:  [19, 20, 24, 27, 28, 30, 34, 35, 37, 39, 46, 50, 52, 53, 55, 59, 60, 61, 64, 66, 74, 77, 82, 87, 92, 102, 104, 105, 118, 124]
	⭕  Walk to 12 (3.4 min) 
> 12 (19:29)
Rent:    [2, 6, 17, 54, 57, 72, 79, 94, 98, 106, 107, 115]
Return:  [19, 20, 24, 27, 28, 30, 34, 35, 37, 39, 46, 50, 52, 53, 55, 59, 60, 61, 64, 66, 74, 77, 82, 87, 92, 102, 104, 105, 118, 124]
	⭕  Bike to 53 (2.0 min) +1
> 53 (19:31)
Rent:    [2, 6, 54, 72, 79, 94, 98, 106, 107, 114, 115]
Return:  [11, 19, 20, 24, 27, 28, 30, 35, 37, 39, 45, 46, 50, 53, 55, 59, 60, 61, 64, 66, 71, 74, 77, 80, 82, 87, 92, 102, 104, 117, 118, 124]
	⭕  Walk to 93 (6.2 min) 
> 93 (19:37)
Rent:    [2, 6, 54, 72, 79, 94, 98, 106, 107, 114, 115]
Return:  [11, 19, 20, 24, 27, 28, 30, 35, 37, 39, 45, 46, 50, 53, 55, 59, 60, 61, 64, 66, 71, 74, 77, 80, 82, 87, 92, 102, 104, 117, 118, 124]
	⭕  Bike to 61 (1.6 min) +1
> 61 (19:39)
Rent:    [2, 6, 54, 72, 79, 94, 98, 106, 107, 114, 115]
Return:  [11, 19, 20, 24, 27, 28, 30, 35, 37, 39, 45, 46, 50, 53, 55, 59, 60, 61, 64, 66, 71, 74, 77, 80, 82, 87, 92, 102, 104, 117, 118, 124]
	⭕  Walk to 8 (4.6 min) 
> 8 (19:44)
Rent:    [2, 6, 54, 72, 79, 94, 98, 106, 107, 114, 115]
Return:  [11, 19, 20, 24, 27, 28, 30, 35, 37, 39, 45, 46, 50, 53, 55, 59, 60, 61, 64, 66, 71, 74, 77, 80, 82, 87, 92, 102, 104, 117, 118, 124]
	⭕  Bike to 50 (2.0 min) +1
> 50 (19:46)
Rent:    [2, 6, 54, 72, 79, 94, 106, 107, 114, 115]
Return:  [11, 19, 20, 21, 24, 27, 28, 29, 30, 35, 37, 39, 46, 47, 50, 52, 53, 55, 60, 61, 66, 74, 77, 80, 87, 88, 92, 102, 104, 105, 117, 118, 124]
	⭕  Walk to 5 (2.5 min) 
> 5 (19:48)
Rent:    [2, 6, 54, 72, 79, 94, 106, 107, 114, 115]
Return:  [11, 19, 20, 21, 24, 27, 28, 29, 30, 35, 37, 39, 46, 47, 50, 52, 53, 55, 60, 61, 66, 74, 77, 80, 87, 88, 92, 102, 104, 105, 117, 118, 124]
	⭕  Bike to 50 (1.0 min) +1
> 50 (19:49)
Rent:    [2, 6, 54, 72, 79, 94, 106, 107, 114, 115]
Return:  [11, 19, 20, 21, 24, 27, 28, 29, 30, 35, 37, 39, 46, 47, 50, 52, 53, 55, 60, 61, 66, 74, 77, 80, 87, 88, 92, 102, 104, 105, 117, 118, 124]
	⭕  Walk to 5 (2.5 min) 
> 5 (19:52)
Rent:    [2, 6, 54, 72, 79, 94, 106, 107, 114, 115]
Return:  [11, 19, 20, 21, 24, 27, 28, 29, 30, 35, 37, 39, 46, 47, 50, 52, 53, 55, 60, 61, 66, 74, 77, 80, 87, 88, 92, 102, 104, 105, 117, 118, 124]
	⭕  Bike to 50 (1.0 min) +1
> 50 (19:53)
Rent:    [2, 6, 54, 72, 79, 94, 106, 107, 114, 115]
Return:  [11, 19, 20, 21, 24, 27, 28, 29, 30, 35, 37, 39, 46, 47, 50, 52, 53, 55, 60, 61, 66, 74, 77, 80, 87, 88, 92, 102, 104, 105, 117, 118, 124]
	⭕  Walk to 58 (4.2 min) 
> 58 (19:57)
Rent:    [2, 6, 54, 72, 79, 94, 106, 107, 114, 115]
Return:  [11, 19, 20, 21, 24, 27, 28, 29, 30, 35, 37, 39, 46, 47, 50, 52, 53, 55, 60, 61, 66, 74, 77, 80, 87, 88, 92, 102, 104, 105, 117, 118, 124]
	⭕  Bike to 50 (1.4 min) +1
> 50 (19:58)
Rent:    [2, 6, 54, 72, 79, 94, 106, 107, 114, 115]
Return:  [11, 19, 20, 21, 24, 27, 28, 29, 30, 35, 37, 39, 46, 47, 50, 52, 53, 55, 60, 61, 66, 74, 77, 80, 87, 88, 92, 102, 104, 105, 117, 118, 124]
	⭕  Walk to 58 (4.2 min) 
> 58 (20:03)
Rent:    [2, 17, 38, 54, 72, 79, 94, 106, 107, 114, 115]
Return:  [19, 21, 24, 27, 28, 30, 35, 37, 39, 46, 50, 52, 53, 55, 59, 60, 61, 64, 66, 71, 77, 80, 87, 88, 92, 102, 104, 105, 117, 118, 124]
	⭕  Bike to 55 (3.9 min) +1
> 55 (20:06)
Rent:    [2, 17, 38, 54, 72, 79, 94, 106, 107, 114, 115]
Return:  [19, 21, 24, 27, 28, 30, 35, 37, 39, 46, 50, 52, 53, 55, 59, 60, 61, 64, 66, 71, 77, 80, 87, 88, 92, 102, 104, 105, 117, 118, 124]
	⭕  Walk to 10 (3.4 min) 
> 10 (20:10)
Rent:    [2, 17, 38, 54, 72, 79, 94, 106, 107, 114, 115]
Return:  [19, 21, 24, 27, 28, 30, 35, 37, 39, 46, 50, 52, 53, 55, 59, 60, 61, 64, 66, 71, 77, 80, 87, 88, 92, 102, 104, 105, 117, 118, 124]
	⭕  Bike to 30 (1.5 min) +1
> 30 (20:11)
Rent:    [2, 17, 38, 54, 72, 79, 94, 106, 107, 114, 115]
Return:  [19, 21, 24, 27, 28, 30, 35, 37, 39, 46, 50, 52, 53, 55, 59, 60, 61, 64, 66, 71, 77, 80, 87, 88, 92, 102, 104, 105, 117, 118, 124]
	⭕  Walk to 10 (4.2 min) 
> 10 (20:16)
Rent:    [2, 6, 17, 38, 54, 72, 79, 94, 98, 106, 107, 112, 114, 115]
Return:  [5, 12, 19, 21, 24, 27, 28, 29, 30, 33, 37, 39, 46, 50, 52, 53, 55, 59, 60, 61, 66, 80, 88, 92, 102, 105, 117, 118, 124]
	⭕  Bike to 55 (1.8 min) +1
> 55 (20:17)
Rent:    [2, 6, 17, 38, 54, 72, 79, 94, 98, 106, 107, 112, 114, 115]
Return:  [5, 12, 19, 21, 24, 27, 28, 29, 30, 33, 37, 39, 46, 50, 52, 53, 55, 59, 60, 61, 66, 80, 88, 92, 102, 105, 117, 118, 124]
	⭕  Walk to 103 (3.4 min) 
> 103 (20:21)
Rent:    [2, 6, 17, 38, 54, 72, 79, 94, 98, 106, 107, 112, 114, 115]
Return:  [5, 12, 19, 21, 24, 27, 28, 29, 30, 33, 37, 39, 46, 50, 52, 53, 55, 59, 60, 61, 66, 80, 88, 92, 102, 105, 117, 118, 124]
	⭕  Bike to 55 (2.1 min) +1
> 55 (20:23)
Rent:    [2, 6, 17, 38, 54, 72, 79, 94, 98, 106, 107, 112, 114, 115]
Return:  [5, 12, 19, 21, 24, 27, 28, 29, 30, 33, 37, 39, 46, 50, 52, 53, 55, 59, 60, 61, 66, 80, 88, 92, 102, 105, 117, 118, 124]
	⭕  Walk to 103 (3.4 min) 
> 103 (20:26)
Rent:    [2, 6, 17, 38, 54, 72, 79, 94, 98, 106, 107, 112, 114, 115]
Return:  [5, 12, 19, 21, 24, 27, 28, 29, 30, 33, 37, 39, 46, 50, 52, 53, 55, 59, 60, 61, 66, 80, 88, 92, 102, 105, 117, 118, 124]
	⭕  Bike to 53 (3.2 min) +1
> 53 (20:29)
Rent:    [2, 6, 17, 38, 54, 72, 79, 94, 98, 106, 107, 112, 114, 115]
Return:  [5, 12, 19, 21, 24, 27, 28, 29, 30, 33, 37, 39, 46, 50, 52, 53, 55, 59, 60, 61, 66, 80, 88, 92, 102, 105, 117, 118, 124]
	⭕  Walk to 47 (2.7 min) 
> 47 (20:32)
Rent:    [2, 6, 17, 54, 68, 72, 91, 94, 98, 106, 107, 112, 114, 115]
Return:  [10, 12, 19, 21, 24, 27, 28, 30, 33, 35, 37, 39, 46, 50, 53, 55, 59, 60, 61, 64, 66, 88, 92, 102, 105, 118, 124]
	⭕  Bike to 53 (1.2 min) +1
> 53 (20:33)
Rent:    [2, 6, 17, 54, 68, 72, 91, 94, 98, 106, 107, 112, 114, 115]
Return:  [10, 12, 19, 21, 24, 27, 28, 30, 33, 35, 37, 39, 46, 50, 53, 55, 59, 60, 61, 64, 66, 88, 92, 102, 105, 118, 124]
	⭕  Walk to 103 (7.1 min) 
> 103 (20:40)
Rent:    [2, 6, 17, 54, 68, 72, 91, 94, 98, 106, 107, 112, 114, 115]
Return:  [10, 12, 19, 21, 24, 27, 28, 30, 33, 35, 37, 39, 46, 50, 53, 55, 59, 60, 61, 64, 66, 88, 92, 102, 105, 118, 124]
	⭕  Bike to 55 (2.1 min) +1
> 55 (20:42)
Rent:    [2, 6, 17, 54, 68, 72, 91, 94, 98, 106, 107, 112, 114, 115]
Return:  [10, 12, 19, 21, 24, 27, 28, 30, 33, 35, 37, 39, 46, 50, 53, 55, 59, 60, 61, 64, 66, 88, 92, 102, 105, 118, 124]
	⭕  Walk to 103 (3.4 min) 
> 103 (20:46)
Rent:    [2, 6, 17, 54, 57, 68, 72, 91, 94, 98, 106, 107, 114, 115]
Return:  [12, 19, 20, 21, 24, 27, 28, 30, 33, 35, 37, 39, 46, 50, 52, 53, 55, 60, 61, 64, 66, 77, 80, 87, 88, 90, 92, 102, 105, 117, 118]
	⭕  Bike to 55 (2.1 min) +1
> 55 (20:48)
Rent:    [2, 6, 17, 54, 57, 68, 72, 91, 94, 98, 106, 107, 114, 115]
Return:  [12, 19, 20, 21, 24, 27, 28, 30, 33, 35, 37, 39, 46, 50, 52, 53, 55, 60, 61, 64, 66, 77, 80, 87, 88, 90, 92, 102, 105, 117, 118]
	⭕  Walk to 8 (6.5 min) 
> 8 (20:54)
Rent:    [2, 6, 17, 54, 57, 68, 72, 91, 94, 98, 106, 107, 114, 115]
Return:  [12, 19, 20, 21, 24, 27, 28, 30, 33, 35, 37, 39, 46, 50, 52, 53, 55, 60, 61, 64, 66, 77, 80, 87, 88, 90, 92, 102, 105, 117, 118]
	⭕  Bike to 50 (2.0 min) +1
> 50 (20:56)
Rent:    [2, 6, 17, 54, 57, 68, 72, 91, 94, 98, 106, 107, 114, 115]
Return:  [12, 19, 20, 21, 24, 27, 28, 30, 33, 35, 37, 39, 46, 50, 52, 53, 55, 60, 61, 64, 66, 77, 80, 87, 88, 90, 92, 102, 105, 117, 118]
	⭕  Walk to 5 (2.5 min) 
> 5 (20:59)
Rent:    [2, 6, 17, 54, 57, 68, 72, 91, 94, 98, 106, 107, 114, 115]
Return:  [12, 19, 20, 21, 24, 27, 28, 30, 33, 35, 37, 39, 46, 50, 52, 53, 55, 60, 61, 64, 66, 77, 80, 87, 88, 90, 92, 102, 105, 117, 118]
	⭕  Bike to 50 (1.0 min) +1
> 50 (21:00)
Rent:    [2, 17, 54, 57, 68, 70, 72, 91, 94, 98, 106, 107, 114, 115]
Return:  [19, 20, 24, 27, 28, 29, 30, 33, 35, 37, 39, 45, 46, 50, 53, 55, 59, 60, 61, 64, 66, 74, 77, 80, 82, 87, 88, 92, 105, 117, 118]
	⭕  Walk to 5 (2.5 min) 
> 5 (21:02)
Rent:    [2, 17, 54, 57, 68, 70, 72, 91, 94, 98, 106, 107, 114, 115]
Return:  [19, 20, 24, 27, 28, 29, 30, 33, 35, 37, 39, 45, 46, 50, 53, 55, 59, 60, 61, 64, 66, 74, 77, 80, 82, 87, 88, 92, 105, 117, 118]
	⭕  Bike to 50 (1.0 min) +1
> 50 (21:03)
Rent:    [2, 17, 54, 57, 68, 70, 72, 91, 94, 98, 106, 107, 114, 115]
Return:  [19, 20, 24, 27, 28, 29, 30, 33, 35, 37, 39, 45, 46, 50, 53, 55, 59, 60, 61, 64, 66, 74, 77, 80, 82, 87, 88, 92, 105, 117, 118]
	⭕  Walk to 104 (3.9 min) 
> 104 (21:07)
Rent:    [2, 17, 54, 57, 68, 70, 72, 91, 94, 98, 106, 107, 114, 115]
Return:  [19, 20, 24, 27, 28, 29, 30, 33, 35, 37, 39, 45, 46, 50, 53, 55, 59, 60, 61, 64, 66, 74, 77, 80, 82, 87, 88, 92, 105, 117, 118]
	⭕  Bike to 33 (2.8 min) +1
> 33 (21:10)
Rent:    [2, 17, 54, 57, 68, 70, 72, 91, 94, 98, 106, 107, 114, 115]
Return:  [19, 20, 24, 27, 28, 29, 30, 33, 35, 37, 39, 45, 46, 50, 53, 55, 59, 60, 61, 64, 66, 74, 77, 80, 82, 87, 88, 92, 105, 117, 118]
	⭕  Walk to 4 (2.8 min) 
> 4 (21:13)
Rent:    [2, 17, 54, 57, 68, 70, 72, 91, 94, 98, 106, 107, 114, 115]
Return:  [19, 20, 24, 27, 28, 29, 30, 33, 35, 37, 39, 45, 46, 50, 53, 55, 59, 60, 61, 64, 66, 74, 77, 80, 82, 87, 88, 92, 105, 117, 118]
	⭕  Bike to 33 (1.4 min) +1
> 33 (21:14)
Rent:    [2, 17, 54, 57, 68, 70, 72, 91, 94, 98, 106, 107, 114, 115]
Return:  [19, 20, 24, 27, 28, 29, 30, 33, 35, 37, 39, 45, 46, 50, 53, 55, 59, 60, 61, 64, 66, 74, 77, 80, 82, 87, 88, 92, 105, 117, 118]
	⭕  Walk to 4 (2.8 min) 
> 4 (21:17)
Rent:    [2, 17, 54, 57, 68, 70, 72, 79, 94, 98, 106, 107, 114, 115]
Return:  [5, 11, 19, 20, 24, 27, 28, 29, 30, 33, 35, 37, 39, 45, 46, 50, 52, 53, 55, 60, 61, 64, 66, 74, 77, 82, 87, 88, 92, 102, 105, 117, 118, 124]
	⭕  Bike to 33 (1.4 min) +1
> 33 (21:18)
Rent:    [2, 17, 54, 57, 68, 70, 72, 79, 94, 98, 106, 107, 114, 115]
Return:  [5, 11, 19, 20, 24, 27, 28, 29, 30, 33, 35, 37, 39, 45, 46, 50, 52, 53, 55, 60, 61, 64, 66, 74, 77, 82, 87, 88, 92, 102, 105, 117, 118, 124]
	⭕  Walk to 4 (2.8 min) 
> 4 (21:21)
Rent:    [2, 17, 54, 57, 68, 70, 72, 79, 94, 98, 106, 107, 114, 115]
Return:  [5, 11, 19, 20, 24, 27, 28, 29, 30, 33, 35, 37, 39, 45, 46, 50, 52, 53, 55, 60, 61, 64, 66, 74, 77, 82, 87, 88, 92, 102, 105, 117, 118, 124]
	⭕  Bike to 33 (1.4 min) +1
> 33 (21:23)
Rent:    [2, 17, 54, 57, 68, 70, 72, 79, 94, 98, 106, 107, 114, 115]
Return:  [5, 11, 19, 20, 24, 27, 28, 29, 30, 33, 35, 37, 39, 45, 46, 50, 52, 53, 55, 60, 61, 64, 66, 74, 77, 82, 87, 88, 92, 102, 105, 117, 118, 124]
	⭕  Walk to 4 (2.8 min) 
> 4 (21:25)
Rent:    [2, 17, 54, 57, 68, 70, 72, 79, 94, 98, 106, 107, 114, 115]
Return:  [5, 11, 19, 20, 24, 27, 28, 29, 30, 33, 35, 37, 39, 45, 46, 50, 52, 53, 55, 60, 61, 64, 66, 74, 77, 82, 87, 88, 92, 102, 105, 117, 118, 124]
	⭕  Bike to 33 (1.4 min) +1
> 33 (21:27)
Rent:    [2, 17, 54, 57, 68, 70, 72, 79, 94, 98, 106, 107, 114, 115]
Return:  [5, 11, 19, 20, 24, 27, 28, 29, 30, 33, 35, 37, 39, 45, 46, 50, 52, 53, 55, 60, 61, 64, 66, 74, 77, 82, 87, 88, 92, 102, 105, 117, 118, 124]
	⭕  Walk to 4 (2.8 min) 
> 4 (21:30)
Rent:    [2, 17, 38, 54, 57, 68, 70, 72, 79, 94, 98, 106, 107, 114, 115]
Return:  [5, 19, 20, 24, 27, 28, 29, 30, 33, 35, 37, 39, 45, 46, 47, 50, 52, 53, 60, 61, 64, 66, 74, 77, 82, 87, 88, 92, 102, 104, 105, 117, 118, 124]
	⭕  Bike to 33 (1.4 min) +1
> 33 (21:31)
Rent:    [2, 17, 38, 54, 57, 68, 70, 72, 79, 94, 98, 106, 107, 114, 115]
Return:  [5, 19, 20, 24, 27, 28, 29, 30, 33, 35, 37, 39, 45, 46, 47, 50, 52, 53, 60, 61, 64, 66, 74, 77, 82, 87, 88, 92, 102, 104, 105, 117, 118, 124]
	⭕  Walk to 4 (2.8 min) 
> 4 (21:34)
Rent:    [2, 17, 38, 54, 57, 68, 70, 72, 79, 94, 98, 106, 107, 114, 115]
Return:  [5, 19, 20, 24, 27, 28, 29, 30, 33, 35, 37, 39, 45, 46, 47, 50, 52, 53, 60, 61, 64, 66, 74, 77, 82, 87, 88, 92, 102, 104, 105, 117, 118, 124]
	⭕  Bike to 33 (1.4 min) +1
> 33 (21:35)
Rent:    [2, 17, 38, 54, 57, 68, 70, 72, 79, 94, 98, 106, 107, 114, 115]
Return:  [5, 19, 20, 24, 27, 28, 29, 30, 33, 35, 37, 39, 45, 46, 47, 50, 52, 53, 60, 61, 64, 66, 74, 77, 82, 87, 88, 92, 102, 104, 105, 117, 118, 124]
	⭕  Walk to 4 (2.8 min) 
> 4 (21:38)
Rent:    [2, 17, 38, 54, 57, 68, 70, 72, 79, 94, 98, 106, 107, 114, 115]
Return:  [5, 19, 20, 24, 27, 28, 29, 30, 33, 35, 37, 39, 45, 46, 47, 50, 52, 53, 60, 61, 64, 66, 74, 77, 82, 87, 88, 92, 102, 104, 105, 117, 118, 124]
	⭕  Bike to 33 (1.4 min) +1
> 33 (21:39)
Rent:    [2, 17, 38, 54, 57, 68, 70, 72, 79, 94, 98, 106, 107, 114, 115]
Return:  [5, 19, 20, 24, 27, 28, 29, 30, 33, 35, 37, 39, 45, 46, 47, 50, 52, 53, 60, 61, 64, 66, 74, 77, 82, 87, 88, 92, 102, 104, 105, 117, 118, 124]
	⭕  Walk to 4 (2.8 min) 
> 4 (21:42)
Rent:    [2, 17, 38, 54, 57, 68, 70, 72, 79, 94, 98, 106, 107, 114, 115]
Return:  [5, 19, 20, 24, 27, 28, 29, 30, 33, 35, 37, 39, 45, 46, 47, 50, 52, 53, 60, 61, 64, 66, 74, 77, 82, 87, 88, 92, 102, 104, 105, 117, 118, 124]
	⭕  Bike to 33 (1.4 min) +1
> 33 (21:44)
Rent:    [2, 17, 38, 54, 57, 68, 70, 72, 79, 94, 98, 106, 107, 114, 115]
Return:  [5, 19, 20, 24, 27, 28, 29, 30, 33, 35, 37, 39, 45, 46, 47, 50, 52, 53, 60, 61, 64, 66, 74, 77, 82, 87, 88, 92, 102, 104, 105, 117, 118, 124]
	⭕  Walk to 4 (2.8 min) 
> 4 (21:46)
Rent:    [54, 57, 68, 70, 72, 79, 94, 98, 106, 107, 114, 115]
Return:  [12, 19, 24, 27, 28, 30, 33, 35, 37, 39, 45, 46, 47, 50, 52, 53, 60, 61, 64, 66, 74, 77, 80, 82, 87, 88, 92, 102, 105, 117, 118, 124]
	⭕  Bike to 33 (1.4 min) +1
> 33 (21:48)
Rent:    [54, 57, 68, 70, 72, 79, 94, 98, 106, 107, 114, 115]
Return:  [12, 19, 24, 27, 28, 30, 33, 35, 37, 39, 45, 46, 47, 50, 52, 53, 60, 61, 64, 66, 74, 77, 80, 82, 87, 88, 92, 102, 105, 117, 118, 124]
	⭕  Walk to 4 (2.8 min) 
> 4 (21:51)
Rent:    [54, 57, 68, 70, 72, 79, 94, 98, 106, 107, 114, 115]
Return:  [12, 19, 24, 27, 28, 30, 33, 35, 37, 39, 45, 46, 47, 50, 52, 53, 60, 61, 64, 66, 74, 77, 80, 82, 87, 88, 92, 102, 105, 117, 118, 124]
	⭕  Bike to 33 (1.4 min) +1
> 33 (21:52)
Rent:    [54, 57, 68, 70, 72, 79, 94, 98, 106, 107, 114, 115]
Return:  [12, 19, 24, 27, 28, 30, 33, 35, 37, 39, 45, 46, 47, 50, 52, 53, 60, 61, 64, 66, 74, 77, 80, 82, 87, 88, 92, 102, 105, 117, 118, 124]
	⭕  Walk to 4 (2.8 min) 
> 4 (21:55)
Rent:    [54, 57, 68, 70, 72, 79, 94, 98, 106, 107, 114, 115]
Return:  [12, 19, 24, 27, 28, 30, 33, 35, 37, 39, 45, 46, 47, 50, 52, 53, 60, 61, 64, 66, 74, 77, 80, 82, 87, 88, 92, 102, 105, 117, 118, 124]
	⭕  Bike to 33 (1.4 min) +1
> 33 (21:56)
Rent:    [54, 57, 68, 70, 72, 79, 94, 98, 106, 107, 114, 115]
Return:  [12, 19, 24, 27, 28, 30, 33, 35, 37, 39, 45, 46, 47, 50, 52, 53, 60, 61, 64, 66, 74, 77, 80, 82, 87, 88, 92, 102, 105, 117, 118, 124]
	⭕  Walk to 4 (2.8 min) 
> 4 (21:59)
Rent:    [54, 57, 68, 70, 72, 79, 94, 98, 106, 107, 114, 115]
Return:  [12, 19, 24, 27, 28, 30, 33, 35, 37, 39, 45, 46, 47, 50, 52, 53, 60, 61, 64, 66, 74, 77, 80, 82, 87, 88, 92, 102, 105, 117, 118, 124]
	⭕  Bike to 33 (1.4 min) +1
> 33 (22:00)
Rent:    [2, 6, 17, 54, 57, 68, 70, 72, 79, 94, 95, 98, 99, 106, 107, 114, 115]
Return:  [12, 19, 24, 27, 28, 33, 35, 37, 39, 45, 46, 50, 53, 60, 61, 64, 66, 74, 77, 80, 82, 87, 88, 90, 92, 102, 105, 117, 118, 124]
	⭕  Walk to 20 (3.2 min) 
> 20 (22:04)
Rent:    [2, 6, 17, 54, 57, 68, 70, 72, 79, 94, 95, 98, 99, 106, 107, 114, 115]
Return:  [12, 19, 24, 27, 28, 33, 35, 37, 39, 45, 46, 50, 53, 60, 61, 64, 66, 74, 77, 80, 82, 87, 88, 90, 92, 102, 105, 117, 118, 124]
	⭕  Bike to 33 (1.8 min) +1
> 33 (22:05)
Rent:    [2, 6, 17, 54, 57, 68, 70, 72, 79, 94, 95, 98, 99, 106, 107, 114, 115]
Return:  [12, 19, 24, 27, 28, 33, 35, 37, 39, 45, 46, 50, 53, 60, 61, 64, 66, 74, 77, 80, 82, 87, 88, 90, 92, 102, 105, 117, 118, 124]
	⭕  Walk to 5 (3.0 min) 
> 5 (22:08)
Rent:    [2, 6, 17, 54, 57, 68, 70, 72, 79, 94, 95, 98, 99, 106, 107, 114, 115]
Return:  [12, 19, 24, 27, 28, 33, 35, 37, 39, 45, 46, 50, 53, 60, 61, 64, 66, 74, 77, 80, 82, 87, 88, 90, 92, 102, 105, 117, 118, 124]
	⭕  Bike to 50 (1.0 min) +1
> 50 (22:09)
Rent:    [2, 6, 17, 54, 57, 68, 70, 72, 79, 94, 95, 98, 99, 106, 107, 114, 115]
Return:  [12, 19, 24, 27, 28, 33, 35, 37, 39, 45, 46, 50, 53, 60, 61, 64, 66, 74, 77, 80, 82, 87, 88, 90, 92, 102, 105, 117, 118, 124]
	⭕  Walk to 58 (4.2 min) 
> 58 (22:14)
Rent:    [2, 6, 17, 54, 57, 68, 70, 72, 79, 94, 95, 98, 99, 106, 107, 114, 115]
Return:  [12, 19, 24, 27, 28, 33, 35, 37, 39, 45, 46, 50, 53, 60, 61, 64, 66, 74, 77, 80, 82, 87, 88, 90, 92, 102, 105, 117, 118, 124]
	⭕  Bike to 50 (1.4 min) +1
> 50 (22:15)
Rent:    [2, 6, 17, 54, 57, 68, 72, 79, 94, 95, 99, 106, 107, 112, 114, 115]
Return:  [4, 12, 19, 20, 24, 27, 28, 33, 35, 37, 45, 46, 50, 53, 60, 61, 64, 66, 77, 82, 87, 88, 102, 104, 105, 117, 118, 121, 124]
	⭕  Walk to 8 (4.8 min) 
> 8 (22:20)
Rent:    [2, 6, 17, 54, 57, 68, 72, 79, 94, 95, 99, 106, 107, 112, 114, 115]
Return:  [4, 12, 19, 20, 24, 27, 28, 33, 35, 37, 45, 46, 50, 53, 60, 61, 64, 66, 77, 82, 87, 88, 102, 104, 105, 117, 118, 121, 124]
	⭕  Bike to 4 (1.8 min) +1
> 4 (22:22)
Rent:    [2, 6, 17, 54, 57, 68, 72, 79, 94, 95, 99, 106, 107, 112, 114, 115]
Return:  [4, 12, 19, 20, 24, 27, 28, 33, 35, 37, 45, 46, 50, 53, 60, 61, 64, 66, 77, 82, 87, 88, 102, 104, 105, 117, 118, 121, 124]
	⭕  Walk to 8 (2.5 min) 
> 8 (22:24)
Rent:    [2, 6, 17, 54, 57, 68, 72, 79, 94, 95, 99, 106, 107, 112, 114, 115]
Return:  [4, 12, 19, 20, 24, 27, 28, 33, 35, 37, 45, 46, 50, 53, 60, 61, 64, 66, 77, 82, 87, 88, 102, 104, 105, 117, 118, 121, 124]
	⭕  Bike to 4 (1.8 min) +1
> 4 (22:26)
Rent:    [2, 6, 17, 54, 57, 68, 72, 79, 94, 95, 99, 106, 107, 112, 114, 115]
Return:  [4, 12, 19, 20, 24, 27, 28, 33, 35, 37, 45, 46, 50, 53, 60, 61, 64, 66, 77, 82, 87, 88, 102, 104, 105, 117, 118, 121, 124]
	⭕  Walk to 8 (2.5 min) 
> 8 (22:29)
Rent:    [2, 6, 17, 54, 57, 68, 72, 79, 94, 95, 99, 106, 107, 112, 114, 115]
Return:  [4, 12, 19, 20, 24, 27, 28, 33, 35, 37, 45, 46, 50, 53, 60, 61, 64, 66, 77, 82, 87, 88, 102, 104, 105, 117, 118, 121, 124]
	⭕  Bike to 4 (1.8 min) +1
> 4 (22:30)
Rent:    [2, 6, 17, 54, 57, 68, 70, 72, 79, 81, 94, 95, 98, 106, 107, 114, 115]
Return:  [4, 5, 10, 11, 12, 19, 24, 27, 28, 33, 37, 46, 50, 60, 61, 64, 66, 74, 77, 80, 82, 87, 88, 92, 102, 104, 105, 117, 118, 121, 124]
	⭕  Walk to 8 (2.5 min) 
> 8 (22:33)
Rent:    [2, 6, 17, 54, 57, 68, 70, 72, 79, 81, 94, 95, 98, 106, 107, 114, 115]
Return:  [4, 5, 10, 11, 12, 19, 24, 27, 28, 33, 37, 46, 50, 60, 61, 64, 66, 74, 77, 80, 82, 87, 88, 92, 102, 104, 105, 117, 118, 121, 124]
	⭕  Bike to 4 (1.8 min) +1
> 4 (22:35)
Rent:    [2, 6, 17, 54, 57, 68, 70, 72, 79, 81, 94, 95, 98, 106, 107, 114, 115]
Return:  [4, 5, 10, 11, 12, 19, 24, 27, 28, 33, 37, 46, 50, 60, 61, 64, 66, 74, 77, 80, 82, 87, 88, 92, 102, 104, 105, 117, 118, 121, 124]
	⭕  Walk to 8 (2.5 min) 
> 8 (22:37)
Rent:    [2, 6, 17, 54, 57, 68, 70, 72, 79, 81, 94, 95, 98, 106, 107, 114, 115]
Return:  [4, 5, 10, 11, 12, 19, 24, 27, 28, 33, 37, 46, 50, 60, 61, 64, 66, 74, 77, 80, 82, 87, 88, 92, 102, 104, 105, 117, 118, 121, 124]
	⭕  Bike to 5 (1.9 min) +1
> 5 (22:39)
Rent:    [2, 6, 17, 54, 57, 68, 70, 72, 79, 81, 94, 95, 98, 106, 107, 114, 115]
Return:  [4, 5, 10, 11, 12, 19, 24, 27, 28, 33, 37, 46, 50, 60, 61, 64, 66, 74, 77, 80, 82, 87, 88, 92, 102, 104, 105, 117, 118, 121, 124]
	⭕  Walk to 103 (4.2 min) 
> 103 (22:43)
Rent:    [2, 6, 17, 54, 57, 68, 70, 72, 79, 81, 94, 95, 98, 106, 107, 114, 115]
Return:  [4, 5, 10, 11, 12, 19, 24, 27, 28, 33, 37, 46, 50, 60, 61, 64, 66, 74, 77, 80, 82, 87, 88, 92, 102, 104, 105, 117, 118, 121, 124]
	⭕  Bike to 4 (2.3 min) +1
> 4 (22:46)
Rent:    [2, 6, 54, 57, 68, 70, 72, 79, 94, 95, 98, 106, 107, 114, 115]
Return:  [4, 5, 10, 19, 24, 27, 28, 33, 37, 46, 47, 50, 53, 60, 61, 64, 66, 74, 77, 80, 82, 87, 88, 90, 92, 102, 104, 105, 117, 118, 121, 124]
	⭕  Walk to 0 (5.2 min) 
> 0 (22:51)
Rent:    [2, 6, 54, 57, 68, 70, 72, 79, 94, 95, 98, 106, 107, 114, 115]
Return:  [4, 5, 10, 19, 24, 27, 28, 33, 37, 46, 47, 50, 53, 60, 61, 64, 66, 74, 77, 80, 82, 87, 88, 90, 92, 102, 104, 105, 117, 118, 121, 124]
	⭕  Bike to 4 (1.8 min) +1
> 4 (22:53)
Rent:    [2, 6, 54, 57, 68, 70, 72, 79, 94, 95, 98, 106, 107, 114, 115]
Return:  [4, 5, 10, 19, 24, 27, 28, 33, 37, 46, 47, 50, 53, 60, 61, 64, 66, 74, 77, 80, 82, 87, 88, 90, 92, 102, 104, 105, 117, 118, 121, 124]
	🔵  End excursion
	⭕  Walk to 5 (3.8 min) 
> 5 (22:56)

---------- Excursion Complete ----------
End time: 22:56
Final station: 5
Bike count: 88
Walk count: 88
Wait count: 0
Total reward: 88
Seed: 3070053337

