Generated random seed: 1153213795
---------- Starting Excursion -----------
Warmup time: 4.0 hours
Start time: 16:00 
Excursion time: 7.0 hours

> 1 (16:00)
Rent:    [54, 81, 99, 107]
Return:  [0, 7, 28, 35, 46, 53, 55, 60, 80]
	⭕  Bike to 53 (3.0 min) +1
> 53 (16:03)
Rent:    [54, 81, 99, 107]
Return:  [0, 7, 28, 35, 46, 53, 55, 60, 80]
	⭕  Walk to 87 (1.6 min) 
> 87 (16:04)
Rent:    [54, 81, 99, 107]
Return:  [0, 7, 28, 35, 46, 53, 55, 60, 80]
	⭕  Bike to 53 (0.6 min) +1
> 53 (16:05)
Rent:    [54, 81, 99, 107]
Return:  [0, 7, 28, 35, 46, 53, 55, 60, 80]
	⭕  Walk to 87 (1.6 min) 
> 87 (16:06)
Rent:    [54, 81, 99, 107]
Return:  [0, 7, 28, 35, 46, 53, 55, 60, 80]
	⭕  Bike to 53 (0.6 min) +1
> 53 (16:07)
Rent:    [54, 81, 99, 107]
Return:  [0, 7, 28, 35, 46, 53, 55, 60, 80]
	⭕  Walk to 30 (4.1 min) 
> 30 (16:11)
Rent:    [54, 81, 99, 107]
Return:  [0, 7, 28, 35, 46, 53, 55, 60, 80]
	⭕  Bike to 28 (2.5 min) +1
> 28 (16:13)
Rent:    [54, 81, 99, 107]
Return:  [0, 7, 28, 35, 46, 53, 55, 60, 80]
	⭕  Walk to 117 (2.3 min) 
> 117 (16:16)
Rent:    [54, 81, 99, 107]
Return:  [0, 7, 20, 28, 35, 46, 53, 55, 60, 80, 87]
	⭕  Bike to 28 (0.8 min) +1
> 28 (16:16)
Rent:    [54, 81, 99, 107]
Return:  [0, 7, 20, 28, 35, 46, 53, 55, 60, 80, 87]
	⭕  Walk to 117 (2.3 min) 
> 117 (16:19)
Rent:    [54, 81, 99, 107]
Return:  [0, 7, 20, 28, 35, 46, 53, 55, 60, 80, 87]
	⭕  Bike to 28 (0.8 min) +1
> 28 (16:20)
Rent:    [54, 81, 99, 107]
Return:  [0, 7, 20, 28, 35, 46, 53, 55, 60, 80, 87]
	⭕  Walk to 117 (2.3 min) 
> 117 (16:22)
Rent:    [54, 81, 99, 107]
Return:  [0, 7, 20, 28, 35, 46, 53, 55, 60, 80, 87]
	⭕  Bike to 28 (0.8 min) +1
> 28 (16:23)
Rent:    [54, 81, 99, 107]
Return:  [0, 7, 20, 28, 35, 46, 53, 55, 60, 80, 87]
	⭕  Walk to 117 (2.3 min) 
> 117 (16:25)
Rent:    [54, 81, 99, 107]
Return:  [0, 7, 20, 28, 35, 46, 53, 55, 60, 80, 87]
	⭕  Bike to 28 (0.8 min) +1
> 28 (16:26)
Rent:    [54, 81, 99, 107]
Return:  [0, 7, 20, 28, 35, 46, 53, 55, 60, 80, 87]
	⭕  Walk to 117 (2.3 min) 
> 117 (16:28)
Rent:    [54, 81, 99, 107]
Return:  [0, 7, 20, 28, 35, 46, 53, 55, 60, 80, 87]
	⭕  Bike to 28 (0.8 min) +1
> 28 (16:29)
Rent:    [54, 81, 99, 107]
Return:  [0, 7, 20, 28, 35, 46, 53, 55, 60, 80, 87]
	⭕  Walk to 117 (2.3 min) 
> 117 (16:31)
Rent:    [54, 99, 107]
Return:  [0, 3, 20, 24, 28, 46, 53, 55, 60, 80, 87, 124]
	⭕  Bike to 28 (0.8 min) +1
> 28 (16:32)
Rent:    [54, 99, 107]
Return:  [0, 3, 20, 24, 28, 46, 53, 55, 60, 80, 87, 124]
	⭕  Walk to 117 (2.3 min) 
> 117 (16:34)
Rent:    [54, 99, 107]
Return:  [0, 3, 20, 24, 28, 46, 53, 55, 60, 80, 87, 124]
	⭕  Bike to 28 (0.8 min) +1
> 28 (16:35)
Rent:    [54, 99, 107]
Return:  [0, 3, 20, 24, 28, 46, 53, 55, 60, 80, 87, 124]
	⭕  Walk to 117 (2.3 min) 
> 117 (16:37)
Rent:    [54, 99, 107]
Return:  [0, 3, 20, 24, 28, 46, 53, 55, 60, 80, 87, 124]
	⭕  Bike to 28 (0.8 min) +1
> 28 (16:38)
Rent:    [54, 99, 107]
Return:  [0, 3, 20, 24, 28, 46, 53, 55, 60, 80, 87, 124]
	⭕  Walk to 117 (2.3 min) 
> 117 (16:40)
Rent:    [54, 99, 107]
Return:  [0, 3, 20, 24, 28, 46, 53, 55, 60, 80, 87, 124]
	⭕  Bike to 28 (0.8 min) +1
> 28 (16:41)
Rent:    [54, 99, 107]
Return:  [0, 3, 20, 24, 28, 46, 53, 55, 60, 80, 87, 124]
	⭕  Walk to 117 (2.3 min) 
> 117 (16:43)
Rent:    [54, 99, 107]
Return:  [0, 3, 20, 24, 28, 46, 53, 55, 60, 80, 87, 124]
	⭕  Bike to 28 (0.8 min) +1
> 28 (16:44)
Rent:    [54, 99, 107]
Return:  [0, 3, 20, 24, 28, 46, 53, 55, 60, 80, 87, 124]
	⭕  Walk to 102 (3.0 min) 
> 102 (16:47)
Rent:    [54, 99, 107]
Return:  [0, 7, 20, 24, 28, 39, 46, 47, 53, 55, 60, 80, 87, 124]
	⭕  Bike to 28 (0.9 min) +1
> 28 (16:48)
Rent:    [54, 99, 107]
Return:  [0, 7, 20, 24, 28, 39, 46, 47, 53, 55, 60, 80, 87, 124]
	⭕  Walk to 102 (3.0 min) 
> 102 (16:51)
Rent:    [54, 99, 107]
Return:  [0, 7, 20, 24, 28, 39, 46, 47, 53, 55, 60, 80, 87, 124]
	⭕  Bike to 28 (0.9 min) +1
> 28 (16:52)
Rent:    [54, 99, 107]
Return:  [0, 7, 20, 24, 28, 39, 46, 47, 53, 55, 60, 80, 87, 124]
	⭕  Walk to 102 (3.0 min) 
> 102 (16:55)
Rent:    [54, 99, 107]
Return:  [0, 7, 20, 24, 28, 39, 46, 47, 53, 55, 60, 80, 87, 124]
	⭕  Bike to 28 (0.9 min) +1
> 28 (16:56)
Rent:    [54, 99, 107]
Return:  [0, 7, 20, 24, 28, 39, 46, 47, 53, 55, 60, 80, 87, 124]
	⭕  Walk to 102 (3.0 min) 
> 102 (16:59)
Rent:    [54, 99, 107]
Return:  [0, 7, 20, 24, 28, 39, 46, 47, 53, 55, 60, 80, 87, 124]
	⭕  Bike to 28 (0.9 min) +1
> 28 (17:00)
Rent:    [54, 81, 107, 115]
Return:  [0, 3, 11, 21, 24, 28, 33, 35, 37, 46, 47, 53, 55, 60, 74, 80, 87, 124]
	⭕  Walk to 102 (3.0 min) 
> 102 (17:03)
Rent:    [54, 81, 107, 115]
Return:  [0, 3, 11, 21, 24, 28, 33, 35, 37, 46, 47, 53, 55, 60, 74, 80, 87, 124]
	⭕  Bike to 28 (0.9 min) +1
> 28 (17:04)
Rent:    [54, 81, 107, 115]
Return:  [0, 3, 11, 21, 24, 28, 33, 35, 37, 46, 47, 53, 55, 60, 74, 80, 87, 124]
	⭕  Walk to 102 (3.0 min) 
> 102 (17:07)
Rent:    [54, 81, 107, 115]
Return:  [0, 3, 11, 21, 24, 28, 33, 35, 37, 46, 47, 53, 55, 60, 74, 80, 87, 124]
	⭕  Bike to 28 (0.9 min) +1
> 28 (17:08)
Rent:    [54, 81, 107, 115]
Return:  [0, 3, 11, 21, 24, 28, 33, 35, 37, 46, 47, 53, 55, 60, 74, 80, 87, 124]
	⭕  Walk to 102 (3.0 min) 
> 102 (17:11)
Rent:    [54, 81, 107, 115]
Return:  [0, 3, 11, 21, 24, 28, 33, 35, 37, 46, 47, 53, 55, 60, 74, 80, 87, 124]
	⭕  Bike to 28 (0.9 min) +1
> 28 (17:12)
Rent:    [54, 81, 107, 115]
Return:  [0, 3, 11, 21, 24, 28, 33, 35, 37, 46, 47, 53, 55, 60, 74, 80, 87, 124]
	⭕  Walk to 102 (3.0 min) 
> 102 (17:15)
Rent:    [54, 107, 115]
Return:  [0, 3, 7, 11, 20, 21, 24, 28, 33, 37, 46, 47, 53, 55, 60, 71, 74, 80, 87, 93, 117, 124]
	⭕  Bike to 117 (1.6 min) +1
> 117 (17:16)
Rent:    [54, 107, 115]
Return:  [0, 3, 7, 11, 20, 21, 24, 28, 33, 37, 46, 47, 53, 55, 60, 71, 74, 80, 87, 93, 117, 124]
	⭕  Walk to 27 (1.9 min) 
> 27 (17:18)
Rent:    [54, 107, 115]
Return:  [0, 3, 7, 11, 20, 21, 24, 28, 33, 37, 46, 47, 53, 55, 60, 71, 74, 80, 87, 93, 117, 124]
	⭕  Bike to 117 (0.7 min) +1
> 117 (17:19)
Rent:    [54, 107, 115]
Return:  [0, 3, 7, 11, 20, 21, 24, 28, 33, 37, 46, 47, 53, 55, 60, 71, 74, 80, 87, 93, 117, 124]
	⭕  Walk to 27 (1.9 min) 
> 27 (17:21)
Rent:    [54, 107, 115]
Return:  [0, 3, 7, 11, 20, 21, 24, 28, 33, 37, 46, 47, 53, 55, 60, 71, 74, 80, 87, 93, 117, 124]
	⭕  Bike to 117 (0.7 min) +1
> 117 (17:22)
Rent:    [54, 107, 115]
Return:  [0, 3, 7, 11, 20, 21, 24, 28, 33, 37, 46, 47, 53, 55, 60, 71, 74, 80, 87, 93, 117, 124]
	⭕  Walk to 27 (1.9 min) 
> 27 (17:24)
Rent:    [54, 107, 115]
Return:  [0, 3, 7, 11, 20, 21, 24, 28, 33, 37, 46, 47, 53, 55, 60, 71, 74, 80, 87, 93, 117, 124]
	⭕  Bike to 117 (0.7 min) +1
> 117 (17:24)
Rent:    [54, 107, 115]
Return:  [0, 3, 7, 11, 20, 21, 24, 28, 33, 37, 46, 47, 53, 55, 60, 71, 74, 80, 87, 93, 117, 124]
	⭕  Walk to 105 (2.0 min) 
> 105 (17:26)
Rent:    [54, 107, 115]
Return:  [0, 3, 7, 11, 20, 21, 24, 28, 33, 37, 46, 47, 53, 55, 60, 71, 74, 80, 87, 93, 117, 124]
	⭕  Bike to 117 (0.7 min) +1
> 117 (17:27)
Rent:    [54, 107, 115]
Return:  [0, 3, 7, 11, 20, 21, 24, 28, 33, 37, 46, 47, 53, 55, 60, 71, 74, 80, 87, 93, 117, 124]
	⭕  Walk to 105 (2.0 min) 
> 105 (17:29)
Rent:    [54, 107, 115]
Return:  [0, 3, 7, 11, 20, 21, 24, 28, 33, 37, 46, 47, 53, 55, 60, 71, 74, 80, 87, 93, 117, 124]
	⭕  Bike to 117 (0.7 min) +1
> 117 (17:30)
Rent:    [43, 54, 99, 106, 107, 115]
Return:  [0, 21, 24, 27, 28, 33, 37, 39, 46, 53, 55, 58, 60, 71, 74, 80, 82, 87, 117, 121, 123, 124]
	⭕  Walk to 105 (2.0 min) 
> 105 (17:32)
Rent:    [43, 54, 99, 106, 107, 115]
Return:  [0, 21, 24, 27, 28, 33, 37, 39, 46, 53, 55, 58, 60, 71, 74, 80, 82, 87, 117, 121, 123, 124]
	⭕  Bike to 117 (0.7 min) +1
> 117 (17:32)
Rent:    [43, 54, 99, 106, 107, 115]
Return:  [0, 21, 24, 27, 28, 33, 37, 39, 46, 53, 55, 58, 60, 71, 74, 80, 82, 87, 117, 121, 123, 124]
	⭕  Walk to 105 (2.0 min) 
> 105 (17:35)
Rent:    [43, 54, 99, 106, 107, 115]
Return:  [0, 21, 24, 27, 28, 33, 37, 39, 46, 53, 55, 58, 60, 71, 74, 80, 82, 87, 117, 121, 123, 124]
	⭕  Bike to 117 (0.7 min) +1
> 117 (17:35)
Rent:    [43, 54, 99, 106, 107, 115]
Return:  [0, 21, 24, 27, 28, 33, 37, 39, 46, 53, 55, 58, 60, 71, 74, 80, 82, 87, 117, 121, 123, 124]
	⭕  Walk to 105 (2.0 min) 
> 105 (17:37)
Rent:    [43, 54, 99, 106, 107, 115]
Return:  [0, 21, 24, 27, 28, 33, 37, 39, 46, 53, 55, 58, 60, 71, 74, 80, 82, 87, 117, 121, 123, 124]
	⭕  Bike to 117 (0.7 min) +1
> 117 (17:38)
Rent:    [43, 54, 99, 106, 107, 115]
Return:  [0, 21, 24, 27, 28, 33, 37, 39, 46, 53, 55, 58, 60, 71, 74, 80, 82, 87, 117, 121, 123, 124]
	⭕  Walk to 102 (5.1 min) 
> 102 (17:43)
Rent:    [43, 54, 99, 106, 107, 115]
Return:  [0, 21, 24, 27, 28, 33, 37, 39, 46, 53, 55, 58, 60, 71, 74, 80, 82, 87, 117, 121, 123, 124]
	⭕  Bike to 82 (1.4 min) +1
> 82 (17:44)
Rent:    [43, 54, 99, 106, 107, 115]
Return:  [0, 21, 24, 27, 28, 33, 37, 39, 46, 53, 55, 58, 60, 71, 74, 80, 82, 87, 117, 121, 123, 124]
	⭕  Walk to 30 (2.3 min) 
> 30 (17:47)
Rent:    [81, 99, 106, 107, 115]
Return:  [0, 21, 24, 27, 28, 33, 37, 39, 46, 50, 53, 55, 58, 60, 71, 74, 80, 82, 87, 93, 117, 121, 123, 124]
	⭕  Bike to 87 (1.0 min) +1
> 87 (17:48)
Rent:    [81, 99, 106, 107, 115]
Return:  [0, 21, 24, 27, 28, 33, 37, 39, 46, 50, 53, 55, 58, 60, 71, 74, 80, 82, 87, 93, 117, 121, 123, 124]
	⭕  Walk to 30 (2.6 min) 
> 30 (17:50)
Rent:    [81, 99, 106, 107, 115]
Return:  [0, 21, 24, 27, 28, 33, 37, 39, 46, 50, 53, 55, 58, 60, 71, 74, 80, 82, 87, 93, 117, 121, 123, 124]
	⭕  Bike to 87 (1.0 min) +1
> 87 (17:51)
Rent:    [81, 99, 106, 107, 115]
Return:  [0, 21, 24, 27, 28, 33, 37, 39, 46, 50, 53, 55, 58, 60, 71, 74, 80, 82, 87, 93, 117, 121, 123, 124]
	⭕  Walk to 30 (2.6 min) 
> 30 (17:54)
Rent:    [81, 99, 106, 107, 115]
Return:  [0, 21, 24, 27, 28, 33, 37, 39, 46, 50, 53, 55, 58, 60, 71, 74, 80, 82, 87, 93, 117, 121, 123, 124]
	⭕  Bike to 87 (1.0 min) +1
> 87 (17:55)
Rent:    [81, 99, 106, 107, 115]
Return:  [0, 21, 24, 27, 28, 33, 37, 39, 46, 50, 53, 55, 58, 60, 71, 74, 80, 82, 87, 93, 117, 121, 123, 124]
	⭕  Walk to 30 (2.6 min) 
> 30 (17:58)
Rent:    [81, 99, 106, 107, 115]
Return:  [0, 21, 24, 27, 28, 33, 37, 39, 46, 50, 53, 55, 58, 60, 71, 74, 80, 82, 87, 93, 117, 121, 123, 124]
	⭕  Bike to 87 (1.0 min) +1
> 87 (17:59)
Rent:    [81, 99, 106, 107, 115]
Return:  [0, 21, 24, 27, 28, 33, 37, 39, 46, 50, 53, 55, 58, 60, 71, 74, 80, 82, 87, 93, 117, 121, 123, 124]
	⭕  Walk to 30 (2.6 min) 
> 30 (18:01)
Rent:    [43, 54, 81, 99, 106, 107, 115]
Return:  [0, 20, 21, 24, 27, 28, 33, 37, 39, 46, 50, 53, 55, 60, 74, 80, 82, 87, 93, 101, 117, 121, 123, 124]
	⭕  Bike to 87 (1.0 min) +1
> 87 (18:02)
Rent:    [43, 54, 81, 99, 106, 107, 115]
Return:  [0, 20, 21, 24, 27, 28, 33, 37, 39, 46, 50, 53, 55, 60, 74, 80, 82, 87, 93, 101, 117, 121, 123, 124]
	⭕  Walk to 30 (2.6 min) 
> 30 (18:05)
Rent:    [43, 54, 81, 99, 106, 107, 115]
Return:  [0, 20, 21, 24, 27, 28, 33, 37, 39, 46, 50, 53, 55, 60, 74, 80, 82, 87, 93, 101, 117, 121, 123, 124]
	⭕  Bike to 87 (1.0 min) +1
> 87 (18:06)
Rent:    [43, 54, 81, 99, 106, 107, 115]
Return:  [0, 20, 21, 24, 27, 28, 33, 37, 39, 46, 50, 53, 55, 60, 74, 80, 82, 87, 93, 101, 117, 121, 123, 124]
	⭕  Walk to 30 (2.6 min) 
> 30 (18:09)
Rent:    [43, 54, 81, 99, 106, 107, 115]
Return:  [0, 20, 21, 24, 27, 28, 33, 37, 39, 46, 50, 53, 55, 60, 74, 80, 82, 87, 93, 101, 117, 121, 123, 124]
	⭕  Bike to 87 (1.0 min) +1
> 87 (18:10)
Rent:    [43, 54, 81, 99, 106, 107, 115]
Return:  [0, 20, 21, 24, 27, 28, 33, 37, 39, 46, 50, 53, 55, 60, 74, 80, 82, 87, 93, 101, 117, 121, 123, 124]
	⭕  Walk to 12 (4.9 min) 
> 12 (18:15)
Rent:    [43, 54, 79, 81, 99, 106, 107, 115]
Return:  [20, 21, 28, 33, 37, 46, 50, 53, 60, 74, 80, 82, 87, 93, 101, 105, 117, 121, 123]
	⭕  Bike to 93 (1.5 min) +1
> 93 (18:16)
Rent:    [43, 54, 79, 81, 99, 106, 107, 115]
Return:  [20, 21, 28, 33, 37, 46, 50, 53, 60, 74, 80, 82, 87, 93, 101, 105, 117, 121, 123]
	⭕  Walk to 61 (3.8 min) 
> 61 (18:20)
Rent:    [43, 54, 79, 81, 99, 106, 107, 115]
Return:  [20, 21, 28, 33, 37, 46, 50, 53, 60, 74, 80, 82, 87, 93, 101, 105, 117, 121, 123]
	⭕  Bike to 33 (2.7 min) +1
> 33 (18:23)
Rent:    [43, 54, 79, 81, 99, 106, 107, 115]
Return:  [20, 21, 28, 33, 37, 46, 50, 53, 60, 74, 80, 82, 87, 93, 101, 105, 117, 121, 123]
	⭕  Walk to 5 (3.0 min) 
> 5 (18:26)
Rent:    [43, 54, 79, 81, 99, 106, 107, 115]
Return:  [20, 21, 28, 33, 37, 46, 50, 53, 60, 74, 80, 82, 87, 93, 101, 105, 117, 121, 123]
	⭕  Bike to 50 (1.0 min) +1
> 50 (18:27)
Rent:    [43, 54, 79, 81, 99, 106, 107, 115]
Return:  [20, 21, 28, 33, 37, 46, 50, 53, 60, 74, 80, 82, 87, 93, 101, 105, 117, 121, 123]
	⭕  Walk to 104 (3.9 min) 
> 104 (18:30)
Rent:    [38, 43, 54, 79, 81, 98, 99, 106, 107, 109, 115]
Return:  [5, 20, 21, 27, 28, 33, 37, 46, 50, 53, 60, 80, 82, 87, 88, 93, 101, 102, 117, 121, 123, 124]
	⭕  Bike to 5 (1.3 min) +1
> 5 (18:32)
Rent:    [38, 43, 54, 79, 81, 98, 99, 106, 107, 109, 115]
Return:  [5, 20, 21, 27, 28, 33, 37, 46, 50, 53, 60, 80, 82, 87, 88, 93, 101, 102, 117, 121, 123, 124]
	⭕  Walk to 8 (2.6 min) 
> 8 (18:34)
Rent:    [38, 43, 54, 79, 81, 98, 99, 106, 107, 109, 115]
Return:  [5, 20, 21, 27, 28, 33, 37, 46, 50, 53, 60, 80, 82, 87, 88, 93, 101, 102, 117, 121, 123, 124]
	⭕  Bike to 5 (1.9 min) +1
> 5 (18:36)
Rent:    [38, 43, 54, 79, 81, 98, 99, 106, 107, 109, 115]
Return:  [5, 20, 21, 27, 28, 33, 37, 46, 50, 53, 60, 80, 82, 87, 88, 93, 101, 102, 117, 121, 123, 124]
	⭕  Walk to 8 (2.6 min) 
> 8 (18:39)
Rent:    [38, 43, 54, 79, 81, 98, 99, 106, 107, 109, 115]
Return:  [5, 20, 21, 27, 28, 33, 37, 46, 50, 53, 60, 80, 82, 87, 88, 93, 101, 102, 117, 121, 123, 124]
	⭕  Bike to 5 (1.9 min) +1
> 5 (18:41)
Rent:    [38, 43, 54, 79, 81, 98, 99, 106, 107, 109, 115]
Return:  [5, 20, 21, 27, 28, 33, 37, 46, 50, 53, 60, 80, 82, 87, 88, 93, 101, 102, 117, 121, 123, 124]
	⭕  Walk to 8 (2.6 min) 
> 8 (18:43)
Rent:    [38, 43, 54, 79, 81, 98, 99, 106, 107, 109, 115]
Return:  [5, 20, 21, 27, 28, 33, 37, 46, 50, 53, 60, 80, 82, 87, 88, 93, 101, 102, 117, 121, 123, 124]
	⭕  Bike to 5 (1.9 min) +1
> 5 (18:45)
Rent:    [38, 43, 54, 79, 81, 98, 99, 106, 107, 109, 115]
Return:  [5, 20, 27, 28, 30, 33, 37, 46, 47, 50, 53, 60, 71, 80, 82, 87, 88, 93, 101, 102, 117, 121, 123]
	⭕  Walk to 8 (2.6 min) 
> 8 (18:48)
Rent:    [38, 43, 54, 79, 81, 98, 99, 106, 107, 109, 115]
Return:  [5, 20, 27, 28, 30, 33, 37, 46, 47, 50, 53, 60, 71, 80, 82, 87, 88, 93, 101, 102, 117, 121, 123]
	⭕  Bike to 5 (1.9 min) +1
> 5 (18:50)
Rent:    [38, 43, 54, 79, 81, 98, 99, 106, 107, 109, 115]
Return:  [5, 20, 27, 28, 30, 33, 37, 46, 47, 50, 53, 60, 71, 80, 82, 87, 88, 93, 101, 102, 117, 121, 123]
	⭕  Walk to 8 (2.6 min) 
> 8 (18:53)
Rent:    [38, 43, 54, 79, 81, 98, 99, 106, 107, 109, 115]
Return:  [5, 20, 27, 28, 30, 33, 37, 46, 47, 50, 53, 60, 71, 80, 82, 87, 88, 93, 101, 102, 117, 121, 123]
	⭕  Bike to 5 (1.9 min) +1
> 5 (18:55)
Rent:    [38, 43, 54, 79, 81, 98, 99, 106, 107, 109, 115]
Return:  [5, 20, 27, 28, 30, 33, 37, 46, 47, 50, 53, 60, 71, 80, 82, 87, 88, 93, 101, 102, 117, 121, 123]
	⭕  Walk to 8 (2.6 min) 
> 8 (18:57)
Rent:    [38, 43, 54, 79, 81, 98, 99, 106, 107, 109, 115]
Return:  [5, 20, 27, 28, 30, 33, 37, 46, 47, 50, 53, 60, 71, 80, 82, 87, 88, 93, 101, 102, 117, 121, 123]
	⭕  Bike to 5 (1.9 min) +1
> 5 (18:59)
Rent:    [38, 43, 54, 79, 81, 98, 99, 106, 107, 109, 115]
Return:  [5, 20, 27, 28, 30, 33, 37, 46, 47, 50, 53, 60, 71, 80, 82, 87, 88, 93, 101, 102, 117, 121, 123]
	⭕  Walk to 8 (2.6 min) 
> 8 (19:02)
Rent:    [2, 38, 43, 54, 79, 98, 99, 106, 107, 109, 115]
Return:  [5, 11, 12, 20, 24, 27, 28, 30, 37, 46, 50, 53, 60, 71, 77, 80, 82, 87, 88, 93, 101, 102, 117, 121, 123, 124]
	⭕  Bike to 5 (1.9 min) +1
> 5 (19:04)
Rent:    [2, 38, 43, 54, 79, 98, 99, 106, 107, 109, 115]
Return:  [5, 11, 12, 20, 24, 27, 28, 30, 37, 46, 50, 53, 60, 71, 77, 80, 82, 87, 88, 93, 101, 102, 117, 121, 123, 124]
	⭕  Walk to 8 (2.6 min) 
> 8 (19:06)
Rent:    [2, 38, 43, 54, 79, 98, 99, 106, 107, 109, 115]
Return:  [5, 11, 12, 20, 24, 27, 28, 30, 37, 46, 50, 53, 60, 71, 77, 80, 82, 87, 88, 93, 101, 102, 117, 121, 123, 124]
	⭕  Bike to 5 (1.9 min) +1
> 5 (19:08)
Rent:    [2, 38, 43, 54, 79, 98, 99, 106, 107, 109, 115]
Return:  [5, 11, 12, 20, 24, 27, 28, 30, 37, 46, 50, 53, 60, 71, 77, 80, 82, 87, 88, 93, 101, 102, 117, 121, 123, 124]
	⭕  Walk to 8 (2.6 min) 
> 8 (19:11)
Rent:    [2, 38, 43, 54, 79, 98, 99, 106, 107, 109, 115]
Return:  [5, 11, 12, 20, 24, 27, 28, 30, 37, 46, 50, 53, 60, 71, 77, 80, 82, 87, 88, 93, 101, 102, 117, 121, 123, 124]
	⭕  Bike to 5 (1.9 min) +1
> 5 (19:13)
Rent:    [2, 38, 43, 54, 79, 98, 99, 106, 107, 109, 115]
Return:  [5, 11, 12, 20, 24, 27, 28, 30, 37, 46, 50, 53, 60, 71, 77, 80, 82, 87, 88, 93, 101, 102, 117, 121, 123, 124]
	⭕  Walk to 4 (3.8 min) 
> 4 (19:17)
Rent:    [2, 38, 43, 54, 57, 79, 98, 99, 106, 107, 114, 115]
Return:  [0, 5, 11, 12, 24, 27, 28, 30, 33, 34, 37, 39, 46, 50, 53, 60, 66, 77, 80, 82, 87, 88, 93, 101, 102, 117, 118, 121, 123, 124]
	⭕  Bike to 33 (1.4 min) +1
> 33 (19:18)
Rent:    [2, 38, 43, 54, 57, 79, 98, 99, 106, 107, 114, 115]
Return:  [0, 5, 11, 12, 24, 27, 28, 30, 33, 34, 37, 39, 46, 50, 53, 60, 66, 77, 80, 82, 87, 88, 93, 101, 102, 117, 118, 121, 123, 124]
	⭕  Walk to 4 (2.8 min) 
> 4 (19:21)
Rent:    [2, 38, 43, 54, 57, 79, 98, 99, 106, 107, 114, 115]
Return:  [0, 5, 11, 12, 24, 27, 28, 30, 33, 34, 37, 39, 46, 50, 53, 60, 66, 77, 80, 82, 87, 88, 93, 101, 102, 117, 118, 121, 123, 124]
	⭕  Bike to 33 (1.4 min) +1
> 33 (19:22)
Rent:    [2, 38, 43, 54, 57, 79, 98, 99, 106, 107, 114, 115]
Return:  [0, 5, 11, 12, 24, 27, 28, 30, 33, 34, 37, 39, 46, 50, 53, 60, 66, 77, 80, 82, 87, 88, 93, 101, 102, 117, 118, 121, 123, 124]
	⭕  Walk to 4 (2.8 min) 
> 4 (19:25)
Rent:    [2, 38, 43, 54, 57, 79, 98, 99, 106, 107, 114, 115]
Return:  [0, 5, 11, 12, 24, 27, 28, 30, 33, 34, 37, 39, 46, 50, 53, 60, 66, 77, 80, 82, 87, 88, 93, 101, 102, 117, 118, 121, 123, 124]
	⭕  Bike to 33 (1.4 min) +1
> 33 (19:26)
Rent:    [2, 38, 43, 54, 57, 79, 98, 99, 106, 107, 114, 115]
Return:  [0, 5, 11, 12, 24, 27, 28, 30, 33, 34, 37, 39, 46, 50, 53, 60, 66, 77, 80, 82, 87, 88, 93, 101, 102, 117, 118, 121, 123, 124]
	⭕  Walk to 4 (2.8 min) 
> 4 (19:29)
Rent:    [2, 38, 43, 54, 57, 79, 98, 99, 106, 107, 114, 115]
Return:  [0, 5, 11, 12, 24, 27, 28, 30, 33, 34, 37, 39, 46, 50, 53, 60, 66, 77, 80, 82, 87, 88, 93, 101, 102, 117, 118, 121, 123, 124]
	⭕  Bike to 33 (1.4 min) +1
> 33 (19:31)
Rent:    [2, 38, 54, 81, 98, 99, 106, 107, 114, 115]
Return:  [0, 5, 12, 20, 24, 27, 30, 33, 34, 37, 39, 46, 50, 53, 60, 66, 77, 80, 82, 87, 88, 93, 101, 102, 105, 117, 118, 121, 123, 124]
	⭕  Walk to 4 (2.8 min) 
> 4 (19:33)
Rent:    [2, 38, 54, 81, 98, 99, 106, 107, 114, 115]
Return:  [0, 5, 12, 20, 24, 27, 30, 33, 34, 37, 39, 46, 50, 53, 60, 66, 77, 80, 82, 87, 88, 93, 101, 102, 105, 117, 118, 121, 123, 124]
	⭕  Bike to 33 (1.4 min) +1
> 33 (19:35)
Rent:    [2, 38, 54, 81, 98, 99, 106, 107, 114, 115]
Return:  [0, 5, 12, 20, 24, 27, 30, 33, 34, 37, 39, 46, 50, 53, 60, 66, 77, 80, 82, 87, 88, 93, 101, 102, 105, 117, 118, 121, 123, 124]
	⭕  Walk to 4 (2.8 min) 
> 4 (19:38)
Rent:    [2, 38, 54, 81, 98, 99, 106, 107, 114, 115]
Return:  [0, 5, 12, 20, 24, 27, 30, 33, 34, 37, 39, 46, 50, 53, 60, 66, 77, 80, 82, 87, 88, 93, 101, 102, 105, 117, 118, 121, 123, 124]
	⭕  Bike to 33 (1.4 min) +1
> 33 (19:39)
Rent:    [2, 38, 54, 81, 98, 99, 106, 107, 114, 115]
Return:  [0, 5, 12, 20, 24, 27, 30, 33, 34, 37, 39, 46, 50, 53, 60, 66, 77, 80, 82, 87, 88, 93, 101, 102, 105, 117, 118, 121, 123, 124]
	⭕  Walk to 4 (2.8 min) 
> 4 (19:42)
Rent:    [2, 38, 54, 81, 98, 99, 106, 107, 114, 115]
Return:  [0, 5, 12, 20, 24, 27, 30, 33, 34, 37, 39, 46, 50, 53, 60, 66, 77, 80, 82, 87, 88, 93, 101, 102, 105, 117, 118, 121, 123, 124]
	⭕  Bike to 33 (1.4 min) +1
> 33 (19:43)
Rent:    [2, 38, 54, 81, 98, 99, 106, 107, 114, 115]
Return:  [0, 5, 12, 20, 24, 27, 30, 33, 34, 37, 39, 46, 50, 53, 60, 66, 77, 80, 82, 87, 88, 93, 101, 102, 105, 117, 118, 121, 123, 124]
	⭕  Walk to 4 (2.8 min) 
> 4 (19:46)
Rent:    [2, 38, 54, 57, 81, 98, 99, 106, 107, 114, 115]
Return:  [0, 10, 20, 24, 26, 27, 30, 33, 34, 37, 39, 46, 50, 53, 58, 60, 66, 77, 80, 82, 87, 88, 93, 102, 105, 117, 118, 121, 124]
	⭕  Bike to 33 (1.4 min) +1
> 33 (19:47)
Rent:    [2, 38, 54, 57, 81, 98, 99, 106, 107, 114, 115]
Return:  [0, 10, 20, 24, 26, 27, 30, 33, 34, 37, 39, 46, 50, 53, 58, 60, 66, 77, 80, 82, 87, 88, 93, 102, 105, 117, 118, 121, 124]
	⭕  Walk to 4 (2.8 min) 
> 4 (19:50)
Rent:    [2, 38, 54, 57, 81, 98, 99, 106, 107, 114, 115]
Return:  [0, 10, 20, 24, 26, 27, 30, 33, 34, 37, 39, 46, 50, 53, 58, 60, 66, 77, 80, 82, 87, 88, 93, 102, 105, 117, 118, 121, 124]
	⭕  Bike to 33 (1.4 min) +1
> 33 (19:52)
Rent:    [2, 38, 54, 57, 81, 98, 99, 106, 107, 114, 115]
Return:  [0, 10, 20, 24, 26, 27, 30, 33, 34, 37, 39, 46, 50, 53, 58, 60, 66, 77, 80, 82, 87, 88, 93, 102, 105, 117, 118, 121, 124]
	⭕  Walk to 4 (2.8 min) 
> 4 (19:54)
Rent:    [2, 38, 54, 57, 81, 98, 99, 106, 107, 114, 115]
Return:  [0, 10, 20, 24, 26, 27, 30, 33, 34, 37, 39, 46, 50, 53, 58, 60, 66, 77, 80, 82, 87, 88, 93, 102, 105, 117, 118, 121, 124]
	⭕  Bike to 33 (1.4 min) +1
> 33 (19:56)
Rent:    [2, 38, 54, 57, 81, 98, 99, 106, 107, 114, 115]
Return:  [0, 10, 20, 24, 26, 27, 30, 33, 34, 37, 39, 46, 50, 53, 58, 60, 66, 77, 80, 82, 87, 88, 93, 102, 105, 117, 118, 121, 124]
	⭕  Walk to 4 (2.8 min) 
> 4 (19:59)
Rent:    [2, 38, 54, 57, 81, 98, 99, 106, 107, 114, 115]
Return:  [0, 10, 20, 24, 26, 27, 30, 33, 34, 37, 39, 46, 50, 53, 58, 60, 66, 77, 80, 82, 87, 88, 93, 102, 105, 117, 118, 121, 124]
	⭕  Bike to 33 (1.4 min) +1
> 33 (20:00)
Rent:    [2, 38, 43, 54, 57, 79, 85, 98, 99, 106, 107, 109, 114, 115]
Return:  [0, 5, 10, 20, 24, 26, 27, 30, 33, 34, 37, 39, 46, 50, 53, 60, 61, 66, 77, 80, 82, 87, 88, 93, 102, 105, 117, 118, 121, 123, 124]
	⭕  Walk to 4 (2.8 min) 
> 4 (20:03)
Rent:    [2, 38, 43, 54, 57, 79, 85, 98, 99, 106, 107, 109, 114, 115]
Return:  [0, 5, 10, 20, 24, 26, 27, 30, 33, 34, 37, 39, 46, 50, 53, 60, 61, 66, 77, 80, 82, 87, 88, 93, 102, 105, 117, 118, 121, 123, 124]
	⭕  Bike to 33 (1.4 min) +1
> 33 (20:04)
Rent:    [2, 38, 43, 54, 57, 79, 85, 98, 99, 106, 107, 109, 114, 115]
Return:  [0, 5, 10, 20, 24, 26, 27, 30, 33, 34, 37, 39, 46, 50, 53, 60, 61, 66, 77, 80, 82, 87, 88, 93, 102, 105, 117, 118, 121, 123, 124]
	⭕  Walk to 4 (2.8 min) 
> 4 (20:07)
Rent:    [2, 38, 43, 54, 57, 79, 85, 98, 99, 106, 107, 109, 114, 115]
Return:  [0, 5, 10, 20, 24, 26, 27, 30, 33, 34, 37, 39, 46, 50, 53, 60, 61, 66, 77, 80, 82, 87, 88, 93, 102, 105, 117, 118, 121, 123, 124]
	⭕  Bike to 33 (1.4 min) +1
> 33 (20:08)
Rent:    [2, 38, 43, 54, 57, 79, 85, 98, 99, 106, 107, 109, 114, 115]
Return:  [0, 5, 10, 20, 24, 26, 27, 30, 33, 34, 37, 39, 46, 50, 53, 60, 61, 66, 77, 80, 82, 87, 88, 93, 102, 105, 117, 118, 121, 123, 124]
	⭕  Walk to 104 (5.0 min) 
> 104 (20:13)
Rent:    [2, 38, 43, 54, 57, 79, 85, 98, 99, 106, 107, 109, 114, 115]
Return:  [0, 5, 10, 20, 24, 26, 27, 30, 33, 34, 37, 39, 46, 50, 53, 60, 61, 66, 77, 80, 82, 87, 88, 93, 102, 105, 117, 118, 121, 123, 124]
	⭕  Bike to 5 (1.3 min) +1
> 5 (20:15)
Rent:    [2, 32, 38, 43, 54, 57, 79, 81, 98, 99, 106, 107, 109, 114, 115]
Return:  [0, 5, 10, 12, 20, 21, 24, 26, 27, 28, 30, 33, 34, 37, 39, 46, 47, 50, 53, 60, 61, 66, 77, 80, 82, 87, 88, 93, 101, 102, 105, 117, 118, 121, 123]
	⭕  Walk to 4 (3.8 min) 
> 4 (20:18)
Rent:    [2, 32, 38, 43, 54, 57, 79, 81, 98, 99, 106, 107, 109, 114, 115]
Return:  [0, 5, 10, 12, 20, 21, 24, 26, 27, 28, 30, 33, 34, 37, 39, 46, 47, 50, 53, 60, 61, 66, 77, 80, 82, 87, 88, 93, 101, 102, 105, 117, 118, 121, 123]
	⭕  Bike to 33 (1.4 min) +1
> 33 (20:20)
Rent:    [2, 32, 38, 43, 54, 57, 79, 81, 98, 99, 106, 107, 109, 114, 115]
Return:  [0, 5, 10, 12, 20, 21, 24, 26, 27, 28, 30, 33, 34, 37, 39, 46, 47, 50, 53, 60, 61, 66, 77, 80, 82, 87, 88, 93, 101, 102, 105, 117, 118, 121, 123]
	⭕  Walk to 4 (2.8 min) 
> 4 (20:23)
Rent:    [2, 32, 38, 43, 54, 57, 79, 81, 98, 99, 106, 107, 109, 114, 115]
Return:  [0, 5, 10, 12, 20, 21, 24, 26, 27, 28, 30, 33, 34, 37, 39, 46, 47, 50, 53, 60, 61, 66, 77, 80, 82, 87, 88, 93, 101, 102, 105, 117, 118, 121, 123]
	⭕  Bike to 33 (1.4 min) +1
> 33 (20:24)
Rent:    [2, 32, 38, 43, 54, 57, 79, 81, 98, 99, 106, 107, 109, 114, 115]
Return:  [0, 5, 10, 12, 20, 21, 24, 26, 27, 28, 30, 33, 34, 37, 39, 46, 47, 50, 53, 60, 61, 66, 77, 80, 82, 87, 88, 93, 101, 102, 105, 117, 118, 121, 123]
	⭕  Walk to 4 (2.8 min) 
> 4 (20:27)
Rent:    [2, 32, 38, 43, 54, 57, 79, 81, 98, 99, 106, 107, 109, 114, 115]
Return:  [0, 5, 10, 12, 20, 21, 24, 26, 27, 28, 30, 33, 34, 37, 39, 46, 47, 50, 53, 60, 61, 66, 77, 80, 82, 87, 88, 93, 101, 102, 105, 117, 118, 121, 123]
	⭕  Bike to 33 (1.4 min) +1
> 33 (20:28)
Rent:    [2, 32, 38, 43, 54, 57, 79, 81, 98, 99, 106, 107, 109, 114, 115]
Return:  [0, 5, 10, 12, 20, 21, 24, 26, 27, 28, 30, 33, 34, 37, 39, 46, 47, 50, 53, 60, 61, 66, 77, 80, 82, 87, 88, 93, 101, 102, 105, 117, 118, 121, 123]
	⭕  Walk to 104 (5.0 min) 
> 104 (20:33)
Rent:    [2, 32, 38, 43, 54, 57, 79, 81, 98, 99, 106, 107, 109, 114, 115]
Return:  [0, 4, 5, 7, 8, 10, 12, 20, 21, 24, 26, 27, 28, 33, 34, 37, 39, 46, 50, 53, 60, 61, 66, 77, 80, 82, 87, 88, 93, 101, 102, 105, 117, 118, 121]
	⭕  Bike to 50 (1.4 min) +1
> 50 (20:35)
Rent:    [2, 32, 38, 43, 54, 57, 79, 81, 98, 99, 106, 107, 109, 114, 115]
Return:  [0, 4, 5, 7, 8, 10, 12, 20, 21, 24, 26, 27, 28, 33, 34, 37, 39, 46, 50, 53, 60, 61, 66, 77, 80, 82, 87, 88, 93, 101, 102, 105, 117, 118, 121]
	⭕  Walk to 104 (3.9 min) 
> 104 (20:39)
Rent:    [2, 32, 38, 43, 54, 57, 79, 81, 98, 99, 106, 107, 109, 114, 115]
Return:  [0, 4, 5, 7, 8, 10, 12, 20, 21, 24, 26, 27, 28, 33, 34, 37, 39, 46, 50, 53, 60, 61, 66, 77, 80, 82, 87, 88, 93, 101, 102, 105, 117, 118, 121]
	⭕  Bike to 50 (1.4 min) +1
> 50 (20:40)
Rent:    [2, 32, 38, 43, 54, 57, 79, 81, 98, 99, 106, 107, 109, 114, 115]
Return:  [0, 4, 5, 7, 8, 10, 12, 20, 21, 24, 26, 27, 28, 33, 34, 37, 39, 46, 50, 53, 60, 61, 66, 77, 80, 82, 87, 88, 93, 101, 102, 105, 117, 118, 121]
	⭕  Walk to 104 (3.9 min) 
> 104 (20:44)
Rent:    [2, 32, 38, 43, 54, 57, 79, 81, 98, 99, 106, 107, 109, 114, 115]
Return:  [0, 4, 5, 7, 8, 10, 12, 20, 21, 24, 26, 27, 28, 33, 34, 37, 39, 46, 50, 53, 60, 61, 66, 77, 80, 82, 87, 88, 93, 101, 102, 105, 117, 118, 121]
	⭕  Bike to 50 (1.4 min) +1
> 50 (20:45)
Rent:    [2, 32, 38, 43, 54, 57, 79, 81, 98, 99, 106, 107, 109, 114, 115]
Return:  [0, 5, 9, 10, 12, 20, 21, 24, 26, 27, 28, 34, 37, 46, 47, 50, 53, 58, 60, 61, 66, 77, 82, 87, 88, 93, 101, 102, 105, 117, 118, 121, 124]
	⭕  Walk to 104 (3.9 min) 
> 104 (20:49)
Rent:    [2, 32, 38, 43, 54, 57, 79, 81, 98, 99, 106, 107, 109, 114, 115]
Return:  [0, 5, 9, 10, 12, 20, 21, 24, 26, 27, 28, 34, 37, 46, 47, 50, 53, 58, 60, 61, 66, 77, 82, 87, 88, 93, 101, 102, 105, 117, 118, 121, 124]
	⭕  Bike to 50 (1.4 min) +1
> 50 (20:51)
Rent:    [2, 32, 38, 43, 54, 57, 79, 81, 98, 99, 106, 107, 109, 114, 115]
Return:  [0, 5, 9, 10, 12, 20, 21, 24, 26, 27, 28, 34, 37, 46, 47, 50, 53, 58, 60, 61, 66, 77, 82, 87, 88, 93, 101, 102, 105, 117, 118, 121, 124]
	⭕  Walk to 104 (3.9 min) 
> 104 (20:54)
Rent:    [2, 32, 38, 43, 54, 57, 79, 81, 98, 99, 106, 107, 109, 114, 115]
Return:  [0, 5, 9, 10, 12, 20, 21, 24, 26, 27, 28, 34, 37, 46, 47, 50, 53, 58, 60, 61, 66, 77, 82, 87, 88, 93, 101, 102, 105, 117, 118, 121, 124]
	⭕  Bike to 50 (1.4 min) +1
> 50 (20:56)
Rent:    [2, 32, 38, 43, 54, 57, 79, 81, 98, 99, 106, 107, 109, 114, 115]
Return:  [0, 5, 9, 10, 12, 20, 21, 24, 26, 27, 28, 34, 37, 46, 47, 50, 53, 58, 60, 61, 66, 77, 82, 87, 88, 93, 101, 102, 105, 117, 118, 121, 124]
	⭕  Walk to 104 (3.9 min) 
> 104 (21:00)
Rent:    [2, 32, 38, 43, 54, 57, 79, 81, 98, 99, 106, 107, 114, 115]
Return:  [0, 5, 7, 9, 10, 12, 20, 24, 26, 27, 28, 34, 37, 39, 46, 47, 50, 53, 60, 61, 66, 77, 80, 82, 88, 92, 93, 101, 105, 117, 118, 121]
	⭕  Bike to 50 (1.4 min) +1
> 50 (21:01)
Rent:    [2, 32, 38, 43, 54, 57, 79, 81, 98, 99, 106, 107, 114, 115]
Return:  [0, 5, 7, 9, 10, 12, 20, 24, 26, 27, 28, 34, 37, 39, 46, 47, 50, 53, 60, 61, 66, 77, 80, 82, 88, 92, 93, 101, 105, 117, 118, 121]
	⭕  Walk to 104 (3.9 min) 
> 104 (21:05)
Rent:    [2, 32, 38, 43, 54, 57, 79, 81, 98, 99, 106, 107, 114, 115]
Return:  [0, 5, 7, 9, 10, 12, 20, 24, 26, 27, 28, 34, 37, 39, 46, 47, 50, 53, 60, 61, 66, 77, 80, 82, 88, 92, 93, 101, 105, 117, 118, 121]
	⭕  Bike to 5 (1.3 min) +1
> 5 (21:06)
Rent:    [2, 32, 38, 43, 54, 57, 79, 81, 98, 99, 106, 107, 114, 115]
Return:  [0, 5, 7, 9, 10, 12, 20, 24, 26, 27, 28, 34, 37, 39, 46, 47, 50, 53, 60, 61, 66, 77, 80, 82, 88, 92, 93, 101, 105, 117, 118, 121]
	⭕  Walk to 8 (2.6 min) 
> 8 (21:09)
Rent:    [2, 32, 38, 43, 54, 57, 79, 81, 98, 99, 106, 107, 114, 115]
Return:  [0, 5, 7, 9, 10, 12, 20, 24, 26, 27, 28, 34, 37, 39, 46, 47, 50, 53, 60, 61, 66, 77, 80, 82, 88, 92, 93, 101, 105, 117, 118, 121]
	⭕  Bike to 5 (1.9 min) +1
> 5 (21:11)
Rent:    [2, 32, 38, 43, 54, 57, 79, 81, 98, 99, 106, 107, 114, 115]
Return:  [0, 5, 7, 9, 10, 12, 20, 24, 26, 27, 28, 34, 37, 39, 46, 47, 50, 53, 60, 61, 66, 77, 80, 82, 88, 92, 93, 101, 105, 117, 118, 121]
	⭕  Walk to 104 (4.2 min) 
> 104 (21:15)
Rent:    [2, 32, 38, 43, 54, 57, 72, 79, 81, 98, 99, 106, 107, 114, 115]
Return:  [0, 5, 7, 10, 12, 20, 26, 27, 28, 34, 37, 39, 46, 47, 50, 53, 60, 61, 64, 66, 77, 80, 82, 87, 88, 92, 105, 117, 118, 121]
	⭕  Bike to 5 (1.3 min) +1
> 5 (21:16)
Rent:    [2, 32, 38, 43, 54, 57, 72, 79, 81, 98, 99, 106, 107, 114, 115]
Return:  [0, 5, 7, 10, 12, 20, 26, 27, 28, 34, 37, 39, 46, 47, 50, 53, 60, 61, 64, 66, 77, 80, 82, 87, 88, 92, 105, 117, 118, 121]
	⭕  Walk to 33 (3.0 min) 
> 33 (21:19)
Rent:    [2, 32, 38, 43, 54, 57, 72, 79, 81, 98, 99, 106, 107, 114, 115]
Return:  [0, 5, 7, 10, 12, 20, 26, 27, 28, 34, 37, 39, 46, 47, 50, 53, 60, 61, 64, 66, 77, 80, 82, 87, 88, 92, 105, 117, 118, 121]
	⭕  Bike to 5 (0.9 min) +1
> 5 (21:20)
Rent:    [2, 32, 38, 43, 54, 57, 72, 79, 81, 98, 99, 106, 107, 114, 115]
Return:  [0, 5, 7, 10, 12, 20, 26, 27, 28, 34, 37, 39, 46, 47, 50, 53, 60, 61, 64, 66, 77, 80, 82, 87, 88, 92, 105, 117, 118, 121]
	⭕  Walk to 4 (3.8 min) 
> 4 (21:24)
Rent:    [2, 32, 38, 43, 54, 57, 72, 79, 81, 98, 99, 106, 107, 114, 115]
Return:  [0, 5, 7, 10, 12, 20, 26, 27, 28, 34, 37, 39, 46, 47, 50, 53, 60, 61, 64, 66, 77, 80, 82, 87, 88, 92, 105, 117, 118, 121]
	⭕  Bike to 5 (1.2 min) +1
> 5 (21:25)
Rent:    [2, 32, 38, 43, 54, 57, 72, 79, 81, 98, 99, 106, 107, 114, 115]
Return:  [0, 5, 7, 10, 12, 20, 26, 27, 28, 34, 37, 39, 46, 47, 50, 53, 60, 61, 64, 66, 77, 80, 82, 87, 88, 92, 105, 117, 118, 121]
	⭕  Walk to 8 (2.6 min) 
> 8 (21:28)
Rent:    [2, 32, 38, 43, 54, 57, 72, 79, 81, 98, 99, 106, 107, 114, 115]
Return:  [0, 5, 7, 10, 12, 20, 26, 27, 28, 34, 37, 39, 46, 47, 50, 53, 60, 61, 64, 66, 77, 80, 82, 87, 88, 92, 105, 117, 118, 121]
	⭕  Bike to 5 (1.9 min) +1
> 5 (21:30)
Rent:    [2, 32, 38, 43, 44, 54, 57, 72, 79, 81, 98, 99, 106, 107, 109, 114, 115]
Return:  [0, 5, 7, 9, 12, 20, 26, 27, 28, 34, 37, 39, 46, 50, 53, 60, 61, 64, 66, 71, 77, 80, 82, 87, 88, 92, 102, 105, 117, 118, 121, 123]
	⭕  Walk to 4 (3.8 min) 
> 4 (21:34)
Rent:    [2, 32, 38, 43, 44, 54, 57, 72, 79, 81, 98, 99, 106, 107, 109, 114, 115]
Return:  [0, 5, 7, 9, 12, 20, 26, 27, 28, 34, 37, 39, 46, 50, 53, 60, 61, 64, 66, 71, 77, 80, 82, 87, 88, 92, 102, 105, 117, 118, 121, 123]
	⭕  Bike to 5 (1.2 min) +1
> 5 (21:35)
Rent:    [2, 32, 38, 43, 44, 54, 57, 72, 79, 81, 98, 99, 106, 107, 109, 114, 115]
Return:  [0, 5, 7, 9, 12, 20, 26, 27, 28, 34, 37, 39, 46, 50, 53, 60, 61, 64, 66, 71, 77, 80, 82, 87, 88, 92, 102, 105, 117, 118, 121, 123]
	⭕  Walk to 4 (3.8 min) 
> 4 (21:39)
Rent:    [2, 32, 38, 43, 44, 54, 57, 72, 79, 81, 98, 99, 106, 107, 109, 114, 115]
Return:  [0, 5, 7, 9, 12, 20, 26, 27, 28, 34, 37, 39, 46, 50, 53, 60, 61, 64, 66, 71, 77, 80, 82, 87, 88, 92, 102, 105, 117, 118, 121, 123]
	⭕  Bike to 5 (1.2 min) +1
> 5 (21:40)
Rent:    [2, 32, 38, 43, 44, 54, 57, 72, 79, 81, 98, 99, 106, 107, 109, 114, 115]
Return:  [0, 5, 7, 9, 12, 20, 26, 27, 28, 34, 37, 39, 46, 50, 53, 60, 61, 64, 66, 71, 77, 80, 82, 87, 88, 92, 102, 105, 117, 118, 121, 123]
	⭕  Walk to 104 (4.2 min) 
> 104 (21:44)
Rent:    [2, 32, 38, 43, 44, 54, 57, 72, 79, 81, 98, 99, 106, 107, 109, 114, 115]
Return:  [0, 5, 7, 9, 12, 20, 26, 27, 28, 34, 37, 39, 46, 50, 53, 60, 61, 64, 66, 71, 77, 80, 82, 87, 88, 92, 102, 105, 117, 118, 121, 123]
	⭕  Bike to 5 (1.3 min) +1
> 5 (21:45)
Rent:    [2, 6, 32, 43, 44, 54, 57, 72, 79, 98, 99, 106, 107, 109, 114, 115]
Return:  [0, 4, 5, 20, 21, 24, 27, 28, 33, 37, 39, 45, 46, 47, 50, 53, 60, 61, 64, 66, 71, 77, 80, 82, 87, 88, 92, 102, 105, 117, 118, 121, 122, 123]
	⭕  Walk to 8 (2.6 min) 
> 8 (21:48)
Rent:    [2, 6, 32, 43, 44, 54, 57, 72, 79, 98, 99, 106, 107, 109, 114, 115]
Return:  [0, 4, 5, 20, 21, 24, 27, 28, 33, 37, 39, 45, 46, 47, 50, 53, 60, 61, 64, 66, 71, 77, 80, 82, 87, 88, 92, 102, 105, 117, 118, 121, 122, 123]
	⭕  Bike to 4 (1.8 min) +1
> 4 (21:50)
Rent:    [2, 6, 32, 43, 44, 54, 57, 72, 79, 98, 99, 106, 107, 109, 114, 115]
Return:  [0, 4, 5, 20, 21, 24, 27, 28, 33, 37, 39, 45, 46, 47, 50, 53, 60, 61, 64, 66, 71, 77, 80, 82, 87, 88, 92, 102, 105, 117, 118, 121, 122, 123]
	⭕  Walk to 56 (5.6 min) 
> 56 (21:55)
Rent:    [2, 6, 32, 43, 44, 54, 57, 72, 79, 98, 99, 106, 107, 109, 114, 115]
Return:  [0, 4, 5, 20, 21, 24, 27, 28, 33, 37, 39, 45, 46, 47, 50, 53, 60, 61, 64, 66, 71, 77, 80, 82, 87, 88, 92, 102, 105, 117, 118, 121, 122, 123]
	⭕  Bike to 0 (1.5 min) +1
> 0 (21:57)
Rent:    [2, 6, 32, 43, 44, 54, 57, 72, 79, 98, 99, 106, 107, 109, 114, 115]
Return:  [0, 4, 5, 20, 21, 24, 27, 28, 33, 37, 39, 45, 46, 47, 50, 53, 60, 61, 64, 66, 71, 77, 80, 82, 87, 88, 92, 102, 105, 117, 118, 121, 122, 123]
	⭕  Walk to 56 (3.1 min) 
> 56 (22:00)
Rent:    [2, 6, 32, 43, 54, 57, 72, 79, 81, 98, 99, 106, 107, 108, 109, 114, 115]
Return:  [0, 4, 5, 12, 20, 21, 24, 27, 28, 30, 33, 34, 37, 39, 45, 46, 47, 50, 53, 60, 61, 64, 66, 71, 77, 80, 82, 87, 88, 92, 93, 102, 105, 117, 118, 121]
	⭕  Bike to 0 (1.5 min) +1
> 0 (22:01)
Rent:    [2, 6, 32, 43, 54, 57, 72, 79, 81, 98, 99, 106, 107, 108, 109, 114, 115]
Return:  [0, 4, 5, 12, 20, 21, 24, 27, 28, 30, 33, 34, 37, 39, 45, 46, 47, 50, 53, 60, 61, 64, 66, 71, 77, 80, 82, 87, 88, 92, 93, 102, 105, 117, 118, 121]
	⭕  Walk to 56 (3.1 min) 
> 56 (22:05)
Rent:    [2, 6, 32, 43, 54, 57, 72, 79, 81, 98, 99, 106, 107, 108, 109, 114, 115]
Return:  [0, 4, 5, 12, 20, 21, 24, 27, 28, 30, 33, 34, 37, 39, 45, 46, 47, 50, 53, 60, 61, 64, 66, 71, 77, 80, 82, 87, 88, 92, 93, 102, 105, 117, 118, 121]
	⭕  Bike to 0 (1.5 min) +1
> 0 (22:06)
Rent:    [2, 6, 32, 43, 54, 57, 72, 79, 81, 98, 99, 106, 107, 108, 109, 114, 115]
Return:  [0, 4, 5, 12, 20, 21, 24, 27, 28, 30, 33, 34, 37, 39, 45, 46, 47, 50, 53, 60, 61, 64, 66, 71, 77, 80, 82, 87, 88, 92, 93, 102, 105, 117, 118, 121]
	⭕  Walk to 19 (5.1 min) 
> 19 (22:11)
Rent:    [2, 6, 32, 43, 54, 57, 72, 79, 81, 98, 99, 106, 107, 108, 109, 114, 115]
Return:  [0, 4, 5, 12, 20, 21, 24, 27, 28, 30, 33, 34, 37, 39, 45, 46, 47, 50, 53, 60, 61, 64, 66, 71, 77, 80, 82, 87, 88, 92, 93, 102, 105, 117, 118, 121]
	⭕  Bike to 88 (2.2 min) +1
> 88 (22:13)
Rent:    [2, 6, 32, 43, 54, 57, 72, 79, 81, 98, 99, 106, 107, 108, 109, 114, 115]
Return:  [0, 4, 5, 12, 20, 21, 24, 27, 28, 30, 33, 34, 37, 39, 45, 46, 47, 50, 53, 60, 61, 64, 66, 71, 77, 80, 82, 87, 88, 92, 93, 102, 105, 117, 118, 121]
	⭕  Walk to 19 (3.7 min) 
> 19 (22:17)
Rent:    [2, 6, 32, 43, 44, 54, 57, 68, 72, 79, 81, 98, 99, 106, 107, 108, 109, 114, 115]
Return:  [0, 4, 5, 8, 12, 20, 21, 27, 28, 30, 33, 34, 37, 45, 46, 50, 53, 59, 60, 61, 64, 66, 71, 74, 77, 82, 87, 88, 92, 93, 101, 102, 105, 117, 118, 121, 122, 123]
	⭕  Bike to 88 (2.2 min) +1
> 88 (22:19)
Rent:    [2, 6, 32, 43, 44, 54, 57, 68, 72, 79, 81, 98, 99, 106, 107, 108, 109, 114, 115]
Return:  [0, 4, 5, 8, 12, 20, 21, 27, 28, 30, 33, 34, 37, 45, 46, 50, 53, 59, 60, 61, 64, 66, 71, 74, 77, 82, 87, 88, 92, 93, 101, 102, 105, 117, 118, 121, 122, 123]
	⭕  Walk to 19 (3.7 min) 
> 19 (22:23)
Rent:    [2, 6, 32, 43, 44, 54, 57, 68, 72, 79, 81, 98, 99, 106, 107, 108, 109, 114, 115]
Return:  [0, 4, 5, 8, 12, 20, 21, 27, 28, 30, 33, 34, 37, 45, 46, 50, 53, 59, 60, 61, 64, 66, 71, 74, 77, 82, 87, 88, 92, 93, 101, 102, 105, 117, 118, 121, 122, 123]
	⭕  Bike to 88 (2.2 min) +1
> 88 (22:25)
Rent:    [2, 6, 32, 43, 44, 54, 57, 68, 72, 79, 81, 98, 99, 106, 107, 108, 109, 114, 115]
Return:  [0, 4, 5, 8, 12, 20, 21, 27, 28, 30, 33, 34, 37, 45, 46, 50, 53, 59, 60, 61, 64, 66, 71, 74, 77, 82, 87, 88, 92, 93, 101, 102, 105, 117, 118, 121, 122, 123]
	⭕  Walk to 19 (3.7 min) 
> 19 (22:29)
Rent:    [2, 6, 32, 43, 44, 54, 57, 68, 72, 79, 81, 98, 99, 106, 107, 108, 109, 114, 115]
Return:  [0, 4, 5, 8, 12, 20, 21, 27, 28, 30, 33, 34, 37, 45, 46, 50, 53, 59, 60, 61, 64, 66, 71, 74, 77, 82, 87, 88, 92, 93, 101, 102, 105, 117, 118, 121, 122, 123]
	⭕  Bike to 88 (2.2 min) +1
> 88 (22:31)
Rent:    [2, 6, 32, 38, 43, 44, 54, 57, 68, 72, 79, 81, 98, 99, 106, 107, 108, 109, 114, 115]
Return:  [0, 4, 5, 8, 9, 10, 12, 20, 27, 28, 30, 33, 34, 37, 39, 45, 46, 50, 53, 55, 56, 59, 60, 61, 64, 66, 71, 74, 77, 80, 82, 87, 88, 92, 93, 101, 102, 117, 118, 121]
	⭕  Walk to 3 (7.2 min) 
> 3 (22:38)
Rent:    [2, 6, 32, 38, 43, 44, 54, 57, 68, 72, 79, 81, 98, 99, 106, 107, 108, 109, 114, 115]
Return:  [0, 4, 5, 8, 9, 10, 12, 20, 27, 28, 30, 33, 34, 37, 39, 45, 46, 50, 53, 55, 56, 59, 60, 61, 64, 66, 71, 74, 77, 80, 82, 87, 88, 92, 93, 101, 102, 117, 118, 121]
	⭕  Bike to 118 (2.3 min) +1
> 118 (22:40)
Rent:    [2, 6, 32, 38, 43, 44, 54, 57, 68, 72, 79, 81, 98, 99, 106, 107, 108, 109, 114, 115]
Return:  [0, 4, 5, 8, 9, 10, 12, 20, 27, 28, 30, 33, 34, 37, 39, 45, 46, 50, 53, 55, 56, 59, 60, 61, 64, 66, 71, 74, 77, 80, 82, 87, 88, 92, 93, 101, 102, 117, 118, 121]
	🔵  End excursion
	⭕  Walk to 5 (16 min) 
> 5 (22:56)

---------- Excursion Complete ----------
End time: 22:56
Final station: 5
Bike count: 92
Walk count: 92
Wait count: 0
Total reward: 92
Seed: 1153213795

