Generated random seed: 2991420479
---------- Starting Excursion -----------
Warmup time: 4.0 hours
Start time: 16:00 
Excursion time: 7.0 hours

> 1 (16:00)
Rent:    [106, 107]
Return:  [0, 10, 21, 28, 35, 39, 45, 47, 53, 60, 61, 71, 87, 93, 104]
	⭕  Bike to 87 (3.9 min) +1
> 87 (16:03)
Rent:    [106, 107]
Return:  [0, 10, 21, 28, 35, 39, 45, 47, 53, 60, 61, 71, 87, 93, 104]
	⭕  Walk to 82 (2.7 min) 
> 82 (16:06)
Rent:    [106, 107]
Return:  [0, 10, 21, 28, 35, 39, 45, 47, 53, 60, 61, 71, 87, 93, 104]
	⭕  Bike to 87 (1.0 min) +1
> 87 (16:07)
Rent:    [106, 107]
Return:  [0, 10, 21, 28, 35, 39, 45, 47, 53, 60, 61, 71, 87, 93, 104]
	⭕  Walk to 102 (6.6 min) 
> 102 (16:14)
Rent:    [106, 107]
Return:  [0, 10, 21, 28, 35, 39, 45, 47, 53, 60, 61, 71, 87, 93, 104]
	⭕  Bike to 28 (0.9 min) +1
> 28 (16:15)
Rent:    [106, 107]
Return:  [0, 20, 21, 26, 28, 35, 39, 45, 46, 53, 55, 60, 61, 71, 80, 82, 87, 93, 104, 124]
	⭕  Walk to 117 (2.3 min) 
> 117 (16:17)
Rent:    [106, 107]
Return:  [0, 20, 21, 26, 28, 35, 39, 45, 46, 53, 55, 60, 61, 71, 80, 82, 87, 93, 104, 124]
	⭕  Bike to 28 (0.8 min) +1
> 28 (16:18)
Rent:    [106, 107]
Return:  [0, 20, 21, 26, 28, 35, 39, 45, 46, 53, 55, 60, 61, 71, 80, 82, 87, 93, 104, 124]
	⭕  Walk to 117 (2.3 min) 
> 117 (16:20)
Rent:    [106, 107]
Return:  [0, 20, 21, 26, 28, 35, 39, 45, 46, 53, 55, 60, 61, 71, 80, 82, 87, 93, 104, 124]
	⭕  Bike to 28 (0.8 min) +1
> 28 (16:21)
Rent:    [106, 107]
Return:  [0, 20, 21, 26, 28, 35, 39, 45, 46, 53, 55, 60, 61, 71, 80, 82, 87, 93, 104, 124]
	⭕  Walk to 102 (3.0 min) 
> 102 (16:24)
Rent:    [106, 107]
Return:  [0, 20, 21, 26, 28, 35, 39, 45, 46, 53, 55, 60, 61, 71, 80, 82, 87, 93, 104, 124]
	⭕  Bike to 28 (0.9 min) +1
> 28 (16:25)
Rent:    [106, 107]
Return:  [0, 20, 21, 26, 28, 35, 39, 45, 46, 53, 55, 60, 61, 71, 80, 82, 87, 93, 104, 124]
	⭕  Walk to 117 (2.3 min) 
> 117 (16:27)
Rent:    [106, 107]
Return:  [0, 20, 21, 26, 28, 35, 39, 45, 46, 53, 55, 60, 61, 71, 80, 82, 87, 93, 104, 124]
	⭕  Bike to 28 (0.8 min) +1
> 28 (16:28)
Rent:    [106, 107]
Return:  [0, 20, 21, 26, 28, 35, 39, 45, 46, 53, 55, 60, 61, 71, 80, 82, 87, 93, 104, 124]
	⭕  Walk to 102 (3.0 min) 
> 102 (16:31)
Rent:    [6, 79, 106, 107]
Return:  [0, 5, 10, 20, 21, 26, 28, 30, 35, 39, 45, 53, 60, 71, 80, 87, 93, 104, 124]
	⭕  Bike to 28 (0.9 min) +1
> 28 (16:32)
Rent:    [6, 79, 106, 107]
Return:  [0, 5, 10, 20, 21, 26, 28, 30, 35, 39, 45, 53, 60, 71, 80, 87, 93, 104, 124]
	⭕  Walk to 102 (3.0 min) 
> 102 (16:35)
Rent:    [6, 79, 106, 107]
Return:  [0, 5, 10, 20, 21, 26, 28, 30, 35, 39, 45, 53, 60, 71, 80, 87, 93, 104, 124]
	⭕  Bike to 28 (0.9 min) +1
> 28 (16:36)
Rent:    [6, 79, 106, 107]
Return:  [0, 5, 10, 20, 21, 26, 28, 30, 35, 39, 45, 53, 60, 71, 80, 87, 93, 104, 124]
	⭕  Walk to 102 (3.0 min) 
> 102 (16:39)
Rent:    [6, 79, 106, 107]
Return:  [0, 5, 10, 20, 21, 26, 28, 30, 35, 39, 45, 53, 60, 71, 80, 87, 93, 104, 124]
	⭕  Bike to 28 (0.9 min) +1
> 28 (16:40)
Rent:    [6, 79, 106, 107]
Return:  [0, 5, 10, 20, 21, 26, 28, 30, 35, 39, 45, 53, 60, 71, 80, 87, 93, 104, 124]
	⭕  Walk to 102 (3.0 min) 
> 102 (16:43)
Rent:    [6, 79, 106, 107]
Return:  [0, 5, 10, 20, 21, 26, 28, 30, 35, 39, 45, 53, 60, 71, 80, 87, 93, 104, 124]
	⭕  Bike to 28 (0.9 min) +1
> 28 (16:44)
Rent:    [6, 79, 106, 107]
Return:  [0, 5, 10, 20, 21, 26, 28, 30, 35, 39, 45, 53, 60, 71, 80, 87, 93, 104, 124]
	⭕  Walk to 102 (3.0 min) 
> 102 (16:47)
Rent:    [79, 106, 107, 115]
Return:  [0, 5, 20, 28, 30, 39, 45, 53, 55, 60, 61, 66, 80, 82, 87, 93, 104, 124]
	⭕  Bike to 66 (0.7 min) +1
> 66 (16:47)
Rent:    [79, 106, 107, 115]
Return:  [0, 5, 20, 28, 30, 39, 45, 53, 55, 60, 61, 66, 80, 82, 87, 93, 104, 124]
	⭕  Walk to 102 (1.7 min) 
> 102 (16:49)
Rent:    [79, 106, 107, 115]
Return:  [0, 5, 20, 28, 30, 39, 45, 53, 55, 60, 61, 66, 80, 82, 87, 93, 104, 124]
	⭕  Bike to 66 (0.7 min) +1
> 66 (16:50)
Rent:    [79, 106, 107, 115]
Return:  [0, 5, 20, 28, 30, 39, 45, 53, 55, 60, 61, 66, 80, 82, 87, 93, 104, 124]
	⭕  Walk to 102 (1.7 min) 
> 102 (16:51)
Rent:    [79, 106, 107, 115]
Return:  [0, 5, 20, 28, 30, 39, 45, 53, 55, 60, 61, 66, 80, 82, 87, 93, 104, 124]
	⭕  Bike to 66 (0.7 min) +1
> 66 (16:52)
Rent:    [79, 106, 107, 115]
Return:  [0, 5, 20, 28, 30, 39, 45, 53, 55, 60, 61, 66, 80, 82, 87, 93, 104, 124]
	⭕  Walk to 102 (1.7 min) 
> 102 (16:54)
Rent:    [79, 106, 107, 115]
Return:  [0, 5, 20, 28, 30, 39, 45, 53, 55, 60, 61, 66, 80, 82, 87, 93, 104, 124]
	⭕  Bike to 66 (0.7 min) +1
> 66 (16:55)
Rent:    [79, 106, 107, 115]
Return:  [0, 5, 20, 28, 30, 39, 45, 53, 55, 60, 61, 66, 80, 82, 87, 93, 104, 124]
	⭕  Walk to 102 (1.7 min) 
> 102 (16:56)
Rent:    [79, 106, 107, 115]
Return:  [0, 5, 20, 28, 30, 39, 45, 53, 55, 60, 61, 66, 80, 82, 87, 93, 104, 124]
	⭕  Bike to 66 (0.7 min) +1
> 66 (16:57)
Rent:    [79, 106, 107, 115]
Return:  [0, 5, 20, 28, 30, 39, 45, 53, 55, 60, 61, 66, 80, 82, 87, 93, 104, 124]
	⭕  Walk to 102 (1.7 min) 
> 102 (16:59)
Rent:    [79, 106, 107, 115]
Return:  [0, 5, 20, 28, 30, 39, 45, 53, 55, 60, 61, 66, 80, 82, 87, 93, 104, 124]
	⭕  Bike to 66 (0.7 min) +1
> 66 (16:59)
Rent:    [79, 106, 107, 115]
Return:  [0, 5, 20, 28, 30, 39, 45, 53, 55, 60, 61, 66, 80, 82, 87, 93, 104, 124]
	⭕  Walk to 102 (1.7 min) 
> 102 (17:01)
Rent:    [79, 106, 107, 115]
Return:  [0, 5, 10, 20, 21, 28, 39, 45, 53, 55, 56, 60, 66, 71, 80, 82, 87, 104]
	⭕  Bike to 66 (0.7 min) +1
> 66 (17:02)
Rent:    [79, 106, 107, 115]
Return:  [0, 5, 10, 20, 21, 28, 39, 45, 53, 55, 56, 60, 66, 71, 80, 82, 87, 104]
	⭕  Walk to 102 (1.7 min) 
> 102 (17:04)
Rent:    [79, 106, 107, 115]
Return:  [0, 5, 10, 20, 21, 28, 39, 45, 53, 55, 56, 60, 66, 71, 80, 82, 87, 104]
	⭕  Bike to 66 (0.7 min) +1
> 66 (17:04)
Rent:    [79, 106, 107, 115]
Return:  [0, 5, 10, 20, 21, 28, 39, 45, 53, 55, 56, 60, 66, 71, 80, 82, 87, 104]
	⭕  Walk to 52 (2.4 min) 
> 52 (17:07)
Rent:    [79, 106, 107, 115]
Return:  [0, 5, 10, 20, 21, 28, 39, 45, 53, 55, 56, 60, 66, 71, 80, 82, 87, 104]
	⭕  Bike to 66 (1.1 min) +1
> 66 (17:08)
Rent:    [79, 106, 107, 115]
Return:  [0, 5, 10, 20, 21, 28, 39, 45, 53, 55, 56, 60, 66, 71, 80, 82, 87, 104]
	⭕  Walk to 52 (2.4 min) 
> 52 (17:10)
Rent:    [79, 106, 107, 115]
Return:  [0, 5, 10, 20, 21, 28, 39, 45, 53, 55, 56, 60, 66, 71, 80, 82, 87, 104]
	⭕  Bike to 66 (1.1 min) +1
> 66 (17:11)
Rent:    [79, 106, 107, 115]
Return:  [0, 5, 10, 20, 21, 28, 39, 45, 53, 55, 56, 60, 66, 71, 80, 82, 87, 104]
	⭕  Walk to 52 (2.4 min) 
> 52 (17:14)
Rent:    [79, 106, 107, 115]
Return:  [0, 5, 10, 20, 21, 28, 39, 45, 53, 55, 56, 60, 66, 71, 80, 82, 87, 104]
	⭕  Bike to 66 (1.1 min) +1
> 66 (17:15)
Rent:    [79, 106, 107, 115]
Return:  [0, 5, 10, 21, 23, 28, 30, 39, 45, 53, 55, 60, 66, 80, 82, 87, 93, 102, 104, 117, 124]
	⭕  Walk to 52 (2.4 min) 
> 52 (17:17)
Rent:    [79, 106, 107, 115]
Return:  [0, 5, 10, 21, 23, 28, 30, 39, 45, 53, 55, 60, 66, 80, 82, 87, 93, 102, 104, 117, 124]
	⭕  Bike to 66 (1.1 min) +1
> 66 (17:18)
Rent:    [79, 106, 107, 115]
Return:  [0, 5, 10, 21, 23, 28, 30, 39, 45, 53, 55, 60, 66, 80, 82, 87, 93, 102, 104, 117, 124]
	⭕  Walk to 52 (2.4 min) 
> 52 (17:21)
Rent:    [79, 106, 107, 115]
Return:  [0, 5, 10, 21, 23, 28, 30, 39, 45, 53, 55, 60, 66, 80, 82, 87, 93, 102, 104, 117, 124]
	⭕  Bike to 66 (1.1 min) +1
> 66 (17:22)
Rent:    [79, 106, 107, 115]
Return:  [0, 5, 10, 21, 23, 28, 30, 39, 45, 53, 55, 60, 66, 80, 82, 87, 93, 102, 104, 117, 124]
	⭕  Walk to 52 (2.4 min) 
> 52 (17:24)
Rent:    [79, 106, 107, 115]
Return:  [0, 5, 10, 21, 23, 28, 30, 39, 45, 53, 55, 60, 66, 80, 82, 87, 93, 102, 104, 117, 124]
	⭕  Bike to 66 (1.1 min) +1
> 66 (17:25)
Rent:    [79, 106, 107, 115]
Return:  [0, 5, 10, 21, 23, 28, 30, 39, 45, 53, 55, 60, 66, 80, 82, 87, 93, 102, 104, 117, 124]
	⭕  Walk to 102 (1.7 min) 
> 102 (17:27)
Rent:    [79, 106, 107, 115]
Return:  [0, 5, 10, 21, 23, 28, 30, 39, 45, 53, 55, 60, 66, 80, 82, 87, 93, 102, 104, 117, 124]
	⭕  Bike to 66 (0.7 min) +1
> 66 (17:28)
Rent:    [79, 106, 107, 115]
Return:  [0, 5, 10, 21, 23, 28, 30, 39, 45, 53, 55, 60, 66, 80, 82, 87, 93, 102, 104, 117, 124]
	⭕  Walk to 77 (3.3 min) 
> 77 (17:31)
Rent:    [57, 79, 106, 107, 115]
Return:  [0, 5, 21, 28, 39, 45, 52, 53, 55, 60, 61, 64, 66, 80, 82, 87, 88, 93, 102, 104, 117]
	⭕  Bike to 66 (1.2 min) +1
> 66 (17:32)
Rent:    [57, 79, 106, 107, 115]
Return:  [0, 5, 21, 28, 39, 45, 52, 53, 55, 60, 61, 64, 66, 80, 82, 87, 88, 93, 102, 104, 117]
	⭕  Walk to 77 (3.3 min) 
> 77 (17:35)
Rent:    [57, 79, 106, 107, 115]
Return:  [0, 5, 21, 28, 39, 45, 52, 53, 55, 60, 61, 64, 66, 80, 82, 87, 88, 93, 102, 104, 117]
	⭕  Bike to 66 (1.2 min) +1
> 66 (17:37)
Rent:    [57, 79, 106, 107, 115]
Return:  [0, 5, 21, 28, 39, 45, 52, 53, 55, 60, 61, 64, 66, 80, 82, 87, 88, 93, 102, 104, 117]
	⭕  Walk to 77 (3.3 min) 
> 77 (17:40)
Rent:    [57, 79, 106, 107, 115]
Return:  [0, 5, 21, 28, 39, 45, 52, 53, 55, 60, 61, 64, 66, 80, 82, 87, 88, 93, 102, 104, 117]
	⭕  Bike to 66 (1.2 min) +1
> 66 (17:41)
Rent:    [57, 79, 106, 107, 115]
Return:  [0, 5, 21, 28, 39, 45, 52, 53, 55, 60, 61, 64, 66, 80, 82, 87, 88, 93, 102, 104, 117]
	⭕  Walk to 77 (3.3 min) 
> 77 (17:44)
Rent:    [57, 79, 106, 107, 115]
Return:  [0, 5, 21, 28, 39, 45, 52, 53, 55, 60, 61, 64, 66, 80, 82, 87, 88, 93, 102, 104, 117]
	⭕  Bike to 66 (1.2 min) +1
> 66 (17:46)
Rent:    [57, 72, 79, 81, 106, 107, 115]
Return:  [0, 5, 10, 12, 20, 21, 26, 28, 34, 39, 45, 52, 53, 55, 60, 61, 64, 66, 80, 82, 87, 88, 104, 117, 124]
	⭕  Walk to 77 (3.3 min) 
> 77 (17:49)
Rent:    [57, 72, 79, 81, 106, 107, 115]
Return:  [0, 5, 10, 12, 20, 21, 26, 28, 34, 39, 45, 52, 53, 55, 60, 61, 64, 66, 80, 82, 87, 88, 104, 117, 124]
	⭕  Bike to 82 (1.8 min) +1
> 82 (17:51)
Rent:    [57, 72, 79, 81, 106, 107, 115]
Return:  [0, 5, 10, 12, 20, 21, 26, 28, 34, 39, 45, 52, 53, 55, 60, 61, 64, 66, 80, 82, 87, 88, 104, 117, 124]
	⭕  Walk to 30 (2.3 min) 
> 30 (17:53)
Rent:    [57, 72, 79, 81, 106, 107, 115]
Return:  [0, 5, 10, 12, 20, 21, 26, 28, 34, 39, 45, 52, 53, 55, 60, 61, 64, 66, 80, 82, 87, 88, 104, 117, 124]
	⭕  Bike to 87 (1.0 min) +1
> 87 (17:54)
Rent:    [57, 72, 79, 81, 106, 107, 115]
Return:  [0, 5, 10, 12, 20, 21, 26, 28, 34, 39, 45, 52, 53, 55, 60, 61, 64, 66, 80, 82, 87, 88, 104, 117, 124]
	⭕  Walk to 30 (2.6 min) 
> 30 (17:57)
Rent:    [57, 72, 79, 81, 106, 107, 115]
Return:  [0, 5, 10, 12, 20, 21, 26, 28, 34, 39, 45, 52, 53, 55, 60, 61, 64, 66, 80, 82, 87, 88, 104, 117, 124]
	⭕  Bike to 87 (1.0 min) +1
> 87 (17:58)
Rent:    [57, 72, 79, 81, 106, 107, 115]
Return:  [0, 5, 10, 12, 20, 21, 26, 28, 34, 39, 45, 52, 53, 55, 60, 61, 64, 66, 80, 82, 87, 88, 104, 117, 124]
	⭕  Walk to 30 (2.6 min) 
> 30 (18:00)
Rent:    [6, 57, 79, 81, 106, 107, 115]
Return:  [0, 10, 20, 21, 26, 28, 39, 45, 46, 52, 53, 55, 60, 61, 64, 66, 80, 82, 87, 88, 104, 117, 124]
	⭕  Bike to 87 (1.0 min) +1
> 87 (18:01)
Rent:    [6, 57, 79, 81, 106, 107, 115]
Return:  [0, 10, 20, 21, 26, 28, 39, 45, 46, 52, 53, 55, 60, 61, 64, 66, 80, 82, 87, 88, 104, 117, 124]
	⭕  Walk to 30 (2.6 min) 
> 30 (18:04)
Rent:    [6, 57, 79, 81, 106, 107, 115]
Return:  [0, 10, 20, 21, 26, 28, 39, 45, 46, 52, 53, 55, 60, 61, 64, 66, 80, 82, 87, 88, 104, 117, 124]
	⭕  Bike to 82 (1.7 min) +1
> 82 (18:06)
Rent:    [6, 57, 79, 81, 106, 107, 115]
Return:  [0, 10, 20, 21, 26, 28, 39, 45, 46, 52, 53, 55, 60, 61, 64, 66, 80, 82, 87, 88, 104, 117, 124]
	⭕  Walk to 77 (4.1 min) 
> 77 (18:10)
Rent:    [6, 57, 79, 81, 106, 107, 115]
Return:  [0, 10, 20, 21, 26, 28, 39, 45, 46, 52, 53, 55, 60, 61, 64, 66, 80, 82, 87, 88, 104, 117, 124]
	⭕  Bike to 66 (1.2 min) +1
> 66 (18:11)
Rent:    [6, 57, 79, 81, 106, 107, 115]
Return:  [0, 10, 20, 21, 26, 28, 39, 45, 46, 52, 53, 55, 60, 61, 64, 66, 80, 82, 87, 88, 104, 117, 124]
	⭕  Walk to 77 (3.3 min) 
> 77 (18:14)
Rent:    [6, 57, 79, 81, 106, 107, 115]
Return:  [0, 10, 20, 21, 26, 28, 39, 45, 46, 52, 53, 55, 60, 61, 64, 66, 80, 82, 87, 88, 104, 117, 124]
	⭕  Bike to 66 (1.2 min) +1
> 66 (18:15)
Rent:    [6, 57, 79, 81, 106, 107, 115]
Return:  [0, 10, 20, 21, 28, 30, 45, 46, 47, 52, 53, 55, 60, 64, 66, 80, 82, 87, 88, 92, 117, 124]
	⭕  Walk to 27 (6.6 min) 
> 27 (18:22)
Rent:    [6, 57, 79, 81, 106, 107, 115]
Return:  [0, 10, 20, 21, 28, 30, 45, 46, 47, 52, 53, 55, 60, 64, 66, 80, 82, 87, 88, 92, 117, 124]
	⭕  Bike to 117 (0.7 min) +1
> 117 (18:23)
Rent:    [6, 57, 79, 81, 106, 107, 115]
Return:  [0, 10, 20, 21, 28, 30, 45, 46, 47, 52, 53, 55, 60, 64, 66, 80, 82, 87, 88, 92, 117, 124]
	⭕  Walk to 27 (1.9 min) 
> 27 (18:25)
Rent:    [6, 57, 79, 81, 106, 107, 115]
Return:  [0, 10, 20, 21, 28, 30, 45, 46, 47, 52, 53, 55, 60, 64, 66, 80, 82, 87, 88, 92, 117, 124]
	⭕  Bike to 117 (0.7 min) +1
> 117 (18:25)
Rent:    [6, 57, 79, 81, 106, 107, 115]
Return:  [0, 10, 20, 21, 28, 30, 45, 46, 47, 52, 53, 55, 60, 64, 66, 80, 82, 87, 88, 92, 117, 124]
	⭕  Walk to 27 (1.9 min) 
> 27 (18:27)
Rent:    [6, 57, 79, 81, 106, 107, 115]
Return:  [0, 10, 20, 21, 28, 30, 45, 46, 47, 52, 53, 55, 60, 64, 66, 80, 82, 87, 88, 92, 117, 124]
	⭕  Bike to 117 (0.7 min) +1
> 117 (18:28)
Rent:    [6, 57, 79, 81, 106, 107, 115]
Return:  [0, 10, 20, 21, 28, 30, 45, 46, 47, 52, 53, 55, 60, 64, 66, 80, 82, 87, 88, 92, 117, 124]
	⭕  Walk to 27 (1.9 min) 
> 27 (18:30)
Rent:    [6, 38, 57, 72, 79, 81, 106, 107, 115]
Return:  [0, 5, 10, 20, 23, 28, 30, 37, 45, 46, 52, 53, 55, 60, 61, 64, 66, 80, 82, 87, 88, 92, 117, 124]
	⭕  Bike to 117 (0.7 min) +1
> 117 (18:30)
Rent:    [6, 38, 57, 72, 79, 81, 106, 107, 115]
Return:  [0, 5, 10, 20, 23, 28, 30, 37, 45, 46, 52, 53, 55, 60, 61, 64, 66, 80, 82, 87, 88, 92, 117, 124]
	⭕  Walk to 27 (1.9 min) 
> 27 (18:32)
Rent:    [6, 38, 57, 72, 79, 81, 106, 107, 115]
Return:  [0, 5, 10, 20, 23, 28, 30, 37, 45, 46, 52, 53, 55, 60, 61, 64, 66, 80, 82, 87, 88, 92, 117, 124]
	⭕  Bike to 117 (0.7 min) +1
> 117 (18:33)
Rent:    [6, 38, 57, 72, 79, 81, 106, 107, 115]
Return:  [0, 5, 10, 20, 23, 28, 30, 37, 45, 46, 52, 53, 55, 60, 61, 64, 66, 80, 82, 87, 88, 92, 117, 124]
	⭕  Walk to 105 (2.0 min) 
> 105 (18:35)
Rent:    [6, 38, 57, 72, 79, 81, 106, 107, 115]
Return:  [0, 5, 10, 20, 23, 28, 30, 37, 45, 46, 52, 53, 55, 60, 61, 64, 66, 80, 82, 87, 88, 92, 117, 124]
	⭕  Bike to 117 (0.7 min) +1
> 117 (18:36)
Rent:    [6, 38, 57, 72, 79, 81, 106, 107, 115]
Return:  [0, 5, 10, 20, 23, 28, 30, 37, 45, 46, 52, 53, 55, 60, 61, 64, 66, 80, 82, 87, 88, 92, 117, 124]
	⭕  Walk to 105 (2.0 min) 
> 105 (18:38)
Rent:    [6, 38, 57, 72, 79, 81, 106, 107, 115]
Return:  [0, 5, 10, 20, 23, 28, 30, 37, 45, 46, 52, 53, 55, 60, 61, 64, 66, 80, 82, 87, 88, 92, 117, 124]
	⭕  Bike to 117 (0.7 min) +1
> 117 (18:39)
Rent:    [6, 38, 57, 72, 79, 81, 106, 107, 115]
Return:  [0, 5, 10, 20, 23, 28, 30, 37, 45, 46, 52, 53, 55, 60, 61, 64, 66, 80, 82, 87, 88, 92, 117, 124]
	⭕  Walk to 27 (1.9 min) 
> 27 (18:40)
Rent:    [6, 38, 57, 72, 79, 81, 106, 107, 115]
Return:  [0, 5, 10, 20, 23, 28, 30, 37, 45, 46, 52, 53, 55, 60, 61, 64, 66, 80, 82, 87, 88, 92, 117, 124]
	⭕  Bike to 117 (0.7 min) +1
> 117 (18:41)
Rent:    [6, 38, 57, 72, 79, 81, 106, 107, 115]
Return:  [0, 5, 10, 20, 23, 28, 30, 37, 45, 46, 52, 53, 55, 60, 61, 64, 66, 80, 82, 87, 88, 92, 117, 124]
	⭕  Walk to 27 (1.9 min) 
> 27 (18:43)
Rent:    [6, 38, 57, 72, 79, 81, 106, 107, 115]
Return:  [0, 5, 10, 20, 23, 28, 30, 37, 45, 46, 52, 53, 55, 60, 61, 64, 66, 80, 82, 87, 88, 92, 117, 124]
	⭕  Bike to 117 (0.7 min) +1
> 117 (18:44)
Rent:    [6, 38, 57, 72, 79, 81, 106, 107, 115]
Return:  [0, 5, 10, 20, 23, 28, 30, 37, 45, 46, 52, 53, 55, 60, 61, 64, 66, 80, 82, 87, 88, 92, 117, 124]
	⭕  Walk to 105 (2.0 min) 
> 105 (18:46)
Rent:    [6, 38, 57, 72, 79, 81, 106, 107, 115]
Return:  [0, 5, 10, 20, 23, 28, 30, 37, 45, 46, 50, 52, 53, 55, 60, 61, 64, 66, 80, 82, 87, 88, 92, 117, 124]
	⭕  Bike to 117 (0.7 min) +1
> 117 (18:47)
Rent:    [6, 38, 57, 72, 79, 81, 106, 107, 115]
Return:  [0, 5, 10, 20, 23, 28, 30, 37, 45, 46, 50, 52, 53, 55, 60, 61, 64, 66, 80, 82, 87, 88, 92, 117, 124]
	⭕  Walk to 27 (1.9 min) 
> 27 (18:48)
Rent:    [6, 38, 57, 72, 79, 81, 106, 107, 115]
Return:  [0, 5, 10, 20, 23, 28, 30, 37, 45, 46, 50, 52, 53, 55, 60, 61, 64, 66, 80, 82, 87, 88, 92, 117, 124]
	⭕  Bike to 117 (0.7 min) +1
> 117 (18:49)
Rent:    [6, 38, 57, 72, 79, 81, 106, 107, 115]
Return:  [0, 5, 10, 20, 23, 28, 30, 37, 45, 46, 50, 52, 53, 55, 60, 61, 64, 66, 80, 82, 87, 88, 92, 117, 124]
	⭕  Walk to 105 (2.0 min) 
> 105 (18:51)
Rent:    [6, 38, 57, 72, 79, 81, 106, 107, 115]
Return:  [0, 5, 10, 20, 23, 28, 30, 37, 45, 46, 50, 52, 53, 55, 60, 61, 64, 66, 80, 82, 87, 88, 92, 117, 124]
	⭕  Bike to 117 (0.7 min) +1
> 117 (18:52)
Rent:    [6, 38, 57, 72, 79, 81, 106, 107, 115]
Return:  [0, 5, 10, 20, 23, 28, 30, 37, 45, 46, 50, 52, 53, 55, 60, 61, 64, 66, 80, 82, 87, 88, 92, 117, 124]
	⭕  Walk to 105 (2.0 min) 
> 105 (18:54)
Rent:    [6, 38, 57, 72, 79, 81, 106, 107, 115]
Return:  [0, 5, 10, 20, 23, 28, 30, 37, 45, 46, 50, 52, 53, 55, 60, 61, 64, 66, 80, 82, 87, 88, 92, 117, 124]
	⭕  Bike to 117 (0.7 min) +1
> 117 (18:55)
Rent:    [6, 38, 57, 72, 79, 81, 106, 107, 115]
Return:  [0, 5, 10, 20, 23, 28, 30, 37, 45, 46, 50, 52, 53, 55, 60, 61, 64, 66, 80, 82, 87, 88, 92, 117, 124]
	⭕  Walk to 119 (8.1 min) 
> 119 (19:03)
Rent:    [6, 38, 54, 57, 72, 79, 81, 98, 106, 107, 115]
Return:  [5, 10, 20, 23, 28, 29, 30, 37, 45, 46, 47, 50, 53, 55, 60, 61, 64, 66, 77, 80, 82, 87, 88, 104, 117, 124]
	⭕  Bike to 46 (2.4 min) +1
> 46 (19:05)
Rent:    [6, 38, 54, 57, 72, 79, 81, 98, 106, 107, 115]
Return:  [5, 10, 20, 23, 28, 29, 30, 37, 45, 46, 47, 50, 53, 55, 60, 61, 64, 66, 77, 80, 82, 87, 88, 104, 117, 124]
	⭕  Walk to 119 (4.9 min) 
> 119 (19:10)
Rent:    [6, 38, 54, 57, 72, 79, 81, 98, 106, 107, 115]
Return:  [5, 10, 20, 23, 28, 29, 30, 37, 45, 46, 47, 50, 53, 55, 60, 61, 64, 66, 77, 80, 82, 87, 88, 104, 117, 124]
	⭕  Bike to 28 (3.2 min) +1
> 28 (19:13)
Rent:    [6, 38, 54, 57, 72, 79, 81, 98, 106, 107, 115]
Return:  [5, 10, 20, 23, 28, 29, 30, 37, 45, 46, 47, 50, 53, 55, 60, 61, 64, 66, 77, 80, 82, 87, 88, 104, 117, 124]
	⭕  Walk to 52 (6.6 min) 
> 52 (19:20)
Rent:    [2, 6, 38, 54, 57, 72, 79, 81, 98, 106, 107, 115]
Return:  [0, 5, 10, 20, 26, 28, 29, 37, 45, 46, 47, 53, 55, 60, 61, 64, 66, 77, 80, 82, 87, 88, 92, 105, 117, 124]
	⭕  Bike to 66 (1.1 min) +1
> 66 (19:21)
Rent:    [2, 6, 38, 54, 57, 72, 79, 81, 98, 106, 107, 115]
Return:  [0, 5, 10, 20, 26, 28, 29, 37, 45, 46, 47, 53, 55, 60, 61, 64, 66, 77, 80, 82, 87, 88, 92, 105, 117, 124]
	⭕  Walk to 52 (2.4 min) 
> 52 (19:23)
Rent:    [2, 6, 38, 54, 57, 72, 79, 81, 98, 106, 107, 115]
Return:  [0, 5, 10, 20, 26, 28, 29, 37, 45, 46, 47, 53, 55, 60, 61, 64, 66, 77, 80, 82, 87, 88, 92, 105, 117, 124]
	⭕  Bike to 66 (1.1 min) +1
> 66 (19:24)
Rent:    [2, 6, 38, 54, 57, 72, 79, 81, 98, 106, 107, 115]
Return:  [0, 5, 10, 20, 26, 28, 29, 37, 45, 46, 47, 53, 55, 60, 61, 64, 66, 77, 80, 82, 87, 88, 92, 105, 117, 124]
	⭕  Walk to 102 (1.7 min) 
> 102 (19:26)
Rent:    [2, 6, 38, 54, 57, 72, 79, 81, 98, 106, 107, 115]
Return:  [0, 5, 10, 20, 26, 28, 29, 37, 45, 46, 47, 53, 55, 60, 61, 64, 66, 77, 80, 82, 87, 88, 92, 105, 117, 124]
	⭕  Bike to 66 (0.7 min) +1
> 66 (19:27)
Rent:    [2, 6, 38, 54, 57, 72, 79, 81, 98, 106, 107, 115]
Return:  [0, 5, 10, 20, 26, 28, 29, 37, 45, 46, 47, 53, 55, 60, 61, 64, 66, 77, 80, 82, 87, 88, 92, 105, 117, 124]
	⭕  Walk to 27 (6.6 min) 
> 27 (19:33)
Rent:    [2, 6, 38, 54, 57, 72, 79, 81, 89, 95, 106, 107, 115]
Return:  [0, 5, 10, 20, 21, 23, 24, 28, 29, 33, 37, 46, 50, 53, 55, 60, 61, 64, 66, 77, 80, 82, 87, 88, 92, 105, 117]
	⭕  Bike to 117 (0.7 min) +1
> 117 (19:34)
Rent:    [2, 6, 38, 54, 57, 72, 79, 81, 89, 95, 106, 107, 115]
Return:  [0, 5, 10, 20, 21, 23, 24, 28, 29, 33, 37, 46, 50, 53, 55, 60, 61, 64, 66, 77, 80, 82, 87, 88, 92, 105, 117]
	⭕  Walk to 27 (1.9 min) 
> 27 (19:36)
Rent:    [2, 6, 38, 54, 57, 72, 79, 81, 89, 95, 106, 107, 115]
Return:  [0, 5, 10, 20, 21, 23, 24, 28, 29, 33, 37, 46, 50, 53, 55, 60, 61, 64, 66, 77, 80, 82, 87, 88, 92, 105, 117]
	⭕  Bike to 117 (0.7 min) +1
> 117 (19:37)
Rent:    [2, 6, 38, 54, 57, 72, 79, 81, 89, 95, 106, 107, 115]
Return:  [0, 5, 10, 20, 21, 23, 24, 28, 29, 33, 37, 46, 50, 53, 55, 60, 61, 64, 66, 77, 80, 82, 87, 88, 92, 105, 117]
	⭕  Walk to 30 (9.4 min) 
> 30 (19:46)
Rent:    [6, 38, 40, 54, 57, 72, 79, 81, 89, 95, 106, 107, 115]
Return:  [0, 10, 14, 20, 21, 23, 24, 26, 27, 28, 33, 37, 46, 50, 53, 55, 60, 61, 64, 66, 77, 80, 82, 87, 88, 92, 102, 105, 117]
	⭕  Bike to 87 (1.0 min) +1
> 87 (19:47)
Rent:    [6, 38, 40, 54, 57, 72, 79, 81, 89, 95, 106, 107, 115]
Return:  [0, 10, 14, 20, 21, 23, 24, 26, 27, 28, 33, 37, 46, 50, 53, 55, 60, 61, 64, 66, 77, 80, 82, 87, 88, 92, 102, 105, 117]
	⭕  Walk to 30 (2.6 min) 
> 30 (19:50)
Rent:    [6, 38, 40, 54, 57, 72, 79, 81, 89, 95, 106, 107, 115]
Return:  [0, 10, 14, 20, 21, 23, 24, 26, 27, 28, 33, 37, 46, 50, 53, 55, 60, 61, 64, 66, 77, 80, 82, 87, 88, 92, 102, 105, 117]
	⭕  Bike to 77 (1.4 min) +1
> 77 (19:51)
Rent:    [6, 38, 40, 54, 57, 72, 79, 81, 89, 95, 106, 107, 115]
Return:  [0, 10, 14, 20, 21, 23, 24, 26, 27, 28, 33, 37, 46, 50, 53, 55, 60, 61, 64, 66, 77, 80, 82, 87, 88, 92, 102, 105, 117]
	⭕  Walk to 12 (11 min) 
> 12 (20:02)
Rent:    [6, 17, 32, 40, 54, 57, 72, 79, 81, 89, 95, 106, 107, 115]
Return:  [0, 10, 14, 20, 21, 24, 26, 27, 28, 30, 33, 34, 37, 46, 47, 50, 52, 53, 55, 60, 61, 64, 66, 77, 80, 82, 87, 88, 92, 102, 105, 117, 124]
	⭕  Bike to 53 (2.0 min) +1
> 53 (20:04)
Rent:    [6, 17, 32, 40, 54, 57, 72, 79, 81, 89, 95, 106, 107, 115]
Return:  [0, 10, 14, 20, 21, 24, 26, 27, 28, 30, 33, 34, 37, 46, 47, 50, 52, 53, 55, 60, 61, 64, 66, 77, 80, 82, 87, 88, 92, 102, 105, 117, 124]
	⭕  Walk to 12 (3.4 min) 
> 12 (20:07)
Rent:    [6, 17, 32, 40, 54, 57, 72, 79, 81, 89, 95, 106, 107, 115]
Return:  [0, 10, 14, 20, 21, 24, 26, 27, 28, 30, 33, 34, 37, 46, 47, 50, 52, 53, 55, 60, 61, 64, 66, 77, 80, 82, 87, 88, 92, 102, 105, 117, 124]
	⭕  Bike to 53 (2.0 min) +1
> 53 (20:09)
Rent:    [6, 17, 32, 40, 54, 57, 72, 79, 81, 89, 95, 106, 107, 115]
Return:  [0, 10, 14, 20, 21, 24, 26, 27, 28, 30, 33, 34, 37, 46, 47, 50, 52, 53, 55, 60, 61, 64, 66, 77, 80, 82, 87, 88, 92, 102, 105, 117, 124]
	⭕  Walk to 12 (3.4 min) 
> 12 (20:13)
Rent:    [6, 17, 32, 40, 54, 57, 72, 79, 81, 89, 95, 106, 107, 115]
Return:  [0, 10, 14, 20, 21, 24, 26, 27, 28, 30, 33, 34, 37, 46, 47, 50, 52, 53, 55, 60, 61, 64, 66, 77, 80, 82, 87, 88, 92, 102, 105, 117, 124]
	⭕  Bike to 53 (2.0 min) +1
> 53 (20:15)
Rent:    [6, 17, 32, 40, 54, 57, 72, 79, 81, 95, 98, 106, 107, 114, 115]
Return:  [0, 5, 10, 20, 21, 24, 26, 27, 28, 30, 33, 37, 46, 47, 50, 53, 55, 60, 61, 64, 66, 77, 80, 82, 87, 88, 92, 102, 104, 117, 124]
	⭕  Walk to 12 (3.4 min) 
> 12 (20:18)
Rent:    [6, 17, 32, 40, 54, 57, 72, 79, 81, 95, 98, 106, 107, 114, 115]
Return:  [0, 5, 10, 20, 21, 24, 26, 27, 28, 30, 33, 37, 46, 47, 50, 53, 55, 60, 61, 64, 66, 77, 80, 82, 87, 88, 92, 102, 104, 117, 124]
	⭕  Bike to 53 (2.0 min) +1
> 53 (20:20)
Rent:    [6, 17, 32, 40, 54, 57, 72, 79, 81, 95, 98, 106, 107, 114, 115]
Return:  [0, 5, 10, 20, 21, 24, 26, 27, 28, 30, 33, 37, 46, 47, 50, 53, 55, 60, 61, 64, 66, 77, 80, 82, 87, 88, 92, 102, 104, 117, 124]
	⭕  Walk to 12 (3.4 min) 
> 12 (20:23)
Rent:    [6, 17, 32, 40, 54, 57, 72, 79, 81, 95, 98, 106, 107, 114, 115]
Return:  [0, 5, 10, 20, 21, 24, 26, 27, 28, 30, 33, 37, 46, 47, 50, 53, 55, 60, 61, 64, 66, 77, 80, 82, 87, 88, 92, 102, 104, 117, 124]
	⭕  Bike to 53 (2.0 min) +1
> 53 (20:26)
Rent:    [6, 17, 32, 40, 54, 57, 72, 79, 81, 95, 98, 106, 107, 114, 115]
Return:  [0, 5, 10, 20, 21, 24, 26, 27, 28, 30, 33, 37, 46, 47, 50, 53, 55, 60, 61, 64, 66, 77, 80, 82, 87, 88, 92, 102, 104, 117, 124]
	⭕  Walk to 93 (6.2 min) 
> 93 (20:32)
Rent:    [2, 6, 17, 32, 54, 57, 72, 79, 81, 95, 106, 107, 114, 115]
Return:  [0, 5, 10, 20, 21, 24, 26, 27, 28, 30, 33, 37, 45, 46, 47, 50, 53, 55, 60, 61, 64, 66, 77, 80, 82, 87, 88, 92, 102, 105, 117, 124]
	⭕  Bike to 61 (1.6 min) +1
> 61 (20:33)
Rent:    [2, 6, 17, 32, 54, 57, 72, 79, 81, 95, 106, 107, 114, 115]
Return:  [0, 5, 10, 20, 21, 24, 26, 27, 28, 30, 33, 37, 45, 46, 47, 50, 53, 55, 60, 61, 64, 66, 77, 80, 82, 87, 88, 92, 102, 105, 117, 124]
	⭕  Walk to 4 (4.4 min) 
> 4 (20:38)
Rent:    [2, 6, 17, 32, 54, 57, 72, 79, 81, 95, 106, 107, 114, 115]
Return:  [0, 5, 10, 20, 21, 24, 26, 27, 28, 30, 33, 37, 45, 46, 47, 50, 53, 55, 60, 61, 64, 66, 77, 80, 82, 87, 88, 92, 102, 105, 117, 124]
	⭕  Bike to 33 (1.4 min) +1
> 33 (20:39)
Rent:    [2, 6, 17, 32, 54, 57, 72, 79, 81, 95, 106, 107, 114, 115]
Return:  [0, 5, 10, 20, 21, 24, 26, 27, 28, 30, 33, 37, 45, 46, 47, 50, 53, 55, 60, 61, 64, 66, 77, 80, 82, 87, 88, 92, 102, 105, 117, 124]
	⭕  Walk to 4 (2.8 min) 
> 4 (20:42)
Rent:    [2, 6, 17, 32, 54, 57, 72, 79, 81, 95, 106, 107, 114, 115]
Return:  [0, 5, 10, 20, 21, 24, 26, 27, 28, 30, 33, 37, 45, 46, 47, 50, 53, 55, 60, 61, 64, 66, 77, 80, 82, 87, 88, 92, 102, 105, 117, 124]
	⭕  Bike to 33 (1.4 min) +1
> 33 (20:43)
Rent:    [2, 6, 17, 32, 54, 57, 72, 79, 81, 95, 106, 107, 114, 115]
Return:  [0, 5, 10, 20, 21, 24, 26, 27, 28, 30, 33, 37, 45, 46, 47, 50, 53, 55, 60, 61, 64, 66, 77, 80, 82, 87, 88, 92, 102, 105, 117, 124]
	⭕  Walk to 4 (2.8 min) 
> 4 (20:46)
Rent:    [6, 17, 32, 54, 57, 72, 79, 81, 89, 95, 106, 107, 114, 115]
Return:  [0, 5, 10, 20, 21, 24, 26, 27, 28, 30, 33, 37, 39, 45, 46, 47, 50, 53, 55, 60, 61, 64, 66, 77, 80, 82, 87, 88, 92, 102, 105, 117, 124]
	⭕  Bike to 33 (1.4 min) +1
> 33 (20:48)
Rent:    [6, 17, 32, 54, 57, 72, 79, 81, 89, 95, 106, 107, 114, 115]
Return:  [0, 5, 10, 20, 21, 24, 26, 27, 28, 30, 33, 37, 39, 45, 46, 47, 50, 53, 55, 60, 61, 64, 66, 77, 80, 82, 87, 88, 92, 102, 105, 117, 124]
	⭕  Walk to 4 (2.8 min) 
> 4 (20:50)
Rent:    [6, 17, 32, 54, 57, 72, 79, 81, 89, 95, 106, 107, 114, 115]
Return:  [0, 5, 10, 20, 21, 24, 26, 27, 28, 30, 33, 37, 39, 45, 46, 47, 50, 53, 55, 60, 61, 64, 66, 77, 80, 82, 87, 88, 92, 102, 105, 117, 124]
	⭕  Bike to 33 (1.4 min) +1
> 33 (20:52)
Rent:    [6, 17, 32, 54, 57, 72, 79, 81, 89, 95, 106, 107, 114, 115]
Return:  [0, 5, 10, 20, 21, 24, 26, 27, 28, 30, 33, 37, 39, 45, 46, 47, 50, 53, 55, 60, 61, 64, 66, 77, 80, 82, 87, 88, 92, 102, 105, 117, 124]
	⭕  Walk to 4 (2.8 min) 
> 4 (20:55)
Rent:    [6, 17, 32, 54, 57, 72, 79, 81, 89, 95, 106, 107, 114, 115]
Return:  [0, 5, 10, 20, 21, 24, 26, 27, 28, 30, 33, 37, 39, 45, 46, 47, 50, 53, 55, 60, 61, 64, 66, 77, 80, 82, 87, 88, 92, 102, 105, 117, 124]
	⭕  Bike to 33 (1.4 min) +1
> 33 (20:56)
Rent:    [6, 17, 32, 54, 57, 72, 79, 81, 89, 95, 106, 107, 114, 115]
Return:  [0, 5, 10, 20, 21, 24, 26, 27, 28, 30, 33, 37, 39, 45, 46, 47, 50, 53, 55, 60, 61, 64, 66, 77, 80, 82, 87, 88, 92, 102, 105, 117, 124]
	⭕  Walk to 4 (2.8 min) 
> 4 (20:59)
Rent:    [6, 17, 32, 54, 57, 72, 79, 81, 89, 95, 106, 107, 114, 115]
Return:  [0, 5, 10, 20, 21, 24, 26, 27, 28, 30, 33, 37, 39, 45, 46, 47, 50, 53, 55, 60, 61, 64, 66, 77, 80, 82, 87, 88, 92, 102, 105, 117, 124]
	⭕  Bike to 33 (1.4 min) +1
> 33 (21:00)
Rent:    [2, 6, 17, 32, 54, 57, 72, 79, 81, 95, 98, 106, 107, 114, 115]
Return:  [0, 5, 10, 21, 24, 26, 27, 28, 29, 30, 33, 37, 39, 45, 46, 47, 50, 52, 53, 55, 60, 61, 64, 66, 77, 80, 82, 87, 88, 92, 102, 105, 117, 124]
	⭕  Walk to 4 (2.8 min) 
> 4 (21:03)
Rent:    [2, 6, 17, 32, 54, 57, 72, 79, 81, 95, 98, 106, 107, 114, 115]
Return:  [0, 5, 10, 21, 24, 26, 27, 28, 29, 30, 33, 37, 39, 45, 46, 47, 50, 52, 53, 55, 60, 61, 64, 66, 77, 80, 82, 87, 88, 92, 102, 105, 117, 124]
	⭕  Bike to 33 (1.4 min) +1
> 33 (21:04)
Rent:    [2, 6, 17, 32, 54, 57, 72, 79, 81, 95, 98, 106, 107, 114, 115]
Return:  [0, 5, 10, 21, 24, 26, 27, 28, 29, 30, 33, 37, 39, 45, 46, 47, 50, 52, 53, 55, 60, 61, 64, 66, 77, 80, 82, 87, 88, 92, 102, 105, 117, 124]
	⭕  Walk to 4 (2.8 min) 
> 4 (21:07)
Rent:    [2, 6, 17, 32, 54, 57, 72, 79, 81, 95, 98, 106, 107, 114, 115]
Return:  [0, 5, 10, 21, 24, 26, 27, 28, 29, 30, 33, 37, 39, 45, 46, 47, 50, 52, 53, 55, 60, 61, 64, 66, 77, 80, 82, 87, 88, 92, 102, 105, 117, 124]
	⭕  Bike to 33 (1.4 min) +1
> 33 (21:09)
Rent:    [2, 6, 17, 32, 54, 57, 72, 79, 81, 95, 98, 106, 107, 114, 115]
Return:  [0, 5, 10, 21, 24, 26, 27, 28, 29, 30, 33, 37, 39, 45, 46, 47, 50, 52, 53, 55, 60, 61, 64, 66, 77, 80, 82, 87, 88, 92, 102, 105, 117, 124]
	⭕  Walk to 4 (2.8 min) 
> 4 (21:11)
Rent:    [2, 6, 17, 32, 54, 57, 72, 79, 81, 95, 98, 106, 107, 114, 115]
Return:  [0, 5, 10, 21, 24, 26, 27, 28, 29, 30, 33, 37, 39, 45, 46, 47, 50, 52, 53, 55, 60, 61, 64, 66, 77, 80, 82, 87, 88, 92, 102, 105, 117, 124]
	⭕  Bike to 33 (1.4 min) +1
> 33 (21:13)
Rent:    [2, 6, 17, 32, 54, 57, 72, 79, 81, 95, 98, 106, 107, 114, 115]
Return:  [0, 5, 10, 21, 24, 26, 27, 28, 29, 30, 33, 37, 39, 45, 46, 47, 50, 52, 53, 55, 60, 61, 64, 66, 77, 80, 82, 87, 88, 92, 102, 105, 117, 124]
	⭕  Walk to 4 (2.8 min) 
> 4 (21:16)
Rent:    [6, 17, 32, 40, 54, 72, 79, 89, 95, 106, 107, 114]
Return:  [0, 5, 10, 20, 21, 24, 26, 27, 28, 30, 33, 37, 39, 45, 46, 47, 50, 52, 53, 55, 60, 61, 64, 66, 77, 78, 80, 82, 87, 88, 92, 102, 105, 117, 121, 123, 124]
	⭕  Bike to 33 (1.4 min) +1
> 33 (21:17)
Rent:    [6, 17, 32, 40, 54, 72, 79, 89, 95, 106, 107, 114]
Return:  [0, 5, 10, 20, 21, 24, 26, 27, 28, 30, 33, 37, 39, 45, 46, 47, 50, 52, 53, 55, 60, 61, 64, 66, 77, 78, 80, 82, 87, 88, 92, 102, 105, 117, 121, 123, 124]
	⭕  Walk to 4 (2.8 min) 
> 4 (21:20)
Rent:    [6, 17, 32, 40, 54, 72, 79, 89, 95, 106, 107, 114]
Return:  [0, 5, 10, 20, 21, 24, 26, 27, 28, 30, 33, 37, 39, 45, 46, 47, 50, 52, 53, 55, 60, 61, 64, 66, 77, 78, 80, 82, 87, 88, 92, 102, 105, 117, 121, 123, 124]
	⭕  Bike to 33 (1.4 min) +1
> 33 (21:21)
Rent:    [6, 17, 32, 40, 54, 72, 79, 89, 95, 106, 107, 114]
Return:  [0, 5, 10, 20, 21, 24, 26, 27, 28, 30, 33, 37, 39, 45, 46, 47, 50, 52, 53, 55, 60, 61, 64, 66, 77, 78, 80, 82, 87, 88, 92, 102, 105, 117, 121, 123, 124]
	⭕  Walk to 4 (2.8 min) 
> 4 (21:24)
Rent:    [6, 17, 32, 40, 54, 72, 79, 89, 95, 106, 107, 114]
Return:  [0, 5, 10, 20, 21, 24, 26, 27, 28, 30, 33, 37, 39, 45, 46, 47, 50, 52, 53, 55, 60, 61, 64, 66, 77, 78, 80, 82, 87, 88, 92, 102, 105, 117, 121, 123, 124]
	⭕  Bike to 33 (1.4 min) +1
> 33 (21:25)
Rent:    [6, 17, 32, 40, 54, 72, 79, 89, 95, 106, 107, 114]
Return:  [0, 5, 10, 20, 21, 24, 26, 27, 28, 30, 33, 37, 39, 45, 46, 47, 50, 52, 53, 55, 60, 61, 64, 66, 77, 78, 80, 82, 87, 88, 92, 102, 105, 117, 121, 123, 124]
	⭕  Walk to 4 (2.8 min) 
> 4 (21:28)
Rent:    [6, 17, 32, 40, 54, 72, 79, 89, 95, 106, 107, 114]
Return:  [0, 5, 10, 20, 21, 24, 26, 27, 28, 30, 33, 37, 39, 45, 46, 47, 50, 52, 53, 55, 60, 61, 64, 66, 77, 78, 80, 82, 87, 88, 92, 102, 105, 117, 121, 123, 124]
	⭕  Bike to 33 (1.4 min) +1
> 33 (21:30)
Rent:    [6, 17, 32, 40, 54, 72, 89, 95, 98, 106, 107, 114, 115]
Return:  [5, 20, 21, 24, 26, 27, 28, 30, 33, 37, 45, 46, 47, 50, 52, 53, 55, 60, 61, 64, 66, 77, 78, 80, 82, 87, 88, 92, 102, 105, 117, 123, 124]
	⭕  Walk to 104 (5.0 min) 
> 104 (21:35)
Rent:    [6, 17, 32, 40, 54, 72, 89, 95, 98, 106, 107, 114, 115]
Return:  [5, 20, 21, 24, 26, 27, 28, 30, 33, 37, 45, 46, 47, 50, 52, 53, 55, 60, 61, 64, 66, 77, 78, 80, 82, 87, 88, 92, 102, 105, 117, 123, 124]
	⭕  Bike to 5 (1.3 min) +1
> 5 (21:36)
Rent:    [6, 17, 32, 40, 54, 72, 89, 95, 98, 106, 107, 114, 115]
Return:  [5, 20, 21, 24, 26, 27, 28, 30, 33, 37, 45, 46, 47, 50, 52, 53, 55, 60, 61, 64, 66, 77, 78, 80, 82, 87, 88, 92, 102, 105, 117, 123, 124]
	⭕  Walk to 8 (2.6 min) 
> 8 (21:39)
Rent:    [6, 17, 32, 40, 54, 72, 89, 95, 98, 106, 107, 114, 115]
Return:  [5, 20, 21, 24, 26, 27, 28, 30, 33, 37, 45, 46, 47, 50, 52, 53, 55, 60, 61, 64, 66, 77, 78, 80, 82, 87, 88, 92, 102, 105, 117, 123, 124]
	⭕  Bike to 5 (1.9 min) +1
> 5 (21:40)
Rent:    [6, 17, 32, 40, 54, 72, 89, 95, 98, 106, 107, 114, 115]
Return:  [5, 20, 21, 24, 26, 27, 28, 30, 33, 37, 45, 46, 47, 50, 52, 53, 55, 60, 61, 64, 66, 77, 78, 80, 82, 87, 88, 92, 102, 105, 117, 123, 124]
	⭕  Walk to 8 (2.6 min) 
> 8 (21:43)
Rent:    [6, 17, 32, 40, 54, 72, 89, 95, 98, 106, 107, 114, 115]
Return:  [5, 20, 21, 24, 26, 27, 28, 30, 33, 37, 45, 46, 47, 50, 52, 53, 55, 60, 61, 64, 66, 77, 78, 80, 82, 87, 88, 92, 102, 105, 117, 123, 124]
	⭕  Bike to 5 (1.9 min) +1
> 5 (21:45)
Rent:    [2, 6, 32, 54, 72, 79, 89, 95, 98, 106, 107, 114, 115]
Return:  [0, 5, 21, 24, 26, 27, 28, 30, 33, 37, 41, 45, 46, 47, 50, 53, 60, 61, 64, 66, 77, 78, 80, 82, 87, 92, 102, 105, 117, 123, 124]
	⭕  Walk to 8 (2.6 min) 
> 8 (21:48)
Rent:    [2, 6, 32, 54, 72, 79, 89, 95, 98, 106, 107, 114, 115]
Return:  [0, 5, 21, 24, 26, 27, 28, 30, 33, 37, 41, 45, 46, 47, 50, 53, 60, 61, 64, 66, 77, 78, 80, 82, 87, 92, 102, 105, 117, 123, 124]
	⭕  Bike to 50 (2.0 min) +1
> 50 (21:50)
Rent:    [2, 6, 32, 54, 72, 79, 89, 95, 98, 106, 107, 114, 115]
Return:  [0, 5, 21, 24, 26, 27, 28, 30, 33, 37, 41, 45, 46, 47, 50, 53, 60, 61, 64, 66, 77, 78, 80, 82, 87, 92, 102, 105, 117, 123, 124]
	⭕  Walk to 104 (3.9 min) 
> 104 (21:53)
Rent:    [2, 6, 32, 54, 72, 79, 89, 95, 98, 106, 107, 114, 115]
Return:  [0, 5, 21, 24, 26, 27, 28, 30, 33, 37, 41, 45, 46, 47, 50, 53, 60, 61, 64, 66, 77, 78, 80, 82, 87, 92, 102, 105, 117, 123, 124]
	⭕  Bike to 50 (1.4 min) +1
> 50 (21:55)
Rent:    [2, 6, 32, 54, 72, 79, 89, 95, 98, 106, 107, 114, 115]
Return:  [0, 5, 21, 24, 26, 27, 28, 30, 33, 37, 41, 45, 46, 47, 50, 53, 60, 61, 64, 66, 77, 78, 80, 82, 87, 92, 102, 105, 117, 123, 124]
	⭕  Walk to 104 (3.9 min) 
> 104 (21:59)
Rent:    [2, 6, 32, 54, 72, 79, 89, 95, 98, 106, 107, 114, 115]
Return:  [0, 5, 21, 24, 26, 27, 28, 30, 33, 37, 41, 45, 46, 47, 50, 53, 60, 61, 64, 66, 77, 78, 80, 82, 87, 92, 102, 105, 117, 123, 124]
	⭕  Bike to 5 (1.3 min) +1
> 5 (22:00)
Rent:    [6, 17, 32, 54, 72, 79, 95, 98, 106, 107, 115]
Return:  [0, 5, 8, 21, 24, 26, 27, 28, 29, 30, 33, 37, 41, 46, 47, 50, 52, 53, 60, 61, 64, 66, 77, 80, 82, 87, 88, 92, 102, 105, 118, 121, 124]
	⭕  Walk to 4 (3.8 min) 
> 4 (22:04)
Rent:    [6, 17, 32, 54, 72, 79, 95, 98, 106, 107, 115]
Return:  [0, 5, 8, 21, 24, 26, 27, 28, 29, 30, 33, 37, 41, 46, 47, 50, 52, 53, 60, 61, 64, 66, 77, 80, 82, 87, 88, 92, 102, 105, 118, 121, 124]
	⭕  Bike to 8 (1.4 min) +1
> 8 (22:05)
Rent:    [6, 17, 32, 54, 72, 79, 95, 98, 106, 107, 115]
Return:  [0, 5, 8, 21, 24, 26, 27, 28, 29, 30, 33, 37, 41, 46, 47, 50, 52, 53, 60, 61, 64, 66, 77, 80, 82, 87, 88, 92, 102, 105, 118, 121, 124]
	⭕  Walk to 4 (2.5 min) 
> 4 (22:08)
Rent:    [6, 17, 32, 54, 72, 79, 95, 98, 106, 107, 115]
Return:  [0, 5, 8, 21, 24, 26, 27, 28, 29, 30, 33, 37, 41, 46, 47, 50, 52, 53, 60, 61, 64, 66, 77, 80, 82, 87, 88, 92, 102, 105, 118, 121, 124]
	⭕  Bike to 8 (1.4 min) +1
> 8 (22:09)
Rent:    [6, 17, 32, 54, 72, 79, 95, 98, 106, 107, 115]
Return:  [0, 5, 8, 21, 24, 26, 27, 28, 29, 30, 33, 37, 41, 46, 47, 50, 52, 53, 60, 61, 64, 66, 77, 80, 82, 87, 88, 92, 102, 105, 118, 121, 124]
	⭕  Walk to 103 (3.9 min) 
> 103 (22:13)
Rent:    [6, 17, 32, 54, 72, 79, 95, 98, 106, 107, 115]
Return:  [0, 5, 8, 21, 24, 26, 27, 28, 29, 30, 33, 37, 41, 46, 47, 50, 52, 53, 60, 61, 64, 66, 77, 80, 82, 87, 88, 92, 102, 105, 118, 121, 124]
	⭕  Bike to 8 (2.0 min) +1
> 8 (22:15)
Rent:    [6, 17, 32, 54, 72, 79, 81, 89, 95, 98, 99, 106, 107, 114, 115]
Return:  [0, 5, 21, 24, 26, 27, 28, 29, 30, 33, 37, 41, 46, 47, 50, 52, 53, 60, 64, 66, 77, 82, 87, 88, 92, 102, 121, 124]
	⭕  Walk to 4 (2.5 min) 
> 4 (22:17)
Rent:    [6, 17, 32, 54, 72, 79, 81, 89, 95, 98, 99, 106, 107, 114, 115]
Return:  [0, 5, 21, 24, 26, 27, 28, 29, 30, 33, 37, 41, 46, 47, 50, 52, 53, 60, 64, 66, 77, 82, 87, 88, 92, 102, 121, 124]
	⭕  Bike to 33 (1.4 min) +1
> 33 (22:19)
Rent:    [6, 17, 32, 54, 72, 79, 81, 89, 95, 98, 99, 106, 107, 114, 115]
Return:  [0, 5, 21, 24, 26, 27, 28, 29, 30, 33, 37, 41, 46, 47, 50, 52, 53, 60, 64, 66, 77, 82, 87, 88, 92, 102, 121, 124]
	⭕  Walk to 56 (6.5 min) 
> 56 (22:25)
Rent:    [6, 17, 32, 54, 72, 79, 81, 89, 95, 98, 99, 106, 107, 114, 115]
Return:  [0, 5, 21, 24, 26, 27, 28, 29, 30, 33, 37, 41, 46, 47, 50, 52, 53, 60, 64, 66, 77, 82, 87, 88, 92, 102, 121, 124]
	⭕  Bike to 88 (2.3 min) +1
> 88 (22:28)
Rent:    [6, 17, 32, 54, 72, 79, 81, 89, 95, 98, 99, 106, 107, 114, 115]
Return:  [0, 5, 21, 24, 26, 27, 28, 29, 30, 33, 37, 41, 46, 47, 50, 52, 53, 60, 64, 66, 77, 82, 87, 88, 92, 102, 121, 124]
	⭕  Walk to 118 (3.0 min) 
> 118 (22:31)
Rent:    [2, 6, 17, 38, 54, 57, 72, 79, 81, 89, 95, 97, 98, 99, 106, 107, 114, 115]
Return:  [4, 5, 8, 21, 24, 26, 27, 28, 30, 33, 37, 46, 47, 50, 52, 60, 61, 64, 66, 77, 78, 82, 87, 88, 92, 93, 102, 121, 124]
	⭕  Bike to 88 (1.7 min) +1
> 88 (22:32)
Rent:    [2, 6, 17, 38, 54, 57, 72, 79, 81, 89, 95, 97, 98, 99, 106, 107, 114, 115]
Return:  [4, 5, 8, 21, 24, 26, 27, 28, 30, 33, 37, 46, 47, 50, 52, 60, 61, 64, 66, 77, 78, 82, 87, 88, 92, 93, 102, 121, 124]
	⭕  Walk to 118 (3.0 min) 
> 118 (22:35)
Rent:    [2, 6, 17, 38, 54, 57, 72, 79, 81, 89, 95, 97, 98, 99, 106, 107, 114, 115]
Return:  [4, 5, 8, 21, 24, 26, 27, 28, 30, 33, 37, 46, 47, 50, 52, 60, 61, 64, 66, 77, 78, 82, 87, 88, 92, 93, 102, 121, 124]
	⭕  Bike to 88 (1.7 min) +1
> 88 (22:37)
Rent:    [2, 6, 17, 38, 54, 57, 72, 79, 81, 89, 95, 97, 98, 99, 106, 107, 114, 115]
Return:  [4, 5, 8, 21, 24, 26, 27, 28, 30, 33, 37, 46, 47, 50, 52, 60, 61, 64, 66, 77, 78, 82, 87, 88, 92, 93, 102, 121, 124]
	⭕  Walk to 118 (3.0 min) 
> 118 (22:40)
Rent:    [2, 6, 17, 38, 54, 57, 72, 79, 81, 89, 95, 97, 98, 99, 106, 107, 114, 115]
Return:  [4, 5, 8, 21, 24, 26, 27, 28, 30, 33, 37, 46, 47, 50, 52, 60, 61, 64, 66, 77, 78, 82, 87, 88, 92, 93, 102, 121, 124]
	⭕  Bike to 88 (1.7 min) +1
> 88 (22:42)
Rent:    [2, 6, 17, 38, 54, 57, 72, 79, 81, 89, 95, 97, 98, 99, 106, 107, 114, 115]
Return:  [4, 5, 8, 21, 24, 26, 27, 28, 30, 33, 37, 46, 47, 50, 52, 60, 61, 64, 66, 77, 78, 82, 87, 88, 92, 93, 102, 121, 124]
	⭕  Walk to 19 (3.7 min) 
> 19 (22:45)
Rent:    [2, 6, 17, 32, 38, 54, 72, 79, 81, 89, 98, 99, 106, 107, 114, 115]
Return:  [0, 4, 5, 7, 8, 21, 24, 26, 27, 28, 30, 33, 35, 37, 39, 41, 46, 50, 52, 53, 59, 60, 61, 64, 66, 71, 77, 80, 82, 87, 88, 92, 101, 102, 104, 105, 123, 124]
	⭕  Bike to 60 (2.0 min) +1
> 60 (22:48)
Rent:    [2, 6, 17, 32, 38, 54, 72, 79, 81, 89, 98, 99, 106, 107, 114, 115]
Return:  [0, 4, 5, 7, 8, 21, 24, 26, 27, 28, 30, 33, 35, 37, 39, 41, 46, 50, 52, 53, 59, 60, 61, 64, 66, 71, 77, 80, 82, 87, 88, 92, 101, 102, 104, 105, 123, 124]
	🔵  End excursion
	⭕  Walk to 5 (6.9 min) 
> 5 (22:54)

---------- Excursion Complete ----------
End time: 22:54
Final station: 5
Bike count: 93
Walk count: 93
Wait count: 0
Total reward: 93
Seed: 2991420479

