Generated random seed: 9385934
---------- Starting Excursion -----------
Warmup time: 4.0 hours
Start time: 16:00 
Excursion time: 7.0 hours

> 1 (16:00)
Rent:    [54, 106, 107, 115]
Return:  [5, 10, 11, 21, 28, 29, 33, 37, 39, 46, 53, 55, 60, 71, 80, 90, 93, 102]
	⭕  Bike to 53 (3.0 min) +1
> 53 (16:03)
Rent:    [54, 106, 107, 115]
Return:  [5, 10, 11, 21, 28, 29, 33, 37, 39, 46, 53, 55, 60, 71, 80, 90, 93, 102]
	⭕  Walk to 87 (1.6 min) 
> 87 (16:04)
Rent:    [54, 106, 107, 115]
Return:  [5, 10, 11, 21, 28, 29, 33, 37, 39, 46, 53, 55, 60, 71, 80, 90, 93, 102]
	⭕  Bike to 53 (0.6 min) +1
> 53 (16:05)
Rent:    [54, 106, 107, 115]
Return:  [5, 10, 11, 21, 28, 29, 33, 37, 39, 46, 53, 55, 60, 71, 80, 90, 93, 102]
	⭕  Walk to 87 (1.6 min) 
> 87 (16:06)
Rent:    [54, 106, 107, 115]
Return:  [5, 10, 11, 21, 28, 29, 33, 37, 39, 46, 53, 55, 60, 71, 80, 90, 93, 102]
	⭕  Bike to 53 (0.6 min) +1
> 53 (16:07)
Rent:    [54, 106, 107, 115]
Return:  [5, 10, 11, 21, 28, 29, 33, 37, 39, 46, 53, 55, 60, 71, 80, 90, 93, 102]
	⭕  Walk to 87 (1.6 min) 
> 87 (16:08)
Rent:    [54, 106, 107, 115]
Return:  [5, 10, 11, 21, 28, 29, 33, 37, 39, 46, 53, 55, 60, 71, 80, 90, 93, 102]
	⭕  Bike to 53 (0.6 min) +1
> 53 (16:09)
Rent:    [54, 106, 107, 115]
Return:  [5, 10, 11, 21, 28, 29, 33, 37, 39, 46, 53, 55, 60, 71, 80, 90, 93, 102]
	⭕  Walk to 87 (1.6 min) 
> 87 (16:11)
Rent:    [54, 106, 107, 115]
Return:  [5, 10, 11, 21, 28, 29, 33, 37, 39, 46, 53, 55, 60, 71, 80, 90, 93, 102]
	⭕  Bike to 53 (0.6 min) +1
> 53 (16:11)
Rent:    [54, 106, 107, 115]
Return:  [5, 10, 11, 21, 28, 29, 33, 37, 39, 46, 53, 55, 60, 71, 80, 90, 93, 102]
	⭕  Walk to 87 (1.6 min) 
> 87 (16:13)
Rent:    [54, 106, 107, 115]
Return:  [5, 10, 11, 21, 28, 29, 33, 37, 39, 46, 53, 55, 60, 71, 80, 90, 93, 102]
	⭕  Bike to 53 (0.6 min) +1
> 53 (16:13)
Rent:    [54, 106, 107, 115]
Return:  [5, 10, 11, 21, 28, 29, 33, 37, 39, 46, 53, 55, 60, 71, 80, 90, 93, 102]
	⭕  Walk to 87 (1.6 min) 
> 87 (16:15)
Rent:    [54, 106, 107, 115]
Return:  [5, 10, 28, 33, 37, 39, 46, 53, 55, 60, 64, 71, 80, 93, 102]
	⭕  Bike to 53 (0.6 min) +1
> 53 (16:15)
Rent:    [54, 106, 107, 115]
Return:  [5, 10, 28, 33, 37, 39, 46, 53, 55, 60, 64, 71, 80, 93, 102]
	⭕  Walk to 87 (1.6 min) 
> 87 (16:17)
Rent:    [54, 106, 107, 115]
Return:  [5, 10, 28, 33, 37, 39, 46, 53, 55, 60, 64, 71, 80, 93, 102]
	⭕  Bike to 53 (0.6 min) +1
> 53 (16:18)
Rent:    [54, 106, 107, 115]
Return:  [5, 10, 28, 33, 37, 39, 46, 53, 55, 60, 64, 71, 80, 93, 102]
	⭕  Walk to 87 (1.6 min) 
> 87 (16:19)
Rent:    [54, 106, 107, 115]
Return:  [5, 10, 28, 33, 37, 39, 46, 53, 55, 60, 64, 71, 80, 93, 102]
	⭕  Bike to 53 (0.6 min) +1
> 53 (16:20)
Rent:    [54, 106, 107, 115]
Return:  [5, 10, 28, 33, 37, 39, 46, 53, 55, 60, 64, 71, 80, 93, 102]
	⭕  Walk to 47 (2.7 min) 
> 47 (16:22)
Rent:    [54, 106, 107, 115]
Return:  [5, 10, 28, 33, 37, 39, 46, 53, 55, 60, 64, 71, 80, 93, 102]
	⭕  Bike to 102 (2.6 min) +1
> 102 (16:25)
Rent:    [54, 106, 107, 115]
Return:  [5, 10, 28, 33, 37, 39, 46, 53, 55, 60, 64, 71, 80, 93, 102]
	⭕  Walk to 66 (1.7 min) 
> 66 (16:27)
Rent:    [54, 106, 107, 115]
Return:  [5, 10, 28, 33, 37, 39, 46, 53, 55, 60, 64, 71, 80, 93, 102]
	⭕  Bike to 102 (1.6 min) +1
> 102 (16:28)
Rent:    [54, 106, 107, 115]
Return:  [5, 10, 28, 33, 37, 39, 46, 53, 55, 60, 64, 71, 80, 93, 102]
	⭕  Walk to 66 (1.7 min) 
> 66 (16:30)
Rent:    [54, 57, 106, 107, 115]
Return:  [5, 10, 11, 21, 28, 33, 37, 39, 46, 53, 55, 60, 64, 71, 80, 92, 93, 102]
	⭕  Bike to 102 (1.6 min) +1
> 102 (16:32)
Rent:    [54, 57, 106, 107, 115]
Return:  [5, 10, 11, 21, 28, 33, 37, 39, 46, 53, 55, 60, 64, 71, 80, 92, 93, 102]
	⭕  Walk to 66 (1.7 min) 
> 66 (16:33)
Rent:    [54, 57, 106, 107, 115]
Return:  [5, 10, 11, 21, 28, 33, 37, 39, 46, 53, 55, 60, 64, 71, 80, 92, 93, 102]
	⭕  Bike to 102 (1.6 min) +1
> 102 (16:35)
Rent:    [54, 57, 106, 107, 115]
Return:  [5, 10, 11, 21, 28, 33, 37, 39, 46, 53, 55, 60, 64, 71, 80, 92, 93, 102]
	⭕  Walk to 66 (1.7 min) 
> 66 (16:37)
Rent:    [54, 57, 106, 107, 115]
Return:  [5, 10, 11, 21, 28, 33, 37, 39, 46, 53, 55, 60, 64, 71, 80, 92, 93, 102]
	⭕  Bike to 102 (1.6 min) +1
> 102 (16:38)
Rent:    [54, 57, 106, 107, 115]
Return:  [5, 10, 11, 21, 28, 33, 37, 39, 46, 53, 55, 60, 64, 71, 80, 92, 93, 102]
	⭕  Walk to 66 (1.7 min) 
> 66 (16:40)
Rent:    [54, 57, 106, 107, 115]
Return:  [5, 10, 11, 21, 28, 33, 37, 39, 46, 53, 55, 60, 64, 71, 80, 92, 93, 102]
	⭕  Bike to 102 (1.6 min) +1
> 102 (16:41)
Rent:    [54, 57, 106, 107, 115]
Return:  [5, 10, 11, 21, 28, 33, 37, 39, 46, 53, 55, 60, 64, 71, 80, 92, 93, 102]
	⭕  Walk to 66 (1.7 min) 
> 66 (16:43)
Rent:    [54, 57, 106, 107, 115]
Return:  [5, 10, 11, 21, 28, 33, 37, 39, 46, 53, 55, 60, 64, 71, 80, 92, 93, 102]
	⭕  Bike to 102 (1.6 min) +1
> 102 (16:45)
Rent:    [54, 57, 106, 107, 115]
Return:  [5, 10, 21, 28, 33, 37, 39, 46, 53, 55, 60, 64, 80, 87, 92, 93, 102]
	⭕  Walk to 66 (1.7 min) 
> 66 (16:46)
Rent:    [54, 57, 106, 107, 115]
Return:  [5, 10, 21, 28, 33, 37, 39, 46, 53, 55, 60, 64, 80, 87, 92, 93, 102]
	⭕  Bike to 102 (1.6 min) +1
> 102 (16:48)
Rent:    [54, 57, 106, 107, 115]
Return:  [5, 10, 21, 28, 33, 37, 39, 46, 53, 55, 60, 64, 80, 87, 92, 93, 102]
	⭕  Walk to 66 (1.7 min) 
> 66 (16:50)
Rent:    [54, 57, 106, 107, 115]
Return:  [5, 10, 21, 28, 33, 37, 39, 46, 53, 55, 60, 64, 80, 87, 92, 93, 102]
	⭕  Bike to 102 (1.6 min) +1
> 102 (16:51)
Rent:    [54, 57, 106, 107, 115]
Return:  [5, 10, 21, 28, 33, 37, 39, 46, 53, 55, 60, 64, 80, 87, 92, 93, 102]
	⭕  Walk to 66 (1.7 min) 
> 66 (16:53)
Rent:    [54, 57, 106, 107, 115]
Return:  [5, 10, 21, 28, 33, 37, 39, 46, 53, 55, 60, 64, 80, 87, 92, 93, 102]
	⭕  Bike to 102 (1.6 min) +1
> 102 (16:55)
Rent:    [54, 57, 106, 107, 115]
Return:  [5, 10, 21, 28, 33, 37, 39, 46, 53, 55, 60, 64, 80, 87, 92, 93, 102]
	⭕  Walk to 82 (4.1 min) 
> 82 (16:59)
Rent:    [54, 57, 106, 107, 115]
Return:  [5, 10, 21, 28, 33, 37, 39, 46, 53, 55, 60, 64, 80, 87, 92, 93, 102]
	⭕  Bike to 87 (1.0 min) +1
> 87 (17:00)
Rent:    [54, 57, 106, 107, 115]
Return:  [5, 10, 21, 28, 33, 34, 37, 39, 46, 53, 55, 60, 61, 64, 80, 87, 92, 93, 102]
	⭕  Walk to 30 (2.6 min) 
> 30 (17:02)
Rent:    [54, 57, 106, 107, 115]
Return:  [5, 10, 21, 28, 33, 34, 37, 39, 46, 53, 55, 60, 61, 64, 80, 87, 92, 93, 102]
	⭕  Bike to 87 (1.0 min) +1
> 87 (17:03)
Rent:    [54, 57, 106, 107, 115]
Return:  [5, 10, 21, 28, 33, 34, 37, 39, 46, 53, 55, 60, 61, 64, 80, 87, 92, 93, 102]
	⭕  Walk to 30 (2.6 min) 
> 30 (17:06)
Rent:    [54, 57, 106, 107, 115]
Return:  [5, 10, 21, 28, 33, 34, 37, 39, 46, 53, 55, 60, 61, 64, 80, 87, 92, 93, 102]
	⭕  Bike to 87 (1.0 min) +1
> 87 (17:07)
Rent:    [54, 57, 106, 107, 115]
Return:  [5, 10, 21, 28, 33, 34, 37, 39, 46, 53, 55, 60, 61, 64, 80, 87, 92, 93, 102]
	⭕  Walk to 30 (2.6 min) 
> 30 (17:10)
Rent:    [54, 57, 106, 107, 115]
Return:  [5, 10, 21, 28, 33, 34, 37, 39, 46, 53, 55, 60, 61, 64, 80, 87, 92, 93, 102]
	⭕  Bike to 87 (1.0 min) +1
> 87 (17:11)
Rent:    [54, 57, 106, 107, 115]
Return:  [5, 10, 21, 28, 33, 34, 37, 39, 46, 53, 55, 60, 61, 64, 80, 87, 92, 93, 102]
	⭕  Walk to 30 (2.6 min) 
> 30 (17:13)
Rent:    [54, 57, 106, 107, 115]
Return:  [5, 10, 21, 28, 33, 34, 37, 39, 46, 53, 55, 60, 61, 64, 80, 87, 92, 93, 102]
	⭕  Bike to 87 (1.0 min) +1
> 87 (17:14)
Rent:    [54, 57, 106, 107, 115]
Return:  [5, 10, 21, 28, 33, 34, 37, 39, 46, 53, 55, 60, 61, 64, 80, 87, 92, 93, 102]
	⭕  Walk to 30 (2.6 min) 
> 30 (17:17)
Rent:    [54, 57, 106, 107, 115]
Return:  [5, 11, 21, 28, 33, 34, 37, 39, 46, 53, 55, 60, 61, 64, 80, 87, 92, 93, 102]
	⭕  Bike to 87 (1.0 min) +1
> 87 (17:18)
Rent:    [54, 57, 106, 107, 115]
Return:  [5, 11, 21, 28, 33, 34, 37, 39, 46, 53, 55, 60, 61, 64, 80, 87, 92, 93, 102]
	⭕  Walk to 30 (2.6 min) 
> 30 (17:21)
Rent:    [54, 57, 106, 107, 115]
Return:  [5, 11, 21, 28, 33, 34, 37, 39, 46, 53, 55, 60, 61, 64, 80, 87, 92, 93, 102]
	⭕  Bike to 87 (1.0 min) +1
> 87 (17:22)
Rent:    [54, 57, 106, 107, 115]
Return:  [5, 11, 21, 28, 33, 34, 37, 39, 46, 53, 55, 60, 61, 64, 80, 87, 92, 93, 102]
	⭕  Walk to 30 (2.6 min) 
> 30 (17:24)
Rent:    [54, 57, 106, 107, 115]
Return:  [5, 11, 21, 28, 33, 34, 37, 39, 46, 53, 55, 60, 61, 64, 80, 87, 92, 93, 102]
	⭕  Bike to 87 (1.0 min) +1
> 87 (17:25)
Rent:    [54, 57, 106, 107, 115]
Return:  [5, 11, 21, 28, 33, 34, 37, 39, 46, 53, 55, 60, 61, 64, 80, 87, 92, 93, 102]
	⭕  Walk to 30 (2.6 min) 
> 30 (17:28)
Rent:    [54, 57, 106, 107, 115]
Return:  [5, 11, 21, 28, 33, 34, 37, 39, 46, 53, 55, 60, 61, 64, 80, 87, 92, 93, 102]
	⭕  Bike to 87 (1.0 min) +1
> 87 (17:29)
Rent:    [54, 57, 106, 107, 115]
Return:  [5, 11, 21, 28, 33, 34, 37, 39, 46, 53, 55, 60, 61, 64, 80, 87, 92, 93, 102]
	⭕  Walk to 30 (2.6 min) 
> 30 (17:32)
Rent:    [54, 106, 107, 115]
Return:  [5, 10, 11, 21, 28, 33, 34, 37, 39, 46, 53, 55, 60, 61, 64, 80, 82, 87, 92, 93, 102, 118, 121]
	⭕  Bike to 87 (1.0 min) +1
> 87 (17:33)
Rent:    [54, 106, 107, 115]
Return:  [5, 10, 11, 21, 28, 33, 34, 37, 39, 46, 53, 55, 60, 61, 64, 80, 82, 87, 92, 93, 102, 118, 121]
	⭕  Walk to 30 (2.6 min) 
> 30 (17:35)
Rent:    [54, 106, 107, 115]
Return:  [5, 10, 11, 21, 28, 33, 34, 37, 39, 46, 53, 55, 60, 61, 64, 80, 82, 87, 92, 93, 102, 118, 121]
	⭕  Bike to 87 (1.0 min) +1
> 87 (17:36)
Rent:    [54, 106, 107, 115]
Return:  [5, 10, 11, 21, 28, 33, 34, 37, 39, 46, 53, 55, 60, 61, 64, 80, 82, 87, 92, 93, 102, 118, 121]
	⭕  Walk to 47 (2.4 min) 
> 47 (17:39)
Rent:    [54, 106, 107, 115]
Return:  [5, 10, 11, 21, 28, 33, 34, 37, 39, 46, 53, 55, 60, 61, 64, 80, 82, 87, 92, 93, 102, 118, 121]
	⭕  Bike to 53 (1.2 min) +1
> 53 (17:40)
Rent:    [54, 106, 107, 115]
Return:  [5, 10, 11, 21, 28, 33, 34, 37, 39, 46, 53, 55, 60, 61, 64, 80, 82, 87, 92, 93, 102, 118, 121]
	⭕  Walk to 47 (2.7 min) 
> 47 (17:43)
Rent:    [54, 106, 107, 115]
Return:  [5, 10, 11, 21, 28, 33, 34, 37, 39, 46, 53, 55, 60, 61, 64, 80, 82, 87, 92, 93, 102, 118, 121]
	⭕  Bike to 53 (1.2 min) +1
> 53 (17:44)
Rent:    [54, 106, 107, 115]
Return:  [5, 10, 11, 21, 28, 33, 34, 37, 39, 46, 53, 55, 60, 61, 64, 80, 82, 87, 92, 93, 102, 118, 121]
	⭕  Walk to 47 (2.7 min) 
> 47 (17:47)
Rent:    [54, 57, 72, 100, 106, 107, 115]
Return:  [5, 10, 21, 28, 29, 30, 33, 34, 37, 39, 46, 53, 55, 60, 64, 66, 80, 82, 87, 92, 93, 102, 118, 121]
	⭕  Bike to 53 (1.2 min) +1
> 53 (17:48)
Rent:    [54, 57, 72, 100, 106, 107, 115]
Return:  [5, 10, 21, 28, 29, 30, 33, 34, 37, 39, 46, 53, 55, 60, 64, 66, 80, 82, 87, 92, 93, 102, 118, 121]
	⭕  Walk to 47 (2.7 min) 
> 47 (17:51)
Rent:    [54, 57, 72, 100, 106, 107, 115]
Return:  [5, 10, 21, 28, 29, 30, 33, 34, 37, 39, 46, 53, 55, 60, 64, 66, 80, 82, 87, 92, 93, 102, 118, 121]
	⭕  Bike to 53 (1.2 min) +1
> 53 (17:52)
Rent:    [54, 57, 72, 100, 106, 107, 115]
Return:  [5, 10, 21, 28, 29, 30, 33, 34, 37, 39, 46, 53, 55, 60, 64, 66, 80, 82, 87, 92, 93, 102, 118, 121]
	⭕  Walk to 47 (2.7 min) 
> 47 (17:54)
Rent:    [54, 57, 72, 100, 106, 107, 115]
Return:  [5, 10, 21, 28, 29, 30, 33, 34, 37, 39, 46, 53, 55, 60, 64, 66, 80, 82, 87, 92, 93, 102, 118, 121]
	⭕  Bike to 53 (1.2 min) +1
> 53 (17:56)
Rent:    [54, 57, 72, 100, 106, 107, 115]
Return:  [5, 10, 21, 28, 29, 30, 33, 34, 37, 39, 46, 53, 55, 60, 64, 66, 80, 82, 87, 92, 93, 102, 118, 121]
	⭕  Walk to 47 (2.7 min) 
> 47 (17:58)
Rent:    [54, 57, 72, 100, 106, 107, 115]
Return:  [5, 10, 21, 28, 29, 30, 33, 34, 37, 39, 46, 53, 55, 60, 64, 66, 80, 82, 87, 92, 93, 102, 118, 121]
	⭕  Bike to 53 (1.2 min) +1
> 53 (18:00)
Rent:    [54, 57, 72, 81, 100, 106, 107, 115]
Return:  [5, 10, 21, 28, 29, 33, 34, 37, 39, 46, 50, 53, 55, 60, 64, 80, 82, 87, 92, 93, 102, 121]
	⭕  Walk to 47 (2.7 min) 
> 47 (18:02)
Rent:    [54, 57, 72, 81, 100, 106, 107, 115]
Return:  [5, 10, 21, 28, 29, 33, 34, 37, 39, 46, 50, 53, 55, 60, 64, 80, 82, 87, 92, 93, 102, 121]
	⭕  Bike to 53 (1.2 min) +1
> 53 (18:04)
Rent:    [54, 57, 72, 81, 100, 106, 107, 115]
Return:  [5, 10, 21, 28, 29, 33, 34, 37, 39, 46, 50, 53, 55, 60, 64, 80, 82, 87, 92, 93, 102, 121]
	⭕  Walk to 47 (2.7 min) 
> 47 (18:06)
Rent:    [54, 57, 72, 81, 100, 106, 107, 115]
Return:  [5, 10, 21, 28, 29, 33, 34, 37, 39, 46, 50, 53, 55, 60, 64, 80, 82, 87, 92, 93, 102, 121]
	⭕  Bike to 53 (1.2 min) +1
> 53 (18:07)
Rent:    [54, 57, 72, 81, 100, 106, 107, 115]
Return:  [5, 10, 21, 28, 29, 33, 34, 37, 39, 46, 50, 53, 55, 60, 64, 80, 82, 87, 92, 93, 102, 121]
	⭕  Walk to 47 (2.7 min) 
> 47 (18:10)
Rent:    [54, 57, 72, 81, 100, 106, 107, 115]
Return:  [5, 10, 21, 28, 29, 33, 34, 37, 39, 46, 50, 53, 55, 60, 64, 80, 82, 87, 92, 93, 102, 121]
	⭕  Bike to 53 (1.2 min) +1
> 53 (18:11)
Rent:    [54, 57, 72, 81, 100, 106, 107, 115]
Return:  [5, 10, 21, 28, 29, 33, 34, 37, 39, 46, 50, 53, 55, 60, 64, 80, 82, 87, 92, 93, 102, 121]
	⭕  Walk to 47 (2.7 min) 
> 47 (18:14)
Rent:    [54, 57, 72, 81, 100, 106, 107, 115]
Return:  [5, 10, 21, 28, 29, 33, 34, 37, 39, 46, 50, 53, 55, 60, 64, 80, 82, 87, 92, 93, 102, 121]
	⭕  Bike to 53 (1.2 min) +1
> 53 (18:15)
Rent:    [54, 57, 72, 81, 100, 106, 107, 115]
Return:  [5, 10, 11, 20, 21, 28, 33, 34, 37, 39, 46, 50, 53, 55, 60, 64, 77, 80, 82, 87, 92, 93, 102, 121]
	⭕  Walk to 47 (2.7 min) 
> 47 (18:18)
Rent:    [54, 57, 72, 81, 100, 106, 107, 115]
Return:  [5, 10, 11, 20, 21, 28, 33, 34, 37, 39, 46, 50, 53, 55, 60, 64, 77, 80, 82, 87, 92, 93, 102, 121]
	⭕  Bike to 53 (1.2 min) +1
> 53 (18:19)
Rent:    [54, 57, 72, 81, 100, 106, 107, 115]
Return:  [5, 10, 11, 20, 21, 28, 33, 34, 37, 39, 46, 50, 53, 55, 60, 64, 77, 80, 82, 87, 92, 93, 102, 121]
	⭕  Walk to 47 (2.7 min) 
> 47 (18:22)
Rent:    [54, 57, 72, 81, 100, 106, 107, 115]
Return:  [5, 10, 11, 20, 21, 28, 33, 34, 37, 39, 46, 50, 53, 55, 60, 64, 77, 80, 82, 87, 92, 93, 102, 121]
	⭕  Bike to 53 (1.2 min) +1
> 53 (18:23)
Rent:    [54, 57, 72, 81, 100, 106, 107, 115]
Return:  [5, 10, 11, 20, 21, 28, 33, 34, 37, 39, 46, 50, 53, 55, 60, 64, 77, 80, 82, 87, 92, 93, 102, 121]
	⭕  Walk to 47 (2.7 min) 
> 47 (18:26)
Rent:    [54, 57, 72, 81, 100, 106, 107, 115]
Return:  [5, 10, 11, 20, 21, 28, 33, 34, 37, 39, 46, 50, 53, 55, 60, 64, 77, 80, 82, 87, 92, 93, 102, 121]
	⭕  Bike to 53 (1.2 min) +1
> 53 (18:27)
Rent:    [54, 57, 72, 81, 100, 106, 107, 115]
Return:  [5, 10, 11, 20, 21, 28, 33, 34, 37, 39, 46, 50, 53, 55, 60, 64, 77, 80, 82, 87, 92, 93, 102, 121]
	⭕  Walk to 47 (2.7 min) 
> 47 (18:30)
Rent:    [54, 57, 63, 72, 81, 100, 106, 107, 115]
Return:  [5, 10, 11, 21, 28, 29, 30, 37, 39, 46, 50, 53, 55, 59, 60, 64, 77, 80, 82, 87, 92, 93, 102, 121]
	⭕  Bike to 53 (1.2 min) +1
> 53 (18:31)
Rent:    [54, 57, 63, 72, 81, 100, 106, 107, 115]
Return:  [5, 10, 11, 21, 28, 29, 30, 37, 39, 46, 50, 53, 55, 59, 60, 64, 77, 80, 82, 87, 92, 93, 102, 121]
	⭕  Walk to 47 (2.7 min) 
> 47 (18:34)
Rent:    [54, 57, 63, 72, 81, 100, 106, 107, 115]
Return:  [5, 10, 11, 21, 28, 29, 30, 37, 39, 46, 50, 53, 55, 59, 60, 64, 77, 80, 82, 87, 92, 93, 102, 121]
	⭕  Bike to 53 (1.2 min) +1
> 53 (18:35)
Rent:    [54, 57, 63, 72, 81, 100, 106, 107, 115]
Return:  [5, 10, 11, 21, 28, 29, 30, 37, 39, 46, 50, 53, 55, 59, 60, 64, 77, 80, 82, 87, 92, 93, 102, 121]
	⭕  Walk to 47 (2.7 min) 
> 47 (18:38)
Rent:    [54, 57, 63, 72, 81, 100, 106, 107, 115]
Return:  [5, 10, 11, 21, 28, 29, 30, 37, 39, 46, 50, 53, 55, 59, 60, 64, 77, 80, 82, 87, 92, 93, 102, 121]
	⭕  Bike to 53 (1.2 min) +1
> 53 (18:39)
Rent:    [54, 57, 63, 72, 81, 100, 106, 107, 115]
Return:  [5, 10, 11, 21, 28, 29, 30, 37, 39, 46, 50, 53, 55, 59, 60, 64, 77, 80, 82, 87, 92, 93, 102, 121]
	⭕  Walk to 47 (2.7 min) 
> 47 (18:41)
Rent:    [54, 57, 63, 72, 81, 100, 106, 107, 115]
Return:  [5, 10, 11, 21, 28, 29, 30, 37, 39, 46, 50, 53, 55, 59, 60, 64, 77, 80, 82, 87, 92, 93, 102, 121]
	⭕  Bike to 53 (1.2 min) +1
> 53 (18:43)
Rent:    [54, 57, 63, 72, 81, 100, 106, 107, 115]
Return:  [5, 10, 11, 21, 28, 29, 30, 37, 39, 46, 50, 53, 55, 59, 60, 64, 77, 80, 82, 87, 92, 93, 102, 121]
	⭕  Walk to 12 (3.4 min) 
> 12 (18:46)
Rent:    [43, 54, 57, 63, 72, 81, 100, 106, 107, 115]
Return:  [3, 5, 10, 21, 23, 28, 30, 33, 37, 39, 46, 47, 50, 53, 55, 60, 61, 64, 74, 77, 80, 82, 87, 88, 92, 93, 102, 121]
	⭕  Bike to 93 (1.5 min) +1
> 93 (18:48)
Rent:    [43, 54, 57, 63, 72, 81, 100, 106, 107, 115]
Return:  [3, 5, 10, 21, 23, 28, 30, 33, 37, 39, 46, 47, 50, 53, 55, 60, 61, 64, 74, 77, 80, 82, 87, 88, 92, 93, 102, 121]
	⭕  Walk to 12 (2.9 min) 
> 12 (18:50)
Rent:    [43, 54, 57, 63, 72, 81, 100, 106, 107, 115]
Return:  [3, 5, 10, 21, 23, 28, 30, 33, 37, 39, 46, 47, 50, 53, 55, 60, 61, 64, 74, 77, 80, 82, 87, 88, 92, 93, 102, 121]
	⭕  Bike to 93 (1.5 min) +1
> 93 (18:52)
Rent:    [43, 54, 57, 63, 72, 81, 100, 106, 107, 115]
Return:  [3, 5, 10, 21, 23, 28, 30, 33, 37, 39, 46, 47, 50, 53, 55, 60, 61, 64, 74, 77, 80, 82, 87, 88, 92, 93, 102, 121]
	⭕  Walk to 12 (2.9 min) 
> 12 (18:55)
Rent:    [43, 54, 57, 63, 72, 81, 100, 106, 107, 115]
Return:  [3, 5, 10, 21, 23, 28, 30, 33, 37, 39, 46, 47, 50, 53, 55, 60, 61, 64, 74, 77, 80, 82, 87, 88, 92, 93, 102, 121]
	⭕  Bike to 93 (1.5 min) +1
> 93 (18:56)
Rent:    [43, 54, 57, 63, 72, 81, 100, 106, 107, 115]
Return:  [3, 5, 10, 21, 23, 28, 30, 33, 37, 39, 46, 47, 50, 53, 55, 60, 61, 64, 74, 77, 80, 82, 87, 88, 92, 93, 102, 121]
	⭕  Walk to 12 (2.9 min) 
> 12 (18:59)
Rent:    [43, 54, 57, 63, 72, 81, 100, 106, 107, 115]
Return:  [3, 5, 10, 21, 23, 28, 30, 33, 37, 39, 46, 47, 50, 53, 55, 60, 61, 64, 74, 77, 80, 82, 87, 88, 92, 93, 102, 121]
	⭕  Bike to 55 (1.8 min) +1
> 55 (19:01)
Rent:    [43, 54, 57, 63, 72, 81, 100, 106, 107, 115]
Return:  [10, 11, 28, 30, 33, 37, 39, 45, 46, 50, 53, 55, 60, 61, 64, 74, 77, 80, 82, 87, 88, 92, 93, 102, 121]
	⭕  Walk to 103 (3.4 min) 
> 103 (19:05)
Rent:    [43, 54, 57, 63, 72, 81, 100, 106, 107, 115]
Return:  [10, 11, 28, 30, 33, 37, 39, 45, 46, 50, 53, 55, 60, 61, 64, 74, 77, 80, 82, 87, 88, 92, 93, 102, 121]
	⭕  Bike to 55 (2.1 min) +1
> 55 (19:07)
Rent:    [43, 54, 57, 63, 72, 81, 100, 106, 107, 115]
Return:  [10, 11, 28, 30, 33, 37, 39, 45, 46, 50, 53, 55, 60, 61, 64, 74, 77, 80, 82, 87, 88, 92, 93, 102, 121]
	⭕  Walk to 12 (4.7 min) 
> 12 (19:11)
Rent:    [43, 54, 57, 63, 72, 81, 100, 106, 107, 115]
Return:  [10, 11, 28, 30, 33, 37, 39, 45, 46, 50, 53, 55, 60, 61, 64, 74, 77, 80, 82, 87, 88, 92, 93, 102, 121]
	⭕  Bike to 93 (1.5 min) +1
> 93 (19:13)
Rent:    [43, 54, 57, 63, 72, 81, 100, 106, 107, 115]
Return:  [10, 11, 28, 30, 33, 37, 39, 45, 46, 50, 53, 55, 60, 61, 64, 74, 77, 80, 82, 87, 88, 92, 93, 102, 121]
	⭕  Walk to 8 (5.9 min) 
> 8 (19:19)
Rent:    [43, 54, 57, 63, 72, 81, 100, 106, 107, 115]
Return:  [3, 10, 11, 20, 21, 28, 30, 33, 37, 39, 45, 46, 50, 53, 55, 60, 61, 64, 74, 77, 80, 82, 87, 88, 90, 92, 93, 102, 118, 121, 122]
	⭕  Bike to 93 (2.5 min) +1
> 93 (19:21)
Rent:    [43, 54, 57, 63, 72, 81, 100, 106, 107, 115]
Return:  [3, 10, 11, 20, 21, 28, 30, 33, 37, 39, 45, 46, 50, 53, 55, 60, 61, 64, 74, 77, 80, 82, 87, 88, 90, 92, 93, 102, 118, 121, 122]
	⭕  Walk to 12 (2.9 min) 
> 12 (19:24)
Rent:    [43, 54, 57, 63, 72, 81, 100, 106, 107, 115]
Return:  [3, 10, 11, 20, 21, 28, 30, 33, 37, 39, 45, 46, 50, 53, 55, 60, 61, 64, 74, 77, 80, 82, 87, 88, 90, 92, 93, 102, 118, 121, 122]
	⭕  Bike to 53 (2.0 min) +1
> 53 (19:26)
Rent:    [43, 54, 57, 63, 72, 81, 100, 106, 107, 115]
Return:  [3, 10, 11, 20, 21, 28, 30, 33, 37, 39, 45, 46, 50, 53, 55, 60, 61, 64, 74, 77, 80, 82, 87, 88, 90, 92, 93, 102, 118, 121, 122]
	⭕  Walk to 47 (2.7 min) 
> 47 (19:29)
Rent:    [43, 54, 57, 63, 72, 81, 100, 106, 107, 115]
Return:  [3, 10, 11, 20, 21, 28, 30, 33, 37, 39, 45, 46, 50, 53, 55, 60, 61, 64, 74, 77, 80, 82, 87, 88, 90, 92, 93, 102, 118, 121, 122]
	⭕  Bike to 53 (1.2 min) +1
> 53 (19:30)
Rent:    [43, 54, 57, 63, 72, 81, 99, 100, 106, 107, 115]
Return:  [3, 5, 10, 20, 21, 28, 29, 30, 33, 37, 39, 45, 46, 50, 53, 55, 56, 60, 61, 64, 74, 77, 80, 82, 87, 88, 92, 93, 102, 118, 121]
	⭕  Walk to 47 (2.7 min) 
> 47 (19:33)
Rent:    [43, 54, 57, 63, 72, 81, 99, 100, 106, 107, 115]
Return:  [3, 5, 10, 20, 21, 28, 29, 30, 33, 37, 39, 45, 46, 50, 53, 55, 56, 60, 61, 64, 74, 77, 80, 82, 87, 88, 92, 93, 102, 118, 121]
	⭕  Bike to 53 (1.2 min) +1
> 53 (19:34)
Rent:    [43, 54, 57, 63, 72, 81, 99, 100, 106, 107, 115]
Return:  [3, 5, 10, 20, 21, 28, 29, 30, 33, 37, 39, 45, 46, 50, 53, 55, 56, 60, 61, 64, 74, 77, 80, 82, 87, 88, 92, 93, 102, 118, 121]
	⭕  Walk to 34 (6.9 min) 
> 34 (19:41)
Rent:    [43, 54, 57, 63, 72, 81, 99, 100, 106, 107, 115]
Return:  [3, 5, 10, 20, 21, 28, 29, 30, 33, 37, 39, 45, 46, 50, 53, 55, 56, 60, 61, 64, 74, 77, 80, 82, 87, 88, 92, 93, 102, 118, 121]
	⭕  Bike to 77 (2.6 min) +1
> 77 (19:43)
Rent:    [43, 54, 57, 63, 72, 81, 99, 100, 106, 107, 115]
Return:  [3, 5, 10, 20, 21, 28, 29, 30, 33, 37, 39, 45, 46, 50, 53, 55, 56, 60, 61, 64, 74, 77, 80, 82, 87, 88, 92, 93, 102, 118, 121]
	⭕  Walk to 52 (3.3 min) 
> 52 (19:47)
Rent:    [43, 54, 57, 63, 72, 81, 99, 100, 106, 107, 115]
Return:  [3, 5, 10, 12, 20, 21, 28, 29, 30, 39, 41, 45, 46, 50, 53, 55, 60, 61, 64, 66, 74, 77, 82, 87, 88, 90, 92, 93, 102, 118, 121, 124]
	⭕  Bike to 66 (1.1 min) +1
> 66 (19:48)
Rent:    [43, 54, 57, 63, 72, 81, 99, 100, 106, 107, 115]
Return:  [3, 5, 10, 12, 20, 21, 28, 29, 30, 39, 41, 45, 46, 50, 53, 55, 60, 61, 64, 66, 74, 77, 82, 87, 88, 90, 92, 93, 102, 118, 121, 124]
	⭕  Walk to 52 (2.4 min) 
> 52 (19:50)
Rent:    [43, 54, 57, 63, 72, 81, 99, 100, 106, 107, 115]
Return:  [3, 5, 10, 12, 20, 21, 28, 29, 30, 39, 41, 45, 46, 50, 53, 55, 60, 61, 64, 66, 74, 77, 82, 87, 88, 90, 92, 93, 102, 118, 121, 124]
	⭕  Bike to 66 (1.1 min) +1
> 66 (19:51)
Rent:    [43, 54, 57, 63, 72, 81, 99, 100, 106, 107, 115]
Return:  [3, 5, 10, 12, 20, 21, 28, 29, 30, 39, 41, 45, 46, 50, 53, 55, 60, 61, 64, 66, 74, 77, 82, 87, 88, 90, 92, 93, 102, 118, 121, 124]
	⭕  Walk to 52 (2.4 min) 
> 52 (19:54)
Rent:    [43, 54, 57, 63, 72, 81, 99, 100, 106, 107, 115]
Return:  [3, 5, 10, 12, 20, 21, 28, 29, 30, 39, 41, 45, 46, 50, 53, 55, 60, 61, 64, 66, 74, 77, 82, 87, 88, 90, 92, 93, 102, 118, 121, 124]
	⭕  Bike to 66 (1.1 min) +1
> 66 (19:55)
Rent:    [43, 54, 57, 63, 72, 81, 99, 100, 106, 107, 115]
Return:  [3, 5, 10, 12, 20, 21, 28, 29, 30, 39, 41, 45, 46, 50, 53, 55, 60, 61, 64, 66, 74, 77, 82, 87, 88, 90, 92, 93, 102, 118, 121, 124]
	⭕  Walk to 52 (2.4 min) 
> 52 (19:57)
Rent:    [43, 54, 57, 63, 72, 81, 99, 100, 106, 107, 115]
Return:  [3, 5, 10, 12, 20, 21, 28, 29, 30, 39, 41, 45, 46, 50, 53, 55, 60, 61, 64, 66, 74, 77, 82, 87, 88, 90, 92, 93, 102, 118, 121, 124]
	⭕  Bike to 66 (1.1 min) +1
> 66 (19:58)
Rent:    [43, 54, 57, 63, 72, 81, 99, 100, 106, 107, 115]
Return:  [3, 5, 10, 12, 20, 21, 28, 29, 30, 39, 41, 45, 46, 50, 53, 55, 60, 61, 64, 66, 74, 77, 82, 87, 88, 90, 92, 93, 102, 118, 121, 124]
	⭕  Walk to 52 (2.4 min) 
> 52 (20:01)
Rent:    [6, 43, 54, 57, 69, 72, 81, 94, 99, 100, 106, 107, 115]
Return:  [3, 5, 10, 12, 20, 21, 28, 30, 45, 46, 47, 50, 53, 55, 59, 60, 61, 64, 66, 74, 77, 82, 87, 88, 92, 93, 102, 117, 118, 121, 124]
	⭕  Bike to 66 (1.1 min) +1
> 66 (20:02)
Rent:    [6, 43, 54, 57, 69, 72, 81, 94, 99, 100, 106, 107, 115]
Return:  [3, 5, 10, 12, 20, 21, 28, 30, 45, 46, 47, 50, 53, 55, 59, 60, 61, 64, 66, 74, 77, 82, 87, 88, 92, 93, 102, 117, 118, 121, 124]
	⭕  Walk to 27 (6.6 min) 
> 27 (20:08)
Rent:    [6, 43, 54, 57, 69, 72, 81, 94, 99, 100, 106, 107, 115]
Return:  [3, 5, 10, 12, 20, 21, 28, 30, 45, 46, 47, 50, 53, 55, 59, 60, 61, 64, 66, 74, 77, 82, 87, 88, 92, 93, 102, 117, 118, 121, 124]
	⭕  Bike to 117 (0.7 min) +1
> 117 (20:09)
Rent:    [6, 43, 54, 57, 69, 72, 81, 94, 99, 100, 106, 107, 115]
Return:  [3, 5, 10, 12, 20, 21, 28, 30, 45, 46, 47, 50, 53, 55, 59, 60, 61, 64, 66, 74, 77, 82, 87, 88, 92, 93, 102, 117, 118, 121, 124]
	⭕  Walk to 27 (1.9 min) 
> 27 (20:11)
Rent:    [6, 43, 54, 57, 69, 72, 81, 94, 99, 100, 106, 107, 115]
Return:  [3, 5, 10, 12, 20, 21, 28, 30, 45, 46, 47, 50, 53, 55, 59, 60, 61, 64, 66, 74, 77, 82, 87, 88, 92, 93, 102, 117, 118, 121, 124]
	⭕  Bike to 117 (0.7 min) +1
> 117 (20:12)
Rent:    [6, 43, 54, 57, 69, 72, 81, 94, 99, 100, 106, 107, 115]
Return:  [3, 5, 10, 12, 20, 21, 28, 30, 45, 46, 47, 50, 53, 55, 59, 60, 61, 64, 66, 74, 77, 82, 87, 88, 92, 93, 102, 117, 118, 121, 124]
	⭕  Walk to 27 (1.9 min) 
> 27 (20:14)
Rent:    [6, 43, 54, 57, 69, 72, 81, 94, 99, 100, 106, 107, 115]
Return:  [3, 5, 10, 12, 20, 21, 28, 30, 45, 46, 47, 50, 53, 55, 59, 60, 61, 64, 66, 74, 77, 82, 87, 88, 92, 93, 102, 117, 118, 121, 124]
	⭕  Bike to 117 (0.7 min) +1
> 117 (20:14)
Rent:    [6, 43, 54, 57, 69, 72, 81, 94, 99, 100, 106, 107, 115]
Return:  [3, 5, 10, 12, 20, 21, 28, 30, 45, 46, 47, 50, 53, 55, 59, 60, 61, 64, 66, 74, 77, 82, 87, 88, 92, 93, 102, 117, 118, 121, 124]
	⭕  Walk to 27 (1.9 min) 
> 27 (20:16)
Rent:    [6, 43, 54, 57, 63, 69, 72, 81, 94, 99, 100, 106, 107, 115]
Return:  [3, 10, 12, 20, 21, 28, 30, 41, 45, 46, 50, 53, 55, 59, 60, 61, 64, 66, 71, 74, 77, 82, 87, 88, 90, 92, 93, 102, 117, 118, 124]
	⭕  Bike to 117 (0.7 min) +1
> 117 (20:17)
Rent:    [6, 43, 54, 57, 63, 69, 72, 81, 94, 99, 100, 106, 107, 115]
Return:  [3, 10, 12, 20, 21, 28, 30, 41, 45, 46, 50, 53, 55, 59, 60, 61, 64, 66, 71, 74, 77, 82, 87, 88, 90, 92, 93, 102, 117, 118, 124]
	⭕  Walk to 27 (1.9 min) 
> 27 (20:19)
Rent:    [6, 43, 54, 57, 63, 69, 72, 81, 94, 99, 100, 106, 107, 115]
Return:  [3, 10, 12, 20, 21, 28, 30, 41, 45, 46, 50, 53, 55, 59, 60, 61, 64, 66, 71, 74, 77, 82, 87, 88, 90, 92, 93, 102, 117, 118, 124]
	⭕  Bike to 117 (0.7 min) +1
> 117 (20:19)
Rent:    [6, 43, 54, 57, 63, 69, 72, 81, 94, 99, 100, 106, 107, 115]
Return:  [3, 10, 12, 20, 21, 28, 30, 41, 45, 46, 50, 53, 55, 59, 60, 61, 64, 66, 71, 74, 77, 82, 87, 88, 90, 92, 93, 102, 117, 118, 124]
	⭕  Walk to 27 (1.9 min) 
> 27 (20:21)
Rent:    [6, 43, 54, 57, 63, 69, 72, 81, 94, 99, 100, 106, 107, 115]
Return:  [3, 10, 12, 20, 21, 28, 30, 41, 45, 46, 50, 53, 55, 59, 60, 61, 64, 66, 71, 74, 77, 82, 87, 88, 90, 92, 93, 102, 117, 118, 124]
	⭕  Bike to 117 (0.7 min) +1
> 117 (20:22)
Rent:    [6, 43, 54, 57, 63, 69, 72, 81, 94, 99, 100, 106, 107, 115]
Return:  [3, 10, 12, 20, 21, 28, 30, 41, 45, 46, 50, 53, 55, 59, 60, 61, 64, 66, 71, 74, 77, 82, 87, 88, 90, 92, 93, 102, 117, 118, 124]
	⭕  Walk to 27 (1.9 min) 
> 27 (20:24)
Rent:    [6, 43, 54, 57, 63, 69, 72, 81, 94, 99, 100, 106, 107, 115]
Return:  [3, 10, 12, 20, 21, 28, 30, 41, 45, 46, 50, 53, 55, 59, 60, 61, 64, 66, 71, 74, 77, 82, 87, 88, 90, 92, 93, 102, 117, 118, 124]
	⭕  Bike to 117 (0.7 min) +1
> 117 (20:25)
Rent:    [6, 43, 54, 57, 63, 69, 72, 81, 94, 99, 100, 106, 107, 115]
Return:  [3, 10, 12, 20, 21, 28, 30, 41, 45, 46, 50, 53, 55, 59, 60, 61, 64, 66, 71, 74, 77, 82, 87, 88, 90, 92, 93, 102, 117, 118, 124]
	⭕  Walk to 27 (1.9 min) 
> 27 (20:27)
Rent:    [6, 43, 54, 57, 63, 69, 72, 81, 94, 99, 100, 106, 107, 115]
Return:  [3, 10, 12, 20, 21, 28, 30, 41, 45, 46, 50, 53, 55, 59, 60, 61, 64, 66, 71, 74, 77, 82, 87, 88, 90, 92, 93, 102, 117, 118, 124]
	⭕  Bike to 117 (0.7 min) +1
> 117 (20:27)
Rent:    [6, 43, 54, 57, 63, 69, 72, 81, 94, 99, 100, 106, 107, 115]
Return:  [3, 10, 12, 20, 21, 28, 30, 41, 45, 46, 50, 53, 55, 59, 60, 61, 64, 66, 71, 74, 77, 82, 87, 88, 90, 92, 93, 102, 117, 118, 124]
	⭕  Walk to 105 (2.0 min) 
> 105 (20:29)
Rent:    [6, 43, 54, 57, 63, 69, 72, 81, 94, 99, 100, 106, 107, 115]
Return:  [3, 10, 12, 20, 21, 28, 30, 41, 45, 46, 50, 53, 55, 59, 60, 61, 64, 66, 71, 74, 77, 82, 87, 88, 90, 92, 93, 102, 117, 118, 124]
	⭕  Bike to 117 (0.7 min) +1
> 117 (20:30)
Rent:    [6, 43, 54, 57, 72, 81, 94, 99, 100, 106, 107, 114, 115]
Return:  [10, 12, 21, 26, 28, 30, 34, 41, 45, 46, 50, 53, 55, 60, 61, 64, 66, 74, 77, 82, 87, 88, 92, 93, 102, 117, 118, 124]
	⭕  Walk to 105 (2.0 min) 
> 105 (20:32)
Rent:    [6, 43, 54, 57, 72, 81, 94, 99, 100, 106, 107, 114, 115]
Return:  [10, 12, 21, 26, 28, 30, 34, 41, 45, 46, 50, 53, 55, 60, 61, 64, 66, 74, 77, 82, 87, 88, 92, 93, 102, 117, 118, 124]
	⭕  Bike to 117 (0.7 min) +1
> 117 (20:33)
Rent:    [6, 43, 54, 57, 72, 81, 94, 99, 100, 106, 107, 114, 115]
Return:  [10, 12, 21, 26, 28, 30, 34, 41, 45, 46, 50, 53, 55, 60, 61, 64, 66, 74, 77, 82, 87, 88, 92, 93, 102, 117, 118, 124]
	⭕  Walk to 105 (2.0 min) 
> 105 (20:35)
Rent:    [6, 43, 54, 57, 72, 81, 94, 99, 100, 106, 107, 114, 115]
Return:  [10, 12, 21, 26, 28, 30, 34, 41, 45, 46, 50, 53, 55, 60, 61, 64, 66, 74, 77, 82, 87, 88, 92, 93, 102, 117, 118, 124]
	⭕  Bike to 117 (0.7 min) +1
> 117 (20:36)
Rent:    [6, 43, 54, 57, 72, 81, 94, 99, 100, 106, 107, 114, 115]
Return:  [10, 12, 21, 26, 28, 30, 34, 41, 45, 46, 50, 53, 55, 60, 61, 64, 66, 74, 77, 82, 87, 88, 92, 93, 102, 117, 118, 124]
	⭕  Walk to 105 (2.0 min) 
> 105 (20:38)
Rent:    [6, 43, 54, 57, 72, 81, 94, 99, 100, 106, 107, 114, 115]
Return:  [10, 12, 21, 26, 28, 30, 34, 41, 45, 46, 50, 53, 55, 60, 61, 64, 66, 74, 77, 82, 87, 88, 92, 93, 102, 117, 118, 124]
	⭕  Bike to 117 (0.7 min) +1
> 117 (20:38)
Rent:    [6, 43, 54, 57, 72, 81, 94, 99, 100, 106, 107, 114, 115]
Return:  [10, 12, 21, 26, 28, 30, 34, 41, 45, 46, 50, 53, 55, 60, 61, 64, 66, 74, 77, 82, 87, 88, 92, 93, 102, 117, 118, 124]
	⭕  Walk to 27 (1.9 min) 
> 27 (20:40)
Rent:    [6, 43, 54, 57, 72, 81, 94, 99, 100, 106, 107, 114, 115]
Return:  [10, 12, 21, 26, 28, 30, 34, 41, 45, 46, 50, 53, 55, 60, 61, 64, 66, 74, 77, 82, 87, 88, 92, 93, 102, 117, 118, 124]
	⭕  Bike to 117 (0.7 min) +1
> 117 (20:41)
Rent:    [6, 43, 54, 57, 72, 81, 94, 99, 100, 106, 107, 114, 115]
Return:  [10, 12, 21, 26, 28, 30, 34, 41, 45, 46, 50, 53, 55, 60, 61, 64, 66, 74, 77, 82, 87, 88, 92, 93, 102, 117, 118, 124]
	⭕  Walk to 105 (2.0 min) 
> 105 (20:43)
Rent:    [6, 43, 54, 57, 72, 81, 94, 99, 100, 106, 107, 114, 115]
Return:  [10, 12, 21, 26, 28, 30, 34, 41, 45, 46, 50, 53, 55, 60, 61, 64, 66, 74, 77, 82, 87, 88, 92, 93, 102, 117, 118, 124]
	⭕  Bike to 117 (0.7 min) +1
> 117 (20:44)
Rent:    [6, 43, 54, 57, 72, 81, 94, 99, 100, 106, 107, 114, 115]
Return:  [10, 12, 21, 26, 28, 30, 34, 41, 45, 46, 50, 53, 55, 60, 61, 64, 66, 74, 77, 82, 87, 88, 92, 93, 102, 117, 118, 124]
	⭕  Walk to 105 (2.0 min) 
> 105 (20:46)
Rent:    [6, 18, 32, 43, 54, 57, 63, 72, 81, 94, 99, 100, 106, 107, 114, 115]
Return:  [5, 10, 12, 28, 30, 35, 41, 45, 46, 53, 55, 60, 61, 64, 66, 74, 77, 82, 87, 88, 90, 92, 93, 102, 117, 118, 124]
	⭕  Bike to 117 (0.7 min) +1
> 117 (20:46)
Rent:    [6, 18, 32, 43, 54, 57, 63, 72, 81, 94, 99, 100, 106, 107, 114, 115]
Return:  [5, 10, 12, 28, 30, 35, 41, 45, 46, 53, 55, 60, 61, 64, 66, 74, 77, 82, 87, 88, 90, 92, 93, 102, 117, 118, 124]
	⭕  Walk to 105 (2.0 min) 
> 105 (20:48)
Rent:    [6, 18, 32, 43, 54, 57, 63, 72, 81, 94, 99, 100, 106, 107, 114, 115]
Return:  [5, 10, 12, 28, 30, 35, 41, 45, 46, 53, 55, 60, 61, 64, 66, 74, 77, 82, 87, 88, 90, 92, 93, 102, 117, 118, 124]
	⭕  Bike to 117 (0.7 min) +1
> 117 (20:49)
Rent:    [6, 18, 32, 43, 54, 57, 63, 72, 81, 94, 99, 100, 106, 107, 114, 115]
Return:  [5, 10, 12, 28, 30, 35, 41, 45, 46, 53, 55, 60, 61, 64, 66, 74, 77, 82, 87, 88, 90, 92, 93, 102, 117, 118, 124]
	⭕  Walk to 105 (2.0 min) 
> 105 (20:51)
Rent:    [6, 18, 32, 43, 54, 57, 63, 72, 81, 94, 99, 100, 106, 107, 114, 115]
Return:  [5, 10, 12, 28, 30, 35, 41, 45, 46, 53, 55, 60, 61, 64, 66, 74, 77, 82, 87, 88, 90, 92, 93, 102, 117, 118, 124]
	⭕  Bike to 117 (0.7 min) +1
> 117 (20:52)
Rent:    [6, 18, 32, 43, 54, 57, 63, 72, 81, 94, 99, 100, 106, 107, 114, 115]
Return:  [5, 10, 12, 28, 30, 35, 41, 45, 46, 53, 55, 60, 61, 64, 66, 74, 77, 82, 87, 88, 90, 92, 93, 102, 117, 118, 124]
	⭕  Walk to 105 (2.0 min) 
> 105 (20:54)
Rent:    [6, 18, 32, 43, 54, 57, 63, 72, 81, 94, 99, 100, 106, 107, 114, 115]
Return:  [5, 10, 12, 28, 30, 35, 41, 45, 46, 53, 55, 60, 61, 64, 66, 74, 77, 82, 87, 88, 90, 92, 93, 102, 117, 118, 124]
	⭕  Bike to 117 (0.7 min) +1
> 117 (20:55)
Rent:    [6, 18, 32, 43, 54, 57, 63, 72, 81, 94, 99, 100, 106, 107, 114, 115]
Return:  [5, 10, 12, 28, 30, 35, 41, 45, 46, 53, 55, 60, 61, 64, 66, 74, 77, 82, 87, 88, 90, 92, 93, 102, 117, 118, 124]
	⭕  Walk to 105 (2.0 min) 
> 105 (20:57)
Rent:    [6, 18, 32, 43, 54, 57, 63, 72, 81, 94, 99, 100, 106, 107, 114, 115]
Return:  [5, 10, 12, 28, 30, 35, 41, 45, 46, 53, 55, 60, 61, 64, 66, 74, 77, 82, 87, 88, 90, 92, 93, 102, 117, 118, 124]
	⭕  Bike to 117 (0.7 min) +1
> 117 (20:57)
Rent:    [6, 18, 32, 43, 54, 57, 63, 72, 81, 94, 99, 100, 106, 107, 114, 115]
Return:  [5, 10, 12, 28, 30, 35, 41, 45, 46, 53, 55, 60, 61, 64, 66, 74, 77, 82, 87, 88, 90, 92, 93, 102, 117, 118, 124]
	⭕  Walk to 47 (12 min) 
> 47 (21:10)
Rent:    [6, 18, 32, 43, 54, 57, 69, 72, 81, 94, 100, 106, 107, 115]
Return:  [3, 5, 10, 12, 21, 24, 28, 30, 41, 45, 46, 53, 55, 60, 61, 64, 66, 74, 77, 82, 87, 88, 92, 93, 102, 117, 118, 124]
	⭕  Bike to 53 (1.2 min) +1
> 53 (21:11)
Rent:    [6, 18, 32, 43, 54, 57, 69, 72, 81, 94, 100, 106, 107, 115]
Return:  [3, 5, 10, 12, 21, 24, 28, 30, 41, 45, 46, 53, 55, 60, 61, 64, 66, 74, 77, 82, 87, 88, 92, 93, 102, 117, 118, 124]
	⭕  Walk to 47 (2.7 min) 
> 47 (21:13)
Rent:    [6, 18, 32, 43, 54, 57, 69, 72, 81, 94, 100, 106, 107, 115]
Return:  [3, 5, 10, 12, 21, 24, 28, 30, 41, 45, 46, 53, 55, 60, 61, 64, 66, 74, 77, 82, 87, 88, 92, 93, 102, 117, 118, 124]
	⭕  Bike to 53 (1.2 min) +1
> 53 (21:15)
Rent:    [6, 18, 32, 43, 54, 57, 69, 72, 81, 94, 100, 106, 107, 114, 115]
Return:  [3, 5, 10, 12, 21, 24, 28, 30, 41, 45, 46, 52, 53, 55, 60, 61, 64, 66, 74, 77, 82, 87, 88, 90, 92, 93, 102, 105, 117, 118, 121, 124]
	⭕  Walk to 103 (7.1 min) 
> 103 (21:22)
Rent:    [6, 18, 32, 43, 54, 57, 69, 72, 81, 94, 100, 106, 107, 114, 115]
Return:  [3, 5, 10, 12, 21, 24, 28, 30, 41, 45, 46, 52, 53, 55, 60, 61, 64, 66, 74, 77, 82, 87, 88, 90, 92, 93, 102, 105, 117, 118, 121, 124]
	⭕  Bike to 55 (2.1 min) +1
> 55 (21:24)
Rent:    [6, 18, 32, 43, 54, 57, 69, 72, 81, 94, 100, 106, 107, 114, 115]
Return:  [3, 5, 10, 12, 21, 24, 28, 30, 41, 45, 46, 52, 53, 55, 60, 61, 64, 66, 74, 77, 82, 87, 88, 90, 92, 93, 102, 105, 117, 118, 121, 124]
	⭕  Walk to 12 (4.7 min) 
> 12 (21:28)
Rent:    [6, 18, 32, 43, 54, 57, 69, 72, 81, 94, 100, 106, 107, 114, 115]
Return:  [3, 5, 10, 12, 21, 24, 28, 30, 41, 45, 46, 52, 53, 55, 60, 61, 64, 66, 74, 77, 82, 87, 88, 90, 92, 93, 102, 105, 117, 118, 121, 124]
	⭕  Bike to 93 (1.5 min) +1
> 93 (21:30)
Rent:    [6, 18, 32, 38, 43, 54, 57, 72, 81, 94, 100, 106, 107, 114, 115]
Return:  [5, 21, 24, 27, 28, 29, 30, 35, 46, 52, 53, 55, 60, 61, 64, 66, 71, 74, 77, 82, 87, 88, 90, 92, 93, 102, 105, 117, 118, 121, 124]
	⭕  Walk to 103 (6.7 min) 
> 103 (21:37)
Rent:    [6, 18, 32, 38, 43, 54, 57, 72, 81, 94, 100, 106, 107, 114, 115]
Return:  [5, 21, 24, 27, 28, 29, 30, 35, 46, 52, 53, 55, 60, 61, 64, 66, 71, 74, 77, 82, 87, 88, 90, 92, 93, 102, 105, 117, 118, 121, 124]
	⭕  Bike to 93 (2.9 min) +1
> 93 (21:40)
Rent:    [6, 18, 32, 38, 43, 54, 57, 72, 81, 94, 100, 106, 107, 114, 115]
Return:  [5, 21, 24, 27, 28, 29, 30, 35, 46, 52, 53, 55, 60, 61, 64, 66, 71, 74, 77, 82, 87, 88, 90, 92, 93, 102, 105, 117, 118, 121, 124]
	⭕  Walk to 12 (2.9 min) 
> 12 (21:42)
Rent:    [6, 18, 32, 38, 43, 54, 57, 72, 81, 94, 100, 106, 107, 114, 115]
Return:  [5, 21, 24, 27, 28, 29, 30, 35, 46, 52, 53, 55, 60, 61, 64, 66, 71, 74, 77, 82, 87, 88, 90, 92, 93, 102, 105, 117, 118, 121, 124]
	⭕  Bike to 93 (1.5 min) +1
> 93 (21:44)
Rent:    [6, 18, 32, 38, 43, 54, 57, 72, 81, 94, 100, 106, 107, 114, 115]
Return:  [5, 21, 24, 27, 28, 29, 30, 35, 46, 52, 53, 55, 60, 61, 64, 66, 71, 74, 77, 82, 87, 88, 90, 92, 93, 102, 105, 117, 118, 121, 124]
	⭕  Walk to 4 (7.8 min) 
> 4 (21:52)
Rent:    [6, 32, 38, 43, 54, 57, 70, 81, 94, 100, 106, 107, 114, 115]
Return:  [3, 5, 21, 24, 27, 28, 30, 46, 47, 52, 53, 55, 60, 64, 66, 74, 77, 82, 87, 88, 90, 92, 93, 102, 105, 117, 118, 121, 124]
	⭕  Bike to 5 (1.2 min) +1
> 5 (21:53)
Rent:    [6, 32, 38, 43, 54, 57, 70, 81, 94, 100, 106, 107, 114, 115]
Return:  [3, 5, 21, 24, 27, 28, 30, 46, 47, 52, 53, 55, 60, 64, 66, 74, 77, 82, 87, 88, 90, 92, 93, 102, 105, 117, 118, 121, 124]
	⭕  Walk to 4 (3.8 min) 
> 4 (21:57)
Rent:    [6, 32, 38, 43, 54, 57, 70, 81, 94, 100, 106, 107, 114, 115]
Return:  [3, 5, 21, 24, 27, 28, 30, 46, 47, 52, 53, 55, 60, 64, 66, 74, 77, 82, 87, 88, 90, 92, 93, 102, 105, 117, 118, 121, 124]
	⭕  Bike to 5 (1.2 min) +1
> 5 (21:58)
Rent:    [6, 32, 38, 43, 54, 57, 70, 81, 94, 100, 106, 107, 114, 115]
Return:  [3, 5, 21, 24, 27, 28, 30, 46, 47, 52, 53, 55, 60, 64, 66, 74, 77, 82, 87, 88, 90, 92, 93, 102, 105, 117, 118, 121, 124]
	⭕  Walk to 4 (3.8 min) 
> 4 (22:02)
Rent:    [6, 32, 38, 43, 54, 57, 69, 70, 72, 81, 94, 100, 106, 107, 114, 115]
Return:  [5, 8, 12, 21, 24, 28, 30, 33, 46, 50, 52, 53, 55, 56, 59, 60, 64, 66, 71, 74, 77, 82, 87, 88, 90, 92, 93, 102, 105, 117, 118, 121, 124]
	⭕  Bike to 8 (1.4 min) +1
> 8 (22:03)
Rent:    [6, 32, 38, 43, 54, 57, 69, 70, 72, 81, 94, 100, 106, 107, 114, 115]
Return:  [5, 8, 12, 21, 24, 28, 30, 33, 46, 50, 52, 53, 55, 56, 59, 60, 64, 66, 71, 74, 77, 82, 87, 88, 90, 92, 93, 102, 105, 117, 118, 121, 124]
	⭕  Walk to 4 (2.5 min) 
> 4 (22:06)
Rent:    [6, 32, 38, 43, 54, 57, 69, 70, 72, 81, 94, 100, 106, 107, 114, 115]
Return:  [5, 8, 12, 21, 24, 28, 30, 33, 46, 50, 52, 53, 55, 56, 59, 60, 64, 66, 71, 74, 77, 82, 87, 88, 90, 92, 93, 102, 105, 117, 118, 121, 124]
	⭕  Bike to 8 (1.4 min) +1
> 8 (22:07)
Rent:    [6, 32, 38, 43, 54, 57, 69, 70, 72, 81, 94, 100, 106, 107, 114, 115]
Return:  [5, 8, 12, 21, 24, 28, 30, 33, 46, 50, 52, 53, 55, 56, 59, 60, 64, 66, 71, 74, 77, 82, 87, 88, 90, 92, 93, 102, 105, 117, 118, 121, 124]
	⭕  Walk to 4 (2.5 min) 
> 4 (22:10)
Rent:    [6, 32, 38, 43, 54, 57, 69, 70, 72, 81, 94, 100, 106, 107, 114, 115]
Return:  [5, 8, 12, 21, 24, 28, 30, 33, 46, 50, 52, 53, 55, 56, 59, 60, 64, 66, 71, 74, 77, 82, 87, 88, 90, 92, 93, 102, 105, 117, 118, 121, 124]
	⭕  Bike to 8 (1.4 min) +1
> 8 (22:11)
Rent:    [6, 32, 38, 43, 54, 57, 69, 70, 72, 81, 94, 100, 106, 107, 114, 115]
Return:  [5, 8, 12, 21, 24, 28, 30, 33, 46, 50, 52, 53, 55, 56, 59, 60, 64, 66, 71, 74, 77, 82, 87, 88, 90, 92, 93, 102, 105, 117, 118, 121, 124]
	⭕  Walk to 4 (2.5 min) 
> 4 (22:13)
Rent:    [6, 32, 38, 43, 54, 57, 69, 70, 72, 81, 94, 100, 106, 107, 114, 115]
Return:  [5, 8, 12, 21, 24, 28, 30, 33, 46, 50, 52, 53, 55, 56, 59, 60, 64, 66, 71, 74, 77, 82, 87, 88, 90, 92, 93, 102, 105, 117, 118, 121, 124]
	⭕  Bike to 8 (1.4 min) +1
> 8 (22:15)
Rent:    [6, 32, 38, 43, 54, 57, 70, 72, 81, 94, 100, 106, 107, 114, 115]
Return:  [10, 12, 20, 21, 24, 26, 27, 28, 30, 33, 37, 46, 47, 50, 52, 53, 55, 59, 60, 64, 66, 77, 82, 88, 90, 92, 93, 102, 105, 117, 118, 121, 124]
	⭕  Walk to 4 (2.5 min) 
> 4 (22:17)
Rent:    [6, 32, 38, 43, 54, 57, 70, 72, 81, 94, 100, 106, 107, 114, 115]
Return:  [10, 12, 20, 21, 24, 26, 27, 28, 30, 33, 37, 46, 47, 50, 52, 53, 55, 59, 60, 64, 66, 77, 82, 88, 90, 92, 93, 102, 105, 117, 118, 121, 124]
	⭕  Bike to 33 (1.4 min) +1
> 33 (22:19)
Rent:    [6, 32, 38, 43, 54, 57, 70, 72, 81, 94, 100, 106, 107, 114, 115]
Return:  [10, 12, 20, 21, 24, 26, 27, 28, 30, 33, 37, 46, 47, 50, 52, 53, 55, 59, 60, 64, 66, 77, 82, 88, 90, 92, 93, 102, 105, 117, 118, 121, 124]
	⭕  Walk to 5 (3.0 min) 
> 5 (22:22)
Rent:    [6, 32, 38, 43, 54, 57, 70, 72, 81, 94, 100, 106, 107, 114, 115]
Return:  [10, 12, 20, 21, 24, 26, 27, 28, 30, 33, 37, 46, 47, 50, 52, 53, 55, 59, 60, 64, 66, 77, 82, 88, 90, 92, 93, 102, 105, 117, 118, 121, 124]
	⭕  Bike to 50 (1.0 min) +1
> 50 (22:23)
Rent:    [6, 32, 38, 43, 54, 57, 70, 72, 81, 94, 100, 106, 107, 114, 115]
Return:  [10, 12, 20, 21, 24, 26, 27, 28, 30, 33, 37, 46, 47, 50, 52, 53, 55, 59, 60, 64, 66, 77, 82, 88, 90, 92, 93, 102, 105, 117, 118, 121, 124]
	⭕  Walk to 104 (3.9 min) 
> 104 (22:27)
Rent:    [6, 32, 38, 43, 54, 57, 70, 72, 81, 94, 100, 106, 107, 114, 115]
Return:  [10, 12, 20, 21, 24, 26, 27, 28, 30, 33, 37, 46, 47, 50, 52, 53, 55, 59, 60, 64, 66, 77, 82, 88, 90, 92, 93, 102, 105, 117, 118, 121, 124]
	⭕  Bike to 20 (3.0 min) +1
> 20 (22:30)
Rent:    [32, 43, 54, 57, 70, 72, 81, 94, 95, 100, 106, 107, 114, 115]
Return:  [3, 4, 7, 10, 12, 14, 20, 21, 24, 26, 27, 28, 30, 33, 37, 41, 46, 50, 52, 53, 55, 59, 60, 64, 66, 77, 82, 87, 88, 92, 93, 102, 118, 121, 123]
	⭕  Walk to 0 (3.2 min) 
> 0 (22:33)
Rent:    [32, 43, 54, 57, 70, 72, 81, 94, 95, 100, 106, 107, 114, 115]
Return:  [3, 4, 7, 10, 12, 14, 20, 21, 24, 26, 27, 28, 30, 33, 37, 41, 46, 50, 52, 53, 55, 59, 60, 64, 66, 77, 82, 87, 88, 92, 93, 102, 118, 121, 123]
	⭕  Bike to 4 (1.8 min) +1
> 4 (22:35)
Rent:    [32, 43, 54, 57, 70, 72, 81, 94, 95, 100, 106, 107, 114, 115]
Return:  [3, 4, 7, 10, 12, 14, 20, 21, 24, 26, 27, 28, 30, 33, 37, 41, 46, 50, 52, 53, 55, 59, 60, 64, 66, 77, 82, 87, 88, 92, 93, 102, 118, 121, 123]
	⭕  Walk to 33 (2.8 min) 
> 33 (22:37)
Rent:    [32, 43, 54, 57, 70, 72, 81, 94, 95, 100, 106, 107, 114, 115]
Return:  [3, 4, 7, 10, 12, 14, 20, 21, 24, 26, 27, 28, 30, 33, 37, 41, 46, 50, 52, 53, 55, 59, 60, 64, 66, 77, 82, 87, 88, 92, 93, 102, 118, 121, 123]
	⭕  Bike to 20 (1.3 min) +1
> 20 (22:39)
Rent:    [32, 43, 54, 57, 70, 72, 81, 94, 95, 100, 106, 107, 114, 115]
Return:  [3, 4, 7, 10, 12, 14, 20, 21, 24, 26, 27, 28, 30, 33, 37, 41, 46, 50, 52, 53, 55, 59, 60, 64, 66, 77, 82, 87, 88, 92, 93, 102, 118, 121, 123]
	⭕  Walk to 0 (3.2 min) 
> 0 (22:42)
Rent:    [32, 43, 54, 57, 70, 72, 81, 94, 95, 100, 106, 107, 114, 115]
Return:  [3, 4, 7, 10, 12, 14, 20, 21, 24, 26, 27, 28, 30, 33, 37, 41, 46, 50, 52, 53, 55, 59, 60, 64, 66, 77, 82, 87, 88, 92, 93, 102, 118, 121, 123]
	⭕  Bike to 20 (2.4 min) +1
> 20 (22:44)
Rent:    [32, 43, 54, 57, 70, 72, 81, 94, 95, 100, 106, 107, 114, 115]
Return:  [3, 4, 7, 10, 12, 14, 20, 21, 24, 26, 27, 28, 30, 33, 37, 41, 46, 50, 52, 53, 55, 59, 60, 64, 66, 77, 82, 87, 88, 92, 93, 102, 118, 121, 123]
	⭕  Walk to 0 (3.2 min) 
> 0 (22:47)
Rent:    [6, 32, 43, 44, 54, 57, 94, 95, 99, 106, 107, 111, 114, 115]
Return:  [7, 8, 10, 12, 14, 20, 21, 24, 26, 27, 28, 30, 33, 37, 41, 46, 50, 52, 53, 55, 59, 60, 64, 66, 71, 77, 82, 87, 88, 90, 92, 93, 102, 105, 118, 121]
	⭕  Bike to 20 (2.4 min) +1
> 20 (22:50)
Rent:    [6, 32, 43, 44, 54, 57, 94, 95, 99, 106, 107, 111, 114, 115]
Return:  [7, 8, 10, 12, 14, 20, 21, 24, 26, 27, 28, 30, 33, 37, 41, 46, 50, 52, 53, 55, 59, 60, 64, 66, 71, 77, 82, 87, 88, 90, 92, 93, 102, 105, 118, 121]
	🔵  End excursion
	⭕  Walk to 5 (6.0 min) 
> 5 (22:56)

---------- Excursion Complete ----------
End time: 22:56
Final station: 5
Bike count: 101
Walk count: 101
Wait count: 0
Total reward: 101
Seed: 9385934

