Generated random seed: 1648936204
---------- Starting Excursion -----------
Warmup time: 2.0 hours
Start time: 16:00 
Excursion time: 7.0 hours

> 0 (16:00)
Rent:    [107]
Return:  [37, 46, 82, 87]
	⭕  Bike to 87 (5.4 min) +1
> 87 (16:05)
Rent:    [107]
Return:  [37, 46, 82, 87]
	⭕  Walk to 53 (1.6 min) 
> 53 (16:07)
Rent:    [107]
Return:  [37, 46, 82, 87]
	⭕  Bike to 87 (0.9 min) +1
> 87 (16:07)
Rent:    [107]
Return:  [37, 46, 82, 87]
	⭕  Walk to 30 (2.6 min) 
> 30 (16:10)
Rent:    [107]
Return:  [37, 46, 82, 87]
	⭕  Bike to 87 (1.0 min) +1
> 87 (16:11)
Rent:    [107]
Return:  [37, 46, 82, 87]
	⭕  Walk to 30 (2.6 min) 
> 30 (16:14)
Rent:    [107]
Return:  [37, 46, 82, 87]
	⭕  Bike to 87 (1.0 min) +1
> 87 (16:15)
Rent:    [107]
Return:  [29, 37, 46, 82, 87, 104]
	⭕  Walk to 30 (2.6 min) 
> 30 (16:17)
Rent:    [107]
Return:  [29, 37, 46, 82, 87, 104]
	⭕  Bike to 87 (1.0 min) +1
> 87 (16:18)
Rent:    [107]
Return:  [29, 37, 46, 82, 87, 104]
	⭕  Walk to 30 (2.6 min) 
> 30 (16:21)
Rent:    [107]
Return:  [29, 37, 46, 82, 87, 104]
	⭕  Bike to 87 (1.0 min) +1
> 87 (16:22)
Rent:    [107]
Return:  [29, 37, 46, 82, 87, 104]
	⭕  Walk to 30 (2.6 min) 
> 30 (16:25)
Rent:    [107]
Return:  [29, 37, 46, 82, 87, 104]
	⭕  Bike to 87 (1.0 min) +1
> 87 (16:26)
Rent:    [107]
Return:  [29, 37, 46, 82, 87, 104]
	⭕  Walk to 30 (2.6 min) 
> 30 (16:28)
Rent:    [107]
Return:  [29, 37, 46, 82, 87, 104]
	⭕  Bike to 87 (1.0 min) +1
> 87 (16:29)
Rent:    [107]
Return:  [29, 37, 46, 82, 87, 104]
	⭕  Walk to 53 (1.6 min) 
> 53 (16:31)
Rent:    [107]
Return:  [29, 37, 46, 61, 82, 87, 104]
	⭕  Bike to 87 (0.9 min) +1
> 87 (16:32)
Rent:    [107]
Return:  [29, 37, 46, 61, 82, 87, 104]
	⭕  Walk to 30 (2.6 min) 
> 30 (16:35)
Rent:    [107]
Return:  [29, 37, 46, 61, 82, 87, 104]
	⭕  Bike to 87 (1.0 min) +1
> 87 (16:36)
Rent:    [107]
Return:  [29, 37, 46, 61, 82, 87, 104]
	⭕  Walk to 30 (2.6 min) 
> 30 (16:38)
Rent:    [107]
Return:  [29, 37, 46, 61, 82, 87, 104]
	⭕  Bike to 87 (1.0 min) +1
> 87 (16:39)
Rent:    [107]
Return:  [29, 37, 46, 61, 82, 87, 104]
	⭕  Walk to 30 (2.6 min) 
> 30 (16:42)
Rent:    [107]
Return:  [29, 37, 46, 61, 82, 87, 104]
	⭕  Bike to 87 (1.0 min) +1
> 87 (16:43)
Rent:    [107]
Return:  [29, 37, 46, 61, 82, 87, 104]
	⭕  Walk to 30 (2.6 min) 
> 30 (16:46)
Rent:    [18, 106, 107]
Return:  [28, 29, 37, 46, 53, 61, 82, 87, 104]
	⭕  Bike to 87 (1.0 min) +1
> 87 (16:47)
Rent:    [18, 106, 107]
Return:  [28, 29, 37, 46, 53, 61, 82, 87, 104]
	⭕  Walk to 30 (2.6 min) 
> 30 (16:49)
Rent:    [18, 106, 107]
Return:  [28, 29, 37, 46, 53, 61, 82, 87, 104]
	⭕  Bike to 87 (1.0 min) +1
> 87 (16:50)
Rent:    [18, 106, 107]
Return:  [28, 29, 37, 46, 53, 61, 82, 87, 104]
	⭕  Walk to 30 (2.6 min) 
> 30 (16:53)
Rent:    [18, 106, 107]
Return:  [28, 29, 37, 46, 53, 61, 82, 87, 104]
	⭕  Bike to 87 (1.0 min) +1
> 87 (16:54)
Rent:    [18, 106, 107]
Return:  [28, 29, 37, 46, 53, 61, 82, 87, 104]
	⭕  Walk to 30 (2.6 min) 
> 30 (16:57)
Rent:    [18, 106, 107]
Return:  [28, 29, 37, 46, 53, 61, 82, 87, 104]
	⭕  Bike to 87 (1.0 min) +1
> 87 (16:58)
Rent:    [18, 106, 107]
Return:  [28, 29, 37, 46, 53, 61, 82, 87, 104]
	⭕  Walk to 47 (2.4 min) 
> 47 (17:00)
Rent:    [2, 18, 106, 107]
Return:  [10, 20, 28, 37, 46, 53, 61, 82, 87, 104]
	⭕  Bike to 53 (1.2 min) +1
> 53 (17:01)
Rent:    [2, 18, 106, 107]
Return:  [10, 20, 28, 37, 46, 53, 61, 82, 87, 104]
	⭕  Walk to 47 (2.7 min) 
> 47 (17:04)
Rent:    [2, 18, 106, 107]
Return:  [10, 20, 28, 37, 46, 53, 61, 82, 87, 104]
	⭕  Bike to 53 (1.2 min) +1
> 53 (17:05)
Rent:    [2, 18, 106, 107]
Return:  [10, 20, 28, 37, 46, 53, 61, 82, 87, 104]
	⭕  Walk to 47 (2.7 min) 
> 47 (17:08)
Rent:    [2, 18, 106, 107]
Return:  [10, 20, 28, 37, 46, 53, 61, 82, 87, 104]
	⭕  Bike to 53 (1.2 min) +1
> 53 (17:09)
Rent:    [2, 18, 106, 107]
Return:  [10, 20, 28, 37, 46, 53, 61, 82, 87, 104]
	⭕  Walk to 47 (2.7 min) 
> 47 (17:12)
Rent:    [2, 18, 106, 107]
Return:  [10, 20, 28, 37, 46, 53, 61, 82, 87, 104]
	⭕  Bike to 53 (1.2 min) +1
> 53 (17:13)
Rent:    [2, 18, 106, 107]
Return:  [10, 20, 28, 37, 46, 53, 61, 82, 87, 104]
	⭕  Walk to 47 (2.7 min) 
> 47 (17:16)
Rent:    [2, 18, 106, 107]
Return:  [10, 20, 28, 37, 46, 53, 61, 82, 87, 104]
	⭕  Bike to 53 (1.2 min) +1
> 53 (17:17)
Rent:    [2, 18, 106, 107]
Return:  [10, 20, 28, 37, 46, 53, 61, 82, 87, 104]
	⭕  Walk to 47 (2.7 min) 
> 47 (17:20)
Rent:    [2, 18, 106, 107]
Return:  [10, 20, 28, 37, 46, 53, 61, 82, 87, 104]
	⭕  Bike to 53 (1.2 min) +1
> 53 (17:21)
Rent:    [2, 18, 106, 107]
Return:  [10, 20, 28, 37, 46, 53, 61, 82, 87, 104]
	⭕  Walk to 47 (2.7 min) 
> 47 (17:24)
Rent:    [2, 18, 106, 107]
Return:  [10, 20, 28, 37, 46, 53, 61, 82, 87, 104]
	⭕  Bike to 53 (1.2 min) +1
> 53 (17:25)
Rent:    [2, 18, 106, 107]
Return:  [10, 20, 28, 37, 46, 53, 61, 82, 87, 104]
	⭕  Walk to 47 (2.7 min) 
> 47 (17:27)
Rent:    [2, 18, 106, 107]
Return:  [10, 20, 28, 37, 46, 53, 61, 82, 87, 104]
	⭕  Bike to 53 (1.2 min) +1
> 53 (17:29)
Rent:    [2, 18, 106, 107]
Return:  [10, 20, 28, 37, 46, 53, 61, 82, 87, 104]
	⭕  Walk to 12 (3.4 min) 
> 12 (17:32)
Rent:    [2, 18, 106, 107]
Return:  [10, 20, 28, 29, 37, 46, 53, 61, 82, 87, 104]
	⭕  Bike to 53 (2.0 min) +1
> 53 (17:34)
Rent:    [2, 18, 106, 107]
Return:  [10, 20, 28, 29, 37, 46, 53, 61, 82, 87, 104]
	⭕  Walk to 12 (3.4 min) 
> 12 (17:38)
Rent:    [2, 18, 106, 107]
Return:  [10, 20, 28, 29, 37, 46, 53, 61, 82, 87, 104]
	⭕  Bike to 53 (2.0 min) +1
> 53 (17:40)
Rent:    [2, 18, 106, 107]
Return:  [10, 20, 28, 29, 37, 46, 53, 61, 82, 87, 104]
	⭕  Walk to 12 (3.4 min) 
> 12 (17:43)
Rent:    [2, 18, 106, 107]
Return:  [10, 20, 28, 29, 37, 46, 53, 61, 82, 87, 104]
	⭕  Bike to 53 (2.0 min) +1
> 53 (17:45)
Rent:    [106, 107]
Return:  [20, 28, 35, 37, 46, 47, 53, 61, 82, 87, 104]
	⭕  Walk to 12 (3.4 min) 
> 12 (17:48)
Rent:    [106, 107]
Return:  [20, 28, 35, 37, 46, 47, 53, 61, 82, 87, 104]
	⭕  Bike to 53 (2.0 min) +1
> 53 (17:50)
Rent:    [106, 107]
Return:  [20, 28, 35, 37, 46, 47, 53, 61, 82, 87, 104]
	⭕  Walk to 30 (4.1 min) 
> 30 (17:54)
Rent:    [106, 107]
Return:  [20, 28, 35, 37, 46, 47, 53, 61, 82, 87, 104]
	⭕  Bike to 87 (1.0 min) +1
> 87 (17:56)
Rent:    [106, 107]
Return:  [20, 28, 35, 37, 46, 47, 53, 61, 82, 87, 104]
	⭕  Walk to 102 (6.6 min) 
> 102 (18:02)
Rent:    [2, 54, 106, 107]
Return:  [5, 28, 29, 35, 37, 46, 47, 53, 60, 61, 82, 87]
	⭕  Bike to 28 (0.9 min) +1
> 28 (18:03)
Rent:    [2, 54, 106, 107]
Return:  [5, 28, 29, 35, 37, 46, 47, 53, 60, 61, 82, 87]
	⭕  Walk to 117 (2.3 min) 
> 117 (18:05)
Rent:    [2, 54, 106, 107]
Return:  [5, 28, 29, 35, 37, 46, 47, 53, 60, 61, 82, 87]
	⭕  Bike to 28 (0.8 min) +1
> 28 (18:06)
Rent:    [2, 54, 106, 107]
Return:  [5, 28, 29, 35, 37, 46, 47, 53, 60, 61, 82, 87]
	⭕  Walk to 117 (2.3 min) 
> 117 (18:08)
Rent:    [2, 54, 106, 107]
Return:  [5, 28, 29, 35, 37, 46, 47, 53, 60, 61, 82, 87]
	⭕  Bike to 28 (0.8 min) +1
> 28 (18:09)
Rent:    [2, 54, 106, 107]
Return:  [5, 28, 29, 35, 37, 46, 47, 53, 60, 61, 82, 87]
	⭕  Walk to 117 (2.3 min) 
> 117 (18:12)
Rent:    [2, 54, 106, 107]
Return:  [5, 28, 29, 35, 37, 46, 47, 53, 60, 61, 82, 87]
	⭕  Bike to 28 (0.8 min) +1
> 28 (18:12)
Rent:    [2, 54, 106, 107]
Return:  [5, 28, 29, 35, 37, 46, 47, 53, 60, 61, 82, 87]
	⭕  Walk to 117 (2.3 min) 
> 117 (18:15)
Rent:    [2, 54, 106, 107]
Return:  [4, 5, 20, 24, 28, 29, 37, 46, 47, 53, 60, 82, 87, 104]
	⭕  Bike to 28 (0.8 min) +1
> 28 (18:15)
Rent:    [2, 54, 106, 107]
Return:  [4, 5, 20, 24, 28, 29, 37, 46, 47, 53, 60, 82, 87, 104]
	⭕  Walk to 117 (2.3 min) 
> 117 (18:18)
Rent:    [2, 54, 106, 107]
Return:  [4, 5, 20, 24, 28, 29, 37, 46, 47, 53, 60, 82, 87, 104]
	⭕  Bike to 28 (0.8 min) +1
> 28 (18:18)
Rent:    [2, 54, 106, 107]
Return:  [4, 5, 20, 24, 28, 29, 37, 46, 47, 53, 60, 82, 87, 104]
	⭕  Walk to 117 (2.3 min) 
> 117 (18:21)
Rent:    [2, 54, 106, 107]
Return:  [4, 5, 20, 24, 28, 29, 37, 46, 47, 53, 60, 82, 87, 104]
	⭕  Bike to 28 (0.8 min) +1
> 28 (18:22)
Rent:    [2, 54, 106, 107]
Return:  [4, 5, 20, 24, 28, 29, 37, 46, 47, 53, 60, 82, 87, 104]
	⭕  Walk to 117 (2.3 min) 
> 117 (18:24)
Rent:    [2, 54, 106, 107]
Return:  [4, 5, 20, 24, 28, 29, 37, 46, 47, 53, 60, 82, 87, 104]
	⭕  Bike to 28 (0.8 min) +1
> 28 (18:25)
Rent:    [2, 54, 106, 107]
Return:  [4, 5, 20, 24, 28, 29, 37, 46, 47, 53, 60, 82, 87, 104]
	⭕  Walk to 117 (2.3 min) 
> 117 (18:27)
Rent:    [2, 54, 106, 107]
Return:  [4, 5, 20, 24, 28, 29, 37, 46, 47, 53, 60, 82, 87, 104]
	⭕  Bike to 28 (0.8 min) +1
> 28 (18:28)
Rent:    [2, 54, 106, 107]
Return:  [4, 5, 20, 24, 28, 29, 37, 46, 47, 53, 60, 82, 87, 104]
	⭕  Walk to 117 (2.3 min) 
> 117 (18:30)
Rent:    [2, 18, 54, 81, 106, 107]
Return:  [8, 10, 20, 24, 28, 29, 30, 35, 37, 46, 53, 60, 64, 82, 87, 104, 124]
	⭕  Bike to 28 (0.8 min) +1
> 28 (18:31)
Rent:    [2, 18, 54, 81, 106, 107]
Return:  [8, 10, 20, 24, 28, 29, 30, 35, 37, 46, 53, 60, 64, 82, 87, 104, 124]
	⭕  Walk to 117 (2.3 min) 
> 117 (18:33)
Rent:    [2, 18, 54, 81, 106, 107]
Return:  [8, 10, 20, 24, 28, 29, 30, 35, 37, 46, 53, 60, 64, 82, 87, 104, 124]
	⭕  Bike to 28 (0.8 min) +1
> 28 (18:34)
Rent:    [2, 18, 54, 81, 106, 107]
Return:  [8, 10, 20, 24, 28, 29, 30, 35, 37, 46, 53, 60, 64, 82, 87, 104, 124]
	⭕  Walk to 117 (2.3 min) 
> 117 (18:36)
Rent:    [2, 18, 54, 81, 106, 107]
Return:  [8, 10, 20, 24, 28, 29, 30, 35, 37, 46, 53, 60, 64, 82, 87, 104, 124]
	⭕  Bike to 28 (0.8 min) +1
> 28 (18:37)
Rent:    [2, 18, 54, 81, 106, 107]
Return:  [8, 10, 20, 24, 28, 29, 30, 35, 37, 46, 53, 60, 64, 82, 87, 104, 124]
	⭕  Walk to 117 (2.3 min) 
> 117 (18:39)
Rent:    [2, 18, 54, 81, 106, 107]
Return:  [8, 10, 20, 24, 28, 29, 30, 35, 37, 46, 53, 60, 64, 82, 87, 104, 124]
	⭕  Bike to 28 (0.8 min) +1
> 28 (18:40)
Rent:    [2, 18, 54, 81, 106, 107]
Return:  [8, 10, 20, 24, 28, 29, 30, 35, 37, 46, 53, 60, 64, 82, 87, 104, 124]
	⭕  Walk to 117 (2.3 min) 
> 117 (18:42)
Rent:    [2, 18, 54, 81, 106, 107]
Return:  [8, 10, 20, 24, 28, 29, 30, 35, 37, 46, 53, 60, 64, 82, 87, 104, 124]
	⭕  Bike to 28 (0.8 min) +1
> 28 (18:43)
Rent:    [2, 18, 54, 81, 106, 107]
Return:  [8, 10, 20, 24, 28, 29, 30, 35, 37, 46, 53, 60, 64, 82, 87, 104, 124]
	⭕  Walk to 102 (3.0 min) 
> 102 (18:46)
Rent:    [54, 81, 106, 107]
Return:  [0, 5, 8, 10, 20, 24, 28, 29, 30, 35, 37, 46, 53, 55, 56, 60, 64, 80, 82, 87, 88, 92, 93, 104, 124]
	⭕  Bike to 28 (0.9 min) +1
> 28 (18:47)
Rent:    [54, 81, 106, 107]
Return:  [0, 5, 8, 10, 20, 24, 28, 29, 30, 35, 37, 46, 53, 55, 56, 60, 64, 80, 82, 87, 88, 92, 93, 104, 124]
	⭕  Walk to 102 (3.0 min) 
> 102 (18:50)
Rent:    [54, 81, 106, 107]
Return:  [0, 5, 8, 10, 20, 24, 28, 29, 30, 35, 37, 46, 53, 55, 56, 60, 64, 80, 82, 87, 88, 92, 93, 104, 124]
	⭕  Bike to 28 (0.9 min) +1
> 28 (18:51)
Rent:    [54, 81, 106, 107]
Return:  [0, 5, 8, 10, 20, 24, 28, 29, 30, 35, 37, 46, 53, 55, 56, 60, 64, 80, 82, 87, 88, 92, 93, 104, 124]
	⭕  Walk to 102 (3.0 min) 
> 102 (18:54)
Rent:    [54, 81, 106, 107]
Return:  [0, 5, 8, 10, 20, 24, 28, 29, 30, 35, 37, 46, 53, 55, 56, 60, 64, 80, 82, 87, 88, 92, 93, 104, 124]
	⭕  Bike to 28 (0.9 min) +1
> 28 (18:55)
Rent:    [54, 81, 106, 107]
Return:  [0, 5, 8, 10, 20, 24, 28, 29, 30, 35, 37, 46, 53, 55, 56, 60, 64, 80, 82, 87, 88, 92, 93, 104, 124]
	⭕  Walk to 27 (4.1 min) 
> 27 (18:59)
Rent:    [54, 81, 106, 107]
Return:  [0, 5, 8, 10, 20, 24, 28, 29, 30, 35, 37, 46, 53, 55, 56, 60, 64, 80, 82, 87, 88, 92, 93, 104, 124]
	⭕  Bike to 28 (1.4 min) +1
> 28 (19:00)
Rent:    [54, 81, 106, 107]
Return:  [0, 5, 8, 10, 20, 24, 28, 29, 30, 37, 46, 50, 53, 55, 60, 64, 80, 82, 87, 88, 92, 93, 102, 104, 124]
	⭕  Walk to 105 (4.2 min) 
> 105 (19:05)
Rent:    [54, 81, 106, 107]
Return:  [0, 5, 8, 10, 20, 24, 28, 29, 30, 37, 46, 50, 53, 55, 60, 64, 80, 82, 87, 88, 92, 93, 102, 104, 124]
	⭕  Bike to 28 (1.3 min) +1
> 28 (19:06)
Rent:    [54, 81, 106, 107]
Return:  [0, 5, 8, 10, 20, 24, 28, 29, 30, 37, 46, 50, 53, 55, 60, 64, 80, 82, 87, 88, 92, 93, 102, 104, 124]
	⭕  Walk to 105 (4.2 min) 
> 105 (19:10)
Rent:    [54, 81, 106, 107]
Return:  [0, 5, 8, 10, 20, 24, 28, 29, 30, 37, 46, 50, 53, 55, 60, 64, 80, 82, 87, 88, 92, 93, 102, 104, 124]
	⭕  Bike to 28 (1.3 min) +1
> 28 (19:11)
Rent:    [54, 81, 106, 107]
Return:  [0, 5, 8, 10, 20, 24, 28, 29, 30, 37, 46, 50, 53, 55, 60, 64, 80, 82, 87, 88, 92, 93, 102, 104, 124]
	⭕  Walk to 27 (4.1 min) 
> 27 (19:16)
Rent:    [18, 54, 57, 81, 106, 107, 115]
Return:  [0, 5, 8, 10, 24, 28, 30, 37, 46, 47, 50, 55, 60, 64, 65, 80, 82, 87, 88, 92, 93, 104, 117, 124]
	⭕  Bike to 117 (0.7 min) +1
> 117 (19:16)
Rent:    [18, 54, 57, 81, 106, 107, 115]
Return:  [0, 5, 8, 10, 24, 28, 30, 37, 46, 47, 50, 55, 60, 64, 65, 80, 82, 87, 88, 92, 93, 104, 117, 124]
	⭕  Walk to 105 (2.0 min) 
> 105 (19:18)
Rent:    [18, 54, 57, 81, 106, 107, 115]
Return:  [0, 5, 8, 10, 24, 28, 30, 37, 46, 47, 50, 55, 60, 64, 65, 80, 82, 87, 88, 92, 93, 104, 117, 124]
	⭕  Bike to 117 (0.7 min) +1
> 117 (19:19)
Rent:    [18, 54, 57, 81, 106, 107, 115]
Return:  [0, 5, 8, 10, 24, 28, 30, 37, 46, 47, 50, 55, 60, 64, 65, 80, 82, 87, 88, 92, 93, 104, 117, 124]
	⭕  Walk to 105 (2.0 min) 
> 105 (19:21)
Rent:    [18, 54, 57, 81, 106, 107, 115]
Return:  [0, 5, 8, 10, 24, 28, 30, 37, 46, 47, 50, 55, 60, 64, 65, 80, 82, 87, 88, 92, 93, 104, 117, 124]
	⭕  Bike to 117 (0.7 min) +1
> 117 (19:22)
Rent:    [18, 54, 57, 81, 106, 107, 115]
Return:  [0, 5, 8, 10, 24, 28, 30, 37, 46, 47, 50, 55, 60, 64, 65, 80, 82, 87, 88, 92, 93, 104, 117, 124]
	⭕  Walk to 105 (2.0 min) 
> 105 (19:24)
Rent:    [18, 54, 57, 81, 106, 107, 115]
Return:  [0, 5, 8, 10, 24, 28, 30, 37, 46, 47, 50, 55, 60, 64, 65, 80, 82, 87, 88, 92, 93, 104, 117, 124]
	⭕  Bike to 117 (0.7 min) +1
> 117 (19:24)
Rent:    [18, 54, 57, 81, 106, 107, 115]
Return:  [0, 5, 8, 10, 24, 28, 30, 37, 46, 47, 50, 55, 60, 64, 65, 80, 82, 87, 88, 92, 93, 104, 117, 124]
	⭕  Walk to 105 (2.0 min) 
> 105 (19:27)
Rent:    [18, 54, 57, 81, 106, 107, 115]
Return:  [0, 5, 8, 10, 24, 28, 30, 37, 46, 47, 50, 55, 60, 64, 65, 80, 82, 87, 88, 92, 93, 104, 117, 124]
	⭕  Bike to 117 (0.7 min) +1
> 117 (19:27)
Rent:    [18, 54, 57, 81, 106, 107, 115]
Return:  [0, 5, 8, 10, 24, 28, 30, 37, 46, 47, 50, 55, 60, 64, 65, 80, 82, 87, 88, 92, 93, 104, 117, 124]
	⭕  Walk to 66 (5.4 min) 
> 66 (19:33)
Rent:    [18, 54, 57, 81, 106, 107]
Return:  [0, 5, 10, 20, 24, 27, 28, 30, 37, 46, 47, 50, 55, 60, 61, 64, 80, 82, 87, 88, 92, 93, 102, 104, 117, 124]
	⭕  Bike to 102 (1.6 min) +1
> 102 (19:34)
Rent:    [18, 54, 57, 81, 106, 107]
Return:  [0, 5, 10, 20, 24, 27, 28, 30, 37, 46, 47, 50, 55, 60, 61, 64, 80, 82, 87, 88, 92, 93, 102, 104, 117, 124]
	⭕  Walk to 66 (1.7 min) 
> 66 (19:36)
Rent:    [18, 54, 57, 81, 106, 107]
Return:  [0, 5, 10, 20, 24, 27, 28, 30, 37, 46, 47, 50, 55, 60, 61, 64, 80, 82, 87, 88, 92, 93, 102, 104, 117, 124]
	⭕  Bike to 102 (1.6 min) +1
> 102 (19:38)
Rent:    [18, 54, 57, 81, 106, 107]
Return:  [0, 5, 10, 20, 24, 27, 28, 30, 37, 46, 47, 50, 55, 60, 61, 64, 80, 82, 87, 88, 92, 93, 102, 104, 117, 124]
	⭕  Walk to 77 (4.2 min) 
> 77 (19:42)
Rent:    [18, 54, 57, 81, 106, 107]
Return:  [0, 5, 10, 20, 24, 27, 28, 30, 37, 46, 47, 50, 55, 60, 61, 64, 80, 82, 87, 88, 92, 93, 102, 104, 117, 124]
	⭕  Bike to 30 (1.8 min) +1
> 30 (19:44)
Rent:    [18, 54, 57, 81, 106, 107]
Return:  [0, 5, 10, 20, 24, 27, 28, 30, 37, 46, 47, 50, 55, 60, 61, 64, 80, 82, 87, 88, 92, 93, 102, 104, 117, 124]
	⭕  Walk to 66 (5.9 min) 
> 66 (19:49)
Rent:    [2, 18, 54, 57, 81, 106, 107, 115]
Return:  [7, 10, 20, 24, 27, 28, 30, 37, 46, 50, 60, 61, 64, 80, 82, 87, 88, 92, 93, 102, 104, 105, 117]
	⭕  Bike to 102 (1.6 min) +1
> 102 (19:51)
Rent:    [2, 18, 54, 57, 81, 106, 107, 115]
Return:  [7, 10, 20, 24, 27, 28, 30, 37, 46, 50, 60, 61, 64, 80, 82, 87, 88, 92, 93, 102, 104, 105, 117]
	⭕  Walk to 52 (4.0 min) 
> 52 (19:55)
Rent:    [2, 18, 54, 57, 81, 106, 107, 115]
Return:  [7, 10, 20, 24, 27, 28, 30, 37, 46, 50, 60, 61, 64, 80, 82, 87, 88, 92, 93, 102, 104, 105, 117]
	⭕  Bike to 102 (2.2 min) +1
> 102 (19:57)
Rent:    [2, 18, 54, 57, 81, 106, 107, 115]
Return:  [7, 10, 20, 24, 27, 28, 30, 37, 46, 50, 60, 61, 64, 80, 82, 87, 88, 92, 93, 102, 104, 105, 117]
	⭕  Walk to 77 (4.2 min) 
> 77 (20:01)
Rent:    [2, 54, 57, 63, 81, 106, 107, 115]
Return:  [7, 20, 24, 27, 28, 30, 37, 46, 50, 53, 56, 60, 61, 64, 80, 82, 87, 88, 92, 93, 102, 104, 105, 117, 121, 124]
	⭕  Bike to 30 (1.8 min) +1
> 30 (20:03)
Rent:    [2, 54, 57, 63, 81, 106, 107, 115]
Return:  [7, 20, 24, 27, 28, 30, 37, 46, 50, 53, 56, 60, 61, 64, 80, 82, 87, 88, 92, 93, 102, 104, 105, 117, 121, 124]
	⭕  Walk to 47 (3.4 min) 
> 47 (20:07)
Rent:    [2, 54, 57, 63, 81, 106, 107, 115]
Return:  [7, 20, 24, 27, 28, 30, 37, 46, 50, 53, 56, 60, 61, 64, 80, 82, 87, 88, 92, 93, 102, 104, 105, 117, 121, 124]
	⭕  Bike to 53 (1.2 min) +1
> 53 (20:08)
Rent:    [2, 54, 57, 63, 81, 106, 107, 115]
Return:  [7, 20, 24, 27, 28, 30, 37, 46, 50, 53, 56, 60, 61, 64, 80, 82, 87, 88, 92, 93, 102, 104, 105, 117, 121, 124]
	⭕  Walk to 12 (3.4 min) 
> 12 (20:11)
Rent:    [2, 54, 57, 63, 81, 106, 107, 115]
Return:  [7, 20, 24, 27, 28, 30, 37, 46, 50, 53, 56, 60, 61, 64, 80, 82, 87, 88, 92, 93, 102, 104, 105, 117, 121, 124]
	⭕  Bike to 93 (1.5 min) +1
> 93 (20:13)
Rent:    [2, 54, 57, 63, 81, 106, 107, 115]
Return:  [7, 20, 24, 27, 28, 30, 37, 46, 50, 53, 56, 60, 61, 64, 80, 82, 87, 88, 92, 93, 102, 104, 105, 117, 121, 124]
	⭕  Walk to 12 (2.9 min) 
> 12 (20:16)
Rent:    [2, 32, 54, 57, 63, 106, 107, 115]
Return:  [7, 8, 20, 24, 27, 28, 37, 46, 50, 53, 55, 60, 61, 64, 65, 80, 82, 87, 88, 92, 93, 102, 104, 117, 121, 124]
	⭕  Bike to 93 (1.5 min) +1
> 93 (20:17)
Rent:    [2, 32, 54, 57, 63, 106, 107, 115]
Return:  [7, 8, 20, 24, 27, 28, 37, 46, 50, 53, 55, 60, 61, 64, 65, 80, 82, 87, 88, 92, 93, 102, 104, 117, 121, 124]
	⭕  Walk to 12 (2.9 min) 
> 12 (20:20)
Rent:    [2, 32, 54, 57, 63, 106, 107, 115]
Return:  [7, 8, 20, 24, 27, 28, 37, 46, 50, 53, 55, 60, 61, 64, 65, 80, 82, 87, 88, 92, 93, 102, 104, 117, 121, 124]
	⭕  Bike to 93 (1.5 min) +1
> 93 (20:22)
Rent:    [2, 32, 54, 57, 63, 106, 107, 115]
Return:  [7, 8, 20, 24, 27, 28, 37, 46, 50, 53, 55, 60, 61, 64, 65, 80, 82, 87, 88, 92, 93, 102, 104, 117, 121, 124]
	⭕  Walk to 12 (2.9 min) 
> 12 (20:24)
Rent:    [2, 32, 54, 57, 63, 106, 107, 115]
Return:  [7, 8, 20, 24, 27, 28, 37, 46, 50, 53, 55, 60, 61, 64, 65, 80, 82, 87, 88, 92, 93, 102, 104, 117, 121, 124]
	⭕  Bike to 93 (1.5 min) +1
> 93 (20:26)
Rent:    [2, 32, 54, 57, 63, 106, 107, 115]
Return:  [7, 8, 20, 24, 27, 28, 37, 46, 50, 53, 55, 60, 61, 64, 65, 80, 82, 87, 88, 92, 93, 102, 104, 117, 121, 124]
	⭕  Walk to 12 (2.9 min) 
> 12 (20:29)
Rent:    [2, 32, 54, 57, 63, 106, 107, 115]
Return:  [7, 8, 20, 24, 27, 28, 37, 46, 50, 53, 55, 60, 61, 64, 65, 80, 82, 87, 88, 92, 93, 102, 104, 117, 121, 124]
	⭕  Bike to 93 (1.5 min) +1
> 93 (20:30)
Rent:    [2, 32, 54, 57, 63, 81, 89, 106, 107, 115]
Return:  [5, 7, 10, 20, 24, 27, 28, 30, 37, 41, 46, 47, 50, 55, 56, 60, 61, 64, 65, 80, 82, 87, 88, 92, 93, 102, 104, 117, 121, 124]
	⭕  Walk to 12 (2.9 min) 
> 12 (20:33)
Rent:    [2, 32, 54, 57, 63, 81, 89, 106, 107, 115]
Return:  [5, 7, 10, 20, 24, 27, 28, 30, 37, 41, 46, 47, 50, 55, 56, 60, 61, 64, 65, 80, 82, 87, 88, 92, 93, 102, 104, 117, 121, 124]
	⭕  Bike to 93 (1.5 min) +1
> 93 (20:35)
Rent:    [2, 32, 54, 57, 63, 81, 89, 106, 107, 115]
Return:  [5, 7, 10, 20, 24, 27, 28, 30, 37, 41, 46, 47, 50, 55, 56, 60, 61, 64, 65, 80, 82, 87, 88, 92, 93, 102, 104, 117, 121, 124]
	⭕  Walk to 12 (2.9 min) 
> 12 (20:38)
Rent:    [2, 32, 54, 57, 63, 81, 89, 106, 107, 115]
Return:  [5, 7, 10, 20, 24, 27, 28, 30, 37, 41, 46, 47, 50, 55, 56, 60, 61, 64, 65, 80, 82, 87, 88, 92, 93, 102, 104, 117, 121, 124]
	⭕  Bike to 55 (1.8 min) +1
> 55 (20:40)
Rent:    [2, 32, 54, 57, 63, 81, 89, 106, 107, 115]
Return:  [5, 7, 10, 20, 24, 27, 28, 30, 37, 41, 46, 47, 50, 55, 56, 60, 61, 64, 65, 80, 82, 87, 88, 92, 93, 102, 104, 117, 121, 124]
	⭕  Walk to 53 (3.6 min) 
> 53 (20:43)
Rent:    [2, 32, 54, 57, 63, 81, 89, 106, 107, 115]
Return:  [5, 7, 10, 20, 24, 27, 28, 30, 37, 41, 46, 47, 50, 55, 56, 60, 61, 64, 65, 80, 82, 87, 88, 92, 93, 102, 104, 117, 121, 124]
	⭕  Bike to 87 (0.9 min) +1
> 87 (20:44)
Rent:    [2, 32, 54, 57, 63, 81, 89, 106, 107, 115]
Return:  [5, 7, 10, 20, 24, 27, 28, 30, 37, 41, 46, 47, 50, 55, 56, 60, 61, 64, 65, 80, 82, 87, 88, 92, 93, 102, 104, 117, 121, 124]
	⭕  Walk to 12 (4.9 min) 
> 12 (20:49)
Rent:    [2, 32, 54, 57, 63, 81, 89, 106, 107, 115]
Return:  [5, 10, 14, 20, 24, 27, 28, 29, 30, 37, 41, 46, 50, 55, 60, 61, 64, 65, 77, 80, 82, 87, 88, 92, 93, 102, 104, 105, 117, 121, 124]
	⭕  Bike to 93 (1.5 min) +1
> 93 (20:50)
Rent:    [2, 32, 54, 57, 63, 81, 89, 106, 107, 115]
Return:  [5, 10, 14, 20, 24, 27, 28, 29, 30, 37, 41, 46, 50, 55, 60, 61, 64, 65, 77, 80, 82, 87, 88, 92, 93, 102, 104, 105, 117, 121, 124]
	⭕  Walk to 12 (2.9 min) 
> 12 (20:53)
Rent:    [2, 32, 54, 57, 63, 81, 89, 106, 107, 115]
Return:  [5, 10, 14, 20, 24, 27, 28, 29, 30, 37, 41, 46, 50, 55, 60, 61, 64, 65, 77, 80, 82, 87, 88, 92, 93, 102, 104, 105, 117, 121, 124]
	⭕  Bike to 93 (1.5 min) +1
> 93 (20:55)
Rent:    [2, 32, 54, 57, 63, 81, 89, 106, 107, 115]
Return:  [5, 10, 14, 20, 24, 27, 28, 29, 30, 37, 41, 46, 50, 55, 60, 61, 64, 65, 77, 80, 82, 87, 88, 92, 93, 102, 104, 105, 117, 121, 124]
	⭕  Walk to 12 (2.9 min) 
> 12 (20:58)
Rent:    [2, 32, 54, 57, 63, 81, 89, 106, 107, 115]
Return:  [5, 10, 14, 20, 24, 27, 28, 29, 30, 37, 41, 46, 50, 55, 60, 61, 64, 65, 77, 80, 82, 87, 88, 92, 93, 102, 104, 105, 117, 121, 124]
	⭕  Bike to 93 (1.5 min) +1
> 93 (20:59)
Rent:    [2, 32, 54, 57, 63, 81, 89, 106, 107, 115]
Return:  [5, 10, 14, 20, 24, 27, 28, 29, 30, 37, 41, 46, 50, 55, 60, 61, 64, 65, 77, 80, 82, 87, 88, 92, 93, 102, 104, 105, 117, 121, 124]
	⭕  Walk to 103 (6.7 min) 
> 103 (21:06)
Rent:    [2, 32, 54, 57, 63, 81, 89, 99, 106, 107, 115]
Return:  [0, 5, 7, 8, 10, 12, 24, 27, 28, 29, 30, 37, 46, 55, 60, 61, 64, 66, 80, 82, 87, 88, 92, 93, 102, 104, 105, 117, 121]
	⭕  Bike to 8 (2.0 min) +1
> 8 (21:08)
Rent:    [2, 32, 54, 57, 63, 81, 89, 99, 106, 107, 115]
Return:  [0, 5, 7, 8, 10, 12, 24, 27, 28, 29, 30, 37, 46, 55, 60, 61, 64, 66, 80, 82, 87, 88, 92, 93, 102, 104, 105, 117, 121]
	⭕  Walk to 4 (2.5 min) 
> 4 (21:10)
Rent:    [2, 32, 54, 57, 63, 81, 89, 99, 106, 107, 115]
Return:  [0, 5, 7, 8, 10, 12, 24, 27, 28, 29, 30, 37, 46, 55, 60, 61, 64, 66, 80, 82, 87, 88, 92, 93, 102, 104, 105, 117, 121]
	⭕  Bike to 8 (1.4 min) +1
> 8 (21:12)
Rent:    [2, 32, 54, 57, 63, 81, 89, 99, 106, 107, 115]
Return:  [0, 5, 7, 8, 10, 12, 24, 27, 28, 29, 30, 37, 46, 55, 60, 61, 64, 66, 80, 82, 87, 88, 92, 93, 102, 104, 105, 117, 121]
	⭕  Walk to 4 (2.5 min) 
> 4 (21:14)
Rent:    [2, 32, 54, 57, 63, 81, 89, 99, 106, 107, 115]
Return:  [0, 5, 7, 8, 10, 12, 24, 27, 28, 29, 30, 37, 46, 55, 60, 61, 64, 66, 80, 82, 87, 88, 92, 93, 102, 104, 105, 117, 121]
	⭕  Bike to 8 (1.4 min) +1
> 8 (21:16)
Rent:    [2, 6, 32, 54, 57, 63, 81, 89, 99, 106, 107, 115]
Return:  [0, 8, 10, 14, 24, 27, 28, 30, 37, 46, 53, 55, 60, 61, 64, 65, 66, 80, 82, 87, 88, 92, 93, 102, 104, 117, 118, 121]
	⭕  Walk to 4 (2.5 min) 
> 4 (21:18)
Rent:    [2, 6, 32, 54, 57, 63, 81, 89, 99, 106, 107, 115]
Return:  [0, 8, 10, 14, 24, 27, 28, 30, 37, 46, 53, 55, 60, 61, 64, 65, 66, 80, 82, 87, 88, 92, 93, 102, 104, 117, 118, 121]
	⭕  Bike to 8 (1.4 min) +1
> 8 (21:20)
Rent:    [2, 6, 32, 54, 57, 63, 81, 89, 99, 106, 107, 115]
Return:  [0, 8, 10, 14, 24, 27, 28, 30, 37, 46, 53, 55, 60, 61, 64, 65, 66, 80, 82, 87, 88, 92, 93, 102, 104, 117, 118, 121]
	⭕  Walk to 4 (2.5 min) 
> 4 (21:22)
Rent:    [2, 6, 32, 54, 57, 63, 81, 89, 99, 106, 107, 115]
Return:  [0, 8, 10, 14, 24, 27, 28, 30, 37, 46, 53, 55, 60, 61, 64, 65, 66, 80, 82, 87, 88, 92, 93, 102, 104, 117, 118, 121]
	⭕  Bike to 8 (1.4 min) +1
> 8 (21:24)
Rent:    [2, 6, 32, 54, 57, 63, 81, 89, 99, 106, 107, 115]
Return:  [0, 8, 10, 14, 24, 27, 28, 30, 37, 46, 53, 55, 60, 61, 64, 65, 66, 80, 82, 87, 88, 92, 93, 102, 104, 117, 118, 121]
	⭕  Walk to 5 (2.6 min) 
> 5 (21:26)
Rent:    [2, 6, 32, 54, 57, 63, 81, 89, 99, 106, 107, 115]
Return:  [0, 8, 10, 14, 24, 27, 28, 30, 37, 46, 53, 55, 60, 61, 64, 65, 66, 80, 82, 87, 88, 92, 93, 102, 104, 117, 118, 121]
	⭕  Bike to 8 (1.9 min) +1
> 8 (21:28)
Rent:    [2, 6, 32, 54, 57, 63, 81, 89, 99, 106, 107, 115]
Return:  [0, 8, 10, 14, 24, 27, 28, 30, 37, 46, 53, 55, 60, 61, 64, 65, 66, 80, 82, 87, 88, 92, 93, 102, 104, 117, 118, 121]
	⭕  Walk to 5 (2.6 min) 
> 5 (21:31)
Rent:    [2, 6, 32, 54, 57, 63, 89, 99, 106, 107]
Return:  [0, 4, 8, 10, 12, 24, 27, 28, 30, 37, 46, 53, 55, 60, 61, 64, 65, 66, 77, 80, 82, 87, 88, 92, 93, 102, 104, 117, 118, 121]
	⭕  Bike to 8 (1.9 min) +1
> 8 (21:33)
Rent:    [2, 6, 32, 54, 57, 63, 89, 99, 106, 107]
Return:  [0, 4, 8, 10, 12, 24, 27, 28, 30, 37, 46, 53, 55, 60, 61, 64, 65, 66, 77, 80, 82, 87, 88, 92, 93, 102, 104, 117, 118, 121]
	⭕  Walk to 5 (2.6 min) 
> 5 (21:35)
Rent:    [2, 6, 32, 54, 57, 63, 89, 99, 106, 107]
Return:  [0, 4, 8, 10, 12, 24, 27, 28, 30, 37, 46, 53, 55, 60, 61, 64, 65, 66, 77, 80, 82, 87, 88, 92, 93, 102, 104, 117, 118, 121]
	⭕  Bike to 8 (1.9 min) +1
> 8 (21:37)
Rent:    [2, 6, 32, 54, 57, 63, 89, 99, 106, 107]
Return:  [0, 4, 8, 10, 12, 24, 27, 28, 30, 37, 46, 53, 55, 60, 61, 64, 65, 66, 77, 80, 82, 87, 88, 92, 93, 102, 104, 117, 118, 121]
	⭕  Walk to 5 (2.6 min) 
> 5 (21:40)
Rent:    [2, 6, 32, 54, 57, 63, 89, 99, 106, 107]
Return:  [0, 4, 8, 10, 12, 24, 27, 28, 30, 37, 46, 53, 55, 60, 61, 64, 65, 66, 77, 80, 82, 87, 88, 92, 93, 102, 104, 117, 118, 121]
	⭕  Bike to 8 (1.9 min) +1
> 8 (21:42)
Rent:    [2, 6, 32, 54, 57, 63, 89, 99, 106, 107]
Return:  [0, 4, 8, 10, 12, 24, 27, 28, 30, 37, 46, 53, 55, 60, 61, 64, 65, 66, 77, 80, 82, 87, 88, 92, 93, 102, 104, 117, 118, 121]
	⭕  Walk to 33 (4.9 min) 
> 33 (21:47)
Rent:    [2, 6, 32, 54, 57, 63, 81, 99, 106, 107, 115]
Return:  [4, 8, 10, 12, 14, 24, 27, 28, 30, 37, 46, 53, 55, 60, 61, 64, 65, 66, 77, 80, 82, 87, 88, 92, 93, 102, 105, 117, 118, 121, 124]
	⭕  Bike to 4 (1.3 min) +1
> 4 (21:48)
Rent:    [2, 6, 32, 54, 57, 63, 81, 99, 106, 107, 115]
Return:  [4, 8, 10, 12, 14, 24, 27, 28, 30, 37, 46, 53, 55, 60, 61, 64, 65, 66, 77, 80, 82, 87, 88, 92, 93, 102, 105, 117, 118, 121, 124]
	⭕  Walk to 33 (2.8 min) 
> 33 (21:51)
Rent:    [2, 6, 32, 54, 57, 63, 81, 99, 106, 107, 115]
Return:  [4, 8, 10, 12, 14, 24, 27, 28, 30, 37, 46, 53, 55, 60, 61, 64, 65, 66, 77, 80, 82, 87, 88, 92, 93, 102, 105, 117, 118, 121, 124]
	⭕  Bike to 4 (1.3 min) +1
> 4 (21:52)
Rent:    [2, 6, 32, 54, 57, 63, 81, 99, 106, 107, 115]
Return:  [4, 8, 10, 12, 14, 24, 27, 28, 30, 37, 46, 53, 55, 60, 61, 64, 65, 66, 77, 80, 82, 87, 88, 92, 93, 102, 105, 117, 118, 121, 124]
	⭕  Walk to 33 (2.8 min) 
> 33 (21:55)
Rent:    [2, 6, 32, 54, 57, 63, 81, 99, 106, 107, 115]
Return:  [4, 8, 10, 12, 14, 24, 27, 28, 30, 37, 46, 53, 55, 60, 61, 64, 65, 66, 77, 80, 82, 87, 88, 92, 93, 102, 105, 117, 118, 121, 124]
	⭕  Bike to 4 (1.3 min) +1
> 4 (21:56)
Rent:    [2, 6, 32, 54, 57, 63, 81, 99, 106, 107, 115]
Return:  [4, 8, 10, 12, 14, 24, 27, 28, 30, 37, 46, 53, 55, 60, 61, 64, 65, 66, 77, 80, 82, 87, 88, 92, 93, 102, 105, 117, 118, 121, 124]
	⭕  Walk to 33 (2.8 min) 
> 33 (21:59)
Rent:    [2, 6, 32, 54, 57, 63, 81, 99, 106, 107, 115]
Return:  [4, 8, 10, 12, 14, 24, 27, 28, 30, 37, 46, 53, 55, 60, 61, 64, 65, 66, 77, 80, 82, 87, 88, 92, 93, 102, 105, 117, 118, 121, 124]
	⭕  Bike to 8 (1.9 min) +1
> 8 (22:01)
Rent:    [2, 6, 32, 54, 57, 63, 81, 99, 106, 107, 115]
Return:  [0, 4, 8, 12, 24, 27, 28, 30, 37, 39, 46, 47, 50, 55, 60, 61, 64, 65, 66, 77, 80, 82, 87, 88, 92, 93, 102, 105, 117, 118]
	⭕  Walk to 5 (2.6 min) 
> 5 (22:03)
Rent:    [2, 6, 32, 54, 57, 63, 81, 99, 106, 107, 115]
Return:  [0, 4, 8, 12, 24, 27, 28, 30, 37, 39, 46, 47, 50, 55, 60, 61, 64, 65, 66, 77, 80, 82, 87, 88, 92, 93, 102, 105, 117, 118]
	⭕  Bike to 50 (1.0 min) +1
> 50 (22:04)
Rent:    [2, 6, 32, 54, 57, 63, 81, 99, 106, 107, 115]
Return:  [0, 4, 8, 12, 24, 27, 28, 30, 37, 39, 46, 47, 50, 55, 60, 61, 64, 65, 66, 77, 80, 82, 87, 88, 92, 93, 102, 105, 117, 118]
	⭕  Walk to 5 (2.5 min) 
> 5 (22:07)
Rent:    [2, 6, 32, 54, 57, 63, 81, 99, 106, 107, 115]
Return:  [0, 4, 8, 12, 24, 27, 28, 30, 37, 39, 46, 47, 50, 55, 60, 61, 64, 65, 66, 77, 80, 82, 87, 88, 92, 93, 102, 105, 117, 118]
	⭕  Bike to 50 (1.0 min) +1
> 50 (22:08)
Rent:    [2, 6, 32, 54, 57, 63, 81, 99, 106, 107, 115]
Return:  [0, 4, 8, 12, 24, 27, 28, 30, 37, 39, 46, 47, 50, 55, 60, 61, 64, 65, 66, 77, 80, 82, 87, 88, 92, 93, 102, 105, 117, 118]
	⭕  Walk to 104 (3.9 min) 
> 104 (22:12)
Rent:    [2, 6, 32, 54, 57, 63, 81, 99, 106, 107, 115]
Return:  [0, 4, 8, 12, 24, 27, 28, 30, 37, 39, 46, 47, 50, 55, 60, 61, 64, 65, 66, 77, 80, 82, 87, 88, 92, 93, 102, 105, 117, 118]
	⭕  Bike to 50 (1.4 min) +1
> 50 (22:13)
Rent:    [2, 6, 32, 54, 57, 63, 81, 99, 106, 107, 115]
Return:  [0, 4, 8, 12, 24, 27, 28, 30, 37, 39, 46, 47, 50, 55, 60, 61, 64, 65, 66, 77, 80, 82, 87, 88, 92, 93, 102, 105, 117, 118]
	⭕  Walk to 104 (3.9 min) 
> 104 (22:17)
Rent:    [2, 6, 32, 38, 44, 54, 57, 63, 81, 99, 106, 107, 115]
Return:  [0, 5, 7, 8, 10, 12, 24, 27, 28, 30, 37, 39, 46, 47, 50, 53, 55, 56, 60, 61, 64, 65, 66, 77, 80, 82, 87, 88, 92, 93, 102, 105, 117, 118, 121, 124]
	⭕  Bike to 5 (1.3 min) +1
> 5 (22:18)
Rent:    [2, 6, 32, 38, 44, 54, 57, 63, 81, 99, 106, 107, 115]
Return:  [0, 5, 7, 8, 10, 12, 24, 27, 28, 30, 37, 39, 46, 47, 50, 53, 55, 56, 60, 61, 64, 65, 66, 77, 80, 82, 87, 88, 92, 93, 102, 105, 117, 118, 121, 124]
	⭕  Walk to 33 (3.0 min) 
> 33 (22:21)
Rent:    [2, 6, 32, 38, 44, 54, 57, 63, 81, 99, 106, 107, 115]
Return:  [0, 5, 7, 8, 10, 12, 24, 27, 28, 30, 37, 39, 46, 47, 50, 53, 55, 56, 60, 61, 64, 65, 66, 77, 80, 82, 87, 88, 92, 93, 102, 105, 117, 118, 121, 124]
	⭕  Bike to 5 (0.9 min) +1
> 5 (22:22)
Rent:    [2, 6, 32, 38, 44, 54, 57, 63, 81, 99, 106, 107, 115]
Return:  [0, 5, 7, 8, 10, 12, 24, 27, 28, 30, 37, 39, 46, 47, 50, 53, 55, 56, 60, 61, 64, 65, 66, 77, 80, 82, 87, 88, 92, 93, 102, 105, 117, 118, 121, 124]
	⭕  Walk to 104 (4.2 min) 
> 104 (22:26)
Rent:    [2, 6, 32, 38, 44, 54, 57, 63, 81, 99, 106, 107, 115]
Return:  [0, 5, 7, 8, 10, 12, 24, 27, 28, 30, 37, 39, 46, 47, 50, 53, 55, 56, 60, 61, 64, 65, 66, 77, 80, 82, 87, 88, 92, 93, 102, 105, 117, 118, 121, 124]
	⭕  Bike to 50 (1.4 min) +1
> 50 (22:28)
Rent:    [2, 6, 32, 38, 44, 54, 57, 63, 81, 99, 106, 107, 115]
Return:  [0, 5, 7, 8, 10, 12, 24, 27, 28, 30, 37, 39, 46, 47, 50, 53, 55, 56, 60, 61, 64, 65, 66, 77, 80, 82, 87, 88, 92, 93, 102, 105, 117, 118, 121, 124]
	⭕  Walk to 104 (3.9 min) 
> 104 (22:32)
Rent:    [2, 6, 32, 54, 57, 81, 99, 106, 107, 115]
Return:  [0, 5, 7, 8, 10, 12, 24, 27, 28, 30, 37, 39, 46, 47, 50, 53, 55, 56, 60, 61, 64, 66, 77, 80, 82, 87, 88, 92, 93, 102, 105, 117, 118, 121, 124]
	⭕  Bike to 8 (2.2 min) +1
> 8 (22:34)
Rent:    [2, 6, 32, 54, 57, 81, 99, 106, 107, 115]
Return:  [0, 5, 7, 8, 10, 12, 24, 27, 28, 30, 37, 39, 46, 47, 50, 53, 55, 56, 60, 61, 64, 66, 77, 80, 82, 87, 88, 92, 93, 102, 105, 117, 118, 121, 124]
	⭕  Walk to 4 (2.5 min) 
> 4 (22:36)
Rent:    [2, 6, 32, 54, 57, 81, 99, 106, 107, 115]
Return:  [0, 5, 7, 8, 10, 12, 24, 27, 28, 30, 37, 39, 46, 47, 50, 53, 55, 56, 60, 61, 64, 66, 77, 80, 82, 87, 88, 92, 93, 102, 105, 117, 118, 121, 124]
	⭕  Bike to 8 (1.4 min) +1
> 8 (22:38)
Rent:    [2, 6, 32, 54, 57, 81, 99, 106, 107, 115]
Return:  [0, 5, 7, 8, 10, 12, 24, 27, 28, 30, 37, 39, 46, 47, 50, 53, 55, 56, 60, 61, 64, 66, 77, 80, 82, 87, 88, 92, 93, 102, 105, 117, 118, 121, 124]
	⭕  Walk to 4 (2.5 min) 
> 4 (22:40)
Rent:    [2, 6, 32, 54, 57, 81, 99, 106, 107, 115]
Return:  [0, 5, 7, 8, 10, 12, 24, 27, 28, 30, 37, 39, 46, 47, 50, 53, 55, 56, 60, 61, 64, 66, 77, 80, 82, 87, 88, 92, 93, 102, 105, 117, 118, 121, 124]
	⭕  Bike to 8 (1.4 min) +1
> 8 (22:42)
Rent:    [2, 6, 32, 54, 57, 81, 99, 106, 107, 115]
Return:  [0, 5, 7, 8, 10, 12, 24, 27, 28, 30, 37, 39, 46, 47, 50, 53, 55, 56, 60, 61, 64, 66, 77, 80, 82, 87, 88, 92, 93, 102, 105, 117, 118, 121, 124]
	⭕  Walk to 4 (2.5 min) 
> 4 (22:44)
Rent:    [2, 6, 32, 54, 57, 81, 99, 106, 107, 115]
Return:  [0, 5, 7, 8, 10, 12, 24, 27, 28, 30, 37, 39, 46, 47, 50, 53, 55, 56, 60, 61, 64, 66, 77, 80, 82, 87, 88, 92, 93, 102, 105, 117, 118, 121, 124]
	⭕  Bike to 61 (2.2 min) +1
> 61 (22:46)
Rent:    [2, 6, 32, 38, 54, 57, 81, 99, 106, 107, 115]
Return:  [5, 7, 8, 10, 12, 24, 27, 28, 30, 37, 41, 46, 50, 55, 56, 60, 61, 64, 66, 77, 80, 82, 87, 88, 92, 93, 102, 104, 105, 117, 118, 121, 124]
	⭕  Walk to 33 (7.1 min) 
> 33 (22:53)
Rent:    [2, 6, 32, 38, 54, 57, 81, 99, 106, 107, 115]
Return:  [5, 7, 8, 10, 12, 24, 27, 28, 30, 37, 41, 46, 50, 55, 56, 60, 61, 64, 66, 77, 80, 82, 87, 88, 92, 93, 102, 104, 105, 117, 118, 121, 124]
	⭕  Bike to 5 (0.9 min) +1
> 5 (22:54)
Rent:    [2, 6, 32, 38, 54, 57, 81, 99, 106, 107, 115]
Return:  [5, 7, 8, 10, 12, 24, 27, 28, 30, 37, 41, 46, 50, 55, 56, 60, 61, 64, 66, 77, 80, 82, 87, 88, 92, 93, 102, 104, 105, 117, 118, 121, 124]
	🔵  End excursion
	⭕  Walk to 5 (0.0 min) 
> 5 (22:54)

---------- Excursion Complete ----------
End time: 22:54
Final station: 5
Bike count: 96
Walk count: 96
Wait count: 0
Total reward: 96
Seed: 1648936204

