Generated random seed: 3628403952
---------- Starting Excursion -----------
Warmup time: 4.0 hours
Start time: 16:00 
Excursion time: 7.0 hours

> 1 (16:00)
Rent:    [54, 72, 107, 109]
Return:  [10, 21, 22, 23, 29, 35, 37, 46, 50, 66, 80, 87, 93, 124]
	⭕  Bike to 87 (3.9 min) +1
> 87 (16:03)
Rent:    [54, 72, 107, 109]
Return:  [10, 21, 22, 23, 29, 35, 37, 46, 50, 66, 80, 87, 93, 124]
	⭕  Walk to 82 (2.7 min) 
> 82 (16:06)
Rent:    [54, 72, 107, 109]
Return:  [10, 21, 22, 23, 29, 35, 37, 46, 50, 66, 80, 87, 93, 124]
	⭕  Bike to 66 (2.8 min) +1
> 66 (16:09)
Rent:    [54, 72, 107, 109]
Return:  [10, 21, 22, 23, 29, 35, 37, 46, 50, 66, 80, 87, 93, 124]
	⭕  Walk to 102 (1.7 min) 
> 102 (16:11)
Rent:    [54, 72, 107, 109]
Return:  [10, 21, 22, 23, 29, 35, 37, 46, 50, 66, 80, 87, 93, 124]
	⭕  Bike to 66 (0.7 min) +1
> 66 (16:11)
Rent:    [54, 72, 107, 109]
Return:  [10, 21, 22, 23, 29, 35, 37, 46, 50, 66, 80, 87, 93, 124]
	⭕  Walk to 52 (2.4 min) 
> 52 (16:14)
Rent:    [54, 72, 107, 109]
Return:  [10, 21, 22, 23, 29, 35, 37, 46, 50, 66, 80, 87, 93, 124]
	⭕  Bike to 66 (1.1 min) +1
> 66 (16:15)
Rent:    [54, 72, 107, 109]
Return:  [10, 11, 21, 23, 30, 35, 37, 46, 50, 53, 66, 80, 82, 87, 93, 102, 124]
	⭕  Walk to 52 (2.4 min) 
> 52 (16:17)
Rent:    [54, 72, 107, 109]
Return:  [10, 11, 21, 23, 30, 35, 37, 46, 50, 53, 66, 80, 82, 87, 93, 102, 124]
	⭕  Bike to 66 (1.1 min) +1
> 66 (16:18)
Rent:    [54, 72, 107, 109]
Return:  [10, 11, 21, 23, 30, 35, 37, 46, 50, 53, 66, 80, 82, 87, 93, 102, 124]
	⭕  Walk to 52 (2.4 min) 
> 52 (16:21)
Rent:    [54, 72, 107, 109]
Return:  [10, 11, 21, 23, 30, 35, 37, 46, 50, 53, 66, 80, 82, 87, 93, 102, 124]
	⭕  Bike to 66 (1.1 min) +1
> 66 (16:22)
Rent:    [54, 72, 107, 109]
Return:  [10, 11, 21, 23, 30, 35, 37, 46, 50, 53, 66, 80, 82, 87, 93, 102, 124]
	⭕  Walk to 52 (2.4 min) 
> 52 (16:24)
Rent:    [54, 72, 107, 109]
Return:  [10, 11, 21, 23, 30, 35, 37, 46, 50, 53, 66, 80, 82, 87, 93, 102, 124]
	⭕  Bike to 66 (1.1 min) +1
> 66 (16:25)
Rent:    [54, 72, 107, 109]
Return:  [10, 11, 21, 23, 30, 35, 37, 46, 50, 53, 66, 80, 82, 87, 93, 102, 124]
	⭕  Walk to 52 (2.4 min) 
> 52 (16:28)
Rent:    [54, 72, 107, 109]
Return:  [10, 11, 21, 23, 30, 35, 37, 46, 50, 53, 66, 80, 82, 87, 93, 102, 124]
	⭕  Bike to 66 (1.1 min) +1
> 66 (16:29)
Rent:    [54, 72, 107, 109]
Return:  [10, 11, 21, 23, 30, 35, 37, 46, 50, 53, 66, 80, 82, 87, 93, 102, 124]
	⭕  Walk to 52 (2.4 min) 
> 52 (16:31)
Rent:    [54, 72, 98, 107, 109]
Return:  [10, 11, 12, 21, 22, 23, 30, 37, 46, 50, 66, 80, 82, 87, 92, 93, 102]
	⭕  Bike to 66 (1.1 min) +1
> 66 (16:32)
Rent:    [54, 72, 98, 107, 109]
Return:  [10, 11, 12, 21, 22, 23, 30, 37, 46, 50, 66, 80, 82, 87, 92, 93, 102]
	⭕  Walk to 52 (2.4 min) 
> 52 (16:35)
Rent:    [54, 72, 98, 107, 109]
Return:  [10, 11, 12, 21, 22, 23, 30, 37, 46, 50, 66, 80, 82, 87, 92, 93, 102]
	⭕  Bike to 66 (1.1 min) +1
> 66 (16:36)
Rent:    [54, 72, 98, 107, 109]
Return:  [10, 11, 12, 21, 22, 23, 30, 37, 46, 50, 66, 80, 82, 87, 92, 93, 102]
	⭕  Walk to 52 (2.4 min) 
> 52 (16:38)
Rent:    [54, 72, 98, 107, 109]
Return:  [10, 11, 12, 21, 22, 23, 30, 37, 46, 50, 66, 80, 82, 87, 92, 93, 102]
	⭕  Bike to 66 (1.1 min) +1
> 66 (16:39)
Rent:    [54, 72, 98, 107, 109]
Return:  [10, 11, 12, 21, 22, 23, 30, 37, 46, 50, 66, 80, 82, 87, 92, 93, 102]
	⭕  Walk to 52 (2.4 min) 
> 52 (16:42)
Rent:    [54, 72, 98, 107, 109]
Return:  [10, 11, 12, 21, 22, 23, 30, 37, 46, 50, 66, 80, 82, 87, 92, 93, 102]
	⭕  Bike to 66 (1.1 min) +1
> 66 (16:43)
Rent:    [54, 72, 98, 107, 109]
Return:  [10, 11, 12, 21, 22, 23, 30, 37, 46, 50, 66, 80, 82, 87, 92, 93, 102]
	⭕  Walk to 52 (2.4 min) 
> 52 (16:45)
Rent:    [6, 54, 72, 98, 107, 109]
Return:  [10, 12, 21, 23, 24, 28, 30, 37, 46, 50, 53, 60, 66, 80, 82, 87, 92, 93, 102, 124]
	⭕  Bike to 66 (1.1 min) +1
> 66 (16:46)
Rent:    [6, 54, 72, 98, 107, 109]
Return:  [10, 12, 21, 23, 24, 28, 30, 37, 46, 50, 53, 60, 66, 80, 82, 87, 92, 93, 102, 124]
	⭕  Walk to 52 (2.4 min) 
> 52 (16:48)
Rent:    [6, 54, 72, 98, 107, 109]
Return:  [10, 12, 21, 23, 24, 28, 30, 37, 46, 50, 53, 60, 66, 80, 82, 87, 92, 93, 102, 124]
	⭕  Bike to 66 (1.1 min) +1
> 66 (16:50)
Rent:    [6, 54, 72, 98, 107, 109]
Return:  [10, 12, 21, 23, 24, 28, 30, 37, 46, 50, 53, 60, 66, 80, 82, 87, 92, 93, 102, 124]
	⭕  Walk to 27 (6.6 min) 
> 27 (16:56)
Rent:    [6, 54, 72, 98, 107, 109]
Return:  [10, 12, 21, 23, 24, 28, 30, 37, 46, 50, 53, 60, 66, 80, 82, 87, 92, 93, 102, 124]
	⭕  Bike to 28 (1.4 min) +1
> 28 (16:58)
Rent:    [6, 54, 72, 98, 107, 109]
Return:  [10, 12, 21, 23, 24, 28, 30, 37, 46, 50, 53, 60, 66, 80, 82, 87, 92, 93, 102, 124]
	⭕  Walk to 27 (4.1 min) 
> 27 (17:02)
Rent:    [6, 54, 72, 98, 107]
Return:  [10, 21, 23, 28, 30, 35, 37, 46, 50, 52, 53, 60, 61, 64, 66, 80, 82, 87, 92, 93, 102, 124]
	⭕  Bike to 28 (1.4 min) +1
> 28 (17:03)
Rent:    [6, 54, 72, 98, 107]
Return:  [10, 21, 23, 28, 30, 35, 37, 46, 50, 52, 53, 60, 61, 64, 66, 80, 82, 87, 92, 93, 102, 124]
	⭕  Walk to 27 (4.1 min) 
> 27 (17:07)
Rent:    [6, 54, 72, 98, 107]
Return:  [10, 21, 23, 28, 30, 35, 37, 46, 50, 52, 53, 60, 61, 64, 66, 80, 82, 87, 92, 93, 102, 124]
	⭕  Bike to 28 (1.4 min) +1
> 28 (17:08)
Rent:    [6, 54, 72, 98, 107]
Return:  [10, 21, 23, 28, 30, 35, 37, 46, 50, 52, 53, 60, 61, 64, 66, 80, 82, 87, 92, 93, 102, 124]
	⭕  Walk to 27 (4.1 min) 
> 27 (17:12)
Rent:    [6, 54, 72, 98, 107]
Return:  [10, 21, 23, 28, 30, 35, 37, 46, 50, 52, 53, 60, 61, 64, 66, 80, 82, 87, 92, 93, 102, 124]
	⭕  Bike to 28 (1.4 min) +1
> 28 (17:14)
Rent:    [6, 54, 72, 98, 107]
Return:  [10, 21, 23, 28, 30, 35, 37, 46, 50, 52, 53, 60, 61, 64, 66, 80, 82, 87, 92, 93, 102, 124]
	⭕  Walk to 27 (4.1 min) 
> 27 (17:18)
Rent:    [6, 54, 72, 98, 107]
Return:  [10, 28, 30, 35, 37, 46, 50, 52, 53, 60, 61, 64, 66, 80, 82, 87, 92, 93, 102, 117, 124]
	⭕  Bike to 117 (0.7 min) +1
> 117 (17:19)
Rent:    [6, 54, 72, 98, 107]
Return:  [10, 28, 30, 35, 37, 46, 50, 52, 53, 60, 61, 64, 66, 80, 82, 87, 92, 93, 102, 117, 124]
	⭕  Walk to 27 (1.9 min) 
> 27 (17:21)
Rent:    [6, 54, 72, 98, 107]
Return:  [10, 28, 30, 35, 37, 46, 50, 52, 53, 60, 61, 64, 66, 80, 82, 87, 92, 93, 102, 117, 124]
	⭕  Bike to 117 (0.7 min) +1
> 117 (17:21)
Rent:    [6, 54, 72, 98, 107]
Return:  [10, 28, 30, 35, 37, 46, 50, 52, 53, 60, 61, 64, 66, 80, 82, 87, 92, 93, 102, 117, 124]
	⭕  Walk to 27 (1.9 min) 
> 27 (17:23)
Rent:    [6, 54, 72, 98, 107]
Return:  [10, 28, 30, 35, 37, 46, 50, 52, 53, 60, 61, 64, 66, 80, 82, 87, 92, 93, 102, 117, 124]
	⭕  Bike to 117 (0.7 min) +1
> 117 (17:24)
Rent:    [6, 54, 72, 98, 107]
Return:  [10, 28, 30, 35, 37, 46, 50, 52, 53, 60, 61, 64, 66, 80, 82, 87, 92, 93, 102, 117, 124]
	⭕  Walk to 27 (1.9 min) 
> 27 (17:26)
Rent:    [6, 54, 72, 98, 107]
Return:  [10, 28, 30, 35, 37, 46, 50, 52, 53, 60, 61, 64, 66, 80, 82, 87, 92, 93, 102, 117, 124]
	⭕  Bike to 117 (0.7 min) +1
> 117 (17:26)
Rent:    [6, 54, 72, 98, 107]
Return:  [10, 28, 30, 35, 37, 46, 50, 52, 53, 60, 61, 64, 66, 80, 82, 87, 92, 93, 102, 117, 124]
	⭕  Walk to 27 (1.9 min) 
> 27 (17:28)
Rent:    [6, 54, 72, 98, 107]
Return:  [10, 28, 30, 35, 37, 46, 50, 52, 53, 60, 61, 64, 66, 80, 82, 87, 92, 93, 102, 117, 124]
	⭕  Bike to 117 (0.7 min) +1
> 117 (17:29)
Rent:    [6, 54, 72, 98, 107]
Return:  [10, 28, 30, 35, 37, 46, 50, 52, 53, 60, 61, 64, 66, 80, 82, 87, 92, 93, 102, 117, 124]
	⭕  Walk to 27 (1.9 min) 
> 27 (17:31)
Rent:    [6, 54, 72, 107, 109]
Return:  [10, 20, 21, 23, 28, 37, 46, 50, 52, 53, 60, 61, 64, 66, 77, 82, 87, 92, 93, 102, 117, 124]
	⭕  Bike to 117 (0.7 min) +1
> 117 (17:32)
Rent:    [6, 54, 72, 107, 109]
Return:  [10, 20, 21, 23, 28, 37, 46, 50, 52, 53, 60, 61, 64, 66, 77, 82, 87, 92, 93, 102, 117, 124]
	⭕  Walk to 27 (1.9 min) 
> 27 (17:34)
Rent:    [6, 54, 72, 107, 109]
Return:  [10, 20, 21, 23, 28, 37, 46, 50, 52, 53, 60, 61, 64, 66, 77, 82, 87, 92, 93, 102, 117, 124]
	⭕  Bike to 117 (0.7 min) +1
> 117 (17:34)
Rent:    [6, 54, 72, 107, 109]
Return:  [10, 20, 21, 23, 28, 37, 46, 50, 52, 53, 60, 61, 64, 66, 77, 82, 87, 92, 93, 102, 117, 124]
	⭕  Walk to 27 (1.9 min) 
> 27 (17:36)
Rent:    [6, 54, 72, 107, 109]
Return:  [10, 20, 21, 23, 28, 37, 46, 50, 52, 53, 60, 61, 64, 66, 77, 82, 87, 92, 93, 102, 117, 124]
	⭕  Bike to 117 (0.7 min) +1
> 117 (17:37)
Rent:    [6, 54, 72, 107, 109]
Return:  [10, 20, 21, 23, 28, 37, 46, 50, 52, 53, 60, 61, 64, 66, 77, 82, 87, 92, 93, 102, 117, 124]
	⭕  Walk to 27 (1.9 min) 
> 27 (17:39)
Rent:    [6, 54, 72, 107, 109]
Return:  [10, 20, 21, 23, 28, 37, 46, 50, 52, 53, 60, 61, 64, 66, 77, 82, 87, 92, 93, 102, 117, 124]
	⭕  Bike to 117 (0.7 min) +1
> 117 (17:39)
Rent:    [6, 54, 72, 107, 109]
Return:  [10, 20, 21, 23, 28, 37, 46, 50, 52, 53, 60, 61, 64, 66, 77, 82, 87, 92, 93, 102, 117, 124]
	⭕  Walk to 27 (1.9 min) 
> 27 (17:41)
Rent:    [6, 54, 72, 107, 109]
Return:  [10, 20, 21, 23, 28, 37, 46, 50, 52, 53, 60, 61, 64, 66, 77, 82, 87, 92, 93, 102, 117, 124]
	⭕  Bike to 117 (0.7 min) +1
> 117 (17:42)
Rent:    [6, 54, 72, 107, 109]
Return:  [10, 20, 21, 23, 28, 37, 46, 50, 52, 53, 60, 61, 64, 66, 77, 82, 87, 92, 93, 102, 117, 124]
	⭕  Walk to 27 (1.9 min) 
> 27 (17:44)
Rent:    [6, 54, 72, 107, 109]
Return:  [10, 20, 21, 23, 28, 37, 46, 50, 52, 53, 60, 61, 64, 66, 77, 82, 87, 92, 93, 102, 117, 124]
	⭕  Bike to 117 (0.7 min) +1
> 117 (17:45)
Rent:    [6, 54, 95, 107, 109]
Return:  [3, 10, 20, 21, 28, 33, 37, 45, 46, 50, 53, 60, 61, 64, 66, 82, 87, 92, 93, 102, 117, 124]
	⭕  Walk to 27 (1.9 min) 
> 27 (17:47)
Rent:    [6, 54, 95, 107, 109]
Return:  [3, 10, 20, 21, 28, 33, 37, 45, 46, 50, 53, 60, 61, 64, 66, 82, 87, 92, 93, 102, 117, 124]
	⭕  Bike to 117 (0.7 min) +1
> 117 (17:47)
Rent:    [6, 54, 95, 107, 109]
Return:  [3, 10, 20, 21, 28, 33, 37, 45, 46, 50, 53, 60, 61, 64, 66, 82, 87, 92, 93, 102, 117, 124]
	⭕  Walk to 27 (1.9 min) 
> 27 (17:49)
Rent:    [6, 54, 95, 107, 109]
Return:  [3, 10, 20, 21, 28, 33, 37, 45, 46, 50, 53, 60, 61, 64, 66, 82, 87, 92, 93, 102, 117, 124]
	⭕  Bike to 117 (0.7 min) +1
> 117 (17:50)
Rent:    [6, 54, 95, 107, 109]
Return:  [3, 10, 20, 21, 28, 33, 37, 45, 46, 50, 53, 60, 61, 64, 66, 82, 87, 92, 93, 102, 117, 124]
	⭕  Walk to 27 (1.9 min) 
> 27 (17:52)
Rent:    [6, 54, 95, 107, 109]
Return:  [3, 10, 20, 21, 28, 33, 37, 45, 46, 50, 53, 60, 61, 64, 66, 82, 87, 92, 93, 102, 117, 124]
	⭕  Bike to 117 (0.7 min) +1
> 117 (17:52)
Rent:    [6, 54, 95, 107, 109]
Return:  [3, 10, 20, 21, 28, 33, 37, 45, 46, 50, 53, 60, 61, 64, 66, 82, 87, 92, 93, 102, 117, 124]
	⭕  Walk to 105 (2.0 min) 
> 105 (17:54)
Rent:    [6, 54, 95, 107, 109]
Return:  [3, 10, 20, 21, 28, 33, 37, 45, 46, 50, 53, 60, 61, 64, 66, 82, 87, 92, 93, 102, 117, 124]
	⭕  Bike to 117 (0.7 min) +1
> 117 (17:55)
Rent:    [6, 54, 95, 107, 109]
Return:  [3, 10, 20, 21, 28, 33, 37, 45, 46, 50, 53, 60, 61, 64, 66, 82, 87, 92, 93, 102, 117, 124]
	⭕  Walk to 105 (2.0 min) 
> 105 (17:57)
Rent:    [6, 54, 95, 107, 109]
Return:  [3, 10, 20, 21, 28, 33, 37, 45, 46, 50, 53, 60, 61, 64, 66, 82, 87, 92, 93, 102, 117, 124]
	⭕  Bike to 117 (0.7 min) +1
> 117 (17:58)
Rent:    [6, 54, 95, 107, 109]
Return:  [3, 10, 20, 21, 28, 33, 37, 45, 46, 50, 53, 60, 61, 64, 66, 82, 87, 92, 93, 102, 117, 124]
	⭕  Walk to 27 (1.9 min) 
> 27 (18:00)
Rent:    [6, 54, 95, 98, 107, 109]
Return:  [3, 10, 12, 21, 28, 30, 37, 45, 46, 50, 53, 60, 61, 64, 65, 66, 77, 82, 87, 92, 93, 102, 117, 124]
	⭕  Bike to 117 (0.7 min) +1
> 117 (18:01)
Rent:    [6, 54, 95, 98, 107, 109]
Return:  [3, 10, 12, 21, 28, 30, 37, 45, 46, 50, 53, 60, 61, 64, 65, 66, 77, 82, 87, 92, 93, 102, 117, 124]
	⭕  Walk to 105 (2.0 min) 
> 105 (18:03)
Rent:    [6, 54, 95, 98, 107, 109]
Return:  [3, 10, 12, 21, 28, 30, 37, 45, 46, 50, 53, 60, 61, 64, 65, 66, 77, 82, 87, 92, 93, 102, 117, 124]
	⭕  Bike to 117 (0.7 min) +1
> 117 (18:03)
Rent:    [6, 54, 95, 98, 107, 109]
Return:  [3, 10, 12, 21, 28, 30, 37, 45, 46, 50, 53, 60, 61, 64, 65, 66, 77, 82, 87, 92, 93, 102, 117, 124]
	⭕  Walk to 105 (2.0 min) 
> 105 (18:05)
Rent:    [6, 54, 95, 98, 107, 109]
Return:  [3, 10, 12, 21, 28, 30, 37, 45, 46, 50, 53, 60, 61, 64, 65, 66, 77, 82, 87, 92, 93, 102, 117, 124]
	⭕  Bike to 117 (0.7 min) +1
> 117 (18:06)
Rent:    [6, 54, 95, 98, 107, 109]
Return:  [3, 10, 12, 21, 28, 30, 37, 45, 46, 50, 53, 60, 61, 64, 65, 66, 77, 82, 87, 92, 93, 102, 117, 124]
	⭕  Walk to 52 (7.8 min) 
> 52 (18:14)
Rent:    [6, 54, 95, 98, 107, 109]
Return:  [3, 10, 12, 21, 28, 30, 37, 45, 46, 50, 53, 60, 61, 64, 65, 66, 77, 82, 87, 92, 93, 102, 117, 124]
	⭕  Bike to 66 (1.1 min) +1
> 66 (18:15)
Rent:    [6, 54, 95, 98, 107, 109]
Return:  [3, 10, 12, 21, 22, 26, 28, 30, 33, 35, 37, 46, 50, 53, 60, 61, 64, 65, 66, 77, 82, 87, 92, 93, 102, 105, 117]
	⭕  Walk to 52 (2.4 min) 
> 52 (18:17)
Rent:    [6, 54, 95, 98, 107, 109]
Return:  [3, 10, 12, 21, 22, 26, 28, 30, 33, 35, 37, 46, 50, 53, 60, 61, 64, 65, 66, 77, 82, 87, 92, 93, 102, 105, 117]
	⭕  Bike to 66 (1.1 min) +1
> 66 (18:18)
Rent:    [6, 54, 95, 98, 107, 109]
Return:  [3, 10, 12, 21, 22, 26, 28, 30, 33, 35, 37, 46, 50, 53, 60, 61, 64, 65, 66, 77, 82, 87, 92, 93, 102, 105, 117]
	⭕  Walk to 47 (8.6 min) 
> 47 (18:27)
Rent:    [6, 54, 95, 98, 107, 109]
Return:  [3, 10, 12, 21, 22, 26, 28, 30, 33, 35, 37, 46, 50, 53, 60, 61, 64, 65, 66, 77, 82, 87, 92, 93, 102, 105, 117]
	⭕  Bike to 53 (1.2 min) +1
> 53 (18:28)
Rent:    [6, 54, 95, 98, 107, 109]
Return:  [3, 10, 12, 21, 22, 26, 28, 30, 33, 35, 37, 46, 50, 53, 60, 61, 64, 65, 66, 77, 82, 87, 92, 93, 102, 105, 117]
	⭕  Walk to 47 (2.7 min) 
> 47 (18:31)
Rent:    [6, 54, 95, 98, 100, 107, 109]
Return:  [3, 10, 12, 22, 28, 30, 33, 35, 37, 45, 46, 50, 53, 60, 61, 64, 66, 77, 80, 82, 87, 92, 93, 102, 105, 117]
	⭕  Bike to 53 (1.2 min) +1
> 53 (18:32)
Rent:    [6, 54, 95, 98, 100, 107, 109]
Return:  [3, 10, 12, 22, 28, 30, 33, 35, 37, 45, 46, 50, 53, 60, 61, 64, 66, 77, 80, 82, 87, 92, 93, 102, 105, 117]
	⭕  Walk to 47 (2.7 min) 
> 47 (18:35)
Rent:    [6, 54, 95, 98, 100, 107, 109]
Return:  [3, 10, 12, 22, 28, 30, 33, 35, 37, 45, 46, 50, 53, 60, 61, 64, 66, 77, 80, 82, 87, 92, 93, 102, 105, 117]
	⭕  Bike to 53 (1.2 min) +1
> 53 (18:36)
Rent:    [6, 54, 95, 98, 100, 107, 109]
Return:  [3, 10, 12, 22, 28, 30, 33, 35, 37, 45, 46, 50, 53, 60, 61, 64, 66, 77, 80, 82, 87, 92, 93, 102, 105, 117]
	⭕  Walk to 47 (2.7 min) 
> 47 (18:39)
Rent:    [6, 54, 95, 98, 100, 107, 109]
Return:  [3, 10, 12, 22, 28, 30, 33, 35, 37, 45, 46, 50, 53, 60, 61, 64, 66, 77, 80, 82, 87, 92, 93, 102, 105, 117]
	⭕  Bike to 53 (1.2 min) +1
> 53 (18:40)
Rent:    [6, 54, 95, 98, 100, 107, 109]
Return:  [3, 10, 12, 22, 28, 30, 33, 35, 37, 45, 46, 50, 53, 60, 61, 64, 66, 77, 80, 82, 87, 92, 93, 102, 105, 117]
	⭕  Walk to 47 (2.7 min) 
> 47 (18:43)
Rent:    [6, 54, 95, 98, 100, 107, 109]
Return:  [3, 10, 12, 22, 28, 30, 33, 35, 37, 45, 46, 50, 53, 60, 61, 64, 66, 77, 80, 82, 87, 92, 93, 102, 105, 117]
	⭕  Bike to 53 (1.2 min) +1
> 53 (18:44)
Rent:    [6, 54, 95, 98, 100, 107, 109]
Return:  [3, 10, 12, 22, 28, 30, 33, 35, 37, 45, 46, 50, 53, 60, 61, 64, 66, 77, 80, 82, 87, 92, 93, 102, 105, 117]
	⭕  Walk to 47 (2.7 min) 
> 47 (18:47)
Rent:    [6, 54, 95, 98, 100, 107, 109]
Return:  [3, 10, 12, 27, 28, 30, 33, 37, 45, 46, 50, 53, 60, 61, 64, 65, 66, 77, 80, 82, 87, 92, 93, 102, 117, 124]
	⭕  Bike to 53 (1.2 min) +1
> 53 (18:48)
Rent:    [6, 54, 95, 98, 100, 107, 109]
Return:  [3, 10, 12, 27, 28, 30, 33, 37, 45, 46, 50, 53, 60, 61, 64, 65, 66, 77, 80, 82, 87, 92, 93, 102, 117, 124]
	⭕  Walk to 55 (3.6 min) 
> 55 (18:51)
Rent:    [6, 54, 95, 98, 100, 107, 109]
Return:  [3, 10, 12, 27, 28, 30, 33, 37, 45, 46, 50, 53, 60, 61, 64, 65, 66, 77, 80, 82, 87, 92, 93, 102, 117, 124]
	⭕  Bike to 10 (2.0 min) +1
> 10 (18:53)
Rent:    [6, 54, 95, 98, 100, 107, 109]
Return:  [3, 10, 12, 27, 28, 30, 33, 37, 45, 46, 50, 53, 60, 61, 64, 65, 66, 77, 80, 82, 87, 92, 93, 102, 117, 124]
	⭕  Walk to 103 (6.6 min) 
> 103 (19:00)
Rent:    [6, 44, 54, 72, 95, 100, 107, 109]
Return:  [3, 10, 12, 26, 27, 28, 30, 33, 37, 46, 53, 55, 60, 61, 64, 65, 66, 77, 80, 82, 87, 92, 93, 102, 117, 124]
	⭕  Bike to 55 (2.1 min) +1
> 55 (19:02)
Rent:    [6, 44, 54, 72, 95, 100, 107, 109]
Return:  [3, 10, 12, 26, 27, 28, 30, 33, 37, 46, 53, 55, 60, 61, 64, 65, 66, 77, 80, 82, 87, 92, 93, 102, 117, 124]
	⭕  Walk to 103 (3.4 min) 
> 103 (19:05)
Rent:    [6, 44, 54, 72, 95, 100, 107, 109]
Return:  [3, 10, 12, 26, 27, 28, 30, 33, 37, 46, 53, 55, 60, 61, 64, 65, 66, 77, 80, 82, 87, 92, 93, 102, 117, 124]
	⭕  Bike to 55 (2.1 min) +1
> 55 (19:08)
Rent:    [6, 44, 54, 72, 95, 100, 107, 109]
Return:  [3, 10, 12, 26, 27, 28, 30, 33, 37, 46, 53, 55, 60, 61, 64, 65, 66, 77, 80, 82, 87, 92, 93, 102, 117, 124]
	⭕  Walk to 103 (3.4 min) 
> 103 (19:11)
Rent:    [6, 44, 54, 72, 95, 100, 107, 109]
Return:  [3, 10, 12, 26, 27, 28, 30, 33, 37, 46, 53, 55, 60, 61, 64, 65, 66, 77, 80, 82, 87, 92, 93, 102, 117, 124]
	⭕  Bike to 55 (2.1 min) +1
> 55 (19:13)
Rent:    [6, 44, 54, 72, 95, 100, 107, 109]
Return:  [3, 10, 12, 26, 27, 28, 30, 33, 37, 46, 53, 55, 60, 61, 64, 65, 66, 77, 80, 82, 87, 92, 93, 102, 117, 124]
	⭕  Walk to 103 (3.4 min) 
> 103 (19:16)
Rent:    [6, 44, 54, 72, 95, 100, 107, 109]
Return:  [3, 10, 12, 21, 26, 27, 28, 30, 33, 37, 46, 53, 55, 60, 61, 64, 65, 66, 74, 77, 80, 82, 87, 92, 93, 102, 117, 124]
	⭕  Bike to 55 (2.1 min) +1
> 55 (19:19)
Rent:    [6, 44, 54, 72, 95, 100, 107, 109]
Return:  [3, 10, 12, 21, 26, 27, 28, 30, 33, 37, 46, 53, 55, 60, 61, 64, 65, 66, 74, 77, 80, 82, 87, 92, 93, 102, 117, 124]
	⭕  Walk to 103 (3.4 min) 
> 103 (19:22)
Rent:    [6, 44, 54, 72, 95, 100, 107, 109]
Return:  [3, 10, 12, 21, 26, 27, 28, 30, 33, 37, 46, 53, 55, 60, 61, 64, 65, 66, 74, 77, 80, 82, 87, 92, 93, 102, 117, 124]
	⭕  Bike to 55 (2.1 min) +1
> 55 (19:24)
Rent:    [6, 44, 54, 72, 95, 100, 107, 109]
Return:  [3, 10, 12, 21, 26, 27, 28, 30, 33, 37, 46, 53, 55, 60, 61, 64, 65, 66, 74, 77, 80, 82, 87, 92, 93, 102, 117, 124]
	⭕  Walk to 103 (3.4 min) 
> 103 (19:27)
Rent:    [6, 44, 54, 72, 95, 100, 107, 109]
Return:  [3, 10, 12, 21, 26, 27, 28, 30, 33, 37, 46, 53, 55, 60, 61, 64, 65, 66, 74, 77, 80, 82, 87, 92, 93, 102, 117, 124]
	⭕  Bike to 55 (2.1 min) +1
> 55 (19:30)
Rent:    [2, 6, 44, 54, 72, 81, 95, 98, 100, 107]
Return:  [0, 3, 12, 26, 27, 28, 30, 33, 37, 46, 53, 55, 60, 61, 64, 65, 66, 77, 80, 87, 92, 93, 102, 117, 124]
	⭕  Walk to 103 (3.4 min) 
> 103 (19:33)
Rent:    [2, 6, 44, 54, 72, 81, 95, 98, 100, 107]
Return:  [0, 3, 12, 26, 27, 28, 30, 33, 37, 46, 53, 55, 60, 61, 64, 65, 66, 77, 80, 87, 92, 93, 102, 117, 124]
	⭕  Bike to 55 (2.1 min) +1
> 55 (19:35)
Rent:    [2, 6, 44, 54, 72, 81, 95, 98, 100, 107]
Return:  [0, 3, 12, 26, 27, 28, 30, 33, 37, 46, 53, 55, 60, 61, 64, 65, 66, 77, 80, 87, 92, 93, 102, 117, 124]
	⭕  Walk to 103 (3.4 min) 
> 103 (19:39)
Rent:    [2, 6, 44, 54, 72, 81, 95, 98, 100, 107]
Return:  [0, 3, 12, 26, 27, 28, 30, 33, 37, 46, 53, 55, 60, 61, 64, 65, 66, 77, 80, 87, 92, 93, 102, 117, 124]
	⭕  Bike to 55 (2.1 min) +1
> 55 (19:41)
Rent:    [2, 6, 44, 54, 72, 81, 95, 98, 100, 107]
Return:  [0, 3, 12, 26, 27, 28, 30, 33, 37, 46, 53, 55, 60, 61, 64, 65, 66, 77, 80, 87, 92, 93, 102, 117, 124]
	⭕  Walk to 103 (3.4 min) 
> 103 (19:44)
Rent:    [2, 6, 44, 54, 72, 81, 95, 98, 100, 107]
Return:  [0, 3, 12, 26, 27, 28, 30, 33, 37, 46, 53, 55, 60, 61, 64, 65, 66, 77, 80, 87, 92, 93, 102, 117, 124]
	⭕  Bike to 55 (2.1 min) +1
> 55 (19:46)
Rent:    [2, 6, 44, 54, 72, 81, 95, 98, 107]
Return:  [0, 3, 26, 27, 28, 33, 37, 45, 46, 52, 53, 55, 56, 60, 61, 64, 65, 66, 77, 80, 82, 87, 92, 93, 102, 117, 118]
	⭕  Walk to 103 (3.4 min) 
> 103 (19:50)
Rent:    [2, 6, 44, 54, 72, 81, 95, 98, 107]
Return:  [0, 3, 26, 27, 28, 33, 37, 45, 46, 52, 53, 55, 56, 60, 61, 64, 65, 66, 77, 80, 82, 87, 92, 93, 102, 117, 118]
	⭕  Bike to 55 (2.1 min) +1
> 55 (19:52)
Rent:    [2, 6, 44, 54, 72, 81, 95, 98, 107]
Return:  [0, 3, 26, 27, 28, 33, 37, 45, 46, 52, 53, 55, 56, 60, 61, 64, 65, 66, 77, 80, 82, 87, 92, 93, 102, 117, 118]
	⭕  Walk to 103 (3.4 min) 
> 103 (19:55)
Rent:    [2, 6, 44, 54, 72, 81, 95, 98, 107]
Return:  [0, 3, 26, 27, 28, 33, 37, 45, 46, 52, 53, 55, 56, 60, 61, 64, 65, 66, 77, 80, 82, 87, 92, 93, 102, 117, 118]
	⭕  Bike to 55 (2.1 min) +1
> 55 (19:57)
Rent:    [2, 6, 44, 54, 72, 81, 95, 98, 107]
Return:  [0, 3, 26, 27, 28, 33, 37, 45, 46, 52, 53, 55, 56, 60, 61, 64, 65, 66, 77, 80, 82, 87, 92, 93, 102, 117, 118]
	⭕  Walk to 103 (3.4 min) 
> 103 (20:01)
Rent:    [2, 6, 44, 54, 72, 81, 95, 98, 99, 107]
Return:  [0, 3, 10, 21, 27, 28, 30, 33, 37, 45, 46, 53, 55, 56, 60, 61, 64, 65, 66, 77, 80, 82, 88, 93, 102, 117, 118, 122, 124]
	⭕  Bike to 55 (2.1 min) +1
> 55 (20:03)
Rent:    [2, 6, 44, 54, 72, 81, 95, 98, 99, 107]
Return:  [0, 3, 10, 21, 27, 28, 30, 33, 37, 45, 46, 53, 55, 56, 60, 61, 64, 65, 66, 77, 80, 82, 88, 93, 102, 117, 118, 122, 124]
	⭕  Walk to 103 (3.4 min) 
> 103 (20:06)
Rent:    [2, 6, 44, 54, 72, 81, 95, 98, 99, 107]
Return:  [0, 3, 10, 21, 27, 28, 30, 33, 37, 45, 46, 53, 55, 56, 60, 61, 64, 65, 66, 77, 80, 82, 88, 93, 102, 117, 118, 122, 124]
	⭕  Bike to 55 (2.1 min) +1
> 55 (20:08)
Rent:    [2, 6, 44, 54, 72, 81, 95, 98, 99, 107]
Return:  [0, 3, 10, 21, 27, 28, 30, 33, 37, 45, 46, 53, 55, 56, 60, 61, 64, 65, 66, 77, 80, 82, 88, 93, 102, 117, 118, 122, 124]
	⭕  Walk to 103 (3.4 min) 
> 103 (20:12)
Rent:    [2, 6, 44, 54, 72, 81, 95, 98, 99, 107]
Return:  [0, 3, 10, 21, 27, 28, 30, 33, 37, 45, 46, 53, 55, 56, 60, 61, 64, 65, 66, 77, 80, 82, 88, 93, 102, 117, 118, 122, 124]
	⭕  Bike to 55 (2.1 min) +1
> 55 (20:14)
Rent:    [2, 6, 44, 54, 72, 81, 95, 98, 99, 107]
Return:  [0, 3, 10, 21, 27, 28, 30, 33, 37, 45, 46, 53, 55, 56, 60, 61, 64, 65, 66, 77, 80, 82, 88, 93, 102, 117, 118, 122, 124]
	⭕  Walk to 87 (4.7 min) 
> 87 (20:18)
Rent:    [2, 6, 32, 44, 54, 72, 95, 98, 99, 106, 107, 109]
Return:  [0, 3, 10, 12, 21, 24, 27, 28, 30, 33, 45, 46, 52, 53, 55, 56, 60, 61, 64, 65, 66, 77, 80, 82, 88, 93, 102, 117, 118, 124]
	⭕  Bike to 53 (0.6 min) +1
> 53 (20:19)
Rent:    [2, 6, 32, 44, 54, 72, 95, 98, 99, 106, 107, 109]
Return:  [0, 3, 10, 12, 21, 24, 27, 28, 30, 33, 45, 46, 52, 53, 55, 56, 60, 61, 64, 65, 66, 77, 80, 82, 88, 93, 102, 117, 118, 124]
	⭕  Walk to 47 (2.7 min) 
> 47 (20:22)
Rent:    [2, 6, 32, 44, 54, 72, 95, 98, 99, 106, 107, 109]
Return:  [0, 3, 10, 12, 21, 24, 27, 28, 30, 33, 45, 46, 52, 53, 55, 56, 60, 61, 64, 65, 66, 77, 80, 82, 88, 93, 102, 117, 118, 124]
	⭕  Bike to 53 (1.2 min) +1
> 53 (20:23)
Rent:    [2, 6, 32, 44, 54, 72, 95, 98, 99, 106, 107, 109]
Return:  [0, 3, 10, 12, 21, 24, 27, 28, 30, 33, 45, 46, 52, 53, 55, 56, 60, 61, 64, 65, 66, 77, 80, 82, 88, 93, 102, 117, 118, 124]
	⭕  Walk to 47 (2.7 min) 
> 47 (20:26)
Rent:    [2, 6, 32, 44, 54, 72, 95, 98, 99, 106, 107, 109]
Return:  [0, 3, 10, 12, 21, 24, 27, 28, 30, 33, 45, 46, 52, 53, 55, 56, 60, 61, 64, 65, 66, 77, 80, 82, 88, 93, 102, 117, 118, 124]
	⭕  Bike to 53 (1.2 min) +1
> 53 (20:27)
Rent:    [2, 6, 32, 44, 54, 72, 95, 98, 99, 106, 107, 109]
Return:  [0, 3, 10, 12, 21, 24, 27, 28, 30, 33, 45, 46, 52, 53, 55, 56, 60, 61, 64, 65, 66, 77, 80, 82, 88, 93, 102, 117, 118, 124]
	⭕  Walk to 12 (3.4 min) 
> 12 (20:30)
Rent:    [2, 6, 32, 54, 72, 95, 98, 99, 106, 107]
Return:  [0, 3, 10, 14, 21, 24, 26, 27, 28, 30, 37, 45, 46, 52, 53, 55, 56, 59, 60, 61, 65, 66, 77, 80, 82, 87, 88, 93, 102, 104, 117, 118, 124]
	⭕  Bike to 93 (1.5 min) +1
> 93 (20:32)
Rent:    [2, 6, 32, 54, 72, 95, 98, 99, 106, 107]
Return:  [0, 3, 10, 14, 21, 24, 26, 27, 28, 30, 37, 45, 46, 52, 53, 55, 56, 59, 60, 61, 65, 66, 77, 80, 82, 87, 88, 93, 102, 104, 117, 118, 124]
	⭕  Walk to 103 (6.7 min) 
> 103 (20:38)
Rent:    [2, 6, 32, 54, 72, 95, 98, 99, 106, 107]
Return:  [0, 3, 10, 14, 21, 24, 26, 27, 28, 30, 37, 45, 46, 52, 53, 55, 56, 59, 60, 61, 65, 66, 77, 80, 82, 87, 88, 93, 102, 104, 117, 118, 124]
	⭕  Bike to 55 (2.1 min) +1
> 55 (20:40)
Rent:    [2, 6, 32, 54, 72, 95, 98, 99, 106, 107]
Return:  [0, 3, 10, 14, 21, 24, 26, 27, 28, 30, 37, 45, 46, 52, 53, 55, 56, 59, 60, 61, 65, 66, 77, 80, 82, 87, 88, 93, 102, 104, 117, 118, 124]
	⭕  Walk to 87 (4.7 min) 
> 87 (20:45)
Rent:    [2, 6, 54, 72, 95, 98, 99, 106, 107]
Return:  [0, 10, 14, 21, 24, 26, 27, 28, 37, 41, 45, 46, 47, 50, 53, 55, 59, 60, 61, 64, 66, 77, 80, 82, 88, 92, 93, 102, 104, 105, 117, 118, 121, 124]
	⭕  Bike to 53 (0.6 min) +1
> 53 (20:46)
Rent:    [2, 6, 54, 72, 95, 98, 99, 106, 107]
Return:  [0, 10, 14, 21, 24, 26, 27, 28, 37, 41, 45, 46, 47, 50, 53, 55, 59, 60, 61, 64, 66, 77, 80, 82, 88, 92, 93, 102, 104, 105, 117, 118, 121, 124]
	⭕  Walk to 12 (3.4 min) 
> 12 (20:49)
Rent:    [2, 6, 54, 72, 95, 98, 99, 106, 107]
Return:  [0, 10, 14, 21, 24, 26, 27, 28, 37, 41, 45, 46, 47, 50, 53, 55, 59, 60, 61, 64, 66, 77, 80, 82, 88, 92, 93, 102, 104, 105, 117, 118, 121, 124]
	⭕  Bike to 53 (2.0 min) +1
> 53 (20:51)
Rent:    [2, 6, 54, 72, 95, 98, 99, 106, 107]
Return:  [0, 10, 14, 21, 24, 26, 27, 28, 37, 41, 45, 46, 47, 50, 53, 55, 59, 60, 61, 64, 66, 77, 80, 82, 88, 92, 93, 102, 104, 105, 117, 118, 121, 124]
	⭕  Walk to 103 (7.1 min) 
> 103 (20:58)
Rent:    [2, 6, 54, 72, 95, 98, 99, 106, 107]
Return:  [0, 10, 14, 21, 24, 26, 27, 28, 37, 41, 45, 46, 47, 50, 53, 55, 59, 60, 61, 64, 66, 77, 80, 82, 88, 92, 93, 102, 104, 105, 117, 118, 121, 124]
	⭕  Bike to 55 (2.1 min) +1
> 55 (21:00)
Rent:    [2, 6, 44, 54, 72, 81, 95, 98, 99, 100, 106, 107, 109, 119]
Return:  [0, 10, 12, 20, 21, 24, 26, 27, 28, 33, 37, 46, 50, 53, 55, 59, 60, 61, 64, 66, 77, 80, 82, 88, 93, 102, 105, 117, 118, 121, 124]
	⭕  Walk to 103 (3.4 min) 
> 103 (21:04)
Rent:    [2, 6, 44, 54, 72, 81, 95, 98, 99, 100, 106, 107, 109, 119]
Return:  [0, 10, 12, 20, 21, 24, 26, 27, 28, 33, 37, 46, 50, 53, 55, 59, 60, 61, 64, 66, 77, 80, 82, 88, 93, 102, 105, 117, 118, 121, 124]
	⭕  Bike to 55 (2.1 min) +1
> 55 (21:06)
Rent:    [2, 6, 44, 54, 72, 81, 95, 98, 99, 100, 106, 107, 109, 119]
Return:  [0, 10, 12, 20, 21, 24, 26, 27, 28, 33, 37, 46, 50, 53, 55, 59, 60, 61, 64, 66, 77, 80, 82, 88, 93, 102, 105, 117, 118, 121, 124]
	⭕  Walk to 103 (3.4 min) 
> 103 (21:09)
Rent:    [2, 6, 44, 54, 72, 81, 95, 98, 99, 100, 106, 107, 109, 119]
Return:  [0, 10, 12, 20, 21, 24, 26, 27, 28, 33, 37, 46, 50, 53, 55, 59, 60, 61, 64, 66, 77, 80, 82, 88, 93, 102, 105, 117, 118, 121, 124]
	⭕  Bike to 55 (2.1 min) +1
> 55 (21:11)
Rent:    [2, 6, 44, 54, 72, 81, 95, 98, 99, 100, 106, 107, 109, 119]
Return:  [0, 10, 12, 20, 21, 24, 26, 27, 28, 33, 37, 46, 50, 53, 55, 59, 60, 61, 64, 66, 77, 80, 82, 88, 93, 102, 105, 117, 118, 121, 124]
	⭕  Walk to 103 (3.4 min) 
> 103 (21:15)
Rent:    [2, 6, 32, 44, 54, 72, 81, 95, 98, 99, 100, 106, 107, 109, 115]
Return:  [0, 10, 12, 21, 24, 27, 28, 33, 34, 37, 45, 46, 47, 50, 52, 55, 59, 60, 61, 66, 77, 82, 87, 88, 93, 102, 104, 105, 117, 118, 121, 123, 124]
	⭕  Bike to 55 (2.1 min) +1
> 55 (21:17)
Rent:    [2, 6, 32, 44, 54, 72, 81, 95, 98, 99, 100, 106, 107, 109, 115]
Return:  [0, 10, 12, 21, 24, 27, 28, 33, 34, 37, 45, 46, 47, 50, 52, 55, 59, 60, 61, 66, 77, 82, 87, 88, 93, 102, 104, 105, 117, 118, 121, 123, 124]
	⭕  Walk to 103 (3.4 min) 
> 103 (21:20)
Rent:    [2, 6, 32, 44, 54, 72, 81, 95, 98, 99, 100, 106, 107, 109, 115]
Return:  [0, 10, 12, 21, 24, 27, 28, 33, 34, 37, 45, 46, 47, 50, 52, 55, 59, 60, 61, 66, 77, 82, 87, 88, 93, 102, 104, 105, 117, 118, 121, 123, 124]
	⭕  Bike to 55 (2.1 min) +1
> 55 (21:22)
Rent:    [2, 6, 32, 44, 54, 72, 81, 95, 98, 99, 100, 106, 107, 109, 115]
Return:  [0, 10, 12, 21, 24, 27, 28, 33, 34, 37, 45, 46, 47, 50, 52, 55, 59, 60, 61, 66, 77, 82, 87, 88, 93, 102, 104, 105, 117, 118, 121, 123, 124]
	⭕  Walk to 103 (3.4 min) 
> 103 (21:26)
Rent:    [2, 6, 32, 44, 54, 72, 81, 95, 98, 99, 100, 106, 107, 109, 115]
Return:  [0, 10, 12, 21, 24, 27, 28, 33, 34, 37, 45, 46, 47, 50, 52, 55, 59, 60, 61, 66, 77, 82, 87, 88, 93, 102, 104, 105, 117, 118, 121, 123, 124]
	⭕  Bike to 61 (2.8 min) +1
> 61 (21:29)
Rent:    [2, 6, 32, 44, 54, 72, 81, 95, 98, 99, 100, 106, 107, 109, 115]
Return:  [0, 10, 12, 21, 24, 27, 28, 33, 34, 37, 45, 46, 47, 50, 52, 55, 59, 60, 61, 66, 77, 82, 87, 88, 93, 102, 104, 105, 117, 118, 121, 123, 124]
	⭕  Walk to 4 (4.4 min) 
> 4 (21:33)
Rent:    [2, 6, 32, 44, 54, 72, 94, 95, 98, 99, 100, 106, 107, 109, 115]
Return:  [0, 5, 10, 12, 14, 21, 24, 27, 28, 30, 33, 37, 46, 47, 50, 52, 55, 59, 60, 61, 64, 65, 66, 77, 82, 87, 88, 92, 93, 102, 104, 105, 117, 118, 121, 123, 124]
	⭕  Bike to 33 (1.4 min) +1
> 33 (21:34)
Rent:    [2, 6, 32, 44, 54, 72, 94, 95, 98, 99, 100, 106, 107, 109, 115]
Return:  [0, 5, 10, 12, 14, 21, 24, 27, 28, 30, 33, 37, 46, 47, 50, 52, 55, 59, 60, 61, 64, 65, 66, 77, 82, 87, 88, 92, 93, 102, 104, 105, 117, 118, 121, 123, 124]
	⭕  Walk to 4 (2.8 min) 
> 4 (21:37)
Rent:    [2, 6, 32, 44, 54, 72, 94, 95, 98, 99, 100, 106, 107, 109, 115]
Return:  [0, 5, 10, 12, 14, 21, 24, 27, 28, 30, 33, 37, 46, 47, 50, 52, 55, 59, 60, 61, 64, 65, 66, 77, 82, 87, 88, 92, 93, 102, 104, 105, 117, 118, 121, 123, 124]
	⭕  Bike to 33 (1.4 min) +1
> 33 (21:39)
Rent:    [2, 6, 32, 44, 54, 72, 94, 95, 98, 99, 100, 106, 107, 109, 115]
Return:  [0, 5, 10, 12, 14, 21, 24, 27, 28, 30, 33, 37, 46, 47, 50, 52, 55, 59, 60, 61, 64, 65, 66, 77, 82, 87, 88, 92, 93, 102, 104, 105, 117, 118, 121, 123, 124]
	⭕  Walk to 20 (3.2 min) 
> 20 (21:42)
Rent:    [2, 6, 32, 44, 54, 72, 94, 95, 98, 99, 100, 106, 107, 109, 115]
Return:  [0, 5, 10, 12, 14, 21, 24, 27, 28, 30, 33, 37, 46, 47, 50, 52, 55, 59, 60, 61, 64, 65, 66, 77, 82, 87, 88, 92, 93, 102, 104, 105, 117, 118, 121, 123, 124]
	⭕  Bike to 33 (1.8 min) +1
> 33 (21:44)
Rent:    [2, 6, 32, 44, 54, 72, 94, 95, 98, 99, 100, 106, 107, 109, 115]
Return:  [0, 5, 10, 12, 14, 21, 24, 27, 28, 30, 33, 37, 46, 47, 50, 52, 55, 59, 60, 61, 64, 65, 66, 77, 82, 87, 88, 92, 93, 102, 104, 105, 117, 118, 121, 123, 124]
	⭕  Walk to 4 (2.8 min) 
> 4 (21:46)
Rent:    [2, 6, 32, 44, 54, 72, 94, 95, 98, 99, 100, 106, 107, 109, 115]
Return:  [0, 5, 10, 11, 20, 21, 24, 27, 28, 33, 37, 45, 46, 47, 50, 52, 55, 60, 61, 64, 65, 66, 77, 82, 87, 88, 92, 93, 102, 105, 117, 118, 121]
	⭕  Bike to 5 (1.2 min) +1
> 5 (21:48)
Rent:    [2, 6, 32, 44, 54, 72, 94, 95, 98, 99, 100, 106, 107, 109, 115]
Return:  [0, 5, 10, 11, 20, 21, 24, 27, 28, 33, 37, 45, 46, 47, 50, 52, 55, 60, 61, 64, 65, 66, 77, 82, 87, 88, 92, 93, 102, 105, 117, 118, 121]
	⭕  Walk to 8 (2.6 min) 
> 8 (21:50)
Rent:    [2, 6, 32, 44, 54, 72, 94, 95, 98, 99, 100, 106, 107, 109, 115]
Return:  [0, 5, 10, 11, 20, 21, 24, 27, 28, 33, 37, 45, 46, 47, 50, 52, 55, 60, 61, 64, 65, 66, 77, 82, 87, 88, 92, 93, 102, 105, 117, 118, 121]
	⭕  Bike to 5 (1.9 min) +1
> 5 (21:52)
Rent:    [2, 6, 32, 44, 54, 72, 94, 95, 98, 99, 100, 106, 107, 109, 115]
Return:  [0, 5, 10, 11, 20, 21, 24, 27, 28, 33, 37, 45, 46, 47, 50, 52, 55, 60, 61, 64, 65, 66, 77, 82, 87, 88, 92, 93, 102, 105, 117, 118, 121]
	⭕  Walk to 104 (4.2 min) 
> 104 (21:56)
Rent:    [2, 6, 32, 44, 54, 72, 94, 95, 98, 99, 100, 106, 107, 109, 115]
Return:  [0, 5, 10, 11, 20, 21, 24, 27, 28, 33, 37, 45, 46, 47, 50, 52, 55, 60, 61, 64, 65, 66, 77, 82, 87, 88, 92, 93, 102, 105, 117, 118, 121]
	⭕  Bike to 5 (1.3 min) +1
> 5 (21:57)
Rent:    [2, 6, 32, 44, 54, 72, 94, 95, 98, 99, 100, 106, 107, 109, 115]
Return:  [0, 5, 10, 11, 20, 21, 24, 27, 28, 33, 37, 45, 46, 47, 50, 52, 55, 60, 61, 64, 65, 66, 77, 82, 87, 88, 92, 93, 102, 105, 117, 118, 121]
	⭕  Walk to 8 (2.6 min) 
> 8 (22:00)
Rent:    [6, 32, 44, 54, 63, 68, 72, 75, 94, 95, 98, 100, 106, 107, 109, 115]
Return:  [0, 5, 10, 11, 20, 24, 27, 28, 33, 37, 45, 46, 50, 52, 55, 59, 60, 61, 64, 66, 77, 82, 87, 88, 92, 93, 102, 105, 117, 118, 121, 123]
	⭕  Bike to 5 (1.9 min) +1
> 5 (22:02)
Rent:    [6, 32, 44, 54, 63, 68, 72, 75, 94, 95, 98, 100, 106, 107, 109, 115]
Return:  [0, 5, 10, 11, 20, 24, 27, 28, 33, 37, 45, 46, 50, 52, 55, 59, 60, 61, 64, 66, 77, 82, 87, 88, 92, 93, 102, 105, 117, 118, 121, 123]
	⭕  Walk to 104 (4.2 min) 
> 104 (22:06)
Rent:    [6, 32, 44, 54, 63, 68, 72, 75, 94, 95, 98, 100, 106, 107, 109, 115]
Return:  [0, 5, 10, 11, 20, 24, 27, 28, 33, 37, 45, 46, 50, 52, 55, 59, 60, 61, 64, 66, 77, 82, 87, 88, 92, 93, 102, 105, 117, 118, 121, 123]
	⭕  Bike to 5 (1.3 min) +1
> 5 (22:07)
Rent:    [6, 32, 44, 54, 63, 68, 72, 75, 94, 95, 98, 100, 106, 107, 109, 115]
Return:  [0, 5, 10, 11, 20, 24, 27, 28, 33, 37, 45, 46, 50, 52, 55, 59, 60, 61, 64, 66, 77, 82, 87, 88, 92, 93, 102, 105, 117, 118, 121, 123]
	⭕  Walk to 4 (3.8 min) 
> 4 (22:11)
Rent:    [6, 32, 44, 54, 63, 68, 72, 75, 94, 95, 98, 100, 106, 107, 109, 115]
Return:  [0, 5, 10, 11, 20, 24, 27, 28, 33, 37, 45, 46, 50, 52, 55, 59, 60, 61, 64, 66, 77, 82, 87, 88, 92, 93, 102, 105, 117, 118, 121, 123]
	⭕  Bike to 33 (1.4 min) +1
> 33 (22:13)
Rent:    [6, 32, 44, 54, 63, 68, 72, 75, 94, 95, 98, 100, 106, 107, 109, 115]
Return:  [0, 5, 10, 11, 20, 24, 27, 28, 33, 37, 45, 46, 50, 52, 55, 59, 60, 61, 64, 66, 77, 82, 87, 88, 92, 93, 102, 105, 117, 118, 121, 123]
	⭕  Walk to 4 (2.8 min) 
> 4 (22:15)
Rent:    [6, 32, 44, 54, 63, 68, 72, 75, 84, 94, 95, 98, 99, 100, 106, 107, 115]
Return:  [5, 10, 12, 20, 24, 28, 33, 37, 46, 47, 50, 52, 55, 60, 61, 64, 66, 77, 82, 87, 88, 92, 93, 102, 105, 117, 118, 121, 123]
	⭕  Bike to 33 (1.4 min) +1
> 33 (22:17)
Rent:    [6, 32, 44, 54, 63, 68, 72, 75, 84, 94, 95, 98, 99, 100, 106, 107, 115]
Return:  [5, 10, 12, 20, 24, 28, 33, 37, 46, 47, 50, 52, 55, 60, 61, 64, 66, 77, 82, 87, 88, 92, 93, 102, 105, 117, 118, 121, 123]
	⭕  Walk to 104 (5.0 min) 
> 104 (22:22)
Rent:    [6, 32, 44, 54, 63, 68, 72, 75, 84, 94, 95, 98, 99, 100, 106, 107, 115]
Return:  [5, 10, 12, 20, 24, 28, 33, 37, 46, 47, 50, 52, 55, 60, 61, 64, 66, 77, 82, 87, 88, 92, 93, 102, 105, 117, 118, 121, 123]
	⭕  Bike to 50 (1.4 min) +1
> 50 (22:23)
Rent:    [6, 32, 44, 54, 63, 68, 72, 75, 84, 94, 95, 98, 99, 100, 106, 107, 115]
Return:  [5, 10, 12, 20, 24, 28, 33, 37, 46, 47, 50, 52, 55, 60, 61, 64, 66, 77, 82, 87, 88, 92, 93, 102, 105, 117, 118, 121, 123]
	⭕  Walk to 104 (3.9 min) 
> 104 (22:27)
Rent:    [6, 32, 44, 54, 63, 68, 72, 75, 84, 94, 95, 98, 99, 100, 106, 107, 115]
Return:  [5, 10, 12, 20, 24, 28, 33, 37, 46, 47, 50, 52, 55, 60, 61, 64, 66, 77, 82, 87, 88, 92, 93, 102, 105, 117, 118, 121, 123]
	⭕  Bike to 5 (1.3 min) +1
> 5 (22:28)
Rent:    [6, 32, 44, 54, 63, 68, 72, 75, 84, 94, 95, 98, 99, 100, 106, 107, 115]
Return:  [5, 10, 12, 20, 24, 28, 33, 37, 46, 47, 50, 52, 55, 60, 61, 64, 66, 77, 82, 87, 88, 92, 93, 102, 105, 117, 118, 121, 123]
	⭕  Walk to 8 (2.6 min) 
> 8 (22:31)
Rent:    [6, 18, 32, 43, 44, 54, 63, 68, 72, 75, 94, 95, 98, 99, 100, 106, 107, 115]
Return:  [5, 10, 12, 20, 24, 27, 28, 30, 33, 37, 41, 46, 47, 50, 55, 60, 61, 64, 66, 77, 80, 82, 87, 88, 92, 101, 102, 105, 117, 118, 121, 124]
	⭕  Bike to 5 (1.9 min) +1
> 5 (22:33)
Rent:    [6, 18, 32, 43, 44, 54, 63, 68, 72, 75, 94, 95, 98, 99, 100, 106, 107, 115]
Return:  [5, 10, 12, 20, 24, 27, 28, 30, 33, 37, 41, 46, 47, 50, 55, 60, 61, 64, 66, 77, 80, 82, 87, 88, 92, 101, 102, 105, 117, 118, 121, 124]
	⭕  Walk to 103 (4.2 min) 
> 103 (22:37)
Rent:    [6, 18, 32, 43, 44, 54, 63, 68, 72, 75, 94, 95, 98, 99, 100, 106, 107, 115]
Return:  [5, 10, 12, 20, 24, 27, 28, 30, 33, 37, 41, 46, 47, 50, 55, 60, 61, 64, 66, 77, 80, 82, 87, 88, 92, 101, 102, 105, 117, 118, 121, 124]
	⭕  Bike to 10 (2.9 min) +1
> 10 (22:40)
Rent:    [6, 18, 32, 43, 44, 54, 63, 68, 72, 75, 94, 95, 98, 99, 100, 106, 107, 115]
Return:  [5, 10, 12, 20, 24, 27, 28, 30, 33, 37, 41, 46, 47, 50, 55, 60, 61, 64, 66, 77, 80, 82, 87, 88, 92, 101, 102, 105, 117, 118, 121, 124]
	⭕  Walk to 122 (6.7 min) 
> 122 (22:47)
Rent:    [6, 18, 32, 43, 44, 54, 57, 63, 68, 72, 75, 81, 94, 95, 98, 99, 100, 106, 107, 115]
Return:  [0, 5, 10, 11, 12, 21, 24, 27, 28, 33, 37, 41, 45, 46, 47, 50, 55, 60, 61, 64, 65, 66, 77, 82, 87, 88, 92, 93, 101, 102, 105, 117, 118, 121]
	⭕  Bike to 50 (2.5 min) +1
> 50 (22:49)
Rent:    [6, 18, 32, 43, 44, 54, 57, 63, 68, 72, 75, 81, 94, 95, 98, 99, 100, 106, 107, 115]
Return:  [0, 5, 10, 11, 12, 21, 24, 27, 28, 33, 37, 41, 45, 46, 47, 50, 55, 60, 61, 64, 65, 66, 77, 82, 87, 88, 92, 93, 101, 102, 105, 117, 118, 121]
	🔵  End excursion
	⭕  Walk to 5 (2.5 min) 
> 5 (22:52)

---------- Excursion Complete ----------
End time: 22:52
Final station: 5
Bike count: 88
Walk count: 88
Wait count: 0
Total reward: 88
Seed: 3628403952

