Generated random seed: 3427803815
---------- Starting Excursion -----------
Warmup time: 4.0 hours
Start time: 16:00 
Excursion time: 7.0 hours

> 1 (16:00)
Rent:    [2, 54, 57, 72, 107]
Return:  [4, 7, 11, 20, 21, 22, 24, 26, 28, 37, 46, 60, 64, 66, 80, 82, 87, 93]
	⭕  Bike to 87 (3.9 min) +1
> 87 (16:03)
Rent:    [2, 54, 57, 72, 107]
Return:  [4, 7, 11, 20, 21, 22, 24, 26, 28, 37, 46, 60, 64, 66, 80, 82, 87, 93]
	⭕  Walk to 53 (1.6 min) 
> 53 (16:05)
Rent:    [2, 54, 57, 72, 107]
Return:  [4, 7, 11, 20, 21, 22, 24, 26, 28, 37, 46, 60, 64, 66, 80, 82, 87, 93]
	⭕  Bike to 87 (0.9 min) +1
> 87 (16:06)
Rent:    [2, 54, 57, 72, 107]
Return:  [4, 7, 11, 20, 21, 22, 24, 26, 28, 37, 46, 60, 64, 66, 80, 82, 87, 93]
	⭕  Walk to 30 (2.6 min) 
> 30 (16:09)
Rent:    [2, 54, 57, 72, 107]
Return:  [4, 7, 11, 20, 21, 22, 24, 26, 28, 37, 46, 60, 64, 66, 80, 82, 87, 93]
	⭕  Bike to 66 (2.2 min) +1
> 66 (16:11)
Rent:    [2, 54, 57, 72, 107]
Return:  [4, 7, 11, 20, 21, 22, 24, 26, 28, 37, 46, 60, 64, 66, 80, 82, 87, 93]
	⭕  Walk to 102 (1.7 min) 
> 102 (16:12)
Rent:    [2, 54, 57, 72, 107]
Return:  [4, 7, 11, 20, 21, 22, 24, 26, 28, 37, 46, 60, 64, 66, 80, 82, 87, 93]
	⭕  Bike to 66 (0.7 min) +1
> 66 (16:13)
Rent:    [2, 54, 57, 72, 107]
Return:  [4, 7, 11, 20, 21, 22, 24, 26, 28, 37, 46, 60, 64, 66, 80, 82, 87, 93]
	⭕  Walk to 102 (1.7 min) 
> 102 (16:15)
Rent:    [2, 54, 57, 72, 81, 107]
Return:  [4, 11, 12, 20, 21, 24, 26, 28, 37, 46, 60, 64, 66, 80, 82, 87, 88, 93]
	⭕  Bike to 66 (0.7 min) +1
> 66 (16:16)
Rent:    [2, 54, 57, 72, 81, 107]
Return:  [4, 11, 12, 20, 21, 24, 26, 28, 37, 46, 60, 64, 66, 80, 82, 87, 88, 93]
	⭕  Walk to 102 (1.7 min) 
> 102 (16:17)
Rent:    [2, 54, 57, 72, 81, 107]
Return:  [4, 11, 12, 20, 21, 24, 26, 28, 37, 46, 60, 64, 66, 80, 82, 87, 88, 93]
	⭕  Bike to 66 (0.7 min) +1
> 66 (16:18)
Rent:    [2, 54, 57, 72, 81, 107]
Return:  [4, 11, 12, 20, 21, 24, 26, 28, 37, 46, 60, 64, 66, 80, 82, 87, 88, 93]
	⭕  Walk to 102 (1.7 min) 
> 102 (16:20)
Rent:    [2, 54, 57, 72, 81, 107]
Return:  [4, 11, 12, 20, 21, 24, 26, 28, 37, 46, 60, 64, 66, 80, 82, 87, 88, 93]
	⭕  Bike to 66 (0.7 min) +1
> 66 (16:20)
Rent:    [2, 54, 57, 72, 81, 107]
Return:  [4, 11, 12, 20, 21, 24, 26, 28, 37, 46, 60, 64, 66, 80, 82, 87, 88, 93]
	⭕  Walk to 102 (1.7 min) 
> 102 (16:22)
Rent:    [2, 54, 57, 72, 81, 107]
Return:  [4, 11, 12, 20, 21, 24, 26, 28, 37, 46, 60, 64, 66, 80, 82, 87, 88, 93]
	⭕  Bike to 66 (0.7 min) +1
> 66 (16:23)
Rent:    [2, 54, 57, 72, 81, 107]
Return:  [4, 11, 12, 20, 21, 24, 26, 28, 37, 46, 60, 64, 66, 80, 82, 87, 88, 93]
	⭕  Walk to 102 (1.7 min) 
> 102 (16:25)
Rent:    [2, 54, 57, 72, 81, 107]
Return:  [4, 11, 12, 20, 21, 24, 26, 28, 37, 46, 60, 64, 66, 80, 82, 87, 88, 93]
	⭕  Bike to 66 (0.7 min) +1
> 66 (16:25)
Rent:    [2, 54, 57, 72, 81, 107]
Return:  [4, 11, 12, 20, 21, 24, 26, 28, 37, 46, 60, 64, 66, 80, 82, 87, 88, 93]
	⭕  Walk to 102 (1.7 min) 
> 102 (16:27)
Rent:    [2, 54, 57, 72, 81, 107]
Return:  [4, 11, 12, 20, 21, 24, 26, 28, 37, 46, 60, 64, 66, 80, 82, 87, 88, 93]
	⭕  Bike to 66 (0.7 min) +1
> 66 (16:28)
Rent:    [2, 54, 57, 72, 81, 107]
Return:  [4, 11, 12, 20, 21, 24, 26, 28, 37, 46, 60, 64, 66, 80, 82, 87, 88, 93]
	⭕  Walk to 102 (1.7 min) 
> 102 (16:29)
Rent:    [2, 54, 57, 72, 81, 107]
Return:  [4, 11, 12, 20, 21, 24, 26, 28, 37, 46, 60, 64, 66, 80, 82, 87, 88, 93]
	⭕  Bike to 66 (0.7 min) +1
> 66 (16:30)
Rent:    [2, 54, 57, 72, 81, 107]
Return:  [5, 12, 20, 21, 24, 28, 46, 53, 60, 64, 66, 80, 82, 87, 93]
	⭕  Walk to 77 (3.3 min) 
> 77 (16:33)
Rent:    [2, 54, 57, 72, 81, 107]
Return:  [5, 12, 20, 21, 24, 28, 46, 53, 60, 64, 66, 80, 82, 87, 93]
	⭕  Bike to 82 (1.8 min) +1
> 82 (16:35)
Rent:    [2, 54, 57, 72, 81, 107]
Return:  [5, 12, 20, 21, 24, 28, 46, 53, 60, 64, 66, 80, 82, 87, 93]
	⭕  Walk to 30 (2.3 min) 
> 30 (16:37)
Rent:    [2, 54, 57, 72, 81, 107]
Return:  [5, 12, 20, 21, 24, 28, 46, 53, 60, 64, 66, 80, 82, 87, 93]
	⭕  Bike to 87 (1.0 min) +1
> 87 (16:38)
Rent:    [2, 54, 57, 72, 81, 107]
Return:  [5, 12, 20, 21, 24, 28, 46, 53, 60, 64, 66, 80, 82, 87, 93]
	⭕  Walk to 30 (2.6 min) 
> 30 (16:41)
Rent:    [2, 54, 57, 72, 81, 107]
Return:  [5, 12, 20, 21, 24, 28, 46, 53, 60, 64, 66, 80, 82, 87, 93]
	⭕  Bike to 87 (1.0 min) +1
> 87 (16:42)
Rent:    [2, 54, 57, 72, 81, 107]
Return:  [5, 12, 20, 21, 24, 28, 46, 53, 60, 64, 66, 80, 82, 87, 93]
	⭕  Walk to 47 (2.4 min) 
> 47 (16:44)
Rent:    [2, 54, 57, 72, 81, 107]
Return:  [5, 12, 20, 21, 24, 28, 46, 53, 60, 64, 66, 80, 82, 87, 93]
	⭕  Bike to 53 (1.2 min) +1
> 53 (16:46)
Rent:    [2, 54, 72, 81, 106, 107, 115]
Return:  [4, 5, 12, 20, 21, 24, 28, 46, 53, 60, 64, 66, 80, 82, 87, 93, 102, 105]
	⭕  Walk to 47 (2.7 min) 
> 47 (16:48)
Rent:    [2, 54, 72, 81, 106, 107, 115]
Return:  [4, 5, 12, 20, 21, 24, 28, 46, 53, 60, 64, 66, 80, 82, 87, 93, 102, 105]
	⭕  Bike to 53 (1.2 min) +1
> 53 (16:50)
Rent:    [2, 54, 72, 81, 106, 107, 115]
Return:  [4, 5, 12, 20, 21, 24, 28, 46, 53, 60, 64, 66, 80, 82, 87, 93, 102, 105]
	⭕  Walk to 47 (2.7 min) 
> 47 (16:52)
Rent:    [2, 54, 72, 81, 106, 107, 115]
Return:  [4, 5, 12, 20, 21, 24, 28, 46, 53, 60, 64, 66, 80, 82, 87, 93, 102, 105]
	⭕  Bike to 53 (1.2 min) +1
> 53 (16:54)
Rent:    [2, 54, 72, 81, 106, 107, 115]
Return:  [4, 5, 12, 20, 21, 24, 28, 46, 53, 60, 64, 66, 80, 82, 87, 93, 102, 105]
	⭕  Walk to 47 (2.7 min) 
> 47 (16:56)
Rent:    [2, 54, 72, 81, 106, 107, 115]
Return:  [4, 5, 12, 20, 21, 24, 28, 46, 53, 60, 64, 66, 80, 82, 87, 93, 102, 105]
	⭕  Bike to 53 (1.2 min) +1
> 53 (16:57)
Rent:    [2, 54, 72, 81, 106, 107, 115]
Return:  [4, 5, 12, 20, 21, 24, 28, 46, 53, 60, 64, 66, 80, 82, 87, 93, 102, 105]
	⭕  Walk to 55 (3.6 min) 
> 55 (17:01)
Rent:    [2, 54, 57, 72, 81, 106, 107, 115]
Return:  [4, 5, 20, 21, 24, 28, 30, 37, 46, 52, 53, 60, 64, 66, 80, 82, 87, 88, 93]
	⭕  Bike to 4 (2.7 min) +1
> 4 (17:04)
Rent:    [2, 54, 57, 72, 81, 106, 107, 115]
Return:  [4, 5, 20, 21, 24, 28, 30, 37, 46, 52, 53, 60, 64, 66, 80, 82, 87, 88, 93]
	⭕  Walk to 33 (2.8 min) 
> 33 (17:07)
Rent:    [2, 54, 57, 72, 81, 106, 107, 115]
Return:  [4, 5, 20, 21, 24, 28, 30, 37, 46, 52, 53, 60, 64, 66, 80, 82, 87, 88, 93]
	⭕  Bike to 5 (0.9 min) +1
> 5 (17:07)
Rent:    [2, 54, 57, 72, 81, 106, 107, 115]
Return:  [4, 5, 20, 21, 24, 28, 30, 37, 46, 52, 53, 60, 64, 66, 80, 82, 87, 88, 93]
	⭕  Walk to 33 (3.0 min) 
> 33 (17:11)
Rent:    [2, 54, 57, 72, 81, 106, 107, 115]
Return:  [4, 5, 20, 21, 24, 28, 30, 37, 46, 52, 53, 60, 64, 66, 80, 82, 87, 88, 93]
	⭕  Bike to 5 (0.9 min) +1
> 5 (17:11)
Rent:    [2, 54, 57, 72, 81, 106, 107, 115]
Return:  [4, 5, 20, 21, 24, 28, 30, 37, 46, 52, 53, 60, 64, 66, 80, 82, 87, 88, 93]
	⭕  Walk to 33 (3.0 min) 
> 33 (17:15)
Rent:    [2, 54, 57, 72, 81, 94, 106, 107, 115]
Return:  [4, 5, 20, 21, 24, 28, 30, 37, 46, 53, 60, 64, 66, 80, 82, 87, 88, 93]
	⭕  Bike to 5 (0.9 min) +1
> 5 (17:15)
Rent:    [2, 54, 57, 72, 81, 94, 106, 107, 115]
Return:  [4, 5, 20, 21, 24, 28, 30, 37, 46, 53, 60, 64, 66, 80, 82, 87, 88, 93]
	⭕  Walk to 50 (2.5 min) 
> 50 (17:18)
Rent:    [2, 54, 57, 72, 81, 94, 106, 107, 115]
Return:  [4, 5, 20, 21, 24, 28, 30, 37, 46, 53, 60, 64, 66, 80, 82, 87, 88, 93]
	⭕  Bike to 5 (1.8 min) +1
> 5 (17:20)
Rent:    [2, 54, 57, 72, 81, 94, 106, 107, 115]
Return:  [4, 5, 20, 21, 24, 28, 30, 37, 46, 53, 60, 64, 66, 80, 82, 87, 88, 93]
	⭕  Walk to 50 (2.5 min) 
> 50 (17:22)
Rent:    [2, 54, 57, 72, 81, 94, 106, 107, 115]
Return:  [4, 5, 20, 21, 24, 28, 30, 37, 46, 53, 60, 64, 66, 80, 82, 87, 88, 93]
	⭕  Bike to 5 (1.8 min) +1
> 5 (17:24)
Rent:    [2, 54, 57, 72, 81, 94, 106, 107, 115]
Return:  [4, 5, 20, 21, 24, 28, 30, 37, 46, 53, 60, 64, 66, 80, 82, 87, 88, 93]
	⭕  Walk to 50 (2.5 min) 
> 50 (17:27)
Rent:    [2, 54, 57, 72, 81, 94, 106, 107, 115]
Return:  [4, 5, 20, 21, 24, 28, 30, 37, 46, 53, 60, 64, 66, 80, 82, 87, 88, 93]
	⭕  Bike to 5 (1.8 min) +1
> 5 (17:28)
Rent:    [2, 54, 57, 72, 81, 94, 106, 107, 115]
Return:  [4, 5, 20, 21, 24, 28, 30, 37, 46, 53, 60, 64, 66, 80, 82, 87, 88, 93]
	⭕  Walk to 50 (2.5 min) 
> 50 (17:31)
Rent:    [2, 18, 54, 57, 81, 94, 106, 107, 115]
Return:  [4, 5, 10, 21, 24, 28, 30, 33, 37, 46, 53, 60, 64, 66, 80, 82, 87, 88, 93]
	⭕  Bike to 5 (1.8 min) +1
> 5 (17:33)
Rent:    [2, 18, 54, 57, 81, 94, 106, 107, 115]
Return:  [4, 5, 10, 21, 24, 28, 30, 33, 37, 46, 53, 60, 64, 66, 80, 82, 87, 88, 93]
	⭕  Walk to 50 (2.5 min) 
> 50 (17:35)
Rent:    [2, 18, 54, 57, 81, 94, 106, 107, 115]
Return:  [4, 5, 10, 21, 24, 28, 30, 33, 37, 46, 53, 60, 64, 66, 80, 82, 87, 88, 93]
	⭕  Bike to 5 (1.8 min) +1
> 5 (17:37)
Rent:    [2, 18, 54, 57, 81, 94, 106, 107, 115]
Return:  [4, 5, 10, 21, 24, 28, 30, 33, 37, 46, 53, 60, 64, 66, 80, 82, 87, 88, 93]
	⭕  Walk to 50 (2.5 min) 
> 50 (17:39)
Rent:    [2, 18, 54, 57, 81, 94, 106, 107, 115]
Return:  [4, 5, 10, 21, 24, 28, 30, 33, 37, 46, 53, 60, 64, 66, 80, 82, 87, 88, 93]
	⭕  Bike to 5 (1.8 min) +1
> 5 (17:41)
Rent:    [2, 18, 54, 57, 81, 94, 106, 107, 115]
Return:  [4, 5, 10, 21, 24, 28, 30, 33, 37, 46, 53, 60, 64, 66, 80, 82, 87, 88, 93]
	⭕  Walk to 8 (2.6 min) 
> 8 (17:44)
Rent:    [2, 18, 54, 57, 81, 94, 106, 107, 115]
Return:  [4, 5, 10, 21, 24, 28, 30, 33, 37, 46, 53, 60, 64, 66, 80, 82, 87, 88, 93]
	⭕  Bike to 4 (1.8 min) +1
> 4 (17:46)
Rent:    [54, 57, 72, 81, 94, 106, 107, 115]
Return:  [5, 7, 20, 21, 24, 26, 28, 30, 33, 37, 46, 53, 60, 64, 66, 80, 82, 87, 88, 93]
	⭕  Walk to 8 (2.5 min) 
> 8 (17:48)
Rent:    [54, 57, 72, 81, 94, 106, 107, 115]
Return:  [5, 7, 20, 21, 24, 26, 28, 30, 33, 37, 46, 53, 60, 64, 66, 80, 82, 87, 88, 93]
	⭕  Bike to 5 (1.9 min) +1
> 5 (17:50)
Rent:    [54, 57, 72, 81, 94, 106, 107, 115]
Return:  [5, 7, 20, 21, 24, 26, 28, 30, 33, 37, 46, 53, 60, 64, 66, 80, 82, 87, 88, 93]
	⭕  Walk to 8 (2.6 min) 
> 8 (17:53)
Rent:    [54, 57, 72, 81, 94, 106, 107, 115]
Return:  [5, 7, 20, 21, 24, 26, 28, 30, 33, 37, 46, 53, 60, 64, 66, 80, 82, 87, 88, 93]
	⭕  Bike to 5 (1.9 min) +1
> 5 (17:55)
Rent:    [54, 57, 72, 81, 94, 106, 107, 115]
Return:  [5, 7, 20, 21, 24, 26, 28, 30, 33, 37, 46, 53, 60, 64, 66, 80, 82, 87, 88, 93]
	⭕  Walk to 8 (2.6 min) 
> 8 (17:57)
Rent:    [54, 57, 72, 81, 94, 106, 107, 115]
Return:  [5, 7, 20, 21, 24, 26, 28, 30, 33, 37, 46, 53, 60, 64, 66, 80, 82, 87, 88, 93]
	⭕  Bike to 5 (1.9 min) +1
> 5 (17:59)
Rent:    [54, 57, 72, 81, 94, 106, 107, 115]
Return:  [5, 7, 20, 21, 24, 26, 28, 30, 33, 37, 46, 53, 60, 64, 66, 80, 82, 87, 88, 93]
	⭕  Walk to 8 (2.6 min) 
> 8 (18:02)
Rent:    [2, 57, 72, 81, 94, 106, 107, 115]
Return:  [5, 7, 10, 12, 20, 21, 24, 26, 28, 30, 33, 37, 45, 46, 50, 53, 60, 64, 66, 82, 87, 88, 93, 105]
	⭕  Bike to 5 (1.9 min) +1
> 5 (18:04)
Rent:    [2, 57, 72, 81, 94, 106, 107, 115]
Return:  [5, 7, 10, 12, 20, 21, 24, 26, 28, 30, 33, 37, 45, 46, 50, 53, 60, 64, 66, 82, 87, 88, 93, 105]
	⭕  Walk to 4 (3.8 min) 
> 4 (18:07)
Rent:    [2, 57, 72, 81, 94, 106, 107, 115]
Return:  [5, 7, 10, 12, 20, 21, 24, 26, 28, 30, 33, 37, 45, 46, 50, 53, 60, 64, 66, 82, 87, 88, 93, 105]
	⭕  Bike to 33 (1.4 min) +1
> 33 (18:09)
Rent:    [2, 57, 72, 81, 94, 106, 107, 115]
Return:  [5, 7, 10, 12, 20, 21, 24, 26, 28, 30, 33, 37, 45, 46, 50, 53, 60, 64, 66, 82, 87, 88, 93, 105]
	⭕  Walk to 104 (5.0 min) 
> 104 (18:14)
Rent:    [2, 57, 72, 81, 94, 106, 107, 115]
Return:  [5, 7, 10, 12, 20, 21, 24, 26, 28, 30, 33, 37, 45, 46, 50, 53, 60, 64, 66, 82, 87, 88, 93, 105]
	⭕  Bike to 5 (1.3 min) +1
> 5 (18:15)
Rent:    [2, 6, 18, 31, 57, 72, 79, 81, 94, 106, 107, 115]
Return:  [5, 7, 10, 12, 20, 21, 24, 26, 28, 30, 33, 37, 46, 50, 53, 60, 64, 66, 82, 87, 88, 93, 102, 105]
	⭕  Walk to 8 (2.6 min) 
> 8 (18:18)
Rent:    [2, 6, 18, 31, 57, 72, 79, 81, 94, 106, 107, 115]
Return:  [5, 7, 10, 12, 20, 21, 24, 26, 28, 30, 33, 37, 46, 50, 53, 60, 64, 66, 82, 87, 88, 93, 102, 105]
	⭕  Bike to 5 (1.9 min) +1
> 5 (18:20)
Rent:    [2, 6, 18, 31, 57, 72, 79, 81, 94, 106, 107, 115]
Return:  [5, 7, 10, 12, 20, 21, 24, 26, 28, 30, 33, 37, 46, 50, 53, 60, 64, 66, 82, 87, 88, 93, 102, 105]
	⭕  Walk to 4 (3.8 min) 
> 4 (18:23)
Rent:    [2, 6, 18, 31, 57, 72, 79, 81, 94, 106, 107, 115]
Return:  [5, 7, 10, 12, 20, 21, 24, 26, 28, 30, 33, 37, 46, 50, 53, 60, 64, 66, 82, 87, 88, 93, 102, 105]
	⭕  Bike to 33 (1.4 min) +1
> 33 (18:25)
Rent:    [2, 6, 18, 31, 57, 72, 79, 81, 94, 106, 107, 115]
Return:  [5, 7, 10, 12, 20, 21, 24, 26, 28, 30, 33, 37, 46, 50, 53, 60, 64, 66, 82, 87, 88, 93, 102, 105]
	⭕  Walk to 104 (5.0 min) 
> 104 (18:30)
Rent:    [2, 6, 31, 32, 57, 72, 79, 81, 94, 106, 107, 115]
Return:  [5, 10, 20, 21, 24, 26, 28, 30, 33, 37, 45, 46, 50, 53, 60, 64, 66, 82, 87, 88, 93, 105, 121]
	⭕  Bike to 5 (1.3 min) +1
> 5 (18:31)
Rent:    [2, 6, 31, 32, 57, 72, 79, 81, 94, 106, 107, 115]
Return:  [5, 10, 20, 21, 24, 26, 28, 30, 33, 37, 45, 46, 50, 53, 60, 64, 66, 82, 87, 88, 93, 105, 121]
	⭕  Walk to 8 (2.6 min) 
> 8 (18:34)
Rent:    [2, 6, 31, 32, 57, 72, 79, 81, 94, 106, 107, 115]
Return:  [5, 10, 20, 21, 24, 26, 28, 30, 33, 37, 45, 46, 50, 53, 60, 64, 66, 82, 87, 88, 93, 105, 121]
	⭕  Bike to 5 (1.9 min) +1
> 5 (18:36)
Rent:    [2, 6, 31, 32, 57, 72, 79, 81, 94, 106, 107, 115]
Return:  [5, 10, 20, 21, 24, 26, 28, 30, 33, 37, 45, 46, 50, 53, 60, 64, 66, 82, 87, 88, 93, 105, 121]
	⭕  Walk to 104 (4.2 min) 
> 104 (18:40)
Rent:    [2, 6, 31, 32, 57, 72, 79, 81, 94, 106, 107, 115]
Return:  [5, 10, 20, 21, 24, 26, 28, 30, 33, 37, 45, 46, 50, 53, 60, 64, 66, 82, 87, 88, 93, 105, 121]
	⭕  Bike to 50 (1.4 min) +1
> 50 (18:41)
Rent:    [2, 6, 31, 32, 57, 72, 79, 81, 94, 106, 107, 115]
Return:  [5, 10, 20, 21, 24, 26, 28, 30, 33, 37, 45, 46, 50, 53, 60, 64, 66, 82, 87, 88, 93, 105, 121]
	⭕  Walk to 104 (3.9 min) 
> 104 (18:45)
Rent:    [2, 6, 31, 32, 57, 72, 79, 81, 106, 107, 115]
Return:  [0, 3, 10, 12, 19, 20, 21, 26, 28, 30, 33, 45, 46, 47, 50, 53, 60, 64, 66, 82, 87, 88, 93, 102, 105, 117, 121]
	⭕  Bike to 50 (1.4 min) +1
> 50 (18:47)
Rent:    [2, 6, 31, 32, 57, 72, 79, 81, 106, 107, 115]
Return:  [0, 3, 10, 12, 19, 20, 21, 26, 28, 30, 33, 45, 46, 47, 50, 53, 60, 64, 66, 82, 87, 88, 93, 102, 105, 117, 121]
	⭕  Walk to 5 (2.5 min) 
> 5 (18:49)
Rent:    [2, 6, 31, 32, 57, 72, 79, 81, 106, 107, 115]
Return:  [0, 3, 10, 12, 19, 20, 21, 26, 28, 30, 33, 45, 46, 47, 50, 53, 60, 64, 66, 82, 87, 88, 93, 102, 105, 117, 121]
	⭕  Bike to 50 (1.0 min) +1
> 50 (18:50)
Rent:    [2, 6, 31, 32, 57, 72, 79, 81, 106, 107, 115]
Return:  [0, 3, 10, 12, 19, 20, 21, 26, 28, 30, 33, 45, 46, 47, 50, 53, 60, 64, 66, 82, 87, 88, 93, 102, 105, 117, 121]
	⭕  Walk to 104 (3.9 min) 
> 104 (18:54)
Rent:    [2, 6, 31, 32, 57, 72, 79, 81, 106, 107, 115]
Return:  [0, 3, 10, 12, 19, 20, 21, 26, 28, 30, 33, 45, 46, 47, 50, 53, 60, 64, 66, 82, 87, 88, 93, 102, 105, 117, 121]
	⭕  Bike to 50 (1.4 min) +1
> 50 (18:55)
Rent:    [2, 6, 31, 32, 57, 72, 79, 81, 106, 107, 115]
Return:  [0, 3, 10, 12, 19, 20, 21, 26, 28, 30, 33, 45, 46, 47, 50, 53, 60, 64, 66, 82, 87, 88, 93, 102, 105, 117, 121]
	⭕  Walk to 104 (3.9 min) 
> 104 (18:59)
Rent:    [2, 6, 31, 32, 57, 72, 79, 81, 106, 107, 115]
Return:  [0, 3, 10, 12, 19, 20, 21, 26, 28, 30, 33, 45, 46, 47, 50, 53, 60, 64, 66, 82, 87, 88, 93, 102, 105, 117, 121]
	⭕  Bike to 50 (1.4 min) +1
> 50 (19:01)
Rent:    [6, 18, 32, 57, 72, 79, 81, 98, 106, 107, 115]
Return:  [0, 7, 8, 10, 12, 19, 20, 21, 26, 27, 28, 33, 45, 46, 50, 53, 55, 59, 60, 64, 66, 82, 87, 88, 93, 102, 105, 117, 121]
	⭕  Walk to 5 (2.5 min) 
> 5 (19:03)
Rent:    [6, 18, 32, 57, 72, 79, 81, 98, 106, 107, 115]
Return:  [0, 7, 8, 10, 12, 19, 20, 21, 26, 27, 28, 33, 45, 46, 50, 53, 55, 59, 60, 64, 66, 82, 87, 88, 93, 102, 105, 117, 121]
	⭕  Bike to 50 (1.0 min) +1
> 50 (19:04)
Rent:    [6, 18, 32, 57, 72, 79, 81, 98, 106, 107, 115]
Return:  [0, 7, 8, 10, 12, 19, 20, 21, 26, 27, 28, 33, 45, 46, 50, 53, 55, 59, 60, 64, 66, 82, 87, 88, 93, 102, 105, 117, 121]
	⭕  Walk to 104 (3.9 min) 
> 104 (19:08)
Rent:    [6, 18, 32, 57, 72, 79, 81, 98, 106, 107, 115]
Return:  [0, 7, 8, 10, 12, 19, 20, 21, 26, 27, 28, 33, 45, 46, 50, 53, 55, 59, 60, 64, 66, 82, 87, 88, 93, 102, 105, 117, 121]
	⭕  Bike to 50 (1.4 min) +1
> 50 (19:10)
Rent:    [6, 18, 32, 57, 72, 79, 81, 98, 106, 107, 115]
Return:  [0, 7, 8, 10, 12, 19, 20, 21, 26, 27, 28, 33, 45, 46, 50, 53, 55, 59, 60, 64, 66, 82, 87, 88, 93, 102, 105, 117, 121]
	⭕  Walk to 5 (2.5 min) 
> 5 (19:12)
Rent:    [6, 18, 32, 57, 72, 79, 81, 98, 106, 107, 115]
Return:  [0, 7, 8, 10, 12, 19, 20, 21, 26, 27, 28, 33, 45, 46, 50, 53, 55, 59, 60, 64, 66, 82, 87, 88, 93, 102, 105, 117, 121]
	⭕  Bike to 50 (1.0 min) +1
> 50 (19:13)
Rent:    [6, 18, 32, 57, 72, 79, 81, 98, 106, 107, 115]
Return:  [0, 7, 8, 10, 12, 19, 20, 21, 26, 27, 28, 33, 45, 46, 50, 53, 55, 59, 60, 64, 66, 82, 87, 88, 93, 102, 105, 117, 121]
	⭕  Walk to 104 (3.9 min) 
> 104 (19:17)
Rent:    [2, 6, 31, 32, 57, 72, 79, 81, 98, 106, 107, 115]
Return:  [0, 7, 10, 12, 19, 21, 26, 27, 28, 30, 33, 37, 45, 46, 47, 50, 53, 55, 60, 64, 66, 82, 87, 88, 93, 102, 105, 117, 121]
	⭕  Bike to 50 (1.4 min) +1
> 50 (19:18)
Rent:    [2, 6, 31, 32, 57, 72, 79, 81, 98, 106, 107, 115]
Return:  [0, 7, 10, 12, 19, 21, 26, 27, 28, 30, 33, 37, 45, 46, 47, 50, 53, 55, 60, 64, 66, 82, 87, 88, 93, 102, 105, 117, 121]
	⭕  Walk to 104 (3.9 min) 
> 104 (19:22)
Rent:    [2, 6, 31, 32, 57, 72, 79, 81, 98, 106, 107, 115]
Return:  [0, 7, 10, 12, 19, 21, 26, 27, 28, 30, 33, 37, 45, 46, 47, 50, 53, 55, 60, 64, 66, 82, 87, 88, 93, 102, 105, 117, 121]
	⭕  Bike to 50 (1.4 min) +1
> 50 (19:24)
Rent:    [2, 6, 31, 32, 57, 72, 79, 81, 98, 106, 107, 115]
Return:  [0, 7, 10, 12, 19, 21, 26, 27, 28, 30, 33, 37, 45, 46, 47, 50, 53, 55, 60, 64, 66, 82, 87, 88, 93, 102, 105, 117, 121]
	⭕  Walk to 5 (2.5 min) 
> 5 (19:26)
Rent:    [2, 6, 31, 32, 57, 72, 79, 81, 98, 106, 107, 115]
Return:  [0, 7, 10, 12, 19, 21, 26, 27, 28, 30, 33, 37, 45, 46, 47, 50, 53, 55, 60, 64, 66, 82, 87, 88, 93, 102, 105, 117, 121]
	⭕  Bike to 50 (1.0 min) +1
> 50 (19:27)
Rent:    [2, 6, 31, 32, 57, 72, 79, 81, 98, 106, 107, 115]
Return:  [0, 7, 10, 12, 19, 21, 26, 27, 28, 30, 33, 37, 45, 46, 47, 50, 53, 55, 60, 64, 66, 82, 87, 88, 93, 102, 105, 117, 121]
	⭕  Walk to 104 (3.9 min) 
> 104 (19:31)
Rent:    [2, 6, 31, 32, 54, 57, 72, 79, 81, 98, 106, 107, 115]
Return:  [0, 3, 5, 10, 19, 20, 21, 24, 26, 27, 28, 30, 33, 45, 46, 47, 50, 53, 55, 60, 64, 66, 82, 87, 88, 102, 105, 117, 121]
	⭕  Bike to 5 (1.3 min) +1
> 5 (19:32)
Rent:    [2, 6, 31, 32, 54, 57, 72, 79, 81, 98, 106, 107, 115]
Return:  [0, 3, 5, 10, 19, 20, 21, 24, 26, 27, 28, 30, 33, 45, 46, 47, 50, 53, 55, 60, 64, 66, 82, 87, 88, 102, 105, 117, 121]
	⭕  Walk to 8 (2.6 min) 
> 8 (19:35)
Rent:    [2, 6, 31, 32, 54, 57, 72, 79, 81, 98, 106, 107, 115]
Return:  [0, 3, 5, 10, 19, 20, 21, 24, 26, 27, 28, 30, 33, 45, 46, 47, 50, 53, 55, 60, 64, 66, 82, 87, 88, 102, 105, 117, 121]
	⭕  Bike to 5 (1.9 min) +1
> 5 (19:37)
Rent:    [2, 6, 31, 32, 54, 57, 72, 79, 81, 98, 106, 107, 115]
Return:  [0, 3, 5, 10, 19, 20, 21, 24, 26, 27, 28, 30, 33, 45, 46, 47, 50, 53, 55, 60, 64, 66, 82, 87, 88, 102, 105, 117, 121]
	⭕  Walk to 103 (4.2 min) 
> 103 (19:41)
Rent:    [2, 6, 31, 32, 54, 57, 72, 79, 81, 98, 106, 107, 115]
Return:  [0, 3, 5, 10, 19, 20, 21, 24, 26, 27, 28, 30, 33, 45, 46, 47, 50, 53, 55, 60, 64, 66, 82, 87, 88, 102, 105, 117, 121]
	⭕  Bike to 55 (2.1 min) +1
> 55 (19:43)
Rent:    [2, 6, 31, 32, 54, 57, 72, 79, 81, 98, 106, 107, 115]
Return:  [0, 3, 5, 10, 19, 20, 21, 24, 26, 27, 28, 30, 33, 45, 46, 47, 50, 53, 55, 60, 64, 66, 82, 87, 88, 102, 105, 117, 121]
	⭕  Walk to 103 (3.4 min) 
> 103 (19:47)
Rent:    [2, 6, 18, 31, 32, 54, 57, 72, 79, 81, 98, 106, 107, 109, 115]
Return:  [0, 5, 10, 12, 19, 20, 21, 24, 27, 28, 30, 33, 45, 46, 50, 53, 55, 60, 64, 66, 82, 88, 102, 104, 105, 117, 121]
	⭕  Bike to 53 (3.2 min) +1
> 53 (19:50)
Rent:    [2, 6, 18, 31, 32, 54, 57, 72, 79, 81, 98, 106, 107, 109, 115]
Return:  [0, 5, 10, 12, 19, 20, 21, 24, 27, 28, 30, 33, 45, 46, 50, 53, 55, 60, 64, 66, 82, 88, 102, 104, 105, 117, 121]
	⭕  Walk to 47 (2.7 min) 
> 47 (19:52)
Rent:    [2, 6, 18, 31, 32, 54, 57, 72, 79, 81, 98, 106, 107, 109, 115]
Return:  [0, 5, 10, 12, 19, 20, 21, 24, 27, 28, 30, 33, 45, 46, 50, 53, 55, 60, 64, 66, 82, 88, 102, 104, 105, 117, 121]
	⭕  Bike to 53 (1.2 min) +1
> 53 (19:54)
Rent:    [2, 6, 18, 31, 32, 54, 57, 72, 79, 81, 98, 106, 107, 109, 115]
Return:  [0, 5, 10, 12, 19, 20, 21, 24, 27, 28, 30, 33, 45, 46, 50, 53, 55, 60, 64, 66, 82, 88, 102, 104, 105, 117, 121]
	⭕  Walk to 77 (7.5 min) 
> 77 (20:01)
Rent:    [2, 6, 18, 32, 44, 54, 57, 79, 81, 98, 106, 107, 115]
Return:  [5, 7, 10, 12, 19, 20, 21, 24, 27, 28, 30, 45, 46, 50, 53, 55, 60, 64, 66, 82, 87, 88, 101, 102, 104, 105, 117, 121, 124]
	⭕  Bike to 66 (1.2 min) +1
> 66 (20:02)
Rent:    [2, 6, 18, 32, 44, 54, 57, 79, 81, 98, 106, 107, 115]
Return:  [5, 7, 10, 12, 19, 20, 21, 24, 27, 28, 30, 45, 46, 50, 53, 55, 60, 64, 66, 82, 87, 88, 101, 102, 104, 105, 117, 121, 124]
	⭕  Walk to 52 (2.4 min) 
> 52 (20:05)
Rent:    [2, 6, 18, 32, 44, 54, 57, 79, 81, 98, 106, 107, 115]
Return:  [5, 7, 10, 12, 19, 20, 21, 24, 27, 28, 30, 45, 46, 50, 53, 55, 60, 64, 66, 82, 87, 88, 101, 102, 104, 105, 117, 121, 124]
	⭕  Bike to 66 (1.1 min) +1
> 66 (20:06)
Rent:    [2, 6, 18, 32, 44, 54, 57, 79, 81, 98, 106, 107, 115]
Return:  [5, 7, 10, 12, 19, 20, 21, 24, 27, 28, 30, 45, 46, 50, 53, 55, 60, 64, 66, 82, 87, 88, 101, 102, 104, 105, 117, 121, 124]
	⭕  Walk to 52 (2.4 min) 
> 52 (20:08)
Rent:    [2, 6, 18, 32, 44, 54, 57, 79, 81, 98, 106, 107, 115]
Return:  [5, 7, 10, 12, 19, 20, 21, 24, 27, 28, 30, 45, 46, 50, 53, 55, 60, 64, 66, 82, 87, 88, 101, 102, 104, 105, 117, 121, 124]
	⭕  Bike to 66 (1.1 min) +1
> 66 (20:09)
Rent:    [2, 6, 18, 32, 44, 54, 57, 79, 81, 98, 106, 107, 115]
Return:  [5, 7, 10, 12, 19, 20, 21, 24, 27, 28, 30, 45, 46, 50, 53, 55, 60, 64, 66, 82, 87, 88, 101, 102, 104, 105, 117, 121, 124]
	⭕  Walk to 52 (2.4 min) 
> 52 (20:12)
Rent:    [2, 6, 18, 32, 44, 54, 57, 79, 81, 98, 106, 107, 115]
Return:  [5, 7, 10, 12, 19, 20, 21, 24, 27, 28, 30, 45, 46, 50, 53, 55, 60, 64, 66, 82, 87, 88, 101, 102, 104, 105, 117, 121, 124]
	⭕  Bike to 66 (1.1 min) +1
> 66 (20:13)
Rent:    [2, 6, 18, 32, 44, 54, 57, 79, 81, 98, 106, 107, 115]
Return:  [5, 7, 10, 12, 19, 20, 21, 24, 27, 28, 30, 45, 46, 50, 53, 55, 60, 64, 66, 82, 87, 88, 101, 102, 104, 105, 117, 121, 124]
	⭕  Walk to 52 (2.4 min) 
> 52 (20:15)
Rent:    [2, 6, 18, 32, 44, 54, 57, 79, 81, 98, 106, 107, 115]
Return:  [5, 9, 10, 12, 19, 20, 21, 24, 26, 27, 28, 30, 37, 39, 46, 50, 53, 55, 59, 60, 64, 66, 82, 87, 88, 93, 102, 104, 105, 121, 124]
	⭕  Bike to 66 (1.1 min) +1
> 66 (20:16)
Rent:    [2, 6, 18, 32, 44, 54, 57, 79, 81, 98, 106, 107, 115]
Return:  [5, 9, 10, 12, 19, 20, 21, 24, 26, 27, 28, 30, 37, 39, 46, 50, 53, 55, 59, 60, 64, 66, 82, 87, 88, 93, 102, 104, 105, 121, 124]
	⭕  Walk to 52 (2.4 min) 
> 52 (20:19)
Rent:    [2, 6, 18, 32, 44, 54, 57, 79, 81, 98, 106, 107, 115]
Return:  [5, 9, 10, 12, 19, 20, 21, 24, 26, 27, 28, 30, 37, 39, 46, 50, 53, 55, 59, 60, 64, 66, 82, 87, 88, 93, 102, 104, 105, 121, 124]
	⭕  Bike to 66 (1.1 min) +1
> 66 (20:20)
Rent:    [2, 6, 18, 32, 44, 54, 57, 79, 81, 98, 106, 107, 115]
Return:  [5, 9, 10, 12, 19, 20, 21, 24, 26, 27, 28, 30, 37, 39, 46, 50, 53, 55, 59, 60, 64, 66, 82, 87, 88, 93, 102, 104, 105, 121, 124]
	⭕  Walk to 52 (2.4 min) 
> 52 (20:22)
Rent:    [2, 6, 18, 32, 44, 54, 57, 79, 81, 98, 106, 107, 115]
Return:  [5, 9, 10, 12, 19, 20, 21, 24, 26, 27, 28, 30, 37, 39, 46, 50, 53, 55, 59, 60, 64, 66, 82, 87, 88, 93, 102, 104, 105, 121, 124]
	⭕  Bike to 66 (1.1 min) +1
> 66 (20:23)
Rent:    [2, 6, 18, 32, 44, 54, 57, 79, 81, 98, 106, 107, 115]
Return:  [5, 9, 10, 12, 19, 20, 21, 24, 26, 27, 28, 30, 37, 39, 46, 50, 53, 55, 59, 60, 64, 66, 82, 87, 88, 93, 102, 104, 105, 121, 124]
	⭕  Walk to 34 (9.2 min) 
> 34 (20:32)
Rent:    [2, 18, 32, 44, 54, 57, 63, 79, 81, 94, 98, 100, 106, 107, 109, 115]
Return:  [5, 7, 10, 19, 20, 21, 24, 26, 27, 28, 30, 39, 46, 50, 52, 53, 55, 60, 64, 66, 82, 87, 88, 93, 101, 102, 105, 117, 121]
	⭕  Bike to 53 (2.9 min) +1
> 53 (20:35)
Rent:    [2, 18, 32, 44, 54, 57, 63, 79, 81, 94, 98, 100, 106, 107, 109, 115]
Return:  [5, 7, 10, 19, 20, 21, 24, 26, 27, 28, 30, 39, 46, 50, 52, 53, 55, 60, 64, 66, 82, 87, 88, 93, 101, 102, 105, 117, 121]
	⭕  Walk to 103 (7.1 min) 
> 103 (20:42)
Rent:    [2, 18, 32, 44, 54, 57, 63, 79, 81, 94, 98, 100, 106, 107, 109, 115]
Return:  [5, 7, 10, 19, 20, 21, 24, 26, 27, 28, 30, 39, 46, 50, 52, 53, 55, 60, 64, 66, 82, 87, 88, 93, 101, 102, 105, 117, 121]
	⭕  Bike to 55 (2.1 min) +1
> 55 (20:44)
Rent:    [2, 18, 32, 44, 54, 57, 63, 79, 81, 94, 98, 100, 106, 107, 109, 115]
Return:  [5, 7, 10, 19, 20, 21, 24, 26, 27, 28, 30, 39, 46, 50, 52, 53, 55, 60, 64, 66, 82, 87, 88, 93, 101, 102, 105, 117, 121]
	⭕  Walk to 103 (3.4 min) 
> 103 (20:48)
Rent:    [2, 18, 32, 44, 57, 63, 79, 81, 94, 98, 100, 106, 107, 109, 115]
Return:  [5, 7, 8, 10, 19, 20, 21, 24, 26, 27, 28, 30, 37, 39, 46, 50, 53, 55, 60, 64, 66, 77, 82, 88, 93, 101, 102, 105, 117, 121]
	⭕  Bike to 8 (2.0 min) +1
> 8 (20:50)
Rent:    [2, 18, 32, 44, 57, 63, 79, 81, 94, 98, 100, 106, 107, 109, 115]
Return:  [5, 7, 8, 10, 19, 20, 21, 24, 26, 27, 28, 30, 37, 39, 46, 50, 53, 55, 60, 64, 66, 77, 82, 88, 93, 101, 102, 105, 117, 121]
	⭕  Walk to 4 (2.5 min) 
> 4 (20:52)
Rent:    [2, 18, 32, 44, 57, 63, 79, 81, 94, 98, 100, 106, 107, 109, 115]
Return:  [5, 7, 8, 10, 19, 20, 21, 24, 26, 27, 28, 30, 37, 39, 46, 50, 53, 55, 60, 64, 66, 77, 82, 88, 93, 101, 102, 105, 117, 121]
	⭕  Bike to 8 (1.4 min) +1
> 8 (20:54)
Rent:    [2, 18, 32, 44, 57, 63, 79, 81, 94, 98, 100, 106, 107, 109, 115]
Return:  [5, 7, 8, 10, 19, 20, 21, 24, 26, 27, 28, 30, 37, 39, 46, 50, 53, 55, 60, 64, 66, 77, 82, 88, 93, 101, 102, 105, 117, 121]
	⭕  Walk to 4 (2.5 min) 
> 4 (20:56)
Rent:    [2, 18, 32, 44, 57, 63, 79, 81, 94, 98, 100, 106, 107, 109, 115]
Return:  [5, 7, 8, 10, 19, 20, 21, 24, 26, 27, 28, 30, 37, 39, 46, 50, 53, 55, 60, 64, 66, 77, 82, 88, 93, 101, 102, 105, 117, 121]
	⭕  Bike to 8 (1.4 min) +1
> 8 (20:58)
Rent:    [2, 18, 32, 44, 57, 63, 79, 81, 94, 98, 100, 106, 107, 109, 115]
Return:  [5, 7, 8, 10, 19, 20, 21, 24, 26, 27, 28, 30, 37, 39, 46, 50, 53, 55, 60, 64, 66, 77, 82, 88, 93, 101, 102, 105, 117, 121]
	⭕  Walk to 4 (2.5 min) 
> 4 (21:00)
Rent:    [2, 6, 31, 32, 44, 63, 79, 81, 94, 98, 106, 107, 109, 114, 115]
Return:  [3, 5, 8, 10, 19, 20, 21, 27, 28, 30, 33, 37, 39, 46, 47, 53, 55, 60, 64, 66, 77, 82, 87, 88, 93, 101, 102, 105, 117]
	⭕  Bike to 8 (1.4 min) +1
> 8 (21:01)
Rent:    [2, 6, 31, 32, 44, 63, 79, 81, 94, 98, 106, 107, 109, 114, 115]
Return:  [3, 5, 8, 10, 19, 20, 21, 27, 28, 30, 33, 37, 39, 46, 47, 53, 55, 60, 64, 66, 77, 82, 87, 88, 93, 101, 102, 105, 117]
	⭕  Walk to 4 (2.5 min) 
> 4 (21:04)
Rent:    [2, 6, 31, 32, 44, 63, 79, 81, 94, 98, 106, 107, 109, 114, 115]
Return:  [3, 5, 8, 10, 19, 20, 21, 27, 28, 30, 33, 37, 39, 46, 47, 53, 55, 60, 64, 66, 77, 82, 87, 88, 93, 101, 102, 105, 117]
	⭕  Bike to 8 (1.4 min) +1
> 8 (21:05)
Rent:    [2, 6, 31, 32, 44, 63, 79, 81, 94, 98, 106, 107, 109, 114, 115]
Return:  [3, 5, 8, 10, 19, 20, 21, 27, 28, 30, 33, 37, 39, 46, 47, 53, 55, 60, 64, 66, 77, 82, 87, 88, 93, 101, 102, 105, 117]
	⭕  Walk to 4 (2.5 min) 
> 4 (21:08)
Rent:    [2, 6, 31, 32, 44, 63, 79, 81, 94, 98, 106, 107, 109, 114, 115]
Return:  [3, 5, 8, 10, 19, 20, 21, 27, 28, 30, 33, 37, 39, 46, 47, 53, 55, 60, 64, 66, 77, 82, 87, 88, 93, 101, 102, 105, 117]
	⭕  Bike to 8 (1.4 min) +1
> 8 (21:09)
Rent:    [2, 6, 31, 32, 44, 63, 79, 81, 94, 98, 106, 107, 109, 114, 115]
Return:  [3, 5, 8, 10, 19, 20, 21, 27, 28, 30, 33, 37, 39, 46, 47, 53, 55, 60, 64, 66, 77, 82, 87, 88, 93, 101, 102, 105, 117]
	⭕  Walk to 50 (4.8 min) 
> 50 (21:14)
Rent:    [2, 6, 31, 32, 44, 63, 79, 81, 94, 98, 106, 107, 109, 114, 115]
Return:  [3, 5, 8, 10, 19, 20, 21, 27, 28, 30, 33, 37, 39, 46, 47, 53, 55, 60, 64, 66, 77, 82, 87, 88, 93, 101, 102, 105, 117]
	⭕  Bike to 5 (1.8 min) +1
> 5 (21:16)
Rent:    [2, 6, 31, 32, 44, 63, 72, 79, 81, 94, 98, 100, 106, 107, 114, 115]
Return:  [5, 8, 10, 12, 19, 20, 21, 26, 27, 28, 30, 33, 37, 39, 45, 46, 53, 55, 60, 64, 66, 77, 82, 87, 88, 92, 93, 102, 105, 117, 124]
	⭕  Walk to 104 (4.2 min) 
> 104 (21:20)
Rent:    [2, 6, 31, 32, 44, 63, 72, 79, 81, 94, 98, 100, 106, 107, 114, 115]
Return:  [5, 8, 10, 12, 19, 20, 21, 26, 27, 28, 30, 33, 37, 39, 45, 46, 53, 55, 60, 64, 66, 77, 82, 87, 88, 92, 93, 102, 105, 117, 124]
	⭕  Bike to 5 (1.3 min) +1
> 5 (21:21)
Rent:    [2, 6, 31, 32, 44, 63, 72, 79, 81, 94, 98, 100, 106, 107, 114, 115]
Return:  [5, 8, 10, 12, 19, 20, 21, 26, 27, 28, 30, 33, 37, 39, 45, 46, 53, 55, 60, 64, 66, 77, 82, 87, 88, 92, 93, 102, 105, 117, 124]
	⭕  Walk to 104 (4.2 min) 
> 104 (21:25)
Rent:    [2, 6, 31, 32, 44, 63, 72, 79, 81, 94, 98, 100, 106, 107, 114, 115]
Return:  [5, 8, 10, 12, 19, 20, 21, 26, 27, 28, 30, 33, 37, 39, 45, 46, 53, 55, 60, 64, 66, 77, 82, 87, 88, 92, 93, 102, 105, 117, 124]
	⭕  Bike to 5 (1.3 min) +1
> 5 (21:27)
Rent:    [2, 6, 31, 32, 44, 63, 72, 79, 81, 94, 98, 100, 106, 107, 114, 115]
Return:  [5, 8, 10, 12, 19, 20, 21, 26, 27, 28, 30, 33, 37, 39, 45, 46, 53, 55, 60, 64, 66, 77, 82, 87, 88, 92, 93, 102, 105, 117, 124]
	⭕  Walk to 104 (4.2 min) 
> 104 (21:31)
Rent:    [2, 6, 32, 44, 54, 63, 72, 79, 81, 94, 98, 107, 109, 114, 115]
Return:  [4, 5, 10, 12, 19, 20, 21, 26, 27, 28, 30, 33, 37, 39, 45, 46, 53, 55, 60, 64, 66, 77, 82, 87, 88, 92, 93, 102, 105, 117]
	⭕  Bike to 5 (1.3 min) +1
> 5 (21:32)
Rent:    [2, 6, 32, 44, 54, 63, 72, 79, 81, 94, 98, 107, 109, 114, 115]
Return:  [4, 5, 10, 12, 19, 20, 21, 26, 27, 28, 30, 33, 37, 39, 45, 46, 53, 55, 60, 64, 66, 77, 82, 87, 88, 92, 93, 102, 105, 117]
	⭕  Walk to 104 (4.2 min) 
> 104 (21:36)
Rent:    [2, 6, 32, 44, 54, 63, 72, 79, 81, 94, 98, 107, 109, 114, 115]
Return:  [4, 5, 10, 12, 19, 20, 21, 26, 27, 28, 30, 33, 37, 39, 45, 46, 53, 55, 60, 64, 66, 77, 82, 87, 88, 92, 93, 102, 105, 117]
	⭕  Bike to 5 (1.3 min) +1
> 5 (21:37)
Rent:    [2, 6, 32, 44, 54, 63, 72, 79, 81, 94, 98, 107, 109, 114, 115]
Return:  [4, 5, 10, 12, 19, 20, 21, 26, 27, 28, 30, 33, 37, 39, 45, 46, 53, 55, 60, 64, 66, 77, 82, 87, 88, 92, 93, 102, 105, 117]
	⭕  Walk to 104 (4.2 min) 
> 104 (21:42)
Rent:    [2, 6, 32, 44, 54, 63, 72, 79, 81, 94, 98, 107, 109, 114, 115]
Return:  [4, 5, 10, 12, 19, 20, 21, 26, 27, 28, 30, 33, 37, 39, 45, 46, 53, 55, 60, 64, 66, 77, 82, 87, 88, 92, 93, 102, 105, 117]
	⭕  Bike to 5 (1.3 min) +1
> 5 (21:43)
Rent:    [2, 6, 32, 44, 54, 63, 72, 79, 81, 94, 98, 107, 109, 114, 115]
Return:  [4, 5, 10, 12, 19, 20, 21, 26, 27, 28, 30, 33, 37, 39, 45, 46, 53, 55, 60, 64, 66, 77, 82, 87, 88, 92, 93, 102, 105, 117]
	⭕  Walk to 104 (4.2 min) 
> 104 (21:47)
Rent:    [2, 6, 32, 44, 54, 72, 94, 98, 107, 109, 114, 115]
Return:  [0, 3, 4, 5, 10, 12, 19, 20, 27, 28, 30, 33, 37, 45, 46, 50, 53, 55, 60, 64, 66, 77, 87, 88, 92, 93, 102, 105, 117]
	⭕  Bike to 50 (1.4 min) +1
> 50 (21:49)
Rent:    [2, 6, 32, 44, 54, 72, 94, 98, 107, 109, 114, 115]
Return:  [0, 3, 4, 5, 10, 12, 19, 20, 27, 28, 30, 33, 37, 45, 46, 50, 53, 55, 60, 64, 66, 77, 87, 88, 92, 93, 102, 105, 117]
	⭕  Walk to 104 (3.9 min) 
> 104 (21:52)
Rent:    [2, 6, 32, 44, 54, 72, 94, 98, 107, 109, 114, 115]
Return:  [0, 3, 4, 5, 10, 12, 19, 20, 27, 28, 30, 33, 37, 45, 46, 50, 53, 55, 60, 64, 66, 77, 87, 88, 92, 93, 102, 105, 117]
	⭕  Bike to 50 (1.4 min) +1
> 50 (21:54)
Rent:    [2, 6, 32, 44, 54, 72, 94, 98, 107, 109, 114, 115]
Return:  [0, 3, 4, 5, 10, 12, 19, 20, 27, 28, 30, 33, 37, 45, 46, 50, 53, 55, 60, 64, 66, 77, 87, 88, 92, 93, 102, 105, 117]
	⭕  Walk to 58 (4.2 min) 
> 58 (21:58)
Rent:    [2, 6, 32, 44, 54, 72, 94, 98, 107, 109, 114, 115]
Return:  [0, 3, 4, 5, 10, 12, 19, 20, 27, 28, 30, 33, 37, 45, 46, 50, 53, 55, 60, 64, 66, 77, 87, 88, 92, 93, 102, 105, 117]
	⭕  Bike to 5 (2.2 min) +1
> 5 (22:00)
Rent:    [2, 6, 18, 32, 44, 54, 72, 94, 98, 107, 114, 115]
Return:  [0, 3, 5, 7, 8, 10, 12, 19, 20, 21, 27, 28, 29, 33, 37, 45, 46, 50, 53, 55, 60, 64, 66, 87, 88, 92, 93, 102, 104, 105, 117]
	⭕  Walk to 4 (3.8 min) 
> 4 (22:04)
Rent:    [2, 6, 18, 32, 44, 54, 72, 94, 98, 107, 114, 115]
Return:  [0, 3, 5, 7, 8, 10, 12, 19, 20, 21, 27, 28, 29, 33, 37, 45, 46, 50, 53, 55, 60, 64, 66, 87, 88, 92, 93, 102, 104, 105, 117]
	⭕  Bike to 8 (1.4 min) +1
> 8 (22:05)
Rent:    [2, 6, 18, 32, 44, 54, 72, 94, 98, 107, 114, 115]
Return:  [0, 3, 5, 7, 8, 10, 12, 19, 20, 21, 27, 28, 29, 33, 37, 45, 46, 50, 53, 55, 60, 64, 66, 87, 88, 92, 93, 102, 104, 105, 117]
	⭕  Walk to 4 (2.5 min) 
> 4 (22:08)
Rent:    [2, 6, 18, 32, 44, 54, 72, 94, 98, 107, 114, 115]
Return:  [0, 3, 5, 7, 8, 10, 12, 19, 20, 21, 27, 28, 29, 33, 37, 45, 46, 50, 53, 55, 60, 64, 66, 87, 88, 92, 93, 102, 104, 105, 117]
	⭕  Bike to 8 (1.4 min) +1
> 8 (22:09)
Rent:    [2, 6, 18, 32, 44, 54, 72, 94, 98, 107, 114, 115]
Return:  [0, 3, 5, 7, 8, 10, 12, 19, 20, 21, 27, 28, 29, 33, 37, 45, 46, 50, 53, 55, 60, 64, 66, 87, 88, 92, 93, 102, 104, 105, 117]
	⭕  Walk to 61 (4.6 min) 
> 61 (22:14)
Rent:    [2, 6, 18, 32, 44, 54, 72, 94, 98, 107, 114, 115]
Return:  [0, 3, 5, 7, 8, 10, 12, 19, 20, 21, 27, 28, 29, 33, 37, 45, 46, 50, 53, 55, 60, 64, 66, 87, 88, 92, 93, 102, 104, 105, 117]
	⭕  Bike to 93 (1.4 min) +1
> 93 (22:15)
Rent:    [2, 6, 32, 44, 54, 72, 94, 98, 107, 114, 115]
Return:  [0, 3, 5, 7, 8, 10, 19, 20, 21, 27, 28, 33, 37, 45, 46, 50, 55, 60, 64, 66, 77, 80, 82, 87, 88, 92, 93, 102, 105, 117, 121]
	⭕  Walk to 61 (3.8 min) 
> 61 (22:19)
Rent:    [2, 6, 32, 44, 54, 72, 94, 98, 107, 114, 115]
Return:  [0, 3, 5, 7, 8, 10, 19, 20, 21, 27, 28, 33, 37, 45, 46, 50, 55, 60, 64, 66, 77, 80, 82, 87, 88, 92, 93, 102, 105, 117, 121]
	⭕  Bike to 8 (2.3 min) +1
> 8 (22:21)
Rent:    [2, 6, 32, 44, 54, 72, 94, 98, 107, 114, 115]
Return:  [0, 3, 5, 7, 8, 10, 19, 20, 21, 27, 28, 33, 37, 45, 46, 50, 55, 60, 64, 66, 77, 80, 82, 87, 88, 92, 93, 102, 105, 117, 121]
	⭕  Walk to 4 (2.5 min) 
> 4 (22:24)
Rent:    [2, 6, 32, 44, 54, 72, 94, 98, 107, 114, 115]
Return:  [0, 3, 5, 7, 8, 10, 19, 20, 21, 27, 28, 33, 37, 45, 46, 50, 55, 60, 64, 66, 77, 80, 82, 87, 88, 92, 93, 102, 105, 117, 121]
	⭕  Bike to 8 (1.4 min) +1
> 8 (22:25)
Rent:    [2, 6, 32, 44, 54, 72, 94, 98, 107, 114, 115]
Return:  [0, 3, 5, 7, 8, 10, 19, 20, 21, 27, 28, 33, 37, 45, 46, 50, 55, 60, 64, 66, 77, 80, 82, 87, 88, 92, 93, 102, 105, 117, 121]
	⭕  Walk to 61 (4.6 min) 
> 61 (22:30)
Rent:    [2, 6, 31, 32, 44, 54, 63, 72, 94, 107, 115]
Return:  [0, 5, 8, 10, 19, 20, 27, 28, 33, 37, 45, 46, 50, 53, 55, 59, 60, 64, 66, 80, 82, 87, 88, 92, 93, 102, 104, 105, 117, 121]
	⭕  Bike to 8 (2.3 min) +1
> 8 (22:32)
Rent:    [2, 6, 31, 32, 44, 54, 63, 72, 94, 107, 115]
Return:  [0, 5, 8, 10, 19, 20, 27, 28, 33, 37, 45, 46, 50, 53, 55, 59, 60, 64, 66, 80, 82, 87, 88, 92, 93, 102, 104, 105, 117, 121]
	⭕  Walk to 61 (4.6 min) 
> 61 (22:37)
Rent:    [2, 6, 31, 32, 44, 54, 63, 72, 94, 107, 115]
Return:  [0, 5, 8, 10, 19, 20, 27, 28, 33, 37, 45, 46, 50, 53, 55, 59, 60, 64, 66, 80, 82, 87, 88, 92, 93, 102, 104, 105, 117, 121]
	⭕  Bike to 93 (1.4 min) +1
> 93 (22:38)
Rent:    [2, 6, 31, 32, 44, 54, 63, 72, 94, 107, 115]
Return:  [0, 5, 8, 10, 19, 20, 27, 28, 33, 37, 45, 46, 50, 53, 55, 59, 60, 64, 66, 80, 82, 87, 88, 92, 93, 102, 104, 105, 117, 121]
	⭕  Walk to 61 (3.8 min) 
> 61 (22:42)
Rent:    [2, 6, 31, 32, 44, 54, 63, 72, 94, 107, 115]
Return:  [0, 5, 8, 10, 19, 20, 27, 28, 33, 37, 45, 46, 50, 53, 55, 59, 60, 64, 66, 80, 82, 87, 88, 92, 93, 102, 104, 105, 117, 121]
	⭕  Bike to 93 (1.4 min) +1
> 93 (22:43)
Rent:    [2, 6, 31, 32, 44, 54, 63, 72, 94, 107, 115]
Return:  [0, 5, 8, 10, 19, 20, 27, 28, 33, 37, 45, 46, 50, 53, 55, 59, 60, 64, 66, 80, 82, 87, 88, 92, 93, 102, 104, 105, 117, 121]
	⭕  Walk to 61 (3.8 min) 
> 61 (22:47)
Rent:    [2, 6, 32, 44, 54, 57, 63, 72, 81, 107, 111, 115]
Return:  [0, 5, 8, 10, 12, 19, 20, 21, 24, 26, 27, 28, 33, 37, 45, 46, 50, 53, 55, 59, 60, 64, 66, 80, 82, 87, 88, 92, 93, 102, 104, 105, 117, 121, 124]
	⭕  Bike to 93 (1.4 min) +1
> 93 (22:49)
Rent:    [2, 6, 32, 44, 54, 57, 63, 72, 81, 107, 111, 115]
Return:  [0, 5, 8, 10, 12, 19, 20, 21, 24, 26, 27, 28, 33, 37, 45, 46, 50, 53, 55, 59, 60, 64, 66, 80, 82, 87, 88, 92, 93, 102, 104, 105, 117, 121, 124]
	🔵  End excursion
	⭕  Walk to 5 (8.4 min) 
> 5 (22:57)

---------- Excursion Complete ----------
End time: 22:57
Final station: 5
Bike count: 88
Walk count: 88
Wait count: 0
Total reward: 88
Seed: 3427803815

