Using fixed seed: 2946479509
---------- Starting Excursion -----------
Warmup time: 2.0 hours
Start time: 16:00 
Excursion time: 7.0 hours

> 0 (16:00)
Rent:    [107]
Return:  [10, 29, 33, 37, 50, 60, 80, 124]
	⭕  Bike to 33 (3.0 min) +1
> 33 (16:02)
Rent:    [107]
Return:  [10, 29, 33, 37, 50, 60, 80, 124]
	⭕  Walk to 5 (3.0 min) 
> 5 (16:06)
Rent:    [107]
Return:  [10, 29, 33, 37, 50, 60, 80, 124]
	⭕  Bike to 50 (1.0 min) +1
> 50 (16:06)
Rent:    [107]
Return:  [10, 29, 33, 37, 50, 60, 80, 124]
	⭕  Walk to 5 (2.5 min) 
> 5 (16:09)
Rent:    [107]
Return:  [10, 29, 33, 37, 50, 60, 80, 124]
	⭕  Bike to 50 (1.0 min) +1
> 50 (16:10)
Rent:    [107]
Return:  [10, 29, 33, 37, 50, 60, 80, 124]
	⭕  Walk to 5 (2.5 min) 
> 5 (16:12)
Rent:    [107]
Return:  [10, 29, 33, 37, 50, 60, 80, 124]
	⭕  Bike to 50 (1.0 min) +1
> 50 (16:13)
Rent:    [107]
Return:  [10, 29, 33, 37, 50, 60, 80, 124]
	⭕  Walk to 5 (2.5 min) 
> 5 (16:16)
Rent:    [107]
Return:  [10, 28, 33, 37, 50, 60, 124]
	⭕  Bike to 50 (1.0 min) +1
> 50 (16:17)
Rent:    [107]
Return:  [10, 28, 33, 37, 50, 60, 124]
	⭕  Walk to 5 (2.5 min) 
> 5 (16:19)
Rent:    [107]
Return:  [10, 28, 33, 37, 50, 60, 124]
	⭕  Bike to 50 (1.0 min) +1
> 50 (16:20)
Rent:    [107]
Return:  [10, 28, 33, 37, 50, 60, 124]
	⭕  Walk to 5 (2.5 min) 
> 5 (16:23)
Rent:    [107]
Return:  [10, 28, 33, 37, 50, 60, 124]
	⭕  Bike to 50 (1.0 min) +1
> 50 (16:24)
Rent:    [107]
Return:  [10, 28, 33, 37, 50, 60, 124]
	⭕  Walk to 5 (2.5 min) 
> 5 (16:26)
Rent:    [107]
Return:  [10, 28, 33, 37, 50, 60, 124]
	⭕  Bike to 50 (1.0 min) +1
> 50 (16:27)
Rent:    [107]
Return:  [10, 28, 33, 37, 50, 60, 124]
	⭕  Walk to 5 (2.5 min) 
> 5 (16:30)
Rent:    [54, 107]
Return:  [10, 28, 33, 37, 46, 50, 60, 74, 124]
	⭕  Bike to 50 (1.0 min) +1
> 50 (16:31)
Rent:    [54, 107]
Return:  [10, 28, 33, 37, 46, 50, 60, 74, 124]
	⭕  Walk to 104 (3.9 min) 
> 104 (16:35)
Rent:    [54, 107]
Return:  [10, 28, 33, 37, 46, 50, 60, 74, 124]
	⭕  Bike to 33 (2.8 min) +1
> 33 (16:38)
Rent:    [54, 107]
Return:  [10, 28, 33, 37, 46, 50, 60, 74, 124]
	⭕  Walk to 5 (3.0 min) 
> 5 (16:41)
Rent:    [54, 107]
Return:  [10, 28, 33, 37, 46, 50, 60, 74, 124]
	⭕  Bike to 50 (1.0 min) +1
> 50 (16:42)
Rent:    [54, 107]
Return:  [10, 28, 33, 37, 46, 50, 60, 74, 124]
	⭕  Walk to 104 (3.9 min) 
> 104 (16:45)
Rent:    [54, 81, 103, 107]
Return:  [10, 28, 33, 37, 46, 50, 60, 74, 124]
	⭕  Bike to 50 (1.4 min) +1
> 50 (16:47)
Rent:    [54, 81, 103, 107]
Return:  [10, 28, 33, 37, 46, 50, 60, 74, 124]
	⭕  Walk to 5 (2.5 min) 
> 5 (16:49)
Rent:    [54, 81, 103, 107]
Return:  [10, 28, 33, 37, 46, 50, 60, 74, 124]
	⭕  Bike to 50 (1.0 min) +1
> 50 (16:50)
Rent:    [54, 81, 103, 107]
Return:  [10, 28, 33, 37, 46, 50, 60, 74, 124]
	⭕  Walk to 104 (3.9 min) 
> 104 (16:54)
Rent:    [54, 81, 103, 107]
Return:  [10, 28, 33, 37, 46, 50, 60, 74, 124]
	⭕  Bike to 33 (2.8 min) +1
> 33 (16:57)
Rent:    [54, 81, 103, 107]
Return:  [10, 28, 33, 37, 46, 50, 60, 74, 124]
	⭕  Walk to 4 (2.8 min) 
> 4 (17:00)
Rent:    [54, 81, 103, 107]
Return:  [5, 10, 12, 28, 33, 37, 46, 50, 52, 55, 60, 74, 124]
	⭕  Bike to 33 (1.4 min) +1
> 33 (17:01)
Rent:    [54, 81, 103, 107]
Return:  [5, 10, 12, 28, 33, 37, 46, 50, 52, 55, 60, 74, 124]
	⭕  Walk to 4 (2.8 min) 
> 4 (17:04)
Rent:    [54, 81, 103, 107]
Return:  [5, 10, 12, 28, 33, 37, 46, 50, 52, 55, 60, 74, 124]
	⭕  Bike to 33 (1.4 min) +1
> 33 (17:05)
Rent:    [54, 81, 103, 107]
Return:  [5, 10, 12, 28, 33, 37, 46, 50, 52, 55, 60, 74, 124]
	⭕  Walk to 4 (2.8 min) 
> 4 (17:08)
Rent:    [54, 81, 103, 107]
Return:  [5, 10, 12, 28, 33, 37, 46, 50, 52, 55, 60, 74, 124]
	⭕  Bike to 33 (1.4 min) +1
> 33 (17:10)
Rent:    [54, 81, 103, 107]
Return:  [5, 10, 12, 28, 33, 37, 46, 50, 52, 55, 60, 74, 124]
	⭕  Walk to 4 (2.8 min) 
> 4 (17:12)
Rent:    [54, 81, 103, 107]
Return:  [5, 10, 12, 28, 33, 37, 46, 50, 52, 55, 60, 74, 124]
	⭕  Bike to 33 (1.4 min) +1
> 33 (17:14)
Rent:    [54, 81, 103, 107]
Return:  [5, 10, 12, 28, 33, 37, 46, 50, 52, 55, 60, 74, 124]
	⭕  Walk to 4 (2.8 min) 
> 4 (17:17)
Rent:    [54, 107]
Return:  [10, 12, 28, 33, 37, 46, 50, 52, 55, 60, 74, 82, 124]
	⭕  Bike to 33 (1.4 min) +1
> 33 (17:18)
Rent:    [54, 107]
Return:  [10, 12, 28, 33, 37, 46, 50, 52, 55, 60, 74, 82, 124]
	⭕  Walk to 5 (3.0 min) 
> 5 (17:21)
Rent:    [54, 107]
Return:  [10, 12, 28, 33, 37, 46, 50, 52, 55, 60, 74, 82, 124]
	⭕  Bike to 50 (1.0 min) +1
> 50 (17:22)
Rent:    [54, 107]
Return:  [10, 12, 28, 33, 37, 46, 50, 52, 55, 60, 74, 82, 124]
	⭕  Walk to 104 (3.9 min) 
> 104 (17:26)
Rent:    [54, 107]
Return:  [10, 12, 28, 33, 37, 46, 50, 52, 55, 60, 74, 82, 124]
	⭕  Bike to 33 (2.8 min) +1
> 33 (17:29)
Rent:    [54, 107]
Return:  [10, 12, 28, 33, 37, 46, 50, 52, 55, 60, 74, 82, 124]
	⭕  Walk to 5 (3.0 min) 
> 5 (17:32)
Rent:    [54, 81, 107, 115]
Return:  [10, 12, 28, 33, 37, 46, 47, 50, 52, 55, 60, 74, 82, 124]
	⭕  Bike to 50 (1.0 min) +1
> 50 (17:33)
Rent:    [54, 81, 107, 115]
Return:  [10, 12, 28, 33, 37, 46, 47, 50, 52, 55, 60, 74, 82, 124]
	⭕  Walk to 5 (2.5 min) 
> 5 (17:35)
Rent:    [54, 81, 107, 115]
Return:  [10, 12, 28, 33, 37, 46, 47, 50, 52, 55, 60, 74, 82, 124]
	⭕  Bike to 50 (1.0 min) +1
> 50 (17:36)
Rent:    [54, 81, 107, 115]
Return:  [10, 12, 28, 33, 37, 46, 47, 50, 52, 55, 60, 74, 82, 124]
	⭕  Walk to 104 (3.9 min) 
> 104 (17:40)
Rent:    [54, 81, 107, 115]
Return:  [10, 12, 28, 33, 37, 46, 47, 50, 52, 55, 60, 74, 82, 124]
	⭕  Bike to 50 (1.4 min) +1
> 50 (17:41)
Rent:    [54, 81, 107, 115]
Return:  [10, 12, 28, 33, 37, 46, 47, 50, 52, 55, 60, 74, 82, 124]
	⭕  Walk to 5 (2.5 min) 
> 5 (17:44)
Rent:    [54, 81, 107, 115]
Return:  [10, 12, 28, 33, 37, 46, 47, 50, 52, 55, 60, 74, 82, 124]
	⭕  Bike to 50 (1.0 min) +1
> 50 (17:45)
Rent:    [54, 81, 98, 107]
Return:  [10, 12, 28, 37, 46, 50, 53, 55, 60, 74, 82, 101, 124]
	⭕  Walk to 5 (2.5 min) 
> 5 (17:47)
Rent:    [54, 81, 98, 107]
Return:  [10, 12, 28, 37, 46, 50, 53, 55, 60, 74, 82, 101, 124]
	⭕  Bike to 50 (1.0 min) +1
> 50 (17:48)
Rent:    [54, 81, 98, 107]
Return:  [10, 12, 28, 37, 46, 50, 53, 55, 60, 74, 82, 101, 124]
	⭕  Walk to 5 (2.5 min) 
> 5 (17:51)
Rent:    [54, 81, 98, 107]
Return:  [10, 12, 28, 37, 46, 50, 53, 55, 60, 74, 82, 101, 124]
	⭕  Bike to 50 (1.0 min) +1
> 50 (17:52)
Rent:    [54, 81, 98, 107]
Return:  [10, 12, 28, 37, 46, 50, 53, 55, 60, 74, 82, 101, 124]
	⭕  Walk to 5 (2.5 min) 
> 5 (17:54)
Rent:    [54, 81, 98, 107]
Return:  [10, 12, 28, 37, 46, 50, 53, 55, 60, 74, 82, 101, 124]
	⭕  Bike to 50 (1.0 min) +1
> 50 (17:55)
Rent:    [54, 81, 98, 107]
Return:  [10, 12, 28, 37, 46, 50, 53, 55, 60, 74, 82, 101, 124]
	⭕  Walk to 5 (2.5 min) 
> 5 (17:58)
Rent:    [54, 81, 98, 107]
Return:  [10, 12, 28, 37, 46, 50, 53, 55, 60, 74, 82, 101, 124]
	⭕  Bike to 50 (1.0 min) +1
> 50 (17:59)
Rent:    [54, 81, 98, 107]
Return:  [10, 12, 28, 37, 46, 50, 53, 55, 60, 74, 82, 101, 124]
	⭕  Walk to 104 (3.9 min) 
> 104 (18:03)
Rent:    [2, 54, 81, 98, 107]
Return:  [10, 12, 21, 24, 28, 37, 46, 50, 53, 55, 60, 74, 82, 101]
	⭕  Bike to 50 (1.4 min) +1
> 50 (18:04)
Rent:    [2, 54, 81, 98, 107]
Return:  [10, 12, 21, 24, 28, 37, 46, 50, 53, 55, 60, 74, 82, 101]
	⭕  Walk to 5 (2.5 min) 
> 5 (18:07)
Rent:    [2, 54, 81, 98, 107]
Return:  [10, 12, 21, 24, 28, 37, 46, 50, 53, 55, 60, 74, 82, 101]
	⭕  Bike to 50 (1.0 min) +1
> 50 (18:08)
Rent:    [2, 54, 81, 98, 107]
Return:  [10, 12, 21, 24, 28, 37, 46, 50, 53, 55, 60, 74, 82, 101]
	⭕  Walk to 104 (3.9 min) 
> 104 (18:12)
Rent:    [2, 54, 81, 98, 107]
Return:  [10, 12, 21, 24, 28, 37, 46, 50, 53, 55, 60, 74, 82, 101]
	⭕  Bike to 50 (1.4 min) +1
> 50 (18:13)
Rent:    [2, 54, 81, 98, 107]
Return:  [10, 12, 21, 24, 28, 37, 46, 50, 53, 55, 60, 74, 82, 101]
	⭕  Walk to 104 (3.9 min) 
> 104 (18:17)
Rent:    [18, 54, 81, 107]
Return:  [5, 10, 12, 21, 28, 37, 46, 47, 50, 52, 53, 55, 60, 82, 87, 101]
	⭕  Bike to 5 (1.3 min) +1
> 5 (18:18)
Rent:    [18, 54, 81, 107]
Return:  [5, 10, 12, 21, 28, 37, 46, 47, 50, 52, 53, 55, 60, 82, 87, 101]
	⭕  Walk to 33 (3.0 min) 
> 33 (18:21)
Rent:    [18, 54, 81, 107]
Return:  [5, 10, 12, 21, 28, 37, 46, 47, 50, 52, 53, 55, 60, 82, 87, 101]
	⭕  Bike to 5 (0.9 min) +1
> 5 (18:22)
Rent:    [18, 54, 81, 107]
Return:  [5, 10, 12, 21, 28, 37, 46, 47, 50, 52, 53, 55, 60, 82, 87, 101]
	⭕  Walk to 33 (3.0 min) 
> 33 (18:25)
Rent:    [18, 54, 81, 107]
Return:  [5, 10, 12, 21, 28, 37, 46, 47, 50, 52, 53, 55, 60, 82, 87, 101]
	⭕  Bike to 5 (0.9 min) +1
> 5 (18:26)
Rent:    [18, 54, 81, 107]
Return:  [5, 10, 12, 21, 28, 37, 46, 47, 50, 52, 53, 55, 60, 82, 87, 101]
	⭕  Walk to 33 (3.0 min) 
> 33 (18:29)
Rent:    [18, 54, 81, 107]
Return:  [5, 10, 12, 21, 28, 37, 46, 47, 50, 52, 53, 55, 60, 82, 87, 101]
	⭕  Bike to 5 (0.9 min) +1
> 5 (18:30)
Rent:    [18, 54, 81, 98, 107, 115]
Return:  [5, 10, 12, 21, 28, 37, 46, 47, 50, 53, 55, 60, 66, 74, 78, 82, 121]
	⭕  Walk to 8 (2.6 min) 
> 8 (18:33)
Rent:    [18, 54, 81, 98, 107, 115]
Return:  [5, 10, 12, 21, 28, 37, 46, 47, 50, 53, 55, 60, 66, 74, 78, 82, 121]
	⭕  Bike to 5 (1.9 min) +1
> 5 (18:35)
Rent:    [18, 54, 81, 98, 107, 115]
Return:  [5, 10, 12, 21, 28, 37, 46, 47, 50, 53, 55, 60, 66, 74, 78, 82, 121]
	⭕  Walk to 8 (2.6 min) 
> 8 (18:37)
Rent:    [18, 54, 81, 98, 107, 115]
Return:  [5, 10, 12, 21, 28, 37, 46, 47, 50, 53, 55, 60, 66, 74, 78, 82, 121]
	⭕  Bike to 5 (1.9 min) +1
> 5 (18:39)
Rent:    [18, 54, 81, 98, 107, 115]
Return:  [5, 10, 12, 21, 28, 37, 46, 47, 50, 53, 55, 60, 66, 74, 78, 82, 121]
	⭕  Walk to 8 (2.6 min) 
> 8 (18:42)
Rent:    [18, 54, 81, 98, 107, 115]
Return:  [5, 10, 12, 21, 28, 37, 46, 47, 50, 53, 55, 60, 66, 74, 78, 82, 121]
	⭕  Bike to 5 (1.9 min) +1
> 5 (18:44)
Rent:    [18, 54, 81, 98, 107, 115]
Return:  [5, 10, 12, 21, 28, 37, 46, 47, 50, 53, 55, 60, 66, 74, 78, 82, 121]
	⭕  Walk to 8 (2.6 min) 
> 8 (18:46)
Rent:    [18, 54, 81, 98, 106, 107, 115, 119]
Return:  [3, 5, 10, 12, 21, 28, 33, 37, 46, 47, 50, 52, 53, 55, 60, 66, 87, 121]
	⭕  Bike to 5 (1.9 min) +1
> 5 (18:48)
Rent:    [18, 54, 81, 98, 106, 107, 115, 119]
Return:  [3, 5, 10, 12, 21, 28, 33, 37, 46, 47, 50, 52, 53, 55, 60, 66, 87, 121]
	⭕  Walk to 8 (2.6 min) 
> 8 (18:51)
Rent:    [18, 54, 81, 98, 106, 107, 115, 119]
Return:  [3, 5, 10, 12, 21, 28, 33, 37, 46, 47, 50, 52, 53, 55, 60, 66, 87, 121]
	⭕  Bike to 5 (1.9 min) +1
> 5 (18:53)
Rent:    [18, 54, 81, 98, 106, 107, 115, 119]
Return:  [3, 5, 10, 12, 21, 28, 33, 37, 46, 47, 50, 52, 53, 55, 60, 66, 87, 121]
	⭕  Walk to 8 (2.6 min) 
> 8 (18:55)
Rent:    [18, 54, 81, 98, 106, 107, 115, 119]
Return:  [3, 5, 10, 12, 21, 28, 33, 37, 46, 47, 50, 52, 53, 55, 60, 66, 87, 121]
	⭕  Bike to 5 (1.9 min) +1
> 5 (18:57)
Rent:    [18, 54, 81, 98, 106, 107, 115, 119]
Return:  [3, 5, 10, 12, 21, 28, 33, 37, 46, 47, 50, 52, 53, 55, 60, 66, 87, 121]
	⭕  Walk to 8 (2.6 min) 
> 8 (19:00)
Rent:    [2, 54, 81, 98, 106, 107, 115, 119]
Return:  [3, 5, 10, 12, 20, 21, 28, 33, 37, 46, 50, 52, 53, 55, 60, 66, 82, 87, 104, 121]
	⭕  Bike to 5 (1.9 min) +1
> 5 (19:02)
Rent:    [2, 54, 81, 98, 106, 107, 115, 119]
Return:  [3, 5, 10, 12, 20, 21, 28, 33, 37, 46, 50, 52, 53, 55, 60, 66, 82, 87, 104, 121]
	⭕  Walk to 8 (2.6 min) 
> 8 (19:05)
Rent:    [2, 54, 81, 98, 106, 107, 115, 119]
Return:  [3, 5, 10, 12, 20, 21, 28, 33, 37, 46, 50, 52, 53, 55, 60, 66, 82, 87, 104, 121]
	⭕  Bike to 5 (1.9 min) +1
> 5 (19:06)
Rent:    [2, 54, 81, 98, 106, 107, 115, 119]
Return:  [3, 5, 10, 12, 20, 21, 28, 33, 37, 46, 50, 52, 53, 55, 60, 66, 82, 87, 104, 121]
	⭕  Walk to 8 (2.6 min) 
> 8 (19:09)
Rent:    [2, 54, 81, 98, 106, 107, 115, 119]
Return:  [3, 5, 10, 12, 20, 21, 28, 33, 37, 46, 50, 52, 53, 55, 60, 66, 82, 87, 104, 121]
	⭕  Bike to 5 (1.9 min) +1
> 5 (19:11)
Rent:    [2, 54, 81, 98, 106, 107, 115, 119]
Return:  [3, 5, 10, 12, 20, 21, 28, 33, 37, 46, 50, 52, 53, 55, 60, 66, 82, 87, 104, 121]
	⭕  Walk to 4 (3.8 min) 
> 4 (19:15)
Rent:    [54, 98, 106, 107, 115]
Return:  [5, 10, 12, 21, 24, 28, 33, 35, 37, 46, 50, 52, 53, 60, 66, 78, 82, 87, 121]
	⭕  Bike to 33 (1.4 min) +1
> 33 (19:16)
Rent:    [54, 98, 106, 107, 115]
Return:  [5, 10, 12, 21, 24, 28, 33, 35, 37, 46, 50, 52, 53, 60, 66, 78, 82, 87, 121]
	⭕  Walk to 4 (2.8 min) 
> 4 (19:19)
Rent:    [54, 98, 106, 107, 115]
Return:  [5, 10, 12, 21, 24, 28, 33, 35, 37, 46, 50, 52, 53, 60, 66, 78, 82, 87, 121]
	⭕  Bike to 33 (1.4 min) +1
> 33 (19:20)
Rent:    [54, 98, 106, 107, 115]
Return:  [5, 10, 12, 21, 24, 28, 33, 35, 37, 46, 50, 52, 53, 60, 66, 78, 82, 87, 121]
	⭕  Walk to 4 (2.8 min) 
> 4 (19:23)
Rent:    [54, 98, 106, 107, 115]
Return:  [5, 10, 12, 21, 24, 28, 33, 35, 37, 46, 50, 52, 53, 60, 66, 78, 82, 87, 121]
	⭕  Bike to 33 (1.4 min) +1
> 33 (19:25)
Rent:    [54, 98, 106, 107, 115]
Return:  [5, 10, 12, 21, 24, 28, 33, 35, 37, 46, 50, 52, 53, 60, 66, 78, 82, 87, 121]
	⭕  Walk to 4 (2.8 min) 
> 4 (19:27)
Rent:    [54, 98, 106, 107, 115]
Return:  [5, 10, 12, 21, 24, 28, 33, 35, 37, 46, 50, 52, 53, 60, 66, 78, 82, 87, 121]
	⭕  Bike to 33 (1.4 min) +1
> 33 (19:29)
Rent:    [54, 98, 106, 107, 115]
Return:  [5, 10, 12, 21, 24, 28, 33, 35, 37, 46, 50, 52, 53, 60, 66, 78, 82, 87, 121]
	⭕  Walk to 4 (2.8 min) 
> 4 (19:32)
Rent:    [54, 72, 98, 106, 107, 115, 119]
Return:  [5, 12, 20, 21, 24, 29, 33, 35, 37, 46, 50, 53, 60, 66, 78, 82, 87, 121]
	⭕  Bike to 33 (1.4 min) +1
> 33 (19:33)
Rent:    [54, 72, 98, 106, 107, 115, 119]
Return:  [5, 12, 20, 21, 24, 29, 33, 35, 37, 46, 50, 53, 60, 66, 78, 82, 87, 121]
	⭕  Walk to 4 (2.8 min) 
> 4 (19:36)
Rent:    [54, 72, 98, 106, 107, 115, 119]
Return:  [5, 12, 20, 21, 24, 29, 33, 35, 37, 46, 50, 53, 60, 66, 78, 82, 87, 121]
	⭕  Bike to 33 (1.4 min) +1
> 33 (19:37)
Rent:    [54, 72, 98, 106, 107, 115, 119]
Return:  [5, 12, 20, 21, 24, 29, 33, 35, 37, 46, 50, 53, 60, 66, 78, 82, 87, 121]
	⭕  Walk to 4 (2.8 min) 
> 4 (19:40)
Rent:    [54, 72, 98, 106, 107, 115, 119]
Return:  [5, 12, 20, 21, 24, 29, 33, 35, 37, 46, 50, 53, 60, 66, 78, 82, 87, 121]
	⭕  Bike to 33 (1.4 min) +1
> 33 (19:41)
Rent:    [54, 72, 98, 106, 107, 115, 119]
Return:  [5, 12, 20, 21, 24, 29, 33, 35, 37, 46, 50, 53, 60, 66, 78, 82, 87, 121]
	⭕  Walk to 4 (2.8 min) 
> 4 (19:44)
Rent:    [54, 72, 98, 106, 107, 115, 119]
Return:  [5, 12, 20, 21, 24, 29, 33, 35, 37, 46, 50, 53, 60, 66, 78, 82, 87, 121]
	⭕  Bike to 33 (1.4 min) +1
> 33 (19:46)
Rent:    [2, 18, 54, 72, 98, 106, 107, 115, 119]
Return:  [3, 5, 12, 20, 21, 24, 29, 33, 35, 37, 46, 50, 52, 53, 55, 60, 66, 82, 87, 93, 121]
	⭕  Walk to 4 (2.8 min) 
> 4 (19:48)
Rent:    [2, 18, 54, 72, 98, 106, 107, 115, 119]
Return:  [3, 5, 12, 20, 21, 24, 29, 33, 35, 37, 46, 50, 52, 53, 55, 60, 66, 82, 87, 93, 121]
	⭕  Bike to 33 (1.4 min) +1
> 33 (19:50)
Rent:    [2, 18, 54, 72, 98, 106, 107, 115, 119]
Return:  [3, 5, 12, 20, 21, 24, 29, 33, 35, 37, 46, 50, 52, 53, 55, 60, 66, 82, 87, 93, 121]
	⭕  Walk to 104 (5.0 min) 
> 104 (19:55)
Rent:    [2, 18, 54, 72, 98, 106, 107, 115, 119]
Return:  [3, 5, 12, 20, 21, 24, 29, 33, 35, 37, 46, 50, 52, 53, 55, 60, 66, 82, 87, 93, 121]
	⭕  Bike to 5 (1.3 min) +1
> 5 (19:56)
Rent:    [2, 18, 54, 72, 98, 106, 107, 115, 119]
Return:  [3, 5, 12, 20, 21, 24, 29, 33, 35, 37, 46, 50, 52, 53, 55, 60, 66, 82, 87, 93, 121]
	⭕  Walk to 103 (4.2 min) 
> 103 (20:00)
Rent:    [2, 18, 32, 57, 72, 98, 99, 106, 107, 115]
Return:  [3, 4, 5, 12, 20, 24, 28, 33, 35, 37, 46, 50, 52, 53, 55, 60, 66, 82, 87, 93, 101, 121]
	⭕  Bike to 55 (2.1 min) +1
> 55 (20:02)
Rent:    [2, 18, 32, 57, 72, 98, 99, 106, 107, 115]
Return:  [3, 4, 5, 12, 20, 24, 28, 33, 35, 37, 46, 50, 52, 53, 55, 60, 66, 82, 87, 93, 101, 121]
	⭕  Walk to 10 (3.4 min) 
> 10 (20:06)
Rent:    [2, 18, 32, 57, 72, 98, 99, 106, 107, 115]
Return:  [3, 4, 5, 12, 20, 24, 28, 33, 35, 37, 46, 50, 52, 53, 55, 60, 66, 82, 87, 93, 101, 121]
	⭕  Bike to 82 (1.7 min) +1
> 82 (20:08)
Rent:    [2, 18, 32, 57, 72, 98, 99, 106, 107, 115]
Return:  [3, 4, 5, 12, 20, 24, 28, 33, 35, 37, 46, 50, 52, 53, 55, 60, 66, 82, 87, 93, 101, 121]
	⭕  Walk to 30 (2.3 min) 
> 30 (20:10)
Rent:    [2, 18, 32, 57, 72, 98, 99, 106, 107, 115]
Return:  [3, 4, 5, 12, 20, 24, 28, 33, 35, 37, 46, 50, 52, 53, 55, 60, 66, 82, 87, 93, 101, 121]
	⭕  Bike to 87 (1.0 min) +1
> 87 (20:11)
Rent:    [2, 18, 32, 57, 72, 98, 99, 106, 107, 115]
Return:  [3, 4, 5, 12, 20, 24, 28, 33, 35, 37, 46, 50, 52, 53, 55, 60, 66, 82, 87, 93, 101, 121]
	⭕  Walk to 30 (2.6 min) 
> 30 (20:14)
Rent:    [2, 18, 32, 57, 72, 98, 99, 106, 107, 115]
Return:  [3, 4, 5, 12, 20, 24, 28, 33, 35, 37, 46, 50, 52, 53, 55, 60, 66, 82, 87, 93, 101, 121]
	⭕  Bike to 87 (1.0 min) +1
> 87 (20:15)
Rent:    [18, 32, 57, 72, 81, 98, 99, 106, 107, 115]
Return:  [3, 4, 5, 7, 8, 12, 20, 21, 24, 28, 35, 37, 46, 50, 55, 60, 64, 66, 74, 82, 87, 93, 118, 121, 124]
	⭕  Walk to 30 (2.6 min) 
> 30 (20:17)
Rent:    [18, 32, 57, 72, 81, 98, 99, 106, 107, 115]
Return:  [3, 4, 5, 7, 8, 12, 20, 21, 24, 28, 35, 37, 46, 50, 55, 60, 64, 66, 74, 82, 87, 93, 118, 121, 124]
	⭕  Bike to 87 (1.0 min) +1
> 87 (20:18)
Rent:    [18, 32, 57, 72, 81, 98, 99, 106, 107, 115]
Return:  [3, 4, 5, 7, 8, 12, 20, 21, 24, 28, 35, 37, 46, 50, 55, 60, 64, 66, 74, 82, 87, 93, 118, 121, 124]
	⭕  Walk to 47 (2.4 min) 
> 47 (20:21)
Rent:    [18, 32, 57, 72, 81, 98, 99, 106, 107, 115]
Return:  [3, 4, 5, 7, 8, 12, 20, 21, 24, 28, 35, 37, 46, 50, 55, 60, 64, 66, 74, 82, 87, 93, 118, 121, 124]
	⭕  Bike to 87 (2.0 min) +1
> 87 (20:23)
Rent:    [18, 32, 57, 72, 81, 98, 99, 106, 107, 115]
Return:  [3, 4, 5, 7, 8, 12, 20, 21, 24, 28, 35, 37, 46, 50, 55, 60, 64, 66, 74, 82, 87, 93, 118, 121, 124]
	⭕  Walk to 47 (2.4 min) 
> 47 (20:25)
Rent:    [18, 32, 57, 72, 81, 98, 99, 106, 107, 115]
Return:  [3, 4, 5, 7, 8, 12, 20, 21, 24, 28, 35, 37, 46, 50, 55, 60, 64, 66, 74, 82, 87, 93, 118, 121, 124]
	⭕  Bike to 87 (2.0 min) +1
> 87 (20:27)
Rent:    [18, 32, 57, 72, 81, 98, 99, 106, 107, 115]
Return:  [3, 4, 5, 7, 8, 12, 20, 21, 24, 28, 35, 37, 46, 50, 55, 60, 64, 66, 74, 82, 87, 93, 118, 121, 124]
	⭕  Walk to 77 (6.0 min) 
> 77 (20:33)
Rent:    [32, 57, 72, 81, 98, 106, 107, 115]
Return:  [3, 8, 12, 20, 21, 35, 37, 46, 50, 55, 60, 64, 66, 74, 82, 87, 93, 102, 121, 124]
	⭕  Bike to 82 (1.8 min) +1
> 82 (20:35)
Rent:    [32, 57, 72, 81, 98, 106, 107, 115]
Return:  [3, 8, 12, 20, 21, 35, 37, 46, 50, 55, 60, 64, 66, 74, 82, 87, 93, 102, 121, 124]
	⭕  Walk to 30 (2.3 min) 
> 30 (20:37)
Rent:    [32, 57, 72, 81, 98, 106, 107, 115]
Return:  [3, 8, 12, 20, 21, 35, 37, 46, 50, 55, 60, 64, 66, 74, 82, 87, 93, 102, 121, 124]
	⭕  Bike to 87 (1.0 min) +1
> 87 (20:38)
Rent:    [32, 57, 72, 81, 98, 106, 107, 115]
Return:  [3, 8, 12, 20, 21, 35, 37, 46, 50, 55, 60, 64, 66, 74, 82, 87, 93, 102, 121, 124]
	⭕  Walk to 47 (2.4 min) 
> 47 (20:41)
Rent:    [32, 57, 72, 81, 98, 106, 107, 115]
Return:  [3, 8, 12, 20, 21, 35, 37, 46, 50, 55, 60, 64, 66, 74, 82, 87, 93, 102, 121, 124]
	⭕  Bike to 55 (2.1 min) +1
> 55 (20:43)
Rent:    [32, 57, 72, 81, 98, 106, 107, 115]
Return:  [3, 8, 12, 20, 21, 35, 37, 46, 50, 55, 60, 64, 66, 74, 82, 87, 93, 102, 121, 124]
	⭕  Walk to 103 (3.4 min) 
> 103 (20:46)
Rent:    [18, 32, 54, 57, 72, 81, 98, 106, 107, 115]
Return:  [3, 7, 8, 11, 12, 20, 21, 28, 33, 35, 37, 46, 50, 53, 55, 60, 64, 66, 82, 87, 93, 117, 121, 124]
	⭕  Bike to 8 (2.0 min) +1
> 8 (20:48)
Rent:    [18, 32, 54, 57, 72, 81, 98, 106, 107, 115]
Return:  [3, 7, 8, 11, 12, 20, 21, 28, 33, 35, 37, 46, 50, 53, 55, 60, 64, 66, 82, 87, 93, 117, 121, 124]
	⭕  Walk to 5 (2.6 min) 
> 5 (20:51)
Rent:    [18, 32, 54, 57, 72, 81, 98, 106, 107, 115]
Return:  [3, 7, 8, 11, 12, 20, 21, 28, 33, 35, 37, 46, 50, 53, 55, 60, 64, 66, 82, 87, 93, 117, 121, 124]
	⭕  Bike to 50 (1.0 min) +1
> 50 (20:52)
Rent:    [18, 32, 54, 57, 72, 81, 98, 106, 107, 115]
Return:  [3, 7, 8, 11, 12, 20, 21, 28, 33, 35, 37, 46, 50, 53, 55, 60, 64, 66, 82, 87, 93, 117, 121, 124]
	⭕  Walk to 5 (2.5 min) 
> 5 (20:54)
Rent:    [18, 32, 54, 57, 72, 81, 98, 106, 107, 115]
Return:  [3, 7, 8, 11, 12, 20, 21, 28, 33, 35, 37, 46, 50, 53, 55, 60, 64, 66, 82, 87, 93, 117, 121, 124]
	⭕  Bike to 50 (1.0 min) +1
> 50 (20:55)
Rent:    [18, 32, 54, 57, 72, 81, 98, 106, 107, 115]
Return:  [3, 7, 8, 11, 12, 20, 21, 28, 33, 35, 37, 46, 50, 53, 55, 60, 64, 66, 82, 87, 93, 117, 121, 124]
	⭕  Walk to 104 (3.9 min) 
> 104 (20:59)
Rent:    [18, 32, 54, 57, 72, 81, 98, 106, 107, 115]
Return:  [3, 7, 8, 11, 12, 20, 21, 28, 33, 35, 37, 46, 50, 53, 55, 60, 64, 66, 82, 87, 93, 117, 121, 124]
	⭕  Bike to 50 (1.4 min) +1
> 50 (21:00)
Rent:    [2, 18, 32, 38, 54, 57, 72, 81, 95, 98, 106, 107, 115]
Return:  [0, 3, 4, 5, 7, 10, 20, 28, 30, 33, 35, 37, 46, 47, 50, 53, 55, 60, 64, 66, 82, 87, 93, 121, 124]
	⭕  Walk to 58 (4.2 min) 
> 58 (21:05)
Rent:    [2, 18, 32, 38, 54, 57, 72, 81, 95, 98, 106, 107, 115]
Return:  [0, 3, 4, 5, 7, 10, 20, 28, 30, 33, 35, 37, 46, 47, 50, 53, 55, 60, 64, 66, 82, 87, 93, 121, 124]
	⭕  Bike to 50 (1.4 min) +1
> 50 (21:06)
Rent:    [2, 18, 32, 38, 54, 57, 72, 81, 95, 98, 106, 107, 115]
Return:  [0, 3, 4, 5, 7, 10, 20, 28, 30, 33, 35, 37, 46, 47, 50, 53, 55, 60, 64, 66, 82, 87, 93, 121, 124]
	⭕  Walk to 58 (4.2 min) 
> 58 (21:10)
Rent:    [2, 18, 32, 38, 54, 57, 72, 81, 95, 98, 106, 107, 115]
Return:  [0, 3, 4, 5, 7, 10, 20, 28, 30, 33, 35, 37, 46, 47, 50, 53, 55, 60, 64, 66, 82, 87, 93, 121, 124]
	⭕  Bike to 50 (1.4 min) +1
> 50 (21:12)
Rent:    [2, 18, 32, 38, 54, 57, 72, 81, 95, 98, 106, 107, 115]
Return:  [0, 3, 4, 5, 7, 10, 20, 28, 30, 33, 35, 37, 46, 47, 50, 53, 55, 60, 64, 66, 82, 87, 93, 121, 124]
	⭕  Walk to 104 (3.9 min) 
> 104 (21:16)
Rent:    [2, 18, 32, 38, 54, 57, 72, 81, 95, 98, 106, 107, 115]
Return:  [0, 3, 4, 5, 7, 10, 20, 21, 28, 29, 33, 35, 37, 46, 50, 55, 60, 64, 66, 74, 82, 87, 93, 101, 104, 105, 121, 124]
	⭕  Bike to 5 (1.3 min) +1
> 5 (21:17)
Rent:    [2, 18, 32, 38, 54, 57, 72, 81, 95, 98, 106, 107, 115]
Return:  [0, 3, 4, 5, 7, 10, 20, 21, 28, 29, 33, 35, 37, 46, 50, 55, 60, 64, 66, 74, 82, 87, 93, 101, 104, 105, 121, 124]
	⭕  Walk to 103 (4.2 min) 
> 103 (21:21)
Rent:    [2, 18, 32, 38, 54, 57, 72, 81, 95, 98, 106, 107, 115]
Return:  [0, 3, 4, 5, 7, 10, 20, 21, 28, 29, 33, 35, 37, 46, 50, 55, 60, 64, 66, 74, 82, 87, 93, 101, 104, 105, 121, 124]
	⭕  Bike to 55 (2.1 min) +1
> 55 (21:23)
Rent:    [2, 18, 32, 38, 54, 57, 72, 81, 95, 98, 106, 107, 115]
Return:  [0, 3, 4, 5, 7, 10, 20, 21, 28, 29, 33, 35, 37, 46, 50, 55, 60, 64, 66, 74, 82, 87, 93, 101, 104, 105, 121, 124]
	⭕  Walk to 103 (3.4 min) 
> 103 (21:27)
Rent:    [2, 18, 32, 38, 54, 57, 72, 81, 95, 98, 106, 107, 115]
Return:  [0, 3, 4, 5, 7, 10, 20, 21, 28, 29, 33, 35, 37, 46, 50, 55, 60, 64, 66, 74, 82, 87, 93, 101, 104, 105, 121, 124]
	⭕  Bike to 55 (2.1 min) +1
> 55 (21:29)
Rent:    [2, 18, 32, 38, 54, 57, 72, 81, 95, 98, 106, 107, 115]
Return:  [0, 3, 4, 5, 7, 10, 20, 21, 28, 29, 33, 35, 37, 46, 50, 55, 60, 64, 66, 74, 82, 87, 93, 101, 104, 105, 121, 124]
	⭕  Walk to 103 (3.4 min) 
> 103 (21:32)
Rent:    [2, 18, 32, 38, 54, 57, 72, 81, 95, 98, 100, 106, 107, 115]
Return:  [0, 4, 5, 10, 20, 21, 28, 30, 33, 35, 37, 46, 50, 53, 55, 60, 64, 66, 74, 78, 82, 87, 93, 101, 102, 105, 118, 121, 124]
	⭕  Bike to 4 (2.3 min) +1
> 4 (21:34)
Rent:    [2, 18, 32, 38, 54, 57, 72, 81, 95, 98, 100, 106, 107, 115]
Return:  [0, 4, 5, 10, 20, 21, 28, 30, 33, 35, 37, 46, 50, 53, 55, 60, 64, 66, 74, 78, 82, 87, 93, 101, 102, 105, 118, 121, 124]
	⭕  Walk to 61 (4.4 min) 
> 61 (21:39)
Rent:    [2, 18, 32, 38, 54, 57, 72, 81, 95, 98, 100, 106, 107, 115]
Return:  [0, 4, 5, 10, 20, 21, 28, 30, 33, 35, 37, 46, 50, 53, 55, 60, 64, 66, 74, 78, 82, 87, 93, 101, 102, 105, 118, 121, 124]
	⭕  Bike to 93 (1.4 min) +1
> 93 (21:40)
Rent:    [2, 18, 32, 38, 54, 57, 72, 81, 95, 98, 100, 106, 107, 115]
Return:  [0, 4, 5, 10, 20, 21, 28, 30, 33, 35, 37, 46, 50, 53, 55, 60, 64, 66, 74, 78, 82, 87, 93, 101, 102, 105, 118, 121, 124]
	⭕  Walk to 12 (2.9 min) 
> 12 (21:43)
Rent:    [2, 18, 32, 38, 54, 57, 72, 81, 95, 98, 100, 106, 107, 115]
Return:  [0, 4, 5, 10, 20, 21, 28, 30, 33, 35, 37, 46, 50, 53, 55, 60, 64, 66, 74, 78, 82, 87, 93, 101, 102, 105, 118, 121, 124]
	⭕  Bike to 53 (2.0 min) +1
> 53 (21:45)
Rent:    [18, 32, 38, 43, 54, 57, 72, 81, 95, 98, 100, 106, 107, 115]
Return:  [0, 20, 21, 24, 28, 30, 33, 37, 46, 50, 52, 53, 55, 59, 60, 64, 66, 74, 77, 78, 82, 87, 93, 117, 118, 121, 124]
	⭕  Walk to 47 (2.7 min) 
> 47 (21:48)
Rent:    [18, 32, 38, 43, 54, 57, 72, 81, 95, 98, 100, 106, 107, 115]
Return:  [0, 20, 21, 24, 28, 30, 33, 37, 46, 50, 52, 53, 55, 59, 60, 64, 66, 74, 77, 78, 82, 87, 93, 117, 118, 121, 124]
	⭕  Bike to 53 (1.2 min) +1
> 53 (21:49)
Rent:    [18, 32, 38, 43, 54, 57, 72, 81, 95, 98, 100, 106, 107, 115]
Return:  [0, 20, 21, 24, 28, 30, 33, 37, 46, 50, 52, 53, 55, 59, 60, 64, 66, 74, 77, 78, 82, 87, 93, 117, 118, 121, 124]
	⭕  Walk to 103 (7.1 min) 
> 103 (21:56)
Rent:    [18, 32, 38, 43, 54, 57, 72, 81, 95, 98, 100, 106, 107, 115]
Return:  [0, 20, 21, 24, 28, 30, 33, 37, 46, 50, 52, 53, 55, 59, 60, 64, 66, 74, 77, 78, 82, 87, 93, 117, 118, 121, 124]
	⭕  Bike to 55 (2.1 min) +1
> 55 (21:58)
Rent:    [18, 32, 38, 43, 54, 57, 72, 81, 95, 98, 100, 106, 107, 115]
Return:  [0, 20, 21, 24, 28, 30, 33, 37, 46, 50, 52, 53, 55, 59, 60, 64, 66, 74, 77, 78, 82, 87, 93, 117, 118, 121, 124]
	⭕  Walk to 103 (3.4 min) 
> 103 (22:02)
Rent:    [2, 18, 32, 38, 43, 54, 57, 81, 95, 98, 100, 106, 107, 114, 115]
Return:  [0, 20, 21, 24, 28, 29, 30, 33, 37, 47, 50, 52, 53, 55, 60, 66, 74, 77, 82, 87, 93, 118, 121]
	⭕  Bike to 55 (2.1 min) +1
> 55 (22:04)
Rent:    [2, 18, 32, 38, 43, 54, 57, 81, 95, 98, 100, 106, 107, 114, 115]
Return:  [0, 20, 21, 24, 28, 29, 30, 33, 37, 47, 50, 52, 53, 55, 60, 66, 74, 77, 82, 87, 93, 118, 121]
	⭕  Walk to 103 (3.4 min) 
> 103 (22:07)
Rent:    [2, 18, 32, 38, 43, 54, 57, 81, 95, 98, 100, 106, 107, 114, 115]
Return:  [0, 20, 21, 24, 28, 29, 30, 33, 37, 47, 50, 52, 53, 55, 60, 66, 74, 77, 82, 87, 93, 118, 121]
	⭕  Bike to 55 (2.1 min) +1
> 55 (22:09)
Rent:    [2, 18, 32, 38, 43, 54, 57, 81, 95, 98, 100, 106, 107, 114, 115]
Return:  [0, 20, 21, 24, 28, 29, 30, 33, 37, 47, 50, 52, 53, 55, 60, 66, 74, 77, 82, 87, 93, 118, 121]
	⭕  Walk to 103 (3.4 min) 
> 103 (22:13)
Rent:    [2, 18, 32, 38, 43, 54, 57, 81, 95, 98, 100, 106, 107, 114, 115]
Return:  [0, 20, 21, 24, 28, 29, 30, 33, 37, 47, 50, 52, 53, 55, 60, 66, 74, 77, 82, 87, 93, 118, 121]
	⭕  Bike to 55 (2.1 min) +1
> 55 (22:15)
Rent:    [2, 18, 32, 38, 43, 54, 57, 72, 81, 95, 98, 99, 100, 106, 107, 114, 115]
Return:  [0, 10, 20, 21, 24, 28, 29, 30, 33, 37, 39, 47, 50, 52, 53, 55, 58, 60, 64, 66, 77, 80, 82, 88, 93, 102, 117, 118, 121, 124]
	⭕  Walk to 103 (3.4 min) 
> 103 (22:18)
Rent:    [2, 18, 32, 38, 43, 54, 57, 72, 81, 95, 98, 99, 100, 106, 107, 114, 115]
Return:  [0, 10, 20, 21, 24, 28, 29, 30, 33, 37, 39, 47, 50, 52, 53, 55, 58, 60, 64, 66, 77, 80, 82, 88, 93, 102, 117, 118, 121, 124]
	⭕  Bike to 55 (2.1 min) +1
> 55 (22:20)
Rent:    [2, 18, 32, 38, 43, 54, 57, 72, 81, 95, 98, 99, 100, 106, 107, 114, 115]
Return:  [0, 10, 20, 21, 24, 28, 29, 30, 33, 37, 39, 47, 50, 52, 53, 55, 58, 60, 64, 66, 77, 80, 82, 88, 93, 102, 117, 118, 121, 124]
	⭕  Walk to 103 (3.4 min) 
> 103 (22:24)
Rent:    [2, 18, 32, 38, 43, 54, 57, 72, 81, 95, 98, 99, 100, 106, 107, 114, 115]
Return:  [0, 10, 20, 21, 24, 28, 29, 30, 33, 37, 39, 47, 50, 52, 53, 55, 58, 60, 64, 66, 77, 80, 82, 88, 93, 102, 117, 118, 121, 124]
	⭕  Bike to 55 (2.1 min) +1
> 55 (22:26)
Rent:    [2, 18, 32, 38, 43, 54, 57, 72, 81, 95, 98, 99, 100, 106, 107, 114, 115]
Return:  [0, 10, 20, 21, 24, 28, 29, 30, 33, 37, 39, 47, 50, 52, 53, 55, 58, 60, 64, 66, 77, 80, 82, 88, 93, 102, 117, 118, 121, 124]
	⭕  Walk to 87 (4.7 min) 
> 87 (22:30)
Rent:    [2, 18, 32, 38, 43, 54, 57, 72, 81, 95, 98, 100, 106, 107, 114, 115]
Return:  [4, 8, 10, 12, 20, 21, 24, 28, 29, 30, 33, 37, 39, 47, 50, 52, 53, 55, 58, 60, 66, 74, 77, 80, 82, 88, 92, 93, 102, 104, 105, 121, 124]
	⭕  Bike to 53 (0.6 min) +1
> 53 (22:31)
Rent:    [2, 18, 32, 38, 43, 54, 57, 72, 81, 95, 98, 100, 106, 107, 114, 115]
Return:  [4, 8, 10, 12, 20, 21, 24, 28, 29, 30, 33, 37, 39, 47, 50, 52, 53, 55, 58, 60, 66, 74, 77, 80, 82, 88, 92, 93, 102, 104, 105, 121, 124]
	⭕  Walk to 103 (7.1 min) 
> 103 (22:38)
Rent:    [2, 18, 32, 38, 43, 54, 57, 72, 81, 95, 98, 100, 106, 107, 114, 115]
Return:  [4, 8, 10, 12, 20, 21, 24, 28, 29, 30, 33, 37, 39, 47, 50, 52, 53, 55, 58, 60, 66, 74, 77, 80, 82, 88, 92, 93, 102, 104, 105, 121, 124]
	⭕  Bike to 8 (2.0 min) +1
> 8 (22:40)
Rent:    [2, 18, 32, 38, 43, 54, 57, 72, 81, 95, 98, 100, 106, 107, 114, 115]
Return:  [4, 8, 10, 12, 20, 21, 24, 28, 29, 30, 33, 37, 39, 47, 50, 52, 53, 55, 58, 60, 66, 74, 77, 80, 82, 88, 92, 93, 102, 104, 105, 121, 124]
	⭕  Walk to 5 (2.6 min) 
> 5 (22:43)
Rent:    [2, 18, 32, 38, 43, 54, 57, 72, 81, 95, 98, 100, 106, 107, 114, 115]
Return:  [4, 8, 10, 12, 20, 21, 24, 28, 29, 30, 33, 37, 39, 47, 50, 52, 53, 55, 58, 60, 66, 74, 77, 80, 82, 88, 92, 93, 102, 104, 105, 121, 124]
	⭕  Bike to 50 (1.0 min) +1
> 50 (22:44)
Rent:    [2, 18, 32, 38, 43, 54, 57, 72, 81, 95, 98, 100, 106, 107, 114, 115]
Return:  [4, 8, 10, 12, 20, 21, 24, 28, 29, 30, 33, 37, 39, 47, 50, 52, 53, 55, 58, 60, 66, 74, 77, 80, 82, 88, 92, 93, 102, 104, 105, 121, 124]
	⭕  Walk to 5 (2.5 min) 
> 5 (22:46)
Rent:    [2, 18, 32, 38, 43, 54, 57, 72, 95, 98, 99, 100, 106, 107, 114, 115]
Return:  [0, 3, 10, 20, 21, 24, 28, 29, 30, 33, 37, 50, 52, 53, 55, 58, 60, 64, 66, 74, 77, 80, 82, 88, 92, 93, 104, 105, 118, 121, 124]
	⭕  Bike to 50 (1.0 min) +1
> 50 (22:47)
Rent:    [2, 18, 32, 38, 43, 54, 57, 72, 95, 98, 99, 100, 106, 107, 114, 115]
Return:  [0, 3, 10, 20, 21, 24, 28, 29, 30, 33, 37, 50, 52, 53, 55, 58, 60, 64, 66, 74, 77, 80, 82, 88, 92, 93, 104, 105, 118, 121, 124]
	⭕  Walk to 5 (2.5 min) 
> 5 (22:50)
Rent:    [2, 18, 32, 38, 43, 54, 57, 72, 95, 98, 99, 100, 106, 107, 114, 115]
Return:  [0, 3, 10, 20, 21, 24, 28, 29, 30, 33, 37, 50, 52, 53, 55, 58, 60, 64, 66, 74, 77, 80, 82, 88, 92, 93, 104, 105, 118, 121, 124]
	⭕  Bike to 50 (1.0 min) +1
> 50 (22:51)
Rent:    [2, 18, 32, 38, 43, 54, 57, 72, 95, 98, 99, 100, 106, 107, 114, 115]
Return:  [0, 3, 10, 20, 21, 24, 28, 29, 30, 33, 37, 50, 52, 53, 55, 58, 60, 64, 66, 74, 77, 80, 82, 88, 92, 93, 104, 105, 118, 121, 124]
	🔵  End excursion
	⭕  Walk to 5 (2.5 min) 
> 5 (22:53)

---------- Excursion Complete ----------
End time: 22:53
Final station: 5
Bike count: 89
Walk count: 89
Wait count: 0
Total reward: 89
Seed: 2946479509

