Generated random seed: 4061151579
---------- Starting Excursion -----------
Warmup time: 4.0 hours
Start time: 16:00 
Excursion time: 7.0 hours

> 1 (16:00)
Rent:    [32, 54, 107]
Return:  [10, 28, 35, 37, 55, 58, 60, 61, 80, 82, 87, 117]
	⭕  Bike to 87 (3.9 min) +1
> 87 (16:03)
Rent:    [32, 54, 107]
Return:  [10, 28, 35, 37, 55, 58, 60, 61, 80, 82, 87, 117]
	⭕  Walk to 53 (1.6 min) 
> 53 (16:05)
Rent:    [32, 54, 107]
Return:  [10, 28, 35, 37, 55, 58, 60, 61, 80, 82, 87, 117]
	⭕  Bike to 87 (0.9 min) +1
> 87 (16:06)
Rent:    [32, 54, 107]
Return:  [10, 28, 35, 37, 55, 58, 60, 61, 80, 82, 87, 117]
	⭕  Walk to 53 (1.6 min) 
> 53 (16:07)
Rent:    [32, 54, 107]
Return:  [10, 28, 35, 37, 55, 58, 60, 61, 80, 82, 87, 117]
	⭕  Bike to 87 (0.9 min) +1
> 87 (16:08)
Rent:    [32, 54, 107]
Return:  [10, 28, 35, 37, 55, 58, 60, 61, 80, 82, 87, 117]
	⭕  Walk to 53 (1.6 min) 
> 53 (16:10)
Rent:    [32, 54, 107]
Return:  [10, 28, 35, 37, 55, 58, 60, 61, 80, 82, 87, 117]
	⭕  Bike to 87 (0.9 min) +1
> 87 (16:11)
Rent:    [32, 54, 107]
Return:  [10, 28, 35, 37, 55, 58, 60, 61, 80, 82, 87, 117]
	⭕  Walk to 30 (2.6 min) 
> 30 (16:14)
Rent:    [32, 54, 107]
Return:  [10, 28, 35, 37, 55, 58, 60, 61, 80, 82, 87, 117]
	⭕  Bike to 87 (1.0 min) +1
> 87 (16:15)
Rent:    [2, 32, 54, 107]
Return:  [10, 28, 35, 37, 46, 50, 55, 60, 61, 80, 82, 87, 92, 101, 117]
	⭕  Walk to 30 (2.6 min) 
> 30 (16:17)
Rent:    [2, 32, 54, 107]
Return:  [10, 28, 35, 37, 46, 50, 55, 60, 61, 80, 82, 87, 92, 101, 117]
	⭕  Bike to 87 (1.0 min) +1
> 87 (16:18)
Rent:    [2, 32, 54, 107]
Return:  [10, 28, 35, 37, 46, 50, 55, 60, 61, 80, 82, 87, 92, 101, 117]
	⭕  Walk to 30 (2.6 min) 
> 30 (16:21)
Rent:    [2, 32, 54, 107]
Return:  [10, 28, 35, 37, 46, 50, 55, 60, 61, 80, 82, 87, 92, 101, 117]
	⭕  Bike to 87 (1.0 min) +1
> 87 (16:22)
Rent:    [2, 32, 54, 107]
Return:  [10, 28, 35, 37, 46, 50, 55, 60, 61, 80, 82, 87, 92, 101, 117]
	⭕  Walk to 30 (2.6 min) 
> 30 (16:25)
Rent:    [2, 32, 54, 107]
Return:  [10, 28, 35, 37, 46, 50, 55, 60, 61, 80, 82, 87, 92, 101, 117]
	⭕  Bike to 87 (1.0 min) +1
> 87 (16:26)
Rent:    [2, 32, 54, 107]
Return:  [10, 28, 35, 37, 46, 50, 55, 60, 61, 80, 82, 87, 92, 101, 117]
	⭕  Walk to 30 (2.6 min) 
> 30 (16:28)
Rent:    [2, 32, 54, 107]
Return:  [10, 28, 35, 37, 46, 50, 55, 60, 61, 80, 82, 87, 92, 101, 117]
	⭕  Bike to 87 (1.0 min) +1
> 87 (16:29)
Rent:    [2, 32, 54, 107]
Return:  [10, 28, 35, 37, 46, 50, 55, 60, 61, 80, 82, 87, 92, 101, 117]
	⭕  Walk to 47 (2.4 min) 
> 47 (16:32)
Rent:    [32, 54, 107]
Return:  [10, 19, 28, 35, 37, 50, 53, 55, 58, 60, 80, 82, 87, 92, 101, 117]
	⭕  Bike to 53 (1.2 min) +1
> 53 (16:33)
Rent:    [32, 54, 107]
Return:  [10, 19, 28, 35, 37, 50, 53, 55, 58, 60, 80, 82, 87, 92, 101, 117]
	⭕  Walk to 12 (3.4 min) 
> 12 (16:36)
Rent:    [32, 54, 107]
Return:  [10, 19, 28, 35, 37, 50, 53, 55, 58, 60, 80, 82, 87, 92, 101, 117]
	⭕  Bike to 53 (2.0 min) +1
> 53 (16:38)
Rent:    [32, 54, 107]
Return:  [10, 19, 28, 35, 37, 50, 53, 55, 58, 60, 80, 82, 87, 92, 101, 117]
	⭕  Walk to 12 (3.4 min) 
> 12 (16:42)
Rent:    [32, 54, 107]
Return:  [10, 19, 28, 35, 37, 50, 53, 55, 58, 60, 80, 82, 87, 92, 101, 117]
	⭕  Bike to 53 (2.0 min) +1
> 53 (16:44)
Rent:    [32, 54, 107]
Return:  [10, 19, 28, 35, 37, 50, 53, 55, 58, 60, 80, 82, 87, 92, 101, 117]
	⭕  Walk to 12 (3.4 min) 
> 12 (16:47)
Rent:    [2, 32, 54, 107]
Return:  [5, 9, 10, 19, 28, 30, 37, 46, 47, 50, 53, 55, 58, 60, 61, 80, 82, 87, 92, 101, 117, 121]
	⭕  Bike to 53 (2.0 min) +1
> 53 (16:49)
Rent:    [2, 32, 54, 107]
Return:  [5, 9, 10, 19, 28, 30, 37, 46, 47, 50, 53, 55, 58, 60, 61, 80, 82, 87, 92, 101, 117, 121]
	⭕  Walk to 12 (3.4 min) 
> 12 (16:53)
Rent:    [2, 32, 54, 107]
Return:  [5, 9, 10, 19, 28, 30, 37, 46, 47, 50, 53, 55, 58, 60, 61, 80, 82, 87, 92, 101, 117, 121]
	⭕  Bike to 53 (2.0 min) +1
> 53 (16:55)
Rent:    [2, 32, 54, 107]
Return:  [5, 9, 10, 19, 28, 30, 37, 46, 47, 50, 53, 55, 58, 60, 61, 80, 82, 87, 92, 101, 117, 121]
	⭕  Walk to 12 (3.4 min) 
> 12 (16:58)
Rent:    [2, 32, 54, 107]
Return:  [5, 9, 10, 19, 28, 30, 37, 46, 47, 50, 53, 55, 58, 60, 61, 80, 82, 87, 92, 101, 117, 121]
	⭕  Bike to 53 (2.0 min) +1
> 53 (17:00)
Rent:    [2, 32, 54, 100, 107]
Return:  [3, 5, 10, 19, 28, 35, 37, 46, 47, 50, 53, 55, 60, 61, 80, 82, 87, 92, 117, 121]
	⭕  Walk to 12 (3.4 min) 
> 12 (17:03)
Rent:    [2, 32, 54, 100, 107]
Return:  [3, 5, 10, 19, 28, 35, 37, 46, 47, 50, 53, 55, 60, 61, 80, 82, 87, 92, 117, 121]
	⭕  Bike to 53 (2.0 min) +1
> 53 (17:05)
Rent:    [2, 32, 54, 100, 107]
Return:  [3, 5, 10, 19, 28, 35, 37, 46, 47, 50, 53, 55, 60, 61, 80, 82, 87, 92, 117, 121]
	⭕  Walk to 12 (3.4 min) 
> 12 (17:09)
Rent:    [2, 32, 54, 100, 107]
Return:  [3, 5, 10, 19, 28, 35, 37, 46, 47, 50, 53, 55, 60, 61, 80, 82, 87, 92, 117, 121]
	⭕  Bike to 53 (2.0 min) +1
> 53 (17:11)
Rent:    [2, 32, 54, 100, 107]
Return:  [3, 5, 10, 19, 28, 35, 37, 46, 47, 50, 53, 55, 60, 61, 80, 82, 87, 92, 117, 121]
	⭕  Walk to 12 (3.4 min) 
> 12 (17:14)
Rent:    [2, 32, 54, 100, 107]
Return:  [3, 5, 10, 19, 28, 35, 37, 46, 47, 50, 53, 55, 60, 61, 80, 82, 87, 92, 117, 121]
	⭕  Bike to 53 (2.0 min) +1
> 53 (17:16)
Rent:    [2, 32, 54, 72, 100, 107, 111, 115]
Return:  [3, 9, 10, 19, 28, 35, 37, 46, 47, 50, 53, 55, 60, 80, 82, 87, 92, 117, 121]
	⭕  Walk to 93 (6.2 min) 
> 93 (17:23)
Rent:    [2, 32, 54, 72, 100, 107, 111, 115]
Return:  [3, 9, 10, 19, 28, 35, 37, 46, 47, 50, 53, 55, 60, 80, 82, 87, 92, 117, 121]
	⭕  Bike to 55 (1.7 min) +1
> 55 (17:24)
Rent:    [2, 32, 54, 72, 100, 107, 111, 115]
Return:  [3, 9, 10, 19, 28, 35, 37, 46, 47, 50, 53, 55, 60, 80, 82, 87, 92, 117, 121]
	⭕  Walk to 103 (3.4 min) 
> 103 (17:28)
Rent:    [2, 32, 54, 72, 100, 107, 111, 115]
Return:  [3, 9, 10, 19, 28, 35, 37, 46, 47, 50, 53, 55, 60, 80, 82, 87, 92, 117, 121]
	⭕  Bike to 55 (2.1 min) +1
> 55 (17:30)
Rent:    [2, 32, 54, 72, 81, 100, 107, 111, 115]
Return:  [10, 12, 19, 28, 30, 35, 37, 46, 47, 50, 55, 60, 80, 82, 87, 92, 117, 121]
	⭕  Walk to 103 (3.4 min) 
> 103 (17:33)
Rent:    [2, 32, 54, 72, 81, 100, 107, 111, 115]
Return:  [10, 12, 19, 28, 30, 35, 37, 46, 47, 50, 55, 60, 80, 82, 87, 92, 117, 121]
	⭕  Bike to 55 (2.1 min) +1
> 55 (17:35)
Rent:    [2, 32, 54, 72, 81, 100, 107, 111, 115]
Return:  [10, 12, 19, 28, 30, 35, 37, 46, 47, 50, 55, 60, 80, 82, 87, 92, 117, 121]
	⭕  Walk to 103 (3.4 min) 
> 103 (17:39)
Rent:    [2, 32, 54, 72, 81, 100, 107, 111, 115]
Return:  [10, 12, 19, 28, 30, 35, 37, 46, 47, 50, 55, 60, 80, 82, 87, 92, 117, 121]
	⭕  Bike to 55 (2.1 min) +1
> 55 (17:41)
Rent:    [2, 32, 54, 72, 81, 100, 107, 111, 115]
Return:  [10, 12, 19, 28, 30, 35, 37, 46, 47, 50, 55, 60, 80, 82, 87, 92, 117, 121]
	⭕  Walk to 103 (3.4 min) 
> 103 (17:44)
Rent:    [2, 32, 54, 72, 81, 100, 107, 111, 115]
Return:  [10, 12, 19, 28, 30, 35, 37, 46, 47, 50, 55, 60, 80, 82, 87, 92, 117, 121]
	⭕  Bike to 55 (2.1 min) +1
> 55 (17:46)
Rent:    [2, 32, 54, 72, 100, 107, 111, 115]
Return:  [9, 10, 12, 28, 30, 35, 37, 46, 47, 50, 53, 55, 60, 61, 64, 80, 82, 87, 92, 117, 121]
	⭕  Walk to 103 (3.4 min) 
> 103 (17:50)
Rent:    [2, 32, 54, 72, 100, 107, 111, 115]
Return:  [9, 10, 12, 28, 30, 35, 37, 46, 47, 50, 53, 55, 60, 61, 64, 80, 82, 87, 92, 117, 121]
	⭕  Bike to 55 (2.1 min) +1
> 55 (17:52)
Rent:    [2, 32, 54, 72, 100, 107, 111, 115]
Return:  [9, 10, 12, 28, 30, 35, 37, 46, 47, 50, 53, 55, 60, 61, 64, 80, 82, 87, 92, 117, 121]
	⭕  Walk to 103 (3.4 min) 
> 103 (17:55)
Rent:    [2, 32, 54, 72, 100, 107, 111, 115]
Return:  [9, 10, 12, 28, 30, 35, 37, 46, 47, 50, 53, 55, 60, 61, 64, 80, 82, 87, 92, 117, 121]
	⭕  Bike to 61 (2.8 min) +1
> 61 (17:58)
Rent:    [2, 32, 54, 72, 100, 107, 111, 115]
Return:  [9, 10, 12, 28, 30, 35, 37, 46, 47, 50, 53, 55, 60, 61, 64, 80, 82, 87, 92, 117, 121]
	⭕  Walk to 4 (4.4 min) 
> 4 (18:02)
Rent:    [2, 32, 54, 57, 72, 81, 98, 100, 107, 115]
Return:  [9, 10, 19, 24, 28, 30, 35, 37, 46, 50, 53, 55, 60, 61, 64, 80, 82, 87, 92, 93, 117, 121]
	⭕  Bike to 50 (2.2 min) +1
> 50 (18:05)
Rent:    [2, 32, 54, 57, 72, 81, 98, 100, 107, 115]
Return:  [9, 10, 19, 24, 28, 30, 35, 37, 46, 50, 53, 55, 60, 61, 64, 80, 82, 87, 92, 93, 117, 121]
	⭕  Walk to 5 (2.5 min) 
> 5 (18:07)
Rent:    [2, 32, 54, 57, 72, 81, 98, 100, 107, 115]
Return:  [9, 10, 19, 24, 28, 30, 35, 37, 46, 50, 53, 55, 60, 61, 64, 80, 82, 87, 92, 93, 117, 121]
	⭕  Bike to 50 (1.0 min) +1
> 50 (18:08)
Rent:    [2, 32, 54, 57, 72, 81, 98, 100, 107, 115]
Return:  [9, 10, 19, 24, 28, 30, 35, 37, 46, 50, 53, 55, 60, 61, 64, 80, 82, 87, 92, 93, 117, 121]
	⭕  Walk to 5 (2.5 min) 
> 5 (18:11)
Rent:    [2, 32, 54, 57, 72, 81, 98, 100, 107, 115]
Return:  [9, 10, 19, 24, 28, 30, 35, 37, 46, 50, 53, 55, 60, 61, 64, 80, 82, 87, 92, 93, 117, 121]
	⭕  Bike to 50 (1.0 min) +1
> 50 (18:12)
Rent:    [2, 32, 54, 57, 72, 81, 98, 100, 107, 115]
Return:  [9, 10, 19, 24, 28, 30, 35, 37, 46, 50, 53, 55, 60, 61, 64, 80, 82, 87, 92, 93, 117, 121]
	⭕  Walk to 5 (2.5 min) 
> 5 (18:14)
Rent:    [2, 32, 54, 57, 72, 81, 98, 100, 107, 115]
Return:  [9, 10, 19, 24, 28, 30, 35, 37, 46, 50, 53, 55, 60, 61, 64, 80, 82, 87, 92, 93, 117, 121]
	⭕  Bike to 50 (1.0 min) +1
> 50 (18:15)
Rent:    [32, 54, 57, 81, 100, 107, 111, 115]
Return:  [0, 3, 9, 10, 19, 24, 28, 30, 35, 37, 46, 50, 53, 55, 60, 61, 64, 66, 77, 80, 82, 87, 88, 92, 93, 121]
	⭕  Walk to 5 (2.5 min) 
> 5 (18:18)
Rent:    [32, 54, 57, 81, 100, 107, 111, 115]
Return:  [0, 3, 9, 10, 19, 24, 28, 30, 35, 37, 46, 50, 53, 55, 60, 61, 64, 66, 77, 80, 82, 87, 88, 92, 93, 121]
	⭕  Bike to 50 (1.0 min) +1
> 50 (18:19)
Rent:    [32, 54, 57, 81, 100, 107, 111, 115]
Return:  [0, 3, 9, 10, 19, 24, 28, 30, 35, 37, 46, 50, 53, 55, 60, 61, 64, 66, 77, 80, 82, 87, 88, 92, 93, 121]
	⭕  Walk to 104 (3.9 min) 
> 104 (18:22)
Rent:    [32, 54, 57, 81, 100, 107, 111, 115]
Return:  [0, 3, 9, 10, 19, 24, 28, 30, 35, 37, 46, 50, 53, 55, 60, 61, 64, 66, 77, 80, 82, 87, 88, 92, 93, 121]
	⭕  Bike to 50 (1.4 min) +1
> 50 (18:24)
Rent:    [32, 54, 57, 81, 100, 107, 111, 115]
Return:  [0, 3, 9, 10, 19, 24, 28, 30, 35, 37, 46, 50, 53, 55, 60, 61, 64, 66, 77, 80, 82, 87, 88, 92, 93, 121]
	⭕  Walk to 104 (3.9 min) 
> 104 (18:28)
Rent:    [32, 54, 57, 81, 100, 107, 111, 115]
Return:  [0, 3, 9, 10, 19, 24, 28, 30, 35, 37, 46, 50, 53, 55, 60, 61, 64, 66, 77, 80, 82, 87, 88, 92, 93, 121]
	⭕  Bike to 50 (1.4 min) +1
> 50 (18:29)
Rent:    [32, 54, 57, 81, 100, 107, 111, 115]
Return:  [0, 3, 9, 10, 19, 24, 28, 30, 35, 37, 46, 50, 53, 55, 60, 61, 64, 66, 77, 80, 82, 87, 88, 92, 93, 121]
	⭕  Walk to 104 (3.9 min) 
> 104 (18:33)
Rent:    [2, 32, 44, 54, 57, 98, 100, 107, 111, 115]
Return:  [0, 3, 5, 9, 10, 19, 24, 28, 30, 35, 37, 45, 46, 50, 53, 55, 58, 60, 61, 64, 66, 77, 80, 82, 87, 88, 92, 121, 123]
	⭕  Bike to 5 (1.3 min) +1
> 5 (18:34)
Rent:    [2, 32, 44, 54, 57, 98, 100, 107, 111, 115]
Return:  [0, 3, 5, 9, 10, 19, 24, 28, 30, 35, 37, 45, 46, 50, 53, 55, 58, 60, 61, 64, 66, 77, 80, 82, 87, 88, 92, 121, 123]
	⭕  Walk to 33 (3.0 min) 
> 33 (18:37)
Rent:    [2, 32, 44, 54, 57, 98, 100, 107, 111, 115]
Return:  [0, 3, 5, 9, 10, 19, 24, 28, 30, 35, 37, 45, 46, 50, 53, 55, 58, 60, 61, 64, 66, 77, 80, 82, 87, 88, 92, 121, 123]
	⭕  Bike to 5 (0.9 min) +1
> 5 (18:38)
Rent:    [2, 32, 44, 54, 57, 98, 100, 107, 111, 115]
Return:  [0, 3, 5, 9, 10, 19, 24, 28, 30, 35, 37, 45, 46, 50, 53, 55, 58, 60, 61, 64, 66, 77, 80, 82, 87, 88, 92, 121, 123]
	⭕  Walk to 33 (3.0 min) 
> 33 (18:41)
Rent:    [2, 32, 44, 54, 57, 98, 100, 107, 111, 115]
Return:  [0, 3, 5, 9, 10, 19, 24, 28, 30, 35, 37, 45, 46, 50, 53, 55, 58, 60, 61, 64, 66, 77, 80, 82, 87, 88, 92, 121, 123]
	⭕  Bike to 5 (0.9 min) +1
> 5 (18:42)
Rent:    [2, 32, 44, 54, 57, 98, 100, 107, 111, 115]
Return:  [0, 3, 5, 9, 10, 19, 24, 28, 30, 35, 37, 45, 46, 50, 53, 55, 58, 60, 61, 64, 66, 77, 80, 82, 87, 88, 92, 121, 123]
	⭕  Walk to 33 (3.0 min) 
> 33 (18:45)
Rent:    [2, 32, 44, 54, 57, 72, 81, 98, 100, 107, 111, 115]
Return:  [0, 3, 5, 19, 22, 24, 28, 37, 45, 46, 50, 53, 55, 58, 60, 61, 64, 66, 77, 80, 82, 87, 88, 92, 93, 104, 121]
	⭕  Bike to 5 (0.9 min) +1
> 5 (18:46)
Rent:    [2, 32, 44, 54, 57, 72, 81, 98, 100, 107, 111, 115]
Return:  [0, 3, 5, 19, 22, 24, 28, 37, 45, 46, 50, 53, 55, 58, 60, 61, 64, 66, 77, 80, 82, 87, 88, 92, 93, 104, 121]
	⭕  Walk to 33 (3.0 min) 
> 33 (18:49)
Rent:    [2, 32, 44, 54, 57, 72, 81, 98, 100, 107, 111, 115]
Return:  [0, 3, 5, 19, 22, 24, 28, 37, 45, 46, 50, 53, 55, 58, 60, 61, 64, 66, 77, 80, 82, 87, 88, 92, 93, 104, 121]
	⭕  Bike to 5 (0.9 min) +1
> 5 (18:50)
Rent:    [2, 32, 44, 54, 57, 72, 81, 98, 100, 107, 111, 115]
Return:  [0, 3, 5, 19, 22, 24, 28, 37, 45, 46, 50, 53, 55, 58, 60, 61, 64, 66, 77, 80, 82, 87, 88, 92, 93, 104, 121]
	⭕  Walk to 33 (3.0 min) 
> 33 (18:53)
Rent:    [2, 32, 44, 54, 57, 72, 81, 98, 100, 107, 111, 115]
Return:  [0, 3, 5, 19, 22, 24, 28, 37, 45, 46, 50, 53, 55, 58, 60, 61, 64, 66, 77, 80, 82, 87, 88, 92, 93, 104, 121]
	⭕  Bike to 5 (0.9 min) +1
> 5 (18:54)
Rent:    [2, 32, 44, 54, 57, 72, 81, 98, 100, 107, 111, 115]
Return:  [0, 3, 5, 19, 22, 24, 28, 37, 45, 46, 50, 53, 55, 58, 60, 61, 64, 66, 77, 80, 82, 87, 88, 92, 93, 104, 121]
	⭕  Walk to 33 (3.0 min) 
> 33 (18:57)
Rent:    [2, 32, 44, 54, 57, 72, 81, 98, 100, 107, 111, 115]
Return:  [0, 3, 5, 19, 22, 24, 28, 37, 45, 46, 50, 53, 55, 58, 60, 61, 64, 66, 77, 80, 82, 87, 88, 92, 93, 104, 121]
	⭕  Bike to 5 (0.9 min) +1
> 5 (18:58)
Rent:    [2, 32, 44, 54, 57, 72, 81, 98, 100, 107, 111, 115]
Return:  [0, 3, 5, 19, 22, 24, 28, 37, 45, 46, 50, 53, 55, 58, 60, 61, 64, 66, 77, 80, 82, 87, 88, 92, 93, 104, 121]
	⭕  Walk to 33 (3.0 min) 
> 33 (19:01)
Rent:    [32, 44, 54, 57, 72, 98, 100, 107, 111, 115]
Return:  [0, 3, 5, 10, 11, 24, 28, 30, 37, 45, 46, 50, 53, 55, 60, 61, 64, 66, 77, 80, 82, 87, 88, 92, 93, 102, 104, 121, 123]
	⭕  Bike to 5 (0.9 min) +1
> 5 (19:02)
Rent:    [32, 44, 54, 57, 72, 98, 100, 107, 111, 115]
Return:  [0, 3, 5, 10, 11, 24, 28, 30, 37, 45, 46, 50, 53, 55, 60, 61, 64, 66, 77, 80, 82, 87, 88, 92, 93, 102, 104, 121, 123]
	⭕  Walk to 33 (3.0 min) 
> 33 (19:05)
Rent:    [32, 44, 54, 57, 72, 98, 100, 107, 111, 115]
Return:  [0, 3, 5, 10, 11, 24, 28, 30, 37, 45, 46, 50, 53, 55, 60, 61, 64, 66, 77, 80, 82, 87, 88, 92, 93, 102, 104, 121, 123]
	⭕  Bike to 5 (0.9 min) +1
> 5 (19:06)
Rent:    [32, 44, 54, 57, 72, 98, 100, 107, 111, 115]
Return:  [0, 3, 5, 10, 11, 24, 28, 30, 37, 45, 46, 50, 53, 55, 60, 61, 64, 66, 77, 80, 82, 87, 88, 92, 93, 102, 104, 121, 123]
	⭕  Walk to 8 (2.6 min) 
> 8 (19:09)
Rent:    [32, 44, 54, 57, 72, 98, 100, 107, 111, 115]
Return:  [0, 3, 5, 10, 11, 24, 28, 30, 37, 45, 46, 50, 53, 55, 60, 61, 64, 66, 77, 80, 82, 87, 88, 92, 93, 102, 104, 121, 123]
	⭕  Bike to 5 (1.9 min) +1
> 5 (19:11)
Rent:    [32, 44, 54, 57, 72, 98, 100, 107, 111, 115]
Return:  [0, 3, 5, 10, 11, 24, 28, 30, 37, 45, 46, 50, 53, 55, 60, 61, 64, 66, 77, 80, 82, 87, 88, 92, 93, 102, 104, 121, 123]
	⭕  Walk to 8 (2.6 min) 
> 8 (19:13)
Rent:    [32, 44, 54, 57, 72, 98, 100, 107, 111, 115]
Return:  [0, 3, 5, 10, 11, 24, 28, 30, 37, 45, 46, 50, 53, 55, 60, 61, 64, 66, 77, 80, 82, 87, 88, 92, 93, 102, 104, 121, 123]
	⭕  Bike to 5 (1.9 min) +1
> 5 (19:15)
Rent:    [32, 44, 54, 57, 72, 79, 98, 100, 107, 111, 115]
Return:  [0, 3, 5, 10, 24, 27, 28, 30, 37, 45, 46, 50, 53, 55, 60, 64, 66, 77, 80, 82, 87, 88, 92, 93, 102, 104, 121, 123]
	⭕  Walk to 8 (2.6 min) 
> 8 (19:18)
Rent:    [32, 44, 54, 57, 72, 79, 98, 100, 107, 111, 115]
Return:  [0, 3, 5, 10, 24, 27, 28, 30, 37, 45, 46, 50, 53, 55, 60, 64, 66, 77, 80, 82, 87, 88, 92, 93, 102, 104, 121, 123]
	⭕  Bike to 5 (1.9 min) +1
> 5 (19:20)
Rent:    [32, 44, 54, 57, 72, 79, 98, 100, 107, 111, 115]
Return:  [0, 3, 5, 10, 24, 27, 28, 30, 37, 45, 46, 50, 53, 55, 60, 64, 66, 77, 80, 82, 87, 88, 92, 93, 102, 104, 121, 123]
	⭕  Walk to 8 (2.6 min) 
> 8 (19:22)
Rent:    [32, 44, 54, 57, 72, 79, 98, 100, 107, 111, 115]
Return:  [0, 3, 5, 10, 24, 27, 28, 30, 37, 45, 46, 50, 53, 55, 60, 64, 66, 77, 80, 82, 87, 88, 92, 93, 102, 104, 121, 123]
	⭕  Bike to 5 (1.9 min) +1
> 5 (19:24)
Rent:    [32, 44, 54, 57, 72, 79, 98, 100, 107, 111, 115]
Return:  [0, 3, 5, 10, 24, 27, 28, 30, 37, 45, 46, 50, 53, 55, 60, 64, 66, 77, 80, 82, 87, 88, 92, 93, 102, 104, 121, 123]
	⭕  Walk to 33 (3.0 min) 
> 33 (19:27)
Rent:    [32, 44, 54, 57, 72, 79, 98, 100, 107, 111, 115]
Return:  [0, 3, 5, 10, 24, 27, 28, 30, 37, 45, 46, 50, 53, 55, 60, 64, 66, 77, 80, 82, 87, 88, 92, 93, 102, 104, 121, 123]
	⭕  Bike to 5 (0.9 min) +1
> 5 (19:28)
Rent:    [32, 44, 54, 57, 72, 79, 98, 100, 107, 111, 115]
Return:  [0, 3, 5, 10, 24, 27, 28, 30, 37, 45, 46, 50, 53, 55, 60, 64, 66, 77, 80, 82, 87, 88, 92, 93, 102, 104, 121, 123]
	⭕  Walk to 8 (2.6 min) 
> 8 (19:31)
Rent:    [32, 44, 54, 57, 72, 98, 100, 107, 111, 115]
Return:  [0, 3, 5, 10, 11, 24, 27, 28, 33, 37, 46, 50, 53, 55, 60, 61, 64, 66, 77, 80, 82, 87, 88, 92, 93, 102, 104, 123]
	⭕  Bike to 5 (1.9 min) +1
> 5 (19:33)
Rent:    [32, 44, 54, 57, 72, 98, 100, 107, 111, 115]
Return:  [0, 3, 5, 10, 11, 24, 27, 28, 33, 37, 46, 50, 53, 55, 60, 61, 64, 66, 77, 80, 82, 87, 88, 92, 93, 102, 104, 123]
	⭕  Walk to 8 (2.6 min) 
> 8 (19:36)
Rent:    [32, 44, 54, 57, 72, 98, 100, 107, 111, 115]
Return:  [0, 3, 5, 10, 11, 24, 27, 28, 33, 37, 46, 50, 53, 55, 60, 61, 64, 66, 77, 80, 82, 87, 88, 92, 93, 102, 104, 123]
	⭕  Bike to 5 (1.9 min) +1
> 5 (19:37)
Rent:    [32, 44, 54, 57, 72, 98, 100, 107, 111, 115]
Return:  [0, 3, 5, 10, 11, 24, 27, 28, 33, 37, 46, 50, 53, 55, 60, 61, 64, 66, 77, 80, 82, 87, 88, 92, 93, 102, 104, 123]
	⭕  Walk to 8 (2.6 min) 
> 8 (19:40)
Rent:    [32, 44, 54, 57, 72, 98, 100, 107, 111, 115]
Return:  [0, 3, 5, 10, 11, 24, 27, 28, 33, 37, 46, 50, 53, 55, 60, 61, 64, 66, 77, 80, 82, 87, 88, 92, 93, 102, 104, 123]
	⭕  Bike to 5 (1.9 min) +1
> 5 (19:42)
Rent:    [32, 44, 54, 57, 72, 98, 100, 107, 111, 115]
Return:  [0, 3, 5, 10, 11, 24, 27, 28, 33, 37, 46, 50, 53, 55, 60, 61, 64, 66, 77, 80, 82, 87, 88, 92, 93, 102, 104, 123]
	⭕  Walk to 8 (2.6 min) 
> 8 (19:45)
Rent:    [2, 32, 38, 44, 54, 57, 72, 98, 100, 107, 111, 115]
Return:  [0, 5, 19, 24, 27, 28, 30, 33, 37, 46, 50, 53, 55, 60, 61, 64, 66, 77, 80, 82, 87, 88, 92, 93, 102, 104, 123]
	⭕  Bike to 5 (1.9 min) +1
> 5 (19:47)
Rent:    [2, 32, 38, 44, 54, 57, 72, 98, 100, 107, 111, 115]
Return:  [0, 5, 19, 24, 27, 28, 30, 33, 37, 46, 50, 53, 55, 60, 61, 64, 66, 77, 80, 82, 87, 88, 92, 93, 102, 104, 123]
	⭕  Walk to 8 (2.6 min) 
> 8 (19:49)
Rent:    [2, 32, 38, 44, 54, 57, 72, 98, 100, 107, 111, 115]
Return:  [0, 5, 19, 24, 27, 28, 30, 33, 37, 46, 50, 53, 55, 60, 61, 64, 66, 77, 80, 82, 87, 88, 92, 93, 102, 104, 123]
	⭕  Bike to 5 (1.9 min) +1
> 5 (19:51)
Rent:    [2, 32, 38, 44, 54, 57, 72, 98, 100, 107, 111, 115]
Return:  [0, 5, 19, 24, 27, 28, 30, 33, 37, 46, 50, 53, 55, 60, 61, 64, 66, 77, 80, 82, 87, 88, 92, 93, 102, 104, 123]
	⭕  Walk to 8 (2.6 min) 
> 8 (19:54)
Rent:    [2, 32, 38, 44, 54, 57, 72, 98, 100, 107, 111, 115]
Return:  [0, 5, 19, 24, 27, 28, 30, 33, 37, 46, 50, 53, 55, 60, 61, 64, 66, 77, 80, 82, 87, 88, 92, 93, 102, 104, 123]
	⭕  Bike to 5 (1.9 min) +1
> 5 (19:56)
Rent:    [2, 32, 38, 44, 54, 57, 72, 98, 100, 107, 111, 115]
Return:  [0, 5, 19, 24, 27, 28, 30, 33, 37, 46, 50, 53, 55, 60, 61, 64, 66, 77, 80, 82, 87, 88, 92, 93, 102, 104, 123]
	⭕  Walk to 8 (2.6 min) 
> 8 (19:58)
Rent:    [2, 32, 38, 44, 54, 57, 72, 98, 100, 107, 111, 115]
Return:  [0, 5, 19, 24, 27, 28, 30, 33, 37, 46, 50, 53, 55, 60, 61, 64, 66, 77, 80, 82, 87, 88, 92, 93, 102, 104, 123]
	⭕  Bike to 5 (1.9 min) +1
> 5 (20:00)
Rent:    [2, 32, 38, 44, 54, 57, 72, 79, 81, 98, 100, 107, 111, 115]
Return:  [0, 3, 5, 10, 19, 24, 27, 28, 30, 33, 37, 46, 50, 53, 55, 60, 61, 64, 66, 77, 80, 82, 87, 88, 92, 93, 102, 104, 105, 117, 121]
	⭕  Walk to 4 (3.8 min) 
> 4 (20:04)
Rent:    [2, 32, 38, 44, 54, 57, 72, 79, 81, 98, 100, 107, 111, 115]
Return:  [0, 3, 5, 10, 19, 24, 27, 28, 30, 33, 37, 46, 50, 53, 55, 60, 61, 64, 66, 77, 80, 82, 87, 88, 92, 93, 102, 104, 105, 117, 121]
	⭕  Bike to 33 (1.4 min) +1
> 33 (20:05)
Rent:    [2, 32, 38, 44, 54, 57, 72, 79, 81, 98, 100, 107, 111, 115]
Return:  [0, 3, 5, 10, 19, 24, 27, 28, 30, 33, 37, 46, 50, 53, 55, 60, 61, 64, 66, 77, 80, 82, 87, 88, 92, 93, 102, 104, 105, 117, 121]
	⭕  Walk to 4 (2.8 min) 
> 4 (20:08)
Rent:    [2, 32, 38, 44, 54, 57, 72, 79, 81, 98, 100, 107, 111, 115]
Return:  [0, 3, 5, 10, 19, 24, 27, 28, 30, 33, 37, 46, 50, 53, 55, 60, 61, 64, 66, 77, 80, 82, 87, 88, 92, 93, 102, 104, 105, 117, 121]
	⭕  Bike to 33 (1.4 min) +1
> 33 (20:10)
Rent:    [2, 32, 38, 44, 54, 57, 72, 79, 81, 98, 100, 107, 111, 115]
Return:  [0, 3, 5, 10, 19, 24, 27, 28, 30, 33, 37, 46, 50, 53, 55, 60, 61, 64, 66, 77, 80, 82, 87, 88, 92, 93, 102, 104, 105, 117, 121]
	⭕  Walk to 4 (2.8 min) 
> 4 (20:12)
Rent:    [2, 32, 38, 44, 54, 57, 72, 79, 81, 98, 100, 107, 111, 115]
Return:  [0, 3, 5, 10, 19, 24, 27, 28, 30, 33, 37, 46, 50, 53, 55, 60, 61, 64, 66, 77, 80, 82, 87, 88, 92, 93, 102, 104, 105, 117, 121]
	⭕  Bike to 33 (1.4 min) +1
> 33 (20:14)
Rent:    [2, 32, 38, 44, 54, 57, 72, 79, 81, 98, 100, 107, 111, 115]
Return:  [0, 3, 5, 10, 19, 24, 27, 28, 30, 33, 37, 46, 50, 53, 55, 60, 61, 64, 66, 77, 80, 82, 87, 88, 92, 93, 102, 104, 105, 117, 121]
	⭕  Walk to 4 (2.8 min) 
> 4 (20:17)
Rent:    [2, 32, 38, 44, 54, 57, 72, 79, 81, 98, 100, 107, 111, 115]
Return:  [0, 5, 10, 12, 19, 24, 27, 28, 30, 33, 46, 50, 53, 55, 60, 61, 64, 66, 77, 80, 82, 87, 88, 92, 93, 102, 104, 105, 117, 121, 123, 124]
	⭕  Bike to 33 (1.4 min) +1
> 33 (20:18)
Rent:    [2, 32, 38, 44, 54, 57, 72, 79, 81, 98, 100, 107, 111, 115]
Return:  [0, 5, 10, 12, 19, 24, 27, 28, 30, 33, 46, 50, 53, 55, 60, 61, 64, 66, 77, 80, 82, 87, 88, 92, 93, 102, 104, 105, 117, 121, 123, 124]
	⭕  Walk to 4 (2.8 min) 
> 4 (20:21)
Rent:    [2, 32, 38, 44, 54, 57, 72, 79, 81, 98, 100, 107, 111, 115]
Return:  [0, 5, 10, 12, 19, 24, 27, 28, 30, 33, 46, 50, 53, 55, 60, 61, 64, 66, 77, 80, 82, 87, 88, 92, 93, 102, 104, 105, 117, 121, 123, 124]
	⭕  Bike to 33 (1.4 min) +1
> 33 (20:22)
Rent:    [2, 32, 38, 44, 54, 57, 72, 79, 81, 98, 100, 107, 111, 115]
Return:  [0, 5, 10, 12, 19, 24, 27, 28, 30, 33, 46, 50, 53, 55, 60, 61, 64, 66, 77, 80, 82, 87, 88, 92, 93, 102, 104, 105, 117, 121, 123, 124]
	⭕  Walk to 4 (2.8 min) 
> 4 (20:25)
Rent:    [2, 32, 38, 44, 54, 57, 72, 79, 81, 98, 100, 107, 111, 115]
Return:  [0, 5, 10, 12, 19, 24, 27, 28, 30, 33, 46, 50, 53, 55, 60, 61, 64, 66, 77, 80, 82, 87, 88, 92, 93, 102, 104, 105, 117, 121, 123, 124]
	⭕  Bike to 33 (1.4 min) +1
> 33 (20:26)
Rent:    [2, 32, 38, 44, 54, 57, 72, 79, 81, 98, 100, 107, 111, 115]
Return:  [0, 5, 10, 12, 19, 24, 27, 28, 30, 33, 46, 50, 53, 55, 60, 61, 64, 66, 77, 80, 82, 87, 88, 92, 93, 102, 104, 105, 117, 121, 123, 124]
	⭕  Walk to 4 (2.8 min) 
> 4 (20:29)
Rent:    [2, 32, 38, 44, 54, 57, 72, 79, 81, 98, 100, 107, 111, 115]
Return:  [0, 5, 10, 12, 19, 24, 27, 28, 30, 33, 46, 50, 53, 55, 60, 61, 64, 66, 77, 80, 82, 87, 88, 92, 93, 102, 104, 105, 117, 121, 123, 124]
	⭕  Bike to 33 (1.4 min) +1
> 33 (20:31)
Rent:    [2, 32, 44, 54, 57, 72, 79, 81, 98, 100, 107, 115]
Return:  [0, 5, 12, 19, 24, 27, 28, 30, 33, 34, 37, 46, 50, 53, 55, 60, 61, 64, 66, 77, 80, 82, 87, 88, 92, 93, 102, 104, 105, 117, 121, 123, 124]
	⭕  Walk to 4 (2.8 min) 
> 4 (20:33)
Rent:    [2, 32, 44, 54, 57, 72, 79, 81, 98, 100, 107, 115]
Return:  [0, 5, 12, 19, 24, 27, 28, 30, 33, 34, 37, 46, 50, 53, 55, 60, 61, 64, 66, 77, 80, 82, 87, 88, 92, 93, 102, 104, 105, 117, 121, 123, 124]
	⭕  Bike to 33 (1.4 min) +1
> 33 (20:35)
Rent:    [2, 32, 44, 54, 57, 72, 79, 81, 98, 100, 107, 115]
Return:  [0, 5, 12, 19, 24, 27, 28, 30, 33, 34, 37, 46, 50, 53, 55, 60, 61, 64, 66, 77, 80, 82, 87, 88, 92, 93, 102, 104, 105, 117, 121, 123, 124]
	⭕  Walk to 4 (2.8 min) 
> 4 (20:38)
Rent:    [2, 32, 44, 54, 57, 72, 79, 81, 98, 100, 107, 115]
Return:  [0, 5, 12, 19, 24, 27, 28, 30, 33, 34, 37, 46, 50, 53, 55, 60, 61, 64, 66, 77, 80, 82, 87, 88, 92, 93, 102, 104, 105, 117, 121, 123, 124]
	⭕  Bike to 33 (1.4 min) +1
> 33 (20:39)
Rent:    [2, 32, 44, 54, 57, 72, 79, 81, 98, 100, 107, 115]
Return:  [0, 5, 12, 19, 24, 27, 28, 30, 33, 34, 37, 46, 50, 53, 55, 60, 61, 64, 66, 77, 80, 82, 87, 88, 92, 93, 102, 104, 105, 117, 121, 123, 124]
	⭕  Walk to 4 (2.8 min) 
> 4 (20:42)
Rent:    [2, 32, 44, 54, 57, 72, 79, 81, 98, 100, 107, 115]
Return:  [0, 5, 12, 19, 24, 27, 28, 30, 33, 34, 37, 46, 50, 53, 55, 60, 61, 64, 66, 77, 80, 82, 87, 88, 92, 93, 102, 104, 105, 117, 121, 123, 124]
	⭕  Bike to 33 (1.4 min) +1
> 33 (20:43)
Rent:    [2, 32, 44, 54, 57, 72, 79, 81, 98, 100, 107, 115]
Return:  [0, 5, 12, 19, 24, 27, 28, 30, 33, 34, 37, 46, 50, 53, 55, 60, 61, 64, 66, 77, 80, 82, 87, 88, 92, 93, 102, 104, 105, 117, 121, 123, 124]
	⭕  Walk to 4 (2.8 min) 
> 4 (20:46)
Rent:    [2, 6, 32, 44, 54, 57, 72, 79, 81, 94, 98, 107, 115]
Return:  [0, 5, 10, 19, 24, 26, 27, 28, 30, 33, 34, 37, 45, 46, 50, 53, 60, 61, 64, 66, 77, 80, 82, 87, 88, 92, 93, 102, 104, 105, 117, 121, 123, 124]
	⭕  Bike to 33 (1.4 min) +1
> 33 (20:47)
Rent:    [2, 6, 32, 44, 54, 57, 72, 79, 81, 94, 98, 107, 115]
Return:  [0, 5, 10, 19, 24, 26, 27, 28, 30, 33, 34, 37, 45, 46, 50, 53, 60, 61, 64, 66, 77, 80, 82, 87, 88, 92, 93, 102, 104, 105, 117, 121, 123, 124]
	⭕  Walk to 4 (2.8 min) 
> 4 (20:50)
Rent:    [2, 6, 32, 44, 54, 57, 72, 79, 81, 94, 98, 107, 115]
Return:  [0, 5, 10, 19, 24, 26, 27, 28, 30, 33, 34, 37, 45, 46, 50, 53, 60, 61, 64, 66, 77, 80, 82, 87, 88, 92, 93, 102, 104, 105, 117, 121, 123, 124]
	⭕  Bike to 33 (1.4 min) +1
> 33 (20:52)
Rent:    [2, 6, 32, 44, 54, 57, 72, 79, 81, 94, 98, 107, 115]
Return:  [0, 5, 10, 19, 24, 26, 27, 28, 30, 33, 34, 37, 45, 46, 50, 53, 60, 61, 64, 66, 77, 80, 82, 87, 88, 92, 93, 102, 104, 105, 117, 121, 123, 124]
	⭕  Walk to 20 (3.2 min) 
> 20 (20:55)
Rent:    [2, 6, 32, 44, 54, 57, 72, 79, 81, 94, 98, 107, 115]
Return:  [0, 5, 10, 19, 24, 26, 27, 28, 30, 33, 34, 37, 45, 46, 50, 53, 60, 61, 64, 66, 77, 80, 82, 87, 88, 92, 93, 102, 104, 105, 117, 121, 123, 124]
	⭕  Bike to 33 (1.8 min) +1
> 33 (20:57)
Rent:    [2, 6, 32, 44, 54, 57, 72, 79, 81, 94, 98, 107, 115]
Return:  [0, 5, 10, 19, 24, 26, 27, 28, 30, 33, 34, 37, 45, 46, 50, 53, 60, 61, 64, 66, 77, 80, 82, 87, 88, 92, 93, 102, 104, 105, 117, 121, 123, 124]
	⭕  Walk to 4 (2.8 min) 
> 4 (20:59)
Rent:    [2, 6, 32, 44, 54, 57, 72, 79, 81, 94, 98, 107, 115]
Return:  [0, 5, 10, 19, 24, 26, 27, 28, 30, 33, 34, 37, 45, 46, 50, 53, 60, 61, 64, 66, 77, 80, 82, 87, 88, 92, 93, 102, 104, 105, 117, 121, 123, 124]
	⭕  Bike to 33 (1.4 min) +1
> 33 (21:01)
Rent:    [6, 44, 54, 57, 79, 81, 94, 98, 107, 115]
Return:  [0, 5, 10, 11, 19, 24, 26, 27, 28, 33, 37, 45, 46, 50, 53, 60, 61, 64, 66, 77, 80, 82, 87, 88, 92, 93, 102, 104, 105, 117, 121, 123]
	⭕  Walk to 20 (3.2 min) 
> 20 (21:04)
Rent:    [6, 44, 54, 57, 79, 81, 94, 98, 107, 115]
Return:  [0, 5, 10, 11, 19, 24, 26, 27, 28, 33, 37, 45, 46, 50, 53, 60, 61, 64, 66, 77, 80, 82, 87, 88, 92, 93, 102, 104, 105, 117, 121, 123]
	⭕  Bike to 33 (1.8 min) +1
> 33 (21:06)
Rent:    [6, 44, 54, 57, 79, 81, 94, 98, 107, 115]
Return:  [0, 5, 10, 11, 19, 24, 26, 27, 28, 33, 37, 45, 46, 50, 53, 60, 61, 64, 66, 77, 80, 82, 87, 88, 92, 93, 102, 104, 105, 117, 121, 123]
	⭕  Walk to 4 (2.8 min) 
> 4 (21:09)
Rent:    [6, 44, 54, 57, 79, 81, 94, 98, 107, 115]
Return:  [0, 5, 10, 11, 19, 24, 26, 27, 28, 33, 37, 45, 46, 50, 53, 60, 61, 64, 66, 77, 80, 82, 87, 88, 92, 93, 102, 104, 105, 117, 121, 123]
	⭕  Bike to 33 (1.4 min) +1
> 33 (21:10)
Rent:    [6, 44, 54, 57, 79, 81, 94, 98, 107, 115]
Return:  [0, 5, 10, 11, 19, 24, 26, 27, 28, 33, 37, 45, 46, 50, 53, 60, 61, 64, 66, 77, 80, 82, 87, 88, 92, 93, 102, 104, 105, 117, 121, 123]
	⭕  Walk to 4 (2.8 min) 
> 4 (21:13)
Rent:    [6, 44, 54, 57, 79, 81, 94, 98, 107, 115]
Return:  [0, 5, 10, 11, 19, 24, 26, 27, 28, 33, 37, 45, 46, 50, 53, 60, 61, 64, 66, 77, 80, 82, 87, 88, 92, 93, 102, 104, 105, 117, 121, 123]
	⭕  Bike to 33 (1.4 min) +1
> 33 (21:14)
Rent:    [6, 44, 54, 57, 79, 81, 94, 98, 107, 115]
Return:  [0, 5, 10, 11, 19, 24, 26, 27, 28, 33, 37, 45, 46, 50, 53, 60, 61, 64, 66, 77, 80, 82, 87, 88, 92, 93, 102, 104, 105, 117, 121, 123]
	⭕  Walk to 4 (2.8 min) 
> 4 (21:17)
Rent:    [2, 6, 32, 44, 54, 57, 72, 79, 94, 98, 107, 115]
Return:  [5, 11, 12, 19, 24, 26, 27, 28, 33, 37, 45, 46, 50, 53, 60, 61, 64, 66, 77, 80, 82, 87, 88, 92, 93, 102, 105, 121, 123]
	⭕  Bike to 33 (1.4 min) +1
> 33 (21:18)
Rent:    [2, 6, 32, 44, 54, 57, 72, 79, 94, 98, 107, 115]
Return:  [5, 11, 12, 19, 24, 26, 27, 28, 33, 37, 45, 46, 50, 53, 60, 61, 64, 66, 77, 80, 82, 87, 88, 92, 93, 102, 105, 121, 123]
	⭕  Walk to 20 (3.2 min) 
> 20 (21:22)
Rent:    [2, 6, 32, 44, 54, 57, 72, 79, 94, 98, 107, 115]
Return:  [5, 11, 12, 19, 24, 26, 27, 28, 33, 37, 45, 46, 50, 53, 60, 61, 64, 66, 77, 80, 82, 87, 88, 92, 93, 102, 105, 121, 123]
	⭕  Bike to 33 (1.8 min) +1
> 33 (21:23)
Rent:    [2, 6, 32, 44, 54, 57, 72, 79, 94, 98, 107, 115]
Return:  [5, 11, 12, 19, 24, 26, 27, 28, 33, 37, 45, 46, 50, 53, 60, 61, 64, 66, 77, 80, 82, 87, 88, 92, 93, 102, 105, 121, 123]
	⭕  Walk to 5 (3.0 min) 
> 5 (21:26)
Rent:    [2, 6, 32, 44, 54, 57, 72, 79, 94, 98, 107, 115]
Return:  [5, 11, 12, 19, 24, 26, 27, 28, 33, 37, 45, 46, 50, 53, 60, 61, 64, 66, 77, 80, 82, 87, 88, 92, 93, 102, 105, 121, 123]
	⭕  Bike to 50 (1.0 min) +1
> 50 (21:27)
Rent:    [2, 6, 32, 44, 54, 57, 72, 79, 94, 98, 107, 115]
Return:  [5, 11, 12, 19, 24, 26, 27, 28, 33, 37, 45, 46, 50, 53, 60, 61, 64, 66, 77, 80, 82, 87, 88, 92, 93, 102, 105, 121, 123]
	⭕  Walk to 5 (2.5 min) 
> 5 (21:30)
Rent:    [2, 6, 32, 44, 54, 57, 72, 79, 94, 98, 107, 115]
Return:  [4, 12, 19, 24, 26, 27, 28, 33, 34, 37, 45, 46, 50, 53, 55, 60, 64, 66, 77, 80, 82, 87, 88, 92, 93, 102, 104, 105, 117, 121, 123]
	⭕  Bike to 50 (1.0 min) +1
> 50 (21:31)
Rent:    [2, 6, 32, 44, 54, 57, 72, 79, 94, 98, 107, 115]
Return:  [4, 12, 19, 24, 26, 27, 28, 33, 34, 37, 45, 46, 50, 53, 55, 60, 64, 66, 77, 80, 82, 87, 88, 92, 93, 102, 104, 105, 117, 121, 123]
	⭕  Walk to 5 (2.5 min) 
> 5 (21:33)
Rent:    [2, 6, 32, 44, 54, 57, 72, 79, 94, 98, 107, 115]
Return:  [4, 12, 19, 24, 26, 27, 28, 33, 34, 37, 45, 46, 50, 53, 55, 60, 64, 66, 77, 80, 82, 87, 88, 92, 93, 102, 104, 105, 117, 121, 123]
	⭕  Bike to 50 (1.0 min) +1
> 50 (21:34)
Rent:    [2, 6, 32, 44, 54, 57, 72, 79, 94, 98, 107, 115]
Return:  [4, 12, 19, 24, 26, 27, 28, 33, 34, 37, 45, 46, 50, 53, 55, 60, 64, 66, 77, 80, 82, 87, 88, 92, 93, 102, 104, 105, 117, 121, 123]
	⭕  Walk to 58 (4.2 min) 
> 58 (21:39)
Rent:    [2, 6, 32, 44, 54, 57, 72, 79, 94, 98, 107, 115]
Return:  [4, 12, 19, 24, 26, 27, 28, 33, 34, 37, 45, 46, 50, 53, 55, 60, 64, 66, 77, 80, 82, 87, 88, 92, 93, 102, 104, 105, 117, 121, 123]
	⭕  Bike to 55 (3.9 min) +1
> 55 (21:42)
Rent:    [2, 6, 32, 44, 54, 57, 72, 79, 94, 98, 107, 115]
Return:  [4, 12, 19, 24, 26, 27, 28, 33, 34, 37, 45, 46, 50, 53, 55, 60, 64, 66, 77, 80, 82, 87, 88, 92, 93, 102, 104, 105, 117, 121, 123]
	⭕  Walk to 10 (3.4 min) 
> 10 (21:46)
Rent:    [2, 6, 32, 44, 54, 57, 72, 79, 94, 98, 100, 107, 111, 115]
Return:  [5, 12, 19, 24, 27, 28, 30, 33, 34, 37, 45, 46, 50, 53, 55, 60, 61, 64, 66, 77, 80, 82, 87, 88, 92, 93, 102, 104, 105, 117, 118, 121, 123]
	⭕  Bike to 87 (1.5 min) +1
> 87 (21:47)
Rent:    [2, 6, 32, 44, 54, 57, 72, 79, 94, 98, 100, 107, 111, 115]
Return:  [5, 12, 19, 24, 27, 28, 30, 33, 34, 37, 45, 46, 50, 53, 55, 60, 61, 64, 66, 77, 80, 82, 87, 88, 92, 93, 102, 104, 105, 117, 118, 121, 123]
	⭕  Walk to 10 (4.5 min) 
> 10 (21:52)
Rent:    [2, 6, 32, 44, 54, 57, 72, 79, 94, 98, 100, 107, 111, 115]
Return:  [5, 12, 19, 24, 27, 28, 30, 33, 34, 37, 45, 46, 50, 53, 55, 60, 61, 64, 66, 77, 80, 82, 87, 88, 92, 93, 102, 104, 105, 117, 118, 121, 123]
	⭕  Bike to 82 (1.7 min) +1
> 82 (21:54)
Rent:    [2, 6, 32, 44, 54, 57, 72, 79, 94, 98, 100, 107, 111, 115]
Return:  [5, 12, 19, 24, 27, 28, 30, 33, 34, 37, 45, 46, 50, 53, 55, 60, 61, 64, 66, 77, 80, 82, 87, 88, 92, 93, 102, 104, 105, 117, 118, 121, 123]
	⭕  Walk to 10 (3.6 min) 
> 10 (21:57)
Rent:    [2, 6, 32, 44, 54, 57, 72, 79, 94, 98, 100, 107, 111, 115]
Return:  [5, 12, 19, 24, 27, 28, 30, 33, 34, 37, 45, 46, 50, 53, 55, 60, 61, 64, 66, 77, 80, 82, 87, 88, 92, 93, 102, 104, 105, 117, 118, 121, 123]
	⭕  Bike to 82 (1.7 min) +1
> 82 (21:59)
Rent:    [2, 6, 32, 44, 54, 57, 72, 79, 94, 98, 100, 107, 111, 115]
Return:  [5, 12, 19, 24, 27, 28, 30, 33, 34, 37, 45, 46, 50, 53, 55, 60, 61, 64, 66, 77, 80, 82, 87, 88, 92, 93, 102, 104, 105, 117, 118, 121, 123]
	⭕  Walk to 10 (3.6 min) 
> 10 (22:02)
Rent:    [2, 6, 32, 38, 44, 54, 57, 72, 79, 94, 98, 99, 100, 107, 109, 111, 115]
Return:  [0, 3, 5, 12, 19, 24, 26, 27, 28, 30, 33, 34, 37, 45, 46, 50, 53, 55, 60, 61, 64, 66, 77, 80, 82, 87, 88, 92, 93, 102, 104, 117, 118, 121]
	⭕  Bike to 82 (1.7 min) +1
> 82 (22:04)
Rent:    [2, 6, 32, 38, 44, 54, 57, 72, 79, 94, 98, 99, 100, 107, 109, 111, 115]
Return:  [0, 3, 5, 12, 19, 24, 26, 27, 28, 30, 33, 34, 37, 45, 46, 50, 53, 55, 60, 61, 64, 66, 77, 80, 82, 87, 88, 92, 93, 102, 104, 117, 118, 121]
	⭕  Walk to 10 (3.6 min) 
> 10 (22:08)
Rent:    [2, 6, 32, 38, 44, 54, 57, 72, 79, 94, 98, 99, 100, 107, 109, 111, 115]
Return:  [0, 3, 5, 12, 19, 24, 26, 27, 28, 30, 33, 34, 37, 45, 46, 50, 53, 55, 60, 61, 64, 66, 77, 80, 82, 87, 88, 92, 93, 102, 104, 117, 118, 121]
	⭕  Bike to 82 (1.7 min) +1
> 82 (22:10)
Rent:    [2, 6, 32, 38, 44, 54, 57, 72, 79, 94, 98, 99, 100, 107, 109, 111, 115]
Return:  [0, 3, 5, 12, 19, 24, 26, 27, 28, 30, 33, 34, 37, 45, 46, 50, 53, 55, 60, 61, 64, 66, 77, 80, 82, 87, 88, 92, 93, 102, 104, 117, 118, 121]
	⭕  Walk to 52 (6.8 min) 
> 52 (22:16)
Rent:    [2, 6, 44, 54, 57, 72, 79, 81, 94, 98, 99, 100, 107, 111, 115]
Return:  [3, 5, 11, 12, 19, 24, 26, 27, 28, 30, 33, 34, 35, 37, 45, 46, 50, 55, 60, 61, 64, 66, 77, 80, 82, 87, 88, 92, 93, 102, 104, 117, 118, 121]
	⭕  Bike to 66 (1.1 min) +1
> 66 (22:17)
Rent:    [2, 6, 44, 54, 57, 72, 79, 81, 94, 98, 99, 100, 107, 111, 115]
Return:  [3, 5, 11, 12, 19, 24, 26, 27, 28, 30, 33, 34, 35, 37, 45, 46, 50, 55, 60, 61, 64, 66, 77, 80, 82, 87, 88, 92, 93, 102, 104, 117, 118, 121]
	⭕  Walk to 52 (2.4 min) 
> 52 (22:20)
Rent:    [2, 6, 44, 54, 57, 72, 79, 81, 94, 98, 99, 100, 107, 111, 115]
Return:  [3, 5, 11, 12, 19, 24, 26, 27, 28, 30, 33, 34, 35, 37, 45, 46, 50, 55, 60, 61, 64, 66, 77, 80, 82, 87, 88, 92, 93, 102, 104, 117, 118, 121]
	⭕  Bike to 66 (1.1 min) +1
> 66 (22:21)
Rent:    [2, 6, 44, 54, 57, 72, 79, 81, 94, 98, 99, 100, 107, 111, 115]
Return:  [3, 5, 11, 12, 19, 24, 26, 27, 28, 30, 33, 34, 35, 37, 45, 46, 50, 55, 60, 61, 64, 66, 77, 80, 82, 87, 88, 92, 93, 102, 104, 117, 118, 121]
	⭕  Walk to 52 (2.4 min) 
> 52 (22:23)
Rent:    [2, 6, 44, 54, 57, 72, 79, 81, 94, 98, 99, 100, 107, 111, 115]
Return:  [3, 5, 11, 12, 19, 24, 26, 27, 28, 30, 33, 34, 35, 37, 45, 46, 50, 55, 60, 61, 64, 66, 77, 80, 82, 87, 88, 92, 93, 102, 104, 117, 118, 121]
	⭕  Bike to 66 (1.1 min) +1
> 66 (22:24)
Rent:    [2, 6, 44, 54, 57, 72, 79, 81, 94, 98, 99, 100, 107, 111, 115]
Return:  [3, 5, 11, 12, 19, 24, 26, 27, 28, 30, 33, 34, 35, 37, 45, 46, 50, 55, 60, 61, 64, 66, 77, 80, 82, 87, 88, 92, 93, 102, 104, 117, 118, 121]
	⭕  Walk to 52 (2.4 min) 
> 52 (22:27)
Rent:    [2, 6, 44, 54, 57, 72, 79, 81, 94, 98, 99, 100, 107, 111, 115]
Return:  [3, 5, 11, 12, 19, 24, 26, 27, 28, 30, 33, 34, 35, 37, 45, 46, 50, 55, 60, 61, 64, 66, 77, 80, 82, 87, 88, 92, 93, 102, 104, 117, 118, 121]
	⭕  Bike to 77 (1.8 min) +1
> 77 (22:29)
Rent:    [2, 6, 44, 54, 57, 72, 79, 81, 94, 98, 99, 100, 107, 111, 115]
Return:  [3, 5, 11, 12, 19, 24, 26, 27, 28, 30, 33, 34, 35, 37, 45, 46, 50, 55, 60, 61, 64, 66, 77, 80, 82, 87, 88, 92, 93, 102, 104, 117, 118, 121]
	⭕  Walk to 52 (3.3 min) 
> 52 (22:32)
Rent:    [2, 6, 44, 54, 57, 72, 81, 94, 98, 99, 100, 107, 111, 115]
Return:  [3, 4, 5, 8, 19, 24, 26, 27, 28, 30, 34, 35, 37, 45, 46, 50, 55, 60, 61, 64, 66, 77, 80, 82, 87, 88, 92, 93, 102, 104, 117, 118, 121]
	⭕  Bike to 66 (1.1 min) +1
> 66 (22:33)
Rent:    [2, 6, 44, 54, 57, 72, 81, 94, 98, 99, 100, 107, 111, 115]
Return:  [3, 4, 5, 8, 19, 24, 26, 27, 28, 30, 34, 35, 37, 45, 46, 50, 55, 60, 61, 64, 66, 77, 80, 82, 87, 88, 92, 93, 102, 104, 117, 118, 121]
	⭕  Walk to 52 (2.4 min) 
> 52 (22:35)
Rent:    [2, 6, 44, 54, 57, 72, 81, 94, 98, 99, 100, 107, 111, 115]
Return:  [3, 4, 5, 8, 19, 24, 26, 27, 28, 30, 34, 35, 37, 45, 46, 50, 55, 60, 61, 64, 66, 77, 80, 82, 87, 88, 92, 93, 102, 104, 117, 118, 121]
	⭕  Bike to 66 (1.1 min) +1
> 66 (22:36)
Rent:    [2, 6, 44, 54, 57, 72, 81, 94, 98, 99, 100, 107, 111, 115]
Return:  [3, 4, 5, 8, 19, 24, 26, 27, 28, 30, 34, 35, 37, 45, 46, 50, 55, 60, 61, 64, 66, 77, 80, 82, 87, 88, 92, 93, 102, 104, 117, 118, 121]
	⭕  Walk to 52 (2.4 min) 
> 52 (22:39)
Rent:    [2, 6, 44, 54, 57, 72, 81, 94, 98, 99, 100, 107, 111, 115]
Return:  [3, 4, 5, 8, 19, 24, 26, 27, 28, 30, 34, 35, 37, 45, 46, 50, 55, 60, 61, 64, 66, 77, 80, 82, 87, 88, 92, 93, 102, 104, 117, 118, 121]
	⭕  Bike to 66 (1.1 min) +1
> 66 (22:40)
Rent:    [2, 6, 44, 54, 57, 72, 81, 94, 98, 99, 100, 107, 111, 115]
Return:  [3, 4, 5, 8, 19, 24, 26, 27, 28, 30, 34, 35, 37, 45, 46, 50, 55, 60, 61, 64, 66, 77, 80, 82, 87, 88, 92, 93, 102, 104, 117, 118, 121]
	🔵  End excursion
	⭕  Walk to 5 (19 min) 
> 5 (22:59)

---------- Excursion Complete ----------
End time: 22:59
Final station: 5
Bike count: 88
Walk count: 88
Wait count: 0
Total reward: 88
Seed: 4061151579

