Generated random seed: 201956325
---------- Starting Excursion -----------
Warmup time: 4.0 hours
Start time: 16:00 
Excursion time: 7.0 hours

> 1 (16:00)
Rent:    [31, 57, 79, 106, 107, 115]
Return:  [5, 22, 24, 28, 30, 37, 46, 50, 55, 60, 61, 64, 80, 82, 105]
	⭕  Bike to 30 (3.8 min) +1
> 30 (16:03)
Rent:    [31, 57, 79, 106, 107, 115]
Return:  [5, 22, 24, 28, 30, 37, 46, 50, 55, 60, 61, 64, 80, 82, 105]
	⭕  Walk to 87 (2.6 min) 
> 87 (16:06)
Rent:    [31, 57, 79, 106, 107, 115]
Return:  [5, 22, 24, 28, 30, 37, 46, 50, 55, 60, 61, 64, 80, 82, 105]
	⭕  Bike to 30 (1.1 min) +1
> 30 (16:07)
Rent:    [31, 57, 79, 106, 107, 115]
Return:  [5, 22, 24, 28, 30, 37, 46, 50, 55, 60, 61, 64, 80, 82, 105]
	⭕  Walk to 87 (2.6 min) 
> 87 (16:10)
Rent:    [31, 57, 79, 106, 107, 115]
Return:  [5, 22, 24, 28, 30, 37, 46, 50, 55, 60, 61, 64, 80, 82, 105]
	⭕  Bike to 30 (1.1 min) +1
> 30 (16:11)
Rent:    [31, 57, 79, 106, 107, 115]
Return:  [5, 22, 24, 28, 30, 37, 46, 50, 55, 60, 61, 64, 80, 82, 105]
	⭕  Walk to 87 (2.6 min) 
> 87 (16:13)
Rent:    [31, 57, 79, 106, 107, 115]
Return:  [5, 22, 24, 28, 30, 37, 46, 50, 55, 60, 61, 64, 80, 82, 105]
	⭕  Bike to 30 (1.1 min) +1
> 30 (16:15)
Rent:    [31, 57, 79, 106, 107, 115]
Return:  [5, 22, 24, 28, 30, 35, 37, 46, 50, 55, 60, 61, 64, 80, 82, 105]
	⭕  Walk to 87 (2.6 min) 
> 87 (16:17)
Rent:    [31, 57, 79, 106, 107, 115]
Return:  [5, 22, 24, 28, 30, 35, 37, 46, 50, 55, 60, 61, 64, 80, 82, 105]
	⭕  Bike to 30 (1.1 min) +1
> 30 (16:18)
Rent:    [31, 57, 79, 106, 107, 115]
Return:  [5, 22, 24, 28, 30, 35, 37, 46, 50, 55, 60, 61, 64, 80, 82, 105]
	⭕  Walk to 87 (2.6 min) 
> 87 (16:21)
Rent:    [31, 57, 79, 106, 107, 115]
Return:  [5, 22, 24, 28, 30, 35, 37, 46, 50, 55, 60, 61, 64, 80, 82, 105]
	⭕  Bike to 30 (1.1 min) +1
> 30 (16:22)
Rent:    [31, 57, 79, 106, 107, 115]
Return:  [5, 22, 24, 28, 30, 35, 37, 46, 50, 55, 60, 61, 64, 80, 82, 105]
	⭕  Walk to 87 (2.6 min) 
> 87 (16:25)
Rent:    [31, 57, 79, 106, 107, 115]
Return:  [5, 22, 24, 28, 30, 35, 37, 46, 50, 55, 60, 61, 64, 80, 82, 105]
	⭕  Bike to 30 (1.1 min) +1
> 30 (16:26)
Rent:    [31, 57, 79, 106, 107, 115]
Return:  [5, 22, 24, 28, 30, 35, 37, 46, 50, 55, 60, 61, 64, 80, 82, 105]
	⭕  Walk to 53 (4.1 min) 
> 53 (16:30)
Rent:    [31, 57, 79, 100, 106, 107, 115]
Return:  [4, 5, 8, 22, 24, 28, 30, 35, 37, 46, 50, 55, 60, 61, 64, 80, 82, 87, 105]
	⭕  Bike to 87 (0.9 min) +1
> 87 (16:31)
Rent:    [31, 57, 79, 100, 106, 107, 115]
Return:  [4, 5, 8, 22, 24, 28, 30, 35, 37, 46, 50, 55, 60, 61, 64, 80, 82, 87, 105]
	⭕  Walk to 53 (1.6 min) 
> 53 (16:32)
Rent:    [31, 57, 79, 100, 106, 107, 115]
Return:  [4, 5, 8, 22, 24, 28, 30, 35, 37, 46, 50, 55, 60, 61, 64, 80, 82, 87, 105]
	⭕  Bike to 87 (0.9 min) +1
> 87 (16:33)
Rent:    [31, 57, 79, 100, 106, 107, 115]
Return:  [4, 5, 8, 22, 24, 28, 30, 35, 37, 46, 50, 55, 60, 61, 64, 80, 82, 87, 105]
	⭕  Walk to 53 (1.6 min) 
> 53 (16:35)
Rent:    [31, 57, 79, 100, 106, 107, 115]
Return:  [4, 5, 8, 22, 24, 28, 30, 35, 37, 46, 50, 55, 60, 61, 64, 80, 82, 87, 105]
	⭕  Bike to 87 (0.9 min) +1
> 87 (16:36)
Rent:    [31, 57, 79, 100, 106, 107, 115]
Return:  [4, 5, 8, 22, 24, 28, 30, 35, 37, 46, 50, 55, 60, 61, 64, 80, 82, 87, 105]
	⭕  Walk to 53 (1.6 min) 
> 53 (16:37)
Rent:    [31, 57, 79, 100, 106, 107, 115]
Return:  [4, 5, 8, 22, 24, 28, 30, 35, 37, 46, 50, 55, 60, 61, 64, 80, 82, 87, 105]
	⭕  Bike to 87 (0.9 min) +1
> 87 (16:38)
Rent:    [31, 57, 79, 100, 106, 107, 115]
Return:  [4, 5, 8, 22, 24, 28, 30, 35, 37, 46, 50, 55, 60, 61, 64, 80, 82, 87, 105]
	⭕  Walk to 53 (1.6 min) 
> 53 (16:40)
Rent:    [31, 57, 79, 100, 106, 107, 115]
Return:  [4, 5, 8, 22, 24, 28, 30, 35, 37, 46, 50, 55, 60, 61, 64, 80, 82, 87, 105]
	⭕  Bike to 87 (0.9 min) +1
> 87 (16:41)
Rent:    [31, 57, 79, 100, 106, 107, 115]
Return:  [4, 5, 8, 22, 24, 28, 30, 35, 37, 46, 50, 55, 60, 61, 64, 80, 82, 87, 105]
	⭕  Walk to 47 (2.4 min) 
> 47 (16:43)
Rent:    [31, 57, 79, 100, 106, 107, 115]
Return:  [4, 5, 8, 22, 24, 28, 30, 35, 37, 46, 50, 55, 60, 61, 64, 80, 82, 87, 105]
	⭕  Bike to 87 (2.0 min) +1
> 87 (16:45)
Rent:    [57, 79, 100, 107, 115]
Return:  [5, 22, 24, 27, 28, 30, 35, 37, 46, 50, 55, 60, 61, 64, 80, 82, 87, 105, 124]
	⭕  Walk to 47 (2.4 min) 
> 47 (16:48)
Rent:    [57, 79, 100, 107, 115]
Return:  [5, 22, 24, 27, 28, 30, 35, 37, 46, 50, 55, 60, 61, 64, 80, 82, 87, 105, 124]
	⭕  Bike to 87 (2.0 min) +1
> 87 (16:50)
Rent:    [57, 79, 100, 107, 115]
Return:  [5, 22, 24, 27, 28, 30, 35, 37, 46, 50, 55, 60, 61, 64, 80, 82, 87, 105, 124]
	⭕  Walk to 47 (2.4 min) 
> 47 (16:52)
Rent:    [57, 79, 100, 107, 115]
Return:  [5, 22, 24, 27, 28, 30, 35, 37, 46, 50, 55, 60, 61, 64, 80, 82, 87, 105, 124]
	⭕  Bike to 87 (2.0 min) +1
> 87 (16:54)
Rent:    [57, 79, 100, 107, 115]
Return:  [5, 22, 24, 27, 28, 30, 35, 37, 46, 50, 55, 60, 61, 64, 80, 82, 87, 105, 124]
	⭕  Walk to 47 (2.4 min) 
> 47 (16:57)
Rent:    [57, 79, 100, 107, 115]
Return:  [5, 22, 24, 27, 28, 30, 35, 37, 46, 50, 55, 60, 61, 64, 80, 82, 87, 105, 124]
	⭕  Bike to 87 (2.0 min) +1
> 87 (16:59)
Rent:    [57, 79, 100, 107, 115]
Return:  [5, 22, 24, 27, 28, 30, 35, 37, 46, 50, 55, 60, 61, 64, 80, 82, 87, 105, 124]
	⭕  Walk to 47 (2.4 min) 
> 47 (17:01)
Rent:    [31, 57, 79, 100, 107, 115]
Return:  [4, 5, 14, 20, 22, 24, 27, 28, 29, 30, 35, 37, 46, 50, 53, 55, 56, 60, 61, 64, 80, 82, 87, 105, 121]
	⭕  Bike to 53 (1.2 min) +1
> 53 (17:02)
Rent:    [31, 57, 79, 100, 107, 115]
Return:  [4, 5, 14, 20, 22, 24, 27, 28, 29, 30, 35, 37, 46, 50, 53, 55, 56, 60, 61, 64, 80, 82, 87, 105, 121]
	⭕  Walk to 47 (2.7 min) 
> 47 (17:05)
Rent:    [31, 57, 79, 100, 107, 115]
Return:  [4, 5, 14, 20, 22, 24, 27, 28, 29, 30, 35, 37, 46, 50, 53, 55, 56, 60, 61, 64, 80, 82, 87, 105, 121]
	⭕  Bike to 53 (1.2 min) +1
> 53 (17:06)
Rent:    [31, 57, 79, 100, 107, 115]
Return:  [4, 5, 14, 20, 22, 24, 27, 28, 29, 30, 35, 37, 46, 50, 53, 55, 56, 60, 61, 64, 80, 82, 87, 105, 121]
	⭕  Walk to 47 (2.7 min) 
> 47 (17:09)
Rent:    [31, 57, 79, 100, 107, 115]
Return:  [4, 5, 14, 20, 22, 24, 27, 28, 29, 30, 35, 37, 46, 50, 53, 55, 56, 60, 61, 64, 80, 82, 87, 105, 121]
	⭕  Bike to 53 (1.2 min) +1
> 53 (17:10)
Rent:    [31, 57, 79, 100, 107, 115]
Return:  [4, 5, 14, 20, 22, 24, 27, 28, 29, 30, 35, 37, 46, 50, 53, 55, 56, 60, 61, 64, 80, 82, 87, 105, 121]
	⭕  Walk to 47 (2.7 min) 
> 47 (17:13)
Rent:    [31, 57, 79, 100, 107, 115]
Return:  [4, 5, 14, 20, 22, 24, 27, 28, 29, 30, 35, 37, 46, 50, 53, 55, 56, 60, 61, 64, 80, 82, 87, 105, 121]
	⭕  Bike to 53 (1.2 min) +1
> 53 (17:14)
Rent:    [31, 57, 79, 100, 107, 115]
Return:  [4, 5, 14, 20, 22, 24, 27, 28, 29, 30, 35, 37, 46, 50, 53, 55, 56, 60, 61, 64, 80, 82, 87, 105, 121]
	⭕  Walk to 47 (2.7 min) 
> 47 (17:17)
Rent:    [57, 69, 79, 100, 106, 107, 115]
Return:  [4, 5, 10, 20, 22, 24, 27, 28, 29, 30, 37, 46, 50, 53, 55, 56, 60, 61, 64, 80, 82, 87, 105, 121]
	⭕  Bike to 53 (1.2 min) +1
> 53 (17:18)
Rent:    [57, 69, 79, 100, 106, 107, 115]
Return:  [4, 5, 10, 20, 22, 24, 27, 28, 29, 30, 37, 46, 50, 53, 55, 56, 60, 61, 64, 80, 82, 87, 105, 121]
	⭕  Walk to 47 (2.7 min) 
> 47 (17:21)
Rent:    [57, 69, 79, 100, 106, 107, 115]
Return:  [4, 5, 10, 20, 22, 24, 27, 28, 29, 30, 37, 46, 50, 53, 55, 56, 60, 61, 64, 80, 82, 87, 105, 121]
	⭕  Bike to 30 (2.0 min) +1
> 30 (17:22)
Rent:    [57, 69, 79, 100, 106, 107, 115]
Return:  [4, 5, 10, 20, 22, 24, 27, 28, 29, 30, 37, 46, 50, 53, 55, 56, 60, 61, 64, 80, 82, 87, 105, 121]
	⭕  Walk to 102 (4.3 min) 
> 102 (17:27)
Rent:    [57, 69, 79, 100, 106, 107, 115]
Return:  [4, 5, 10, 20, 22, 24, 27, 28, 29, 30, 37, 46, 50, 53, 55, 56, 60, 61, 64, 80, 82, 87, 105, 121]
	⭕  Bike to 28 (0.9 min) +1
> 28 (17:28)
Rent:    [57, 69, 79, 100, 106, 107, 115]
Return:  [4, 5, 10, 20, 22, 24, 27, 28, 29, 30, 37, 46, 50, 53, 55, 56, 60, 61, 64, 80, 82, 87, 105, 121]
	⭕  Walk to 117 (2.3 min) 
> 117 (17:30)
Rent:    [32, 57, 67, 79, 100, 106, 107, 115]
Return:  [5, 10, 20, 21, 22, 24, 27, 28, 29, 30, 35, 37, 46, 47, 50, 53, 55, 60, 61, 64, 80, 82, 87, 88, 92, 105, 121]
	⭕  Bike to 27 (0.9 min) +1
> 27 (17:31)
Rent:    [32, 57, 67, 79, 100, 106, 107, 115]
Return:  [5, 10, 20, 21, 22, 24, 27, 28, 29, 30, 35, 37, 46, 47, 50, 53, 55, 60, 61, 64, 80, 82, 87, 88, 92, 105, 121]
	⭕  Walk to 117 (1.9 min) 
> 117 (17:33)
Rent:    [32, 57, 67, 79, 100, 106, 107, 115]
Return:  [5, 10, 20, 21, 22, 24, 27, 28, 29, 30, 35, 37, 46, 47, 50, 53, 55, 60, 61, 64, 80, 82, 87, 88, 92, 105, 121]
	⭕  Bike to 27 (0.9 min) +1
> 27 (17:34)
Rent:    [32, 57, 67, 79, 100, 106, 107, 115]
Return:  [5, 10, 20, 21, 22, 24, 27, 28, 29, 30, 35, 37, 46, 47, 50, 53, 55, 60, 61, 64, 80, 82, 87, 88, 92, 105, 121]
	⭕  Walk to 117 (1.9 min) 
> 117 (17:36)
Rent:    [32, 57, 67, 79, 100, 106, 107, 115]
Return:  [5, 10, 20, 21, 22, 24, 27, 28, 29, 30, 35, 37, 46, 47, 50, 53, 55, 60, 61, 64, 80, 82, 87, 88, 92, 105, 121]
	⭕  Bike to 27 (0.9 min) +1
> 27 (17:36)
Rent:    [32, 57, 67, 79, 100, 106, 107, 115]
Return:  [5, 10, 20, 21, 22, 24, 27, 28, 29, 30, 35, 37, 46, 47, 50, 53, 55, 60, 61, 64, 80, 82, 87, 88, 92, 105, 121]
	⭕  Walk to 117 (1.9 min) 
> 117 (17:38)
Rent:    [32, 57, 67, 79, 100, 106, 107, 115]
Return:  [5, 10, 20, 21, 22, 24, 27, 28, 29, 30, 35, 37, 46, 47, 50, 53, 55, 60, 61, 64, 80, 82, 87, 88, 92, 105, 121]
	⭕  Bike to 27 (0.9 min) +1
> 27 (17:39)
Rent:    [32, 57, 67, 79, 100, 106, 107, 115]
Return:  [5, 10, 20, 21, 22, 24, 27, 28, 29, 30, 35, 37, 46, 47, 50, 53, 55, 60, 61, 64, 80, 82, 87, 88, 92, 105, 121]
	⭕  Walk to 117 (1.9 min) 
> 117 (17:41)
Rent:    [32, 57, 67, 79, 100, 106, 107, 115]
Return:  [5, 10, 20, 21, 22, 24, 27, 28, 29, 30, 35, 37, 46, 47, 50, 53, 55, 60, 61, 64, 80, 82, 87, 88, 92, 105, 121]
	⭕  Bike to 27 (0.9 min) +1
> 27 (17:42)
Rent:    [32, 57, 67, 79, 100, 106, 107, 115]
Return:  [5, 10, 20, 21, 22, 24, 27, 28, 29, 30, 35, 37, 46, 47, 50, 53, 55, 60, 61, 64, 80, 82, 87, 88, 92, 105, 121]
	⭕  Walk to 117 (1.9 min) 
> 117 (17:44)
Rent:    [32, 57, 67, 79, 100, 106, 107, 115]
Return:  [5, 10, 20, 21, 22, 24, 27, 28, 29, 30, 35, 37, 46, 47, 50, 53, 55, 60, 61, 64, 80, 82, 87, 88, 92, 105, 121]
	⭕  Bike to 27 (0.9 min) +1
> 27 (17:45)
Rent:    [6, 31, 32, 57, 67, 69, 79, 100, 106, 107, 115]
Return:  [5, 7, 20, 24, 27, 28, 30, 35, 37, 46, 47, 50, 53, 55, 60, 61, 80, 82, 87, 88, 92, 121]
	⭕  Walk to 117 (1.9 min) 
> 117 (17:47)
Rent:    [6, 31, 32, 57, 67, 69, 79, 100, 106, 107, 115]
Return:  [5, 7, 20, 24, 27, 28, 30, 35, 37, 46, 47, 50, 53, 55, 60, 61, 80, 82, 87, 88, 92, 121]
	⭕  Bike to 27 (0.9 min) +1
> 27 (17:47)
Rent:    [6, 31, 32, 57, 67, 69, 79, 100, 106, 107, 115]
Return:  [5, 7, 20, 24, 27, 28, 30, 35, 37, 46, 47, 50, 53, 55, 60, 61, 80, 82, 87, 88, 92, 121]
	⭕  Walk to 102 (6.8 min) 
> 102 (17:54)
Rent:    [6, 31, 32, 57, 67, 69, 79, 100, 106, 107, 115]
Return:  [5, 7, 20, 24, 27, 28, 30, 35, 37, 46, 47, 50, 53, 55, 60, 61, 80, 82, 87, 88, 92, 121]
	⭕  Bike to 28 (0.9 min) +1
> 28 (17:55)
Rent:    [6, 31, 32, 57, 67, 69, 79, 100, 106, 107, 115]
Return:  [5, 7, 20, 24, 27, 28, 30, 35, 37, 46, 47, 50, 53, 55, 60, 61, 80, 82, 87, 88, 92, 121]
	⭕  Walk to 102 (3.0 min) 
> 102 (17:58)
Rent:    [6, 31, 32, 57, 67, 69, 79, 100, 106, 107, 115]
Return:  [5, 7, 20, 24, 27, 28, 30, 35, 37, 46, 47, 50, 53, 55, 60, 61, 80, 82, 87, 88, 92, 121]
	⭕  Bike to 28 (0.9 min) +1
> 28 (17:59)
Rent:    [6, 31, 32, 57, 67, 69, 79, 100, 106, 107, 115]
Return:  [5, 7, 20, 24, 27, 28, 30, 35, 37, 46, 47, 50, 53, 55, 60, 61, 80, 82, 87, 88, 92, 121]
	⭕  Walk to 102 (3.0 min) 
> 102 (18:02)
Rent:    [6, 31, 32, 57, 67, 79, 100, 107, 115]
Return:  [5, 7, 20, 24, 27, 28, 29, 30, 35, 37, 46, 47, 50, 53, 55, 60, 61, 64, 80, 82, 87, 88, 92, 117, 121]
	⭕  Bike to 28 (0.9 min) +1
> 28 (18:03)
Rent:    [6, 31, 32, 57, 67, 79, 100, 107, 115]
Return:  [5, 7, 20, 24, 27, 28, 29, 30, 35, 37, 46, 47, 50, 53, 55, 60, 61, 64, 80, 82, 87, 88, 92, 117, 121]
	⭕  Walk to 102 (3.0 min) 
> 102 (18:06)
Rent:    [6, 31, 32, 57, 67, 79, 100, 107, 115]
Return:  [5, 7, 20, 24, 27, 28, 29, 30, 35, 37, 46, 47, 50, 53, 55, 60, 61, 64, 80, 82, 87, 88, 92, 117, 121]
	⭕  Bike to 28 (0.9 min) +1
> 28 (18:07)
Rent:    [6, 31, 32, 57, 67, 79, 100, 107, 115]
Return:  [5, 7, 20, 24, 27, 28, 29, 30, 35, 37, 46, 47, 50, 53, 55, 60, 61, 64, 80, 82, 87, 88, 92, 117, 121]
	⭕  Walk to 102 (3.0 min) 
> 102 (18:10)
Rent:    [6, 31, 32, 57, 67, 79, 100, 107, 115]
Return:  [5, 7, 20, 24, 27, 28, 29, 30, 35, 37, 46, 47, 50, 53, 55, 60, 61, 64, 80, 82, 87, 88, 92, 117, 121]
	⭕  Bike to 28 (0.9 min) +1
> 28 (18:11)
Rent:    [6, 31, 32, 57, 67, 79, 100, 107, 115]
Return:  [5, 7, 20, 24, 27, 28, 29, 30, 35, 37, 46, 47, 50, 53, 55, 60, 61, 64, 80, 82, 87, 88, 92, 117, 121]
	⭕  Walk to 66 (4.3 min) 
> 66 (18:15)
Rent:    [6, 31, 32, 57, 67, 79, 100, 107, 115]
Return:  [3, 5, 13, 14, 20, 24, 27, 28, 30, 35, 46, 47, 50, 55, 60, 61, 64, 80, 82, 87, 88, 92, 105, 117]
	⭕  Bike to 82 (2.0 min) +1
> 82 (18:17)
Rent:    [6, 31, 32, 57, 67, 79, 100, 107, 115]
Return:  [3, 5, 13, 14, 20, 24, 27, 28, 30, 35, 46, 47, 50, 55, 60, 61, 64, 80, 82, 87, 88, 92, 105, 117]
	⭕  Walk to 77 (4.1 min) 
> 77 (18:22)
Rent:    [6, 31, 32, 57, 67, 79, 100, 107, 115]
Return:  [3, 5, 13, 14, 20, 24, 27, 28, 30, 35, 46, 47, 50, 55, 60, 61, 64, 80, 82, 87, 88, 92, 105, 117]
	⭕  Bike to 82 (1.8 min) +1
> 82 (18:23)
Rent:    [6, 31, 32, 57, 67, 79, 100, 107, 115]
Return:  [3, 5, 13, 14, 20, 24, 27, 28, 30, 35, 46, 47, 50, 55, 60, 61, 64, 80, 82, 87, 88, 92, 105, 117]
	⭕  Walk to 10 (3.6 min) 
> 10 (18:27)
Rent:    [6, 31, 32, 57, 67, 79, 100, 107, 115]
Return:  [3, 5, 13, 14, 20, 24, 27, 28, 30, 35, 46, 47, 50, 55, 60, 61, 64, 80, 82, 87, 88, 92, 105, 117]
	⭕  Bike to 30 (1.5 min) +1
> 30 (18:28)
Rent:    [6, 31, 32, 57, 67, 79, 100, 107, 115]
Return:  [3, 5, 13, 14, 20, 24, 27, 28, 30, 35, 46, 47, 50, 55, 60, 61, 64, 80, 82, 87, 88, 92, 105, 117]
	⭕  Walk to 77 (3.4 min) 
> 77 (18:32)
Rent:    [6, 31, 32, 54, 57, 67, 79, 100, 107, 115]
Return:  [3, 5, 20, 24, 27, 28, 30, 35, 37, 46, 47, 50, 53, 55, 60, 61, 64, 80, 82, 87, 88, 92, 102, 105, 117, 118, 121]
	⭕  Bike to 102 (1.7 min) +1
> 102 (18:34)
Rent:    [6, 31, 32, 54, 57, 67, 79, 100, 107, 115]
Return:  [3, 5, 20, 24, 27, 28, 30, 35, 37, 46, 47, 50, 53, 55, 60, 61, 64, 80, 82, 87, 88, 92, 102, 105, 117, 118, 121]
	⭕  Walk to 66 (1.7 min) 
> 66 (18:35)
Rent:    [6, 31, 32, 54, 57, 67, 79, 100, 107, 115]
Return:  [3, 5, 20, 24, 27, 28, 30, 35, 37, 46, 47, 50, 53, 55, 60, 61, 64, 80, 82, 87, 88, 92, 102, 105, 117, 118, 121]
	⭕  Bike to 102 (1.6 min) +1
> 102 (18:37)
Rent:    [6, 31, 32, 54, 57, 67, 79, 100, 107, 115]
Return:  [3, 5, 20, 24, 27, 28, 30, 35, 37, 46, 47, 50, 53, 55, 60, 61, 64, 80, 82, 87, 88, 92, 102, 105, 117, 118, 121]
	⭕  Walk to 66 (1.7 min) 
> 66 (18:39)
Rent:    [6, 31, 32, 54, 57, 67, 79, 100, 107, 115]
Return:  [3, 5, 20, 24, 27, 28, 30, 35, 37, 46, 47, 50, 53, 55, 60, 61, 64, 80, 82, 87, 88, 92, 102, 105, 117, 118, 121]
	⭕  Bike to 102 (1.6 min) +1
> 102 (18:40)
Rent:    [6, 31, 32, 54, 57, 67, 79, 100, 107, 115]
Return:  [3, 5, 20, 24, 27, 28, 30, 35, 37, 46, 47, 50, 53, 55, 60, 61, 64, 80, 82, 87, 88, 92, 102, 105, 117, 118, 121]
	⭕  Walk to 77 (4.2 min) 
> 77 (18:44)
Rent:    [6, 31, 32, 54, 57, 67, 79, 100, 107, 115]
Return:  [3, 5, 20, 24, 27, 28, 30, 35, 37, 46, 47, 50, 53, 55, 60, 61, 64, 80, 82, 87, 88, 92, 102, 105, 117, 118, 121]
	⭕  Bike to 82 (1.8 min) +1
> 82 (18:46)
Rent:    [6, 32, 54, 67, 79, 100, 107, 115]
Return:  [3, 5, 13, 20, 27, 28, 30, 37, 46, 47, 50, 60, 61, 64, 80, 87, 88, 92, 102, 105, 117, 118, 121]
	⭕  Walk to 10 (3.6 min) 
> 10 (18:50)
Rent:    [6, 32, 54, 67, 79, 100, 107, 115]
Return:  [3, 5, 13, 20, 27, 28, 30, 37, 46, 47, 50, 60, 61, 64, 80, 87, 88, 92, 102, 105, 117, 118, 121]
	⭕  Bike to 30 (1.5 min) +1
> 30 (18:51)
Rent:    [6, 32, 54, 67, 79, 100, 107, 115]
Return:  [3, 5, 13, 20, 27, 28, 30, 37, 46, 47, 50, 60, 61, 64, 80, 87, 88, 92, 102, 105, 117, 118, 121]
	⭕  Walk to 77 (3.4 min) 
> 77 (18:55)
Rent:    [6, 32, 54, 67, 79, 100, 107, 115]
Return:  [3, 5, 13, 20, 27, 28, 30, 37, 46, 47, 50, 60, 61, 64, 80, 87, 88, 92, 102, 105, 117, 118, 121]
	⭕  Bike to 30 (1.8 min) +1
> 30 (18:56)
Rent:    [6, 32, 54, 67, 79, 100, 107, 115]
Return:  [3, 5, 13, 20, 27, 28, 30, 37, 46, 47, 50, 60, 61, 64, 80, 87, 88, 92, 102, 105, 117, 118, 121]
	⭕  Walk to 10 (4.2 min) 
> 10 (19:01)
Rent:    [6, 31, 54, 57, 67, 79, 100, 107, 115]
Return:  [3, 5, 13, 20, 24, 27, 28, 30, 37, 47, 50, 55, 60, 61, 64, 77, 80, 82, 87, 88, 92, 102, 105, 117, 118]
	⭕  Bike to 82 (1.7 min) +1
> 82 (19:02)
Rent:    [6, 31, 54, 57, 67, 79, 100, 107, 115]
Return:  [3, 5, 13, 20, 24, 27, 28, 30, 37, 47, 50, 55, 60, 61, 64, 77, 80, 82, 87, 88, 92, 102, 105, 117, 118]
	⭕  Walk to 10 (3.6 min) 
> 10 (19:06)
Rent:    [6, 31, 54, 57, 67, 79, 100, 107, 115]
Return:  [3, 5, 13, 20, 24, 27, 28, 30, 37, 47, 50, 55, 60, 61, 64, 77, 80, 82, 87, 88, 92, 102, 105, 117, 118]
	⭕  Bike to 82 (1.7 min) +1
> 82 (19:08)
Rent:    [6, 31, 54, 57, 67, 79, 100, 107, 115]
Return:  [3, 5, 13, 20, 24, 27, 28, 30, 37, 47, 50, 55, 60, 61, 64, 77, 80, 82, 87, 88, 92, 102, 105, 117, 118]
	⭕  Walk to 10 (3.6 min) 
> 10 (19:11)
Rent:    [6, 31, 54, 57, 67, 79, 100, 107, 115]
Return:  [3, 5, 13, 20, 24, 27, 28, 30, 37, 47, 50, 55, 60, 61, 64, 77, 80, 82, 87, 88, 92, 102, 105, 117, 118]
	⭕  Bike to 82 (1.7 min) +1
> 82 (19:13)
Rent:    [6, 31, 54, 57, 67, 79, 100, 107, 115]
Return:  [3, 5, 13, 20, 24, 27, 28, 30, 37, 47, 50, 55, 60, 61, 64, 77, 80, 82, 87, 88, 92, 102, 105, 117, 118]
	⭕  Walk to 52 (6.8 min) 
> 52 (19:20)
Rent:    [6, 31, 32, 57, 67, 79, 81, 98, 99, 100, 107, 115]
Return:  [3, 5, 13, 20, 24, 27, 28, 30, 37, 46, 47, 50, 56, 60, 61, 64, 66, 77, 80, 82, 87, 88, 92, 102, 105, 117, 118, 121]
	⭕  Bike to 66 (1.1 min) +1
> 66 (19:21)
Rent:    [6, 31, 32, 57, 67, 79, 81, 98, 99, 100, 107, 115]
Return:  [3, 5, 13, 20, 24, 27, 28, 30, 37, 46, 47, 50, 56, 60, 61, 64, 66, 77, 80, 82, 87, 88, 92, 102, 105, 117, 118, 121]
	⭕  Walk to 52 (2.4 min) 
> 52 (19:23)
Rent:    [6, 31, 32, 57, 67, 79, 81, 98, 99, 100, 107, 115]
Return:  [3, 5, 13, 20, 24, 27, 28, 30, 37, 46, 47, 50, 56, 60, 61, 64, 66, 77, 80, 82, 87, 88, 92, 102, 105, 117, 118, 121]
	⭕  Bike to 66 (1.1 min) +1
> 66 (19:24)
Rent:    [6, 31, 32, 57, 67, 79, 81, 98, 99, 100, 107, 115]
Return:  [3, 5, 13, 20, 24, 27, 28, 30, 37, 46, 47, 50, 56, 60, 61, 64, 66, 77, 80, 82, 87, 88, 92, 102, 105, 117, 118, 121]
	⭕  Walk to 52 (2.4 min) 
> 52 (19:27)
Rent:    [6, 31, 32, 57, 67, 79, 81, 98, 99, 100, 107, 115]
Return:  [3, 5, 13, 20, 24, 27, 28, 30, 37, 46, 47, 50, 56, 60, 61, 64, 66, 77, 80, 82, 87, 88, 92, 102, 105, 117, 118, 121]
	⭕  Bike to 66 (1.1 min) +1
> 66 (19:28)
Rent:    [6, 31, 32, 57, 67, 79, 81, 98, 99, 100, 107, 115]
Return:  [3, 5, 13, 20, 24, 27, 28, 30, 37, 46, 47, 50, 56, 60, 61, 64, 66, 77, 80, 82, 87, 88, 92, 102, 105, 117, 118, 121]
	⭕  Walk to 34 (9.2 min) 
> 34 (19:37)
Rent:    [6, 31, 32, 54, 57, 67, 79, 81, 98, 99, 100, 107, 115]
Return:  [0, 3, 5, 7, 13, 20, 24, 27, 28, 30, 35, 37, 46, 47, 50, 52, 55, 56, 60, 61, 64, 66, 74, 77, 80, 82, 87, 88, 92, 102, 105, 117]
	⭕  Bike to 47 (2.7 min) +1
> 47 (19:40)
Rent:    [6, 31, 32, 54, 57, 67, 79, 81, 98, 99, 100, 107, 115]
Return:  [0, 3, 5, 7, 13, 20, 24, 27, 28, 30, 35, 37, 46, 47, 50, 52, 55, 56, 60, 61, 64, 66, 74, 77, 80, 82, 87, 88, 92, 102, 105, 117]
	⭕  Walk to 12 (5.7 min) 
> 12 (19:45)
Rent:    [6, 32, 54, 57, 67, 81, 98, 99, 100, 107, 115]
Return:  [0, 3, 5, 10, 13, 20, 21, 24, 27, 28, 30, 37, 46, 47, 50, 55, 60, 61, 64, 66, 74, 77, 80, 82, 87, 88, 92, 102, 105, 117, 121]
	⭕  Bike to 55 (1.8 min) +1
> 55 (19:47)
Rent:    [6, 32, 54, 57, 67, 81, 98, 99, 100, 107, 115]
Return:  [0, 3, 5, 10, 13, 20, 21, 24, 27, 28, 30, 37, 46, 47, 50, 55, 60, 61, 64, 66, 74, 77, 80, 82, 87, 88, 92, 102, 105, 117, 121]
	⭕  Walk to 103 (3.4 min) 
> 103 (19:51)
Rent:    [6, 32, 54, 57, 67, 81, 98, 99, 100, 107, 115]
Return:  [0, 3, 5, 10, 13, 20, 21, 24, 27, 28, 30, 37, 46, 47, 50, 55, 60, 61, 64, 66, 74, 77, 80, 82, 87, 88, 92, 102, 105, 117, 121]
	⭕  Bike to 55 (2.1 min) +1
> 55 (19:53)
Rent:    [6, 32, 54, 57, 67, 81, 98, 99, 100, 107, 115]
Return:  [0, 3, 5, 10, 13, 20, 21, 24, 27, 28, 30, 37, 46, 47, 50, 55, 60, 61, 64, 66, 74, 77, 80, 82, 87, 88, 92, 102, 105, 117, 121]
	⭕  Walk to 103 (3.4 min) 
> 103 (19:56)
Rent:    [6, 32, 54, 57, 67, 81, 98, 99, 100, 107, 115]
Return:  [0, 3, 5, 10, 13, 20, 21, 24, 27, 28, 30, 37, 46, 47, 50, 55, 60, 61, 64, 66, 74, 77, 80, 82, 87, 88, 92, 102, 105, 117, 121]
	⭕  Bike to 55 (2.1 min) +1
> 55 (19:58)
Rent:    [6, 32, 54, 57, 67, 81, 98, 99, 100, 107, 115]
Return:  [0, 3, 5, 10, 13, 20, 21, 24, 27, 28, 30, 37, 46, 47, 50, 55, 60, 61, 64, 66, 74, 77, 80, 82, 87, 88, 92, 102, 105, 117, 121]
	⭕  Walk to 10 (3.4 min) 
> 10 (20:02)
Rent:    [6, 54, 57, 67, 79, 81, 98, 99, 100, 106, 107, 108, 115]
Return:  [0, 3, 5, 7, 13, 20, 21, 24, 27, 28, 30, 35, 37, 46, 47, 50, 55, 56, 60, 61, 64, 66, 74, 77, 80, 82, 88, 92, 105, 118, 121]
	⭕  Bike to 55 (1.8 min) +1
> 55 (20:03)
Rent:    [6, 54, 57, 67, 79, 81, 98, 99, 100, 106, 107, 108, 115]
Return:  [0, 3, 5, 7, 13, 20, 21, 24, 27, 28, 30, 35, 37, 46, 47, 50, 55, 56, 60, 61, 64, 66, 74, 77, 80, 82, 88, 92, 105, 118, 121]
	⭕  Walk to 103 (3.4 min) 
> 103 (20:07)
Rent:    [6, 54, 57, 67, 79, 81, 98, 99, 100, 106, 107, 108, 115]
Return:  [0, 3, 5, 7, 13, 20, 21, 24, 27, 28, 30, 35, 37, 46, 47, 50, 55, 56, 60, 61, 64, 66, 74, 77, 80, 82, 88, 92, 105, 118, 121]
	⭕  Bike to 55 (2.1 min) +1
> 55 (20:09)
Rent:    [6, 54, 57, 67, 79, 81, 98, 99, 100, 106, 107, 108, 115]
Return:  [0, 3, 5, 7, 13, 20, 21, 24, 27, 28, 30, 35, 37, 46, 47, 50, 55, 56, 60, 61, 64, 66, 74, 77, 80, 82, 88, 92, 105, 118, 121]
	⭕  Walk to 103 (3.4 min) 
> 103 (20:12)
Rent:    [6, 54, 57, 67, 79, 81, 98, 99, 100, 106, 107, 108, 115]
Return:  [0, 3, 5, 7, 13, 20, 21, 24, 27, 28, 30, 35, 37, 46, 47, 50, 55, 56, 60, 61, 64, 66, 74, 77, 80, 82, 88, 92, 105, 118, 121]
	⭕  Bike to 55 (2.1 min) +1
> 55 (20:14)
Rent:    [6, 54, 57, 67, 79, 81, 98, 99, 100, 106, 107, 108, 115]
Return:  [0, 3, 5, 7, 13, 20, 21, 24, 27, 28, 30, 35, 37, 46, 47, 50, 55, 56, 60, 61, 64, 66, 74, 77, 80, 82, 88, 92, 105, 118, 121]
	⭕  Walk to 103 (3.4 min) 
> 103 (20:18)
Rent:    [6, 32, 54, 67, 79, 81, 98, 99, 100, 107, 108, 115]
Return:  [0, 13, 21, 24, 27, 28, 30, 35, 37, 46, 50, 55, 56, 60, 61, 64, 66, 74, 77, 80, 87, 88, 92, 102, 105, 118, 121]
	⭕  Bike to 50 (3.2 min) +1
> 50 (20:21)
Rent:    [6, 32, 54, 67, 79, 81, 98, 99, 100, 107, 108, 115]
Return:  [0, 13, 21, 24, 27, 28, 30, 35, 37, 46, 50, 55, 56, 60, 61, 64, 66, 74, 77, 80, 87, 88, 92, 102, 105, 118, 121]
	⭕  Walk to 104 (3.9 min) 
> 104 (20:25)
Rent:    [6, 32, 54, 67, 79, 81, 98, 99, 100, 107, 108, 115]
Return:  [0, 13, 21, 24, 27, 28, 30, 35, 37, 46, 50, 55, 56, 60, 61, 64, 66, 74, 77, 80, 87, 88, 92, 102, 105, 118, 121]
	⭕  Bike to 50 (1.4 min) +1
> 50 (20:26)
Rent:    [6, 32, 54, 67, 79, 81, 98, 99, 100, 107, 108, 115]
Return:  [0, 13, 21, 24, 27, 28, 30, 35, 37, 46, 50, 55, 56, 60, 61, 64, 66, 74, 77, 80, 87, 88, 92, 102, 105, 118, 121]
	⭕  Walk to 58 (4.2 min) 
> 58 (20:31)
Rent:    [6, 31, 32, 54, 57, 79, 81, 98, 99, 100, 107, 108, 109, 115, 119]
Return:  [0, 3, 5, 7, 8, 13, 21, 24, 27, 28, 30, 37, 46, 47, 50, 55, 60, 61, 64, 66, 74, 77, 87, 88, 92, 102, 104, 105, 117, 118, 121]
	⭕  Bike to 5 (2.2 min) +1
> 5 (20:33)
Rent:    [6, 31, 32, 54, 57, 79, 81, 98, 99, 100, 107, 108, 109, 115, 119]
Return:  [0, 3, 5, 7, 8, 13, 21, 24, 27, 28, 30, 37, 46, 47, 50, 55, 60, 61, 64, 66, 74, 77, 87, 88, 92, 102, 104, 105, 117, 118, 121]
	⭕  Walk to 33 (3.0 min) 
> 33 (20:36)
Rent:    [6, 31, 32, 54, 57, 79, 81, 98, 99, 100, 107, 108, 109, 115, 119]
Return:  [0, 3, 5, 7, 8, 13, 21, 24, 27, 28, 30, 37, 46, 47, 50, 55, 60, 61, 64, 66, 74, 77, 87, 88, 92, 102, 104, 105, 117, 118, 121]
	⭕  Bike to 5 (0.9 min) +1
> 5 (20:37)
Rent:    [6, 31, 32, 54, 57, 79, 81, 98, 99, 100, 107, 108, 109, 115, 119]
Return:  [0, 3, 5, 7, 8, 13, 21, 24, 27, 28, 30, 37, 46, 47, 50, 55, 60, 61, 64, 66, 74, 77, 87, 88, 92, 102, 104, 105, 117, 118, 121]
	⭕  Walk to 33 (3.0 min) 
> 33 (20:40)
Rent:    [6, 31, 32, 54, 57, 79, 81, 98, 99, 100, 107, 108, 109, 115, 119]
Return:  [0, 3, 5, 7, 8, 13, 21, 24, 27, 28, 30, 37, 46, 47, 50, 55, 60, 61, 64, 66, 74, 77, 87, 88, 92, 102, 104, 105, 117, 118, 121]
	⭕  Bike to 5 (0.9 min) +1
> 5 (20:41)
Rent:    [6, 31, 32, 54, 57, 79, 81, 98, 99, 100, 107, 108, 109, 115, 119]
Return:  [0, 3, 5, 7, 8, 13, 21, 24, 27, 28, 30, 37, 46, 47, 50, 55, 60, 61, 64, 66, 74, 77, 87, 88, 92, 102, 104, 105, 117, 118, 121]
	⭕  Walk to 33 (3.0 min) 
> 33 (20:44)
Rent:    [6, 31, 32, 54, 57, 79, 81, 98, 99, 100, 107, 108, 109, 115, 119]
Return:  [0, 3, 5, 7, 8, 13, 21, 24, 27, 28, 30, 37, 46, 47, 50, 55, 60, 61, 64, 66, 74, 77, 87, 88, 92, 102, 104, 105, 117, 118, 121]
	⭕  Bike to 5 (0.9 min) +1
> 5 (20:45)
Rent:    [2, 6, 32, 54, 57, 72, 79, 81, 98, 99, 100, 107, 109, 115]
Return:  [0, 3, 5, 8, 13, 21, 24, 27, 28, 30, 37, 46, 47, 50, 53, 55, 60, 61, 64, 66, 74, 77, 87, 88, 92, 102, 104, 105, 117, 118, 121]
	⭕  Walk to 33 (3.0 min) 
> 33 (20:48)
Rent:    [2, 6, 32, 54, 57, 72, 79, 81, 98, 99, 100, 107, 109, 115]
Return:  [0, 3, 5, 8, 13, 21, 24, 27, 28, 30, 37, 46, 47, 50, 53, 55, 60, 61, 64, 66, 74, 77, 87, 88, 92, 102, 104, 105, 117, 118, 121]
	⭕  Bike to 5 (0.9 min) +1
> 5 (20:49)
Rent:    [2, 6, 32, 54, 57, 72, 79, 81, 98, 99, 100, 107, 109, 115]
Return:  [0, 3, 5, 8, 13, 21, 24, 27, 28, 30, 37, 46, 47, 50, 53, 55, 60, 61, 64, 66, 74, 77, 87, 88, 92, 102, 104, 105, 117, 118, 121]
	⭕  Walk to 33 (3.0 min) 
> 33 (20:52)
Rent:    [2, 6, 32, 54, 57, 72, 79, 81, 98, 99, 100, 107, 109, 115]
Return:  [0, 3, 5, 8, 13, 21, 24, 27, 28, 30, 37, 46, 47, 50, 53, 55, 60, 61, 64, 66, 74, 77, 87, 88, 92, 102, 104, 105, 117, 118, 121]
	⭕  Bike to 5 (0.9 min) +1
> 5 (20:53)
Rent:    [2, 6, 32, 54, 57, 72, 79, 81, 98, 99, 100, 107, 109, 115]
Return:  [0, 3, 5, 8, 13, 21, 24, 27, 28, 30, 37, 46, 47, 50, 53, 55, 60, 61, 64, 66, 74, 77, 87, 88, 92, 102, 104, 105, 117, 118, 121]
	⭕  Walk to 4 (3.8 min) 
> 4 (20:56)
Rent:    [2, 6, 32, 54, 57, 72, 79, 81, 98, 99, 100, 107, 109, 115]
Return:  [0, 3, 5, 8, 13, 21, 24, 27, 28, 30, 37, 46, 47, 50, 53, 55, 60, 61, 64, 66, 74, 77, 87, 88, 92, 102, 104, 105, 117, 118, 121]
	⭕  Bike to 8 (1.4 min) +1
> 8 (20:58)
Rent:    [2, 6, 32, 54, 57, 72, 79, 81, 98, 99, 100, 107, 109, 115]
Return:  [0, 3, 5, 8, 13, 21, 24, 27, 28, 30, 37, 46, 47, 50, 53, 55, 60, 61, 64, 66, 74, 77, 87, 88, 92, 102, 104, 105, 117, 118, 121]
	⭕  Walk to 4 (2.5 min) 
> 4 (21:00)
Rent:    [2, 6, 32, 44, 57, 67, 72, 79, 81, 98, 99, 100, 107, 109, 115]
Return:  [0, 5, 8, 13, 24, 27, 28, 30, 33, 35, 37, 46, 47, 50, 53, 55, 60, 61, 64, 66, 74, 77, 82, 87, 88, 92, 102, 105, 117, 118, 121]
	⭕  Bike to 8 (1.4 min) +1
> 8 (21:02)
Rent:    [2, 6, 32, 44, 57, 67, 72, 79, 81, 98, 99, 100, 107, 109, 115]
Return:  [0, 5, 8, 13, 24, 27, 28, 30, 33, 35, 37, 46, 47, 50, 53, 55, 60, 61, 64, 66, 74, 77, 82, 87, 88, 92, 102, 105, 117, 118, 121]
	⭕  Walk to 4 (2.5 min) 
> 4 (21:04)
Rent:    [2, 6, 32, 44, 57, 67, 72, 79, 81, 98, 99, 100, 107, 109, 115]
Return:  [0, 5, 8, 13, 24, 27, 28, 30, 33, 35, 37, 46, 47, 50, 53, 55, 60, 61, 64, 66, 74, 77, 82, 87, 88, 92, 102, 105, 117, 118, 121]
	⭕  Bike to 8 (1.4 min) +1
> 8 (21:06)
Rent:    [2, 6, 32, 44, 57, 67, 72, 79, 81, 98, 99, 100, 107, 109, 115]
Return:  [0, 5, 8, 13, 24, 27, 28, 30, 33, 35, 37, 46, 47, 50, 53, 55, 60, 61, 64, 66, 74, 77, 82, 87, 88, 92, 102, 105, 117, 118, 121]
	⭕  Walk to 4 (2.5 min) 
> 4 (21:08)
Rent:    [2, 6, 32, 44, 57, 67, 72, 79, 81, 98, 99, 100, 107, 109, 115]
Return:  [0, 5, 8, 13, 24, 27, 28, 30, 33, 35, 37, 46, 47, 50, 53, 55, 60, 61, 64, 66, 74, 77, 82, 87, 88, 92, 102, 105, 117, 118, 121]
	⭕  Bike to 8 (1.4 min) +1
> 8 (21:09)
Rent:    [2, 6, 32, 44, 57, 67, 72, 79, 81, 98, 99, 100, 107, 109, 115]
Return:  [0, 5, 8, 13, 24, 27, 28, 30, 33, 35, 37, 46, 47, 50, 53, 55, 60, 61, 64, 66, 74, 77, 82, 87, 88, 92, 102, 105, 117, 118, 121]
	⭕  Walk to 4 (2.5 min) 
> 4 (21:12)
Rent:    [2, 6, 32, 44, 57, 67, 72, 79, 81, 98, 99, 100, 107, 109, 115]
Return:  [0, 5, 8, 13, 24, 27, 28, 30, 33, 35, 37, 46, 47, 50, 53, 55, 60, 61, 64, 66, 74, 77, 82, 87, 88, 92, 102, 105, 117, 118, 121]
	⭕  Bike to 8 (1.4 min) +1
> 8 (21:13)
Rent:    [2, 6, 32, 44, 57, 67, 72, 79, 81, 98, 99, 100, 107, 109, 115]
Return:  [0, 5, 8, 13, 24, 27, 28, 30, 33, 35, 37, 46, 47, 50, 53, 55, 60, 61, 64, 66, 74, 77, 82, 87, 88, 92, 102, 105, 117, 118, 121]
	⭕  Walk to 4 (2.5 min) 
> 4 (21:16)
Rent:    [2, 6, 44, 54, 57, 67, 79, 81, 94, 98, 100, 106, 107, 108, 109, 115]
Return:  [0, 5, 8, 24, 27, 28, 30, 33, 35, 37, 46, 50, 53, 55, 60, 61, 64, 66, 74, 77, 80, 82, 87, 88, 92, 101, 102, 105, 117, 118, 121]
	⭕  Bike to 8 (1.4 min) +1
> 8 (21:17)
Rent:    [2, 6, 44, 54, 57, 67, 79, 81, 94, 98, 100, 106, 107, 108, 109, 115]
Return:  [0, 5, 8, 24, 27, 28, 30, 33, 35, 37, 46, 50, 53, 55, 60, 61, 64, 66, 74, 77, 80, 82, 87, 88, 92, 101, 102, 105, 117, 118, 121]
	⭕  Walk to 103 (3.9 min) 
> 103 (21:21)
Rent:    [2, 6, 44, 54, 57, 67, 79, 81, 94, 98, 100, 106, 107, 108, 109, 115]
Return:  [0, 5, 8, 24, 27, 28, 30, 33, 35, 37, 46, 50, 53, 55, 60, 61, 64, 66, 74, 77, 80, 82, 87, 88, 92, 101, 102, 105, 117, 118, 121]
	⭕  Bike to 55 (2.1 min) +1
> 55 (21:23)
Rent:    [2, 6, 44, 54, 57, 67, 79, 81, 94, 98, 100, 106, 107, 108, 109, 115]
Return:  [0, 5, 8, 24, 27, 28, 30, 33, 35, 37, 46, 50, 53, 55, 60, 61, 64, 66, 74, 77, 80, 82, 87, 88, 92, 101, 102, 105, 117, 118, 121]
	⭕  Walk to 10 (3.4 min) 
> 10 (21:27)
Rent:    [2, 6, 44, 54, 57, 67, 79, 81, 94, 98, 100, 106, 107, 108, 109, 115]
Return:  [0, 5, 8, 24, 27, 28, 30, 33, 35, 37, 46, 50, 53, 55, 60, 61, 64, 66, 74, 77, 80, 82, 87, 88, 92, 101, 102, 105, 117, 118, 121]
	⭕  Bike to 82 (1.7 min) +1
> 82 (21:28)
Rent:    [2, 6, 44, 54, 57, 67, 79, 81, 94, 98, 100, 106, 107, 108, 109, 115]
Return:  [0, 5, 8, 24, 27, 28, 30, 33, 35, 37, 46, 50, 53, 55, 60, 61, 64, 66, 74, 77, 80, 82, 87, 88, 92, 101, 102, 105, 117, 118, 121]
	⭕  Walk to 12 (7.4 min) 
> 12 (21:36)
Rent:    [2, 6, 44, 54, 57, 67, 79, 81, 94, 98, 100, 107, 108, 109, 115, 119]
Return:  [0, 4, 20, 24, 27, 28, 30, 33, 37, 46, 47, 50, 53, 55, 60, 61, 64, 66, 77, 82, 87, 88, 92, 102, 105, 117, 118, 121]
	⭕  Bike to 53 (2.0 min) +1
> 53 (21:38)
Rent:    [2, 6, 44, 54, 57, 67, 79, 81, 94, 98, 100, 107, 108, 109, 115, 119]
Return:  [0, 4, 20, 24, 27, 28, 30, 33, 37, 46, 47, 50, 53, 55, 60, 61, 64, 66, 77, 82, 87, 88, 92, 102, 105, 117, 118, 121]
	⭕  Walk to 30 (4.1 min) 
> 30 (21:42)
Rent:    [2, 6, 44, 54, 57, 67, 79, 81, 94, 98, 100, 107, 108, 109, 115, 119]
Return:  [0, 4, 20, 24, 27, 28, 30, 33, 37, 46, 47, 50, 53, 55, 60, 61, 64, 66, 77, 82, 87, 88, 92, 102, 105, 117, 118, 121]
	⭕  Bike to 53 (1.4 min) +1
> 53 (21:43)
Rent:    [2, 6, 44, 54, 57, 67, 79, 81, 94, 98, 100, 107, 108, 109, 115, 119]
Return:  [0, 4, 20, 24, 27, 28, 30, 33, 37, 46, 47, 50, 53, 55, 60, 61, 64, 66, 77, 82, 87, 88, 92, 102, 105, 117, 118, 121]
	⭕  Walk to 12 (3.4 min) 
> 12 (21:47)
Rent:    [2, 6, 44, 54, 57, 67, 79, 81, 94, 98, 100, 107, 108, 109, 115]
Return:  [0, 4, 20, 24, 26, 27, 28, 30, 33, 37, 46, 47, 50, 52, 53, 55, 60, 61, 64, 66, 74, 77, 80, 82, 87, 88, 92, 93, 102, 105, 117, 118, 121]
	⭕  Bike to 93 (1.5 min) +1
> 93 (21:48)
Rent:    [2, 6, 44, 54, 57, 67, 79, 81, 94, 98, 100, 107, 108, 109, 115]
Return:  [0, 4, 20, 24, 26, 27, 28, 30, 33, 37, 46, 47, 50, 52, 53, 55, 60, 61, 64, 66, 74, 77, 80, 82, 87, 88, 92, 93, 102, 105, 117, 118, 121]
	⭕  Walk to 12 (2.9 min) 
> 12 (21:51)
Rent:    [2, 6, 44, 54, 57, 67, 79, 81, 94, 98, 100, 107, 108, 109, 115]
Return:  [0, 4, 20, 24, 26, 27, 28, 30, 33, 37, 46, 47, 50, 52, 53, 55, 60, 61, 64, 66, 74, 77, 80, 82, 87, 88, 92, 93, 102, 105, 117, 118, 121]
	⭕  Bike to 93 (1.5 min) +1
> 93 (21:53)
Rent:    [2, 6, 44, 54, 57, 67, 79, 81, 94, 98, 100, 107, 108, 109, 115]
Return:  [0, 4, 20, 24, 26, 27, 28, 30, 33, 37, 46, 47, 50, 52, 53, 55, 60, 61, 64, 66, 74, 77, 80, 82, 87, 88, 92, 93, 102, 105, 117, 118, 121]
	⭕  Walk to 12 (2.9 min) 
> 12 (21:55)
Rent:    [2, 6, 44, 54, 57, 67, 79, 81, 94, 98, 100, 107, 108, 109, 115]
Return:  [0, 4, 20, 24, 26, 27, 28, 30, 33, 37, 46, 47, 50, 52, 53, 55, 60, 61, 64, 66, 74, 77, 80, 82, 87, 88, 92, 93, 102, 105, 117, 118, 121]
	⭕  Bike to 93 (1.5 min) +1
> 93 (21:57)
Rent:    [2, 6, 44, 54, 57, 67, 79, 81, 94, 98, 100, 107, 108, 109, 115]
Return:  [0, 4, 20, 24, 26, 27, 28, 30, 33, 37, 46, 47, 50, 52, 53, 55, 60, 61, 64, 66, 74, 77, 80, 82, 87, 88, 92, 93, 102, 105, 117, 118, 121]
	⭕  Walk to 103 (6.7 min) 
> 103 (22:04)
Rent:    [6, 17, 44, 54, 57, 67, 79, 81, 94, 98, 100, 106, 107, 108, 109, 115]
Return:  [5, 20, 21, 23, 24, 26, 27, 28, 30, 33, 37, 46, 50, 55, 60, 64, 66, 77, 82, 87, 88, 92, 93, 102, 105, 117, 118, 121]
	⭕  Bike to 55 (2.1 min) +1
> 55 (22:06)
Rent:    [6, 17, 44, 54, 57, 67, 79, 81, 94, 98, 100, 106, 107, 108, 109, 115]
Return:  [5, 20, 21, 23, 24, 26, 27, 28, 30, 33, 37, 46, 50, 55, 60, 64, 66, 77, 82, 87, 88, 92, 93, 102, 105, 117, 118, 121]
	⭕  Walk to 10 (3.4 min) 
> 10 (22:09)
Rent:    [6, 17, 44, 54, 57, 67, 79, 81, 94, 98, 100, 106, 107, 108, 109, 115]
Return:  [5, 20, 21, 23, 24, 26, 27, 28, 30, 33, 37, 46, 50, 55, 60, 64, 66, 77, 82, 87, 88, 92, 93, 102, 105, 117, 118, 121]
	⭕  Bike to 82 (1.7 min) +1
> 82 (22:11)
Rent:    [6, 17, 44, 54, 57, 67, 79, 81, 94, 98, 100, 106, 107, 108, 109, 115]
Return:  [5, 20, 21, 23, 24, 26, 27, 28, 30, 33, 37, 46, 50, 55, 60, 64, 66, 77, 82, 87, 88, 92, 93, 102, 105, 117, 118, 121]
	⭕  Walk to 103 (10.0 min) 
> 103 (22:21)
Rent:    [6, 17, 44, 54, 57, 67, 72, 81, 94, 98, 100, 106, 107, 108, 109, 115]
Return:  [0, 5, 12, 20, 21, 23, 24, 26, 27, 28, 30, 37, 46, 47, 50, 53, 55, 60, 61, 64, 66, 74, 77, 82, 88, 92, 93, 102, 105, 117, 118, 121]
	⭕  Bike to 55 (2.1 min) +1
> 55 (22:23)
Rent:    [6, 17, 44, 54, 57, 67, 72, 81, 94, 98, 100, 106, 107, 108, 109, 115]
Return:  [0, 5, 12, 20, 21, 23, 24, 26, 27, 28, 30, 37, 46, 47, 50, 53, 55, 60, 61, 64, 66, 74, 77, 82, 88, 92, 93, 102, 105, 117, 118, 121]
	⭕  Walk to 103 (3.4 min) 
> 103 (22:26)
Rent:    [6, 17, 44, 54, 57, 67, 72, 81, 94, 98, 100, 106, 107, 108, 109, 115]
Return:  [0, 5, 12, 20, 21, 23, 24, 26, 27, 28, 30, 37, 46, 47, 50, 53, 55, 60, 61, 64, 66, 74, 77, 82, 88, 92, 93, 102, 105, 117, 118, 121]
	⭕  Bike to 61 (2.8 min) +1
> 61 (22:29)
Rent:    [6, 17, 44, 54, 57, 67, 72, 81, 94, 98, 100, 106, 107, 108, 109, 115]
Return:  [0, 5, 12, 20, 21, 23, 24, 26, 27, 28, 30, 37, 46, 47, 50, 53, 55, 60, 61, 64, 66, 74, 77, 82, 88, 92, 93, 102, 105, 117, 118, 121]
	⭕  Walk to 4 (4.4 min) 
> 4 (22:33)
Rent:    [6, 17, 32, 44, 54, 67, 79, 81, 94, 98, 100, 106, 107, 108, 109, 115]
Return:  [5, 12, 20, 21, 24, 26, 27, 28, 33, 37, 46, 47, 50, 52, 53, 55, 56, 60, 61, 64, 66, 74, 77, 80, 82, 88, 92, 93, 102, 105, 117, 118, 121]
	⭕  Bike to 20 (1.9 min) +1
> 20 (22:35)
Rent:    [6, 17, 32, 44, 54, 67, 79, 81, 94, 98, 100, 106, 107, 108, 109, 115]
Return:  [5, 12, 20, 21, 24, 26, 27, 28, 33, 37, 46, 47, 50, 52, 53, 55, 56, 60, 61, 64, 66, 74, 77, 80, 82, 88, 92, 93, 102, 105, 117, 118, 121]
	⭕  Walk to 4 (3.5 min) 
> 4 (22:39)
Rent:    [6, 17, 32, 44, 54, 67, 79, 81, 94, 98, 100, 106, 107, 108, 109, 115]
Return:  [5, 12, 20, 21, 24, 26, 27, 28, 33, 37, 46, 47, 50, 52, 53, 55, 56, 60, 61, 64, 66, 74, 77, 80, 82, 88, 92, 93, 102, 105, 117, 118, 121]
	⭕  Bike to 33 (1.4 min) +1
> 33 (22:40)
Rent:    [6, 17, 32, 44, 54, 67, 79, 81, 94, 98, 100, 106, 107, 108, 109, 115]
Return:  [5, 12, 20, 21, 24, 26, 27, 28, 33, 37, 46, 47, 50, 52, 53, 55, 56, 60, 61, 64, 66, 74, 77, 80, 82, 88, 92, 93, 102, 105, 117, 118, 121]
	⭕  Walk to 4 (2.8 min) 
> 4 (22:43)
Rent:    [6, 17, 32, 44, 54, 67, 79, 81, 94, 98, 100, 106, 107, 108, 109, 115]
Return:  [5, 12, 20, 21, 24, 26, 27, 28, 33, 37, 46, 47, 50, 52, 53, 55, 56, 60, 61, 64, 66, 74, 77, 80, 82, 88, 92, 93, 102, 105, 117, 118, 121]
	⭕  Bike to 20 (1.9 min) +1
> 20 (22:45)
Rent:    [6, 17, 18, 32, 54, 57, 67, 81, 94, 98, 100, 106, 107, 109, 115]
Return:  [5, 10, 20, 21, 24, 26, 27, 28, 37, 46, 50, 52, 53, 55, 56, 60, 64, 66, 74, 77, 80, 82, 88, 92, 93, 102, 104, 117, 118, 121]
	⭕  Walk to 8 (5.9 min) 
> 8 (22:51)
Rent:    [6, 17, 18, 32, 54, 57, 67, 81, 94, 98, 100, 106, 107, 109, 115]
Return:  [5, 10, 20, 21, 24, 26, 27, 28, 37, 46, 50, 52, 53, 55, 56, 60, 64, 66, 74, 77, 80, 82, 88, 92, 93, 102, 104, 117, 118, 121]
	⭕  Bike to 5 (1.9 min) +1
> 5 (22:53)
Rent:    [6, 17, 18, 32, 54, 57, 67, 81, 94, 98, 100, 106, 107, 109, 115]
Return:  [5, 10, 20, 21, 24, 26, 27, 28, 37, 46, 50, 52, 53, 55, 56, 60, 64, 66, 74, 77, 80, 82, 88, 92, 93, 102, 104, 117, 118, 121]
	⭕  Walk to 33 (3.0 min) 
> 33 (22:56)
Rent:    [6, 17, 18, 32, 54, 57, 67, 81, 94, 98, 100, 106, 107, 109, 115]
Return:  [5, 10, 20, 21, 24, 26, 27, 28, 37, 46, 50, 52, 53, 55, 56, 60, 64, 66, 74, 77, 80, 82, 88, 92, 93, 102, 104, 117, 118, 121]
	⭕  Bike to 5 (0.9 min) +1
> 5 (22:57)
Rent:    [6, 17, 18, 32, 54, 57, 67, 81, 94, 98, 100, 106, 107, 109, 115]
Return:  [5, 10, 20, 21, 24, 26, 27, 28, 37, 46, 50, 52, 53, 55, 56, 60, 64, 66, 74, 77, 80, 82, 88, 92, 93, 102, 104, 117, 118, 121]
	🔵  End excursion
	⭕  Walk to 5 (0.0 min) 
> 5 (22:57)

---------- Excursion Complete ----------
End time: 22:57
Final station: 5
Bike count: 87
Walk count: 87
Wait count: 0
Total reward: 87
Seed: 201956325

