Generated random seed: 3110700143
---------- Starting Excursion -----------
Warmup time: 2.0 hours
Start time: 16:00 
Excursion time: 7.0 hours

> 0 (16:00)
Rent:    []
Return:  [10, 37, 46, 80, 122]
	⭕  Bike to 10 (5.1 min) +1
> 10 (16:05)
Rent:    []
Return:  [10, 37, 46, 80, 122]
	⭕  Walk to 82 (3.6 min) 
> 82 (16:08)
Rent:    []
Return:  [10, 37, 46, 80, 122]
	⭕  Bike to 10 (1.7 min) +1
> 10 (16:10)
Rent:    []
Return:  [10, 37, 46, 80, 122]
	⭕  Walk to 82 (3.6 min) 
> 82 (16:14)
Rent:    []
Return:  [10, 37, 46, 80, 122]
	⭕  Bike to 10 (1.7 min) +1
> 10 (16:15)
Rent:    []
Return:  [10, 37, 46, 80]
	⭕  Walk to 82 (3.6 min) 
> 82 (16:19)
Rent:    []
Return:  [10, 37, 46, 80]
	⭕  Bike to 10 (1.7 min) +1
> 10 (16:21)
Rent:    []
Return:  [10, 37, 46, 80]
	⭕  Walk to 55 (3.4 min) 
> 55 (16:24)
Rent:    []
Return:  [10, 37, 46, 80]
	⭕  Bike to 10 (2.0 min) +1
> 10 (16:26)
Rent:    []
Return:  [10, 37, 46, 80]
	⭕  Walk to 87 (4.5 min) 
> 87 (16:30)
Rent:    [57, 72, 107]
Return:  [10, 37, 46, 52, 53, 60, 80, 82, 124]
	⭕  Bike to 53 (0.6 min) +1
> 53 (16:31)
Rent:    [57, 72, 107]
Return:  [10, 37, 46, 52, 53, 60, 80, 82, 124]
	⭕  Walk to 87 (1.6 min) 
> 87 (16:33)
Rent:    [57, 72, 107]
Return:  [10, 37, 46, 52, 53, 60, 80, 82, 124]
	⭕  Bike to 53 (0.6 min) +1
> 53 (16:33)
Rent:    [57, 72, 107]
Return:  [10, 37, 46, 52, 53, 60, 80, 82, 124]
	⭕  Walk to 87 (1.6 min) 
> 87 (16:35)
Rent:    [57, 72, 107]
Return:  [10, 37, 46, 52, 53, 60, 80, 82, 124]
	⭕  Bike to 53 (0.6 min) +1
> 53 (16:35)
Rent:    [57, 72, 107]
Return:  [10, 37, 46, 52, 53, 60, 80, 82, 124]
	⭕  Walk to 87 (1.6 min) 
> 87 (16:37)
Rent:    [57, 72, 107]
Return:  [10, 37, 46, 52, 53, 60, 80, 82, 124]
	⭕  Bike to 53 (0.6 min) +1
> 53 (16:37)
Rent:    [57, 72, 107]
Return:  [10, 37, 46, 52, 53, 60, 80, 82, 124]
	⭕  Walk to 87 (1.6 min) 
> 87 (16:39)
Rent:    [57, 72, 107]
Return:  [10, 37, 46, 52, 53, 60, 80, 82, 124]
	⭕  Bike to 53 (0.6 min) +1
> 53 (16:40)
Rent:    [57, 72, 107]
Return:  [10, 37, 46, 52, 53, 60, 80, 82, 124]
	⭕  Walk to 87 (1.6 min) 
> 87 (16:41)
Rent:    [57, 72, 107]
Return:  [10, 37, 46, 52, 53, 60, 80, 82, 124]
	⭕  Bike to 53 (0.6 min) +1
> 53 (16:42)
Rent:    [57, 72, 107]
Return:  [10, 37, 46, 52, 53, 60, 80, 82, 124]
	⭕  Walk to 87 (1.6 min) 
> 87 (16:43)
Rent:    [57, 72, 107]
Return:  [10, 37, 46, 52, 53, 60, 80, 82, 124]
	⭕  Bike to 53 (0.6 min) +1
> 53 (16:44)
Rent:    [57, 72, 107]
Return:  [10, 37, 46, 52, 53, 60, 80, 82, 124]
	⭕  Walk to 87 (1.6 min) 
> 87 (16:45)
Rent:    [54, 72, 107]
Return:  [10, 12, 37, 46, 52, 53, 60, 80, 93, 122, 124]
	⭕  Bike to 53 (0.6 min) +1
> 53 (16:46)
Rent:    [54, 72, 107]
Return:  [10, 12, 37, 46, 52, 53, 60, 80, 93, 122, 124]
	⭕  Walk to 87 (1.6 min) 
> 87 (16:48)
Rent:    [54, 72, 107]
Return:  [10, 12, 37, 46, 52, 53, 60, 80, 93, 122, 124]
	⭕  Bike to 53 (0.6 min) +1
> 53 (16:48)
Rent:    [54, 72, 107]
Return:  [10, 12, 37, 46, 52, 53, 60, 80, 93, 122, 124]
	⭕  Walk to 47 (2.7 min) 
> 47 (16:51)
Rent:    [54, 72, 107]
Return:  [10, 12, 37, 46, 52, 53, 60, 80, 93, 122, 124]
	⭕  Bike to 53 (1.2 min) +1
> 53 (16:52)
Rent:    [54, 72, 107]
Return:  [10, 12, 37, 46, 52, 53, 60, 80, 93, 122, 124]
	⭕  Walk to 47 (2.7 min) 
> 47 (16:55)
Rent:    [54, 72, 107]
Return:  [10, 12, 37, 46, 52, 53, 60, 80, 93, 122, 124]
	⭕  Bike to 53 (1.2 min) +1
> 53 (16:56)
Rent:    [54, 72, 107]
Return:  [10, 12, 37, 46, 52, 53, 60, 80, 93, 122, 124]
	⭕  Walk to 47 (2.7 min) 
> 47 (16:59)
Rent:    [54, 72, 107]
Return:  [10, 12, 37, 46, 52, 53, 60, 80, 93, 122, 124]
	⭕  Bike to 53 (1.2 min) +1
> 53 (17:00)
Rent:    [54, 72, 106, 107]
Return:  [12, 28, 37, 46, 52, 53, 60, 80, 82, 87, 122, 124]
	⭕  Walk to 47 (2.7 min) 
> 47 (17:03)
Rent:    [54, 72, 106, 107]
Return:  [12, 28, 37, 46, 52, 53, 60, 80, 82, 87, 122, 124]
	⭕  Bike to 53 (1.2 min) +1
> 53 (17:04)
Rent:    [54, 72, 106, 107]
Return:  [12, 28, 37, 46, 52, 53, 60, 80, 82, 87, 122, 124]
	⭕  Walk to 47 (2.7 min) 
> 47 (17:06)
Rent:    [54, 72, 106, 107]
Return:  [12, 28, 37, 46, 52, 53, 60, 80, 82, 87, 122, 124]
	⭕  Bike to 53 (1.2 min) +1
> 53 (17:08)
Rent:    [54, 72, 106, 107]
Return:  [12, 28, 37, 46, 52, 53, 60, 80, 82, 87, 122, 124]
	⭕  Walk to 47 (2.7 min) 
> 47 (17:10)
Rent:    [54, 72, 106, 107]
Return:  [12, 28, 37, 46, 52, 53, 60, 80, 82, 87, 122, 124]
	⭕  Bike to 53 (1.2 min) +1
> 53 (17:12)
Rent:    [54, 72, 106, 107]
Return:  [12, 28, 37, 46, 52, 53, 60, 80, 82, 87, 122, 124]
	⭕  Walk to 47 (2.7 min) 
> 47 (17:14)
Rent:    [54, 72, 106, 107]
Return:  [12, 28, 37, 46, 52, 53, 60, 80, 82, 87, 122, 124]
	⭕  Bike to 53 (1.2 min) +1
> 53 (17:15)
Rent:    [54, 57, 72, 106, 107]
Return:  [10, 12, 19, 28, 37, 46, 52, 53, 60, 80, 82, 87, 92, 93, 122, 124]
	⭕  Walk to 47 (2.7 min) 
> 47 (17:18)
Rent:    [54, 57, 72, 106, 107]
Return:  [10, 12, 19, 28, 37, 46, 52, 53, 60, 80, 82, 87, 92, 93, 122, 124]
	⭕  Bike to 53 (1.2 min) +1
> 53 (17:19)
Rent:    [54, 57, 72, 106, 107]
Return:  [10, 12, 19, 28, 37, 46, 52, 53, 60, 80, 82, 87, 92, 93, 122, 124]
	⭕  Walk to 47 (2.7 min) 
> 47 (17:22)
Rent:    [54, 57, 72, 106, 107]
Return:  [10, 12, 19, 28, 37, 46, 52, 53, 60, 80, 82, 87, 92, 93, 122, 124]
	⭕  Bike to 53 (1.2 min) +1
> 53 (17:23)
Rent:    [54, 57, 72, 106, 107]
Return:  [10, 12, 19, 28, 37, 46, 52, 53, 60, 80, 82, 87, 92, 93, 122, 124]
	⭕  Walk to 47 (2.7 min) 
> 47 (17:26)
Rent:    [54, 57, 72, 106, 107]
Return:  [10, 12, 19, 28, 37, 46, 52, 53, 60, 80, 82, 87, 92, 93, 122, 124]
	⭕  Bike to 53 (1.2 min) +1
> 53 (17:27)
Rent:    [54, 57, 72, 106, 107]
Return:  [10, 12, 19, 28, 37, 46, 52, 53, 60, 80, 82, 87, 92, 93, 122, 124]
	⭕  Walk to 47 (2.7 min) 
> 47 (17:30)
Rent:    [54, 57, 72, 106, 107]
Return:  [10, 12, 28, 46, 52, 53, 60, 80, 87, 92, 93, 122, 124]
	⭕  Bike to 53 (1.2 min) +1
> 53 (17:31)
Rent:    [54, 57, 72, 106, 107]
Return:  [10, 12, 28, 46, 52, 53, 60, 80, 87, 92, 93, 122, 124]
	⭕  Walk to 30 (4.1 min) 
> 30 (17:35)
Rent:    [54, 57, 72, 106, 107]
Return:  [10, 12, 28, 46, 52, 53, 60, 80, 87, 92, 93, 122, 124]
	⭕  Bike to 87 (1.0 min) +1
> 87 (17:36)
Rent:    [54, 57, 72, 106, 107]
Return:  [10, 12, 28, 46, 52, 53, 60, 80, 87, 92, 93, 122, 124]
	⭕  Walk to 30 (2.6 min) 
> 30 (17:39)
Rent:    [54, 57, 72, 106, 107]
Return:  [10, 12, 28, 46, 52, 53, 60, 80, 87, 92, 93, 122, 124]
	⭕  Bike to 87 (1.0 min) +1
> 87 (17:40)
Rent:    [54, 57, 72, 106, 107]
Return:  [10, 12, 28, 46, 52, 53, 60, 80, 87, 92, 93, 122, 124]
	⭕  Walk to 30 (2.6 min) 
> 30 (17:43)
Rent:    [54, 57, 72, 106, 107]
Return:  [10, 12, 28, 46, 52, 53, 60, 80, 87, 92, 93, 122, 124]
	⭕  Bike to 87 (1.0 min) +1
> 87 (17:44)
Rent:    [54, 57, 72, 106, 107]
Return:  [10, 12, 28, 46, 52, 53, 60, 80, 87, 92, 93, 122, 124]
	⭕  Walk to 30 (2.6 min) 
> 30 (17:46)
Rent:    [54, 72, 106, 107]
Return:  [10, 12, 28, 37, 46, 53, 60, 66, 80, 82, 87, 92, 93, 122, 124]
	⭕  Bike to 87 (1.0 min) +1
> 87 (17:47)
Rent:    [54, 72, 106, 107]
Return:  [10, 12, 28, 37, 46, 53, 60, 66, 80, 82, 87, 92, 93, 122, 124]
	⭕  Walk to 30 (2.6 min) 
> 30 (17:50)
Rent:    [54, 72, 106, 107]
Return:  [10, 12, 28, 37, 46, 53, 60, 66, 80, 82, 87, 92, 93, 122, 124]
	⭕  Bike to 87 (1.0 min) +1
> 87 (17:51)
Rent:    [54, 72, 106, 107]
Return:  [10, 12, 28, 37, 46, 53, 60, 66, 80, 82, 87, 92, 93, 122, 124]
	⭕  Walk to 77 (6.0 min) 
> 77 (17:57)
Rent:    [54, 72, 106, 107]
Return:  [10, 12, 28, 37, 46, 53, 60, 66, 80, 82, 87, 92, 93, 122, 124]
	⭕  Bike to 66 (1.2 min) +1
> 66 (17:58)
Rent:    [54, 72, 106, 107]
Return:  [10, 12, 28, 37, 46, 53, 60, 66, 80, 82, 87, 92, 93, 122, 124]
	⭕  Walk to 102 (1.7 min) 
> 102 (18:00)
Rent:    [54, 106, 107]
Return:  [10, 11, 12, 28, 30, 37, 46, 53, 60, 66, 80, 82, 87, 92, 93, 104, 124]
	⭕  Bike to 66 (0.7 min) +1
> 66 (18:01)
Rent:    [54, 106, 107]
Return:  [10, 11, 12, 28, 30, 37, 46, 53, 60, 66, 80, 82, 87, 92, 93, 104, 124]
	⭕  Walk to 102 (1.7 min) 
> 102 (18:02)
Rent:    [54, 106, 107]
Return:  [10, 11, 12, 28, 30, 37, 46, 53, 60, 66, 80, 82, 87, 92, 93, 104, 124]
	⭕  Bike to 66 (0.7 min) +1
> 66 (18:03)
Rent:    [54, 106, 107]
Return:  [10, 11, 12, 28, 30, 37, 46, 53, 60, 66, 80, 82, 87, 92, 93, 104, 124]
	⭕  Walk to 102 (1.7 min) 
> 102 (18:05)
Rent:    [54, 106, 107]
Return:  [10, 11, 12, 28, 30, 37, 46, 53, 60, 66, 80, 82, 87, 92, 93, 104, 124]
	⭕  Bike to 66 (0.7 min) +1
> 66 (18:05)
Rent:    [54, 106, 107]
Return:  [10, 11, 12, 28, 30, 37, 46, 53, 60, 66, 80, 82, 87, 92, 93, 104, 124]
	⭕  Walk to 102 (1.7 min) 
> 102 (18:07)
Rent:    [54, 106, 107]
Return:  [10, 11, 12, 28, 30, 37, 46, 53, 60, 66, 80, 82, 87, 92, 93, 104, 124]
	⭕  Bike to 66 (0.7 min) +1
> 66 (18:08)
Rent:    [54, 106, 107]
Return:  [10, 11, 12, 28, 30, 37, 46, 53, 60, 66, 80, 82, 87, 92, 93, 104, 124]
	⭕  Walk to 102 (1.7 min) 
> 102 (18:10)
Rent:    [54, 106, 107]
Return:  [10, 11, 12, 28, 30, 37, 46, 53, 60, 66, 80, 82, 87, 92, 93, 104, 124]
	⭕  Bike to 66 (0.7 min) +1
> 66 (18:10)
Rent:    [54, 106, 107]
Return:  [10, 11, 12, 28, 30, 37, 46, 53, 60, 66, 80, 82, 87, 92, 93, 104, 124]
	⭕  Walk to 102 (1.7 min) 
> 102 (18:12)
Rent:    [54, 106, 107]
Return:  [10, 11, 12, 28, 30, 37, 46, 53, 60, 66, 80, 82, 87, 92, 93, 104, 124]
	⭕  Bike to 66 (0.7 min) +1
> 66 (18:13)
Rent:    [54, 106, 107]
Return:  [10, 11, 12, 28, 30, 37, 46, 53, 60, 66, 80, 82, 87, 92, 93, 104, 124]
	⭕  Walk to 102 (1.7 min) 
> 102 (18:14)
Rent:    [54, 106, 107]
Return:  [10, 11, 12, 28, 30, 37, 46, 53, 60, 66, 80, 82, 87, 92, 93, 104, 124]
	⭕  Bike to 66 (0.7 min) +1
> 66 (18:15)
Rent:    [54, 72, 106, 107]
Return:  [12, 21, 28, 30, 37, 46, 47, 53, 60, 66, 82, 87, 92, 93, 124]
	⭕  Walk to 102 (1.7 min) 
> 102 (18:17)
Rent:    [54, 72, 106, 107]
Return:  [12, 21, 28, 30, 37, 46, 47, 53, 60, 66, 82, 87, 92, 93, 124]
	⭕  Bike to 66 (0.7 min) +1
> 66 (18:17)
Rent:    [54, 72, 106, 107]
Return:  [12, 21, 28, 30, 37, 46, 47, 53, 60, 66, 82, 87, 92, 93, 124]
	⭕  Walk to 102 (1.7 min) 
> 102 (18:19)
Rent:    [54, 72, 106, 107]
Return:  [12, 21, 28, 30, 37, 46, 47, 53, 60, 66, 82, 87, 92, 93, 124]
	⭕  Bike to 66 (0.7 min) +1
> 66 (18:20)
Rent:    [54, 72, 106, 107]
Return:  [12, 21, 28, 30, 37, 46, 47, 53, 60, 66, 82, 87, 92, 93, 124]
	⭕  Walk to 77 (3.3 min) 
> 77 (18:23)
Rent:    [54, 72, 106, 107]
Return:  [12, 21, 28, 30, 37, 46, 47, 53, 60, 66, 82, 87, 92, 93, 124]
	⭕  Bike to 66 (1.2 min) +1
> 66 (18:24)
Rent:    [54, 72, 106, 107]
Return:  [12, 21, 28, 30, 37, 46, 47, 53, 60, 66, 82, 87, 92, 93, 124]
	⭕  Walk to 77 (3.3 min) 
> 77 (18:28)
Rent:    [54, 72, 106, 107]
Return:  [12, 21, 28, 30, 37, 46, 47, 53, 60, 66, 82, 87, 92, 93, 124]
	⭕  Bike to 66 (1.2 min) +1
> 66 (18:29)
Rent:    [54, 72, 106, 107]
Return:  [12, 21, 28, 30, 37, 46, 47, 53, 60, 66, 82, 87, 92, 93, 124]
	⭕  Walk to 77 (3.3 min) 
> 77 (18:32)
Rent:    [54, 57, 72, 106, 107]
Return:  [10, 11, 21, 28, 37, 46, 47, 52, 55, 60, 64, 66, 82, 87, 92, 93, 102, 124]
	⭕  Bike to 66 (1.2 min) +1
> 66 (18:33)
Rent:    [54, 57, 72, 106, 107]
Return:  [10, 11, 21, 28, 37, 46, 47, 52, 55, 60, 64, 66, 82, 87, 92, 93, 102, 124]
	⭕  Walk to 77 (3.3 min) 
> 77 (18:37)
Rent:    [54, 57, 72, 106, 107]
Return:  [10, 11, 21, 28, 37, 46, 47, 52, 55, 60, 64, 66, 82, 87, 92, 93, 102, 124]
	⭕  Bike to 66 (1.2 min) +1
> 66 (18:38)
Rent:    [54, 57, 72, 106, 107]
Return:  [10, 11, 21, 28, 37, 46, 47, 52, 55, 60, 64, 66, 82, 87, 92, 93, 102, 124]
	⭕  Walk to 77 (3.3 min) 
> 77 (18:41)
Rent:    [54, 57, 72, 106, 107]
Return:  [10, 11, 21, 28, 37, 46, 47, 52, 55, 60, 64, 66, 82, 87, 92, 93, 102, 124]
	⭕  Bike to 66 (1.2 min) +1
> 66 (18:42)
Rent:    [54, 57, 72, 106, 107]
Return:  [10, 11, 21, 28, 37, 46, 47, 52, 55, 60, 64, 66, 82, 87, 92, 93, 102, 124]
	⭕  Walk to 77 (3.3 min) 
> 77 (18:46)
Rent:    [54, 57, 106, 107]
Return:  [0, 10, 11, 12, 28, 37, 46, 47, 55, 60, 61, 64, 66, 82, 87, 92, 93, 102, 124]
	⭕  Bike to 66 (1.2 min) +1
> 66 (18:47)
Rent:    [54, 57, 106, 107]
Return:  [0, 10, 11, 12, 28, 37, 46, 47, 55, 60, 61, 64, 66, 82, 87, 92, 93, 102, 124]
	⭕  Walk to 77 (3.3 min) 
> 77 (18:50)
Rent:    [54, 57, 106, 107]
Return:  [0, 10, 11, 12, 28, 37, 46, 47, 55, 60, 61, 64, 66, 82, 87, 92, 93, 102, 124]
	⭕  Bike to 66 (1.2 min) +1
> 66 (18:51)
Rent:    [54, 57, 106, 107]
Return:  [0, 10, 11, 12, 28, 37, 46, 47, 55, 60, 61, 64, 66, 82, 87, 92, 93, 102, 124]
	⭕  Walk to 117 (5.4 min) 
> 117 (18:57)
Rent:    [54, 57, 106, 107]
Return:  [0, 10, 11, 12, 28, 37, 46, 47, 55, 60, 61, 64, 66, 82, 87, 92, 93, 102, 124]
	⭕  Bike to 28 (0.8 min) +1
> 28 (18:58)
Rent:    [54, 57, 106, 107]
Return:  [0, 10, 11, 12, 28, 37, 46, 47, 55, 60, 61, 64, 66, 82, 87, 92, 93, 102, 124]
	⭕  Walk to 117 (2.3 min) 
> 117 (19:00)
Rent:    [54, 57, 72, 106, 107, 114]
Return:  [0, 10, 11, 12, 19, 28, 37, 46, 47, 52, 53, 55, 60, 61, 64, 66, 77, 82, 92, 93, 102]
	⭕  Bike to 28 (0.8 min) +1
> 28 (19:01)
Rent:    [54, 57, 72, 106, 107, 114]
Return:  [0, 10, 11, 12, 19, 28, 37, 46, 47, 52, 53, 55, 60, 61, 64, 66, 77, 82, 92, 93, 102]
	⭕  Walk to 27 (4.1 min) 
> 27 (19:05)
Rent:    [54, 57, 72, 106, 107, 114]
Return:  [0, 10, 11, 12, 19, 28, 37, 46, 47, 52, 53, 55, 60, 61, 64, 66, 77, 82, 92, 93, 102]
	⭕  Bike to 28 (1.4 min) +1
> 28 (19:06)
Rent:    [54, 57, 72, 106, 107, 114]
Return:  [0, 10, 11, 12, 19, 28, 37, 46, 47, 52, 53, 55, 60, 61, 64, 66, 77, 82, 92, 93, 102]
	⭕  Walk to 27 (4.1 min) 
> 27 (19:10)
Rent:    [54, 57, 72, 106, 107, 114]
Return:  [0, 10, 11, 12, 19, 28, 37, 46, 47, 52, 53, 55, 60, 61, 64, 66, 77, 82, 92, 93, 102]
	⭕  Bike to 66 (2.2 min) +1
> 66 (19:12)
Rent:    [54, 57, 72, 106, 107, 114]
Return:  [0, 10, 11, 12, 19, 28, 37, 46, 47, 52, 53, 55, 60, 61, 64, 66, 77, 82, 92, 93, 102]
	⭕  Walk to 30 (5.9 min) 
> 30 (19:18)
Rent:    [54, 57, 72, 98, 106, 107]
Return:  [0, 3, 10, 12, 14, 19, 27, 28, 35, 37, 46, 52, 55, 60, 61, 64, 66, 82, 87, 92, 93, 102]
	⭕  Bike to 87 (1.0 min) +1
> 87 (19:19)
Rent:    [54, 57, 72, 98, 106, 107]
Return:  [0, 3, 10, 12, 14, 19, 27, 28, 35, 37, 46, 52, 55, 60, 61, 64, 66, 82, 87, 92, 93, 102]
	⭕  Walk to 77 (6.0 min) 
> 77 (19:25)
Rent:    [54, 57, 72, 98, 106, 107]
Return:  [0, 3, 10, 12, 14, 19, 27, 28, 35, 37, 46, 52, 55, 60, 61, 64, 66, 82, 87, 92, 93, 102]
	⭕  Bike to 66 (1.2 min) +1
> 66 (19:27)
Rent:    [54, 57, 72, 98, 106, 107]
Return:  [0, 3, 10, 12, 14, 19, 27, 28, 35, 37, 46, 52, 55, 60, 61, 64, 66, 82, 87, 92, 93, 102]
	⭕  Walk to 30 (5.9 min) 
> 30 (19:32)
Rent:    [54, 57, 72, 98, 106, 107]
Return:  [10, 12, 19, 27, 28, 29, 35, 37, 46, 53, 55, 60, 61, 64, 66, 77, 82, 87, 92, 93, 104, 121]
	⭕  Bike to 87 (1.0 min) +1
> 87 (19:33)
Rent:    [54, 57, 72, 98, 106, 107]
Return:  [10, 12, 19, 27, 28, 29, 35, 37, 46, 53, 55, 60, 61, 64, 66, 77, 82, 87, 92, 93, 104, 121]
	⭕  Walk to 30 (2.6 min) 
> 30 (19:36)
Rent:    [54, 57, 72, 98, 106, 107]
Return:  [10, 12, 19, 27, 28, 29, 35, 37, 46, 53, 55, 60, 61, 64, 66, 77, 82, 87, 92, 93, 104, 121]
	⭕  Bike to 87 (1.0 min) +1
> 87 (19:37)
Rent:    [54, 57, 72, 98, 106, 107]
Return:  [10, 12, 19, 27, 28, 29, 35, 37, 46, 53, 55, 60, 61, 64, 66, 77, 82, 87, 92, 93, 104, 121]
	⭕  Walk to 30 (2.6 min) 
> 30 (19:40)
Rent:    [54, 57, 72, 98, 106, 107]
Return:  [10, 12, 19, 27, 28, 29, 35, 37, 46, 53, 55, 60, 61, 64, 66, 77, 82, 87, 92, 93, 104, 121]
	⭕  Bike to 87 (1.0 min) +1
> 87 (19:41)
Rent:    [54, 57, 72, 98, 106, 107]
Return:  [10, 12, 19, 27, 28, 29, 35, 37, 46, 53, 55, 60, 61, 64, 66, 77, 82, 87, 92, 93, 104, 121]
	⭕  Walk to 30 (2.6 min) 
> 30 (19:43)
Rent:    [54, 57, 72, 98, 106, 107]
Return:  [10, 12, 19, 27, 28, 29, 35, 37, 46, 53, 55, 60, 61, 64, 66, 77, 82, 87, 92, 93, 104, 121]
	⭕  Bike to 87 (1.0 min) +1
> 87 (19:44)
Rent:    [54, 57, 72, 98, 106, 107]
Return:  [10, 12, 19, 27, 28, 29, 35, 37, 46, 53, 55, 60, 61, 64, 66, 77, 82, 87, 92, 93, 104, 121]
	⭕  Walk to 102 (6.6 min) 
> 102 (19:51)
Rent:    [54, 57, 72, 98, 106, 107, 115]
Return:  [10, 11, 12, 19, 21, 27, 28, 37, 46, 50, 52, 53, 55, 60, 61, 64, 66, 77, 82, 87, 92, 93, 104, 121]
	⭕  Bike to 28 (0.9 min) +1
> 28 (19:52)
Rent:    [54, 57, 72, 98, 106, 107, 115]
Return:  [10, 11, 12, 19, 21, 27, 28, 37, 46, 50, 52, 53, 55, 60, 61, 64, 66, 77, 82, 87, 92, 93, 104, 121]
	⭕  Walk to 105 (4.2 min) 
> 105 (19:56)
Rent:    [54, 57, 72, 98, 106, 107, 115]
Return:  [10, 11, 12, 19, 21, 27, 28, 37, 46, 50, 52, 53, 55, 60, 61, 64, 66, 77, 82, 87, 92, 93, 104, 121]
	⭕  Bike to 27 (1.3 min) +1
> 27 (19:57)
Rent:    [54, 57, 72, 98, 106, 107, 115]
Return:  [10, 11, 12, 19, 21, 27, 28, 37, 46, 50, 52, 53, 55, 60, 61, 64, 66, 77, 82, 87, 92, 93, 104, 121]
	⭕  Walk to 117 (1.9 min) 
> 117 (19:59)
Rent:    [54, 57, 72, 98, 106, 107, 115]
Return:  [10, 11, 12, 19, 21, 27, 28, 37, 46, 50, 52, 53, 55, 60, 61, 64, 66, 77, 82, 87, 92, 93, 104, 121]
	⭕  Bike to 27 (0.9 min) +1
> 27 (20:00)
Rent:    [54, 57, 98, 106, 107, 114, 115]
Return:  [10, 11, 12, 19, 21, 24, 27, 28, 37, 46, 50, 53, 55, 60, 61, 64, 66, 77, 82, 87, 93, 104, 121]
	⭕  Walk to 105 (2.7 min) 
> 105 (20:03)
Rent:    [54, 57, 98, 106, 107, 114, 115]
Return:  [10, 11, 12, 19, 21, 24, 27, 28, 37, 46, 50, 53, 55, 60, 61, 64, 66, 77, 82, 87, 93, 104, 121]
	⭕  Bike to 27 (1.3 min) +1
> 27 (20:04)
Rent:    [54, 57, 98, 106, 107, 114, 115]
Return:  [10, 11, 12, 19, 21, 24, 27, 28, 37, 46, 50, 53, 55, 60, 61, 64, 66, 77, 82, 87, 93, 104, 121]
	⭕  Walk to 105 (2.7 min) 
> 105 (20:07)
Rent:    [54, 57, 98, 106, 107, 114, 115]
Return:  [10, 11, 12, 19, 21, 24, 27, 28, 37, 46, 50, 53, 55, 60, 61, 64, 66, 77, 82, 87, 93, 104, 121]
	⭕  Bike to 28 (1.3 min) +1
> 28 (20:08)
Rent:    [54, 57, 98, 106, 107, 114, 115]
Return:  [10, 11, 12, 19, 21, 24, 27, 28, 37, 46, 50, 53, 55, 60, 61, 64, 66, 77, 82, 87, 93, 104, 121]
	⭕  Walk to 102 (3.0 min) 
> 102 (20:11)
Rent:    [54, 57, 98, 106, 107, 114, 115]
Return:  [10, 11, 12, 19, 21, 24, 27, 28, 37, 46, 50, 53, 55, 60, 61, 64, 66, 77, 82, 87, 93, 104, 121]
	⭕  Bike to 66 (0.7 min) +1
> 66 (20:12)
Rent:    [54, 57, 98, 106, 107, 114, 115]
Return:  [10, 11, 12, 19, 21, 24, 27, 28, 37, 46, 50, 53, 55, 60, 61, 64, 66, 77, 82, 87, 93, 104, 121]
	⭕  Walk to 102 (1.7 min) 
> 102 (20:14)
Rent:    [54, 57, 98, 106, 107, 114, 115]
Return:  [10, 11, 12, 19, 21, 24, 27, 28, 37, 46, 50, 53, 55, 60, 61, 64, 66, 77, 82, 87, 93, 104, 121]
	⭕  Bike to 66 (0.7 min) +1
> 66 (20:14)
Rent:    [54, 57, 98, 106, 107, 114, 115]
Return:  [10, 11, 12, 19, 21, 24, 27, 28, 37, 46, 50, 53, 55, 60, 61, 64, 66, 77, 82, 87, 93, 104, 121]
	⭕  Walk to 102 (1.7 min) 
> 102 (20:16)
Rent:    [6, 54, 57, 72, 98, 106, 107, 114, 115]
Return:  [8, 10, 12, 19, 21, 24, 27, 28, 37, 46, 50, 53, 55, 60, 64, 66, 77, 82, 87, 88, 92, 93, 104]
	⭕  Bike to 66 (0.7 min) +1
> 66 (20:17)
Rent:    [6, 54, 57, 72, 98, 106, 107, 114, 115]
Return:  [8, 10, 12, 19, 21, 24, 27, 28, 37, 46, 50, 53, 55, 60, 64, 66, 77, 82, 87, 88, 92, 93, 104]
	⭕  Walk to 52 (2.4 min) 
> 52 (20:19)
Rent:    [6, 54, 57, 72, 98, 106, 107, 114, 115]
Return:  [8, 10, 12, 19, 21, 24, 27, 28, 37, 46, 50, 53, 55, 60, 64, 66, 77, 82, 87, 88, 92, 93, 104]
	⭕  Bike to 66 (1.1 min) +1
> 66 (20:20)
Rent:    [6, 54, 57, 72, 98, 106, 107, 114, 115]
Return:  [8, 10, 12, 19, 21, 24, 27, 28, 37, 46, 50, 53, 55, 60, 64, 66, 77, 82, 87, 88, 92, 93, 104]
	⭕  Walk to 102 (1.7 min) 
> 102 (20:22)
Rent:    [6, 54, 57, 72, 98, 106, 107, 114, 115]
Return:  [8, 10, 12, 19, 21, 24, 27, 28, 37, 46, 50, 53, 55, 60, 64, 66, 77, 82, 87, 88, 92, 93, 104]
	⭕  Bike to 66 (0.7 min) +1
> 66 (20:23)
Rent:    [6, 54, 57, 72, 98, 106, 107, 114, 115]
Return:  [8, 10, 12, 19, 21, 24, 27, 28, 37, 46, 50, 53, 55, 60, 64, 66, 77, 82, 87, 88, 92, 93, 104]
	⭕  Walk to 102 (1.7 min) 
> 102 (20:24)
Rent:    [6, 54, 57, 72, 98, 106, 107, 114, 115]
Return:  [8, 10, 12, 19, 21, 24, 27, 28, 37, 46, 50, 53, 55, 60, 64, 66, 77, 82, 87, 88, 92, 93, 104]
	⭕  Bike to 66 (0.7 min) +1
> 66 (20:25)
Rent:    [6, 54, 57, 72, 98, 106, 107, 114, 115]
Return:  [8, 10, 12, 19, 21, 24, 27, 28, 37, 46, 50, 53, 55, 60, 64, 66, 77, 82, 87, 88, 92, 93, 104]
	⭕  Walk to 52 (2.4 min) 
> 52 (20:27)
Rent:    [6, 54, 57, 72, 98, 106, 107, 114, 115]
Return:  [8, 10, 12, 19, 21, 24, 27, 28, 37, 46, 50, 53, 55, 60, 64, 66, 77, 82, 87, 88, 92, 93, 104]
	⭕  Bike to 66 (1.1 min) +1
> 66 (20:29)
Rent:    [6, 54, 57, 72, 98, 106, 107, 114, 115]
Return:  [8, 10, 12, 19, 21, 24, 27, 28, 37, 46, 50, 53, 55, 60, 64, 66, 77, 82, 87, 88, 92, 93, 104]
	⭕  Walk to 52 (2.4 min) 
> 52 (20:31)
Rent:    [6, 54, 57, 72, 98, 106, 107, 114, 115]
Return:  [8, 10, 12, 19, 21, 24, 27, 28, 37, 46, 50, 55, 60, 64, 66, 77, 82, 87, 88, 93, 117, 121, 122]
	⭕  Bike to 66 (1.1 min) +1
> 66 (20:32)
Rent:    [6, 54, 57, 72, 98, 106, 107, 114, 115]
Return:  [8, 10, 12, 19, 21, 24, 27, 28, 37, 46, 50, 55, 60, 64, 66, 77, 82, 87, 88, 93, 117, 121, 122]
	⭕  Walk to 52 (2.4 min) 
> 52 (20:34)
Rent:    [6, 54, 57, 72, 98, 106, 107, 114, 115]
Return:  [8, 10, 12, 19, 21, 24, 27, 28, 37, 46, 50, 55, 60, 64, 66, 77, 82, 87, 88, 93, 117, 121, 122]
	⭕  Bike to 66 (1.1 min) +1
> 66 (20:36)
Rent:    [6, 54, 57, 72, 98, 106, 107, 114, 115]
Return:  [8, 10, 12, 19, 21, 24, 27, 28, 37, 46, 50, 55, 60, 64, 66, 77, 82, 87, 88, 93, 117, 121, 122]
	⭕  Walk to 52 (2.4 min) 
> 52 (20:38)
Rent:    [6, 54, 57, 72, 98, 106, 107, 114, 115]
Return:  [8, 10, 12, 19, 21, 24, 27, 28, 37, 46, 50, 55, 60, 64, 66, 77, 82, 87, 88, 93, 117, 121, 122]
	⭕  Bike to 66 (1.1 min) +1
> 66 (20:39)
Rent:    [6, 54, 57, 72, 98, 106, 107, 114, 115]
Return:  [8, 10, 12, 19, 21, 24, 27, 28, 37, 46, 50, 55, 60, 64, 66, 77, 82, 87, 88, 93, 117, 121, 122]
	⭕  Walk to 102 (1.7 min) 
> 102 (20:41)
Rent:    [6, 54, 57, 72, 98, 106, 107, 114, 115]
Return:  [8, 10, 12, 19, 21, 24, 27, 28, 37, 46, 50, 55, 60, 64, 66, 77, 82, 87, 88, 93, 117, 121, 122]
	⭕  Bike to 66 (0.7 min) +1
> 66 (20:41)
Rent:    [6, 54, 57, 72, 98, 106, 107, 114, 115]
Return:  [8, 10, 12, 19, 21, 24, 27, 28, 37, 46, 50, 55, 60, 64, 66, 77, 82, 87, 88, 93, 117, 121, 122]
	⭕  Walk to 105 (7.0 min) 
> 105 (20:48)
Rent:    [6, 54, 57, 72, 98, 100, 106, 107, 114, 115]
Return:  [8, 10, 12, 19, 21, 24, 27, 28, 29, 35, 37, 46, 50, 53, 55, 60, 64, 66, 77, 82, 87, 88, 92, 93, 104, 117, 121]
	⭕  Bike to 117 (0.7 min) +1
> 117 (20:49)
Rent:    [6, 54, 57, 72, 98, 100, 106, 107, 114, 115]
Return:  [8, 10, 12, 19, 21, 24, 27, 28, 29, 35, 37, 46, 50, 53, 55, 60, 64, 66, 77, 82, 87, 88, 92, 93, 104, 117, 121]
	⭕  Walk to 105 (2.0 min) 
> 105 (20:51)
Rent:    [6, 54, 57, 72, 98, 100, 106, 107, 114, 115]
Return:  [8, 10, 12, 19, 21, 24, 27, 28, 29, 35, 37, 46, 50, 53, 55, 60, 64, 66, 77, 82, 87, 88, 92, 93, 104, 117, 121]
	⭕  Bike to 117 (0.7 min) +1
> 117 (20:52)
Rent:    [6, 54, 57, 72, 98, 100, 106, 107, 114, 115]
Return:  [8, 10, 12, 19, 21, 24, 27, 28, 29, 35, 37, 46, 50, 53, 55, 60, 64, 66, 77, 82, 87, 88, 92, 93, 104, 117, 121]
	⭕  Walk to 105 (2.0 min) 
> 105 (20:54)
Rent:    [6, 54, 57, 72, 98, 100, 106, 107, 114, 115]
Return:  [8, 10, 12, 19, 21, 24, 27, 28, 29, 35, 37, 46, 50, 53, 55, 60, 64, 66, 77, 82, 87, 88, 92, 93, 104, 117, 121]
	⭕  Bike to 117 (0.7 min) +1
> 117 (20:55)
Rent:    [6, 54, 57, 72, 98, 100, 106, 107, 114, 115]
Return:  [8, 10, 12, 19, 21, 24, 27, 28, 29, 35, 37, 46, 50, 53, 55, 60, 64, 66, 77, 82, 87, 88, 92, 93, 104, 117, 121]
	⭕  Walk to 102 (5.1 min) 
> 102 (21:00)
Rent:    [6, 54, 57, 72, 98, 100, 106, 107, 114, 115]
Return:  [8, 11, 19, 21, 24, 27, 28, 37, 46, 50, 53, 55, 60, 64, 66, 77, 82, 87, 88, 117, 121]
	⭕  Bike to 82 (1.4 min) +1
> 82 (21:01)
Rent:    [6, 54, 57, 72, 98, 100, 106, 107, 114, 115]
Return:  [8, 11, 19, 21, 24, 27, 28, 37, 46, 50, 53, 55, 60, 64, 66, 77, 82, 87, 88, 117, 121]
	⭕  Walk to 103 (10.0 min) 
> 103 (21:11)
Rent:    [6, 54, 57, 72, 98, 100, 106, 107, 114, 115]
Return:  [8, 11, 19, 21, 24, 27, 28, 37, 46, 50, 53, 55, 60, 64, 66, 77, 82, 87, 88, 117, 121]
	⭕  Bike to 8 (2.0 min) +1
> 8 (21:13)
Rent:    [6, 54, 57, 72, 98, 100, 106, 107, 114, 115]
Return:  [8, 11, 19, 21, 24, 27, 28, 37, 46, 50, 53, 55, 60, 64, 66, 77, 82, 87, 88, 117, 121]
	⭕  Walk to 5 (2.6 min) 
> 5 (21:16)
Rent:    [6, 48, 54, 57, 72, 79, 81, 98, 100, 106, 107, 114, 115]
Return:  [8, 10, 11, 12, 21, 24, 27, 28, 37, 46, 47, 50, 53, 55, 60, 61, 64, 66, 77, 82, 87, 88, 92, 104, 105, 117, 118, 121]
	⭕  Bike to 50 (1.0 min) +1
> 50 (21:17)
Rent:    [6, 48, 54, 57, 72, 79, 81, 98, 100, 106, 107, 114, 115]
Return:  [8, 10, 11, 12, 21, 24, 27, 28, 37, 46, 47, 50, 53, 55, 60, 61, 64, 66, 77, 82, 87, 88, 92, 104, 105, 117, 118, 121]
	⭕  Walk to 5 (2.5 min) 
> 5 (21:19)
Rent:    [6, 48, 54, 57, 72, 79, 81, 98, 100, 106, 107, 114, 115]
Return:  [8, 10, 11, 12, 21, 24, 27, 28, 37, 46, 47, 50, 53, 55, 60, 61, 64, 66, 77, 82, 87, 88, 92, 104, 105, 117, 118, 121]
	⭕  Bike to 50 (1.0 min) +1
> 50 (21:20)
Rent:    [6, 48, 54, 57, 72, 79, 81, 98, 100, 106, 107, 114, 115]
Return:  [8, 10, 11, 12, 21, 24, 27, 28, 37, 46, 47, 50, 53, 55, 60, 61, 64, 66, 77, 82, 87, 88, 92, 104, 105, 117, 118, 121]
	⭕  Walk to 5 (2.5 min) 
> 5 (21:23)
Rent:    [6, 48, 54, 57, 72, 79, 81, 98, 100, 106, 107, 114, 115]
Return:  [8, 10, 11, 12, 21, 24, 27, 28, 37, 46, 47, 50, 53, 55, 60, 61, 64, 66, 77, 82, 87, 88, 92, 104, 105, 117, 118, 121]
	⭕  Bike to 50 (1.0 min) +1
> 50 (21:24)
Rent:    [6, 48, 54, 57, 72, 79, 81, 98, 100, 106, 107, 114, 115]
Return:  [8, 10, 11, 12, 21, 24, 27, 28, 37, 46, 47, 50, 53, 55, 60, 61, 64, 66, 77, 82, 87, 88, 92, 104, 105, 117, 118, 121]
	⭕  Walk to 5 (2.5 min) 
> 5 (21:26)
Rent:    [6, 48, 54, 57, 72, 79, 81, 98, 100, 106, 107, 114, 115]
Return:  [8, 10, 11, 12, 21, 24, 27, 28, 37, 46, 47, 50, 53, 55, 60, 61, 64, 66, 77, 82, 87, 88, 92, 104, 105, 117, 118, 121]
	⭕  Bike to 50 (1.0 min) +1
> 50 (21:27)
Rent:    [6, 48, 54, 57, 72, 79, 81, 98, 100, 106, 107, 114, 115]
Return:  [8, 10, 11, 12, 21, 24, 27, 28, 37, 46, 47, 50, 53, 55, 60, 61, 64, 66, 77, 82, 87, 88, 92, 104, 105, 117, 118, 121]
	⭕  Walk to 5 (2.5 min) 
> 5 (21:30)
Rent:    [6, 48, 54, 57, 72, 79, 98, 100, 106, 107, 114, 115]
Return:  [0, 8, 11, 12, 14, 19, 24, 27, 28, 37, 39, 46, 50, 52, 55, 60, 61, 64, 66, 77, 82, 87, 88, 92, 104, 105, 117, 118, 121]
	⭕  Bike to 50 (1.0 min) +1
> 50 (21:31)
Rent:    [6, 48, 54, 57, 72, 79, 98, 100, 106, 107, 114, 115]
Return:  [0, 8, 11, 12, 14, 19, 24, 27, 28, 37, 39, 46, 50, 52, 55, 60, 61, 64, 66, 77, 82, 87, 88, 92, 104, 105, 117, 118, 121]
	⭕  Walk to 103 (4.9 min) 
> 103 (21:35)
Rent:    [6, 48, 54, 57, 72, 79, 98, 100, 106, 107, 114, 115]
Return:  [0, 8, 11, 12, 14, 19, 24, 27, 28, 37, 39, 46, 50, 52, 55, 60, 61, 64, 66, 77, 82, 87, 88, 92, 104, 105, 117, 118, 121]
	⭕  Bike to 8 (2.0 min) +1
> 8 (21:37)
Rent:    [6, 48, 54, 57, 72, 79, 98, 100, 106, 107, 114, 115]
Return:  [0, 8, 11, 12, 14, 19, 24, 27, 28, 37, 39, 46, 50, 52, 55, 60, 61, 64, 66, 77, 82, 87, 88, 92, 104, 105, 117, 118, 121]
	⭕  Walk to 4 (2.5 min) 
> 4 (21:40)
Rent:    [6, 48, 54, 57, 72, 79, 98, 100, 106, 107, 114, 115]
Return:  [0, 8, 11, 12, 14, 19, 24, 27, 28, 37, 39, 46, 50, 52, 55, 60, 61, 64, 66, 77, 82, 87, 88, 92, 104, 105, 117, 118, 121]
	⭕  Bike to 8 (1.4 min) +1
> 8 (21:41)
Rent:    [6, 48, 54, 57, 72, 79, 98, 100, 106, 107, 114, 115]
Return:  [0, 8, 11, 12, 14, 19, 24, 27, 28, 37, 39, 46, 50, 52, 55, 60, 61, 64, 66, 77, 82, 87, 88, 92, 104, 105, 117, 118, 121]
	⭕  Walk to 4 (2.5 min) 
> 4 (21:44)
Rent:    [6, 48, 54, 57, 72, 79, 98, 100, 106, 107, 114, 115]
Return:  [0, 8, 11, 12, 14, 19, 24, 27, 28, 37, 39, 46, 50, 52, 55, 60, 61, 64, 66, 77, 82, 87, 88, 92, 104, 105, 117, 118, 121]
	⭕  Bike to 8 (1.4 min) +1
> 8 (21:45)
Rent:    [6, 44, 48, 54, 57, 72, 79, 81, 98, 100, 106, 107, 114, 115]
Return:  [0, 5, 8, 10, 11, 12, 14, 19, 24, 27, 28, 37, 39, 46, 50, 55, 60, 61, 64, 66, 77, 82, 87, 88, 93, 104, 105, 117, 118, 121]
	⭕  Walk to 4 (2.5 min) 
> 4 (21:48)
Rent:    [6, 44, 48, 54, 57, 72, 79, 81, 98, 100, 106, 107, 114, 115]
Return:  [0, 5, 8, 10, 11, 12, 14, 19, 24, 27, 28, 37, 39, 46, 50, 55, 60, 61, 64, 66, 77, 82, 87, 88, 93, 104, 105, 117, 118, 121]
	⭕  Bike to 8 (1.4 min) +1
> 8 (21:49)
Rent:    [6, 44, 48, 54, 57, 72, 79, 81, 98, 100, 106, 107, 114, 115]
Return:  [0, 5, 8, 10, 11, 12, 14, 19, 24, 27, 28, 37, 39, 46, 50, 55, 60, 61, 64, 66, 77, 82, 87, 88, 93, 104, 105, 117, 118, 121]
	⭕  Walk to 4 (2.5 min) 
> 4 (21:52)
Rent:    [6, 44, 48, 54, 57, 72, 79, 81, 98, 100, 106, 107, 114, 115]
Return:  [0, 5, 8, 10, 11, 12, 14, 19, 24, 27, 28, 37, 39, 46, 50, 55, 60, 61, 64, 66, 77, 82, 87, 88, 93, 104, 105, 117, 118, 121]
	⭕  Bike to 8 (1.4 min) +1
> 8 (21:53)
Rent:    [6, 44, 48, 54, 57, 72, 79, 81, 98, 100, 106, 107, 114, 115]
Return:  [0, 5, 8, 10, 11, 12, 14, 19, 24, 27, 28, 37, 39, 46, 50, 55, 60, 61, 64, 66, 77, 82, 87, 88, 93, 104, 105, 117, 118, 121]
	⭕  Walk to 4 (2.5 min) 
> 4 (21:55)
Rent:    [6, 44, 48, 54, 57, 72, 79, 81, 98, 100, 106, 107, 114, 115]
Return:  [0, 5, 8, 10, 11, 12, 14, 19, 24, 27, 28, 37, 39, 46, 50, 55, 60, 61, 64, 66, 77, 82, 87, 88, 93, 104, 105, 117, 118, 121]
	⭕  Bike to 8 (1.4 min) +1
> 8 (21:57)
Rent:    [6, 44, 48, 54, 57, 72, 79, 81, 98, 100, 106, 107, 114, 115]
Return:  [0, 5, 8, 10, 11, 12, 14, 19, 24, 27, 28, 37, 39, 46, 50, 55, 60, 61, 64, 66, 77, 82, 87, 88, 93, 104, 105, 117, 118, 121]
	⭕  Walk to 4 (2.5 min) 
> 4 (21:59)
Rent:    [6, 44, 48, 54, 57, 72, 79, 81, 98, 100, 106, 107, 114, 115]
Return:  [0, 5, 8, 10, 11, 12, 14, 19, 24, 27, 28, 37, 39, 46, 50, 55, 60, 61, 64, 66, 77, 82, 87, 88, 93, 104, 105, 117, 118, 121]
	⭕  Bike to 8 (1.4 min) +1
> 8 (22:01)
Rent:    [6, 44, 54, 57, 79, 81, 98, 100, 106, 107, 114, 115]
Return:  [0, 5, 8, 10, 12, 19, 24, 27, 28, 39, 46, 47, 50, 52, 55, 60, 61, 64, 66, 77, 82, 87, 88, 93, 104, 105, 117, 118, 121]
	⭕  Walk to 4 (2.5 min) 
> 4 (22:03)
Rent:    [6, 44, 54, 57, 79, 81, 98, 100, 106, 107, 114, 115]
Return:  [0, 5, 8, 10, 12, 19, 24, 27, 28, 39, 46, 47, 50, 52, 55, 60, 61, 64, 66, 77, 82, 87, 88, 93, 104, 105, 117, 118, 121]
	⭕  Bike to 8 (1.4 min) +1
> 8 (22:05)
Rent:    [6, 44, 54, 57, 79, 81, 98, 100, 106, 107, 114, 115]
Return:  [0, 5, 8, 10, 12, 19, 24, 27, 28, 39, 46, 47, 50, 52, 55, 60, 61, 64, 66, 77, 82, 87, 88, 93, 104, 105, 117, 118, 121]
	⭕  Walk to 33 (4.9 min) 
> 33 (22:10)
Rent:    [6, 44, 54, 57, 79, 81, 98, 100, 106, 107, 114, 115]
Return:  [0, 5, 8, 10, 12, 19, 24, 27, 28, 39, 46, 47, 50, 52, 55, 60, 61, 64, 66, 77, 82, 87, 88, 93, 104, 105, 117, 118, 121]
	⭕  Bike to 5 (0.9 min) +1
> 5 (22:10)
Rent:    [6, 44, 54, 57, 79, 81, 98, 100, 106, 107, 114, 115]
Return:  [0, 5, 8, 10, 12, 19, 24, 27, 28, 39, 46, 47, 50, 52, 55, 60, 61, 64, 66, 77, 82, 87, 88, 93, 104, 105, 117, 118, 121]
	⭕  Walk to 33 (3.0 min) 
> 33 (22:14)
Rent:    [6, 44, 54, 57, 79, 81, 98, 100, 106, 107, 114, 115]
Return:  [0, 5, 8, 10, 12, 19, 24, 27, 28, 39, 46, 47, 50, 52, 55, 60, 61, 64, 66, 77, 82, 87, 88, 93, 104, 105, 117, 118, 121]
	⭕  Bike to 5 (0.9 min) +1
> 5 (22:14)
Rent:    [6, 44, 54, 57, 79, 81, 98, 100, 106, 107, 114, 115]
Return:  [0, 5, 8, 10, 12, 19, 24, 27, 28, 39, 46, 47, 50, 52, 55, 60, 61, 64, 66, 77, 82, 87, 88, 93, 104, 105, 117, 118, 121]
	⭕  Walk to 33 (3.0 min) 
> 33 (22:17)
Rent:    [6, 44, 54, 57, 72, 79, 81, 98, 100, 106, 107, 114, 115]
Return:  [0, 3, 5, 10, 11, 12, 19, 20, 21, 24, 27, 28, 39, 46, 47, 50, 52, 55, 60, 61, 64, 66, 77, 82, 87, 88, 93, 104, 117, 121]
	⭕  Bike to 5 (0.9 min) +1
> 5 (22:18)
Rent:    [6, 44, 54, 57, 72, 79, 81, 98, 100, 106, 107, 114, 115]
Return:  [0, 3, 5, 10, 11, 12, 19, 20, 21, 24, 27, 28, 39, 46, 47, 50, 52, 55, 60, 61, 64, 66, 77, 82, 87, 88, 93, 104, 117, 121]
	⭕  Walk to 33 (3.0 min) 
> 33 (22:21)
Rent:    [6, 44, 54, 57, 72, 79, 81, 98, 100, 106, 107, 114, 115]
Return:  [0, 3, 5, 10, 11, 12, 19, 20, 21, 24, 27, 28, 39, 46, 47, 50, 52, 55, 60, 61, 64, 66, 77, 82, 87, 88, 93, 104, 117, 121]
	⭕  Bike to 5 (0.9 min) +1
> 5 (22:22)
Rent:    [6, 44, 54, 57, 72, 79, 81, 98, 100, 106, 107, 114, 115]
Return:  [0, 3, 5, 10, 11, 12, 19, 20, 21, 24, 27, 28, 39, 46, 47, 50, 52, 55, 60, 61, 64, 66, 77, 82, 87, 88, 93, 104, 117, 121]
	⭕  Walk to 33 (3.0 min) 
> 33 (22:25)
Rent:    [6, 44, 54, 57, 72, 79, 81, 98, 100, 106, 107, 114, 115]
Return:  [0, 3, 5, 10, 11, 12, 19, 20, 21, 24, 27, 28, 39, 46, 47, 50, 52, 55, 60, 61, 64, 66, 77, 82, 87, 88, 93, 104, 117, 121]
	⭕  Bike to 5 (0.9 min) +1
> 5 (22:26)
Rent:    [6, 44, 54, 57, 72, 79, 81, 98, 100, 106, 107, 114, 115]
Return:  [0, 3, 5, 10, 11, 12, 19, 20, 21, 24, 27, 28, 39, 46, 47, 50, 52, 55, 60, 61, 64, 66, 77, 82, 87, 88, 93, 104, 117, 121]
	⭕  Walk to 33 (3.0 min) 
> 33 (22:29)
Rent:    [6, 44, 54, 57, 72, 79, 81, 98, 100, 106, 107, 114, 115]
Return:  [0, 3, 5, 10, 11, 12, 19, 20, 21, 24, 27, 28, 39, 46, 47, 50, 52, 55, 60, 61, 64, 66, 77, 82, 87, 88, 93, 104, 117, 121]
	⭕  Bike to 5 (0.9 min) +1
> 5 (22:30)
Rent:    [6, 54, 57, 72, 79, 81, 98, 100, 106, 107, 114, 115]
Return:  [0, 3, 5, 10, 11, 12, 14, 19, 21, 24, 27, 28, 46, 47, 50, 52, 55, 60, 61, 64, 66, 77, 82, 87, 88, 92, 93, 117, 121]
	⭕  Walk to 33 (3.0 min) 
> 33 (22:33)
Rent:    [6, 54, 57, 72, 79, 81, 98, 100, 106, 107, 114, 115]
Return:  [0, 3, 5, 10, 11, 12, 14, 19, 21, 24, 27, 28, 46, 47, 50, 52, 55, 60, 61, 64, 66, 77, 82, 87, 88, 92, 93, 117, 121]
	⭕  Bike to 5 (0.9 min) +1
> 5 (22:34)
Rent:    [6, 54, 57, 72, 79, 81, 98, 100, 106, 107, 114, 115]
Return:  [0, 3, 5, 10, 11, 12, 14, 19, 21, 24, 27, 28, 46, 47, 50, 52, 55, 60, 61, 64, 66, 77, 82, 87, 88, 92, 93, 117, 121]
	⭕  Walk to 33 (3.0 min) 
> 33 (22:37)
Rent:    [6, 54, 57, 72, 79, 81, 98, 100, 106, 107, 114, 115]
Return:  [0, 3, 5, 10, 11, 12, 14, 19, 21, 24, 27, 28, 46, 47, 50, 52, 55, 60, 61, 64, 66, 77, 82, 87, 88, 92, 93, 117, 121]
	⭕  Bike to 5 (0.9 min) +1
> 5 (22:38)
Rent:    [6, 54, 57, 72, 79, 81, 98, 100, 106, 107, 114, 115]
Return:  [0, 3, 5, 10, 11, 12, 14, 19, 21, 24, 27, 28, 46, 47, 50, 52, 55, 60, 61, 64, 66, 77, 82, 87, 88, 92, 93, 117, 121]
	⭕  Walk to 33 (3.0 min) 
> 33 (22:41)
Rent:    [6, 54, 57, 72, 79, 81, 98, 100, 106, 107, 114, 115]
Return:  [0, 3, 5, 10, 11, 12, 14, 19, 21, 24, 27, 28, 46, 47, 50, 52, 55, 60, 61, 64, 66, 77, 82, 87, 88, 92, 93, 117, 121]
	⭕  Bike to 5 (0.9 min) +1
> 5 (22:42)
Rent:    [6, 54, 57, 72, 79, 81, 98, 100, 106, 107, 114, 115]
Return:  [0, 3, 5, 10, 11, 12, 14, 19, 21, 24, 27, 28, 46, 47, 50, 52, 55, 60, 61, 64, 66, 77, 82, 87, 88, 92, 93, 117, 121]
	⭕  Walk to 33 (3.0 min) 
> 33 (22:45)
Rent:    [2, 6, 48, 54, 57, 72, 79, 81, 98, 100, 106, 107, 114, 115]
Return:  [0, 3, 5, 8, 10, 12, 19, 20, 21, 24, 26, 27, 28, 39, 46, 47, 50, 55, 58, 60, 61, 64, 66, 77, 82, 87, 88, 102, 104, 105, 117, 121]
	⭕  Bike to 5 (0.9 min) +1
> 5 (22:46)
Rent:    [2, 6, 48, 54, 57, 72, 79, 81, 98, 100, 106, 107, 114, 115]
Return:  [0, 3, 5, 8, 10, 12, 19, 20, 21, 24, 26, 27, 28, 39, 46, 47, 50, 55, 58, 60, 61, 64, 66, 77, 82, 87, 88, 102, 104, 105, 117, 121]
	⭕  Walk to 33 (3.0 min) 
> 33 (22:49)
Rent:    [2, 6, 48, 54, 57, 72, 79, 81, 98, 100, 106, 107, 114, 115]
Return:  [0, 3, 5, 8, 10, 12, 19, 20, 21, 24, 26, 27, 28, 39, 46, 47, 50, 55, 58, 60, 61, 64, 66, 77, 82, 87, 88, 102, 104, 105, 117, 121]
	⭕  Bike to 20 (1.3 min) +1
> 20 (22:51)
Rent:    [2, 6, 48, 54, 57, 72, 79, 81, 98, 100, 106, 107, 114, 115]
Return:  [0, 3, 5, 8, 10, 12, 19, 20, 21, 24, 26, 27, 28, 39, 46, 47, 50, 55, 58, 60, 61, 64, 66, 77, 82, 87, 88, 102, 104, 105, 117, 121]
	⭕  Walk to 33 (3.2 min) 
> 33 (22:54)
Rent:    [2, 6, 48, 54, 57, 72, 79, 81, 98, 100, 106, 107, 114, 115]
Return:  [0, 3, 5, 8, 10, 12, 19, 20, 21, 24, 26, 27, 28, 39, 46, 47, 50, 55, 58, 60, 61, 64, 66, 77, 82, 87, 88, 102, 104, 105, 117, 121]
	⭕  Bike to 5 (0.9 min) +1
> 5 (22:55)
Rent:    [2, 6, 48, 54, 57, 72, 79, 81, 98, 100, 106, 107, 114, 115]
Return:  [0, 3, 5, 8, 10, 12, 19, 20, 21, 24, 26, 27, 28, 39, 46, 47, 50, 55, 58, 60, 61, 64, 66, 77, 82, 87, 88, 102, 104, 105, 117, 121]
	🔵  End excursion
	⭕  Walk to 5 (0.0 min) 
> 5 (22:55)

---------- Excursion Complete ----------
End time: 22:55
Final station: 5
Bike count: 103
Walk count: 103
Wait count: 0
Total reward: 103
Seed: 3110700143

