Generated random seed: 3772872630
---------- Starting Excursion -----------
Warmup time: 4.0 hours
Start time: 16:00 
Excursion time: 7.0 hours

> 1 (16:00)
Rent:    [106, 107]
Return:  [10, 12, 28, 33, 35, 37, 46, 53, 64, 93]
	⭕  Bike to 53 (3.0 min) +1
> 53 (16:03)
Rent:    [106, 107]
Return:  [10, 12, 28, 33, 35, 37, 46, 53, 64, 93]
	⭕  Walk to 87 (1.6 min) 
> 87 (16:04)
Rent:    [106, 107]
Return:  [10, 12, 28, 33, 35, 37, 46, 53, 64, 93]
	⭕  Bike to 53 (0.6 min) +1
> 53 (16:05)
Rent:    [106, 107]
Return:  [10, 12, 28, 33, 35, 37, 46, 53, 64, 93]
	⭕  Walk to 87 (1.6 min) 
> 87 (16:06)
Rent:    [106, 107]
Return:  [10, 12, 28, 33, 35, 37, 46, 53, 64, 93]
	⭕  Bike to 53 (0.6 min) +1
> 53 (16:07)
Rent:    [106, 107]
Return:  [10, 12, 28, 33, 35, 37, 46, 53, 64, 93]
	⭕  Walk to 87 (1.6 min) 
> 87 (16:08)
Rent:    [106, 107]
Return:  [10, 12, 28, 33, 35, 37, 46, 53, 64, 93]
	⭕  Bike to 53 (0.6 min) +1
> 53 (16:09)
Rent:    [106, 107]
Return:  [10, 12, 28, 33, 35, 37, 46, 53, 64, 93]
	⭕  Walk to 87 (1.6 min) 
> 87 (16:11)
Rent:    [106, 107]
Return:  [10, 12, 28, 33, 35, 37, 46, 53, 64, 93]
	⭕  Bike to 53 (0.6 min) +1
> 53 (16:11)
Rent:    [106, 107]
Return:  [10, 12, 28, 33, 35, 37, 46, 53, 64, 93]
	⭕  Walk to 47 (2.7 min) 
> 47 (16:14)
Rent:    [106, 107]
Return:  [10, 12, 28, 33, 35, 37, 46, 53, 64, 93]
	⭕  Bike to 53 (1.2 min) +1
> 53 (16:15)
Rent:    [99, 106, 107]
Return:  [12, 28, 35, 37, 45, 46, 53, 64, 87, 93]
	⭕  Walk to 47 (2.7 min) 
> 47 (16:18)
Rent:    [99, 106, 107]
Return:  [12, 28, 35, 37, 45, 46, 53, 64, 87, 93]
	⭕  Bike to 53 (1.2 min) +1
> 53 (16:19)
Rent:    [99, 106, 107]
Return:  [12, 28, 35, 37, 45, 46, 53, 64, 87, 93]
	⭕  Walk to 47 (2.7 min) 
> 47 (16:22)
Rent:    [99, 106, 107]
Return:  [12, 28, 35, 37, 45, 46, 53, 64, 87, 93]
	⭕  Bike to 53 (1.2 min) +1
> 53 (16:23)
Rent:    [99, 106, 107]
Return:  [12, 28, 35, 37, 45, 46, 53, 64, 87, 93]
	⭕  Walk to 47 (2.7 min) 
> 47 (16:26)
Rent:    [99, 106, 107]
Return:  [12, 28, 35, 37, 45, 46, 53, 64, 87, 93]
	⭕  Bike to 53 (1.2 min) +1
> 53 (16:27)
Rent:    [99, 106, 107]
Return:  [12, 28, 35, 37, 45, 46, 53, 64, 87, 93]
	⭕  Walk to 47 (2.7 min) 
> 47 (16:29)
Rent:    [99, 106, 107]
Return:  [12, 28, 35, 37, 45, 46, 53, 64, 87, 93]
	⭕  Bike to 53 (1.2 min) +1
> 53 (16:31)
Rent:    [106, 107]
Return:  [0, 12, 28, 35, 37, 45, 46, 53, 64, 87, 93]
	⭕  Walk to 47 (2.7 min) 
> 47 (16:33)
Rent:    [106, 107]
Return:  [0, 12, 28, 35, 37, 45, 46, 53, 64, 87, 93]
	⭕  Bike to 53 (1.2 min) +1
> 53 (16:35)
Rent:    [106, 107]
Return:  [0, 12, 28, 35, 37, 45, 46, 53, 64, 87, 93]
	⭕  Walk to 47 (2.7 min) 
> 47 (16:37)
Rent:    [106, 107]
Return:  [0, 12, 28, 35, 37, 45, 46, 53, 64, 87, 93]
	⭕  Bike to 53 (1.2 min) +1
> 53 (16:39)
Rent:    [106, 107]
Return:  [0, 12, 28, 35, 37, 45, 46, 53, 64, 87, 93]
	⭕  Walk to 47 (2.7 min) 
> 47 (16:41)
Rent:    [106, 107]
Return:  [0, 12, 28, 35, 37, 45, 46, 53, 64, 87, 93]
	⭕  Bike to 53 (1.2 min) +1
> 53 (16:42)
Rent:    [106, 107]
Return:  [0, 12, 28, 35, 37, 45, 46, 53, 64, 87, 93]
	⭕  Walk to 47 (2.7 min) 
> 47 (16:45)
Rent:    [99, 106, 107]
Return:  [0, 12, 28, 33, 37, 45, 46, 53, 64, 87, 93]
	⭕  Bike to 53 (1.2 min) +1
> 53 (16:46)
Rent:    [99, 106, 107]
Return:  [0, 12, 28, 33, 37, 45, 46, 53, 64, 87, 93]
	⭕  Walk to 47 (2.7 min) 
> 47 (16:49)
Rent:    [99, 106, 107]
Return:  [0, 12, 28, 33, 37, 45, 46, 53, 64, 87, 93]
	⭕  Bike to 53 (1.2 min) +1
> 53 (16:50)
Rent:    [99, 106, 107]
Return:  [0, 12, 28, 33, 37, 45, 46, 53, 64, 87, 93]
	⭕  Walk to 47 (2.7 min) 
> 47 (16:53)
Rent:    [99, 106, 107]
Return:  [0, 12, 28, 33, 37, 45, 46, 53, 64, 87, 93]
	⭕  Bike to 53 (1.2 min) +1
> 53 (16:54)
Rent:    [99, 106, 107]
Return:  [0, 12, 28, 33, 37, 45, 46, 53, 64, 87, 93]
	⭕  Walk to 47 (2.7 min) 
> 47 (16:57)
Rent:    [99, 106, 107]
Return:  [0, 12, 28, 33, 37, 45, 46, 53, 64, 87, 93]
	⭕  Bike to 53 (1.2 min) +1
> 53 (16:58)
Rent:    [99, 106, 107]
Return:  [0, 12, 28, 33, 37, 45, 46, 53, 64, 87, 93]
	⭕  Walk to 47 (2.7 min) 
> 47 (17:01)
Rent:    [99, 106, 107]
Return:  [0, 12, 28, 33, 37, 46, 53, 60, 64, 87, 93, 104]
	⭕  Bike to 53 (1.2 min) +1
> 53 (17:02)
Rent:    [99, 106, 107]
Return:  [0, 12, 28, 33, 37, 46, 53, 60, 64, 87, 93, 104]
	⭕  Walk to 82 (4.0 min) 
> 82 (17:06)
Rent:    [99, 106, 107]
Return:  [0, 12, 28, 33, 37, 46, 53, 60, 64, 87, 93, 104]
	⭕  Bike to 87 (1.0 min) +1
> 87 (17:07)
Rent:    [99, 106, 107]
Return:  [0, 12, 28, 33, 37, 46, 53, 60, 64, 87, 93, 104]
	⭕  Walk to 30 (2.6 min) 
> 30 (17:10)
Rent:    [99, 106, 107]
Return:  [0, 12, 28, 33, 37, 46, 53, 60, 64, 87, 93, 104]
	⭕  Bike to 87 (1.0 min) +1
> 87 (17:11)
Rent:    [99, 106, 107]
Return:  [0, 12, 28, 33, 37, 46, 53, 60, 64, 87, 93, 104]
	⭕  Walk to 30 (2.6 min) 
> 30 (17:13)
Rent:    [99, 106, 107]
Return:  [0, 12, 28, 33, 37, 46, 53, 60, 64, 87, 93, 104]
	⭕  Bike to 87 (1.0 min) +1
> 87 (17:14)
Rent:    [99, 106, 107]
Return:  [0, 12, 28, 33, 37, 46, 53, 60, 64, 87, 93, 104]
	⭕  Walk to 30 (2.6 min) 
> 30 (17:17)
Rent:    [99, 106, 107, 115]
Return:  [28, 33, 35, 37, 46, 47, 53, 60, 64, 87, 93]
	⭕  Bike to 87 (1.0 min) +1
> 87 (17:18)
Rent:    [99, 106, 107, 115]
Return:  [28, 33, 35, 37, 46, 47, 53, 60, 64, 87, 93]
	⭕  Walk to 30 (2.6 min) 
> 30 (17:21)
Rent:    [99, 106, 107, 115]
Return:  [28, 33, 35, 37, 46, 47, 53, 60, 64, 87, 93]
	⭕  Bike to 87 (1.0 min) +1
> 87 (17:22)
Rent:    [99, 106, 107, 115]
Return:  [28, 33, 35, 37, 46, 47, 53, 60, 64, 87, 93]
	⭕  Walk to 30 (2.6 min) 
> 30 (17:24)
Rent:    [99, 106, 107, 115]
Return:  [28, 33, 35, 37, 46, 47, 53, 60, 64, 87, 93]
	⭕  Bike to 87 (1.0 min) +1
> 87 (17:25)
Rent:    [99, 106, 107, 115]
Return:  [28, 33, 35, 37, 46, 47, 53, 60, 64, 87, 93]
	⭕  Walk to 82 (2.7 min) 
> 82 (17:28)
Rent:    [99, 106, 107, 115]
Return:  [28, 33, 35, 37, 46, 47, 53, 60, 64, 87, 93]
	⭕  Bike to 87 (1.0 min) +1
> 87 (17:29)
Rent:    [99, 106, 107, 115]
Return:  [28, 33, 35, 37, 46, 47, 53, 60, 64, 87, 93]
	⭕  Walk to 82 (2.7 min) 
> 82 (17:32)
Rent:    [79, 99, 106, 107, 114, 115]
Return:  [10, 12, 28, 29, 30, 33, 34, 35, 37, 45, 46, 53, 60, 64, 87, 92, 93, 121]
	⭕  Bike to 30 (1.0 min) +1
> 30 (17:33)
Rent:    [79, 99, 106, 107, 114, 115]
Return:  [10, 12, 28, 29, 30, 33, 34, 35, 37, 45, 46, 53, 60, 64, 87, 92, 93, 121]
	⭕  Walk to 82 (2.3 min) 
> 82 (17:35)
Rent:    [79, 99, 106, 107, 114, 115]
Return:  [10, 12, 28, 29, 30, 33, 34, 35, 37, 45, 46, 53, 60, 64, 87, 92, 93, 121]
	⭕  Bike to 30 (1.0 min) +1
> 30 (17:36)
Rent:    [79, 99, 106, 107, 114, 115]
Return:  [10, 12, 28, 29, 30, 33, 34, 35, 37, 45, 46, 53, 60, 64, 87, 92, 93, 121]
	⭕  Walk to 82 (2.3 min) 
> 82 (17:38)
Rent:    [79, 99, 106, 107, 114, 115]
Return:  [10, 12, 28, 29, 30, 33, 34, 35, 37, 45, 46, 53, 60, 64, 87, 92, 93, 121]
	⭕  Bike to 30 (1.0 min) +1
> 30 (17:39)
Rent:    [79, 99, 106, 107, 114, 115]
Return:  [10, 12, 28, 29, 30, 33, 34, 35, 37, 45, 46, 53, 60, 64, 87, 92, 93, 121]
	⭕  Walk to 82 (2.3 min) 
> 82 (17:42)
Rent:    [79, 99, 106, 107, 114, 115]
Return:  [10, 12, 28, 29, 30, 33, 34, 35, 37, 45, 46, 53, 60, 64, 87, 92, 93, 121]
	⭕  Bike to 30 (1.0 min) +1
> 30 (17:43)
Rent:    [79, 99, 106, 107, 114, 115]
Return:  [10, 12, 28, 29, 30, 33, 34, 35, 37, 45, 46, 53, 60, 64, 87, 92, 93, 121]
	⭕  Walk to 77 (3.4 min) 
> 77 (17:46)
Rent:    [79, 81, 95, 99, 106, 107, 114, 115]
Return:  [0, 5, 10, 12, 26, 28, 30, 33, 34, 35, 37, 45, 46, 47, 50, 53, 60, 64, 87, 92, 93, 121, 122]
	⭕  Bike to 28 (2.3 min) +1
> 28 (17:48)
Rent:    [79, 81, 95, 99, 106, 107, 114, 115]
Return:  [0, 5, 10, 12, 26, 28, 30, 33, 34, 35, 37, 45, 46, 47, 50, 53, 60, 64, 87, 92, 93, 121, 122]
	⭕  Walk to 117 (2.3 min) 
> 117 (17:51)
Rent:    [79, 81, 95, 99, 106, 107, 114, 115]
Return:  [0, 5, 10, 12, 26, 28, 30, 33, 34, 35, 37, 45, 46, 47, 50, 53, 60, 64, 87, 92, 93, 121, 122]
	⭕  Bike to 28 (0.8 min) +1
> 28 (17:52)
Rent:    [79, 81, 95, 99, 106, 107, 114, 115]
Return:  [0, 5, 10, 12, 26, 28, 30, 33, 34, 35, 37, 45, 46, 47, 50, 53, 60, 64, 87, 92, 93, 121, 122]
	⭕  Walk to 27 (4.1 min) 
> 27 (17:56)
Rent:    [79, 81, 95, 99, 106, 107, 114, 115]
Return:  [0, 5, 10, 12, 26, 28, 30, 33, 34, 35, 37, 45, 46, 47, 50, 53, 60, 64, 87, 92, 93, 121, 122]
	⭕  Bike to 28 (1.4 min) +1
> 28 (17:57)
Rent:    [79, 81, 95, 99, 106, 107, 114, 115]
Return:  [0, 5, 10, 12, 26, 28, 30, 33, 34, 35, 37, 45, 46, 47, 50, 53, 60, 64, 87, 92, 93, 121, 122]
	⭕  Walk to 117 (2.3 min) 
> 117 (17:59)
Rent:    [79, 81, 95, 99, 106, 107, 114, 115]
Return:  [0, 5, 10, 12, 26, 28, 30, 33, 34, 35, 37, 45, 46, 47, 50, 53, 60, 64, 87, 92, 93, 121, 122]
	⭕  Bike to 28 (0.8 min) +1
> 28 (18:00)
Rent:    [79, 81, 95, 99, 106, 107, 114, 115]
Return:  [0, 10, 12, 21, 26, 27, 28, 30, 33, 34, 37, 45, 46, 47, 50, 53, 55, 60, 64, 87, 92, 93, 121, 122]
	⭕  Walk to 102 (3.0 min) 
> 102 (18:03)
Rent:    [79, 81, 95, 99, 106, 107, 114, 115]
Return:  [0, 10, 12, 21, 26, 27, 28, 30, 33, 34, 37, 45, 46, 47, 50, 53, 55, 60, 64, 87, 92, 93, 121, 122]
	⭕  Bike to 28 (0.9 min) +1
> 28 (18:04)
Rent:    [79, 81, 95, 99, 106, 107, 114, 115]
Return:  [0, 10, 12, 21, 26, 27, 28, 30, 33, 34, 37, 45, 46, 47, 50, 53, 55, 60, 64, 87, 92, 93, 121, 122]
	⭕  Walk to 105 (4.2 min) 
> 105 (18:08)
Rent:    [79, 81, 95, 99, 106, 107, 114, 115]
Return:  [0, 10, 12, 21, 26, 27, 28, 30, 33, 34, 37, 45, 46, 47, 50, 53, 55, 60, 64, 87, 92, 93, 121, 122]
	⭕  Bike to 27 (1.3 min) +1
> 27 (18:09)
Rent:    [79, 81, 95, 99, 106, 107, 114, 115]
Return:  [0, 10, 12, 21, 26, 27, 28, 30, 33, 34, 37, 45, 46, 47, 50, 53, 55, 60, 64, 87, 92, 93, 121, 122]
	⭕  Walk to 105 (2.7 min) 
> 105 (18:12)
Rent:    [79, 81, 95, 99, 106, 107, 114, 115]
Return:  [0, 10, 12, 21, 26, 27, 28, 30, 33, 34, 37, 45, 46, 47, 50, 53, 55, 60, 64, 87, 92, 93, 121, 122]
	⭕  Bike to 27 (1.3 min) +1
> 27 (18:13)
Rent:    [79, 81, 95, 99, 106, 107, 114, 115]
Return:  [0, 10, 12, 21, 26, 27, 28, 30, 33, 34, 37, 45, 46, 47, 50, 53, 55, 60, 64, 87, 92, 93, 121, 122]
	⭕  Walk to 105 (2.7 min) 
> 105 (18:16)
Rent:    [79, 81, 95, 99, 107, 114, 115]
Return:  [10, 12, 21, 27, 28, 30, 33, 35, 37, 45, 46, 47, 50, 53, 55, 60, 64, 80, 87, 92, 93, 102, 121]
	⭕  Bike to 102 (2.6 min) +1
> 102 (18:19)
Rent:    [79, 81, 95, 99, 107, 114, 115]
Return:  [10, 12, 21, 27, 28, 30, 33, 35, 37, 45, 46, 47, 50, 53, 55, 60, 64, 80, 87, 92, 93, 102, 121]
	⭕  Walk to 66 (1.7 min) 
> 66 (18:20)
Rent:    [79, 81, 95, 99, 107, 114, 115]
Return:  [10, 12, 21, 27, 28, 30, 33, 35, 37, 45, 46, 47, 50, 53, 55, 60, 64, 80, 87, 92, 93, 102, 121]
	⭕  Bike to 102 (1.6 min) +1
> 102 (18:22)
Rent:    [79, 81, 95, 99, 107, 114, 115]
Return:  [10, 12, 21, 27, 28, 30, 33, 35, 37, 45, 46, 47, 50, 53, 55, 60, 64, 80, 87, 92, 93, 102, 121]
	⭕  Walk to 66 (1.7 min) 
> 66 (18:24)
Rent:    [79, 81, 95, 99, 107, 114, 115]
Return:  [10, 12, 21, 27, 28, 30, 33, 35, 37, 45, 46, 47, 50, 53, 55, 60, 64, 80, 87, 92, 93, 102, 121]
	⭕  Bike to 102 (1.6 min) +1
> 102 (18:25)
Rent:    [79, 81, 95, 99, 107, 114, 115]
Return:  [10, 12, 21, 27, 28, 30, 33, 35, 37, 45, 46, 47, 50, 53, 55, 60, 64, 80, 87, 92, 93, 102, 121]
	⭕  Walk to 66 (1.7 min) 
> 66 (18:27)
Rent:    [79, 81, 95, 99, 107, 114, 115]
Return:  [10, 12, 21, 27, 28, 30, 33, 35, 37, 45, 46, 47, 50, 53, 55, 60, 64, 80, 87, 92, 93, 102, 121]
	⭕  Bike to 102 (1.6 min) +1
> 102 (18:29)
Rent:    [79, 81, 95, 99, 107, 114, 115]
Return:  [10, 12, 21, 27, 28, 30, 33, 35, 37, 45, 46, 47, 50, 53, 55, 60, 64, 80, 87, 92, 93, 102, 121]
	⭕  Walk to 82 (4.1 min) 
> 82 (18:33)
Rent:    [79, 81, 95, 99, 106, 107, 114, 115]
Return:  [0, 5, 10, 12, 14, 21, 24, 27, 28, 30, 33, 35, 37, 45, 46, 47, 53, 55, 60, 61, 64, 80, 87, 88, 92, 93, 102, 104, 121]
	⭕  Bike to 30 (1.0 min) +1
> 30 (18:34)
Rent:    [79, 81, 95, 99, 106, 107, 114, 115]
Return:  [0, 5, 10, 12, 14, 21, 24, 27, 28, 30, 33, 35, 37, 45, 46, 47, 53, 55, 60, 61, 64, 80, 87, 88, 92, 93, 102, 104, 121]
	⭕  Walk to 82 (2.3 min) 
> 82 (18:36)
Rent:    [79, 81, 95, 99, 106, 107, 114, 115]
Return:  [0, 5, 10, 12, 14, 21, 24, 27, 28, 30, 33, 35, 37, 45, 46, 47, 53, 55, 60, 61, 64, 80, 87, 88, 92, 93, 102, 104, 121]
	⭕  Bike to 30 (1.0 min) +1
> 30 (18:37)
Rent:    [79, 81, 95, 99, 106, 107, 114, 115]
Return:  [0, 5, 10, 12, 14, 21, 24, 27, 28, 30, 33, 35, 37, 45, 46, 47, 53, 55, 60, 61, 64, 80, 87, 88, 92, 93, 102, 104, 121]
	⭕  Walk to 77 (3.4 min) 
> 77 (18:41)
Rent:    [79, 81, 95, 99, 106, 107, 114, 115]
Return:  [0, 5, 10, 12, 14, 21, 24, 27, 28, 30, 33, 35, 37, 45, 46, 47, 53, 55, 60, 61, 64, 80, 87, 88, 92, 93, 102, 104, 121]
	⭕  Bike to 102 (1.7 min) +1
> 102 (18:42)
Rent:    [79, 81, 95, 99, 106, 107, 114, 115]
Return:  [0, 5, 10, 12, 14, 21, 24, 27, 28, 30, 33, 35, 37, 45, 46, 47, 53, 55, 60, 61, 64, 80, 87, 88, 92, 93, 102, 104, 121]
	⭕  Walk to 66 (1.7 min) 
> 66 (18:44)
Rent:    [79, 81, 95, 99, 106, 107, 114, 115]
Return:  [0, 5, 10, 12, 14, 21, 24, 27, 28, 30, 33, 35, 37, 45, 46, 47, 53, 55, 60, 61, 64, 80, 87, 88, 92, 93, 102, 104, 121]
	⭕  Bike to 102 (1.6 min) +1
> 102 (18:46)
Rent:    [32, 79, 81, 95, 99, 106, 107, 114, 115]
Return:  [0, 5, 10, 12, 14, 21, 27, 28, 29, 30, 33, 35, 37, 45, 46, 47, 50, 53, 55, 60, 61, 64, 74, 77, 80, 87, 88, 92, 93, 102, 104, 117, 121]
	⭕  Walk to 105 (7.0 min) 
> 105 (18:52)
Rent:    [32, 79, 81, 95, 99, 106, 107, 114, 115]
Return:  [0, 5, 10, 12, 14, 21, 27, 28, 29, 30, 33, 35, 37, 45, 46, 47, 50, 53, 55, 60, 61, 64, 74, 77, 80, 87, 88, 92, 93, 102, 104, 117, 121]
	⭕  Bike to 117 (0.7 min) +1
> 117 (18:53)
Rent:    [32, 79, 81, 95, 99, 106, 107, 114, 115]
Return:  [0, 5, 10, 12, 14, 21, 27, 28, 29, 30, 33, 35, 37, 45, 46, 47, 50, 53, 55, 60, 61, 64, 74, 77, 80, 87, 88, 92, 93, 102, 104, 117, 121]
	⭕  Walk to 105 (2.0 min) 
> 105 (18:55)
Rent:    [32, 79, 81, 95, 99, 106, 107, 114, 115]
Return:  [0, 5, 10, 12, 14, 21, 27, 28, 29, 30, 33, 35, 37, 45, 46, 47, 50, 53, 55, 60, 61, 64, 74, 77, 80, 87, 88, 92, 93, 102, 104, 117, 121]
	⭕  Bike to 117 (0.7 min) +1
> 117 (18:56)
Rent:    [32, 79, 81, 95, 99, 106, 107, 114, 115]
Return:  [0, 5, 10, 12, 14, 21, 27, 28, 29, 30, 33, 35, 37, 45, 46, 47, 50, 53, 55, 60, 61, 64, 74, 77, 80, 87, 88, 92, 93, 102, 104, 117, 121]
	⭕  Walk to 66 (5.4 min) 
> 66 (19:01)
Rent:    [32, 54, 79, 81, 98, 99, 106, 107, 114, 115]
Return:  [0, 5, 10, 12, 21, 24, 27, 28, 30, 35, 37, 46, 50, 53, 55, 60, 61, 64, 77, 80, 87, 88, 92, 102, 105, 117, 121, 124]
	⭕  Bike to 102 (1.6 min) +1
> 102 (19:03)
Rent:    [32, 54, 79, 81, 98, 99, 106, 107, 114, 115]
Return:  [0, 5, 10, 12, 21, 24, 27, 28, 30, 35, 37, 46, 50, 53, 55, 60, 61, 64, 77, 80, 87, 88, 92, 102, 105, 117, 121, 124]
	⭕  Walk to 52 (4.0 min) 
> 52 (19:07)
Rent:    [32, 54, 79, 81, 98, 99, 106, 107, 114, 115]
Return:  [0, 5, 10, 12, 21, 24, 27, 28, 30, 35, 37, 46, 50, 53, 55, 60, 61, 64, 77, 80, 87, 88, 92, 102, 105, 117, 121, 124]
	⭕  Bike to 77 (1.8 min) +1
> 77 (19:09)
Rent:    [32, 54, 79, 81, 98, 99, 106, 107, 114, 115]
Return:  [0, 5, 10, 12, 21, 24, 27, 28, 30, 35, 37, 46, 50, 53, 55, 60, 61, 64, 77, 80, 87, 88, 92, 102, 105, 117, 121, 124]
	⭕  Walk to 52 (3.3 min) 
> 52 (19:12)
Rent:    [32, 54, 79, 81, 98, 99, 106, 107, 114, 115]
Return:  [0, 5, 10, 12, 21, 24, 27, 28, 30, 35, 37, 46, 50, 53, 55, 60, 61, 64, 77, 80, 87, 88, 92, 102, 105, 117, 121, 124]
	⭕  Bike to 77 (1.8 min) +1
> 77 (19:14)
Rent:    [32, 54, 79, 81, 98, 99, 106, 107, 114, 115]
Return:  [0, 5, 10, 12, 21, 24, 27, 28, 30, 35, 37, 46, 50, 53, 55, 60, 61, 64, 77, 80, 87, 88, 92, 102, 105, 117, 121, 124]
	⭕  Walk to 52 (3.3 min) 
> 52 (19:17)
Rent:    [6, 32, 79, 81, 98, 99, 106, 107, 114, 115]
Return:  [0, 5, 10, 12, 21, 24, 27, 28, 30, 33, 35, 37, 46, 50, 53, 55, 60, 61, 64, 77, 80, 82, 87, 88, 92, 93, 102, 117, 121, 124]
	⭕  Bike to 77 (1.8 min) +1
> 77 (19:19)
Rent:    [6, 32, 79, 81, 98, 99, 106, 107, 114, 115]
Return:  [0, 5, 10, 12, 21, 24, 27, 28, 30, 33, 35, 37, 46, 50, 53, 55, 60, 61, 64, 77, 80, 82, 87, 88, 92, 93, 102, 117, 121, 124]
	⭕  Walk to 52 (3.3 min) 
> 52 (19:22)
Rent:    [6, 32, 79, 81, 98, 99, 106, 107, 114, 115]
Return:  [0, 5, 10, 12, 21, 24, 27, 28, 30, 33, 35, 37, 46, 50, 53, 55, 60, 61, 64, 77, 80, 82, 87, 88, 92, 93, 102, 117, 121, 124]
	⭕  Bike to 77 (1.8 min) +1
> 77 (19:24)
Rent:    [6, 32, 79, 81, 98, 99, 106, 107, 114, 115]
Return:  [0, 5, 10, 12, 21, 24, 27, 28, 30, 33, 35, 37, 46, 50, 53, 55, 60, 61, 64, 77, 80, 82, 87, 88, 92, 93, 102, 117, 121, 124]
	⭕  Walk to 52 (3.3 min) 
> 52 (19:28)
Rent:    [6, 32, 79, 81, 98, 99, 106, 107, 114, 115]
Return:  [0, 5, 10, 12, 21, 24, 27, 28, 30, 33, 35, 37, 46, 50, 53, 55, 60, 61, 64, 77, 80, 82, 87, 88, 92, 93, 102, 117, 121, 124]
	⭕  Bike to 77 (1.8 min) +1
> 77 (19:29)
Rent:    [6, 32, 79, 81, 98, 99, 106, 107, 114, 115]
Return:  [0, 5, 10, 12, 21, 24, 27, 28, 30, 33, 35, 37, 46, 50, 53, 55, 60, 61, 64, 77, 80, 82, 87, 88, 92, 93, 102, 117, 121, 124]
	⭕  Walk to 103 (14 min) 
> 103 (19:43)
Rent:    [6, 32, 67, 79, 81, 98, 99, 106, 107, 114, 115]
Return:  [0, 5, 10, 21, 24, 27, 28, 30, 33, 37, 45, 46, 47, 50, 53, 55, 60, 61, 64, 66, 77, 80, 82, 87, 88, 92, 93, 102, 105, 117, 121, 124]
	⭕  Bike to 55 (2.1 min) +1
> 55 (19:45)
Rent:    [6, 32, 67, 72, 79, 81, 98, 99, 106, 107, 114, 115]
Return:  [0, 5, 10, 21, 24, 26, 27, 28, 30, 33, 34, 37, 45, 46, 50, 52, 53, 55, 60, 61, 64, 66, 77, 80, 82, 87, 88, 92, 93, 102, 105, 117, 121, 124]
	⭕  Walk to 12 (4.7 min) 
> 12 (19:50)
Rent:    [6, 32, 67, 72, 79, 81, 98, 99, 106, 107, 114, 115]
Return:  [0, 5, 10, 21, 24, 26, 27, 28, 30, 33, 34, 37, 45, 46, 50, 52, 53, 55, 60, 61, 64, 66, 77, 80, 82, 87, 88, 92, 93, 102, 105, 117, 121, 124]
	⭕  Bike to 93 (1.5 min) +1
> 93 (19:51)
Rent:    [6, 32, 67, 72, 79, 81, 98, 99, 106, 107, 114, 115]
Return:  [0, 5, 10, 21, 24, 26, 27, 28, 30, 33, 34, 37, 45, 46, 50, 52, 53, 55, 60, 61, 64, 66, 77, 80, 82, 87, 88, 92, 93, 102, 105, 117, 121, 124]
	⭕  Walk to 8 (5.9 min) 
> 8 (19:57)
Rent:    [6, 32, 67, 72, 79, 81, 98, 99, 106, 107, 114, 115]
Return:  [0, 5, 10, 21, 24, 26, 27, 28, 30, 33, 34, 37, 45, 46, 50, 52, 53, 55, 60, 61, 64, 66, 77, 80, 82, 87, 88, 92, 93, 102, 105, 117, 121, 124]
	⭕  Bike to 5 (1.9 min) +1
> 5 (19:59)
Rent:    [6, 32, 67, 72, 79, 81, 98, 99, 106, 107, 114, 115]
Return:  [0, 5, 10, 21, 24, 26, 27, 28, 30, 33, 34, 37, 45, 46, 50, 52, 53, 55, 60, 61, 64, 66, 77, 80, 82, 87, 88, 92, 93, 102, 105, 117, 121, 124]
	⭕  Walk to 8 (2.6 min) 
> 8 (20:02)
Rent:    [6, 32, 67, 72, 79, 81, 98, 99, 106, 107, 114, 115]
Return:  [0, 5, 10, 24, 26, 27, 28, 30, 33, 34, 35, 37, 45, 46, 50, 52, 53, 55, 60, 61, 64, 66, 77, 80, 82, 87, 88, 92, 93, 102, 105, 117, 124]
	⭕  Bike to 5 (1.9 min) +1
> 5 (20:04)
Rent:    [6, 32, 67, 72, 79, 81, 98, 99, 106, 107, 114, 115]
Return:  [0, 5, 10, 24, 26, 27, 28, 30, 33, 34, 35, 37, 45, 46, 50, 52, 53, 55, 60, 61, 64, 66, 77, 80, 82, 87, 88, 92, 93, 102, 105, 117, 124]
	⭕  Walk to 8 (2.6 min) 
> 8 (20:06)
Rent:    [6, 32, 67, 72, 79, 81, 98, 99, 106, 107, 114, 115]
Return:  [0, 5, 10, 24, 26, 27, 28, 30, 33, 34, 35, 37, 45, 46, 50, 52, 53, 55, 60, 61, 64, 66, 77, 80, 82, 87, 88, 92, 93, 102, 105, 117, 124]
	⭕  Bike to 5 (1.9 min) +1
> 5 (20:08)
Rent:    [6, 32, 67, 72, 79, 81, 98, 99, 106, 107, 114, 115]
Return:  [0, 5, 10, 24, 26, 27, 28, 30, 33, 34, 35, 37, 45, 46, 50, 52, 53, 55, 60, 61, 64, 66, 77, 80, 82, 87, 88, 92, 93, 102, 105, 117, 124]
	⭕  Walk to 8 (2.6 min) 
> 8 (20:11)
Rent:    [6, 32, 67, 72, 79, 81, 98, 99, 106, 107, 114, 115]
Return:  [0, 5, 10, 24, 26, 27, 28, 30, 33, 34, 35, 37, 45, 46, 50, 52, 53, 55, 60, 61, 64, 66, 77, 80, 82, 87, 88, 92, 93, 102, 105, 117, 124]
	⭕  Bike to 5 (1.9 min) +1
> 5 (20:13)
Rent:    [6, 32, 67, 72, 79, 81, 98, 99, 106, 107, 114, 115]
Return:  [0, 5, 10, 24, 26, 27, 28, 30, 33, 34, 35, 37, 45, 46, 50, 52, 53, 55, 60, 61, 64, 66, 77, 80, 82, 87, 88, 92, 93, 102, 105, 117, 124]
	⭕  Walk to 8 (2.6 min) 
> 8 (20:15)
Rent:    [6, 32, 67, 72, 79, 81, 99, 106, 107, 114, 115]
Return:  [0, 5, 10, 24, 27, 28, 29, 30, 35, 37, 46, 50, 52, 53, 55, 60, 64, 66, 77, 80, 82, 87, 88, 92, 93, 102, 105, 117, 121, 124]
	⭕  Bike to 5 (1.9 min) +1
> 5 (20:17)
Rent:    [6, 32, 67, 72, 79, 81, 99, 106, 107, 114, 115]
Return:  [0, 5, 10, 24, 27, 28, 29, 30, 35, 37, 46, 50, 52, 53, 55, 60, 64, 66, 77, 80, 82, 87, 88, 92, 93, 102, 105, 117, 121, 124]
	⭕  Walk to 8 (2.6 min) 
> 8 (20:20)
Rent:    [6, 32, 67, 72, 79, 81, 99, 106, 107, 114, 115]
Return:  [0, 5, 10, 24, 27, 28, 29, 30, 35, 37, 46, 50, 52, 53, 55, 60, 64, 66, 77, 80, 82, 87, 88, 92, 93, 102, 105, 117, 121, 124]
	⭕  Bike to 5 (1.9 min) +1
> 5 (20:22)
Rent:    [6, 32, 67, 72, 79, 81, 99, 106, 107, 114, 115]
Return:  [0, 5, 10, 24, 27, 28, 29, 30, 35, 37, 46, 50, 52, 53, 55, 60, 64, 66, 77, 80, 82, 87, 88, 92, 93, 102, 105, 117, 121, 124]
	⭕  Walk to 8 (2.6 min) 
> 8 (20:24)
Rent:    [6, 32, 67, 72, 79, 81, 99, 106, 107, 114, 115]
Return:  [0, 5, 10, 24, 27, 28, 29, 30, 35, 37, 46, 50, 52, 53, 55, 60, 64, 66, 77, 80, 82, 87, 88, 92, 93, 102, 105, 117, 121, 124]
	⭕  Bike to 5 (1.9 min) +1
> 5 (20:26)
Rent:    [6, 32, 67, 72, 79, 81, 99, 106, 107, 114, 115]
Return:  [0, 5, 10, 24, 27, 28, 29, 30, 35, 37, 46, 50, 52, 53, 55, 60, 64, 66, 77, 80, 82, 87, 88, 92, 93, 102, 105, 117, 121, 124]
	⭕  Walk to 4 (3.8 min) 
> 4 (20:30)
Rent:    [2, 6, 32, 67, 79, 81, 99, 106, 107, 114, 115, 120]
Return:  [0, 5, 10, 12, 24, 27, 28, 30, 37, 45, 46, 50, 52, 53, 55, 60, 64, 66, 77, 80, 82, 87, 88, 92, 93, 102, 105, 117, 121, 124]
	⭕  Bike to 5 (1.2 min) +1
> 5 (20:31)
Rent:    [2, 6, 32, 67, 79, 81, 99, 106, 107, 114, 115, 120]
Return:  [0, 5, 10, 12, 24, 27, 28, 30, 37, 45, 46, 50, 52, 53, 55, 60, 64, 66, 77, 80, 82, 87, 88, 92, 93, 102, 105, 117, 121, 124]
	⭕  Walk to 4 (3.8 min) 
> 4 (20:35)
Rent:    [2, 6, 32, 67, 79, 81, 99, 106, 107, 114, 115, 120]
Return:  [0, 5, 10, 12, 24, 27, 28, 30, 37, 45, 46, 50, 52, 53, 55, 60, 64, 66, 77, 80, 82, 87, 88, 92, 93, 102, 105, 117, 121, 124]
	⭕  Bike to 5 (1.2 min) +1
> 5 (20:36)
Rent:    [2, 6, 32, 67, 79, 81, 99, 106, 107, 114, 115, 120]
Return:  [0, 5, 10, 12, 24, 27, 28, 30, 37, 45, 46, 50, 52, 53, 55, 60, 64, 66, 77, 80, 82, 87, 88, 92, 93, 102, 105, 117, 121, 124]
	⭕  Walk to 33 (3.0 min) 
> 33 (20:39)
Rent:    [2, 6, 32, 67, 79, 81, 99, 106, 107, 114, 115, 120]
Return:  [0, 5, 10, 12, 24, 27, 28, 30, 37, 45, 46, 50, 52, 53, 55, 60, 64, 66, 77, 80, 82, 87, 88, 92, 93, 102, 105, 117, 121, 124]
	⭕  Bike to 5 (0.9 min) +1
> 5 (20:40)
Rent:    [2, 6, 32, 67, 79, 81, 99, 106, 107, 114, 115, 120]
Return:  [0, 5, 10, 12, 24, 27, 28, 30, 37, 45, 46, 50, 52, 53, 55, 60, 64, 66, 77, 80, 82, 87, 88, 92, 93, 102, 105, 117, 121, 124]
	⭕  Walk to 4 (3.8 min) 
> 4 (20:44)
Rent:    [2, 6, 32, 67, 79, 81, 99, 106, 107, 114, 115, 120]
Return:  [0, 5, 10, 12, 24, 27, 28, 30, 37, 45, 46, 50, 52, 53, 55, 60, 64, 66, 77, 80, 82, 87, 88, 92, 93, 102, 105, 117, 121, 124]
	⭕  Bike to 5 (1.2 min) +1
> 5 (20:45)
Rent:    [6, 32, 57, 67, 79, 81, 99, 106, 107, 114, 115, 120]
Return:  [0, 5, 10, 12, 24, 26, 27, 28, 29, 30, 37, 46, 50, 53, 55, 60, 64, 66, 77, 80, 82, 87, 88, 92, 93, 102, 105, 121, 124]
	⭕  Walk to 4 (3.8 min) 
> 4 (20:49)
Rent:    [6, 32, 57, 67, 79, 81, 99, 106, 107, 114, 115, 120]
Return:  [0, 5, 10, 12, 24, 26, 27, 28, 29, 30, 37, 46, 50, 53, 55, 60, 64, 66, 77, 80, 82, 87, 88, 92, 93, 102, 105, 121, 124]
	⭕  Bike to 5 (1.2 min) +1
> 5 (20:50)
Rent:    [6, 32, 57, 67, 79, 81, 99, 106, 107, 114, 115, 120]
Return:  [0, 5, 10, 12, 24, 26, 27, 28, 29, 30, 37, 46, 50, 53, 55, 60, 64, 66, 77, 80, 82, 87, 88, 92, 93, 102, 105, 121, 124]
	⭕  Walk to 4 (3.8 min) 
> 4 (20:54)
Rent:    [6, 32, 57, 67, 79, 81, 99, 106, 107, 114, 115, 120]
Return:  [0, 5, 10, 12, 24, 26, 27, 28, 29, 30, 37, 46, 50, 53, 55, 60, 64, 66, 77, 80, 82, 87, 88, 92, 93, 102, 105, 121, 124]
	⭕  Bike to 5 (1.2 min) +1
> 5 (20:55)
Rent:    [6, 32, 57, 67, 79, 81, 99, 106, 107, 114, 115, 120]
Return:  [0, 5, 10, 12, 24, 26, 27, 28, 29, 30, 37, 46, 50, 53, 55, 60, 64, 66, 77, 80, 82, 87, 88, 92, 93, 102, 105, 121, 124]
	⭕  Walk to 103 (4.2 min) 
> 103 (21:00)
Rent:    [32, 57, 72, 79, 99, 106, 107, 114, 115, 120]
Return:  [0, 5, 10, 12, 23, 24, 26, 28, 29, 30, 33, 37, 45, 46, 50, 52, 55, 56, 60, 64, 66, 77, 80, 82, 87, 88, 92, 93, 102, 105, 121, 124]
	⭕  Bike to 55 (2.1 min) +1
> 55 (21:02)
Rent:    [32, 57, 72, 79, 99, 106, 107, 114, 115, 120]
Return:  [0, 5, 10, 12, 23, 24, 26, 28, 29, 30, 33, 37, 45, 46, 50, 52, 55, 56, 60, 64, 66, 77, 80, 82, 87, 88, 92, 93, 102, 105, 121, 124]
	⭕  Walk to 103 (3.4 min) 
> 103 (21:05)
Rent:    [32, 57, 72, 79, 99, 106, 107, 114, 115, 120]
Return:  [0, 5, 10, 12, 23, 24, 26, 28, 29, 30, 33, 37, 45, 46, 50, 52, 55, 56, 60, 64, 66, 77, 80, 82, 87, 88, 92, 93, 102, 105, 121, 124]
	⭕  Bike to 55 (2.1 min) +1
> 55 (21:07)
Rent:    [32, 57, 72, 79, 99, 106, 107, 114, 115, 120]
Return:  [0, 5, 10, 12, 23, 24, 26, 28, 29, 30, 33, 37, 45, 46, 50, 52, 55, 56, 60, 64, 66, 77, 80, 82, 87, 88, 92, 93, 102, 105, 121, 124]
	⭕  Walk to 103 (3.4 min) 
> 103 (21:11)
Rent:    [32, 57, 72, 79, 99, 106, 107, 114, 115, 120]
Return:  [0, 5, 10, 12, 23, 24, 26, 28, 29, 30, 33, 37, 45, 46, 50, 52, 55, 56, 60, 64, 66, 77, 80, 82, 87, 88, 92, 93, 102, 105, 121, 124]
	⭕  Bike to 55 (2.1 min) +1
> 55 (21:13)
Rent:    [32, 57, 72, 79, 99, 106, 107, 114, 115, 120]
Return:  [0, 5, 10, 12, 23, 24, 26, 28, 29, 30, 33, 37, 45, 46, 50, 52, 55, 56, 60, 64, 66, 77, 80, 82, 87, 88, 92, 93, 102, 105, 121, 124]
	⭕  Walk to 61 (6.7 min) 
> 61 (21:19)
Rent:    [2, 6, 32, 57, 68, 72, 79, 81, 95, 106, 107, 114, 115, 120]
Return:  [0, 5, 10, 12, 24, 26, 27, 28, 29, 30, 33, 37, 45, 46, 50, 55, 56, 60, 64, 66, 77, 82, 87, 88, 92, 93, 104, 105]
	⭕  Bike to 93 (1.4 min) +1
> 93 (21:21)
Rent:    [2, 6, 32, 57, 68, 72, 79, 81, 95, 106, 107, 114, 115, 120]
Return:  [0, 5, 10, 12, 24, 26, 27, 28, 29, 30, 33, 37, 45, 46, 50, 55, 56, 60, 64, 66, 77, 82, 87, 88, 92, 93, 104, 105]
	⭕  Walk to 4 (7.8 min) 
> 4 (21:29)
Rent:    [2, 6, 32, 57, 68, 72, 79, 81, 95, 106, 107, 114, 115, 120]
Return:  [0, 5, 10, 12, 24, 26, 27, 28, 29, 30, 33, 37, 45, 46, 50, 55, 56, 60, 64, 66, 77, 82, 87, 88, 92, 93, 104, 105]
	⭕  Bike to 33 (1.4 min) +1
> 33 (21:30)
Rent:    [2, 6, 32, 57, 72, 79, 81, 95, 99, 106, 107, 114, 115, 120]
Return:  [0, 5, 10, 12, 24, 26, 27, 28, 29, 30, 33, 37, 46, 50, 55, 60, 64, 66, 77, 82, 87, 88, 92, 93, 102, 104, 105, 121]
	⭕  Walk to 4 (2.8 min) 
> 4 (21:33)
Rent:    [2, 6, 32, 57, 72, 79, 81, 95, 99, 106, 107, 114, 115, 120]
Return:  [0, 5, 10, 12, 24, 26, 27, 28, 29, 30, 33, 37, 46, 50, 55, 60, 64, 66, 77, 82, 87, 88, 92, 93, 102, 104, 105, 121]
	⭕  Bike to 33 (1.4 min) +1
> 33 (21:34)
Rent:    [2, 6, 32, 57, 72, 79, 81, 95, 99, 106, 107, 114, 115, 120]
Return:  [0, 5, 10, 12, 24, 26, 27, 28, 29, 30, 33, 37, 46, 50, 55, 60, 64, 66, 77, 82, 87, 88, 92, 93, 102, 104, 105, 121]
	⭕  Walk to 4 (2.8 min) 
> 4 (21:37)
Rent:    [2, 6, 32, 57, 72, 79, 81, 95, 99, 106, 107, 114, 115, 120]
Return:  [0, 5, 10, 12, 24, 26, 27, 28, 29, 30, 33, 37, 46, 50, 55, 60, 64, 66, 77, 82, 87, 88, 92, 93, 102, 104, 105, 121]
	⭕  Bike to 33 (1.4 min) +1
> 33 (21:38)
Rent:    [2, 6, 32, 57, 72, 79, 81, 95, 99, 106, 107, 114, 115, 120]
Return:  [0, 5, 10, 12, 24, 26, 27, 28, 29, 30, 33, 37, 46, 50, 55, 60, 64, 66, 77, 82, 87, 88, 92, 93, 102, 104, 105, 121]
	⭕  Walk to 4 (2.8 min) 
> 4 (21:41)
Rent:    [2, 6, 32, 57, 72, 79, 81, 95, 99, 106, 107, 114, 115, 120]
Return:  [0, 5, 10, 12, 24, 26, 27, 28, 29, 30, 33, 37, 46, 50, 55, 60, 64, 66, 77, 82, 87, 88, 92, 93, 102, 104, 105, 121]
	⭕  Bike to 33 (1.4 min) +1
> 33 (21:43)
Rent:    [2, 6, 32, 57, 72, 79, 81, 95, 99, 106, 107, 114, 115, 120]
Return:  [0, 5, 10, 12, 24, 26, 27, 28, 29, 30, 33, 37, 46, 50, 55, 60, 64, 66, 77, 82, 87, 88, 92, 93, 102, 104, 105, 121]
	⭕  Walk to 4 (2.8 min) 
> 4 (21:45)
Rent:    [2, 32, 48, 57, 67, 72, 79, 81, 95, 98, 99, 106, 107, 114, 115, 120]
Return:  [0, 5, 8, 10, 12, 24, 26, 27, 28, 29, 33, 37, 45, 46, 50, 53, 55, 60, 64, 66, 77, 78, 80, 82, 87, 88, 92, 93, 102, 105, 117, 121, 124]
	⭕  Bike to 8 (1.4 min) +1
> 8 (21:47)
Rent:    [2, 32, 48, 57, 67, 72, 79, 81, 95, 98, 99, 106, 107, 114, 115, 120]
Return:  [0, 5, 8, 10, 12, 24, 26, 27, 28, 29, 33, 37, 45, 46, 50, 53, 55, 60, 64, 66, 77, 78, 80, 82, 87, 88, 92, 93, 102, 105, 117, 121, 124]
	⭕  Walk to 4 (2.5 min) 
> 4 (21:49)
Rent:    [2, 32, 48, 57, 67, 72, 79, 81, 95, 98, 99, 106, 107, 114, 115, 120]
Return:  [0, 5, 8, 10, 12, 24, 26, 27, 28, 29, 33, 37, 45, 46, 50, 53, 55, 60, 64, 66, 77, 78, 80, 82, 87, 88, 92, 93, 102, 105, 117, 121, 124]
	⭕  Bike to 8 (1.4 min) +1
> 8 (21:51)
Rent:    [2, 32, 48, 57, 67, 72, 79, 81, 95, 98, 99, 106, 107, 114, 115, 120]
Return:  [0, 5, 8, 10, 12, 24, 26, 27, 28, 29, 33, 37, 45, 46, 50, 53, 55, 60, 64, 66, 77, 78, 80, 82, 87, 88, 92, 93, 102, 105, 117, 121, 124]
	⭕  Walk to 4 (2.5 min) 
> 4 (21:53)
Rent:    [2, 32, 48, 57, 67, 72, 79, 81, 95, 98, 99, 106, 107, 114, 115, 120]
Return:  [0, 5, 8, 10, 12, 24, 26, 27, 28, 29, 33, 37, 45, 46, 50, 53, 55, 60, 64, 66, 77, 78, 80, 82, 87, 88, 92, 93, 102, 105, 117, 121, 124]
	⭕  Bike to 8 (1.4 min) +1
> 8 (21:55)
Rent:    [2, 32, 48, 57, 67, 72, 79, 81, 95, 98, 99, 106, 107, 114, 115, 120]
Return:  [0, 5, 8, 10, 12, 24, 26, 27, 28, 29, 33, 37, 45, 46, 50, 53, 55, 60, 64, 66, 77, 78, 80, 82, 87, 88, 92, 93, 102, 105, 117, 121, 124]
	⭕  Walk to 4 (2.5 min) 
> 4 (21:57)
Rent:    [2, 32, 48, 57, 67, 72, 79, 81, 95, 98, 99, 106, 107, 114, 115, 120]
Return:  [0, 5, 8, 10, 12, 24, 26, 27, 28, 29, 33, 37, 45, 46, 50, 53, 55, 60, 64, 66, 77, 78, 80, 82, 87, 88, 92, 93, 102, 105, 117, 121, 124]
	⭕  Bike to 8 (1.4 min) +1
> 8 (21:58)
Rent:    [2, 32, 48, 57, 67, 72, 79, 81, 95, 98, 99, 106, 107, 114, 115, 120]
Return:  [0, 5, 8, 10, 12, 24, 26, 27, 28, 29, 33, 37, 45, 46, 50, 53, 55, 60, 64, 66, 77, 78, 80, 82, 87, 88, 92, 93, 102, 105, 117, 121, 124]
	⭕  Walk to 5 (2.6 min) 
> 5 (22:01)
Rent:    [2, 32, 57, 67, 68, 72, 79, 81, 94, 95, 98, 106, 107, 114, 115, 119, 120]
Return:  [0, 10, 12, 24, 26, 27, 28, 29, 30, 33, 37, 45, 46, 50, 53, 55, 56, 60, 64, 66, 77, 78, 80, 82, 87, 88, 92, 93, 104, 105, 117, 121, 124]
	⭕  Bike to 50 (1.0 min) +1
> 50 (22:02)
Rent:    [2, 32, 57, 67, 68, 72, 79, 81, 94, 95, 98, 106, 107, 114, 115, 119, 120]
Return:  [0, 10, 12, 24, 26, 27, 28, 29, 30, 33, 37, 45, 46, 50, 53, 55, 56, 60, 64, 66, 77, 78, 80, 82, 87, 88, 92, 93, 104, 105, 117, 121, 124]
	⭕  Walk to 58 (4.2 min) 
> 58 (22:06)
Rent:    [2, 32, 57, 67, 68, 72, 79, 81, 94, 95, 98, 106, 107, 114, 115, 119, 120]
Return:  [0, 10, 12, 24, 26, 27, 28, 29, 30, 33, 37, 45, 46, 50, 53, 55, 56, 60, 64, 66, 77, 78, 80, 82, 87, 88, 92, 93, 104, 105, 117, 121, 124]
	⭕  Bike to 50 (1.4 min) +1
> 50 (22:08)
Rent:    [2, 32, 57, 67, 68, 72, 79, 81, 94, 95, 98, 106, 107, 114, 115, 119, 120]
Return:  [0, 10, 12, 24, 26, 27, 28, 29, 30, 33, 37, 45, 46, 50, 53, 55, 56, 60, 64, 66, 77, 78, 80, 82, 87, 88, 92, 93, 104, 105, 117, 121, 124]
	⭕  Walk to 58 (4.2 min) 
> 58 (22:12)
Rent:    [2, 32, 57, 67, 68, 72, 79, 81, 94, 95, 98, 106, 107, 114, 115, 119, 120]
Return:  [0, 10, 12, 24, 26, 27, 28, 29, 30, 33, 37, 45, 46, 50, 53, 55, 56, 60, 64, 66, 77, 78, 80, 82, 87, 88, 92, 93, 104, 105, 117, 121, 124]
	⭕  Bike to 50 (1.4 min) +1
> 50 (22:13)
Rent:    [2, 32, 57, 67, 68, 72, 79, 81, 94, 95, 98, 106, 107, 114, 115, 119, 120]
Return:  [0, 10, 12, 24, 26, 27, 28, 29, 30, 33, 37, 45, 46, 50, 53, 55, 56, 60, 64, 66, 77, 78, 80, 82, 87, 88, 92, 93, 104, 105, 117, 121, 124]
	⭕  Walk to 58 (4.2 min) 
> 58 (22:18)
Rent:    [2, 32, 43, 48, 54, 57, 67, 68, 72, 79, 81, 94, 95, 98, 99, 106, 107, 111, 114, 115]
Return:  [0, 10, 12, 24, 26, 27, 28, 29, 37, 46, 50, 53, 55, 60, 61, 64, 66, 77, 78, 80, 82, 87, 88, 92, 93, 104, 105, 117, 121, 124]
	⭕  Bike to 50 (1.4 min) +1
> 50 (22:19)
Rent:    [2, 32, 43, 48, 54, 57, 67, 68, 72, 79, 81, 94, 95, 98, 99, 106, 107, 111, 114, 115]
Return:  [0, 10, 12, 24, 26, 27, 28, 29, 37, 46, 50, 53, 55, 60, 61, 64, 66, 77, 78, 80, 82, 87, 88, 92, 93, 104, 105, 117, 121, 124]
	⭕  Walk to 5 (2.5 min) 
> 5 (22:21)
Rent:    [2, 32, 43, 48, 54, 57, 67, 68, 72, 79, 81, 94, 95, 98, 99, 106, 107, 111, 114, 115]
Return:  [0, 10, 12, 24, 26, 27, 28, 29, 37, 46, 50, 53, 55, 60, 61, 64, 66, 77, 78, 80, 82, 87, 88, 92, 93, 104, 105, 117, 121, 124]
	⭕  Bike to 50 (1.0 min) +1
> 50 (22:22)
Rent:    [2, 32, 43, 48, 54, 57, 67, 68, 72, 79, 81, 94, 95, 98, 99, 106, 107, 111, 114, 115]
Return:  [0, 10, 12, 24, 26, 27, 28, 29, 37, 46, 50, 53, 55, 60, 61, 64, 66, 77, 78, 80, 82, 87, 88, 92, 93, 104, 105, 117, 121, 124]
	⭕  Walk to 104 (3.9 min) 
> 104 (22:26)
Rent:    [2, 32, 43, 48, 54, 57, 67, 68, 72, 79, 81, 94, 95, 98, 99, 106, 107, 111, 114, 115]
Return:  [0, 10, 12, 24, 26, 27, 28, 29, 37, 46, 50, 53, 55, 60, 61, 64, 66, 77, 78, 80, 82, 87, 88, 92, 93, 104, 105, 117, 121, 124]
	⭕  Bike to 55 (3.8 min) +1
> 55 (22:30)
Rent:    [2, 32, 43, 48, 54, 57, 67, 68, 72, 79, 81, 94, 95, 98, 99, 106, 107, 111, 115, 120]
Return:  [5, 24, 26, 27, 28, 29, 30, 33, 37, 45, 46, 50, 53, 55, 56, 60, 61, 64, 66, 73, 77, 78, 80, 82, 87, 88, 92, 93, 105, 117, 121, 124]
	⭕  Walk to 12 (4.7 min) 
> 12 (22:35)
Rent:    [2, 32, 43, 48, 54, 57, 67, 68, 72, 79, 81, 94, 95, 98, 99, 106, 107, 111, 115, 120]
Return:  [5, 24, 26, 27, 28, 29, 30, 33, 37, 45, 46, 50, 53, 55, 56, 60, 61, 64, 66, 73, 77, 78, 80, 82, 87, 88, 92, 93, 105, 117, 121, 124]
	⭕  Bike to 93 (1.5 min) +1
> 93 (22:36)
Rent:    [2, 32, 43, 48, 54, 57, 67, 68, 72, 79, 81, 94, 95, 98, 99, 106, 107, 111, 115, 120]
Return:  [5, 24, 26, 27, 28, 29, 30, 33, 37, 45, 46, 50, 53, 55, 56, 60, 61, 64, 66, 73, 77, 78, 80, 82, 87, 88, 92, 93, 105, 117, 121, 124]
	⭕  Walk to 12 (2.9 min) 
> 12 (22:39)
Rent:    [2, 32, 43, 48, 54, 57, 67, 68, 72, 79, 81, 94, 95, 98, 99, 106, 107, 111, 115, 120]
Return:  [5, 24, 26, 27, 28, 29, 30, 33, 37, 45, 46, 50, 53, 55, 56, 60, 61, 64, 66, 73, 77, 78, 80, 82, 87, 88, 92, 93, 105, 117, 121, 124]
	⭕  Bike to 93 (1.5 min) +1
> 93 (22:41)
Rent:    [2, 32, 43, 48, 54, 57, 67, 68, 72, 79, 81, 94, 95, 98, 99, 106, 107, 111, 115, 120]
Return:  [5, 24, 26, 27, 28, 29, 30, 33, 37, 45, 46, 50, 53, 55, 56, 60, 61, 64, 66, 73, 77, 78, 80, 82, 87, 88, 92, 93, 105, 117, 121, 124]
	⭕  Walk to 103 (6.7 min) 
> 103 (22:47)
Rent:    [2, 32, 43, 54, 57, 67, 68, 79, 81, 94, 95, 98, 99, 106, 107, 108, 111, 115, 120]
Return:  [5, 20, 24, 26, 27, 28, 29, 30, 33, 37, 45, 46, 50, 53, 55, 60, 61, 64, 66, 77, 78, 80, 82, 87, 88, 92, 93, 104, 105, 117, 121]
	⭕  Bike to 55 (2.1 min) +1
> 55 (22:49)
Rent:    [2, 32, 43, 54, 57, 67, 68, 79, 81, 94, 95, 98, 99, 106, 107, 108, 111, 115, 120]
Return:  [5, 20, 24, 26, 27, 28, 29, 30, 33, 37, 45, 46, 50, 53, 55, 60, 61, 64, 66, 77, 78, 80, 82, 87, 88, 92, 93, 104, 105, 117, 121]
	🔵  End excursion
	⭕  Walk to 5 (7.4 min) 
> 5 (22:57)

---------- Excursion Complete ----------
End time: 22:57
Final station: 5
Bike count: 88
Walk count: 88
Wait count: 0
Total reward: 88
Seed: 3772872630

