Generated random seed: 2547135683
---------- Starting Excursion -----------
Warmup time: 4.0 hours
Start time: 16:00 
Excursion time: 7.0 hours

> 1 (16:00)
Rent:    [32, 54, 72, 106, 107]
Return:  [28, 46, 50, 53, 55, 60, 80]
	⭕  Bike to 53 (3.0 min) +1
> 53 (16:03)
Rent:    [32, 54, 72, 106, 107]
Return:  [28, 46, 50, 53, 55, 60, 80]
	⭕  Walk to 87 (1.6 min) 
> 87 (16:04)
Rent:    [32, 54, 72, 106, 107]
Return:  [28, 46, 50, 53, 55, 60, 80]
	⭕  Bike to 53 (0.6 min) +1
> 53 (16:05)
Rent:    [32, 54, 72, 106, 107]
Return:  [28, 46, 50, 53, 55, 60, 80]
	⭕  Walk to 87 (1.6 min) 
> 87 (16:06)
Rent:    [32, 54, 72, 106, 107]
Return:  [28, 46, 50, 53, 55, 60, 80]
	⭕  Bike to 53 (0.6 min) +1
> 53 (16:07)
Rent:    [32, 54, 72, 106, 107]
Return:  [28, 46, 50, 53, 55, 60, 80]
	⭕  Walk to 87 (1.6 min) 
> 87 (16:08)
Rent:    [32, 54, 72, 106, 107]
Return:  [28, 46, 50, 53, 55, 60, 80]
	⭕  Bike to 53 (0.6 min) +1
> 53 (16:09)
Rent:    [32, 54, 72, 106, 107]
Return:  [28, 46, 50, 53, 55, 60, 80]
	⭕  Walk to 87 (1.6 min) 
> 87 (16:11)
Rent:    [32, 54, 72, 106, 107]
Return:  [28, 46, 50, 53, 55, 60, 80]
	⭕  Bike to 53 (0.6 min) +1
> 53 (16:11)
Rent:    [32, 54, 72, 106, 107]
Return:  [28, 46, 50, 53, 55, 60, 80]
	⭕  Walk to 87 (1.6 min) 
> 87 (16:13)
Rent:    [32, 54, 72, 106, 107]
Return:  [28, 46, 50, 53, 55, 60, 80]
	⭕  Bike to 53 (0.6 min) +1
> 53 (16:13)
Rent:    [32, 54, 72, 106, 107]
Return:  [28, 46, 50, 53, 55, 60, 80]
	⭕  Walk to 87 (1.6 min) 
> 87 (16:15)
Rent:    [32, 54, 72, 106, 107]
Return:  [28, 46, 50, 53, 55, 60, 74, 80, 104]
	⭕  Bike to 53 (0.6 min) +1
> 53 (16:15)
Rent:    [32, 54, 72, 106, 107]
Return:  [28, 46, 50, 53, 55, 60, 74, 80, 104]
	⭕  Walk to 87 (1.6 min) 
> 87 (16:17)
Rent:    [32, 54, 72, 106, 107]
Return:  [28, 46, 50, 53, 55, 60, 74, 80, 104]
	⭕  Bike to 53 (0.6 min) +1
> 53 (16:18)
Rent:    [32, 54, 72, 106, 107]
Return:  [28, 46, 50, 53, 55, 60, 74, 80, 104]
	⭕  Walk to 47 (2.7 min) 
> 47 (16:20)
Rent:    [32, 54, 72, 106, 107]
Return:  [28, 46, 50, 53, 55, 60, 74, 80, 104]
	⭕  Bike to 53 (1.2 min) +1
> 53 (16:21)
Rent:    [32, 54, 72, 106, 107]
Return:  [28, 46, 50, 53, 55, 60, 74, 80, 104]
	⭕  Walk to 47 (2.7 min) 
> 47 (16:24)
Rent:    [32, 54, 72, 106, 107]
Return:  [28, 46, 50, 53, 55, 60, 74, 80, 104]
	⭕  Bike to 53 (1.2 min) +1
> 53 (16:25)
Rent:    [32, 54, 72, 106, 107]
Return:  [28, 46, 50, 53, 55, 60, 74, 80, 104]
	⭕  Walk to 47 (2.7 min) 
> 47 (16:28)
Rent:    [32, 54, 72, 106, 107]
Return:  [28, 46, 50, 53, 55, 60, 74, 80, 104]
	⭕  Bike to 53 (1.2 min) +1
> 53 (16:29)
Rent:    [32, 54, 72, 106, 107]
Return:  [28, 46, 50, 53, 55, 60, 74, 80, 104]
	⭕  Walk to 47 (2.7 min) 
> 47 (16:32)
Rent:    [32, 54, 72, 106, 107]
Return:  [3, 10, 28, 46, 50, 53, 55, 60, 74, 80, 87, 104]
	⭕  Bike to 53 (1.2 min) +1
> 53 (16:33)
Rent:    [32, 54, 72, 106, 107]
Return:  [3, 10, 28, 46, 50, 53, 55, 60, 74, 80, 87, 104]
	⭕  Walk to 47 (2.7 min) 
> 47 (16:36)
Rent:    [32, 54, 72, 106, 107]
Return:  [3, 10, 28, 46, 50, 53, 55, 60, 74, 80, 87, 104]
	⭕  Bike to 53 (1.2 min) +1
> 53 (16:37)
Rent:    [32, 54, 72, 106, 107]
Return:  [3, 10, 28, 46, 50, 53, 55, 60, 74, 80, 87, 104]
	⭕  Walk to 47 (2.7 min) 
> 47 (16:40)
Rent:    [32, 54, 72, 106, 107]
Return:  [3, 10, 28, 46, 50, 53, 55, 60, 74, 80, 87, 104]
	⭕  Bike to 53 (1.2 min) +1
> 53 (16:41)
Rent:    [32, 54, 72, 106, 107]
Return:  [3, 10, 28, 46, 50, 53, 55, 60, 74, 80, 87, 104]
	⭕  Walk to 47 (2.7 min) 
> 47 (16:44)
Rent:    [32, 54, 72, 106, 107]
Return:  [3, 10, 28, 46, 50, 53, 55, 60, 74, 80, 87, 104]
	⭕  Bike to 53 (1.2 min) +1
> 53 (16:45)
Rent:    [32, 54, 72, 95, 106, 107]
Return:  [3, 10, 11, 24, 46, 50, 53, 55, 60, 61, 80, 87, 104]
	⭕  Walk to 47 (2.7 min) 
> 47 (16:48)
Rent:    [32, 54, 72, 95, 106, 107]
Return:  [3, 10, 11, 24, 46, 50, 53, 55, 60, 61, 80, 87, 104]
	⭕  Bike to 53 (1.2 min) +1
> 53 (16:49)
Rent:    [32, 54, 72, 95, 106, 107]
Return:  [3, 10, 11, 24, 46, 50, 53, 55, 60, 61, 80, 87, 104]
	⭕  Walk to 47 (2.7 min) 
> 47 (16:52)
Rent:    [32, 54, 72, 95, 106, 107]
Return:  [3, 10, 11, 24, 46, 50, 53, 55, 60, 61, 80, 87, 104]
	⭕  Bike to 53 (1.2 min) +1
> 53 (16:53)
Rent:    [32, 54, 72, 95, 106, 107]
Return:  [3, 10, 11, 24, 46, 50, 53, 55, 60, 61, 80, 87, 104]
	⭕  Walk to 47 (2.7 min) 
> 47 (16:55)
Rent:    [32, 54, 72, 95, 106, 107]
Return:  [3, 10, 11, 24, 46, 50, 53, 55, 60, 61, 80, 87, 104]
	⭕  Bike to 53 (1.2 min) +1
> 53 (16:57)
Rent:    [32, 54, 72, 95, 106, 107]
Return:  [3, 10, 11, 24, 46, 50, 53, 55, 60, 61, 80, 87, 104]
	⭕  Walk to 47 (2.7 min) 
> 47 (16:59)
Rent:    [32, 54, 72, 95, 106, 107]
Return:  [3, 10, 11, 24, 46, 50, 53, 55, 60, 61, 80, 87, 104]
	⭕  Bike to 53 (1.2 min) +1
> 53 (17:01)
Rent:    [32, 54, 72, 95, 106, 107]
Return:  [3, 10, 11, 45, 46, 50, 53, 55, 60, 61, 80, 87]
	⭕  Walk to 47 (2.7 min) 
> 47 (17:03)
Rent:    [32, 54, 72, 95, 106, 107]
Return:  [3, 10, 11, 45, 46, 50, 53, 55, 60, 61, 80, 87]
	⭕  Bike to 53 (1.2 min) +1
> 53 (17:04)
Rent:    [32, 54, 72, 95, 106, 107]
Return:  [3, 10, 11, 45, 46, 50, 53, 55, 60, 61, 80, 87]
	⭕  Walk to 47 (2.7 min) 
> 47 (17:07)
Rent:    [32, 54, 72, 95, 106, 107]
Return:  [3, 10, 11, 45, 46, 50, 53, 55, 60, 61, 80, 87]
	⭕  Bike to 53 (1.2 min) +1
> 53 (17:08)
Rent:    [32, 54, 72, 95, 106, 107]
Return:  [3, 10, 11, 45, 46, 50, 53, 55, 60, 61, 80, 87]
	⭕  Walk to 47 (2.7 min) 
> 47 (17:11)
Rent:    [32, 54, 72, 95, 106, 107]
Return:  [3, 10, 11, 45, 46, 50, 53, 55, 60, 61, 80, 87]
	⭕  Bike to 53 (1.2 min) +1
> 53 (17:12)
Rent:    [32, 54, 72, 95, 106, 107]
Return:  [3, 10, 11, 45, 46, 50, 53, 55, 60, 61, 80, 87]
	⭕  Walk to 47 (2.7 min) 
> 47 (17:15)
Rent:    [32, 54, 72, 95, 106, 107]
Return:  [3, 8, 10, 24, 28, 45, 46, 50, 53, 55, 60, 61, 74, 80, 87, 90]
	⭕  Bike to 87 (2.0 min) +1
> 87 (17:17)
Rent:    [32, 54, 72, 95, 106, 107]
Return:  [3, 8, 10, 24, 28, 45, 46, 50, 53, 55, 60, 61, 74, 80, 87, 90]
	⭕  Walk to 30 (2.6 min) 
> 30 (17:20)
Rent:    [32, 54, 72, 95, 106, 107]
Return:  [3, 8, 10, 24, 28, 45, 46, 50, 53, 55, 60, 61, 74, 80, 87, 90]
	⭕  Bike to 87 (1.0 min) +1
> 87 (17:21)
Rent:    [32, 54, 72, 95, 106, 107]
Return:  [3, 8, 10, 24, 28, 45, 46, 50, 53, 55, 60, 61, 74, 80, 87, 90]
	⭕  Walk to 30 (2.6 min) 
> 30 (17:23)
Rent:    [32, 54, 72, 95, 106, 107]
Return:  [3, 8, 10, 24, 28, 45, 46, 50, 53, 55, 60, 61, 74, 80, 87, 90]
	⭕  Bike to 87 (1.0 min) +1
> 87 (17:24)
Rent:    [32, 54, 72, 95, 106, 107]
Return:  [3, 8, 10, 24, 28, 45, 46, 50, 53, 55, 60, 61, 74, 80, 87, 90]
	⭕  Walk to 30 (2.6 min) 
> 30 (17:27)
Rent:    [32, 54, 72, 95, 106, 107]
Return:  [3, 8, 10, 24, 28, 45, 46, 50, 53, 55, 60, 61, 74, 80, 87, 90]
	⭕  Bike to 87 (1.0 min) +1
> 87 (17:28)
Rent:    [32, 54, 72, 95, 106, 107]
Return:  [3, 8, 10, 24, 28, 45, 46, 50, 53, 55, 60, 61, 74, 80, 87, 90]
	⭕  Walk to 30 (2.6 min) 
> 30 (17:31)
Rent:    [32, 54, 106, 107]
Return:  [3, 8, 10, 22, 24, 28, 46, 47, 50, 53, 55, 60, 61, 74, 80, 87, 90, 92]
	⭕  Bike to 87 (1.0 min) +1
> 87 (17:32)
Rent:    [32, 54, 106, 107]
Return:  [3, 8, 10, 22, 24, 28, 46, 47, 50, 53, 55, 60, 61, 74, 80, 87, 90, 92]
	⭕  Walk to 30 (2.6 min) 
> 30 (17:34)
Rent:    [32, 54, 106, 107]
Return:  [3, 8, 10, 22, 24, 28, 46, 47, 50, 53, 55, 60, 61, 74, 80, 87, 90, 92]
	⭕  Bike to 87 (1.0 min) +1
> 87 (17:35)
Rent:    [32, 54, 106, 107]
Return:  [3, 8, 10, 22, 24, 28, 46, 47, 50, 53, 55, 60, 61, 74, 80, 87, 90, 92]
	⭕  Walk to 30 (2.6 min) 
> 30 (17:38)
Rent:    [32, 54, 106, 107]
Return:  [3, 8, 10, 22, 24, 28, 46, 47, 50, 53, 55, 60, 61, 74, 80, 87, 90, 92]
	⭕  Bike to 87 (1.0 min) +1
> 87 (17:39)
Rent:    [32, 54, 106, 107]
Return:  [3, 8, 10, 22, 24, 28, 46, 47, 50, 53, 55, 60, 61, 74, 80, 87, 90, 92]
	⭕  Walk to 30 (2.6 min) 
> 30 (17:42)
Rent:    [32, 54, 106, 107]
Return:  [3, 8, 10, 22, 24, 28, 46, 47, 50, 53, 55, 60, 61, 74, 80, 87, 90, 92]
	⭕  Bike to 87 (1.0 min) +1
> 87 (17:43)
Rent:    [32, 54, 106, 107]
Return:  [3, 8, 10, 22, 24, 28, 46, 47, 50, 53, 55, 60, 61, 74, 80, 87, 90, 92]
	⭕  Walk to 30 (2.6 min) 
> 30 (17:45)
Rent:    [32, 54, 72, 95, 106, 107]
Return:  [3, 8, 10, 22, 24, 28, 46, 47, 50, 53, 55, 60, 61, 80, 87, 90, 92]
	⭕  Bike to 87 (1.0 min) +1
> 87 (17:46)
Rent:    [32, 54, 72, 95, 106, 107]
Return:  [3, 8, 10, 22, 24, 28, 46, 47, 50, 53, 55, 60, 61, 80, 87, 90, 92]
	⭕  Walk to 30 (2.6 min) 
> 30 (17:49)
Rent:    [32, 54, 72, 95, 106, 107]
Return:  [3, 8, 10, 22, 24, 28, 46, 47, 50, 53, 55, 60, 61, 80, 87, 90, 92]
	⭕  Bike to 87 (1.0 min) +1
> 87 (17:50)
Rent:    [32, 54, 72, 95, 106, 107]
Return:  [3, 8, 10, 22, 24, 28, 46, 47, 50, 53, 55, 60, 61, 80, 87, 90, 92]
	⭕  Walk to 102 (6.6 min) 
> 102 (17:57)
Rent:    [32, 54, 72, 95, 106, 107]
Return:  [3, 8, 10, 22, 24, 28, 46, 47, 50, 53, 55, 60, 61, 80, 87, 90, 92]
	⭕  Bike to 28 (0.9 min) +1
> 28 (17:58)
Rent:    [32, 54, 72, 95, 106, 107]
Return:  [3, 8, 10, 22, 24, 28, 46, 47, 50, 53, 55, 60, 61, 80, 87, 90, 92]
	⭕  Walk to 117 (2.3 min) 
> 117 (18:00)
Rent:    [32, 54, 57, 106, 107, 115]
Return:  [3, 8, 10, 22, 24, 28, 34, 45, 46, 47, 50, 53, 55, 60, 61, 74, 80, 82, 87, 90, 92]
	⭕  Bike to 28 (0.8 min) +1
> 28 (18:01)
Rent:    [32, 54, 57, 106, 107, 115]
Return:  [3, 8, 10, 22, 24, 28, 34, 45, 46, 47, 50, 53, 55, 60, 61, 74, 80, 82, 87, 90, 92]
	⭕  Walk to 117 (2.3 min) 
> 117 (18:03)
Rent:    [32, 54, 57, 106, 107, 115]
Return:  [3, 8, 10, 22, 24, 28, 34, 45, 46, 47, 50, 53, 55, 60, 61, 74, 80, 82, 87, 90, 92]
	⭕  Bike to 28 (0.8 min) +1
> 28 (18:04)
Rent:    [32, 54, 57, 106, 107, 115]
Return:  [3, 8, 10, 22, 24, 28, 34, 45, 46, 47, 50, 53, 55, 60, 61, 74, 80, 82, 87, 90, 92]
	⭕  Walk to 117 (2.3 min) 
> 117 (18:06)
Rent:    [32, 54, 57, 106, 107, 115]
Return:  [3, 8, 10, 22, 24, 28, 34, 45, 46, 47, 50, 53, 55, 60, 61, 74, 80, 82, 87, 90, 92]
	⭕  Bike to 28 (0.8 min) +1
> 28 (18:07)
Rent:    [32, 54, 57, 106, 107, 115]
Return:  [3, 8, 10, 22, 24, 28, 34, 45, 46, 47, 50, 53, 55, 60, 61, 74, 80, 82, 87, 90, 92]
	⭕  Walk to 117 (2.3 min) 
> 117 (18:09)
Rent:    [32, 54, 57, 106, 107, 115]
Return:  [3, 8, 10, 22, 24, 28, 34, 45, 46, 47, 50, 53, 55, 60, 61, 74, 80, 82, 87, 90, 92]
	⭕  Bike to 28 (0.8 min) +1
> 28 (18:10)
Rent:    [32, 54, 57, 106, 107, 115]
Return:  [3, 8, 10, 22, 24, 28, 34, 45, 46, 47, 50, 53, 55, 60, 61, 74, 80, 82, 87, 90, 92]
	⭕  Walk to 117 (2.3 min) 
> 117 (18:12)
Rent:    [32, 54, 57, 106, 107, 115]
Return:  [3, 8, 10, 22, 24, 28, 34, 45, 46, 47, 50, 53, 55, 60, 61, 74, 80, 82, 87, 90, 92]
	⭕  Bike to 28 (0.8 min) +1
> 28 (18:13)
Rent:    [32, 54, 57, 106, 107, 115]
Return:  [3, 8, 10, 22, 24, 28, 34, 45, 46, 47, 50, 53, 55, 60, 61, 74, 80, 82, 87, 90, 92]
	⭕  Walk to 117 (2.3 min) 
> 117 (18:15)
Rent:    [6, 32, 43, 54, 57, 106, 107, 115]
Return:  [3, 8, 24, 28, 34, 35, 45, 46, 47, 50, 53, 55, 60, 61, 82, 87, 90, 92, 121]
	⭕  Bike to 28 (0.8 min) +1
> 28 (18:16)
Rent:    [6, 32, 43, 54, 57, 106, 107, 115]
Return:  [3, 8, 24, 28, 34, 35, 45, 46, 47, 50, 53, 55, 60, 61, 82, 87, 90, 92, 121]
	⭕  Walk to 117 (2.3 min) 
> 117 (18:18)
Rent:    [6, 32, 43, 54, 57, 106, 107, 115]
Return:  [3, 8, 24, 28, 34, 35, 45, 46, 47, 50, 53, 55, 60, 61, 82, 87, 90, 92, 121]
	⭕  Bike to 28 (0.8 min) +1
> 28 (18:19)
Rent:    [6, 32, 43, 54, 57, 106, 107, 115]
Return:  [3, 8, 24, 28, 34, 35, 45, 46, 47, 50, 53, 55, 60, 61, 82, 87, 90, 92, 121]
	⭕  Walk to 117 (2.3 min) 
> 117 (18:21)
Rent:    [6, 32, 43, 54, 57, 106, 107, 115]
Return:  [3, 8, 24, 28, 34, 35, 45, 46, 47, 50, 53, 55, 60, 61, 82, 87, 90, 92, 121]
	⭕  Bike to 28 (0.8 min) +1
> 28 (18:22)
Rent:    [6, 32, 43, 54, 57, 106, 107, 115]
Return:  [3, 8, 24, 28, 34, 35, 45, 46, 47, 50, 53, 55, 60, 61, 82, 87, 90, 92, 121]
	⭕  Walk to 117 (2.3 min) 
> 117 (18:25)
Rent:    [6, 32, 43, 54, 57, 106, 107, 115]
Return:  [3, 8, 24, 28, 34, 35, 45, 46, 47, 50, 53, 55, 60, 61, 82, 87, 90, 92, 121]
	⭕  Bike to 28 (0.8 min) +1
> 28 (18:25)
Rent:    [6, 32, 43, 54, 57, 106, 107, 115]
Return:  [3, 8, 24, 28, 34, 35, 45, 46, 47, 50, 53, 55, 60, 61, 82, 87, 90, 92, 121]
	⭕  Walk to 117 (2.3 min) 
> 117 (18:28)
Rent:    [6, 32, 43, 54, 57, 106, 107, 115]
Return:  [3, 8, 24, 28, 34, 35, 45, 46, 47, 50, 53, 55, 60, 61, 82, 87, 90, 92, 121]
	⭕  Bike to 28 (0.8 min) +1
> 28 (18:28)
Rent:    [6, 32, 43, 54, 57, 106, 107, 115]
Return:  [3, 8, 24, 28, 34, 35, 45, 46, 47, 50, 53, 55, 60, 61, 82, 87, 90, 92, 121]
	⭕  Walk to 117 (2.3 min) 
> 117 (18:31)
Rent:    [6, 32, 43, 54, 57, 95, 100, 106, 107, 115]
Return:  [3, 8, 10, 12, 14, 24, 28, 35, 46, 47, 50, 55, 60, 61, 80, 82, 87, 90, 92, 121]
	⭕  Bike to 28 (0.8 min) +1
> 28 (18:31)
Rent:    [6, 32, 43, 54, 57, 95, 100, 106, 107, 115]
Return:  [3, 8, 10, 12, 14, 24, 28, 35, 46, 47, 50, 55, 60, 61, 80, 82, 87, 90, 92, 121]
	⭕  Walk to 117 (2.3 min) 
> 117 (18:34)
Rent:    [6, 32, 43, 54, 57, 95, 100, 106, 107, 115]
Return:  [3, 8, 10, 12, 14, 24, 28, 35, 46, 47, 50, 55, 60, 61, 80, 82, 87, 90, 92, 121]
	⭕  Bike to 28 (0.8 min) +1
> 28 (18:35)
Rent:    [6, 32, 43, 54, 57, 95, 100, 106, 107, 115]
Return:  [3, 8, 10, 12, 14, 24, 28, 35, 46, 47, 50, 55, 60, 61, 80, 82, 87, 90, 92, 121]
	⭕  Walk to 102 (3.0 min) 
> 102 (18:38)
Rent:    [6, 32, 43, 54, 57, 95, 100, 106, 107, 115]
Return:  [3, 8, 10, 12, 14, 24, 28, 35, 46, 47, 50, 55, 60, 61, 80, 82, 87, 90, 92, 121]
	⭕  Bike to 28 (0.9 min) +1
> 28 (18:39)
Rent:    [6, 32, 43, 54, 57, 95, 100, 106, 107, 115]
Return:  [3, 8, 10, 12, 14, 24, 28, 35, 46, 47, 50, 55, 60, 61, 80, 82, 87, 90, 92, 121]
	⭕  Walk to 117 (2.3 min) 
> 117 (18:41)
Rent:    [6, 32, 43, 54, 57, 95, 100, 106, 107, 115]
Return:  [3, 8, 10, 12, 14, 24, 28, 35, 46, 47, 50, 55, 60, 61, 80, 82, 87, 90, 92, 121]
	⭕  Bike to 28 (0.8 min) +1
> 28 (18:42)
Rent:    [6, 32, 43, 54, 57, 95, 100, 106, 107, 115]
Return:  [3, 8, 10, 12, 14, 24, 28, 35, 46, 47, 50, 55, 60, 61, 80, 82, 87, 90, 92, 121]
	⭕  Walk to 102 (3.0 min) 
> 102 (18:45)
Rent:    [6, 43, 54, 57, 72, 95, 100, 106, 107, 115]
Return:  [3, 8, 10, 12, 22, 24, 28, 30, 35, 46, 50, 55, 60, 61, 82, 87, 88, 90, 92, 105, 121]
	⭕  Bike to 28 (0.9 min) +1
> 28 (18:46)
Rent:    [6, 43, 54, 57, 72, 95, 100, 106, 107, 115]
Return:  [3, 8, 10, 12, 22, 24, 28, 30, 35, 46, 50, 55, 60, 61, 82, 87, 88, 90, 92, 105, 121]
	⭕  Walk to 102 (3.0 min) 
> 102 (18:49)
Rent:    [6, 43, 54, 57, 72, 95, 100, 106, 107, 115]
Return:  [3, 8, 10, 12, 22, 24, 28, 30, 35, 46, 50, 55, 60, 61, 82, 87, 88, 90, 92, 105, 121]
	⭕  Bike to 28 (0.9 min) +1
> 28 (18:50)
Rent:    [6, 43, 54, 57, 72, 95, 100, 106, 107, 115]
Return:  [3, 8, 10, 12, 22, 24, 28, 30, 35, 46, 50, 55, 60, 61, 82, 87, 88, 90, 92, 105, 121]
	⭕  Walk to 102 (3.0 min) 
> 102 (18:53)
Rent:    [6, 43, 54, 57, 72, 95, 100, 106, 107, 115]
Return:  [3, 8, 10, 12, 22, 24, 28, 30, 35, 46, 50, 55, 60, 61, 82, 87, 88, 90, 92, 105, 121]
	⭕  Bike to 28 (0.9 min) +1
> 28 (18:53)
Rent:    [6, 43, 54, 57, 72, 95, 100, 106, 107, 115]
Return:  [3, 8, 10, 12, 22, 24, 28, 30, 35, 46, 50, 55, 60, 61, 82, 87, 88, 90, 92, 105, 121]
	⭕  Walk to 27 (4.1 min) 
> 27 (18:58)
Rent:    [6, 43, 54, 57, 72, 95, 100, 106, 107, 115]
Return:  [3, 8, 10, 12, 22, 24, 28, 30, 35, 46, 50, 55, 60, 61, 82, 87, 88, 90, 92, 105, 121]
	⭕  Bike to 105 (1.3 min) +1
> 105 (18:59)
Rent:    [6, 43, 54, 57, 72, 95, 100, 106, 107, 115]
Return:  [3, 8, 10, 12, 22, 24, 28, 30, 35, 46, 50, 55, 60, 61, 82, 87, 88, 90, 92, 105, 121]
	⭕  Walk to 102 (7.0 min) 
> 102 (19:06)
Rent:    [6, 43, 54, 57, 81, 95, 98, 100, 106, 107, 115]
Return:  [3, 8, 10, 12, 22, 24, 28, 30, 46, 50, 53, 55, 60, 61, 82, 87, 88, 90, 92, 93, 105, 121]
	⭕  Bike to 28 (0.9 min) +1
> 28 (19:07)
Rent:    [6, 43, 54, 57, 81, 95, 98, 100, 106, 107, 115]
Return:  [3, 8, 10, 12, 22, 24, 28, 30, 46, 50, 53, 55, 60, 61, 82, 87, 88, 90, 92, 93, 105, 121]
	⭕  Walk to 77 (7.2 min) 
> 77 (19:14)
Rent:    [6, 43, 54, 57, 81, 95, 98, 100, 106, 107, 115]
Return:  [3, 8, 10, 12, 22, 24, 28, 30, 46, 50, 53, 55, 60, 61, 82, 87, 88, 90, 92, 93, 105, 121]
	⭕  Bike to 30 (1.8 min) +1
> 30 (19:16)
Rent:    [6, 43, 54, 57, 81, 95, 98, 100, 106, 107, 115]
Return:  [3, 8, 10, 12, 22, 24, 27, 28, 30, 46, 50, 53, 55, 60, 61, 80, 82, 87, 88, 92, 93, 102, 104, 121]
	⭕  Walk to 77 (3.4 min) 
> 77 (19:19)
Rent:    [6, 43, 54, 57, 81, 95, 98, 100, 106, 107, 115]
Return:  [3, 8, 10, 12, 22, 24, 27, 28, 30, 46, 50, 53, 55, 60, 61, 80, 82, 87, 88, 92, 93, 102, 104, 121]
	⭕  Bike to 30 (1.8 min) +1
> 30 (19:21)
Rent:    [6, 43, 54, 57, 81, 95, 98, 100, 106, 107, 115]
Return:  [3, 8, 10, 12, 22, 24, 27, 28, 30, 46, 50, 53, 55, 60, 61, 80, 82, 87, 88, 92, 93, 102, 104, 121]
	⭕  Walk to 77 (3.4 min) 
> 77 (19:24)
Rent:    [6, 43, 54, 57, 81, 95, 98, 100, 106, 107, 115]
Return:  [3, 8, 10, 12, 22, 24, 27, 28, 30, 46, 50, 53, 55, 60, 61, 80, 82, 87, 88, 92, 93, 102, 104, 121]
	⭕  Bike to 30 (1.8 min) +1
> 30 (19:26)
Rent:    [6, 43, 54, 57, 81, 95, 98, 100, 106, 107, 115]
Return:  [3, 8, 10, 12, 22, 24, 27, 28, 30, 46, 50, 53, 55, 60, 61, 80, 82, 87, 88, 92, 93, 102, 104, 121]
	⭕  Walk to 102 (4.3 min) 
> 102 (19:30)
Rent:    [6, 32, 54, 57, 85, 95, 98, 100, 106, 107, 115]
Return:  [0, 3, 8, 10, 12, 24, 27, 28, 30, 33, 46, 50, 53, 55, 60, 61, 66, 82, 87, 88, 90, 92, 93, 104, 121]
	⭕  Bike to 66 (0.7 min) +1
> 66 (19:31)
Rent:    [6, 32, 54, 57, 85, 95, 98, 100, 106, 107, 115]
Return:  [0, 3, 8, 10, 12, 24, 27, 28, 30, 33, 46, 50, 53, 55, 60, 61, 66, 82, 87, 88, 90, 92, 93, 104, 121]
	⭕  Walk to 52 (2.4 min) 
> 52 (19:33)
Rent:    [6, 32, 54, 57, 85, 95, 98, 100, 106, 107, 115]
Return:  [0, 3, 8, 10, 12, 24, 27, 28, 30, 33, 46, 50, 53, 55, 60, 61, 66, 82, 87, 88, 90, 92, 93, 104, 121]
	⭕  Bike to 66 (1.1 min) +1
> 66 (19:35)
Rent:    [6, 32, 54, 57, 85, 95, 98, 100, 106, 107, 115]
Return:  [0, 3, 8, 10, 12, 24, 27, 28, 30, 33, 46, 50, 53, 55, 60, 61, 66, 82, 87, 88, 90, 92, 93, 104, 121]
	⭕  Walk to 117 (5.4 min) 
> 117 (19:40)
Rent:    [6, 32, 54, 57, 85, 95, 98, 100, 106, 107, 115]
Return:  [0, 3, 8, 10, 12, 24, 27, 28, 30, 33, 46, 50, 53, 55, 60, 61, 66, 82, 87, 88, 90, 92, 93, 104, 121]
	⭕  Bike to 28 (0.8 min) +1
> 28 (19:41)
Rent:    [6, 32, 54, 57, 85, 95, 98, 100, 106, 107, 115]
Return:  [0, 3, 8, 10, 12, 24, 27, 28, 30, 33, 46, 50, 53, 55, 60, 61, 66, 82, 87, 88, 90, 92, 93, 104, 121]
	⭕  Walk to 77 (7.2 min) 
> 77 (19:48)
Rent:    [6, 32, 43, 54, 57, 85, 95, 98, 100, 106, 107, 115]
Return:  [3, 10, 12, 24, 27, 28, 30, 46, 50, 52, 53, 55, 60, 61, 66, 82, 87, 88, 90, 92, 93, 102, 104, 121]
	⭕  Bike to 66 (1.2 min) +1
> 66 (19:49)
Rent:    [6, 32, 43, 54, 57, 85, 95, 98, 100, 106, 107, 115]
Return:  [3, 10, 12, 24, 27, 28, 30, 46, 50, 52, 53, 55, 60, 61, 66, 82, 87, 88, 90, 92, 93, 102, 104, 121]
	⭕  Walk to 77 (3.3 min) 
> 77 (19:52)
Rent:    [6, 32, 43, 54, 57, 85, 95, 98, 100, 106, 107, 115]
Return:  [3, 10, 12, 24, 27, 28, 30, 46, 50, 52, 53, 55, 60, 61, 66, 82, 87, 88, 90, 92, 93, 102, 104, 121]
	⭕  Bike to 66 (1.2 min) +1
> 66 (19:54)
Rent:    [6, 32, 43, 54, 57, 85, 95, 98, 100, 106, 107, 115]
Return:  [3, 10, 12, 24, 27, 28, 30, 46, 50, 52, 53, 55, 60, 61, 66, 82, 87, 88, 90, 92, 93, 102, 104, 121]
	⭕  Walk to 77 (3.3 min) 
> 77 (19:57)
Rent:    [6, 32, 43, 54, 57, 85, 95, 98, 100, 106, 107, 115]
Return:  [3, 10, 12, 24, 27, 28, 30, 46, 50, 52, 53, 55, 60, 61, 66, 82, 87, 88, 90, 92, 93, 102, 104, 121]
	⭕  Bike to 66 (1.2 min) +1
> 66 (19:58)
Rent:    [6, 32, 43, 54, 57, 85, 95, 98, 100, 106, 107, 115]
Return:  [3, 10, 12, 24, 27, 28, 30, 46, 50, 52, 53, 55, 60, 61, 66, 82, 87, 88, 90, 92, 93, 102, 104, 121]
	⭕  Walk to 77 (3.3 min) 
> 77 (20:01)
Rent:    [6, 32, 54, 57, 72, 95, 98, 100, 106, 107, 115]
Return:  [0, 3, 9, 10, 12, 21, 27, 28, 30, 46, 50, 52, 53, 55, 60, 61, 64, 66, 82, 87, 88, 90, 92, 93, 102, 104, 121]
	⭕  Bike to 66 (1.2 min) +1
> 66 (20:03)
Rent:    [6, 32, 54, 57, 72, 95, 98, 100, 106, 107, 115]
Return:  [0, 3, 9, 10, 12, 21, 27, 28, 30, 46, 50, 52, 53, 55, 60, 61, 64, 66, 82, 87, 88, 90, 92, 93, 102, 104, 121]
	⭕  Walk to 47 (8.6 min) 
> 47 (20:11)
Rent:    [6, 32, 54, 57, 72, 95, 98, 100, 106, 107, 115]
Return:  [0, 3, 9, 10, 12, 21, 27, 28, 30, 46, 50, 52, 53, 55, 60, 61, 64, 66, 82, 87, 88, 90, 92, 93, 102, 104, 121]
	⭕  Bike to 53 (1.2 min) +1
> 53 (20:12)
Rent:    [6, 32, 54, 57, 72, 95, 98, 100, 106, 107, 115]
Return:  [0, 3, 9, 10, 12, 21, 27, 28, 30, 46, 50, 52, 53, 55, 60, 61, 64, 66, 82, 87, 88, 90, 92, 93, 102, 104, 121]
	⭕  Walk to 47 (2.7 min) 
> 47 (20:15)
Rent:    [6, 32, 54, 57, 72, 98, 100, 106, 107, 115]
Return:  [0, 9, 10, 12, 24, 27, 28, 30, 46, 50, 53, 55, 60, 61, 64, 66, 77, 82, 87, 88, 90, 92, 93, 102, 104, 105, 117, 121]
	⭕  Bike to 53 (1.2 min) +1
> 53 (20:16)
Rent:    [6, 32, 54, 57, 72, 98, 100, 106, 107, 115]
Return:  [0, 9, 10, 12, 24, 27, 28, 30, 46, 50, 53, 55, 60, 61, 64, 66, 77, 82, 87, 88, 90, 92, 93, 102, 104, 105, 117, 121]
	⭕  Walk to 47 (2.7 min) 
> 47 (20:19)
Rent:    [6, 32, 54, 57, 72, 98, 100, 106, 107, 115]
Return:  [0, 9, 10, 12, 24, 27, 28, 30, 46, 50, 53, 55, 60, 61, 64, 66, 77, 82, 87, 88, 90, 92, 93, 102, 104, 105, 117, 121]
	⭕  Bike to 53 (1.2 min) +1
> 53 (20:20)
Rent:    [6, 32, 54, 57, 72, 98, 100, 106, 107, 115]
Return:  [0, 9, 10, 12, 24, 27, 28, 30, 46, 50, 53, 55, 60, 61, 64, 66, 77, 82, 87, 88, 90, 92, 93, 102, 104, 105, 117, 121]
	⭕  Walk to 34 (6.9 min) 
> 34 (20:27)
Rent:    [6, 32, 54, 57, 72, 98, 100, 106, 107, 115]
Return:  [0, 9, 10, 12, 24, 27, 28, 30, 46, 50, 53, 55, 60, 61, 64, 66, 77, 82, 87, 88, 90, 92, 93, 102, 104, 105, 117, 121]
	⭕  Bike to 77 (2.6 min) +1
> 77 (20:30)
Rent:    [6, 32, 57, 72, 95, 98, 99, 106, 107, 108, 115]
Return:  [0, 3, 9, 12, 24, 27, 28, 30, 46, 50, 53, 55, 60, 61, 66, 77, 82, 87, 88, 90, 92, 93, 102, 104, 105]
	⭕  Walk to 52 (3.3 min) 
> 52 (20:33)
Rent:    [6, 32, 57, 72, 95, 98, 99, 106, 107, 108, 115]
Return:  [0, 3, 9, 12, 24, 27, 28, 30, 46, 50, 53, 55, 60, 61, 66, 77, 82, 87, 88, 90, 92, 93, 102, 104, 105]
	⭕  Bike to 66 (1.1 min) +1
> 66 (20:34)
Rent:    [6, 32, 57, 72, 95, 98, 99, 106, 107, 108, 115]
Return:  [0, 3, 9, 12, 24, 27, 28, 30, 46, 50, 53, 55, 60, 61, 66, 77, 82, 87, 88, 90, 92, 93, 102, 104, 105]
	⭕  Walk to 52 (2.4 min) 
> 52 (20:37)
Rent:    [6, 32, 57, 72, 95, 98, 99, 106, 107, 108, 115]
Return:  [0, 3, 9, 12, 24, 27, 28, 30, 46, 50, 53, 55, 60, 61, 66, 77, 82, 87, 88, 90, 92, 93, 102, 104, 105]
	⭕  Bike to 66 (1.1 min) +1
> 66 (20:38)
Rent:    [6, 32, 57, 72, 95, 98, 99, 106, 107, 108, 115]
Return:  [0, 3, 9, 12, 24, 27, 28, 30, 46, 50, 53, 55, 60, 61, 66, 77, 82, 87, 88, 90, 92, 93, 102, 104, 105]
	⭕  Walk to 84 (12 min) 
> 84 (20:50)
Rent:    [6, 32, 43, 57, 72, 95, 98, 99, 106, 107, 108, 115]
Return:  [0, 3, 8, 9, 12, 21, 24, 27, 28, 30, 34, 46, 47, 50, 52, 53, 55, 60, 61, 66, 77, 82, 87, 88, 90, 92, 93, 102, 104, 105, 121]
	⭕  Bike to 50 (4.0 min) +1
> 50 (20:54)
Rent:    [6, 32, 43, 57, 72, 95, 98, 99, 106, 107, 108, 115]
Return:  [0, 3, 8, 9, 12, 21, 24, 27, 28, 30, 34, 46, 47, 50, 52, 53, 55, 60, 61, 66, 77, 82, 87, 88, 90, 92, 93, 102, 104, 105, 121]
	⭕  Walk to 103 (4.9 min) 
> 103 (20:59)
Rent:    [6, 32, 43, 57, 72, 95, 98, 99, 106, 107, 108, 115]
Return:  [0, 3, 8, 9, 12, 21, 24, 27, 28, 30, 34, 46, 47, 50, 52, 53, 55, 60, 61, 66, 77, 82, 87, 88, 90, 92, 93, 102, 104, 105, 121]
	⭕  Bike to 8 (2.0 min) +1
> 8 (21:01)
Rent:    [2, 6, 32, 43, 54, 57, 72, 95, 98, 99, 100, 106, 107, 108, 115]
Return:  [0, 3, 8, 9, 12, 21, 24, 27, 28, 30, 34, 45, 46, 47, 50, 53, 55, 60, 61, 66, 77, 82, 87, 88, 92, 93, 102, 104, 121]
	⭕  Walk to 5 (2.6 min) 
> 5 (21:04)
Rent:    [2, 6, 32, 43, 54, 57, 72, 95, 98, 99, 100, 106, 107, 108, 115]
Return:  [0, 3, 8, 9, 12, 21, 24, 27, 28, 30, 34, 45, 46, 47, 50, 53, 55, 60, 61, 66, 77, 82, 87, 88, 92, 93, 102, 104, 121]
	⭕  Bike to 50 (1.0 min) +1
> 50 (21:05)
Rent:    [2, 6, 32, 43, 54, 57, 72, 95, 98, 99, 100, 106, 107, 108, 115]
Return:  [0, 3, 8, 9, 12, 21, 24, 27, 28, 30, 34, 45, 46, 47, 50, 53, 55, 60, 61, 66, 77, 82, 87, 88, 92, 93, 102, 104, 121]
	⭕  Walk to 5 (2.5 min) 
> 5 (21:07)
Rent:    [2, 6, 32, 43, 54, 57, 72, 95, 98, 99, 100, 106, 107, 108, 115]
Return:  [0, 3, 8, 9, 12, 21, 24, 27, 28, 30, 34, 45, 46, 47, 50, 53, 55, 60, 61, 66, 77, 82, 87, 88, 92, 93, 102, 104, 121]
	⭕  Bike to 50 (1.0 min) +1
> 50 (21:08)
Rent:    [2, 6, 32, 43, 54, 57, 72, 95, 98, 99, 100, 106, 107, 108, 115]
Return:  [0, 3, 8, 9, 12, 21, 24, 27, 28, 30, 34, 45, 46, 47, 50, 53, 55, 60, 61, 66, 77, 82, 87, 88, 92, 93, 102, 104, 121]
	⭕  Walk to 103 (4.9 min) 
> 103 (21:13)
Rent:    [2, 6, 32, 43, 54, 57, 72, 95, 98, 99, 100, 106, 107, 108, 115]
Return:  [0, 3, 8, 9, 12, 21, 24, 27, 28, 30, 34, 45, 46, 47, 50, 53, 55, 60, 61, 66, 77, 82, 87, 88, 92, 93, 102, 104, 121]
	⭕  Bike to 55 (2.1 min) +1
> 55 (21:15)
Rent:    [2, 6, 32, 43, 54, 57, 72, 95, 98, 99, 100, 106, 107, 108, 115]
Return:  [0, 3, 11, 12, 21, 22, 24, 27, 28, 30, 34, 46, 47, 50, 53, 55, 60, 61, 66, 77, 82, 87, 88, 90, 92, 93, 102, 104, 117, 121]
	⭕  Walk to 10 (3.4 min) 
> 10 (21:18)
Rent:    [2, 6, 32, 43, 54, 57, 72, 95, 98, 99, 100, 106, 107, 108, 115]
Return:  [0, 3, 11, 12, 21, 22, 24, 27, 28, 30, 34, 46, 47, 50, 53, 55, 60, 61, 66, 77, 82, 87, 88, 90, 92, 93, 102, 104, 117, 121]
	⭕  Bike to 82 (1.7 min) +1
> 82 (21:20)
Rent:    [2, 6, 32, 43, 54, 57, 72, 95, 98, 99, 100, 106, 107, 108, 115]
Return:  [0, 3, 11, 12, 21, 22, 24, 27, 28, 30, 34, 46, 47, 50, 53, 55, 60, 61, 66, 77, 82, 87, 88, 90, 92, 93, 102, 104, 117, 121]
	⭕  Walk to 10 (3.6 min) 
> 10 (21:24)
Rent:    [2, 6, 32, 43, 54, 57, 72, 95, 98, 99, 100, 106, 107, 108, 115]
Return:  [0, 3, 11, 12, 21, 22, 24, 27, 28, 30, 34, 46, 47, 50, 53, 55, 60, 61, 66, 77, 82, 87, 88, 90, 92, 93, 102, 104, 117, 121]
	⭕  Bike to 87 (1.5 min) +1
> 87 (21:25)
Rent:    [2, 6, 32, 43, 54, 57, 72, 95, 98, 99, 100, 106, 107, 108, 115]
Return:  [0, 3, 11, 12, 21, 22, 24, 27, 28, 30, 34, 46, 47, 50, 53, 55, 60, 61, 66, 77, 82, 87, 88, 90, 92, 93, 102, 104, 117, 121]
	⭕  Walk to 103 (8.0 min) 
> 103 (21:33)
Rent:    [2, 32, 43, 54, 57, 70, 72, 95, 98, 99, 100, 106, 107, 108, 114, 115]
Return:  [0, 3, 5, 10, 11, 21, 22, 24, 27, 28, 46, 50, 53, 55, 60, 61, 64, 66, 77, 80, 82, 87, 88, 90, 92, 93, 102, 117, 121]
	⭕  Bike to 55 (2.1 min) +1
> 55 (21:35)
Rent:    [2, 32, 43, 54, 57, 70, 72, 95, 98, 99, 100, 106, 107, 108, 114, 115]
Return:  [0, 3, 5, 10, 11, 21, 22, 24, 27, 28, 46, 50, 53, 55, 60, 61, 64, 66, 77, 80, 82, 87, 88, 90, 92, 93, 102, 117, 121]
	⭕  Walk to 12 (4.7 min) 
> 12 (21:40)
Rent:    [2, 32, 43, 54, 57, 70, 72, 95, 98, 99, 100, 106, 107, 108, 114, 115]
Return:  [0, 3, 5, 10, 11, 21, 22, 24, 27, 28, 46, 50, 53, 55, 60, 61, 64, 66, 77, 80, 82, 87, 88, 90, 92, 93, 102, 117, 121]
	⭕  Bike to 53 (2.0 min) +1
> 53 (21:42)
Rent:    [2, 32, 43, 54, 57, 70, 72, 95, 98, 99, 100, 106, 107, 108, 114, 115]
Return:  [0, 3, 5, 10, 11, 21, 22, 24, 27, 28, 46, 50, 53, 55, 60, 61, 64, 66, 77, 80, 82, 87, 88, 90, 92, 93, 102, 117, 121]
	⭕  Walk to 47 (2.7 min) 
> 47 (21:45)
Rent:    [2, 32, 43, 44, 54, 57, 70, 72, 95, 98, 99, 100, 106, 107, 108, 115]
Return:  [0, 3, 5, 8, 10, 11, 21, 22, 24, 27, 28, 46, 50, 53, 55, 60, 64, 66, 77, 82, 87, 88, 90, 92, 102, 105, 117, 121]
	⭕  Bike to 53 (1.2 min) +1
> 53 (21:46)
Rent:    [2, 32, 43, 44, 54, 57, 70, 72, 95, 98, 99, 100, 106, 107, 108, 115]
Return:  [0, 3, 5, 8, 10, 11, 21, 22, 24, 27, 28, 46, 50, 53, 55, 60, 64, 66, 77, 82, 87, 88, 90, 92, 102, 105, 117, 121]
	⭕  Walk to 47 (2.7 min) 
> 47 (21:49)
Rent:    [2, 32, 43, 44, 54, 57, 70, 72, 95, 98, 99, 100, 106, 107, 108, 115]
Return:  [0, 3, 5, 8, 10, 11, 21, 22, 24, 27, 28, 46, 50, 53, 55, 60, 64, 66, 77, 82, 87, 88, 90, 92, 102, 105, 117, 121]
	⭕  Bike to 53 (1.2 min) +1
> 53 (21:50)
Rent:    [2, 32, 43, 44, 54, 57, 70, 72, 95, 98, 99, 100, 106, 107, 108, 115]
Return:  [0, 3, 5, 8, 10, 11, 21, 22, 24, 27, 28, 46, 50, 53, 55, 60, 64, 66, 77, 82, 87, 88, 90, 92, 102, 105, 117, 121]
	⭕  Walk to 30 (4.1 min) 
> 30 (21:54)
Rent:    [2, 32, 43, 44, 54, 57, 70, 72, 95, 98, 99, 100, 106, 107, 108, 115]
Return:  [0, 3, 5, 8, 10, 11, 21, 22, 24, 27, 28, 46, 50, 53, 55, 60, 64, 66, 77, 82, 87, 88, 90, 92, 102, 105, 117, 121]
	⭕  Bike to 87 (1.0 min) +1
> 87 (21:55)
Rent:    [2, 32, 43, 44, 54, 57, 70, 72, 95, 98, 99, 100, 106, 107, 108, 115]
Return:  [0, 3, 5, 8, 10, 11, 21, 22, 24, 27, 28, 46, 50, 53, 55, 60, 64, 66, 77, 82, 87, 88, 90, 92, 102, 105, 117, 121]
	⭕  Walk to 30 (2.6 min) 
> 30 (21:58)
Rent:    [2, 32, 43, 44, 54, 57, 70, 72, 95, 98, 99, 100, 106, 107, 108, 115]
Return:  [0, 3, 5, 8, 10, 11, 21, 22, 24, 27, 28, 46, 50, 53, 55, 60, 64, 66, 77, 82, 87, 88, 90, 92, 102, 105, 117, 121]
	⭕  Bike to 87 (1.0 min) +1
> 87 (21:59)
Rent:    [2, 32, 43, 44, 54, 57, 70, 72, 95, 98, 99, 100, 106, 107, 108, 115]
Return:  [0, 3, 5, 8, 10, 11, 21, 22, 24, 27, 28, 46, 50, 53, 55, 60, 64, 66, 77, 82, 87, 88, 90, 92, 102, 105, 117, 121]
	⭕  Walk to 12 (4.9 min) 
> 12 (22:04)
Rent:    [2, 32, 43, 44, 54, 57, 68, 70, 72, 81, 95, 98, 99, 100, 106, 107, 115]
Return:  [0, 3, 5, 8, 21, 24, 27, 28, 33, 46, 50, 52, 53, 55, 60, 61, 64, 77, 82, 87, 88, 90, 92, 102, 105, 117, 121]
	⭕  Bike to 55 (1.8 min) +1
> 55 (22:05)
Rent:    [2, 32, 43, 44, 54, 57, 68, 70, 72, 81, 95, 98, 99, 100, 106, 107, 115]
Return:  [0, 3, 5, 8, 21, 24, 27, 28, 33, 46, 50, 52, 53, 55, 60, 61, 64, 77, 82, 87, 88, 90, 92, 102, 105, 117, 121]
	⭕  Walk to 103 (3.4 min) 
> 103 (22:09)
Rent:    [2, 32, 43, 44, 54, 57, 68, 70, 72, 81, 95, 98, 99, 100, 106, 107, 115]
Return:  [0, 3, 5, 8, 21, 24, 27, 28, 33, 46, 50, 52, 53, 55, 60, 61, 64, 77, 82, 87, 88, 90, 92, 102, 105, 117, 121]
	⭕  Bike to 8 (2.0 min) +1
> 8 (22:11)
Rent:    [2, 32, 43, 44, 54, 57, 68, 70, 72, 81, 95, 98, 99, 100, 106, 107, 115]
Return:  [0, 3, 5, 8, 21, 24, 27, 28, 33, 46, 50, 52, 53, 55, 60, 61, 64, 77, 82, 87, 88, 90, 92, 102, 105, 117, 121]
	⭕  Walk to 4 (2.5 min) 
> 4 (22:13)
Rent:    [2, 32, 43, 44, 54, 57, 68, 70, 72, 81, 95, 98, 99, 100, 106, 107, 115]
Return:  [0, 3, 5, 8, 21, 24, 27, 28, 33, 46, 50, 52, 53, 55, 60, 61, 64, 77, 82, 87, 88, 90, 92, 102, 105, 117, 121]
	⭕  Bike to 8 (1.4 min) +1
> 8 (22:15)
Rent:    [2, 32, 43, 44, 54, 57, 70, 72, 75, 81, 95, 98, 99, 100, 106, 107, 115]
Return:  [0, 3, 5, 8, 11, 21, 22, 24, 27, 28, 33, 45, 46, 47, 50, 52, 53, 55, 60, 61, 64, 77, 82, 87, 88, 90, 92, 102, 105, 117, 121]
	⭕  Walk to 4 (2.5 min) 
> 4 (22:17)
Rent:    [2, 32, 43, 44, 54, 57, 70, 72, 75, 81, 95, 98, 99, 100, 106, 107, 115]
Return:  [0, 3, 5, 8, 11, 21, 22, 24, 27, 28, 33, 45, 46, 47, 50, 52, 53, 55, 60, 61, 64, 77, 82, 87, 88, 90, 92, 102, 105, 117, 121]
	⭕  Bike to 8 (1.4 min) +1
> 8 (22:19)
Rent:    [2, 32, 43, 44, 54, 57, 70, 72, 75, 81, 95, 98, 99, 100, 106, 107, 115]
Return:  [0, 3, 5, 8, 11, 21, 22, 24, 27, 28, 33, 45, 46, 47, 50, 52, 53, 55, 60, 61, 64, 77, 82, 87, 88, 90, 92, 102, 105, 117, 121]
	⭕  Walk to 4 (2.5 min) 
> 4 (22:21)
Rent:    [2, 32, 43, 44, 54, 57, 70, 72, 75, 81, 95, 98, 99, 100, 106, 107, 115]
Return:  [0, 3, 5, 8, 11, 21, 22, 24, 27, 28, 33, 45, 46, 47, 50, 52, 53, 55, 60, 61, 64, 77, 82, 87, 88, 90, 92, 102, 105, 117, 121]
	⭕  Bike to 8 (1.4 min) +1
> 8 (22:22)
Rent:    [2, 32, 43, 44, 54, 57, 70, 72, 75, 81, 95, 98, 99, 100, 106, 107, 115]
Return:  [0, 3, 5, 8, 11, 21, 22, 24, 27, 28, 33, 45, 46, 47, 50, 52, 53, 55, 60, 61, 64, 77, 82, 87, 88, 90, 92, 102, 105, 117, 121]
	⭕  Walk to 4 (2.5 min) 
> 4 (22:25)
Rent:    [2, 32, 43, 44, 54, 57, 70, 72, 75, 81, 95, 98, 99, 100, 106, 107, 115]
Return:  [0, 3, 5, 8, 11, 21, 22, 24, 27, 28, 33, 45, 46, 47, 50, 52, 53, 55, 60, 61, 64, 77, 82, 87, 88, 90, 92, 102, 105, 117, 121]
	⭕  Bike to 8 (1.4 min) +1
> 8 (22:26)
Rent:    [2, 32, 43, 44, 54, 57, 70, 72, 75, 81, 95, 98, 99, 100, 106, 107, 115]
Return:  [0, 3, 5, 8, 11, 21, 22, 24, 27, 28, 33, 45, 46, 47, 50, 52, 53, 55, 60, 61, 64, 77, 82, 87, 88, 90, 92, 102, 105, 117, 121]
	⭕  Walk to 4 (2.5 min) 
> 4 (22:29)
Rent:    [2, 32, 43, 44, 54, 57, 70, 72, 75, 81, 95, 98, 99, 100, 106, 107, 115]
Return:  [0, 3, 5, 8, 11, 21, 22, 24, 27, 28, 33, 45, 46, 47, 50, 52, 53, 55, 60, 61, 64, 77, 82, 87, 88, 90, 92, 102, 105, 117, 121]
	⭕  Bike to 8 (1.4 min) +1
> 8 (22:30)
Rent:    [32, 43, 44, 54, 57, 72, 75, 81, 95, 98, 99, 100, 106, 107, 108, 109, 114, 115]
Return:  [0, 3, 5, 8, 10, 11, 21, 24, 27, 28, 33, 37, 45, 46, 50, 53, 55, 60, 61, 64, 66, 77, 80, 82, 87, 88, 90, 92, 93, 102, 117, 121]
	⭕  Walk to 4 (2.5 min) 
> 4 (22:33)
Rent:    [32, 43, 44, 54, 57, 72, 75, 81, 95, 98, 99, 100, 106, 107, 108, 109, 114, 115]
Return:  [0, 3, 5, 8, 10, 11, 21, 24, 27, 28, 33, 37, 45, 46, 50, 53, 55, 60, 61, 64, 66, 77, 80, 82, 87, 88, 90, 92, 93, 102, 117, 121]
	⭕  Bike to 8 (1.4 min) +1
> 8 (22:34)
Rent:    [32, 43, 44, 54, 57, 72, 75, 81, 95, 98, 99, 100, 106, 107, 108, 109, 114, 115]
Return:  [0, 3, 5, 8, 10, 11, 21, 24, 27, 28, 33, 37, 45, 46, 50, 53, 55, 60, 61, 64, 66, 77, 80, 82, 87, 88, 90, 92, 93, 102, 117, 121]
	⭕  Walk to 103 (3.9 min) 
> 103 (22:38)
Rent:    [32, 43, 44, 54, 57, 72, 75, 81, 95, 98, 99, 100, 106, 107, 108, 109, 114, 115]
Return:  [0, 3, 5, 8, 10, 11, 21, 24, 27, 28, 33, 37, 45, 46, 50, 53, 55, 60, 61, 64, 66, 77, 80, 82, 87, 88, 90, 92, 93, 102, 117, 121]
	⭕  Bike to 55 (2.1 min) +1
> 55 (22:40)
Rent:    [32, 43, 44, 54, 57, 72, 75, 81, 95, 98, 99, 100, 106, 107, 108, 109, 114, 115]
Return:  [0, 3, 5, 8, 10, 11, 21, 24, 27, 28, 33, 37, 45, 46, 50, 53, 55, 60, 61, 64, 66, 77, 80, 82, 87, 88, 90, 92, 93, 102, 117, 121]
	⭕  Walk to 103 (3.4 min) 
> 103 (22:44)
Rent:    [32, 43, 44, 54, 57, 72, 75, 81, 95, 98, 99, 100, 106, 107, 108, 109, 114, 115]
Return:  [0, 3, 5, 8, 10, 11, 21, 24, 27, 28, 33, 37, 45, 46, 50, 53, 55, 60, 61, 64, 66, 77, 80, 82, 87, 88, 90, 92, 93, 102, 117, 121]
	⭕  Bike to 8 (2.0 min) +1
> 8 (22:45)
Rent:    [6, 32, 43, 44, 54, 57, 72, 75, 95, 99, 100, 106, 107, 108, 114, 115]
Return:  [0, 8, 10, 11, 12, 19, 20, 24, 27, 28, 37, 45, 46, 52, 53, 55, 60, 61, 64, 66, 77, 80, 82, 87, 88, 90, 92, 93, 102, 117, 121]
	⭕  Walk to 4 (2.5 min) 
> 4 (22:48)
Rent:    [6, 32, 43, 44, 54, 57, 72, 75, 95, 99, 100, 106, 107, 108, 114, 115]
Return:  [0, 8, 10, 11, 12, 19, 20, 24, 27, 28, 37, 45, 46, 52, 53, 55, 60, 61, 64, 66, 77, 80, 82, 87, 88, 90, 92, 93, 102, 117, 121]
	⭕  Bike to 8 (1.4 min) +1
> 8 (22:49)
Rent:    [6, 32, 43, 44, 54, 57, 72, 75, 95, 99, 100, 106, 107, 108, 114, 115]
Return:  [0, 8, 10, 11, 12, 19, 20, 24, 27, 28, 37, 45, 46, 52, 53, 55, 60, 61, 64, 66, 77, 80, 82, 87, 88, 90, 92, 93, 102, 117, 121]
	⭕  Walk to 4 (2.5 min) 
> 4 (22:52)
Rent:    [6, 32, 43, 44, 54, 57, 72, 75, 95, 99, 100, 106, 107, 108, 114, 115]
Return:  [0, 8, 10, 11, 12, 19, 20, 24, 27, 28, 37, 45, 46, 52, 53, 55, 60, 61, 64, 66, 77, 80, 82, 87, 88, 90, 92, 93, 102, 117, 121]
	⭕  Bike to 8 (1.4 min) +1
> 8 (22:53)
Rent:    [6, 32, 43, 44, 54, 57, 72, 75, 95, 99, 100, 106, 107, 108, 114, 115]
Return:  [0, 8, 10, 11, 12, 19, 20, 24, 27, 28, 37, 45, 46, 52, 53, 55, 60, 61, 64, 66, 77, 80, 82, 87, 88, 90, 92, 93, 102, 117, 121]
	🔵  End excursion
	⭕  Walk to 5 (2.6 min) 
> 5 (22:56)

---------- Excursion Complete ----------
End time: 22:56
Final station: 5
Bike count: 93
Walk count: 93
Wait count: 0
Total reward: 93
Seed: 2547135683

