Generated random seed: 4124761157
---------- Starting Excursion -----------
Warmup time: 4.0 hours
Start time: 16:00 
Excursion time: 7.0 hours

> 1 (16:00)
Rent:    [2, 6, 99, 103, 107]
Return:  [4, 5, 11, 12, 28, 34, 35, 37, 45, 46, 60, 64, 66, 80, 82, 87]
	⭕  Bike to 87 (3.9 min) +1
> 87 (16:03)
Rent:    [2, 6, 99, 103, 107]
Return:  [4, 5, 11, 12, 28, 34, 35, 37, 45, 46, 60, 64, 66, 80, 82, 87]
	⭕  Walk to 53 (1.6 min) 
> 53 (16:05)
Rent:    [2, 6, 99, 103, 107]
Return:  [4, 5, 11, 12, 28, 34, 35, 37, 45, 46, 60, 64, 66, 80, 82, 87]
	⭕  Bike to 87 (0.9 min) +1
> 87 (16:06)
Rent:    [2, 6, 99, 103, 107]
Return:  [4, 5, 11, 12, 28, 34, 35, 37, 45, 46, 60, 64, 66, 80, 82, 87]
	⭕  Walk to 53 (1.6 min) 
> 53 (16:07)
Rent:    [2, 6, 99, 103, 107]
Return:  [4, 5, 11, 12, 28, 34, 35, 37, 45, 46, 60, 64, 66, 80, 82, 87]
	⭕  Bike to 87 (0.9 min) +1
> 87 (16:08)
Rent:    [2, 6, 99, 103, 107]
Return:  [4, 5, 11, 12, 28, 34, 35, 37, 45, 46, 60, 64, 66, 80, 82, 87]
	⭕  Walk to 53 (1.6 min) 
> 53 (16:10)
Rent:    [2, 6, 99, 103, 107]
Return:  [4, 5, 11, 12, 28, 34, 35, 37, 45, 46, 60, 64, 66, 80, 82, 87]
	⭕  Bike to 87 (0.9 min) +1
> 87 (16:11)
Rent:    [2, 6, 99, 103, 107]
Return:  [4, 5, 11, 12, 28, 34, 35, 37, 45, 46, 60, 64, 66, 80, 82, 87]
	⭕  Walk to 53 (1.6 min) 
> 53 (16:12)
Rent:    [2, 6, 99, 103, 107]
Return:  [4, 5, 11, 12, 28, 34, 35, 37, 45, 46, 60, 64, 66, 80, 82, 87]
	⭕  Bike to 87 (0.9 min) +1
> 87 (16:13)
Rent:    [2, 6, 99, 103, 107]
Return:  [4, 5, 11, 12, 28, 34, 35, 37, 45, 46, 60, 64, 66, 80, 82, 87]
	⭕  Walk to 53 (1.6 min) 
> 53 (16:15)
Rent:    [2, 6, 99, 103, 107]
Return:  [3, 4, 12, 28, 34, 35, 37, 45, 46, 60, 64, 66, 80, 82, 87, 121]
	⭕  Bike to 87 (0.9 min) +1
> 87 (16:16)
Rent:    [2, 6, 99, 103, 107]
Return:  [3, 4, 12, 28, 34, 35, 37, 45, 46, 60, 64, 66, 80, 82, 87, 121]
	⭕  Walk to 53 (1.6 min) 
> 53 (16:18)
Rent:    [2, 6, 99, 103, 107]
Return:  [3, 4, 12, 28, 34, 35, 37, 45, 46, 60, 64, 66, 80, 82, 87, 121]
	⭕  Bike to 87 (0.9 min) +1
> 87 (16:18)
Rent:    [2, 6, 99, 103, 107]
Return:  [3, 4, 12, 28, 34, 35, 37, 45, 46, 60, 64, 66, 80, 82, 87, 121]
	⭕  Walk to 53 (1.6 min) 
> 53 (16:20)
Rent:    [2, 6, 99, 103, 107]
Return:  [3, 4, 12, 28, 34, 35, 37, 45, 46, 60, 64, 66, 80, 82, 87, 121]
	⭕  Bike to 87 (0.9 min) +1
> 87 (16:21)
Rent:    [2, 6, 99, 103, 107]
Return:  [3, 4, 12, 28, 34, 35, 37, 45, 46, 60, 64, 66, 80, 82, 87, 121]
	⭕  Walk to 53 (1.6 min) 
> 53 (16:23)
Rent:    [2, 6, 99, 103, 107]
Return:  [3, 4, 12, 28, 34, 35, 37, 45, 46, 60, 64, 66, 80, 82, 87, 121]
	⭕  Bike to 87 (0.9 min) +1
> 87 (16:23)
Rent:    [2, 6, 99, 103, 107]
Return:  [3, 4, 12, 28, 34, 35, 37, 45, 46, 60, 64, 66, 80, 82, 87, 121]
	⭕  Walk to 53 (1.6 min) 
> 53 (16:25)
Rent:    [2, 6, 99, 103, 107]
Return:  [3, 4, 12, 28, 34, 35, 37, 45, 46, 60, 64, 66, 80, 82, 87, 121]
	⭕  Bike to 87 (0.9 min) +1
> 87 (16:26)
Rent:    [2, 6, 99, 103, 107]
Return:  [3, 4, 12, 28, 34, 35, 37, 45, 46, 60, 64, 66, 80, 82, 87, 121]
	⭕  Walk to 53 (1.6 min) 
> 53 (16:28)
Rent:    [2, 6, 99, 103, 107]
Return:  [3, 4, 12, 28, 34, 35, 37, 45, 46, 60, 64, 66, 80, 82, 87, 121]
	⭕  Bike to 87 (0.9 min) +1
> 87 (16:29)
Rent:    [2, 6, 99, 103, 107]
Return:  [3, 4, 12, 28, 34, 35, 37, 45, 46, 60, 64, 66, 80, 82, 87, 121]
	⭕  Walk to 53 (1.6 min) 
> 53 (16:30)
Rent:    [2, 6, 99, 103, 107]
Return:  [4, 12, 28, 34, 37, 45, 46, 55, 56, 60, 64, 66, 80, 82, 87, 121]
	⭕  Bike to 87 (0.9 min) +1
> 87 (16:31)
Rent:    [2, 6, 99, 103, 107]
Return:  [4, 12, 28, 34, 37, 45, 46, 55, 56, 60, 64, 66, 80, 82, 87, 121]
	⭕  Walk to 30 (2.6 min) 
> 30 (16:34)
Rent:    [2, 6, 99, 103, 107]
Return:  [4, 12, 28, 34, 37, 45, 46, 55, 56, 60, 64, 66, 80, 82, 87, 121]
	⭕  Bike to 55 (2.2 min) +1
> 55 (16:36)
Rent:    [2, 6, 99, 103, 107]
Return:  [4, 12, 28, 34, 37, 45, 46, 55, 56, 60, 64, 66, 80, 82, 87, 121]
	⭕  Walk to 103 (3.4 min) 
> 103 (16:39)
Rent:    [2, 6, 99, 103, 107]
Return:  [4, 12, 28, 34, 37, 45, 46, 55, 56, 60, 64, 66, 80, 82, 87, 121]
	⭕  Bike to 4 (2.3 min) +2
> 4 (16:42)
Rent:    [2, 6, 99, 103, 107]
Return:  [4, 12, 28, 34, 37, 45, 46, 55, 56, 60, 64, 66, 80, 82, 87, 121]
	⭕  Walk to 33 (2.8 min) 
> 33 (16:44)
Rent:    [2, 6, 99, 103, 107]
Return:  [4, 12, 28, 34, 37, 45, 46, 55, 56, 60, 64, 66, 80, 82, 87, 121]
	⭕  Bike to 4 (1.3 min) +1
> 4 (16:46)
Rent:    [2, 6, 107]
Return:  [4, 12, 19, 28, 34, 37, 45, 46, 55, 60, 64, 66, 80, 82, 87, 104, 121]
	⭕  Walk to 33 (2.8 min) 
> 33 (16:48)
Rent:    [2, 6, 107]
Return:  [4, 12, 19, 28, 34, 37, 45, 46, 55, 60, 64, 66, 80, 82, 87, 104, 121]
	⭕  Bike to 4 (1.3 min) +1
> 4 (16:50)
Rent:    [2, 6, 107]
Return:  [4, 12, 19, 28, 34, 37, 45, 46, 55, 60, 64, 66, 80, 82, 87, 104, 121]
	⭕  Walk to 33 (2.8 min) 
> 33 (16:52)
Rent:    [2, 6, 107]
Return:  [4, 12, 19, 28, 34, 37, 45, 46, 55, 60, 64, 66, 80, 82, 87, 104, 121]
	⭕  Bike to 4 (1.3 min) +1
> 4 (16:54)
Rent:    [2, 6, 107]
Return:  [4, 12, 19, 28, 34, 37, 45, 46, 55, 60, 64, 66, 80, 82, 87, 104, 121]
	⭕  Walk to 33 (2.8 min) 
> 33 (16:57)
Rent:    [2, 6, 107]
Return:  [4, 12, 19, 28, 34, 37, 45, 46, 55, 60, 64, 66, 80, 82, 87, 104, 121]
	⭕  Bike to 4 (1.3 min) +1
> 4 (16:58)
Rent:    [2, 6, 107]
Return:  [4, 12, 19, 28, 34, 37, 45, 46, 55, 60, 64, 66, 80, 82, 87, 104, 121]
	⭕  Walk to 33 (2.8 min) 
> 33 (17:01)
Rent:    [2, 6, 81, 107]
Return:  [3, 4, 12, 19, 28, 34, 37, 45, 46, 55, 60, 64, 66, 80, 82, 87, 92, 104, 121]
	⭕  Bike to 4 (1.3 min) +1
> 4 (17:02)
Rent:    [2, 6, 81, 107]
Return:  [3, 4, 12, 19, 28, 34, 37, 45, 46, 55, 60, 64, 66, 80, 82, 87, 92, 104, 121]
	⭕  Walk to 8 (2.5 min) 
> 8 (17:04)
Rent:    [2, 6, 81, 107]
Return:  [3, 4, 12, 19, 28, 34, 37, 45, 46, 55, 60, 64, 66, 80, 82, 87, 92, 104, 121]
	⭕  Bike to 4 (1.8 min) +1
> 4 (17:06)
Rent:    [2, 6, 81, 107]
Return:  [3, 4, 12, 19, 28, 34, 37, 45, 46, 55, 60, 64, 66, 80, 82, 87, 92, 104, 121]
	⭕  Walk to 33 (2.8 min) 
> 33 (17:09)
Rent:    [2, 6, 81, 107]
Return:  [3, 4, 12, 19, 28, 34, 37, 45, 46, 55, 60, 64, 66, 80, 82, 87, 92, 104, 121]
	⭕  Bike to 4 (1.3 min) +1
> 4 (17:10)
Rent:    [2, 6, 81, 107]
Return:  [3, 4, 12, 19, 28, 34, 37, 45, 46, 55, 60, 64, 66, 80, 82, 87, 92, 104, 121]
	⭕  Walk to 8 (2.5 min) 
> 8 (17:13)
Rent:    [2, 6, 81, 107]
Return:  [3, 4, 12, 19, 28, 34, 37, 45, 46, 55, 60, 64, 66, 80, 82, 87, 92, 104, 121]
	⭕  Bike to 4 (1.8 min) +1
> 4 (17:15)
Rent:    [2, 6, 81, 107]
Return:  [4, 5, 12, 19, 28, 33, 34, 37, 46, 55, 59, 60, 64, 66, 80, 82, 87, 92, 104, 121, 124]
	⭕  Walk to 8 (2.5 min) 
> 8 (17:17)
Rent:    [2, 6, 81, 107]
Return:  [4, 5, 12, 19, 28, 33, 34, 37, 46, 55, 59, 60, 64, 66, 80, 82, 87, 92, 104, 121, 124]
	⭕  Bike to 5 (1.9 min) +1
> 5 (17:19)
Rent:    [2, 6, 81, 107]
Return:  [4, 5, 12, 19, 28, 33, 34, 37, 46, 55, 59, 60, 64, 66, 80, 82, 87, 92, 104, 121, 124]
	⭕  Walk to 50 (2.5 min) 
> 50 (17:22)
Rent:    [2, 6, 81, 107]
Return:  [4, 5, 12, 19, 28, 33, 34, 37, 46, 55, 59, 60, 64, 66, 80, 82, 87, 92, 104, 121, 124]
	⭕  Bike to 5 (1.8 min) +1
> 5 (17:23)
Rent:    [2, 6, 81, 107]
Return:  [4, 5, 12, 19, 28, 33, 34, 37, 46, 55, 59, 60, 64, 66, 80, 82, 87, 92, 104, 121, 124]
	⭕  Walk to 50 (2.5 min) 
> 50 (17:26)
Rent:    [2, 6, 81, 107]
Return:  [4, 5, 12, 19, 28, 33, 34, 37, 46, 55, 59, 60, 64, 66, 80, 82, 87, 92, 104, 121, 124]
	⭕  Bike to 5 (1.8 min) +1
> 5 (17:28)
Rent:    [2, 6, 81, 107]
Return:  [4, 5, 12, 19, 28, 33, 34, 37, 46, 55, 59, 60, 64, 66, 80, 82, 87, 92, 104, 121, 124]
	⭕  Walk to 50 (2.5 min) 
> 50 (17:30)
Rent:    [2, 6, 98, 107, 109]
Return:  [3, 4, 5, 11, 12, 19, 28, 33, 34, 37, 45, 46, 55, 59, 60, 64, 66, 80, 82, 87, 92, 104, 121, 124]
	⭕  Bike to 5 (1.8 min) +1
> 5 (17:32)
Rent:    [2, 6, 98, 107, 109]
Return:  [3, 4, 5, 11, 12, 19, 28, 33, 34, 37, 45, 46, 55, 59, 60, 64, 66, 80, 82, 87, 92, 104, 121, 124]
	⭕  Walk to 50 (2.5 min) 
> 50 (17:34)
Rent:    [2, 6, 98, 107, 109]
Return:  [3, 4, 5, 11, 12, 19, 28, 33, 34, 37, 45, 46, 55, 59, 60, 64, 66, 80, 82, 87, 92, 104, 121, 124]
	⭕  Bike to 5 (1.8 min) +1
> 5 (17:36)
Rent:    [2, 6, 98, 107, 109]
Return:  [3, 4, 5, 11, 12, 19, 28, 33, 34, 37, 45, 46, 55, 59, 60, 64, 66, 80, 82, 87, 92, 104, 121, 124]
	⭕  Walk to 50 (2.5 min) 
> 50 (17:39)
Rent:    [2, 6, 98, 107, 109]
Return:  [3, 4, 5, 11, 12, 19, 28, 33, 34, 37, 45, 46, 55, 59, 60, 64, 66, 80, 82, 87, 92, 104, 121, 124]
	⭕  Bike to 5 (1.8 min) +1
> 5 (17:41)
Rent:    [2, 6, 98, 107, 109]
Return:  [3, 4, 5, 11, 12, 19, 28, 33, 34, 37, 45, 46, 55, 59, 60, 64, 66, 80, 82, 87, 92, 104, 121, 124]
	⭕  Walk to 8 (2.6 min) 
> 8 (17:43)
Rent:    [2, 6, 98, 107, 109]
Return:  [3, 4, 5, 11, 12, 19, 28, 33, 34, 37, 45, 46, 55, 59, 60, 64, 66, 80, 82, 87, 92, 104, 121, 124]
	⭕  Bike to 4 (1.8 min) +1
> 4 (17:45)
Rent:    [2, 6, 98, 106, 107]
Return:  [3, 4, 5, 12, 19, 28, 33, 37, 45, 46, 50, 55, 59, 60, 64, 66, 80, 87, 92, 121, 124]
	⭕  Walk to 8 (2.5 min) 
> 8 (17:48)
Rent:    [2, 6, 98, 106, 107]
Return:  [3, 4, 5, 12, 19, 28, 33, 37, 45, 46, 50, 55, 59, 60, 64, 66, 80, 87, 92, 121, 124]
	⭕  Bike to 50 (2.0 min) +1
> 50 (17:50)
Rent:    [2, 6, 98, 106, 107]
Return:  [3, 4, 5, 12, 19, 28, 33, 37, 45, 46, 50, 55, 59, 60, 64, 66, 80, 87, 92, 121, 124]
	⭕  Walk to 58 (4.2 min) 
> 58 (17:54)
Rent:    [2, 6, 98, 106, 107]
Return:  [3, 4, 5, 12, 19, 28, 33, 37, 45, 46, 50, 55, 59, 60, 64, 66, 80, 87, 92, 121, 124]
	⭕  Bike to 5 (2.2 min) +1
> 5 (17:56)
Rent:    [2, 6, 98, 106, 107]
Return:  [3, 4, 5, 12, 19, 28, 33, 37, 45, 46, 50, 55, 59, 60, 64, 66, 80, 87, 92, 121, 124]
	⭕  Walk to 8 (2.6 min) 
> 8 (17:59)
Rent:    [2, 6, 98, 106, 107]
Return:  [3, 4, 5, 12, 19, 28, 33, 37, 45, 46, 50, 55, 59, 60, 64, 66, 80, 87, 92, 121, 124]
	⭕  Bike to 4 (1.8 min) +1
> 4 (18:00)
Rent:    [2, 6, 98, 106, 107]
Return:  [0, 12, 19, 28, 37, 45, 46, 50, 55, 60, 64, 66, 74, 80, 82, 87, 92, 121, 124]
	⭕  Walk to 20 (3.5 min) 
> 20 (18:04)
Rent:    [2, 6, 98, 106, 107]
Return:  [0, 12, 19, 28, 37, 45, 46, 50, 55, 60, 64, 66, 74, 80, 82, 87, 92, 121, 124]
	⭕  Bike to 0 (1.6 min) +1
> 0 (18:06)
Rent:    [2, 6, 98, 106, 107]
Return:  [0, 12, 19, 28, 37, 45, 46, 50, 55, 60, 64, 66, 74, 80, 82, 87, 92, 121, 124]
	⭕  Walk to 56 (3.1 min) 
> 56 (18:09)
Rent:    [2, 6, 98, 106, 107]
Return:  [0, 12, 19, 28, 37, 45, 46, 50, 55, 60, 64, 66, 74, 80, 82, 87, 92, 121, 124]
	⭕  Bike to 0 (1.5 min) +1
> 0 (18:10)
Rent:    [2, 6, 98, 106, 107]
Return:  [0, 12, 19, 28, 37, 45, 46, 50, 55, 60, 64, 66, 74, 80, 82, 87, 92, 121, 124]
	⭕  Walk to 56 (3.1 min) 
> 56 (18:13)
Rent:    [2, 6, 98, 106, 107]
Return:  [0, 12, 19, 28, 37, 45, 46, 50, 55, 60, 64, 66, 74, 80, 82, 87, 92, 121, 124]
	⭕  Bike to 0 (1.5 min) +1
> 0 (18:15)
Rent:    [6, 98, 106, 107]
Return:  [0, 3, 4, 5, 12, 19, 28, 33, 37, 45, 46, 50, 55, 60, 64, 66, 74, 77, 80, 82, 87, 92, 104, 124]
	⭕  Walk to 56 (3.1 min) 
> 56 (18:18)
Rent:    [6, 98, 106, 107]
Return:  [0, 3, 4, 5, 12, 19, 28, 33, 37, 45, 46, 50, 55, 60, 64, 66, 74, 77, 80, 82, 87, 92, 104, 124]
	⭕  Bike to 4 (1.7 min) +1
> 4 (18:20)
Rent:    [6, 98, 106, 107]
Return:  [0, 3, 4, 5, 12, 19, 28, 33, 37, 45, 46, 50, 55, 60, 64, 66, 74, 77, 80, 82, 87, 92, 104, 124]
	⭕  Walk to 8 (2.5 min) 
> 8 (18:22)
Rent:    [6, 98, 106, 107]
Return:  [0, 3, 4, 5, 12, 19, 28, 33, 37, 45, 46, 50, 55, 60, 64, 66, 74, 77, 80, 82, 87, 92, 104, 124]
	⭕  Bike to 4 (1.8 min) +1
> 4 (18:24)
Rent:    [6, 98, 106, 107]
Return:  [0, 3, 4, 5, 12, 19, 28, 33, 37, 45, 46, 50, 55, 60, 64, 66, 74, 77, 80, 82, 87, 92, 104, 124]
	⭕  Walk to 8 (2.5 min) 
> 8 (18:26)
Rent:    [6, 98, 106, 107]
Return:  [0, 3, 4, 5, 12, 19, 28, 33, 37, 45, 46, 50, 55, 60, 64, 66, 74, 77, 80, 82, 87, 92, 104, 124]
	⭕  Bike to 50 (2.0 min) +1
> 50 (18:28)
Rent:    [6, 98, 106, 107]
Return:  [0, 3, 4, 5, 12, 19, 28, 33, 37, 45, 46, 50, 55, 60, 64, 66, 74, 77, 80, 82, 87, 92, 104, 124]
	⭕  Walk to 5 (2.5 min) 
> 5 (18:31)
Rent:    [6, 98, 99, 106, 107]
Return:  [0, 4, 7, 12, 19, 28, 37, 46, 50, 55, 59, 60, 64, 66, 74, 77, 80, 87, 92, 118, 124]
	⭕  Bike to 55 (2.5 min) +1
> 55 (18:33)
Rent:    [6, 98, 99, 106, 107]
Return:  [0, 4, 7, 12, 19, 28, 37, 46, 50, 55, 59, 60, 64, 66, 74, 77, 80, 87, 92, 118, 124]
	⭕  Walk to 53 (3.6 min) 
> 53 (18:37)
Rent:    [6, 98, 99, 106, 107]
Return:  [0, 4, 7, 12, 19, 28, 37, 46, 50, 55, 59, 60, 64, 66, 74, 77, 80, 87, 92, 118, 124]
	⭕  Bike to 87 (0.9 min) +1
> 87 (18:38)
Rent:    [6, 98, 99, 106, 107]
Return:  [0, 4, 7, 12, 19, 28, 37, 46, 50, 55, 59, 60, 64, 66, 74, 77, 80, 87, 92, 118, 124]
	⭕  Walk to 53 (1.6 min) 
> 53 (18:40)
Rent:    [6, 98, 99, 106, 107]
Return:  [0, 4, 7, 12, 19, 28, 37, 46, 50, 55, 59, 60, 64, 66, 74, 77, 80, 87, 92, 118, 124]
	⭕  Bike to 87 (0.9 min) +1
> 87 (18:41)
Rent:    [6, 98, 99, 106, 107]
Return:  [0, 4, 7, 12, 19, 28, 37, 46, 50, 55, 59, 60, 64, 66, 74, 77, 80, 87, 92, 118, 124]
	⭕  Walk to 53 (1.6 min) 
> 53 (18:42)
Rent:    [6, 98, 99, 106, 107]
Return:  [0, 4, 7, 12, 19, 28, 37, 46, 50, 55, 59, 60, 64, 66, 74, 77, 80, 87, 92, 118, 124]
	⭕  Bike to 87 (0.9 min) +1
> 87 (18:43)
Rent:    [6, 98, 99, 106, 107]
Return:  [0, 4, 7, 12, 19, 28, 37, 46, 50, 55, 59, 60, 64, 66, 74, 77, 80, 87, 92, 118, 124]
	⭕  Walk to 53 (1.6 min) 
> 53 (18:45)
Rent:    [6, 98, 99, 106, 107]
Return:  [0, 4, 5, 7, 12, 19, 22, 28, 37, 46, 50, 55, 60, 61, 64, 66, 74, 80, 87, 92, 104, 118, 124]
	⭕  Bike to 87 (0.9 min) +1
> 87 (18:46)
Rent:    [6, 98, 99, 106, 107]
Return:  [0, 4, 5, 7, 12, 19, 22, 28, 37, 46, 50, 55, 60, 61, 64, 66, 74, 80, 87, 92, 104, 118, 124]
	⭕  Walk to 53 (1.6 min) 
> 53 (18:47)
Rent:    [6, 98, 99, 106, 107]
Return:  [0, 4, 5, 7, 12, 19, 22, 28, 37, 46, 50, 55, 60, 61, 64, 66, 74, 80, 87, 92, 104, 118, 124]
	⭕  Bike to 87 (0.9 min) +1
> 87 (18:48)
Rent:    [6, 98, 99, 106, 107]
Return:  [0, 4, 5, 7, 12, 19, 22, 28, 37, 46, 50, 55, 60, 61, 64, 66, 74, 80, 87, 92, 104, 118, 124]
	⭕  Walk to 30 (2.6 min) 
> 30 (18:51)
Rent:    [6, 98, 99, 106, 107]
Return:  [0, 4, 5, 7, 12, 19, 22, 28, 37, 46, 50, 55, 60, 61, 64, 66, 74, 80, 87, 92, 104, 118, 124]
	⭕  Bike to 66 (2.2 min) +1
> 66 (18:53)
Rent:    [6, 98, 99, 106, 107]
Return:  [0, 4, 5, 7, 12, 19, 22, 28, 37, 46, 50, 55, 60, 61, 64, 66, 74, 80, 87, 92, 104, 118, 124]
	⭕  Walk to 102 (1.7 min) 
> 102 (18:55)
Rent:    [6, 98, 99, 106, 107]
Return:  [0, 4, 5, 7, 12, 19, 22, 28, 37, 46, 50, 55, 60, 61, 64, 66, 74, 80, 87, 92, 104, 118, 124]
	⭕  Bike to 66 (0.7 min) +1
> 66 (18:55)
Rent:    [6, 98, 99, 106, 107]
Return:  [0, 4, 5, 7, 12, 19, 22, 28, 37, 46, 50, 55, 60, 61, 64, 66, 74, 80, 87, 92, 104, 118, 124]
	⭕  Walk to 102 (1.7 min) 
> 102 (18:57)
Rent:    [6, 98, 99, 106, 107]
Return:  [0, 4, 5, 7, 12, 19, 22, 28, 37, 46, 50, 55, 60, 61, 64, 66, 74, 80, 87, 92, 104, 118, 124]
	⭕  Bike to 66 (0.7 min) +1
> 66 (18:58)
Rent:    [6, 98, 99, 106, 107]
Return:  [0, 4, 5, 7, 12, 19, 22, 28, 37, 46, 50, 55, 60, 61, 64, 66, 74, 80, 87, 92, 104, 118, 124]
	⭕  Walk to 102 (1.7 min) 
> 102 (19:00)
Rent:    [6, 94, 95, 98, 99, 106, 107]
Return:  [0, 4, 10, 12, 19, 24, 28, 37, 46, 50, 55, 60, 61, 64, 66, 74, 80, 87, 92, 104, 118, 121, 124]
	⭕  Bike to 66 (0.7 min) +1
> 66 (19:00)
Rent:    [6, 94, 95, 98, 99, 106, 107]
Return:  [0, 4, 10, 12, 19, 24, 28, 37, 46, 50, 55, 60, 61, 64, 66, 74, 80, 87, 92, 104, 118, 121, 124]
	⭕  Walk to 102 (1.7 min) 
> 102 (19:02)
Rent:    [6, 94, 95, 98, 99, 106, 107]
Return:  [0, 4, 10, 12, 19, 24, 28, 37, 46, 50, 55, 60, 61, 64, 66, 74, 80, 87, 92, 104, 118, 121, 124]
	⭕  Bike to 66 (0.7 min) +1
> 66 (19:03)
Rent:    [6, 94, 95, 98, 99, 106, 107]
Return:  [0, 4, 10, 12, 19, 24, 28, 37, 46, 50, 55, 60, 61, 64, 66, 74, 80, 87, 92, 104, 118, 121, 124]
	⭕  Walk to 102 (1.7 min) 
> 102 (19:04)
Rent:    [6, 94, 95, 98, 99, 106, 107]
Return:  [0, 4, 10, 12, 19, 24, 28, 37, 46, 50, 55, 60, 61, 64, 66, 74, 80, 87, 92, 104, 118, 121, 124]
	⭕  Bike to 66 (0.7 min) +1
> 66 (19:05)
Rent:    [6, 94, 95, 98, 99, 106, 107]
Return:  [0, 4, 10, 12, 19, 24, 28, 37, 46, 50, 55, 60, 61, 64, 66, 74, 80, 87, 92, 104, 118, 121, 124]
	⭕  Walk to 52 (2.4 min) 
> 52 (19:08)
Rent:    [6, 94, 95, 98, 99, 106, 107]
Return:  [0, 4, 10, 12, 19, 24, 28, 37, 46, 50, 55, 60, 61, 64, 66, 74, 80, 87, 92, 104, 118, 121, 124]
	⭕  Bike to 66 (1.1 min) +1
> 66 (19:09)
Rent:    [6, 94, 95, 98, 99, 106, 107]
Return:  [0, 4, 10, 12, 19, 24, 28, 37, 46, 50, 55, 60, 61, 64, 66, 74, 80, 87, 92, 104, 118, 121, 124]
	⭕  Walk to 52 (2.4 min) 
> 52 (19:11)
Rent:    [6, 94, 95, 98, 99, 106, 107]
Return:  [0, 4, 10, 12, 19, 24, 28, 37, 46, 50, 55, 60, 61, 64, 66, 74, 80, 87, 92, 104, 118, 121, 124]
	⭕  Bike to 66 (1.1 min) +1
> 66 (19:12)
Rent:    [6, 94, 95, 98, 99, 106, 107]
Return:  [0, 4, 10, 12, 19, 24, 28, 37, 46, 50, 55, 60, 61, 64, 66, 74, 80, 87, 92, 104, 118, 121, 124]
	⭕  Walk to 52 (2.4 min) 
> 52 (19:14)
Rent:    [6, 94, 95, 98, 99, 106, 107]
Return:  [0, 4, 10, 12, 19, 24, 28, 37, 46, 50, 55, 60, 61, 64, 66, 74, 80, 87, 92, 104, 118, 121, 124]
	⭕  Bike to 66 (1.1 min) +1
> 66 (19:16)
Rent:    [6, 32, 94, 95, 98, 99, 106, 107, 115]
Return:  [0, 4, 10, 12, 19, 22, 24, 28, 29, 37, 45, 46, 47, 50, 55, 60, 61, 64, 66, 74, 77, 80, 87, 92, 102, 104, 118, 121, 124]
	⭕  Walk to 52 (2.4 min) 
> 52 (19:18)
Rent:    [6, 32, 94, 95, 98, 99, 106, 107, 115]
Return:  [0, 4, 10, 12, 19, 22, 24, 28, 29, 37, 45, 46, 47, 50, 55, 60, 61, 64, 66, 74, 77, 80, 87, 92, 102, 104, 118, 121, 124]
	⭕  Bike to 66 (1.1 min) +1
> 66 (19:19)
Rent:    [6, 32, 94, 95, 98, 99, 106, 107, 115]
Return:  [0, 4, 10, 12, 19, 22, 24, 28, 29, 37, 45, 46, 47, 50, 55, 60, 61, 64, 66, 74, 77, 80, 87, 92, 102, 104, 118, 121, 124]
	⭕  Walk to 52 (2.4 min) 
> 52 (19:21)
Rent:    [6, 32, 94, 95, 98, 99, 106, 107, 115]
Return:  [0, 4, 10, 12, 19, 22, 24, 28, 29, 37, 45, 46, 47, 50, 55, 60, 61, 64, 66, 74, 77, 80, 87, 92, 102, 104, 118, 121, 124]
	⭕  Bike to 66 (1.1 min) +1
> 66 (19:23)
Rent:    [6, 32, 94, 95, 98, 99, 106, 107, 115]
Return:  [0, 4, 10, 12, 19, 22, 24, 28, 29, 37, 45, 46, 47, 50, 55, 60, 61, 64, 66, 74, 77, 80, 87, 92, 102, 104, 118, 121, 124]
	⭕  Walk to 52 (2.4 min) 
> 52 (19:25)
Rent:    [6, 32, 94, 95, 98, 99, 106, 107, 115]
Return:  [0, 4, 10, 12, 19, 22, 24, 28, 29, 37, 45, 46, 47, 50, 55, 60, 61, 64, 66, 74, 77, 80, 87, 92, 102, 104, 118, 121, 124]
	⭕  Bike to 66 (1.1 min) +1
> 66 (19:26)
Rent:    [6, 32, 94, 95, 98, 99, 106, 107, 115]
Return:  [0, 4, 10, 12, 19, 22, 24, 28, 29, 37, 45, 46, 47, 50, 55, 60, 61, 64, 66, 74, 77, 80, 87, 92, 102, 104, 118, 121, 124]
	⭕  Walk to 52 (2.4 min) 
> 52 (19:28)
Rent:    [6, 32, 94, 95, 98, 99, 106, 107, 115]
Return:  [0, 4, 10, 12, 19, 22, 24, 28, 29, 37, 45, 46, 47, 50, 55, 60, 61, 64, 66, 74, 77, 80, 87, 92, 102, 104, 118, 121, 124]
	⭕  Bike to 66 (1.1 min) +1
> 66 (19:29)
Rent:    [6, 32, 94, 95, 98, 99, 106, 107, 115]
Return:  [0, 4, 10, 12, 19, 22, 24, 28, 29, 37, 45, 46, 47, 50, 55, 60, 61, 64, 66, 74, 77, 80, 87, 92, 102, 104, 118, 121, 124]
	⭕  Walk to 52 (2.4 min) 
> 52 (19:32)
Rent:    [6, 32, 94, 95, 98, 99, 106, 107, 115]
Return:  [0, 4, 5, 8, 10, 12, 19, 24, 28, 37, 45, 46, 47, 50, 55, 60, 61, 64, 66, 74, 77, 80, 82, 87, 92, 93, 102, 104, 118, 121, 124]
	⭕  Bike to 66 (1.1 min) +1
> 66 (19:33)
Rent:    [6, 32, 94, 95, 98, 99, 106, 107, 115]
Return:  [0, 4, 5, 8, 10, 12, 19, 24, 28, 37, 45, 46, 47, 50, 55, 60, 61, 64, 66, 74, 77, 80, 82, 87, 92, 93, 102, 104, 118, 121, 124]
	⭕  Walk to 52 (2.4 min) 
> 52 (19:35)
Rent:    [6, 32, 94, 95, 98, 99, 106, 107, 115]
Return:  [0, 4, 5, 8, 10, 12, 19, 24, 28, 37, 45, 46, 47, 50, 55, 60, 61, 64, 66, 74, 77, 80, 82, 87, 92, 93, 102, 104, 118, 121, 124]
	⭕  Bike to 66 (1.1 min) +1
> 66 (19:36)
Rent:    [6, 32, 94, 95, 98, 99, 106, 107, 115]
Return:  [0, 4, 5, 8, 10, 12, 19, 24, 28, 37, 45, 46, 47, 50, 55, 60, 61, 64, 66, 74, 77, 80, 82, 87, 92, 93, 102, 104, 118, 121, 124]
	⭕  Walk to 52 (2.4 min) 
> 52 (19:39)
Rent:    [6, 32, 94, 95, 98, 99, 106, 107, 115]
Return:  [0, 4, 5, 8, 10, 12, 19, 24, 28, 37, 45, 46, 47, 50, 55, 60, 61, 64, 66, 74, 77, 80, 82, 87, 92, 93, 102, 104, 118, 121, 124]
	⭕  Bike to 66 (1.1 min) +1
> 66 (19:40)
Rent:    [6, 32, 94, 95, 98, 99, 106, 107, 115]
Return:  [0, 4, 5, 8, 10, 12, 19, 24, 28, 37, 45, 46, 47, 50, 55, 60, 61, 64, 66, 74, 77, 80, 82, 87, 92, 93, 102, 104, 118, 121, 124]
	⭕  Walk to 52 (2.4 min) 
> 52 (19:42)
Rent:    [6, 32, 94, 95, 98, 99, 106, 107, 115]
Return:  [0, 4, 5, 8, 10, 12, 19, 24, 28, 37, 45, 46, 47, 50, 55, 60, 61, 64, 66, 74, 77, 80, 82, 87, 92, 93, 102, 104, 118, 121, 124]
	⭕  Bike to 66 (1.1 min) +1
> 66 (19:43)
Rent:    [6, 32, 94, 95, 98, 99, 106, 107, 115]
Return:  [0, 4, 5, 8, 10, 12, 19, 24, 28, 37, 45, 46, 47, 50, 55, 60, 61, 64, 66, 74, 77, 80, 82, 87, 92, 93, 102, 104, 118, 121, 124]
	⭕  Walk to 52 (2.4 min) 
> 52 (19:46)
Rent:    [6, 32, 94, 95, 98, 99, 106, 107, 109]
Return:  [0, 4, 5, 10, 12, 22, 24, 27, 28, 35, 37, 45, 46, 47, 50, 55, 60, 61, 64, 66, 74, 77, 82, 87, 88, 92, 93, 102, 104, 118, 121]
	⭕  Bike to 66 (1.1 min) +1
> 66 (19:47)
Rent:    [6, 32, 94, 95, 98, 99, 106, 107, 109]
Return:  [0, 4, 5, 10, 12, 22, 24, 27, 28, 35, 37, 45, 46, 47, 50, 55, 60, 61, 64, 66, 74, 77, 82, 87, 88, 92, 93, 102, 104, 118, 121]
	⭕  Walk to 52 (2.4 min) 
> 52 (19:49)
Rent:    [6, 32, 94, 95, 98, 99, 106, 107, 109]
Return:  [0, 4, 5, 10, 12, 22, 24, 27, 28, 35, 37, 45, 46, 47, 50, 55, 60, 61, 64, 66, 74, 77, 82, 87, 88, 92, 93, 102, 104, 118, 121]
	⭕  Bike to 66 (1.1 min) +1
> 66 (19:50)
Rent:    [6, 32, 94, 95, 98, 99, 106, 107, 109]
Return:  [0, 4, 5, 10, 12, 22, 24, 27, 28, 35, 37, 45, 46, 47, 50, 55, 60, 61, 64, 66, 74, 77, 82, 87, 88, 92, 93, 102, 104, 118, 121]
	⭕  Walk to 52 (2.4 min) 
> 52 (19:53)
Rent:    [6, 32, 94, 95, 98, 99, 106, 107, 109]
Return:  [0, 4, 5, 10, 12, 22, 24, 27, 28, 35, 37, 45, 46, 47, 50, 55, 60, 61, 64, 66, 74, 77, 82, 87, 88, 92, 93, 102, 104, 118, 121]
	⭕  Bike to 66 (1.1 min) +1
> 66 (19:54)
Rent:    [6, 32, 94, 95, 98, 99, 106, 107, 109]
Return:  [0, 4, 5, 10, 12, 22, 24, 27, 28, 35, 37, 45, 46, 47, 50, 55, 60, 61, 64, 66, 74, 77, 82, 87, 88, 92, 93, 102, 104, 118, 121]
	⭕  Walk to 52 (2.4 min) 
> 52 (19:56)
Rent:    [6, 32, 94, 95, 98, 99, 106, 107, 109]
Return:  [0, 4, 5, 10, 12, 22, 24, 27, 28, 35, 37, 45, 46, 47, 50, 55, 60, 61, 64, 66, 74, 77, 82, 87, 88, 92, 93, 102, 104, 118, 121]
	⭕  Bike to 66 (1.1 min) +1
> 66 (19:57)
Rent:    [6, 32, 94, 95, 98, 99, 106, 107, 109]
Return:  [0, 4, 5, 10, 12, 22, 24, 27, 28, 35, 37, 45, 46, 47, 50, 55, 60, 61, 64, 66, 74, 77, 82, 87, 88, 92, 93, 102, 104, 118, 121]
	⭕  Walk to 30 (5.9 min) 
> 30 (20:03)
Rent:    [6, 32, 54, 94, 95, 98, 99, 106, 107, 109, 115]
Return:  [0, 4, 5, 10, 24, 28, 35, 37, 45, 46, 50, 55, 60, 61, 64, 66, 74, 77, 82, 87, 88, 92, 93, 102, 104, 117, 118, 124]
	⭕  Bike to 87 (1.0 min) +1
> 87 (20:04)
Rent:    [6, 32, 54, 94, 95, 98, 99, 106, 107, 109, 115]
Return:  [0, 4, 5, 10, 24, 28, 35, 37, 45, 46, 50, 55, 60, 61, 64, 66, 74, 77, 82, 87, 88, 92, 93, 102, 104, 117, 118, 124]
	⭕  Walk to 53 (1.6 min) 
> 53 (20:06)
Rent:    [6, 32, 54, 94, 95, 98, 99, 106, 107, 109, 115]
Return:  [0, 4, 5, 10, 24, 28, 35, 37, 45, 46, 50, 55, 60, 61, 64, 66, 74, 77, 82, 87, 88, 92, 93, 102, 104, 117, 118, 124]
	⭕  Bike to 87 (0.9 min) +1
> 87 (20:07)
Rent:    [6, 32, 54, 94, 95, 98, 99, 106, 107, 109, 115]
Return:  [0, 4, 5, 10, 24, 28, 35, 37, 45, 46, 50, 55, 60, 61, 64, 66, 74, 77, 82, 87, 88, 92, 93, 102, 104, 117, 118, 124]
	⭕  Walk to 53 (1.6 min) 
> 53 (20:08)
Rent:    [6, 32, 54, 94, 95, 98, 99, 106, 107, 109, 115]
Return:  [0, 4, 5, 10, 24, 28, 35, 37, 45, 46, 50, 55, 60, 61, 64, 66, 74, 77, 82, 87, 88, 92, 93, 102, 104, 117, 118, 124]
	⭕  Bike to 87 (0.9 min) +1
> 87 (20:09)
Rent:    [6, 32, 54, 94, 95, 98, 99, 106, 107, 109, 115]
Return:  [0, 4, 5, 10, 24, 28, 35, 37, 45, 46, 50, 55, 60, 61, 64, 66, 74, 77, 82, 87, 88, 92, 93, 102, 104, 117, 118, 124]
	⭕  Walk to 47 (2.4 min) 
> 47 (20:12)
Rent:    [6, 32, 54, 94, 95, 98, 99, 106, 107, 109, 115]
Return:  [0, 4, 5, 10, 24, 28, 35, 37, 45, 46, 50, 55, 60, 61, 64, 66, 74, 77, 82, 87, 88, 92, 93, 102, 104, 117, 118, 124]
	⭕  Bike to 87 (2.0 min) +1
> 87 (20:14)
Rent:    [6, 32, 54, 94, 95, 98, 99, 106, 107, 109, 115]
Return:  [0, 4, 5, 10, 24, 28, 35, 37, 45, 46, 50, 55, 60, 61, 64, 66, 74, 77, 82, 87, 88, 92, 93, 102, 104, 117, 118, 124]
	⭕  Walk to 47 (2.4 min) 
> 47 (20:16)
Rent:    [32, 54, 70, 94, 95, 98, 99, 106, 107, 109, 115]
Return:  [0, 4, 5, 10, 12, 19, 20, 28, 30, 33, 35, 37, 45, 46, 50, 53, 55, 60, 61, 64, 66, 77, 82, 87, 88, 92, 93, 102, 104, 117, 118, 124]
	⭕  Bike to 53 (1.2 min) +1
> 53 (20:17)
Rent:    [32, 54, 70, 94, 95, 98, 99, 106, 107, 109, 115]
Return:  [0, 4, 5, 10, 12, 19, 20, 28, 30, 33, 35, 37, 45, 46, 50, 53, 55, 60, 61, 64, 66, 77, 82, 87, 88, 92, 93, 102, 104, 117, 118, 124]
	⭕  Walk to 34 (6.9 min) 
> 34 (20:24)
Rent:    [32, 54, 70, 94, 95, 98, 99, 106, 107, 109, 115]
Return:  [0, 4, 5, 10, 12, 19, 20, 28, 30, 33, 35, 37, 45, 46, 50, 53, 55, 60, 61, 64, 66, 77, 82, 87, 88, 92, 93, 102, 104, 117, 118, 124]
	⭕  Bike to 77 (2.6 min) +1
> 77 (20:27)
Rent:    [32, 54, 70, 94, 95, 98, 99, 106, 107, 109, 115]
Return:  [0, 4, 5, 10, 12, 19, 20, 28, 30, 33, 35, 37, 45, 46, 50, 53, 55, 60, 61, 64, 66, 77, 82, 87, 88, 92, 93, 102, 104, 117, 118, 124]
	⭕  Walk to 52 (3.3 min) 
> 52 (20:30)
Rent:    [32, 54, 94, 95, 98, 99, 103, 106, 107, 109, 115]
Return:  [0, 4, 5, 12, 14, 19, 20, 23, 28, 30, 33, 37, 45, 46, 47, 50, 55, 60, 61, 64, 66, 74, 77, 82, 87, 88, 92, 93, 102, 105, 117, 118, 123]
	⭕  Bike to 66 (1.1 min) +1
> 66 (20:31)
Rent:    [32, 54, 94, 95, 98, 99, 103, 106, 107, 109, 115]
Return:  [0, 4, 5, 12, 14, 19, 20, 23, 28, 30, 33, 37, 45, 46, 47, 50, 55, 60, 61, 64, 66, 74, 77, 82, 87, 88, 92, 93, 102, 105, 117, 118, 123]
	⭕  Walk to 52 (2.4 min) 
> 52 (20:34)
Rent:    [32, 54, 94, 95, 98, 99, 103, 106, 107, 109, 115]
Return:  [0, 4, 5, 12, 14, 19, 20, 23, 28, 30, 33, 37, 45, 46, 47, 50, 55, 60, 61, 64, 66, 74, 77, 82, 87, 88, 92, 93, 102, 105, 117, 118, 123]
	⭕  Bike to 66 (1.1 min) +1
> 66 (20:35)
Rent:    [32, 54, 94, 95, 98, 99, 103, 106, 107, 109, 115]
Return:  [0, 4, 5, 12, 14, 19, 20, 23, 28, 30, 33, 37, 45, 46, 47, 50, 55, 60, 61, 64, 66, 74, 77, 82, 87, 88, 92, 93, 102, 105, 117, 118, 123]
	⭕  Walk to 52 (2.4 min) 
> 52 (20:37)
Rent:    [32, 54, 94, 95, 98, 99, 103, 106, 107, 109, 115]
Return:  [0, 4, 5, 12, 14, 19, 20, 23, 28, 30, 33, 37, 45, 46, 47, 50, 55, 60, 61, 64, 66, 74, 77, 82, 87, 88, 92, 93, 102, 105, 117, 118, 123]
	⭕  Bike to 66 (1.1 min) +1
> 66 (20:38)
Rent:    [32, 54, 94, 95, 98, 99, 103, 106, 107, 109, 115]
Return:  [0, 4, 5, 12, 14, 19, 20, 23, 28, 30, 33, 37, 45, 46, 47, 50, 55, 60, 61, 64, 66, 74, 77, 82, 87, 88, 92, 93, 102, 105, 117, 118, 123]
	⭕  Walk to 52 (2.4 min) 
> 52 (20:41)
Rent:    [32, 54, 94, 95, 98, 99, 103, 106, 107, 109, 115]
Return:  [0, 4, 5, 12, 14, 19, 20, 23, 28, 30, 33, 37, 45, 46, 47, 50, 55, 60, 61, 64, 66, 74, 77, 82, 87, 88, 92, 93, 102, 105, 117, 118, 123]
	⭕  Bike to 66 (1.1 min) +1
> 66 (20:42)
Rent:    [32, 54, 94, 95, 98, 99, 103, 106, 107, 109, 115]
Return:  [0, 4, 5, 12, 14, 19, 20, 23, 28, 30, 33, 37, 45, 46, 47, 50, 55, 60, 61, 64, 66, 74, 77, 82, 87, 88, 92, 93, 102, 105, 117, 118, 123]
	⭕  Walk to 10 (9.1 min) 
> 10 (20:51)
Rent:    [6, 32, 54, 57, 70, 94, 95, 98, 99, 107, 115]
Return:  [0, 5, 19, 21, 23, 27, 28, 30, 33, 34, 37, 45, 46, 47, 50, 55, 60, 64, 66, 74, 77, 82, 87, 88, 92, 93, 102, 104, 105, 117, 118, 123, 124]
	⭕  Bike to 87 (1.5 min) +1
> 87 (20:52)
Rent:    [6, 32, 54, 57, 70, 94, 95, 98, 99, 107, 115]
Return:  [0, 5, 19, 21, 23, 27, 28, 30, 33, 34, 37, 45, 46, 47, 50, 55, 60, 64, 66, 74, 77, 82, 87, 88, 92, 93, 102, 104, 105, 117, 118, 123, 124]
	⭕  Walk to 53 (1.6 min) 
> 53 (20:54)
Rent:    [6, 32, 54, 57, 70, 94, 95, 98, 99, 107, 115]
Return:  [0, 5, 19, 21, 23, 27, 28, 30, 33, 34, 37, 45, 46, 47, 50, 55, 60, 64, 66, 74, 77, 82, 87, 88, 92, 93, 102, 104, 105, 117, 118, 123, 124]
	⭕  Bike to 87 (0.9 min) +1
> 87 (20:55)
Rent:    [6, 32, 54, 57, 70, 94, 95, 98, 99, 107, 115]
Return:  [0, 5, 19, 21, 23, 27, 28, 30, 33, 34, 37, 45, 46, 47, 50, 55, 60, 64, 66, 74, 77, 82, 87, 88, 92, 93, 102, 104, 105, 117, 118, 123, 124]
	⭕  Walk to 47 (2.4 min) 
> 47 (20:57)
Rent:    [6, 32, 54, 57, 70, 94, 95, 98, 99, 107, 115]
Return:  [0, 5, 19, 21, 23, 27, 28, 30, 33, 34, 37, 45, 46, 47, 50, 55, 60, 64, 66, 74, 77, 82, 87, 88, 92, 93, 102, 104, 105, 117, 118, 123, 124]
	⭕  Bike to 87 (2.0 min) +1
> 87 (20:59)
Rent:    [6, 32, 54, 57, 70, 94, 95, 98, 99, 107, 115]
Return:  [0, 5, 19, 21, 23, 27, 28, 30, 33, 34, 37, 45, 46, 47, 50, 55, 60, 64, 66, 74, 77, 82, 87, 88, 92, 93, 102, 104, 105, 117, 118, 123, 124]
	⭕  Walk to 12 (4.9 min) 
> 12 (21:04)
Rent:    [6, 32, 54, 57, 70, 94, 95, 98, 99, 106, 107, 115]
Return:  [0, 5, 11, 19, 21, 22, 24, 27, 28, 29, 30, 33, 34, 37, 45, 46, 50, 53, 55, 60, 64, 66, 74, 77, 82, 87, 88, 92, 93, 102, 104, 105, 117, 118, 123, 124]
	⭕  Bike to 93 (1.5 min) +1
> 93 (21:06)
Rent:    [6, 32, 54, 57, 70, 94, 95, 98, 99, 106, 107, 115]
Return:  [0, 5, 11, 19, 21, 22, 24, 27, 28, 29, 30, 33, 34, 37, 45, 46, 50, 53, 55, 60, 64, 66, 74, 77, 82, 87, 88, 92, 93, 102, 104, 105, 117, 118, 123, 124]
	⭕  Walk to 8 (5.9 min) 
> 8 (21:12)
Rent:    [6, 32, 54, 57, 70, 94, 95, 98, 99, 106, 107, 115]
Return:  [0, 5, 11, 19, 21, 22, 24, 27, 28, 29, 30, 33, 34, 37, 45, 46, 50, 53, 55, 60, 64, 66, 74, 77, 82, 87, 88, 92, 93, 102, 104, 105, 117, 118, 123, 124]
	⭕  Bike to 5 (1.9 min) +1
> 5 (21:13)
Rent:    [6, 32, 54, 57, 70, 94, 95, 98, 99, 106, 107, 115]
Return:  [0, 5, 11, 19, 21, 22, 24, 27, 28, 29, 30, 33, 34, 37, 45, 46, 50, 53, 55, 60, 64, 66, 74, 77, 82, 87, 88, 92, 93, 102, 104, 105, 117, 118, 123, 124]
	⭕  Walk to 8 (2.6 min) 
> 8 (21:16)
Rent:    [6, 32, 54, 57, 70, 94, 95, 98, 99, 100, 106, 107, 109, 111, 115]
Return:  [0, 5, 11, 19, 21, 27, 28, 30, 33, 34, 37, 45, 46, 50, 53, 55, 60, 61, 64, 66, 74, 77, 82, 87, 88, 92, 93, 102, 105, 117, 118, 123, 124]
	⭕  Bike to 5 (1.9 min) +1
> 5 (21:18)
Rent:    [6, 32, 54, 57, 70, 94, 95, 98, 99, 100, 106, 107, 109, 111, 115]
Return:  [0, 5, 11, 19, 21, 27, 28, 30, 33, 34, 37, 45, 46, 50, 53, 55, 60, 61, 64, 66, 74, 77, 82, 87, 88, 92, 93, 102, 105, 117, 118, 123, 124]
	⭕  Walk to 8 (2.6 min) 
> 8 (21:21)
Rent:    [6, 32, 54, 57, 70, 94, 95, 98, 99, 100, 106, 107, 109, 111, 115]
Return:  [0, 5, 11, 19, 21, 27, 28, 30, 33, 34, 37, 45, 46, 50, 53, 55, 60, 61, 64, 66, 74, 77, 82, 87, 88, 92, 93, 102, 105, 117, 118, 123, 124]
	⭕  Bike to 5 (1.9 min) +1
> 5 (21:23)
Rent:    [6, 32, 54, 57, 70, 94, 95, 98, 99, 100, 106, 107, 109, 111, 115]
Return:  [0, 5, 11, 19, 21, 27, 28, 30, 33, 34, 37, 45, 46, 50, 53, 55, 60, 61, 64, 66, 74, 77, 82, 87, 88, 92, 93, 102, 105, 117, 118, 123, 124]
	⭕  Walk to 104 (4.2 min) 
> 104 (21:27)
Rent:    [6, 32, 54, 57, 70, 94, 95, 98, 99, 100, 106, 107, 109, 111, 115]
Return:  [0, 5, 11, 19, 21, 27, 28, 30, 33, 34, 37, 45, 46, 50, 53, 55, 60, 61, 64, 66, 74, 77, 82, 87, 88, 92, 93, 102, 105, 117, 118, 123, 124]
	⭕  Bike to 5 (1.3 min) +1
> 5 (21:28)
Rent:    [6, 32, 54, 57, 70, 94, 95, 98, 99, 100, 106, 107, 109, 111, 115]
Return:  [0, 5, 11, 19, 21, 27, 28, 30, 33, 34, 37, 45, 46, 50, 53, 55, 60, 61, 64, 66, 74, 77, 82, 87, 88, 92, 93, 102, 105, 117, 118, 123, 124]
	⭕  Walk to 8 (2.6 min) 
> 8 (21:31)
Rent:    [6, 32, 54, 57, 94, 95, 98, 106, 107, 109, 111, 115]
Return:  [5, 11, 19, 21, 27, 28, 30, 33, 37, 39, 45, 46, 50, 53, 55, 60, 61, 64, 66, 74, 77, 80, 82, 87, 88, 92, 93, 102, 105, 117, 118, 121, 123]
	⭕  Bike to 5 (1.9 min) +1
> 5 (21:33)
Rent:    [6, 32, 54, 57, 94, 95, 98, 106, 107, 109, 111, 115]
Return:  [5, 11, 19, 21, 27, 28, 30, 33, 37, 39, 45, 46, 50, 53, 55, 60, 61, 64, 66, 74, 77, 80, 82, 87, 88, 92, 93, 102, 105, 117, 118, 121, 123]
	⭕  Walk to 4 (3.8 min) 
> 4 (21:36)
Rent:    [6, 32, 54, 57, 94, 95, 98, 106, 107, 109, 111, 115]
Return:  [5, 11, 19, 21, 27, 28, 30, 33, 37, 39, 45, 46, 50, 53, 55, 60, 61, 64, 66, 74, 77, 80, 82, 87, 88, 92, 93, 102, 105, 117, 118, 121, 123]
	⭕  Bike to 33 (1.4 min) +1
> 33 (21:38)
Rent:    [6, 32, 54, 57, 94, 95, 98, 106, 107, 109, 111, 115]
Return:  [5, 11, 19, 21, 27, 28, 30, 33, 37, 39, 45, 46, 50, 53, 55, 60, 61, 64, 66, 74, 77, 80, 82, 87, 88, 92, 93, 102, 105, 117, 118, 121, 123]
	⭕  Walk to 4 (2.8 min) 
> 4 (21:41)
Rent:    [6, 32, 54, 57, 94, 95, 98, 106, 107, 109, 111, 115]
Return:  [5, 11, 19, 21, 27, 28, 30, 33, 37, 39, 45, 46, 50, 53, 55, 60, 61, 64, 66, 74, 77, 80, 82, 87, 88, 92, 93, 102, 105, 117, 118, 121, 123]
	⭕  Bike to 33 (1.4 min) +1
> 33 (21:42)
Rent:    [6, 32, 54, 57, 94, 95, 98, 106, 107, 109, 111, 115]
Return:  [5, 11, 19, 21, 27, 28, 30, 33, 37, 39, 45, 46, 50, 53, 55, 60, 61, 64, 66, 74, 77, 80, 82, 87, 88, 92, 93, 102, 105, 117, 118, 121, 123]
	⭕  Walk to 4 (2.8 min) 
> 4 (21:45)
Rent:    [6, 32, 54, 57, 70, 89, 94, 95, 98, 100, 106, 107, 109, 111, 115]
Return:  [0, 5, 11, 19, 24, 27, 28, 30, 33, 37, 46, 47, 50, 53, 55, 60, 61, 64, 66, 74, 77, 80, 82, 87, 88, 92, 93, 102, 105, 118, 121, 123]
	⭕  Bike to 33 (1.4 min) +1
> 33 (21:46)
Rent:    [6, 32, 54, 57, 70, 89, 94, 95, 98, 100, 106, 107, 109, 111, 115]
Return:  [0, 5, 11, 19, 24, 27, 28, 30, 33, 37, 46, 47, 50, 53, 55, 60, 61, 64, 66, 74, 77, 80, 82, 87, 88, 92, 93, 102, 105, 118, 121, 123]
	⭕  Walk to 4 (2.8 min) 
> 4 (21:49)
Rent:    [6, 32, 54, 57, 70, 89, 94, 95, 98, 100, 106, 107, 109, 111, 115]
Return:  [0, 5, 11, 19, 24, 27, 28, 30, 33, 37, 46, 47, 50, 53, 55, 60, 61, 64, 66, 74, 77, 80, 82, 87, 88, 92, 93, 102, 105, 118, 121, 123]
	⭕  Bike to 33 (1.4 min) +1
> 33 (21:50)
Rent:    [6, 32, 54, 57, 70, 89, 94, 95, 98, 100, 106, 107, 109, 111, 115]
Return:  [0, 5, 11, 19, 24, 27, 28, 30, 33, 37, 46, 47, 50, 53, 55, 60, 61, 64, 66, 74, 77, 80, 82, 87, 88, 92, 93, 102, 105, 118, 121, 123]
	⭕  Walk to 4 (2.8 min) 
> 4 (21:53)
Rent:    [6, 32, 54, 57, 70, 89, 94, 95, 98, 100, 106, 107, 109, 111, 115]
Return:  [0, 5, 11, 19, 24, 27, 28, 30, 33, 37, 46, 47, 50, 53, 55, 60, 61, 64, 66, 74, 77, 80, 82, 87, 88, 92, 93, 102, 105, 118, 121, 123]
	⭕  Bike to 33 (1.4 min) +1
> 33 (21:55)
Rent:    [6, 32, 54, 57, 70, 89, 94, 95, 98, 100, 106, 107, 109, 111, 115]
Return:  [0, 5, 11, 19, 24, 27, 28, 30, 33, 37, 46, 47, 50, 53, 55, 60, 61, 64, 66, 74, 77, 80, 82, 87, 88, 92, 93, 102, 105, 118, 121, 123]
	⭕  Walk to 4 (2.8 min) 
> 4 (21:57)
Rent:    [6, 32, 54, 57, 70, 89, 94, 95, 98, 100, 106, 107, 109, 111, 115]
Return:  [0, 5, 11, 19, 24, 27, 28, 30, 33, 37, 46, 47, 50, 53, 55, 60, 61, 64, 66, 74, 77, 80, 82, 87, 88, 92, 93, 102, 105, 118, 121, 123]
	⭕  Bike to 33 (1.4 min) +1
> 33 (21:59)
Rent:    [6, 32, 54, 57, 70, 89, 94, 95, 98, 100, 106, 107, 109, 111, 115]
Return:  [0, 5, 11, 19, 24, 27, 28, 30, 33, 37, 46, 47, 50, 53, 55, 60, 61, 64, 66, 74, 77, 80, 82, 87, 88, 92, 93, 102, 105, 118, 121, 123]
	⭕  Walk to 104 (5.0 min) 
> 104 (22:04)
Rent:    [6, 32, 54, 57, 70, 76, 94, 95, 98, 103, 107, 109, 111, 115]
Return:  [0, 5, 10, 11, 19, 20, 21, 24, 27, 28, 30, 33, 34, 37, 45, 46, 50, 55, 60, 61, 64, 66, 77, 80, 82, 87, 88, 92, 93, 102, 118, 121, 123]
	⭕  Bike to 5 (1.3 min) +1
> 5 (22:05)
Rent:    [6, 32, 54, 57, 70, 76, 94, 95, 98, 103, 107, 109, 111, 115]
Return:  [0, 5, 10, 11, 19, 20, 21, 24, 27, 28, 30, 33, 34, 37, 45, 46, 50, 55, 60, 61, 64, 66, 77, 80, 82, 87, 88, 92, 93, 102, 118, 121, 123]
	⭕  Walk to 103 (4.2 min) 
> 103 (22:09)
Rent:    [6, 32, 54, 57, 70, 76, 94, 95, 98, 103, 107, 109, 111, 115]
Return:  [0, 5, 10, 11, 19, 20, 21, 24, 27, 28, 30, 33, 34, 37, 45, 46, 50, 55, 60, 61, 64, 66, 77, 80, 82, 87, 88, 92, 93, 102, 118, 121, 123]
	⭕  Bike to 55 (2.1 min) +2
> 55 (22:11)
Rent:    [6, 32, 54, 57, 70, 76, 94, 95, 98, 103, 107, 109, 111, 115]
Return:  [0, 5, 10, 11, 19, 20, 21, 24, 27, 28, 30, 33, 34, 37, 45, 46, 50, 55, 60, 61, 64, 66, 77, 80, 82, 87, 88, 92, 93, 102, 118, 121, 123]
	⭕  Walk to 103 (3.4 min) 
> 103 (22:15)
Rent:    [6, 32, 54, 57, 70, 72, 76, 94, 95, 98, 100, 106, 107, 109, 111, 115]
Return:  [5, 10, 11, 12, 19, 20, 24, 27, 28, 30, 33, 34, 37, 45, 46, 50, 53, 55, 60, 61, 64, 66, 77, 80, 82, 87, 88, 92, 93, 102, 118, 121, 123]
	⭕  Bike to 55 (2.1 min) +1
> 55 (22:17)
Rent:    [6, 32, 54, 57, 70, 72, 76, 94, 95, 98, 100, 106, 107, 109, 111, 115]
Return:  [5, 10, 11, 12, 19, 20, 24, 27, 28, 30, 33, 34, 37, 45, 46, 50, 53, 55, 60, 61, 64, 66, 77, 80, 82, 87, 88, 92, 93, 102, 118, 121, 123]
	⭕  Walk to 103 (3.4 min) 
> 103 (22:20)
Rent:    [6, 32, 54, 57, 70, 72, 76, 94, 95, 98, 100, 106, 107, 109, 111, 115]
Return:  [5, 10, 11, 12, 19, 20, 24, 27, 28, 30, 33, 34, 37, 45, 46, 50, 53, 55, 60, 61, 64, 66, 77, 80, 82, 87, 88, 92, 93, 102, 118, 121, 123]
	⭕  Bike to 55 (2.1 min) +1
> 55 (22:22)
Rent:    [6, 32, 54, 57, 70, 72, 76, 94, 95, 98, 100, 106, 107, 109, 111, 115]
Return:  [5, 10, 11, 12, 19, 20, 24, 27, 28, 30, 33, 34, 37, 45, 46, 50, 53, 55, 60, 61, 64, 66, 77, 80, 82, 87, 88, 92, 93, 102, 118, 121, 123]
	⭕  Walk to 103 (3.4 min) 
> 103 (22:26)
Rent:    [6, 32, 54, 57, 70, 72, 76, 94, 95, 98, 100, 106, 107, 109, 111, 115]
Return:  [5, 10, 11, 12, 19, 20, 24, 27, 28, 30, 33, 34, 37, 45, 46, 50, 53, 55, 60, 61, 64, 66, 77, 80, 82, 87, 88, 92, 93, 102, 118, 121, 123]
	⭕  Bike to 61 (2.8 min) +1
> 61 (22:29)
Rent:    [6, 32, 54, 57, 70, 72, 76, 94, 95, 98, 100, 106, 107, 109, 111, 115]
Return:  [5, 10, 11, 12, 19, 20, 24, 27, 28, 30, 33, 34, 37, 45, 46, 50, 53, 55, 60, 61, 64, 66, 77, 80, 82, 87, 88, 92, 93, 102, 118, 121, 123]
	⭕  Walk to 103 (6.9 min) 
> 103 (22:36)
Rent:    [6, 32, 54, 57, 70, 72, 76, 95, 98, 100, 106, 107, 109, 111, 115]
Return:  [5, 10, 11, 24, 27, 28, 29, 30, 33, 34, 37, 46, 50, 52, 53, 55, 60, 61, 64, 66, 77, 80, 82, 87, 88, 92, 93, 102, 118, 121, 123]
	⭕  Bike to 10 (2.9 min) +1
> 10 (22:38)
Rent:    [6, 32, 54, 57, 70, 72, 76, 95, 98, 100, 106, 107, 109, 111, 115]
Return:  [5, 10, 11, 24, 27, 28, 29, 30, 33, 34, 37, 46, 50, 52, 53, 55, 60, 61, 64, 66, 77, 80, 82, 87, 88, 92, 93, 102, 118, 121, 123]
	⭕  Walk to 103 (6.6 min) 
> 103 (22:45)
Rent:    [6, 32, 43, 54, 57, 70, 72, 76, 95, 98, 100, 106, 107, 109, 111, 115]
Return:  [3, 4, 5, 8, 10, 19, 24, 27, 28, 29, 30, 34, 37, 46, 50, 52, 53, 55, 60, 61, 64, 66, 77, 80, 82, 87, 88, 92, 93, 102, 105, 118, 121, 123]
	⭕  Bike to 8 (2.0 min) +1
> 8 (22:47)
Rent:    [6, 32, 43, 54, 57, 70, 72, 76, 95, 98, 100, 106, 107, 109, 111, 115]
Return:  [3, 4, 5, 8, 10, 19, 24, 27, 28, 29, 30, 34, 37, 46, 50, 52, 53, 55, 60, 61, 64, 66, 77, 80, 82, 87, 88, 92, 93, 102, 105, 118, 121, 123]
	⭕  Walk to 33 (4.9 min) 
> 33 (22:52)
Rent:    [6, 32, 43, 54, 57, 70, 72, 76, 95, 98, 100, 106, 107, 109, 111, 115]
Return:  [3, 4, 5, 8, 10, 19, 24, 27, 28, 29, 30, 34, 37, 46, 50, 52, 53, 55, 60, 61, 64, 66, 77, 80, 82, 87, 88, 92, 93, 102, 105, 118, 121, 123]
	⭕  Bike to 5 (0.9 min) +1
> 5 (22:53)
Rent:    [6, 32, 43, 54, 57, 70, 72, 76, 95, 98, 100, 106, 107, 109, 111, 115]
Return:  [3, 4, 5, 8, 10, 19, 24, 27, 28, 29, 30, 34, 37, 46, 50, 52, 53, 55, 60, 61, 64, 66, 77, 80, 82, 87, 88, 92, 93, 102, 105, 118, 121, 123]
	⭕  Walk to 33 (3.0 min) 
> 33 (22:56)
Rent:    [6, 32, 43, 54, 57, 70, 72, 76, 95, 98, 100, 106, 107, 109, 111, 115]
Return:  [3, 4, 5, 8, 10, 19, 24, 27, 28, 29, 30, 34, 37, 46, 50, 52, 53, 55, 60, 61, 64, 66, 77, 80, 82, 87, 88, 92, 93, 102, 105, 118, 121, 123]
	⭕  Bike to 5 (0.9 min) +1
> 5 (22:57)
Rent:    [6, 32, 43, 54, 57, 70, 72, 76, 95, 98, 100, 106, 107, 109, 111, 115]
Return:  [3, 4, 5, 8, 10, 19, 24, 27, 28, 29, 30, 34, 37, 46, 50, 52, 53, 55, 60, 61, 64, 66, 77, 80, 82, 87, 88, 92, 93, 102, 105, 118, 121, 123]
	🔵  End excursion
	⭕  Walk to 5 (0.0 min) 
> 5 (22:57)

---------- Excursion Complete ----------
End time: 22:57
Final station: 5
Bike count: 99
Walk count: 99
Wait count: 0
Total reward: 101
Seed: 4124761157

