Generated random seed: 711997241
---------- Starting Excursion -----------
Warmup time: 4.0 hours
Start time: 16:00 
Excursion time: 7.0 hours

> 1 (16:00)
Rent:    [54, 103, 106, 107]
Return:  [5, 10, 21, 28, 29, 35, 46, 47, 50, 55, 60, 64, 66, 80, 82, 87]
	⭕  Bike to 87 (3.9 min) +1
> 87 (16:03)
Rent:    [54, 103, 106, 107]
Return:  [5, 10, 21, 28, 29, 35, 46, 47, 50, 55, 60, 64, 66, 80, 82, 87]
	⭕  Walk to 53 (1.6 min) 
> 53 (16:05)
Rent:    [54, 103, 106, 107]
Return:  [5, 10, 21, 28, 29, 35, 46, 47, 50, 55, 60, 64, 66, 80, 82, 87]
	⭕  Bike to 87 (0.9 min) +1
> 87 (16:06)
Rent:    [54, 103, 106, 107]
Return:  [5, 10, 21, 28, 29, 35, 46, 47, 50, 55, 60, 64, 66, 80, 82, 87]
	⭕  Walk to 53 (1.6 min) 
> 53 (16:07)
Rent:    [54, 103, 106, 107]
Return:  [5, 10, 21, 28, 29, 35, 46, 47, 50, 55, 60, 64, 66, 80, 82, 87]
	⭕  Bike to 87 (0.9 min) +1
> 87 (16:08)
Rent:    [54, 103, 106, 107]
Return:  [5, 10, 21, 28, 29, 35, 46, 47, 50, 55, 60, 64, 66, 80, 82, 87]
	⭕  Walk to 30 (2.6 min) 
> 30 (16:11)
Rent:    [54, 103, 106, 107]
Return:  [5, 10, 21, 28, 29, 35, 46, 47, 50, 55, 60, 64, 66, 80, 82, 87]
	⭕  Bike to 87 (1.0 min) +1
> 87 (16:12)
Rent:    [54, 103, 106, 107]
Return:  [5, 10, 21, 28, 29, 35, 46, 47, 50, 55, 60, 64, 66, 80, 82, 87]
	⭕  Walk to 30 (2.6 min) 
> 30 (16:15)
Rent:    [54, 98, 103, 106, 107]
Return:  [5, 10, 21, 28, 37, 50, 60, 64, 66, 80, 82, 87, 88, 124]
	⭕  Bike to 87 (1.0 min) +1
> 87 (16:16)
Rent:    [54, 98, 103, 106, 107]
Return:  [5, 10, 21, 28, 37, 50, 60, 64, 66, 80, 82, 87, 88, 124]
	⭕  Walk to 30 (2.6 min) 
> 30 (16:18)
Rent:    [54, 98, 103, 106, 107]
Return:  [5, 10, 21, 28, 37, 50, 60, 64, 66, 80, 82, 87, 88, 124]
	⭕  Bike to 87 (1.0 min) +1
> 87 (16:19)
Rent:    [54, 98, 103, 106, 107]
Return:  [5, 10, 21, 28, 37, 50, 60, 64, 66, 80, 82, 87, 88, 124]
	⭕  Walk to 53 (1.6 min) 
> 53 (16:21)
Rent:    [54, 98, 103, 106, 107]
Return:  [5, 10, 21, 28, 37, 50, 60, 64, 66, 80, 82, 87, 88, 124]
	⭕  Bike to 87 (0.9 min) +1
> 87 (16:22)
Rent:    [54, 98, 103, 106, 107]
Return:  [5, 10, 21, 28, 37, 50, 60, 64, 66, 80, 82, 87, 88, 124]
	⭕  Walk to 53 (1.6 min) 
> 53 (16:23)
Rent:    [54, 98, 103, 106, 107]
Return:  [5, 10, 21, 28, 37, 50, 60, 64, 66, 80, 82, 87, 88, 124]
	⭕  Bike to 87 (0.9 min) +1
> 87 (16:24)
Rent:    [54, 98, 103, 106, 107]
Return:  [5, 10, 21, 28, 37, 50, 60, 64, 66, 80, 82, 87, 88, 124]
	⭕  Walk to 30 (2.6 min) 
> 30 (16:27)
Rent:    [54, 98, 103, 106, 107]
Return:  [5, 10, 21, 28, 37, 50, 60, 64, 66, 80, 82, 87, 88, 124]
	⭕  Bike to 87 (1.0 min) +1
> 87 (16:28)
Rent:    [54, 98, 103, 106, 107]
Return:  [5, 10, 21, 28, 37, 50, 60, 64, 66, 80, 82, 87, 88, 124]
	⭕  Walk to 47 (2.4 min) 
> 47 (16:31)
Rent:    [54, 98, 103, 106, 107]
Return:  [3, 5, 21, 28, 29, 37, 46, 50, 53, 55, 60, 64, 66, 80, 82, 87, 88, 124]
	⭕  Bike to 55 (2.1 min) +1
> 55 (16:33)
Rent:    [54, 98, 103, 106, 107]
Return:  [3, 5, 21, 28, 29, 37, 46, 50, 53, 55, 60, 64, 66, 80, 82, 87, 88, 124]
	⭕  Walk to 103 (3.4 min) 
> 103 (16:36)
Rent:    [54, 98, 103, 106, 107]
Return:  [3, 5, 21, 28, 29, 37, 46, 50, 53, 55, 60, 64, 66, 80, 82, 87, 88, 124]
	⭕  Bike to 55 (2.1 min) +2
> 55 (16:38)
Rent:    [54, 98, 103, 106, 107]
Return:  [3, 5, 21, 28, 29, 37, 46, 50, 53, 55, 60, 64, 66, 80, 82, 87, 88, 124]
	⭕  Walk to 103 (3.4 min) 
> 103 (16:42)
Rent:    [54, 98, 103, 106, 107]
Return:  [3, 5, 21, 28, 29, 37, 46, 50, 53, 55, 60, 64, 66, 80, 82, 87, 88, 124]
	⭕  Bike to 55 (2.1 min) +2
> 55 (16:44)
Rent:    [54, 98, 103, 106, 107]
Return:  [3, 5, 21, 28, 29, 37, 46, 50, 53, 55, 60, 64, 66, 80, 82, 87, 88, 124]
	⭕  Walk to 103 (3.4 min) 
> 103 (16:47)
Rent:    [2, 54, 81, 98, 107]
Return:  [5, 7, 10, 21, 28, 46, 50, 53, 55, 60, 64, 66, 80, 82, 87, 88, 118, 124]
	⭕  Bike to 53 (3.2 min) +1
> 53 (16:50)
Rent:    [2, 54, 81, 98, 107]
Return:  [5, 7, 10, 21, 28, 46, 50, 53, 55, 60, 64, 66, 80, 82, 87, 88, 118, 124]
	⭕  Walk to 47 (2.7 min) 
> 47 (16:53)
Rent:    [2, 54, 81, 98, 107]
Return:  [5, 7, 10, 21, 28, 46, 50, 53, 55, 60, 64, 66, 80, 82, 87, 88, 118, 124]
	⭕  Bike to 53 (1.2 min) +1
> 53 (16:54)
Rent:    [2, 54, 81, 98, 107]
Return:  [5, 7, 10, 21, 28, 46, 50, 53, 55, 60, 64, 66, 80, 82, 87, 88, 118, 124]
	⭕  Walk to 47 (2.7 min) 
> 47 (16:57)
Rent:    [2, 54, 81, 98, 107]
Return:  [5, 7, 10, 21, 28, 46, 50, 53, 55, 60, 64, 66, 80, 82, 87, 88, 118, 124]
	⭕  Bike to 53 (1.2 min) +1
> 53 (16:58)
Rent:    [2, 54, 81, 98, 107]
Return:  [5, 7, 10, 21, 28, 46, 50, 53, 55, 60, 64, 66, 80, 82, 87, 88, 118, 124]
	⭕  Walk to 47 (2.7 min) 
> 47 (17:01)
Rent:    [54, 81, 98, 106, 107]
Return:  [5, 10, 28, 37, 46, 50, 53, 55, 60, 64, 66, 80, 82, 87, 88, 118, 124]
	⭕  Bike to 53 (1.2 min) +1
> 53 (17:02)
Rent:    [54, 81, 98, 106, 107]
Return:  [5, 10, 28, 37, 46, 50, 53, 55, 60, 64, 66, 80, 82, 87, 88, 118, 124]
	⭕  Walk to 30 (4.1 min) 
> 30 (17:06)
Rent:    [54, 81, 98, 106, 107]
Return:  [5, 10, 28, 37, 46, 50, 53, 55, 60, 64, 66, 80, 82, 87, 88, 118, 124]
	⭕  Bike to 87 (1.0 min) +1
> 87 (17:07)
Rent:    [54, 81, 98, 106, 107]
Return:  [5, 10, 28, 37, 46, 50, 53, 55, 60, 64, 66, 80, 82, 87, 88, 118, 124]
	⭕  Walk to 30 (2.6 min) 
> 30 (17:10)
Rent:    [54, 81, 98, 106, 107]
Return:  [5, 10, 28, 37, 46, 50, 53, 55, 60, 64, 66, 80, 82, 87, 88, 118, 124]
	⭕  Bike to 87 (1.0 min) +1
> 87 (17:11)
Rent:    [54, 81, 98, 106, 107]
Return:  [5, 10, 28, 37, 46, 50, 53, 55, 60, 64, 66, 80, 82, 87, 88, 118, 124]
	⭕  Walk to 30 (2.6 min) 
> 30 (17:13)
Rent:    [54, 81, 98, 106, 107]
Return:  [5, 10, 28, 37, 46, 50, 53, 55, 60, 64, 66, 80, 82, 87, 88, 118, 124]
	⭕  Bike to 87 (1.0 min) +1
> 87 (17:14)
Rent:    [54, 81, 98, 106, 107]
Return:  [5, 10, 28, 37, 46, 50, 53, 55, 60, 64, 66, 80, 82, 87, 88, 118, 124]
	⭕  Walk to 47 (2.4 min) 
> 47 (17:17)
Rent:    [54, 81, 98, 106, 107]
Return:  [5, 10, 28, 37, 46, 50, 53, 55, 60, 64, 66, 80, 82, 87, 88, 92, 104, 118, 124]
	⭕  Bike to 53 (1.2 min) +1
> 53 (17:18)
Rent:    [54, 81, 98, 106, 107]
Return:  [5, 10, 28, 37, 46, 50, 53, 55, 60, 64, 66, 80, 82, 87, 88, 92, 104, 118, 124]
	⭕  Walk to 12 (3.4 min) 
> 12 (17:21)
Rent:    [54, 81, 98, 106, 107]
Return:  [5, 10, 28, 37, 46, 50, 53, 55, 60, 64, 66, 80, 82, 87, 88, 92, 104, 118, 124]
	⭕  Bike to 53 (2.0 min) +1
> 53 (17:24)
Rent:    [54, 81, 98, 106, 107]
Return:  [5, 10, 28, 37, 46, 50, 53, 55, 60, 64, 66, 80, 82, 87, 88, 92, 104, 118, 124]
	⭕  Walk to 12 (3.4 min) 
> 12 (17:27)
Rent:    [54, 81, 98, 106, 107]
Return:  [5, 10, 28, 37, 46, 50, 53, 55, 60, 64, 66, 80, 82, 87, 88, 92, 104, 118, 124]
	⭕  Bike to 53 (2.0 min) +1
> 53 (17:29)
Rent:    [54, 81, 98, 106, 107]
Return:  [5, 10, 28, 37, 46, 50, 53, 55, 60, 64, 66, 80, 82, 87, 88, 92, 104, 118, 124]
	⭕  Walk to 12 (3.4 min) 
> 12 (17:32)
Rent:    [54, 72, 81, 98, 106, 107]
Return:  [0, 3, 5, 10, 19, 28, 37, 46, 47, 50, 53, 55, 60, 64, 66, 77, 80, 82, 87, 88, 92, 104, 118, 124]
	⭕  Bike to 53 (2.0 min) +1
> 53 (17:34)
Rent:    [54, 72, 81, 98, 106, 107]
Return:  [0, 3, 5, 10, 19, 28, 37, 46, 47, 50, 53, 55, 60, 64, 66, 77, 80, 82, 87, 88, 92, 104, 118, 124]
	⭕  Walk to 30 (4.1 min) 
> 30 (17:38)
Rent:    [54, 72, 81, 98, 106, 107]
Return:  [0, 3, 5, 10, 19, 28, 37, 46, 47, 50, 53, 55, 60, 64, 66, 77, 80, 82, 87, 88, 92, 104, 118, 124]
	⭕  Bike to 87 (1.0 min) +1
> 87 (17:39)
Rent:    [54, 72, 81, 98, 106, 107]
Return:  [0, 3, 5, 10, 19, 28, 37, 46, 47, 50, 53, 55, 60, 64, 66, 77, 80, 82, 87, 88, 92, 104, 118, 124]
	⭕  Walk to 102 (6.6 min) 
> 102 (17:46)
Rent:    [2, 54, 72, 81, 106, 107]
Return:  [0, 3, 5, 10, 19, 21, 26, 28, 37, 46, 47, 50, 53, 55, 60, 64, 66, 77, 80, 82, 87, 88, 92, 117, 118, 124]
	⭕  Bike to 66 (0.7 min) +1
> 66 (17:47)
Rent:    [2, 54, 72, 81, 106, 107]
Return:  [0, 3, 5, 10, 19, 21, 26, 28, 37, 46, 47, 50, 53, 55, 60, 64, 66, 77, 80, 82, 87, 88, 92, 117, 118, 124]
	⭕  Walk to 102 (1.7 min) 
> 102 (17:49)
Rent:    [2, 54, 72, 81, 106, 107]
Return:  [0, 3, 5, 10, 19, 21, 26, 28, 37, 46, 47, 50, 53, 55, 60, 64, 66, 77, 80, 82, 87, 88, 92, 117, 118, 124]
	⭕  Bike to 66 (0.7 min) +1
> 66 (17:49)
Rent:    [2, 54, 72, 81, 106, 107]
Return:  [0, 3, 5, 10, 19, 21, 26, 28, 37, 46, 47, 50, 53, 55, 60, 64, 66, 77, 80, 82, 87, 88, 92, 117, 118, 124]
	⭕  Walk to 102 (1.7 min) 
> 102 (17:51)
Rent:    [2, 54, 72, 81, 106, 107]
Return:  [0, 3, 5, 10, 19, 21, 26, 28, 37, 46, 47, 50, 53, 55, 60, 64, 66, 77, 80, 82, 87, 88, 92, 117, 118, 124]
	⭕  Bike to 66 (0.7 min) +1
> 66 (17:52)
Rent:    [2, 54, 72, 81, 106, 107]
Return:  [0, 3, 5, 10, 19, 21, 26, 28, 37, 46, 47, 50, 53, 55, 60, 64, 66, 77, 80, 82, 87, 88, 92, 117, 118, 124]
	⭕  Walk to 102 (1.7 min) 
> 102 (17:53)
Rent:    [2, 54, 72, 81, 106, 107]
Return:  [0, 3, 5, 10, 19, 21, 26, 28, 37, 46, 47, 50, 53, 55, 60, 64, 66, 77, 80, 82, 87, 88, 92, 117, 118, 124]
	⭕  Bike to 66 (0.7 min) +1
> 66 (17:54)
Rent:    [2, 54, 72, 81, 106, 107]
Return:  [0, 3, 5, 10, 19, 21, 26, 28, 37, 46, 47, 50, 53, 55, 60, 64, 66, 77, 80, 82, 87, 88, 92, 117, 118, 124]
	⭕  Walk to 102 (1.7 min) 
> 102 (17:56)
Rent:    [2, 54, 72, 81, 106, 107]
Return:  [0, 3, 5, 10, 19, 21, 26, 28, 37, 46, 47, 50, 53, 55, 60, 64, 66, 77, 80, 82, 87, 88, 92, 117, 118, 124]
	⭕  Bike to 66 (0.7 min) +1
> 66 (17:56)
Rent:    [2, 54, 72, 81, 106, 107]
Return:  [0, 3, 5, 10, 19, 21, 26, 28, 37, 46, 47, 50, 53, 55, 60, 64, 66, 77, 80, 82, 87, 88, 92, 117, 118, 124]
	⭕  Walk to 102 (1.7 min) 
> 102 (17:58)
Rent:    [2, 54, 72, 81, 106, 107]
Return:  [0, 3, 5, 10, 19, 21, 26, 28, 37, 46, 47, 50, 53, 55, 60, 64, 66, 77, 80, 82, 87, 88, 92, 117, 118, 124]
	⭕  Bike to 66 (0.7 min) +1
> 66 (17:59)
Rent:    [2, 54, 72, 81, 106, 107]
Return:  [0, 3, 5, 10, 19, 21, 26, 28, 37, 46, 47, 50, 53, 55, 60, 64, 66, 77, 80, 82, 87, 88, 92, 117, 118, 124]
	⭕  Walk to 52 (2.4 min) 
> 52 (18:01)
Rent:    [2, 54, 72, 81, 106, 107, 115]
Return:  [0, 3, 5, 10, 19, 21, 24, 26, 27, 28, 37, 46, 47, 50, 53, 55, 60, 64, 66, 77, 80, 82, 87, 88, 92, 117, 118, 124]
	⭕  Bike to 66 (1.1 min) +1
> 66 (18:02)
Rent:    [2, 54, 72, 81, 106, 107, 115]
Return:  [0, 3, 5, 10, 19, 21, 24, 26, 27, 28, 37, 46, 47, 50, 53, 55, 60, 64, 66, 77, 80, 82, 87, 88, 92, 117, 118, 124]
	⭕  Walk to 52 (2.4 min) 
> 52 (18:05)
Rent:    [2, 54, 72, 81, 106, 107, 115]
Return:  [0, 3, 5, 10, 19, 21, 24, 26, 27, 28, 37, 46, 47, 50, 53, 55, 60, 64, 66, 77, 80, 82, 87, 88, 92, 117, 118, 124]
	⭕  Bike to 66 (1.1 min) +1
> 66 (18:06)
Rent:    [2, 54, 72, 81, 106, 107, 115]
Return:  [0, 3, 5, 10, 19, 21, 24, 26, 27, 28, 37, 46, 47, 50, 53, 55, 60, 64, 66, 77, 80, 82, 87, 88, 92, 117, 118, 124]
	⭕  Walk to 52 (2.4 min) 
> 52 (18:08)
Rent:    [2, 54, 72, 81, 106, 107, 115]
Return:  [0, 3, 5, 10, 19, 21, 24, 26, 27, 28, 37, 46, 47, 50, 53, 55, 60, 64, 66, 77, 80, 82, 87, 88, 92, 117, 118, 124]
	⭕  Bike to 66 (1.1 min) +1
> 66 (18:09)
Rent:    [2, 54, 72, 81, 106, 107, 115]
Return:  [0, 3, 5, 10, 19, 21, 24, 26, 27, 28, 37, 46, 47, 50, 53, 55, 60, 64, 66, 77, 80, 82, 87, 88, 92, 117, 118, 124]
	⭕  Walk to 52 (2.4 min) 
> 52 (18:12)
Rent:    [2, 54, 72, 81, 106, 107, 115]
Return:  [0, 3, 5, 10, 19, 21, 24, 26, 27, 28, 37, 46, 47, 50, 53, 55, 60, 64, 66, 77, 80, 82, 87, 88, 92, 117, 118, 124]
	⭕  Bike to 66 (1.1 min) +1
> 66 (18:13)
Rent:    [2, 54, 72, 81, 106, 107, 115]
Return:  [0, 3, 5, 10, 19, 21, 24, 26, 27, 28, 37, 46, 47, 50, 53, 55, 60, 64, 66, 77, 80, 82, 87, 88, 92, 117, 118, 124]
	⭕  Walk to 52 (2.4 min) 
> 52 (18:15)
Rent:    [2, 54, 72, 81, 98, 106, 107, 115]
Return:  [0, 3, 5, 10, 19, 21, 24, 26, 27, 28, 37, 46, 47, 50, 53, 55, 60, 64, 66, 77, 80, 82, 87, 88, 92, 102, 117, 118, 124]
	⭕  Bike to 66 (1.1 min) +1
> 66 (18:16)
Rent:    [2, 54, 72, 81, 98, 106, 107, 115]
Return:  [0, 3, 5, 10, 19, 21, 24, 26, 27, 28, 37, 46, 47, 50, 53, 55, 60, 64, 66, 77, 80, 82, 87, 88, 92, 102, 117, 118, 124]
	⭕  Walk to 105 (7.0 min) 
> 105 (18:23)
Rent:    [2, 54, 72, 81, 98, 106, 107, 115]
Return:  [0, 3, 5, 10, 19, 21, 24, 26, 27, 28, 37, 46, 47, 50, 53, 55, 60, 64, 66, 77, 80, 82, 87, 88, 92, 102, 117, 118, 124]
	⭕  Bike to 117 (0.7 min) +1
> 117 (18:24)
Rent:    [2, 54, 72, 81, 98, 106, 107, 115]
Return:  [0, 3, 5, 10, 19, 21, 24, 26, 27, 28, 37, 46, 47, 50, 53, 55, 60, 64, 66, 77, 80, 82, 87, 88, 92, 102, 117, 118, 124]
	⭕  Walk to 105 (2.0 min) 
> 105 (18:26)
Rent:    [2, 54, 72, 81, 98, 106, 107, 115]
Return:  [0, 3, 5, 10, 19, 21, 24, 26, 27, 28, 37, 46, 47, 50, 53, 55, 60, 64, 66, 77, 80, 82, 87, 88, 92, 102, 117, 118, 124]
	⭕  Bike to 117 (0.7 min) +1
> 117 (18:27)
Rent:    [2, 54, 72, 81, 98, 106, 107, 115]
Return:  [0, 3, 5, 10, 19, 21, 24, 26, 27, 28, 37, 46, 47, 50, 53, 55, 60, 64, 66, 77, 80, 82, 87, 88, 92, 102, 117, 118, 124]
	⭕  Walk to 105 (2.0 min) 
> 105 (18:29)
Rent:    [2, 54, 72, 81, 98, 106, 107, 115]
Return:  [0, 3, 5, 10, 19, 21, 24, 26, 27, 28, 37, 46, 47, 50, 53, 55, 60, 64, 66, 77, 80, 82, 87, 88, 92, 102, 117, 118, 124]
	⭕  Bike to 117 (0.7 min) +1
> 117 (18:30)
Rent:    [2, 54, 72, 81, 98, 106, 107, 115]
Return:  [0, 5, 10, 19, 21, 24, 26, 27, 28, 29, 37, 46, 50, 52, 53, 55, 60, 64, 66, 71, 77, 80, 82, 87, 88, 92, 102, 117, 118, 124]
	⭕  Walk to 105 (2.0 min) 
> 105 (18:32)
Rent:    [2, 54, 72, 81, 98, 106, 107, 115]
Return:  [0, 5, 10, 19, 21, 24, 26, 27, 28, 29, 37, 46, 50, 52, 53, 55, 60, 64, 66, 71, 77, 80, 82, 87, 88, 92, 102, 117, 118, 124]
	⭕  Bike to 117 (0.7 min) +1
> 117 (18:32)
Rent:    [2, 54, 72, 81, 98, 106, 107, 115]
Return:  [0, 5, 10, 19, 21, 24, 26, 27, 28, 29, 37, 46, 50, 52, 53, 55, 60, 64, 66, 71, 77, 80, 82, 87, 88, 92, 102, 117, 118, 124]
	⭕  Walk to 119 (8.1 min) 
> 119 (18:40)
Rent:    [2, 54, 72, 81, 98, 106, 107, 115]
Return:  [0, 5, 10, 19, 21, 24, 26, 27, 28, 29, 37, 46, 50, 52, 53, 55, 60, 64, 66, 71, 77, 80, 82, 87, 88, 92, 102, 117, 118, 124]
	⭕  Bike to 46 (2.4 min) +1
> 46 (18:43)
Rent:    [2, 54, 72, 81, 98, 106, 107, 115]
Return:  [0, 5, 10, 19, 21, 24, 26, 27, 28, 29, 37, 46, 50, 52, 53, 55, 60, 64, 66, 71, 77, 80, 82, 87, 88, 92, 102, 117, 118, 124]
	⭕  Walk to 84 (8.1 min) 
> 84 (18:51)
Rent:    [2, 54, 81, 98, 106, 107, 109, 115]
Return:  [0, 5, 10, 19, 21, 24, 26, 27, 28, 30, 37, 46, 47, 50, 52, 53, 55, 60, 64, 66, 71, 77, 80, 82, 87, 88, 92, 102, 117, 118]
	⭕  Bike to 50 (4.0 min) +1
> 50 (18:55)
Rent:    [2, 54, 81, 98, 106, 107, 109, 115]
Return:  [0, 5, 10, 19, 21, 24, 26, 27, 28, 30, 37, 46, 47, 50, 52, 53, 55, 60, 64, 66, 71, 77, 80, 82, 87, 88, 92, 102, 117, 118]
	⭕  Walk to 104 (3.9 min) 
> 104 (18:59)
Rent:    [2, 54, 81, 98, 106, 107, 109, 115]
Return:  [0, 5, 10, 19, 21, 24, 26, 27, 28, 30, 37, 46, 47, 50, 52, 53, 55, 60, 64, 66, 71, 77, 80, 82, 87, 88, 92, 102, 117, 118]
	⭕  Bike to 5 (1.3 min) +1
> 5 (19:00)
Rent:    [2, 54, 98, 106, 107, 109, 115]
Return:  [0, 3, 10, 19, 21, 24, 26, 27, 28, 30, 37, 46, 47, 50, 53, 55, 60, 64, 66, 77, 80, 82, 87, 88, 92, 102, 118, 124]
	⭕  Walk to 8 (2.6 min) 
> 8 (19:03)
Rent:    [2, 54, 98, 106, 107, 109, 115]
Return:  [0, 3, 10, 19, 21, 24, 26, 27, 28, 30, 37, 46, 47, 50, 53, 55, 60, 64, 66, 77, 80, 82, 87, 88, 92, 102, 118, 124]
	⭕  Bike to 50 (2.0 min) +1
> 50 (19:05)
Rent:    [2, 54, 98, 106, 107, 109, 115]
Return:  [0, 3, 10, 19, 21, 24, 26, 27, 28, 30, 37, 46, 47, 50, 53, 55, 60, 64, 66, 77, 80, 82, 87, 88, 92, 102, 118, 124]
	⭕  Walk to 104 (3.9 min) 
> 104 (19:08)
Rent:    [2, 54, 98, 106, 107, 109, 115]
Return:  [0, 3, 10, 19, 21, 24, 26, 27, 28, 30, 37, 46, 47, 50, 53, 55, 60, 64, 66, 77, 80, 82, 87, 88, 92, 102, 118, 124]
	⭕  Bike to 50 (1.4 min) +1
> 50 (19:10)
Rent:    [2, 54, 98, 106, 107, 109, 115]
Return:  [0, 3, 10, 19, 21, 24, 26, 27, 28, 30, 37, 46, 47, 50, 53, 55, 60, 64, 66, 77, 80, 82, 87, 88, 92, 102, 118, 124]
	⭕  Walk to 104 (3.9 min) 
> 104 (19:14)
Rent:    [2, 54, 98, 106, 107, 109, 115]
Return:  [0, 3, 10, 19, 21, 24, 26, 27, 28, 30, 37, 46, 47, 50, 53, 55, 60, 64, 66, 77, 80, 82, 87, 88, 92, 102, 118, 124]
	⭕  Bike to 50 (1.4 min) +1
> 50 (19:15)
Rent:    [2, 54, 72, 98, 106, 107, 109, 115]
Return:  [0, 3, 5, 10, 19, 21, 24, 26, 27, 28, 30, 35, 37, 46, 50, 53, 55, 59, 60, 64, 66, 77, 80, 82, 87, 88, 92, 102, 105, 117, 118, 124]
	⭕  Walk to 104 (3.9 min) 
> 104 (19:19)
Rent:    [2, 54, 72, 98, 106, 107, 109, 115]
Return:  [0, 3, 5, 10, 19, 21, 24, 26, 27, 28, 30, 35, 37, 46, 50, 53, 55, 59, 60, 64, 66, 77, 80, 82, 87, 88, 92, 102, 105, 117, 118, 124]
	⭕  Bike to 5 (1.3 min) +1
> 5 (19:20)
Rent:    [2, 54, 72, 98, 106, 107, 109, 115]
Return:  [0, 3, 5, 10, 19, 21, 24, 26, 27, 28, 30, 35, 37, 46, 50, 53, 55, 59, 60, 64, 66, 77, 80, 82, 87, 88, 92, 102, 105, 117, 118, 124]
	⭕  Walk to 8 (2.6 min) 
> 8 (19:23)
Rent:    [2, 54, 72, 98, 106, 107, 109, 115]
Return:  [0, 3, 5, 10, 19, 21, 24, 26, 27, 28, 30, 35, 37, 46, 50, 53, 55, 59, 60, 64, 66, 77, 80, 82, 87, 88, 92, 102, 105, 117, 118, 124]
	⭕  Bike to 5 (1.9 min) +1
> 5 (19:25)
Rent:    [2, 54, 72, 98, 106, 107, 109, 115]
Return:  [0, 3, 5, 10, 19, 21, 24, 26, 27, 28, 30, 35, 37, 46, 50, 53, 55, 59, 60, 64, 66, 77, 80, 82, 87, 88, 92, 102, 105, 117, 118, 124]
	⭕  Walk to 8 (2.6 min) 
> 8 (19:27)
Rent:    [2, 54, 72, 98, 106, 107, 109, 115]
Return:  [0, 3, 5, 10, 19, 21, 24, 26, 27, 28, 30, 35, 37, 46, 50, 53, 55, 59, 60, 64, 66, 77, 80, 82, 87, 88, 92, 102, 105, 117, 118, 124]
	⭕  Bike to 5 (1.9 min) +1
> 5 (19:29)
Rent:    [2, 54, 72, 98, 106, 107, 109, 115]
Return:  [0, 3, 5, 10, 19, 21, 24, 26, 27, 28, 30, 35, 37, 46, 50, 53, 55, 59, 60, 64, 66, 77, 80, 82, 87, 88, 92, 102, 105, 117, 118, 124]
	⭕  Walk to 4 (3.8 min) 
> 4 (19:33)
Rent:    [2, 54, 57, 72, 81, 98, 106, 107, 109, 115]
Return:  [0, 5, 10, 19, 21, 24, 26, 27, 28, 30, 35, 37, 46, 47, 50, 52, 53, 55, 59, 60, 64, 66, 77, 80, 82, 87, 88, 92, 93, 102, 105, 117, 118, 124]
	⭕  Bike to 93 (2.5 min) +1
> 93 (19:36)
Rent:    [2, 54, 57, 72, 81, 98, 106, 107, 109, 115]
Return:  [0, 5, 10, 19, 21, 24, 26, 27, 28, 30, 35, 37, 46, 47, 50, 52, 53, 55, 59, 60, 64, 66, 77, 80, 82, 87, 88, 92, 93, 102, 105, 117, 118, 124]
	⭕  Walk to 12 (2.9 min) 
> 12 (19:39)
Rent:    [2, 54, 57, 72, 81, 98, 106, 107, 109, 115]
Return:  [0, 5, 10, 19, 21, 24, 26, 27, 28, 30, 35, 37, 46, 47, 50, 52, 53, 55, 59, 60, 64, 66, 77, 80, 82, 87, 88, 92, 93, 102, 105, 117, 118, 124]
	⭕  Bike to 93 (1.5 min) +1
> 93 (19:40)
Rent:    [2, 54, 57, 72, 81, 98, 106, 107, 109, 115]
Return:  [0, 5, 10, 19, 21, 24, 26, 27, 28, 30, 35, 37, 46, 47, 50, 52, 53, 55, 59, 60, 64, 66, 77, 80, 82, 87, 88, 92, 93, 102, 105, 117, 118, 124]
	⭕  Walk to 12 (2.9 min) 
> 12 (19:43)
Rent:    [2, 54, 57, 72, 81, 98, 106, 107, 109, 115]
Return:  [0, 5, 10, 19, 21, 24, 26, 27, 28, 30, 35, 37, 46, 47, 50, 52, 53, 55, 59, 60, 64, 66, 77, 80, 82, 87, 88, 92, 93, 102, 105, 117, 118, 124]
	⭕  Bike to 93 (1.5 min) +1
> 93 (19:44)
Rent:    [2, 54, 57, 72, 81, 98, 106, 107, 109, 115]
Return:  [0, 5, 10, 19, 21, 24, 26, 27, 28, 30, 35, 37, 46, 47, 50, 52, 53, 55, 59, 60, 64, 66, 77, 80, 82, 87, 88, 92, 93, 102, 105, 117, 118, 124]
	⭕  Walk to 12 (2.9 min) 
> 12 (19:47)
Rent:    [2, 54, 72, 81, 98, 107, 109, 115]
Return:  [3, 5, 10, 19, 21, 26, 27, 28, 30, 33, 37, 46, 47, 50, 52, 53, 55, 59, 60, 64, 66, 77, 80, 82, 87, 88, 92, 93, 102, 105, 117, 118, 124]
	⭕  Bike to 93 (1.5 min) +1
> 93 (19:49)
Rent:    [2, 54, 72, 81, 98, 107, 109, 115]
Return:  [3, 5, 10, 19, 21, 26, 27, 28, 30, 33, 37, 46, 47, 50, 52, 53, 55, 59, 60, 64, 66, 77, 80, 82, 87, 88, 92, 93, 102, 105, 117, 118, 124]
	⭕  Walk to 12 (2.9 min) 
> 12 (19:52)
Rent:    [2, 54, 72, 81, 98, 107, 109, 115]
Return:  [3, 5, 10, 19, 21, 26, 27, 28, 30, 33, 37, 46, 47, 50, 52, 53, 55, 59, 60, 64, 66, 77, 80, 82, 87, 88, 92, 93, 102, 105, 117, 118, 124]
	⭕  Bike to 93 (1.5 min) +1
> 93 (19:53)
Rent:    [2, 54, 72, 81, 98, 107, 109, 115]
Return:  [3, 5, 10, 19, 21, 26, 27, 28, 30, 33, 37, 46, 47, 50, 52, 53, 55, 59, 60, 64, 66, 77, 80, 82, 87, 88, 92, 93, 102, 105, 117, 118, 124]
	⭕  Walk to 12 (2.9 min) 
> 12 (19:56)
Rent:    [2, 54, 72, 81, 98, 107, 109, 115]
Return:  [3, 5, 10, 19, 21, 26, 27, 28, 30, 33, 37, 46, 47, 50, 52, 53, 55, 59, 60, 64, 66, 77, 80, 82, 87, 88, 92, 93, 102, 105, 117, 118, 124]
	⭕  Bike to 93 (1.5 min) +1
> 93 (19:58)
Rent:    [2, 54, 72, 81, 98, 107, 109, 115]
Return:  [3, 5, 10, 19, 21, 26, 27, 28, 30, 33, 37, 46, 47, 50, 52, 53, 55, 59, 60, 64, 66, 77, 80, 82, 87, 88, 92, 93, 102, 105, 117, 118, 124]
	⭕  Walk to 12 (2.9 min) 
> 12 (20:01)
Rent:    [32, 54, 72, 81, 98, 106, 107, 109, 115]
Return:  [0, 3, 5, 10, 19, 24, 27, 28, 30, 33, 37, 46, 47, 50, 53, 55, 59, 60, 64, 66, 71, 77, 80, 82, 87, 88, 92, 93, 102, 104, 105, 117, 118, 124]
	⭕  Bike to 93 (1.5 min) +1
> 93 (20:02)
Rent:    [32, 54, 72, 81, 98, 106, 107, 109, 115]
Return:  [0, 3, 5, 10, 19, 24, 27, 28, 30, 33, 37, 46, 47, 50, 53, 55, 59, 60, 64, 66, 71, 77, 80, 82, 87, 88, 92, 93, 102, 104, 105, 117, 118, 124]
	⭕  Walk to 12 (2.9 min) 
> 12 (20:05)
Rent:    [32, 54, 72, 81, 98, 106, 107, 109, 115]
Return:  [0, 3, 5, 10, 19, 24, 27, 28, 30, 33, 37, 46, 47, 50, 53, 55, 59, 60, 64, 66, 71, 77, 80, 82, 87, 88, 92, 93, 102, 104, 105, 117, 118, 124]
	⭕  Bike to 93 (1.5 min) +1
> 93 (20:06)
Rent:    [32, 54, 72, 81, 98, 106, 107, 109, 115]
Return:  [0, 3, 5, 10, 19, 24, 27, 28, 30, 33, 37, 46, 47, 50, 53, 55, 59, 60, 64, 66, 71, 77, 80, 82, 87, 88, 92, 93, 102, 104, 105, 117, 118, 124]
	⭕  Walk to 12 (2.9 min) 
> 12 (20:09)
Rent:    [32, 54, 72, 81, 98, 106, 107, 109, 115]
Return:  [0, 3, 5, 10, 19, 24, 27, 28, 30, 33, 37, 46, 47, 50, 53, 55, 59, 60, 64, 66, 71, 77, 80, 82, 87, 88, 92, 93, 102, 104, 105, 117, 118, 124]
	⭕  Bike to 93 (1.5 min) +1
> 93 (20:11)
Rent:    [32, 54, 72, 81, 98, 106, 107, 109, 115]
Return:  [0, 3, 5, 10, 19, 24, 27, 28, 30, 33, 37, 46, 47, 50, 53, 55, 59, 60, 64, 66, 71, 77, 80, 82, 87, 88, 92, 93, 102, 104, 105, 117, 118, 124]
	⭕  Walk to 12 (2.9 min) 
> 12 (20:14)
Rent:    [32, 54, 72, 81, 98, 106, 107, 109, 115]
Return:  [0, 3, 5, 10, 19, 24, 27, 28, 30, 33, 37, 46, 47, 50, 53, 55, 59, 60, 64, 66, 71, 77, 80, 82, 87, 88, 92, 93, 102, 104, 105, 117, 118, 124]
	⭕  Bike to 93 (1.5 min) +1
> 93 (20:15)
Rent:    [32, 54, 72, 81, 98, 106, 107, 109, 115]
Return:  [0, 3, 5, 10, 11, 19, 21, 24, 27, 28, 33, 37, 46, 50, 53, 55, 59, 60, 66, 71, 77, 80, 82, 87, 88, 92, 93, 102, 104, 117, 118, 124]
	⭕  Walk to 12 (2.9 min) 
> 12 (20:18)
Rent:    [32, 54, 72, 81, 98, 106, 107, 109, 115]
Return:  [0, 3, 5, 10, 11, 19, 21, 24, 27, 28, 33, 37, 46, 50, 53, 55, 59, 60, 66, 71, 77, 80, 82, 87, 88, 92, 93, 102, 104, 117, 118, 124]
	⭕  Bike to 93 (1.5 min) +1
> 93 (20:20)
Rent:    [32, 54, 72, 81, 98, 106, 107, 109, 115]
Return:  [0, 3, 5, 10, 11, 19, 21, 24, 27, 28, 33, 37, 46, 50, 53, 55, 59, 60, 66, 71, 77, 80, 82, 87, 88, 92, 93, 102, 104, 117, 118, 124]
	⭕  Walk to 12 (2.9 min) 
> 12 (20:23)
Rent:    [32, 54, 72, 81, 98, 106, 107, 109, 115]
Return:  [0, 3, 5, 10, 11, 19, 21, 24, 27, 28, 33, 37, 46, 50, 53, 55, 59, 60, 66, 71, 77, 80, 82, 87, 88, 92, 93, 102, 104, 117, 118, 124]
	⭕  Bike to 93 (1.5 min) +1
> 93 (20:24)
Rent:    [32, 54, 72, 81, 98, 106, 107, 109, 115]
Return:  [0, 3, 5, 10, 11, 19, 21, 24, 27, 28, 33, 37, 46, 50, 53, 55, 59, 60, 66, 71, 77, 80, 82, 87, 88, 92, 93, 102, 104, 117, 118, 124]
	⭕  Walk to 12 (2.9 min) 
> 12 (20:27)
Rent:    [32, 54, 72, 81, 98, 106, 107, 109, 115]
Return:  [0, 3, 5, 10, 11, 19, 21, 24, 27, 28, 33, 37, 46, 50, 53, 55, 59, 60, 66, 71, 77, 80, 82, 87, 88, 92, 93, 102, 104, 117, 118, 124]
	⭕  Bike to 53 (2.0 min) +1
> 53 (20:29)
Rent:    [32, 54, 72, 81, 98, 106, 107, 109, 115]
Return:  [0, 3, 5, 10, 11, 19, 21, 24, 27, 28, 33, 37, 46, 50, 53, 55, 59, 60, 66, 71, 77, 80, 82, 87, 88, 92, 93, 102, 104, 117, 118, 124]
	⭕  Walk to 47 (2.7 min) 
> 47 (20:32)
Rent:    [32, 54, 72, 81, 98, 106, 107, 109, 115]
Return:  [3, 5, 9, 11, 19, 21, 24, 27, 28, 30, 33, 37, 46, 50, 53, 55, 60, 64, 66, 71, 77, 80, 82, 87, 88, 92, 93, 102, 104, 117, 118, 124]
	⭕  Bike to 53 (1.2 min) +1
> 53 (20:33)
Rent:    [32, 54, 72, 81, 98, 106, 107, 109, 115]
Return:  [3, 5, 9, 11, 19, 21, 24, 27, 28, 30, 33, 37, 46, 50, 53, 55, 60, 64, 66, 71, 77, 80, 82, 87, 88, 92, 93, 102, 104, 117, 118, 124]
	⭕  Walk to 103 (7.1 min) 
> 103 (20:40)
Rent:    [32, 54, 72, 81, 98, 106, 107, 109, 115]
Return:  [3, 5, 9, 11, 19, 21, 24, 27, 28, 30, 33, 37, 46, 50, 53, 55, 60, 64, 66, 71, 77, 80, 82, 87, 88, 92, 93, 102, 104, 117, 118, 124]
	⭕  Bike to 53 (3.2 min) +1
> 53 (20:43)
Rent:    [32, 54, 72, 81, 98, 106, 107, 109, 115]
Return:  [3, 5, 9, 11, 19, 21, 24, 27, 28, 30, 33, 37, 46, 50, 53, 55, 60, 64, 66, 71, 77, 80, 82, 87, 88, 92, 93, 102, 104, 117, 118, 124]
	⭕  Walk to 47 (2.7 min) 
> 47 (20:46)
Rent:    [32, 72, 81, 98, 106, 107, 109, 114, 115]
Return:  [9, 10, 11, 19, 21, 24, 27, 28, 30, 33, 37, 46, 50, 52, 53, 55, 60, 64, 66, 71, 74, 77, 80, 82, 87, 88, 92, 93, 102, 104, 105, 117, 118]
	⭕  Bike to 53 (1.2 min) +1
> 53 (20:47)
Rent:    [32, 72, 81, 98, 106, 107, 109, 114, 115]
Return:  [9, 10, 11, 19, 21, 24, 27, 28, 30, 33, 37, 46, 50, 52, 53, 55, 60, 64, 66, 71, 74, 77, 80, 82, 87, 88, 92, 93, 102, 104, 105, 117, 118]
	⭕  Walk to 103 (7.1 min) 
> 103 (20:54)
Rent:    [32, 72, 81, 98, 106, 107, 109, 114, 115]
Return:  [9, 10, 11, 19, 21, 24, 27, 28, 30, 33, 37, 46, 50, 52, 53, 55, 60, 64, 66, 71, 74, 77, 80, 82, 87, 88, 92, 93, 102, 104, 105, 117, 118]
	⭕  Bike to 55 (2.1 min) +1
> 55 (20:56)
Rent:    [32, 72, 81, 98, 106, 107, 109, 114, 115]
Return:  [9, 10, 11, 19, 21, 24, 27, 28, 30, 33, 37, 46, 50, 52, 53, 55, 60, 64, 66, 71, 74, 77, 80, 82, 87, 88, 92, 93, 102, 104, 105, 117, 118]
	⭕  Walk to 103 (3.4 min) 
> 103 (21:00)
Rent:    [32, 44, 54, 57, 72, 81, 98, 106, 107, 109, 115]
Return:  [9, 10, 11, 19, 21, 24, 27, 28, 30, 33, 35, 37, 46, 50, 52, 53, 55, 60, 64, 66, 74, 77, 80, 82, 87, 88, 92, 93, 102, 104, 105, 117, 118]
	⭕  Bike to 55 (2.1 min) +1
> 55 (21:02)
Rent:    [32, 44, 54, 57, 72, 81, 98, 106, 107, 109, 115]
Return:  [9, 10, 11, 19, 21, 24, 27, 28, 30, 33, 35, 37, 46, 50, 52, 53, 55, 60, 64, 66, 74, 77, 80, 82, 87, 88, 92, 93, 102, 104, 105, 117, 118]
	⭕  Walk to 103 (3.4 min) 
> 103 (21:05)
Rent:    [32, 44, 54, 57, 72, 81, 98, 106, 107, 109, 115]
Return:  [9, 10, 11, 19, 21, 24, 27, 28, 30, 33, 35, 37, 46, 50, 52, 53, 55, 60, 64, 66, 74, 77, 80, 82, 87, 88, 92, 93, 102, 104, 105, 117, 118]
	⭕  Bike to 93 (2.9 min) +1
> 93 (21:08)
Rent:    [32, 44, 54, 57, 72, 81, 98, 106, 107, 109, 115]
Return:  [9, 10, 11, 19, 21, 24, 27, 28, 30, 33, 35, 37, 46, 50, 52, 53, 55, 60, 64, 66, 74, 77, 80, 82, 87, 88, 92, 93, 102, 104, 105, 117, 118]
	⭕  Walk to 12 (2.9 min) 
> 12 (21:11)
Rent:    [32, 44, 54, 57, 72, 81, 98, 106, 107, 109, 115]
Return:  [9, 10, 11, 19, 21, 24, 27, 28, 30, 33, 35, 37, 46, 50, 52, 53, 55, 60, 64, 66, 74, 77, 80, 82, 87, 88, 92, 93, 102, 104, 105, 117, 118]
	⭕  Bike to 53 (2.0 min) +1
> 53 (21:13)
Rent:    [32, 44, 54, 57, 72, 81, 98, 106, 107, 109, 115]
Return:  [9, 10, 11, 19, 21, 24, 27, 28, 30, 33, 35, 37, 46, 50, 52, 53, 55, 60, 64, 66, 74, 77, 80, 82, 87, 88, 92, 93, 102, 104, 105, 117, 118]
	⭕  Walk to 47 (2.7 min) 
> 47 (21:16)
Rent:    [32, 44, 54, 72, 81, 98, 106, 107, 114, 115]
Return:  [3, 5, 8, 10, 11, 19, 21, 24, 27, 28, 30, 33, 35, 37, 46, 50, 53, 55, 60, 64, 66, 71, 77, 80, 82, 87, 88, 92, 93, 102, 104, 105, 117, 118]
	⭕  Bike to 53 (1.2 min) +1
> 53 (21:17)
Rent:    [32, 44, 54, 72, 81, 98, 106, 107, 114, 115]
Return:  [3, 5, 8, 10, 11, 19, 21, 24, 27, 28, 30, 33, 35, 37, 46, 50, 53, 55, 60, 64, 66, 71, 77, 80, 82, 87, 88, 92, 93, 102, 104, 105, 117, 118]
	⭕  Walk to 47 (2.7 min) 
> 47 (21:20)
Rent:    [32, 44, 54, 72, 81, 98, 106, 107, 114, 115]
Return:  [3, 5, 8, 10, 11, 19, 21, 24, 27, 28, 30, 33, 35, 37, 46, 50, 53, 55, 60, 64, 66, 71, 77, 80, 82, 87, 88, 92, 93, 102, 104, 105, 117, 118]
	⭕  Bike to 53 (1.2 min) +1
> 53 (21:21)
Rent:    [32, 44, 54, 72, 81, 98, 106, 107, 114, 115]
Return:  [3, 5, 8, 10, 11, 19, 21, 24, 27, 28, 30, 33, 35, 37, 46, 50, 53, 55, 60, 64, 66, 71, 77, 80, 82, 87, 88, 92, 93, 102, 104, 105, 117, 118]
	⭕  Walk to 103 (7.1 min) 
> 103 (21:28)
Rent:    [32, 44, 54, 72, 81, 98, 106, 107, 114, 115]
Return:  [3, 5, 8, 10, 11, 19, 21, 24, 27, 28, 30, 33, 35, 37, 46, 50, 53, 55, 60, 64, 66, 71, 77, 80, 82, 87, 88, 92, 93, 102, 104, 105, 117, 118]
	⭕  Bike to 8 (2.0 min) +1
> 8 (21:30)
Rent:    [44, 54, 72, 81, 95, 98, 106, 107, 109, 114, 115]
Return:  [3, 5, 10, 12, 19, 21, 24, 27, 28, 30, 35, 37, 50, 53, 55, 60, 64, 66, 71, 80, 82, 87, 88, 90, 92, 93, 102, 104, 105, 117]
	⭕  Walk to 4 (2.5 min) 
> 4 (21:32)
Rent:    [44, 54, 72, 81, 95, 98, 106, 107, 109, 114, 115]
Return:  [3, 5, 10, 12, 19, 21, 24, 27, 28, 30, 35, 37, 50, 53, 55, 60, 64, 66, 71, 80, 82, 87, 88, 90, 92, 93, 102, 104, 105, 117]
	⭕  Bike to 5 (1.2 min) +1
> 5 (21:34)
Rent:    [44, 54, 72, 81, 95, 98, 106, 107, 109, 114, 115]
Return:  [3, 5, 10, 12, 19, 21, 24, 27, 28, 30, 35, 37, 50, 53, 55, 60, 64, 66, 71, 80, 82, 87, 88, 90, 92, 93, 102, 104, 105, 117]
	⭕  Walk to 4 (3.8 min) 
> 4 (21:37)
Rent:    [44, 54, 72, 81, 95, 98, 106, 107, 109, 114, 115]
Return:  [3, 5, 10, 12, 19, 21, 24, 27, 28, 30, 35, 37, 50, 53, 55, 60, 64, 66, 71, 80, 82, 87, 88, 90, 92, 93, 102, 104, 105, 117]
	⭕  Bike to 5 (1.2 min) +1
> 5 (21:39)
Rent:    [44, 54, 72, 81, 95, 98, 106, 107, 109, 114, 115]
Return:  [3, 5, 10, 12, 19, 21, 24, 27, 28, 30, 35, 37, 50, 53, 55, 60, 64, 66, 71, 80, 82, 87, 88, 90, 92, 93, 102, 104, 105, 117]
	⭕  Walk to 4 (3.8 min) 
> 4 (21:42)
Rent:    [44, 54, 72, 81, 95, 98, 106, 107, 109, 114, 115]
Return:  [3, 5, 10, 12, 19, 21, 24, 27, 28, 30, 35, 37, 50, 53, 55, 60, 64, 66, 71, 80, 82, 87, 88, 90, 92, 93, 102, 104, 105, 117]
	⭕  Bike to 5 (1.2 min) +1
> 5 (21:44)
Rent:    [44, 54, 72, 81, 95, 98, 106, 107, 109, 114, 115]
Return:  [3, 5, 10, 12, 19, 21, 24, 27, 28, 30, 35, 37, 50, 53, 55, 60, 64, 66, 71, 80, 82, 87, 88, 90, 92, 93, 102, 104, 105, 117]
	⭕  Walk to 4 (3.8 min) 
> 4 (21:47)
Rent:    [44, 54, 72, 98, 106, 107, 109, 114, 115]
Return:  [3, 5, 9, 10, 12, 19, 21, 24, 26, 28, 29, 30, 33, 35, 37, 46, 50, 53, 55, 60, 64, 66, 80, 82, 87, 88, 90, 92, 93, 102, 104, 105, 117, 124]
	⭕  Bike to 33 (1.4 min) +1
> 33 (21:49)
Rent:    [44, 54, 72, 98, 106, 107, 109, 114, 115]
Return:  [3, 5, 9, 10, 12, 19, 21, 24, 26, 28, 29, 30, 33, 35, 37, 46, 50, 53, 55, 60, 64, 66, 80, 82, 87, 88, 90, 92, 93, 102, 104, 105, 117, 124]
	⭕  Walk to 4 (2.8 min) 
> 4 (21:51)
Rent:    [44, 54, 72, 98, 106, 107, 109, 114, 115]
Return:  [3, 5, 9, 10, 12, 19, 21, 24, 26, 28, 29, 30, 33, 35, 37, 46, 50, 53, 55, 60, 64, 66, 80, 82, 87, 88, 90, 92, 93, 102, 104, 105, 117, 124]
	⭕  Bike to 33 (1.4 min) +1
> 33 (21:53)
Rent:    [44, 54, 72, 98, 106, 107, 109, 114, 115]
Return:  [3, 5, 9, 10, 12, 19, 21, 24, 26, 28, 29, 30, 33, 35, 37, 46, 50, 53, 55, 60, 64, 66, 80, 82, 87, 88, 90, 92, 93, 102, 104, 105, 117, 124]
	⭕  Walk to 20 (3.2 min) 
> 20 (21:56)
Rent:    [44, 54, 72, 98, 106, 107, 109, 114, 115]
Return:  [3, 5, 9, 10, 12, 19, 21, 24, 26, 28, 29, 30, 33, 35, 37, 46, 50, 53, 55, 60, 64, 66, 80, 82, 87, 88, 90, 92, 93, 102, 104, 105, 117, 124]
	⭕  Bike to 33 (1.8 min) +1
> 33 (21:58)
Rent:    [44, 54, 72, 98, 106, 107, 109, 114, 115]
Return:  [3, 5, 9, 10, 12, 19, 21, 24, 26, 28, 29, 30, 33, 35, 37, 46, 50, 53, 55, 60, 64, 66, 80, 82, 87, 88, 90, 92, 93, 102, 104, 105, 117, 124]
	⭕  Walk to 20 (3.2 min) 
> 20 (22:01)
Rent:    [44, 54, 72, 81, 98, 107, 114, 115]
Return:  [5, 9, 10, 12, 19, 21, 26, 28, 30, 33, 37, 46, 50, 53, 55, 60, 64, 66, 77, 80, 82, 87, 88, 90, 92, 93, 102, 104, 105, 117, 124]
	⭕  Bike to 33 (1.8 min) +1
> 33 (22:03)
Rent:    [44, 54, 72, 81, 98, 107, 114, 115]
Return:  [5, 9, 10, 12, 19, 21, 26, 28, 30, 33, 37, 46, 50, 53, 55, 60, 64, 66, 77, 80, 82, 87, 88, 90, 92, 93, 102, 104, 105, 117, 124]
	⭕  Walk to 20 (3.2 min) 
> 20 (22:06)
Rent:    [44, 54, 72, 81, 98, 107, 114, 115]
Return:  [5, 9, 10, 12, 19, 21, 26, 28, 30, 33, 37, 46, 50, 53, 55, 60, 64, 66, 77, 80, 82, 87, 88, 90, 92, 93, 102, 104, 105, 117, 124]
	⭕  Bike to 33 (1.8 min) +1
> 33 (22:08)
Rent:    [44, 54, 72, 81, 98, 107, 114, 115]
Return:  [5, 9, 10, 12, 19, 21, 26, 28, 30, 33, 37, 46, 50, 53, 55, 60, 64, 66, 77, 80, 82, 87, 88, 90, 92, 93, 102, 104, 105, 117, 124]
	⭕  Walk to 20 (3.2 min) 
> 20 (22:11)
Rent:    [44, 54, 72, 81, 98, 107, 114, 115]
Return:  [5, 9, 10, 12, 19, 21, 26, 28, 30, 33, 37, 46, 50, 53, 55, 60, 64, 66, 77, 80, 82, 87, 88, 90, 92, 93, 102, 104, 105, 117, 124]
	⭕  Bike to 33 (1.8 min) +1
> 33 (22:13)
Rent:    [44, 54, 72, 81, 98, 107, 114, 115]
Return:  [5, 9, 10, 12, 19, 21, 26, 28, 30, 33, 37, 46, 50, 53, 55, 60, 64, 66, 77, 80, 82, 87, 88, 90, 92, 93, 102, 104, 105, 117, 124]
	⭕  Walk to 20 (3.2 min) 
> 20 (22:16)
Rent:    [2, 44, 54, 72, 81, 86, 98, 106, 107, 109, 114, 115]
Return:  [0, 5, 7, 8, 12, 19, 21, 24, 28, 30, 33, 37, 46, 50, 53, 55, 60, 64, 66, 71, 77, 80, 82, 87, 88, 92, 93, 102, 117, 118, 124]
	⭕  Bike to 0 (1.6 min) +1
> 0 (22:17)
Rent:    [2, 44, 54, 72, 81, 86, 98, 106, 107, 109, 114, 115]
Return:  [0, 5, 7, 8, 12, 19, 21, 24, 28, 30, 33, 37, 46, 50, 53, 55, 60, 64, 66, 71, 77, 80, 82, 87, 88, 92, 93, 102, 117, 118, 124]
	⭕  Walk to 56 (3.1 min) 
> 56 (22:21)
Rent:    [2, 44, 54, 72, 81, 86, 98, 106, 107, 109, 114, 115]
Return:  [0, 5, 7, 8, 12, 19, 21, 24, 28, 30, 33, 37, 46, 50, 53, 55, 60, 64, 66, 71, 77, 80, 82, 87, 88, 92, 93, 102, 117, 118, 124]
	⭕  Bike to 0 (1.5 min) +1
> 0 (22:22)
Rent:    [2, 44, 54, 72, 81, 86, 98, 106, 107, 109, 114, 115]
Return:  [0, 5, 7, 8, 12, 19, 21, 24, 28, 30, 33, 37, 46, 50, 53, 55, 60, 64, 66, 71, 77, 80, 82, 87, 88, 92, 93, 102, 117, 118, 124]
	⭕  Walk to 56 (3.1 min) 
> 56 (22:25)
Rent:    [2, 44, 54, 72, 81, 86, 98, 106, 107, 109, 114, 115]
Return:  [0, 5, 7, 8, 12, 19, 21, 24, 28, 30, 33, 37, 46, 50, 53, 55, 60, 64, 66, 71, 77, 80, 82, 87, 88, 92, 93, 102, 117, 118, 124]
	⭕  Bike to 0 (1.5 min) +1
> 0 (22:27)
Rent:    [2, 44, 54, 72, 81, 86, 98, 106, 107, 109, 114, 115]
Return:  [0, 5, 7, 8, 12, 19, 21, 24, 28, 30, 33, 37, 46, 50, 53, 55, 60, 64, 66, 71, 77, 80, 82, 87, 88, 92, 93, 102, 117, 118, 124]
	⭕  Walk to 56 (3.1 min) 
> 56 (22:30)
Rent:    [2, 32, 44, 54, 72, 81, 86, 98, 106, 107, 109, 114, 115]
Return:  [0, 4, 5, 7, 8, 12, 19, 21, 24, 26, 28, 30, 33, 35, 37, 46, 53, 55, 60, 64, 66, 77, 80, 82, 87, 88, 92, 93, 102, 105, 117, 118, 124]
	⭕  Bike to 26 (2.0 min) +1
> 26 (22:32)
Rent:    [2, 32, 44, 54, 72, 81, 86, 98, 106, 107, 109, 114, 115]
Return:  [0, 4, 5, 7, 8, 12, 19, 21, 24, 26, 28, 30, 33, 35, 37, 46, 53, 55, 60, 64, 66, 77, 80, 82, 87, 88, 92, 93, 102, 105, 117, 118, 124]
	⭕  Walk to 56 (5.5 min) 
> 56 (22:37)
Rent:    [2, 32, 44, 54, 72, 81, 86, 98, 106, 107, 109, 114, 115]
Return:  [0, 4, 5, 7, 8, 12, 19, 21, 24, 26, 28, 30, 33, 35, 37, 46, 53, 55, 60, 64, 66, 77, 80, 82, 87, 88, 92, 93, 102, 105, 117, 118, 124]
	⭕  Bike to 26 (2.0 min) +1
> 26 (22:39)
Rent:    [2, 32, 44, 54, 72, 81, 86, 98, 106, 107, 109, 114, 115]
Return:  [0, 4, 5, 7, 8, 12, 19, 21, 24, 26, 28, 30, 33, 35, 37, 46, 53, 55, 60, 64, 66, 77, 80, 82, 87, 88, 92, 93, 102, 105, 117, 118, 124]
	⭕  Walk to 56 (5.5 min) 
> 56 (22:45)
Rent:    [2, 44, 54, 70, 72, 81, 98, 106, 107, 109, 114, 115]
Return:  [0, 3, 5, 8, 11, 12, 19, 21, 24, 26, 27, 28, 30, 33, 35, 37, 46, 50, 53, 55, 60, 64, 66, 71, 77, 80, 82, 87, 88, 92, 93, 102, 117, 118, 124]
	⭕  Bike to 0 (1.5 min) +1
> 0 (22:46)
Rent:    [2, 44, 54, 70, 72, 81, 98, 106, 107, 109, 114, 115]
Return:  [0, 3, 5, 8, 11, 12, 19, 21, 24, 26, 27, 28, 30, 33, 35, 37, 46, 50, 53, 55, 60, 64, 66, 71, 77, 80, 82, 87, 88, 92, 93, 102, 117, 118, 124]
	⭕  Walk to 20 (3.2 min) 
> 20 (22:50)
Rent:    [2, 44, 54, 70, 72, 81, 98, 106, 107, 109, 114, 115]
Return:  [0, 3, 5, 8, 11, 12, 19, 21, 24, 26, 27, 28, 30, 33, 35, 37, 46, 50, 53, 55, 60, 64, 66, 71, 77, 80, 82, 87, 88, 92, 93, 102, 117, 118, 124]
	⭕  Bike to 33 (1.8 min) +1
> 33 (22:51)
Rent:    [2, 44, 54, 70, 72, 81, 98, 106, 107, 109, 114, 115]
Return:  [0, 3, 5, 8, 11, 12, 19, 21, 24, 26, 27, 28, 30, 33, 35, 37, 46, 50, 53, 55, 60, 64, 66, 71, 77, 80, 82, 87, 88, 92, 93, 102, 117, 118, 124]
	⭕  Walk to 4 (2.8 min) 
> 4 (22:54)
Rent:    [2, 44, 54, 70, 72, 81, 98, 106, 107, 109, 114, 115]
Return:  [0, 3, 5, 8, 11, 12, 19, 21, 24, 26, 27, 28, 30, 33, 35, 37, 46, 50, 53, 55, 60, 64, 66, 71, 77, 80, 82, 87, 88, 92, 93, 102, 117, 118, 124]
	⭕  Bike to 5 (1.2 min) +1
> 5 (22:55)
Rent:    [2, 44, 54, 70, 72, 81, 98, 106, 107, 109, 114, 115]
Return:  [0, 3, 5, 8, 11, 12, 19, 21, 24, 26, 27, 28, 30, 33, 35, 37, 46, 50, 53, 55, 60, 64, 66, 71, 77, 80, 82, 87, 88, 92, 93, 102, 117, 118, 124]
	🔵  End excursion
	⭕  Walk to 5 (0.0 min) 
> 5 (22:55)

---------- Excursion Complete ----------
End time: 22:55
Final station: 5
Bike count: 88
Walk count: 88
Wait count: 0
Total reward: 90
Seed: 711997241

