Generated random seed: 1009739919
---------- Starting Excursion -----------
Warmup time: 2.0 hours
Start time: 16:00 
Excursion time: 7.0 hours

> 0 (16:00)
Rent:    [2]
Return:  [7, 28, 37, 46, 50, 80, 104]
	⭕  Bike to 50 (3.7 min) +1
> 50 (16:03)
Rent:    [2]
Return:  [7, 28, 37, 46, 50, 80, 104]
	⭕  Walk to 5 (2.5 min) 
> 5 (16:06)
Rent:    [2]
Return:  [7, 28, 37, 46, 50, 80, 104]
	⭕  Bike to 50 (1.0 min) +1
> 50 (16:07)
Rent:    [2]
Return:  [7, 28, 37, 46, 50, 80, 104]
	⭕  Walk to 5 (2.5 min) 
> 5 (16:09)
Rent:    [2]
Return:  [7, 28, 37, 46, 50, 80, 104]
	⭕  Bike to 50 (1.0 min) +1
> 50 (16:10)
Rent:    [2]
Return:  [7, 28, 37, 46, 50, 80, 104]
	⭕  Walk to 5 (2.5 min) 
> 5 (16:13)
Rent:    [2]
Return:  [7, 28, 37, 46, 50, 80, 104]
	⭕  Bike to 50 (1.0 min) +1
> 50 (16:14)
Rent:    [2]
Return:  [7, 28, 37, 46, 50, 80, 104]
	⭕  Walk to 5 (2.5 min) 
> 5 (16:16)
Rent:    [107]
Return:  [28, 37, 46, 50, 71, 80, 104]
	⭕  Bike to 50 (1.0 min) +1
> 50 (16:17)
Rent:    [107]
Return:  [28, 37, 46, 50, 71, 80, 104]
	⭕  Walk to 5 (2.5 min) 
> 5 (16:20)
Rent:    [107]
Return:  [28, 37, 46, 50, 71, 80, 104]
	⭕  Bike to 50 (1.0 min) +1
> 50 (16:21)
Rent:    [107]
Return:  [28, 37, 46, 50, 71, 80, 104]
	⭕  Walk to 5 (2.5 min) 
> 5 (16:23)
Rent:    [107]
Return:  [28, 37, 46, 50, 71, 80, 104]
	⭕  Bike to 50 (1.0 min) +1
> 50 (16:24)
Rent:    [107]
Return:  [28, 37, 46, 50, 71, 80, 104]
	⭕  Walk to 5 (2.5 min) 
> 5 (16:27)
Rent:    [107]
Return:  [28, 37, 46, 50, 71, 80, 104]
	⭕  Bike to 50 (1.0 min) +1
> 50 (16:28)
Rent:    [107]
Return:  [28, 37, 46, 50, 71, 80, 104]
	⭕  Walk to 5 (2.5 min) 
> 5 (16:30)
Rent:    [2]
Return:  [28, 37, 46, 50]
	⭕  Bike to 50 (1.0 min) +1
> 50 (16:31)
Rent:    [2]
Return:  [28, 37, 46, 50]
	⭕  Walk to 5 (2.5 min) 
> 5 (16:34)
Rent:    [2]
Return:  [28, 37, 46, 50]
	⭕  Bike to 50 (1.0 min) +1
> 50 (16:35)
Rent:    [2]
Return:  [28, 37, 46, 50]
	⭕  Walk to 5 (2.5 min) 
> 5 (16:37)
Rent:    [2]
Return:  [28, 37, 46, 50]
	⭕  Bike to 50 (1.0 min) +1
> 50 (16:38)
Rent:    [2]
Return:  [28, 37, 46, 50]
	⭕  Walk to 5 (2.5 min) 
> 5 (16:41)
Rent:    [2]
Return:  [28, 37, 46, 50]
	⭕  Bike to 50 (1.0 min) +1
> 50 (16:42)
Rent:    [2]
Return:  [28, 37, 46, 50]
	⭕  Walk to 5 (2.5 min) 
> 5 (16:44)
Rent:    [2]
Return:  [28, 37, 46, 50]
	⭕  Bike to 50 (1.0 min) +1
> 50 (16:45)
Rent:    [2]
Return:  [28, 37, 46, 50, 93]
	⭕  Walk to 5 (2.5 min) 
> 5 (16:48)
Rent:    [2]
Return:  [28, 37, 46, 50, 93]
	⭕  Bike to 50 (1.0 min) +1
> 50 (16:49)
Rent:    [2]
Return:  [28, 37, 46, 50, 93]
	⭕  Walk to 5 (2.5 min) 
> 5 (16:51)
Rent:    [2]
Return:  [28, 37, 46, 50, 93]
	⭕  Bike to 50 (1.0 min) +1
> 50 (16:52)
Rent:    [2]
Return:  [28, 37, 46, 50, 93]
	⭕  Walk to 5 (2.5 min) 
> 5 (16:55)
Rent:    [2]
Return:  [28, 37, 46, 50, 93]
	⭕  Bike to 50 (1.0 min) +1
> 50 (16:56)
Rent:    [2]
Return:  [28, 37, 46, 50, 93]
	⭕  Walk to 5 (2.5 min) 
> 5 (16:58)
Rent:    [2]
Return:  [28, 37, 46, 50, 93]
	⭕  Bike to 50 (1.0 min) +1
> 50 (16:59)
Rent:    [2]
Return:  [28, 37, 46, 50, 93]
	⭕  Walk to 5 (2.5 min) 
> 5 (17:01)
Rent:    [2]
Return:  [7, 21, 28, 37, 46, 50, 87, 93, 118]
	⭕  Bike to 50 (1.0 min) +1
> 50 (17:02)
Rent:    [2]
Return:  [7, 21, 28, 37, 46, 50, 87, 93, 118]
	⭕  Walk to 5 (2.5 min) 
> 5 (17:05)
Rent:    [2]
Return:  [7, 21, 28, 37, 46, 50, 87, 93, 118]
	⭕  Bike to 50 (1.0 min) +1
> 50 (17:06)
Rent:    [2]
Return:  [7, 21, 28, 37, 46, 50, 87, 93, 118]
	⭕  Walk to 5 (2.5 min) 
> 5 (17:08)
Rent:    [2]
Return:  [7, 21, 28, 37, 46, 50, 87, 93, 118]
	⭕  Bike to 50 (1.0 min) +1
> 50 (17:09)
Rent:    [2]
Return:  [7, 21, 28, 37, 46, 50, 87, 93, 118]
	⭕  Walk to 5 (2.5 min) 
> 5 (17:12)
Rent:    [2]
Return:  [7, 21, 28, 37, 46, 50, 87, 93, 118]
	⭕  Bike to 50 (1.0 min) +1
> 50 (17:13)
Rent:    [2]
Return:  [7, 21, 28, 37, 46, 50, 87, 93, 118]
	⭕  Walk to 5 (2.5 min) 
> 5 (17:15)
Rent:    [2, 107]
Return:  [28, 37, 46, 50, 71, 87, 93, 118]
	⭕  Bike to 50 (1.0 min) +1
> 50 (17:16)
Rent:    [2, 107]
Return:  [28, 37, 46, 50, 71, 87, 93, 118]
	⭕  Walk to 5 (2.5 min) 
> 5 (17:19)
Rent:    [2, 107]
Return:  [28, 37, 46, 50, 71, 87, 93, 118]
	⭕  Bike to 50 (1.0 min) +1
> 50 (17:20)
Rent:    [2, 107]
Return:  [28, 37, 46, 50, 71, 87, 93, 118]
	⭕  Walk to 5 (2.5 min) 
> 5 (17:22)
Rent:    [2, 107]
Return:  [28, 37, 46, 50, 71, 87, 93, 118]
	⭕  Bike to 50 (1.0 min) +1
> 50 (17:23)
Rent:    [2, 107]
Return:  [28, 37, 46, 50, 71, 87, 93, 118]
	⭕  Walk to 5 (2.5 min) 
> 5 (17:26)
Rent:    [2, 107]
Return:  [28, 37, 46, 50, 71, 87, 93, 118]
	⭕  Bike to 50 (1.0 min) +1
> 50 (17:27)
Rent:    [2, 107]
Return:  [28, 37, 46, 50, 71, 87, 93, 118]
	⭕  Walk to 5 (2.5 min) 
> 5 (17:29)
Rent:    [2, 107]
Return:  [28, 37, 46, 50, 71, 87, 93, 118]
	⭕  Bike to 50 (1.0 min) +1
> 50 (17:30)
Rent:    [2, 107]
Return:  [28, 37, 46, 50, 80, 87, 88, 104, 118]
	⭕  Walk to 5 (2.5 min) 
> 5 (17:33)
Rent:    [2, 107]
Return:  [28, 37, 46, 50, 80, 87, 88, 104, 118]
	⭕  Bike to 50 (1.0 min) +1
> 50 (17:34)
Rent:    [2, 107]
Return:  [28, 37, 46, 50, 80, 87, 88, 104, 118]
	⭕  Walk to 5 (2.5 min) 
> 5 (17:36)
Rent:    [2, 107]
Return:  [28, 37, 46, 50, 80, 87, 88, 104, 118]
	⭕  Bike to 50 (1.0 min) +1
> 50 (17:37)
Rent:    [2, 107]
Return:  [28, 37, 46, 50, 80, 87, 88, 104, 118]
	⭕  Walk to 5 (2.5 min) 
> 5 (17:40)
Rent:    [2, 107]
Return:  [28, 37, 46, 50, 80, 87, 88, 104, 118]
	⭕  Bike to 50 (1.0 min) +1
> 50 (17:41)
Rent:    [2, 107]
Return:  [28, 37, 46, 50, 80, 87, 88, 104, 118]
	⭕  Walk to 5 (2.5 min) 
> 5 (17:43)
Rent:    [2, 107]
Return:  [28, 37, 46, 50, 80, 87, 88, 104, 118]
	⭕  Bike to 50 (1.0 min) +1
> 50 (17:44)
Rent:    [2, 107]
Return:  [28, 37, 46, 50, 80, 87, 88, 104, 118]
	⭕  Walk to 5 (2.5 min) 
> 5 (17:47)
Rent:    [2, 103, 107]
Return:  [22, 28, 37, 46, 50, 80, 87, 88, 93, 104, 118, 123]
	⭕  Bike to 50 (1.0 min) +1
> 50 (17:48)
Rent:    [2, 103, 107]
Return:  [22, 28, 37, 46, 50, 80, 87, 88, 93, 104, 118, 123]
	⭕  Walk to 5 (2.5 min) 
> 5 (17:50)
Rent:    [2, 103, 107]
Return:  [22, 28, 37, 46, 50, 80, 87, 88, 93, 104, 118, 123]
	⭕  Bike to 50 (1.0 min) +1
> 50 (17:51)
Rent:    [2, 103, 107]
Return:  [22, 28, 37, 46, 50, 80, 87, 88, 93, 104, 118, 123]
	⭕  Walk to 103 (4.9 min) 
> 103 (17:56)
Rent:    [2, 103, 107]
Return:  [22, 28, 37, 46, 50, 80, 87, 88, 93, 104, 118, 123]
	⭕  Bike to 55 (2.1 min) +1
> 55 (17:58)
Rent:    [2, 103, 107]
Return:  [22, 28, 37, 46, 50, 80, 87, 88, 93, 104, 118, 123]
	⭕  Walk to 53 (3.6 min) 
> 53 (18:02)
Rent:    [2, 57, 107]
Return:  [5, 22, 28, 37, 46, 50, 59, 80, 87, 88, 93, 104, 118, 123]
	⭕  Bike to 87 (0.9 min) +1
> 87 (18:03)
Rent:    [2, 57, 107]
Return:  [5, 22, 28, 37, 46, 50, 59, 80, 87, 88, 93, 104, 118, 123]
	⭕  Walk to 30 (2.6 min) 
> 30 (18:05)
Rent:    [2, 57, 107]
Return:  [5, 22, 28, 37, 46, 50, 59, 80, 87, 88, 93, 104, 118, 123]
	⭕  Bike to 87 (1.0 min) +1
> 87 (18:06)
Rent:    [2, 57, 107]
Return:  [5, 22, 28, 37, 46, 50, 59, 80, 87, 88, 93, 104, 118, 123]
	⭕  Walk to 30 (2.6 min) 
> 30 (18:09)
Rent:    [2, 57, 107]
Return:  [5, 22, 28, 37, 46, 50, 59, 80, 87, 88, 93, 104, 118, 123]
	⭕  Bike to 87 (1.0 min) +1
> 87 (18:10)
Rent:    [2, 57, 107]
Return:  [5, 22, 28, 37, 46, 50, 59, 80, 87, 88, 93, 104, 118, 123]
	⭕  Walk to 30 (2.6 min) 
> 30 (18:13)
Rent:    [2, 57, 107]
Return:  [5, 22, 28, 37, 46, 50, 59, 80, 87, 88, 93, 104, 118, 123]
	⭕  Bike to 87 (1.0 min) +1
> 87 (18:14)
Rent:    [2, 57, 107]
Return:  [5, 22, 28, 37, 46, 50, 59, 80, 87, 88, 93, 104, 118, 123]
	⭕  Walk to 30 (2.6 min) 
> 30 (18:16)
Rent:    [2, 107]
Return:  [5, 10, 28, 37, 46, 50, 53, 59, 60, 80, 87, 88, 92, 93, 104, 118, 123]
	⭕  Bike to 87 (1.0 min) +1
> 87 (18:18)
Rent:    [2, 107]
Return:  [5, 10, 28, 37, 46, 50, 53, 59, 60, 80, 87, 88, 92, 93, 104, 118, 123]
	⭕  Walk to 30 (2.6 min) 
> 30 (18:20)
Rent:    [2, 107]
Return:  [5, 10, 28, 37, 46, 50, 53, 59, 60, 80, 87, 88, 92, 93, 104, 118, 123]
	⭕  Bike to 87 (1.0 min) +1
> 87 (18:21)
Rent:    [2, 107]
Return:  [5, 10, 28, 37, 46, 50, 53, 59, 60, 80, 87, 88, 92, 93, 104, 118, 123]
	⭕  Walk to 30 (2.6 min) 
> 30 (18:24)
Rent:    [2, 107]
Return:  [5, 10, 28, 37, 46, 50, 53, 59, 60, 80, 87, 88, 92, 93, 104, 118, 123]
	⭕  Bike to 87 (1.0 min) +1
> 87 (18:25)
Rent:    [2, 107]
Return:  [5, 10, 28, 37, 46, 50, 53, 59, 60, 80, 87, 88, 92, 93, 104, 118, 123]
	⭕  Walk to 30 (2.6 min) 
> 30 (18:27)
Rent:    [2, 107]
Return:  [5, 10, 28, 37, 46, 50, 53, 59, 60, 80, 87, 88, 92, 93, 104, 118, 123]
	⭕  Bike to 87 (1.0 min) +1
> 87 (18:29)
Rent:    [2, 107]
Return:  [5, 10, 28, 37, 46, 50, 53, 59, 60, 80, 87, 88, 92, 93, 104, 118, 123]
	⭕  Walk to 47 (2.4 min) 
> 47 (18:31)
Rent:    [2, 57, 103, 106, 107]
Return:  [5, 28, 37, 46, 50, 53, 58, 59, 60, 80, 82, 87, 88, 92, 93, 104, 118, 123]
	⭕  Bike to 53 (1.2 min) +1
> 53 (18:32)
Rent:    [2, 57, 103, 106, 107]
Return:  [5, 28, 37, 46, 50, 53, 58, 59, 60, 80, 82, 87, 88, 92, 93, 104, 118, 123]
	⭕  Walk to 47 (2.7 min) 
> 47 (18:35)
Rent:    [2, 57, 103, 106, 107]
Return:  [5, 28, 37, 46, 50, 53, 58, 59, 60, 80, 82, 87, 88, 92, 93, 104, 118, 123]
	⭕  Bike to 53 (1.2 min) +1
> 53 (18:36)
Rent:    [2, 57, 103, 106, 107]
Return:  [5, 28, 37, 46, 50, 53, 58, 59, 60, 80, 82, 87, 88, 92, 93, 104, 118, 123]
	⭕  Walk to 47 (2.7 min) 
> 47 (18:39)
Rent:    [2, 57, 103, 106, 107]
Return:  [5, 28, 37, 46, 50, 53, 58, 59, 60, 80, 82, 87, 88, 92, 93, 104, 118, 123]
	⭕  Bike to 53 (1.2 min) +1
> 53 (18:40)
Rent:    [2, 57, 103, 106, 107]
Return:  [5, 28, 37, 46, 50, 53, 58, 59, 60, 80, 82, 87, 88, 92, 93, 104, 118, 123]
	⭕  Walk to 47 (2.7 min) 
> 47 (18:43)
Rent:    [2, 57, 103, 106, 107]
Return:  [5, 28, 37, 46, 50, 53, 58, 59, 60, 80, 82, 87, 88, 92, 93, 104, 118, 123]
	⭕  Bike to 53 (1.2 min) +1
> 53 (18:44)
Rent:    [2, 57, 103, 106, 107]
Return:  [5, 28, 37, 46, 50, 53, 58, 59, 60, 80, 82, 87, 88, 92, 93, 104, 118, 123]
	⭕  Walk to 12 (3.4 min) 
> 12 (18:47)
Rent:    [57, 103, 106, 107]
Return:  [7, 10, 27, 28, 37, 46, 47, 50, 53, 60, 80, 82, 87, 88, 92, 118]
	⭕  Bike to 53 (2.0 min) +1
> 53 (18:49)
Rent:    [57, 103, 106, 107]
Return:  [7, 10, 27, 28, 37, 46, 47, 50, 53, 60, 80, 82, 87, 88, 92, 118]
	⭕  Walk to 55 (3.6 min) 
> 55 (18:53)
Rent:    [57, 103, 106, 107]
Return:  [7, 10, 27, 28, 37, 46, 47, 50, 53, 60, 80, 82, 87, 88, 92, 118]
	⭕  Bike to 10 (2.0 min) +1
> 10 (18:55)
Rent:    [57, 103, 106, 107]
Return:  [7, 10, 27, 28, 37, 46, 47, 50, 53, 60, 80, 82, 87, 88, 92, 118]
	⭕  Walk to 55 (3.4 min) 
> 55 (18:58)
Rent:    [57, 103, 106, 107]
Return:  [7, 10, 27, 28, 37, 46, 47, 50, 53, 60, 80, 82, 87, 88, 92, 118]
	⭕  Bike to 10 (2.0 min) +1
> 10 (19:00)
Rent:    [57, 79, 106, 107, 115]
Return:  [10, 27, 28, 30, 33, 37, 46, 50, 53, 59, 60, 82, 87, 88, 92, 118]
	⭕  Walk to 55 (3.4 min) 
> 55 (19:04)
Rent:    [57, 79, 106, 107, 115]
Return:  [10, 27, 28, 30, 33, 37, 46, 50, 53, 59, 60, 82, 87, 88, 92, 118]
	⭕  Bike to 10 (2.0 min) +1
> 10 (19:06)
Rent:    [57, 79, 106, 107, 115]
Return:  [10, 27, 28, 30, 33, 37, 46, 50, 53, 59, 60, 82, 87, 88, 92, 118]
	⭕  Walk to 55 (3.4 min) 
> 55 (19:09)
Rent:    [57, 79, 106, 107, 115]
Return:  [10, 27, 28, 30, 33, 37, 46, 50, 53, 59, 60, 82, 87, 88, 92, 118]
	⭕  Bike to 10 (2.0 min) +1
> 10 (19:11)
Rent:    [57, 79, 106, 107, 115]
Return:  [10, 27, 28, 30, 33, 37, 46, 50, 53, 59, 60, 82, 87, 88, 92, 118]
	⭕  Walk to 55 (3.4 min) 
> 55 (19:15)
Rent:    [57, 79, 106, 107, 115]
Return:  [10, 27, 28, 30, 33, 37, 45, 46, 50, 53, 59, 60, 66, 80, 82, 87, 88, 92, 118]
	⭕  Bike to 10 (2.0 min) +1
> 10 (19:16)
Rent:    [57, 79, 106, 107, 115]
Return:  [10, 27, 28, 30, 33, 37, 45, 46, 50, 53, 59, 60, 66, 80, 82, 87, 88, 92, 118]
	⭕  Walk to 55 (3.4 min) 
> 55 (19:20)
Rent:    [57, 79, 106, 107, 115]
Return:  [10, 27, 28, 30, 33, 37, 45, 46, 50, 53, 59, 60, 66, 80, 82, 87, 88, 92, 118]
	⭕  Bike to 10 (2.0 min) +1
> 10 (19:22)
Rent:    [57, 79, 106, 107, 115]
Return:  [10, 27, 28, 30, 33, 37, 45, 46, 50, 53, 59, 60, 66, 80, 82, 87, 88, 92, 118]
	⭕  Walk to 103 (6.6 min) 
> 103 (19:28)
Rent:    [57, 79, 106, 107, 115]
Return:  [10, 27, 28, 30, 33, 37, 45, 46, 50, 53, 59, 60, 66, 80, 82, 87, 88, 92, 118]
	⭕  Bike to 50 (3.2 min) +1
> 50 (19:32)
Rent:    [2, 57, 79, 106, 107, 115]
Return:  [7, 8, 10, 27, 28, 30, 33, 37, 46, 47, 50, 53, 60, 66, 80, 82, 87, 88, 92, 118]
	⭕  Walk to 5 (2.5 min) 
> 5 (19:34)
Rent:    [2, 57, 79, 106, 107, 115]
Return:  [7, 8, 10, 27, 28, 30, 33, 37, 46, 47, 50, 53, 60, 66, 80, 82, 87, 88, 92, 118]
	⭕  Bike to 50 (1.0 min) +1
> 50 (19:35)
Rent:    [2, 57, 79, 106, 107, 115]
Return:  [7, 8, 10, 27, 28, 30, 33, 37, 46, 47, 50, 53, 60, 66, 80, 82, 87, 88, 92, 118]
	⭕  Walk to 5 (2.5 min) 
> 5 (19:38)
Rent:    [2, 57, 79, 106, 107, 115]
Return:  [7, 8, 10, 27, 28, 30, 33, 37, 46, 47, 50, 53, 60, 66, 80, 82, 87, 88, 92, 118]
	⭕  Bike to 50 (1.0 min) +1
> 50 (19:39)
Rent:    [2, 57, 79, 106, 107, 115]
Return:  [7, 8, 10, 27, 28, 30, 33, 37, 46, 47, 50, 53, 60, 66, 80, 82, 87, 88, 92, 118]
	⭕  Walk to 5 (2.5 min) 
> 5 (19:41)
Rent:    [2, 57, 79, 106, 107, 115]
Return:  [7, 8, 10, 27, 28, 30, 33, 37, 46, 47, 50, 53, 60, 66, 80, 82, 87, 88, 92, 118]
	⭕  Bike to 50 (1.0 min) +1
> 50 (19:42)
Rent:    [2, 57, 79, 106, 107, 115]
Return:  [7, 8, 10, 27, 28, 30, 33, 37, 46, 47, 50, 53, 60, 66, 80, 82, 87, 88, 92, 118]
	⭕  Walk to 5 (2.5 min) 
> 5 (19:45)
Rent:    [2, 57, 95, 106, 107, 115]
Return:  [7, 8, 10, 12, 23, 27, 28, 30, 33, 35, 37, 46, 50, 53, 55, 60, 66, 80, 82, 87, 88, 92]
	⭕  Bike to 50 (1.0 min) +1
> 50 (19:46)
Rent:    [2, 57, 95, 106, 107, 115]
Return:  [7, 8, 10, 12, 23, 27, 28, 30, 33, 35, 37, 46, 50, 53, 55, 60, 66, 80, 82, 87, 88, 92]
	⭕  Walk to 104 (3.9 min) 
> 104 (19:50)
Rent:    [2, 57, 95, 106, 107, 115]
Return:  [7, 8, 10, 12, 23, 27, 28, 30, 33, 35, 37, 46, 50, 53, 55, 60, 66, 80, 82, 87, 88, 92]
	⭕  Bike to 8 (2.2 min) +1
> 8 (19:52)
Rent:    [2, 57, 95, 106, 107, 115]
Return:  [7, 8, 10, 12, 23, 27, 28, 30, 33, 35, 37, 46, 50, 53, 55, 60, 66, 80, 82, 87, 88, 92]
	⭕  Walk to 4 (2.5 min) 
> 4 (19:54)
Rent:    [2, 57, 95, 106, 107, 115]
Return:  [7, 8, 10, 12, 23, 27, 28, 30, 33, 35, 37, 46, 50, 53, 55, 60, 66, 80, 82, 87, 88, 92]
	⭕  Bike to 8 (1.4 min) +1
> 8 (19:56)
Rent:    [2, 57, 95, 106, 107, 115]
Return:  [7, 8, 10, 12, 23, 27, 28, 30, 33, 35, 37, 46, 50, 53, 55, 60, 66, 80, 82, 87, 88, 92]
	⭕  Walk to 4 (2.5 min) 
> 4 (19:58)
Rent:    [2, 57, 95, 106, 107, 115]
Return:  [7, 8, 10, 12, 23, 27, 28, 30, 33, 35, 37, 46, 50, 53, 55, 60, 66, 80, 82, 87, 88, 92]
	⭕  Bike to 8 (1.4 min) +1
> 8 (19:59)
Rent:    [2, 57, 95, 106, 107, 115]
Return:  [7, 8, 10, 12, 23, 27, 28, 30, 33, 35, 37, 46, 50, 53, 55, 60, 66, 80, 82, 87, 88, 92]
	⭕  Walk to 4 (2.5 min) 
> 4 (20:02)
Rent:    [2, 57, 95, 106, 107, 115]
Return:  [5, 8, 10, 12, 23, 27, 28, 30, 33, 35, 37, 46, 50, 53, 55, 60, 66, 80, 82, 87, 88, 104]
	⭕  Bike to 8 (1.4 min) +1
> 8 (20:03)
Rent:    [2, 57, 95, 106, 107, 115]
Return:  [5, 8, 10, 12, 23, 27, 28, 30, 33, 35, 37, 46, 50, 53, 55, 60, 66, 80, 82, 87, 88, 104]
	⭕  Walk to 4 (2.5 min) 
> 4 (20:06)
Rent:    [2, 57, 95, 106, 107, 115]
Return:  [5, 8, 10, 12, 23, 27, 28, 30, 33, 35, 37, 46, 50, 53, 55, 60, 66, 80, 82, 87, 88, 104]
	⭕  Bike to 8 (1.4 min) +1
> 8 (20:07)
Rent:    [2, 57, 95, 106, 107, 115]
Return:  [5, 8, 10, 12, 23, 27, 28, 30, 33, 35, 37, 46, 50, 53, 55, 60, 66, 80, 82, 87, 88, 104]
	⭕  Walk to 4 (2.5 min) 
> 4 (20:10)
Rent:    [2, 57, 95, 106, 107, 115]
Return:  [5, 8, 10, 12, 23, 27, 28, 30, 33, 35, 37, 46, 50, 53, 55, 60, 66, 80, 82, 87, 88, 104]
	⭕  Bike to 8 (1.4 min) +1
> 8 (20:11)
Rent:    [2, 57, 95, 106, 107, 115]
Return:  [5, 8, 10, 12, 23, 27, 28, 30, 33, 35, 37, 46, 50, 53, 55, 60, 66, 80, 82, 87, 88, 104]
	⭕  Walk to 5 (2.6 min) 
> 5 (20:14)
Rent:    [2, 57, 95, 106, 107, 115]
Return:  [5, 8, 10, 12, 23, 27, 28, 30, 33, 35, 37, 46, 50, 53, 55, 60, 66, 80, 82, 87, 88, 104]
	⭕  Bike to 50 (1.0 min) +1
> 50 (20:15)
Rent:    [2, 57, 72, 79, 95, 106, 107, 115]
Return:  [8, 10, 12, 23, 27, 28, 30, 33, 37, 45, 46, 50, 53, 55, 60, 66, 80, 82, 87, 88, 92, 122]
	⭕  Walk to 103 (4.9 min) 
> 103 (20:20)
Rent:    [2, 57, 72, 79, 95, 106, 107, 115]
Return:  [8, 10, 12, 23, 27, 28, 30, 33, 37, 45, 46, 50, 53, 55, 60, 66, 80, 82, 87, 88, 92, 122]
	⭕  Bike to 8 (2.0 min) +1
> 8 (20:22)
Rent:    [2, 57, 72, 79, 95, 106, 107, 115]
Return:  [8, 10, 12, 23, 27, 28, 30, 33, 37, 45, 46, 50, 53, 55, 60, 66, 80, 82, 87, 88, 92, 122]
	⭕  Walk to 4 (2.5 min) 
> 4 (20:24)
Rent:    [2, 57, 72, 79, 95, 106, 107, 115]
Return:  [8, 10, 12, 23, 27, 28, 30, 33, 37, 45, 46, 50, 53, 55, 60, 66, 80, 82, 87, 88, 92, 122]
	⭕  Bike to 8 (1.4 min) +1
> 8 (20:26)
Rent:    [2, 57, 72, 79, 95, 106, 107, 115]
Return:  [8, 10, 12, 23, 27, 28, 30, 33, 37, 45, 46, 50, 53, 55, 60, 66, 80, 82, 87, 88, 92, 122]
	⭕  Walk to 4 (2.5 min) 
> 4 (20:28)
Rent:    [2, 57, 72, 79, 95, 106, 107, 115]
Return:  [8, 10, 12, 23, 27, 28, 30, 33, 37, 45, 46, 50, 53, 55, 60, 66, 80, 82, 87, 88, 92, 122]
	⭕  Bike to 8 (1.4 min) +1
> 8 (20:29)
Rent:    [2, 57, 72, 79, 95, 106, 107, 115]
Return:  [8, 10, 12, 23, 27, 28, 30, 33, 37, 45, 46, 50, 53, 55, 60, 66, 80, 82, 87, 88, 92, 122]
	⭕  Walk to 5 (2.6 min) 
> 5 (20:32)
Rent:    [2, 57, 68, 72, 79, 95, 106, 107, 115]
Return:  [8, 10, 12, 27, 28, 30, 33, 37, 45, 46, 47, 50, 53, 55, 60, 66, 80, 82, 87, 88, 92, 104]
	⭕  Bike to 50 (1.0 min) +1
> 50 (20:33)
Rent:    [2, 57, 68, 72, 79, 95, 106, 107, 115]
Return:  [8, 10, 12, 27, 28, 30, 33, 37, 45, 46, 47, 50, 53, 55, 60, 66, 80, 82, 87, 88, 92, 104]
	⭕  Walk to 5 (2.5 min) 
> 5 (20:36)
Rent:    [2, 57, 68, 72, 79, 95, 106, 107, 115]
Return:  [8, 10, 12, 27, 28, 30, 33, 37, 45, 46, 47, 50, 53, 55, 60, 66, 80, 82, 87, 88, 92, 104]
	⭕  Bike to 50 (1.0 min) +1
> 50 (20:36)
Rent:    [2, 57, 68, 72, 79, 95, 106, 107, 115]
Return:  [8, 10, 12, 27, 28, 30, 33, 37, 45, 46, 47, 50, 53, 55, 60, 66, 80, 82, 87, 88, 92, 104]
	⭕  Walk to 103 (4.9 min) 
> 103 (20:41)
Rent:    [2, 57, 68, 72, 79, 95, 106, 107, 115]
Return:  [8, 10, 12, 27, 28, 30, 33, 37, 45, 46, 47, 50, 53, 55, 60, 66, 80, 82, 87, 88, 92, 104]
	⭕  Bike to 8 (2.0 min) +1
> 8 (20:43)
Rent:    [2, 57, 68, 72, 79, 95, 106, 107, 115]
Return:  [8, 10, 12, 27, 28, 30, 33, 37, 45, 46, 47, 50, 53, 55, 60, 66, 80, 82, 87, 88, 92, 104]
	⭕  Walk to 4 (2.5 min) 
> 4 (20:46)
Rent:    [2, 57, 68, 72, 79, 95, 106, 107, 115]
Return:  [8, 10, 11, 12, 27, 28, 30, 33, 37, 45, 46, 47, 50, 53, 55, 60, 66, 80, 87, 92, 104, 118]
	⭕  Bike to 8 (1.4 min) +1
> 8 (20:47)
Rent:    [2, 57, 68, 72, 79, 95, 106, 107, 115]
Return:  [8, 10, 11, 12, 27, 28, 30, 33, 37, 45, 46, 47, 50, 53, 55, 60, 66, 80, 87, 92, 104, 118]
	⭕  Walk to 4 (2.5 min) 
> 4 (20:50)
Rent:    [2, 57, 68, 72, 79, 95, 106, 107, 115]
Return:  [8, 10, 11, 12, 27, 28, 30, 33, 37, 45, 46, 47, 50, 53, 55, 60, 66, 80, 87, 92, 104, 118]
	⭕  Bike to 8 (1.4 min) +1
> 8 (20:51)
Rent:    [2, 57, 68, 72, 79, 95, 106, 107, 115]
Return:  [8, 10, 11, 12, 27, 28, 30, 33, 37, 45, 46, 47, 50, 53, 55, 60, 66, 80, 87, 92, 104, 118]
	⭕  Walk to 4 (2.5 min) 
> 4 (20:54)
Rent:    [2, 57, 68, 72, 79, 95, 106, 107, 115]
Return:  [8, 10, 11, 12, 27, 28, 30, 33, 37, 45, 46, 47, 50, 53, 55, 60, 66, 80, 87, 92, 104, 118]
	⭕  Bike to 8 (1.4 min) +1
> 8 (20:55)
Rent:    [2, 57, 68, 72, 79, 95, 106, 107, 115]
Return:  [8, 10, 11, 12, 27, 28, 30, 33, 37, 45, 46, 47, 50, 53, 55, 60, 66, 80, 87, 92, 104, 118]
	⭕  Walk to 4 (2.5 min) 
> 4 (20:58)
Rent:    [2, 57, 68, 72, 79, 95, 106, 107, 115]
Return:  [8, 10, 11, 12, 27, 28, 30, 33, 37, 45, 46, 47, 50, 53, 55, 60, 66, 80, 87, 92, 104, 118]
	⭕  Bike to 8 (1.4 min) +1
> 8 (20:59)
Rent:    [2, 57, 68, 72, 79, 95, 106, 107, 115]
Return:  [8, 10, 11, 12, 27, 28, 30, 33, 37, 45, 46, 47, 50, 53, 55, 60, 66, 80, 87, 92, 104, 118]
	⭕  Walk to 103 (3.9 min) 
> 103 (21:03)
Rent:    [2, 57, 68, 72, 79, 95, 106, 107, 115]
Return:  [5, 8, 11, 12, 23, 27, 28, 30, 33, 37, 45, 46, 47, 50, 52, 53, 55, 59, 60, 66, 80, 87, 92, 104, 118, 121]
	⭕  Bike to 55 (2.1 min) +1
> 55 (21:05)
Rent:    [2, 57, 68, 72, 79, 95, 106, 107, 115]
Return:  [5, 8, 11, 12, 23, 27, 28, 30, 33, 37, 45, 46, 47, 50, 52, 53, 55, 59, 60, 66, 80, 87, 92, 104, 118, 121]
	⭕  Walk to 103 (3.4 min) 
> 103 (21:08)
Rent:    [2, 57, 68, 72, 79, 95, 106, 107, 115]
Return:  [5, 8, 11, 12, 23, 27, 28, 30, 33, 37, 45, 46, 47, 50, 52, 53, 55, 59, 60, 66, 80, 87, 92, 104, 118, 121]
	⭕  Bike to 55 (2.1 min) +1
> 55 (21:10)
Rent:    [2, 57, 68, 72, 79, 95, 106, 107, 115]
Return:  [5, 8, 11, 12, 23, 27, 28, 30, 33, 37, 45, 46, 47, 50, 52, 53, 55, 59, 60, 66, 80, 87, 92, 104, 118, 121]
	⭕  Walk to 103 (3.4 min) 
> 103 (21:14)
Rent:    [2, 57, 68, 72, 79, 95, 106, 107, 115]
Return:  [5, 8, 11, 12, 23, 27, 28, 30, 33, 37, 45, 46, 47, 50, 52, 53, 55, 59, 60, 66, 80, 87, 92, 104, 118, 121]
	⭕  Bike to 55 (2.1 min) +1
> 55 (21:16)
Rent:    [2, 57, 68, 72, 79, 95, 106, 107, 111, 115]
Return:  [5, 8, 10, 12, 23, 27, 28, 30, 33, 37, 45, 46, 47, 50, 52, 53, 55, 59, 60, 64, 66, 80, 82, 87, 88, 92, 104, 118, 121]
	⭕  Walk to 103 (3.4 min) 
> 103 (21:19)
Rent:    [2, 57, 68, 72, 79, 95, 106, 107, 111, 115]
Return:  [5, 8, 10, 12, 23, 27, 28, 30, 33, 37, 45, 46, 47, 50, 52, 53, 55, 59, 60, 64, 66, 80, 82, 87, 88, 92, 104, 118, 121]
	⭕  Bike to 55 (2.1 min) +1
> 55 (21:21)
Rent:    [2, 57, 68, 72, 79, 95, 106, 107, 111, 115]
Return:  [5, 8, 10, 12, 23, 27, 28, 30, 33, 37, 45, 46, 47, 50, 52, 53, 55, 59, 60, 64, 66, 80, 82, 87, 88, 92, 104, 118, 121]
	⭕  Walk to 103 (3.4 min) 
> 103 (21:25)
Rent:    [2, 57, 68, 72, 79, 95, 106, 107, 111, 115]
Return:  [5, 8, 10, 12, 23, 27, 28, 30, 33, 37, 45, 46, 47, 50, 52, 53, 55, 59, 60, 64, 66, 80, 82, 87, 88, 92, 104, 118, 121]
	⭕  Bike to 8 (2.0 min) +1
> 8 (21:27)
Rent:    [2, 57, 68, 72, 79, 95, 106, 107, 111, 115]
Return:  [5, 8, 10, 12, 23, 27, 28, 30, 33, 37, 45, 46, 47, 50, 52, 53, 55, 59, 60, 64, 66, 80, 82, 87, 88, 92, 104, 118, 121]
	⭕  Walk to 4 (2.5 min) 
> 4 (21:29)
Rent:    [2, 57, 68, 72, 79, 95, 106, 107, 111, 115]
Return:  [5, 8, 10, 12, 23, 27, 28, 30, 33, 37, 45, 46, 47, 50, 52, 53, 55, 59, 60, 64, 66, 80, 82, 87, 88, 92, 104, 118, 121]
	⭕  Bike to 8 (1.4 min) +1
> 8 (21:31)
Rent:    [2, 38, 57, 67, 72, 79, 95, 107, 115]
Return:  [5, 8, 10, 12, 26, 27, 28, 30, 33, 37, 46, 50, 52, 53, 55, 60, 64, 66, 87, 88, 92, 93, 104, 118, 121]
	⭕  Walk to 61 (4.6 min) 
> 61 (21:35)
Rent:    [2, 38, 57, 67, 72, 79, 95, 107, 115]
Return:  [5, 8, 10, 12, 26, 27, 28, 30, 33, 37, 46, 50, 52, 53, 55, 60, 64, 66, 87, 88, 92, 93, 104, 118, 121]
	⭕  Bike to 8 (2.3 min) +1
> 8 (21:38)
Rent:    [2, 38, 57, 67, 72, 79, 95, 107, 115]
Return:  [5, 8, 10, 12, 26, 27, 28, 30, 33, 37, 46, 50, 52, 53, 55, 60, 64, 66, 87, 88, 92, 93, 104, 118, 121]
	⭕  Walk to 4 (2.5 min) 
> 4 (21:40)
Rent:    [2, 38, 57, 67, 72, 79, 95, 107, 115]
Return:  [5, 8, 10, 12, 26, 27, 28, 30, 33, 37, 46, 50, 52, 53, 55, 60, 64, 66, 87, 88, 92, 93, 104, 118, 121]
	⭕  Bike to 8 (1.4 min) +1
> 8 (21:42)
Rent:    [2, 38, 57, 67, 72, 79, 95, 107, 115]
Return:  [5, 8, 10, 12, 26, 27, 28, 30, 33, 37, 46, 50, 52, 53, 55, 60, 64, 66, 87, 88, 92, 93, 104, 118, 121]
	⭕  Walk to 4 (2.5 min) 
> 4 (21:44)
Rent:    [2, 38, 57, 67, 72, 79, 95, 107, 115]
Return:  [5, 8, 10, 12, 26, 27, 28, 30, 33, 37, 46, 50, 52, 53, 55, 60, 64, 66, 87, 88, 92, 93, 104, 118, 121]
	⭕  Bike to 8 (1.4 min) +1
> 8 (21:45)
Rent:    [2, 38, 57, 67, 72, 79, 95, 106, 107, 115]
Return:  [8, 10, 24, 26, 27, 28, 30, 33, 37, 45, 46, 50, 52, 53, 55, 60, 66, 71, 77, 80, 82, 87, 88, 93, 104, 117, 118, 121]
	⭕  Walk to 4 (2.5 min) 
> 4 (21:48)
Rent:    [2, 38, 57, 67, 72, 79, 95, 106, 107, 115]
Return:  [8, 10, 24, 26, 27, 28, 30, 33, 37, 45, 46, 50, 52, 53, 55, 60, 66, 71, 77, 80, 82, 87, 88, 93, 104, 117, 118, 121]
	⭕  Bike to 33 (1.4 min) +1
> 33 (21:49)
Rent:    [2, 38, 57, 67, 72, 79, 95, 106, 107, 115]
Return:  [8, 10, 24, 26, 27, 28, 30, 33, 37, 45, 46, 50, 52, 53, 55, 60, 66, 71, 77, 80, 82, 87, 88, 93, 104, 117, 118, 121]
	⭕  Walk to 20 (3.2 min) 
> 20 (21:53)
Rent:    [2, 38, 57, 67, 72, 79, 95, 106, 107, 115]
Return:  [8, 10, 24, 26, 27, 28, 30, 33, 37, 45, 46, 50, 52, 53, 55, 60, 66, 71, 77, 80, 82, 87, 88, 93, 104, 117, 118, 121]
	⭕  Bike to 33 (1.8 min) +1
> 33 (21:54)
Rent:    [2, 38, 57, 67, 72, 79, 95, 106, 107, 115]
Return:  [8, 10, 24, 26, 27, 28, 30, 33, 37, 45, 46, 50, 52, 53, 55, 60, 66, 71, 77, 80, 82, 87, 88, 93, 104, 117, 118, 121]
	⭕  Walk to 20 (3.2 min) 
> 20 (21:57)
Rent:    [2, 38, 57, 67, 72, 79, 95, 106, 107, 115]
Return:  [8, 10, 24, 26, 27, 28, 30, 33, 37, 45, 46, 50, 52, 53, 55, 60, 66, 71, 77, 80, 82, 87, 88, 93, 104, 117, 118, 121]
	⭕  Bike to 33 (1.8 min) +1
> 33 (21:59)
Rent:    [2, 38, 57, 67, 72, 79, 95, 106, 107, 115]
Return:  [8, 10, 24, 26, 27, 28, 30, 33, 37, 45, 46, 50, 52, 53, 55, 60, 66, 71, 77, 80, 82, 87, 88, 93, 104, 117, 118, 121]
	⭕  Walk to 20 (3.2 min) 
> 20 (22:02)
Rent:    [2, 44, 54, 57, 67, 72, 79, 95, 106, 107, 114, 115]
Return:  [5, 8, 10, 12, 24, 26, 27, 28, 30, 33, 37, 45, 46, 50, 52, 53, 59, 60, 66, 71, 77, 80, 82, 87, 88, 93, 104, 117, 118, 121, 122]
	⭕  Bike to 33 (1.8 min) +1
> 33 (22:04)
Rent:    [2, 44, 54, 57, 67, 72, 79, 95, 106, 107, 114, 115]
Return:  [5, 8, 10, 12, 24, 26, 27, 28, 30, 33, 37, 45, 46, 50, 52, 53, 59, 60, 66, 71, 77, 80, 82, 87, 88, 93, 104, 117, 118, 121, 122]
	⭕  Walk to 20 (3.2 min) 
> 20 (22:07)
Rent:    [2, 44, 54, 57, 67, 72, 79, 95, 106, 107, 114, 115]
Return:  [5, 8, 10, 12, 24, 26, 27, 28, 30, 33, 37, 45, 46, 50, 52, 53, 59, 60, 66, 71, 77, 80, 82, 87, 88, 93, 104, 117, 118, 121, 122]
	⭕  Bike to 33 (1.8 min) +1
> 33 (22:09)
Rent:    [2, 44, 54, 57, 67, 72, 79, 95, 106, 107, 114, 115]
Return:  [5, 8, 10, 12, 24, 26, 27, 28, 30, 33, 37, 45, 46, 50, 52, 53, 59, 60, 66, 71, 77, 80, 82, 87, 88, 93, 104, 117, 118, 121, 122]
	⭕  Walk to 20 (3.2 min) 
> 20 (22:12)
Rent:    [2, 44, 54, 57, 67, 72, 79, 95, 106, 107, 114, 115]
Return:  [5, 8, 10, 12, 24, 26, 27, 28, 30, 33, 37, 45, 46, 50, 52, 53, 59, 60, 66, 71, 77, 80, 82, 87, 88, 93, 104, 117, 118, 121, 122]
	⭕  Bike to 33 (1.8 min) +1
> 33 (22:14)
Rent:    [2, 44, 54, 57, 67, 72, 79, 95, 106, 107, 114, 115]
Return:  [5, 8, 10, 12, 24, 26, 27, 28, 30, 33, 37, 45, 46, 50, 52, 53, 59, 60, 66, 71, 77, 80, 82, 87, 88, 93, 104, 117, 118, 121, 122]
	⭕  Walk to 61 (7.1 min) 
> 61 (22:21)
Rent:    [2, 17, 38, 54, 57, 67, 68, 72, 75, 95, 106, 107, 115]
Return:  [4, 5, 8, 10, 26, 27, 28, 30, 33, 37, 45, 46, 50, 52, 53, 59, 60, 64, 66, 71, 77, 80, 87, 88, 93, 104, 117, 118]
	⭕  Bike to 93 (1.4 min) +1
> 93 (22:23)
Rent:    [2, 17, 38, 54, 57, 67, 68, 72, 75, 95, 106, 107, 115]
Return:  [4, 5, 8, 10, 26, 27, 28, 30, 33, 37, 45, 46, 50, 52, 53, 59, 60, 64, 66, 71, 77, 80, 87, 88, 93, 104, 117, 118]
	⭕  Walk to 61 (3.8 min) 
> 61 (22:26)
Rent:    [2, 17, 38, 54, 57, 67, 68, 72, 75, 95, 106, 107, 115]
Return:  [4, 5, 8, 10, 26, 27, 28, 30, 33, 37, 45, 46, 50, 52, 53, 59, 60, 64, 66, 71, 77, 80, 87, 88, 93, 104, 117, 118]
	⭕  Bike to 4 (1.5 min) +1
> 4 (22:28)
Rent:    [2, 17, 38, 54, 57, 67, 68, 72, 75, 95, 106, 107, 115]
Return:  [4, 5, 8, 10, 26, 27, 28, 30, 33, 37, 45, 46, 50, 52, 53, 59, 60, 64, 66, 71, 77, 80, 87, 88, 93, 104, 117, 118]
	⭕  Walk to 61 (4.4 min) 
> 61 (22:32)
Rent:    [2, 17, 38, 54, 57, 67, 68, 72, 75, 76, 79, 95, 106, 107, 115]
Return:  [4, 5, 8, 10, 12, 24, 26, 27, 28, 30, 33, 37, 45, 46, 47, 50, 53, 59, 60, 64, 66, 77, 80, 82, 87, 88, 92, 93, 104, 117, 118, 121]
	⭕  Bike to 93 (1.4 min) +1
> 93 (22:34)
Rent:    [2, 17, 38, 54, 57, 67, 68, 72, 75, 76, 79, 95, 106, 107, 115]
Return:  [4, 5, 8, 10, 12, 24, 26, 27, 28, 30, 33, 37, 45, 46, 47, 50, 53, 59, 60, 64, 66, 77, 80, 82, 87, 88, 92, 93, 104, 117, 118, 121]
	⭕  Walk to 55 (6.2 min) 
> 55 (22:40)
Rent:    [2, 17, 38, 54, 57, 67, 68, 72, 75, 76, 79, 95, 106, 107, 115]
Return:  [4, 5, 8, 10, 12, 24, 26, 27, 28, 30, 33, 37, 45, 46, 47, 50, 53, 59, 60, 64, 66, 77, 80, 82, 87, 88, 92, 93, 104, 117, 118, 121]
	⭕  Bike to 87 (2.3 min) +1
> 87 (22:42)
Rent:    [2, 17, 38, 54, 57, 67, 68, 72, 75, 76, 79, 95, 106, 107, 115]
Return:  [4, 5, 8, 10, 12, 24, 26, 27, 28, 30, 33, 37, 45, 46, 47, 50, 53, 59, 60, 64, 66, 77, 80, 82, 87, 88, 92, 93, 104, 117, 118, 121]
	⭕  Walk to 103 (8.0 min) 
> 103 (22:50)
Rent:    [2, 38, 54, 57, 67, 68, 72, 76, 79, 94, 95, 98, 106, 107, 115]
Return:  [0, 5, 8, 10, 12, 24, 26, 27, 28, 30, 33, 37, 45, 46, 50, 53, 59, 60, 64, 66, 77, 80, 82, 87, 88, 92, 93, 104, 117, 121, 122]
	⭕  Bike to 8 (2.0 min) +1
> 8 (22:52)
Rent:    [2, 38, 54, 57, 67, 68, 72, 76, 79, 94, 95, 98, 106, 107, 115]
Return:  [0, 5, 8, 10, 12, 24, 26, 27, 28, 30, 33, 37, 45, 46, 50, 53, 59, 60, 64, 66, 77, 80, 82, 87, 88, 92, 93, 104, 117, 121, 122]
	🔵  End excursion
	⭕  Walk to 5 (2.6 min) 
> 5 (22:55)

---------- Excursion Complete ----------
End time: 22:55
Final station: 5
Bike count: 94
Walk count: 94
Wait count: 0
Total reward: 94
Seed: 1009739919

