Generated random seed: 200691914
---------- Starting Excursion -----------
Warmup time: 4.0 hours
Start time: 16:00 
Excursion time: 7.0 hours

> 1 (16:00)
Rent:    [54, 85, 106, 107]
Return:  [5, 10, 11, 21, 28, 29, 35, 37, 46, 52, 55, 60, 80, 82, 101]
	⭕  Bike to 55 (4.0 min) +1
> 55 (16:03)
Rent:    [54, 85, 106, 107]
Return:  [5, 10, 11, 21, 28, 29, 35, 37, 46, 52, 55, 60, 80, 82, 101]
	⭕  Walk to 53 (3.6 min) 
> 53 (16:07)
Rent:    [54, 85, 106, 107]
Return:  [5, 10, 11, 21, 28, 29, 35, 37, 46, 52, 55, 60, 80, 82, 101]
	⭕  Bike to 82 (2.9 min) +1
> 82 (16:10)
Rent:    [54, 85, 106, 107]
Return:  [5, 10, 11, 21, 28, 29, 35, 37, 46, 52, 55, 60, 80, 82, 101]
	⭕  Walk to 30 (2.3 min) 
> 30 (16:12)
Rent:    [54, 85, 106, 107]
Return:  [5, 10, 11, 21, 28, 29, 35, 37, 46, 52, 55, 60, 80, 82, 101]
	⭕  Bike to 82 (1.7 min) +1
> 82 (16:14)
Rent:    [54, 85, 106, 107]
Return:  [5, 10, 11, 21, 28, 29, 35, 37, 46, 52, 55, 60, 80, 82, 101]
	⭕  Walk to 30 (2.3 min) 
> 30 (16:16)
Rent:    [54, 72, 85, 106, 107]
Return:  [5, 10, 21, 23, 28, 29, 35, 37, 39, 46, 52, 55, 60, 80, 82, 93]
	⭕  Bike to 82 (1.7 min) +1
> 82 (16:18)
Rent:    [54, 72, 85, 106, 107]
Return:  [5, 10, 21, 23, 28, 29, 35, 37, 39, 46, 52, 55, 60, 80, 82, 93]
	⭕  Walk to 30 (2.3 min) 
> 30 (16:20)
Rent:    [54, 72, 85, 106, 107]
Return:  [5, 10, 21, 23, 28, 29, 35, 37, 39, 46, 52, 55, 60, 80, 82, 93]
	⭕  Bike to 82 (1.7 min) +1
> 82 (16:22)
Rent:    [54, 72, 85, 106, 107]
Return:  [5, 10, 21, 23, 28, 29, 35, 37, 39, 46, 52, 55, 60, 80, 82, 93]
	⭕  Walk to 30 (2.3 min) 
> 30 (16:24)
Rent:    [54, 72, 85, 106, 107]
Return:  [5, 10, 21, 23, 28, 29, 35, 37, 39, 46, 52, 55, 60, 80, 82, 93]
	⭕  Bike to 82 (1.7 min) +1
> 82 (16:26)
Rent:    [54, 72, 85, 106, 107]
Return:  [5, 10, 21, 23, 28, 29, 35, 37, 39, 46, 52, 55, 60, 80, 82, 93]
	⭕  Walk to 30 (2.3 min) 
> 30 (16:28)
Rent:    [54, 72, 85, 106, 107]
Return:  [5, 10, 21, 23, 28, 29, 35, 37, 39, 46, 52, 55, 60, 80, 82, 93]
	⭕  Bike to 82 (1.7 min) +1
> 82 (16:30)
Rent:    [54, 72, 106, 107]
Return:  [5, 7, 11, 21, 23, 28, 33, 37, 39, 46, 55, 60, 80, 82, 93]
	⭕  Walk to 30 (2.3 min) 
> 30 (16:32)
Rent:    [54, 72, 106, 107]
Return:  [5, 7, 11, 21, 23, 28, 33, 37, 39, 46, 55, 60, 80, 82, 93]
	⭕  Bike to 28 (2.5 min) +1
> 28 (16:35)
Rent:    [54, 72, 106, 107]
Return:  [5, 7, 11, 21, 23, 28, 33, 37, 39, 46, 55, 60, 80, 82, 93]
	⭕  Walk to 117 (2.3 min) 
> 117 (16:37)
Rent:    [54, 72, 106, 107]
Return:  [5, 7, 11, 21, 23, 28, 33, 37, 39, 46, 55, 60, 80, 82, 93]
	⭕  Bike to 28 (0.8 min) +1
> 28 (16:38)
Rent:    [54, 72, 106, 107]
Return:  [5, 7, 11, 21, 23, 28, 33, 37, 39, 46, 55, 60, 80, 82, 93]
	⭕  Walk to 117 (2.3 min) 
> 117 (16:40)
Rent:    [54, 72, 106, 107]
Return:  [5, 7, 11, 21, 23, 28, 33, 37, 39, 46, 55, 60, 80, 82, 93]
	⭕  Bike to 28 (0.8 min) +1
> 28 (16:41)
Rent:    [54, 72, 106, 107]
Return:  [5, 7, 11, 21, 23, 28, 33, 37, 39, 46, 55, 60, 80, 82, 93]
	⭕  Walk to 117 (2.3 min) 
> 117 (16:43)
Rent:    [54, 72, 106, 107]
Return:  [5, 7, 11, 21, 23, 28, 33, 37, 39, 46, 55, 60, 80, 82, 93]
	⭕  Bike to 28 (0.8 min) +1
> 28 (16:44)
Rent:    [54, 72, 106, 107]
Return:  [5, 7, 11, 21, 23, 28, 33, 37, 39, 46, 55, 60, 80, 82, 93]
	⭕  Walk to 117 (2.3 min) 
> 117 (16:46)
Rent:    [54, 72, 98, 106, 107]
Return:  [5, 7, 11, 21, 23, 26, 28, 33, 37, 39, 46, 55, 60, 80, 82, 93]
	⭕  Bike to 28 (0.8 min) +1
> 28 (16:47)
Rent:    [54, 72, 98, 106, 107]
Return:  [5, 7, 11, 21, 23, 26, 28, 33, 37, 39, 46, 55, 60, 80, 82, 93]
	⭕  Walk to 117 (2.3 min) 
> 117 (16:49)
Rent:    [54, 72, 98, 106, 107]
Return:  [5, 7, 11, 21, 23, 26, 28, 33, 37, 39, 46, 55, 60, 80, 82, 93]
	⭕  Bike to 28 (0.8 min) +1
> 28 (16:50)
Rent:    [54, 72, 98, 106, 107]
Return:  [5, 7, 11, 21, 23, 26, 28, 33, 37, 39, 46, 55, 60, 80, 82, 93]
	⭕  Walk to 117 (2.3 min) 
> 117 (16:52)
Rent:    [54, 72, 98, 106, 107]
Return:  [5, 7, 11, 21, 23, 26, 28, 33, 37, 39, 46, 55, 60, 80, 82, 93]
	⭕  Bike to 28 (0.8 min) +1
> 28 (16:53)
Rent:    [54, 72, 98, 106, 107]
Return:  [5, 7, 11, 21, 23, 26, 28, 33, 37, 39, 46, 55, 60, 80, 82, 93]
	⭕  Walk to 117 (2.3 min) 
> 117 (16:55)
Rent:    [54, 72, 98, 106, 107]
Return:  [5, 7, 11, 21, 23, 26, 28, 33, 37, 39, 46, 55, 60, 80, 82, 93]
	⭕  Bike to 28 (0.8 min) +1
> 28 (16:56)
Rent:    [54, 72, 98, 106, 107]
Return:  [5, 7, 11, 21, 23, 26, 28, 33, 37, 39, 46, 55, 60, 80, 82, 93]
	⭕  Walk to 117 (2.3 min) 
> 117 (16:58)
Rent:    [54, 72, 98, 106, 107]
Return:  [5, 7, 11, 21, 23, 26, 28, 33, 37, 39, 46, 55, 60, 80, 82, 93]
	⭕  Bike to 28 (0.8 min) +1
> 28 (16:59)
Rent:    [54, 72, 98, 106, 107]
Return:  [5, 7, 11, 21, 23, 26, 28, 33, 37, 39, 46, 55, 60, 80, 82, 93]
	⭕  Walk to 102 (3.0 min) 
> 102 (17:02)
Rent:    [32, 72, 98, 106, 107]
Return:  [5, 7, 26, 28, 29, 33, 37, 39, 45, 46, 55, 60, 80, 82, 93, 118, 124]
	⭕  Bike to 82 (1.4 min) +1
> 82 (17:04)
Rent:    [32, 72, 98, 106, 107]
Return:  [5, 7, 26, 28, 29, 33, 37, 39, 45, 46, 55, 60, 80, 82, 93, 118, 124]
	⭕  Walk to 30 (2.3 min) 
> 30 (17:06)
Rent:    [32, 72, 98, 106, 107]
Return:  [5, 7, 26, 28, 29, 33, 37, 39, 45, 46, 55, 60, 80, 82, 93, 118, 124]
	⭕  Bike to 82 (1.7 min) +1
> 82 (17:07)
Rent:    [32, 72, 98, 106, 107]
Return:  [5, 7, 26, 28, 29, 33, 37, 39, 45, 46, 55, 60, 80, 82, 93, 118, 124]
	⭕  Walk to 30 (2.3 min) 
> 30 (17:10)
Rent:    [32, 72, 98, 106, 107]
Return:  [5, 7, 26, 28, 29, 33, 37, 39, 45, 46, 55, 60, 80, 82, 93, 118, 124]
	⭕  Bike to 82 (1.7 min) +1
> 82 (17:11)
Rent:    [32, 72, 98, 106, 107]
Return:  [5, 7, 26, 28, 29, 33, 37, 39, 45, 46, 55, 60, 80, 82, 93, 118, 124]
	⭕  Walk to 30 (2.3 min) 
> 30 (17:14)
Rent:    [32, 72, 98, 106, 107]
Return:  [5, 7, 26, 28, 29, 33, 37, 39, 45, 46, 55, 60, 80, 82, 93, 118, 124]
	⭕  Bike to 82 (1.7 min) +1
> 82 (17:15)
Rent:    [32, 48, 72, 98, 106, 107]
Return:  [5, 7, 10, 21, 26, 28, 33, 37, 46, 55, 60, 77, 80, 82, 92, 93, 118, 124]
	⭕  Walk to 30 (2.3 min) 
> 30 (17:18)
Rent:    [32, 48, 72, 98, 106, 107]
Return:  [5, 7, 10, 21, 26, 28, 33, 37, 46, 55, 60, 77, 80, 82, 92, 93, 118, 124]
	⭕  Bike to 82 (1.7 min) +1
> 82 (17:19)
Rent:    [32, 48, 72, 98, 106, 107]
Return:  [5, 7, 10, 21, 26, 28, 33, 37, 46, 55, 60, 77, 80, 82, 92, 93, 118, 124]
	⭕  Walk to 30 (2.3 min) 
> 30 (17:22)
Rent:    [32, 48, 72, 98, 106, 107]
Return:  [5, 7, 10, 21, 26, 28, 33, 37, 46, 55, 60, 77, 80, 82, 92, 93, 118, 124]
	⭕  Bike to 82 (1.7 min) +1
> 82 (17:23)
Rent:    [32, 48, 72, 98, 106, 107]
Return:  [5, 7, 10, 21, 26, 28, 33, 37, 46, 55, 60, 77, 80, 82, 92, 93, 118, 124]
	⭕  Walk to 102 (4.1 min) 
> 102 (17:27)
Rent:    [32, 48, 72, 98, 106, 107]
Return:  [5, 7, 10, 21, 26, 28, 33, 37, 46, 55, 60, 77, 80, 82, 92, 93, 118, 124]
	⭕  Bike to 28 (0.9 min) +1
> 28 (17:28)
Rent:    [32, 48, 72, 98, 106, 107]
Return:  [5, 7, 10, 21, 26, 28, 33, 37, 46, 55, 60, 77, 80, 82, 92, 93, 118, 124]
	⭕  Walk to 102 (3.0 min) 
> 102 (17:31)
Rent:    [32, 54, 72, 98, 106, 107, 109]
Return:  [5, 21, 26, 28, 30, 33, 37, 46, 55, 60, 77, 80, 82, 87, 93, 101, 118, 124]
	⭕  Bike to 28 (0.9 min) +1
> 28 (17:32)
Rent:    [32, 54, 72, 98, 106, 107, 109]
Return:  [5, 21, 26, 28, 30, 33, 37, 46, 55, 60, 77, 80, 82, 87, 93, 101, 118, 124]
	⭕  Walk to 102 (3.0 min) 
> 102 (17:35)
Rent:    [32, 54, 72, 98, 106, 107, 109]
Return:  [5, 21, 26, 28, 30, 33, 37, 46, 55, 60, 77, 80, 82, 87, 93, 101, 118, 124]
	⭕  Bike to 28 (0.9 min) +1
> 28 (17:36)
Rent:    [32, 54, 72, 98, 106, 107, 109]
Return:  [5, 21, 26, 28, 30, 33, 37, 46, 55, 60, 77, 80, 82, 87, 93, 101, 118, 124]
	⭕  Walk to 102 (3.0 min) 
> 102 (17:39)
Rent:    [32, 54, 72, 98, 106, 107, 109]
Return:  [5, 21, 26, 28, 30, 33, 37, 46, 55, 60, 77, 80, 82, 87, 93, 101, 118, 124]
	⭕  Bike to 28 (0.9 min) +1
> 28 (17:40)
Rent:    [32, 54, 72, 98, 106, 107, 109]
Return:  [5, 21, 26, 28, 30, 33, 37, 46, 55, 60, 77, 80, 82, 87, 93, 101, 118, 124]
	⭕  Walk to 102 (3.0 min) 
> 102 (17:43)
Rent:    [32, 54, 72, 98, 106, 107, 109]
Return:  [5, 21, 26, 28, 30, 33, 37, 46, 55, 60, 77, 80, 82, 87, 93, 101, 118, 124]
	⭕  Bike to 28 (0.9 min) +1
> 28 (17:44)
Rent:    [32, 54, 72, 98, 106, 107, 109]
Return:  [5, 21, 26, 28, 30, 33, 37, 46, 55, 60, 77, 80, 82, 87, 93, 101, 118, 124]
	⭕  Walk to 102 (3.0 min) 
> 102 (17:47)
Rent:    [32, 54, 72, 98, 106, 107, 109]
Return:  [21, 28, 29, 30, 33, 37, 45, 46, 52, 53, 55, 60, 77, 82, 87, 88, 93, 101, 105, 118, 124]
	⭕  Bike to 28 (0.9 min) +1
> 28 (17:48)
Rent:    [32, 54, 72, 98, 106, 107, 109]
Return:  [21, 28, 29, 30, 33, 37, 45, 46, 52, 53, 55, 60, 77, 82, 87, 88, 93, 101, 105, 118, 124]
	⭕  Walk to 117 (2.3 min) 
> 117 (17:50)
Rent:    [32, 54, 72, 98, 106, 107, 109]
Return:  [21, 28, 29, 30, 33, 37, 45, 46, 52, 53, 55, 60, 77, 82, 87, 88, 93, 101, 105, 118, 124]
	⭕  Bike to 105 (0.8 min) +1
> 105 (17:51)
Rent:    [32, 54, 72, 98, 106, 107, 109]
Return:  [21, 28, 29, 30, 33, 37, 45, 46, 52, 53, 55, 60, 77, 82, 87, 88, 93, 101, 105, 118, 124]
	⭕  Walk to 27 (2.7 min) 
> 27 (17:54)
Rent:    [32, 54, 72, 98, 106, 107, 109]
Return:  [21, 28, 29, 30, 33, 37, 45, 46, 52, 53, 55, 60, 77, 82, 87, 88, 93, 101, 105, 118, 124]
	⭕  Bike to 105 (1.3 min) +1
> 105 (17:55)
Rent:    [32, 54, 72, 98, 106, 107, 109]
Return:  [21, 28, 29, 30, 33, 37, 45, 46, 52, 53, 55, 60, 77, 82, 87, 88, 93, 101, 105, 118, 124]
	⭕  Walk to 27 (2.7 min) 
> 27 (17:58)
Rent:    [32, 54, 72, 98, 106, 107, 109]
Return:  [21, 28, 29, 30, 33, 37, 45, 46, 52, 53, 55, 60, 77, 82, 87, 88, 93, 101, 105, 118, 124]
	⭕  Bike to 105 (1.3 min) +1
> 105 (17:59)
Rent:    [32, 54, 72, 98, 106, 107, 109]
Return:  [21, 28, 29, 30, 33, 37, 45, 46, 52, 53, 55, 60, 77, 82, 87, 88, 93, 101, 105, 118, 124]
	⭕  Walk to 27 (2.7 min) 
> 27 (18:02)
Rent:    [6, 32, 48, 54, 72, 98, 103, 106, 107, 109]
Return:  [21, 24, 26, 28, 30, 33, 37, 45, 46, 53, 59, 60, 77, 82, 87, 88, 90, 92, 93, 105, 118, 124]
	⭕  Bike to 105 (1.3 min) +1
> 105 (18:03)
Rent:    [6, 32, 48, 54, 72, 98, 103, 106, 107, 109]
Return:  [21, 24, 26, 28, 30, 33, 37, 45, 46, 53, 59, 60, 77, 82, 87, 88, 90, 92, 93, 105, 118, 124]
	⭕  Walk to 27 (2.7 min) 
> 27 (18:06)
Rent:    [6, 32, 48, 54, 72, 98, 103, 106, 107, 109]
Return:  [21, 24, 26, 28, 30, 33, 37, 45, 46, 53, 59, 60, 77, 82, 87, 88, 90, 92, 93, 105, 118, 124]
	⭕  Bike to 105 (1.3 min) +1
> 105 (18:07)
Rent:    [6, 32, 48, 54, 72, 98, 103, 106, 107, 109]
Return:  [21, 24, 26, 28, 30, 33, 37, 45, 46, 53, 59, 60, 77, 82, 87, 88, 90, 92, 93, 105, 118, 124]
	⭕  Walk to 27 (2.7 min) 
> 27 (18:10)
Rent:    [6, 32, 48, 54, 72, 98, 103, 106, 107, 109]
Return:  [21, 24, 26, 28, 30, 33, 37, 45, 46, 53, 59, 60, 77, 82, 87, 88, 90, 92, 93, 105, 118, 124]
	⭕  Bike to 28 (1.4 min) +1
> 28 (18:11)
Rent:    [6, 32, 48, 54, 72, 98, 103, 106, 107, 109]
Return:  [21, 24, 26, 28, 30, 33, 37, 45, 46, 53, 59, 60, 77, 82, 87, 88, 90, 92, 93, 105, 118, 124]
	⭕  Walk to 66 (4.3 min) 
> 66 (18:15)
Rent:    [6, 32, 54, 72, 98, 107, 109, 115]
Return:  [11, 19, 21, 24, 26, 27, 28, 30, 33, 37, 45, 46, 53, 59, 60, 77, 82, 88, 90, 92, 93, 105, 117, 118, 124]
	⭕  Bike to 82 (2.0 min) +1
> 82 (18:17)
Rent:    [6, 32, 54, 72, 98, 107, 109, 115]
Return:  [11, 19, 21, 24, 26, 27, 28, 30, 33, 37, 45, 46, 53, 59, 60, 77, 82, 88, 90, 92, 93, 105, 117, 118, 124]
	⭕  Walk to 87 (2.7 min) 
> 87 (18:20)
Rent:    [6, 32, 54, 72, 98, 107, 109, 115]
Return:  [11, 19, 21, 24, 26, 27, 28, 30, 33, 37, 45, 46, 53, 59, 60, 77, 82, 88, 90, 92, 93, 105, 117, 118, 124]
	⭕  Bike to 53 (0.6 min) +1
> 53 (18:21)
Rent:    [6, 32, 54, 72, 98, 107, 109, 115]
Return:  [11, 19, 21, 24, 26, 27, 28, 30, 33, 37, 45, 46, 53, 59, 60, 77, 82, 88, 90, 92, 93, 105, 117, 118, 124]
	⭕  Walk to 47 (2.7 min) 
> 47 (18:23)
Rent:    [6, 32, 54, 72, 98, 107, 109, 115]
Return:  [11, 19, 21, 24, 26, 27, 28, 30, 33, 37, 45, 46, 53, 59, 60, 77, 82, 88, 90, 92, 93, 105, 117, 118, 124]
	⭕  Bike to 53 (1.2 min) +1
> 53 (18:25)
Rent:    [6, 32, 54, 72, 98, 107, 109, 115]
Return:  [11, 19, 21, 24, 26, 27, 28, 30, 33, 37, 45, 46, 53, 59, 60, 77, 82, 88, 90, 92, 93, 105, 117, 118, 124]
	⭕  Walk to 47 (2.7 min) 
> 47 (18:27)
Rent:    [6, 32, 54, 72, 98, 107, 109, 115]
Return:  [11, 19, 21, 24, 26, 27, 28, 30, 33, 37, 45, 46, 53, 59, 60, 77, 82, 88, 90, 92, 93, 105, 117, 118, 124]
	⭕  Bike to 53 (1.2 min) +1
> 53 (18:28)
Rent:    [6, 32, 54, 72, 98, 107, 109, 115]
Return:  [11, 19, 21, 24, 26, 27, 28, 30, 33, 37, 45, 46, 53, 59, 60, 77, 82, 88, 90, 92, 93, 105, 117, 118, 124]
	⭕  Walk to 47 (2.7 min) 
> 47 (18:31)
Rent:    [6, 32, 54, 72, 85, 98, 107, 109, 115]
Return:  [5, 11, 19, 24, 27, 30, 33, 34, 37, 45, 46, 50, 53, 59, 60, 66, 77, 82, 88, 92, 93, 102, 104, 117, 118, 124]
	⭕  Bike to 53 (1.2 min) +1
> 53 (18:32)
Rent:    [6, 32, 54, 72, 85, 98, 107, 109, 115]
Return:  [5, 11, 19, 24, 27, 30, 33, 34, 37, 45, 46, 50, 53, 59, 60, 66, 77, 82, 88, 92, 93, 102, 104, 117, 118, 124]
	⭕  Walk to 47 (2.7 min) 
> 47 (18:35)
Rent:    [6, 32, 54, 72, 85, 98, 107, 109, 115]
Return:  [5, 11, 19, 24, 27, 30, 33, 34, 37, 45, 46, 50, 53, 59, 60, 66, 77, 82, 88, 92, 93, 102, 104, 117, 118, 124]
	⭕  Bike to 53 (1.2 min) +1
> 53 (18:36)
Rent:    [6, 32, 54, 72, 85, 98, 107, 109, 115]
Return:  [5, 11, 19, 24, 27, 30, 33, 34, 37, 45, 46, 50, 53, 59, 60, 66, 77, 82, 88, 92, 93, 102, 104, 117, 118, 124]
	⭕  Walk to 47 (2.7 min) 
> 47 (18:39)
Rent:    [6, 32, 54, 72, 85, 98, 107, 109, 115]
Return:  [5, 11, 19, 24, 27, 30, 33, 34, 37, 45, 46, 50, 53, 59, 60, 66, 77, 82, 88, 92, 93, 102, 104, 117, 118, 124]
	⭕  Bike to 53 (1.2 min) +1
> 53 (18:40)
Rent:    [6, 32, 54, 72, 85, 98, 107, 109, 115]
Return:  [5, 11, 19, 24, 27, 30, 33, 34, 37, 45, 46, 50, 53, 59, 60, 66, 77, 82, 88, 92, 93, 102, 104, 117, 118, 124]
	⭕  Walk to 47 (2.7 min) 
> 47 (18:43)
Rent:    [6, 32, 54, 72, 85, 98, 107, 109, 115]
Return:  [5, 11, 19, 24, 27, 30, 33, 34, 37, 45, 46, 50, 53, 59, 60, 66, 77, 82, 88, 92, 93, 102, 104, 117, 118, 124]
	⭕  Bike to 53 (1.2 min) +1
> 53 (18:44)
Rent:    [6, 32, 54, 72, 85, 98, 107, 109, 115]
Return:  [5, 11, 19, 24, 27, 30, 33, 34, 37, 45, 46, 50, 53, 59, 60, 66, 77, 82, 88, 92, 93, 102, 104, 117, 118, 124]
	⭕  Walk to 47 (2.7 min) 
> 47 (18:47)
Rent:    [32, 36, 54, 72, 98, 107, 109, 115]
Return:  [5, 19, 24, 26, 27, 33, 34, 35, 37, 39, 45, 46, 50, 53, 59, 60, 77, 82, 87, 88, 92, 93, 102, 104, 117, 118, 124]
	⭕  Bike to 53 (1.2 min) +1
> 53 (18:48)
Rent:    [32, 36, 54, 72, 98, 107, 109, 115]
Return:  [5, 19, 24, 26, 27, 33, 34, 35, 37, 39, 45, 46, 50, 53, 59, 60, 77, 82, 87, 88, 92, 93, 102, 104, 117, 118, 124]
	⭕  Walk to 47 (2.7 min) 
> 47 (18:51)
Rent:    [32, 36, 54, 72, 98, 107, 109, 115]
Return:  [5, 19, 24, 26, 27, 33, 34, 35, 37, 39, 45, 46, 50, 53, 59, 60, 77, 82, 87, 88, 92, 93, 102, 104, 117, 118, 124]
	⭕  Bike to 53 (1.2 min) +1
> 53 (18:52)
Rent:    [32, 36, 54, 72, 98, 107, 109, 115]
Return:  [5, 19, 24, 26, 27, 33, 34, 35, 37, 39, 45, 46, 50, 53, 59, 60, 77, 82, 87, 88, 92, 93, 102, 104, 117, 118, 124]
	⭕  Walk to 47 (2.7 min) 
> 47 (18:55)
Rent:    [32, 36, 54, 72, 98, 107, 109, 115]
Return:  [5, 19, 24, 26, 27, 33, 34, 35, 37, 39, 45, 46, 50, 53, 59, 60, 77, 82, 87, 88, 92, 93, 102, 104, 117, 118, 124]
	⭕  Bike to 53 (1.2 min) +1
> 53 (18:56)
Rent:    [32, 36, 54, 72, 98, 107, 109, 115]
Return:  [5, 19, 24, 26, 27, 33, 34, 35, 37, 39, 45, 46, 50, 53, 59, 60, 77, 82, 87, 88, 92, 93, 102, 104, 117, 118, 124]
	⭕  Walk to 47 (2.7 min) 
> 47 (18:59)
Rent:    [32, 36, 54, 72, 98, 107, 109, 115]
Return:  [5, 19, 24, 26, 27, 33, 34, 35, 37, 39, 45, 46, 50, 53, 59, 60, 77, 82, 87, 88, 92, 93, 102, 104, 117, 118, 124]
	⭕  Bike to 53 (1.2 min) +1
> 53 (19:00)
Rent:    [6, 32, 36, 54, 57, 72, 98, 99, 107, 109, 114, 115]
Return:  [5, 10, 11, 19, 24, 26, 27, 28, 33, 34, 35, 37, 45, 46, 50, 53, 55, 60, 66, 77, 82, 87, 88, 92, 93, 102, 104, 105, 117, 118, 124]
	⭕  Walk to 47 (2.7 min) 
> 47 (19:03)
Rent:    [6, 32, 36, 54, 57, 72, 98, 99, 107, 109, 114, 115]
Return:  [5, 10, 11, 19, 24, 26, 27, 28, 33, 34, 35, 37, 45, 46, 50, 53, 55, 60, 66, 77, 82, 87, 88, 92, 93, 102, 104, 105, 117, 118, 124]
	⭕  Bike to 53 (1.2 min) +1
> 53 (19:04)
Rent:    [6, 32, 36, 54, 57, 72, 98, 99, 107, 109, 114, 115]
Return:  [5, 10, 11, 19, 24, 26, 27, 28, 33, 34, 35, 37, 45, 46, 50, 53, 55, 60, 66, 77, 82, 87, 88, 92, 93, 102, 104, 105, 117, 118, 124]
	⭕  Walk to 47 (2.7 min) 
> 47 (19:06)
Rent:    [6, 32, 36, 54, 57, 72, 98, 99, 107, 109, 114, 115]
Return:  [5, 10, 11, 19, 24, 26, 27, 28, 33, 34, 35, 37, 45, 46, 50, 53, 55, 60, 66, 77, 82, 87, 88, 92, 93, 102, 104, 105, 117, 118, 124]
	⭕  Bike to 53 (1.2 min) +1
> 53 (19:08)
Rent:    [6, 32, 36, 54, 57, 72, 98, 99, 107, 109, 114, 115]
Return:  [5, 10, 11, 19, 24, 26, 27, 28, 33, 34, 35, 37, 45, 46, 50, 53, 55, 60, 66, 77, 82, 87, 88, 92, 93, 102, 104, 105, 117, 118, 124]
	⭕  Walk to 47 (2.7 min) 
> 47 (19:10)
Rent:    [6, 32, 36, 54, 57, 72, 98, 99, 107, 109, 114, 115]
Return:  [5, 10, 11, 19, 24, 26, 27, 28, 33, 34, 35, 37, 45, 46, 50, 53, 55, 60, 66, 77, 82, 87, 88, 92, 93, 102, 104, 105, 117, 118, 124]
	⭕  Bike to 53 (1.2 min) +1
> 53 (19:12)
Rent:    [6, 32, 36, 54, 57, 72, 98, 99, 107, 109, 114, 115]
Return:  [5, 10, 11, 19, 24, 26, 27, 28, 33, 34, 35, 37, 45, 46, 50, 53, 55, 60, 66, 77, 82, 87, 88, 92, 93, 102, 104, 105, 117, 118, 124]
	⭕  Walk to 47 (2.7 min) 
> 47 (19:14)
Rent:    [6, 32, 36, 54, 57, 72, 98, 99, 107, 109, 114, 115]
Return:  [5, 10, 11, 19, 24, 26, 27, 28, 33, 34, 35, 37, 45, 46, 50, 53, 55, 60, 66, 77, 82, 87, 88, 92, 93, 102, 104, 105, 117, 118, 124]
	⭕  Bike to 53 (1.2 min) +1
> 53 (19:15)
Rent:    [6, 36, 54, 57, 72, 98, 99, 106, 107, 109, 114, 115]
Return:  [5, 10, 11, 19, 20, 24, 26, 27, 28, 30, 33, 34, 35, 37, 45, 46, 50, 53, 55, 59, 60, 66, 77, 82, 87, 88, 92, 93, 102, 105, 117, 118, 124]
	⭕  Walk to 47 (2.7 min) 
> 47 (19:18)
Rent:    [6, 36, 54, 57, 72, 98, 99, 106, 107, 109, 114, 115]
Return:  [5, 10, 11, 19, 20, 24, 26, 27, 28, 30, 33, 34, 35, 37, 45, 46, 50, 53, 55, 59, 60, 66, 77, 82, 87, 88, 92, 93, 102, 105, 117, 118, 124]
	⭕  Bike to 53 (1.2 min) +1
> 53 (19:19)
Rent:    [6, 36, 54, 57, 72, 98, 99, 106, 107, 109, 114, 115]
Return:  [5, 10, 11, 19, 20, 24, 26, 27, 28, 30, 33, 34, 35, 37, 45, 46, 50, 53, 55, 59, 60, 66, 77, 82, 87, 88, 92, 93, 102, 105, 117, 118, 124]
	⭕  Walk to 47 (2.7 min) 
> 47 (19:22)
Rent:    [6, 36, 54, 57, 72, 98, 99, 106, 107, 109, 114, 115]
Return:  [5, 10, 11, 19, 20, 24, 26, 27, 28, 30, 33, 34, 35, 37, 45, 46, 50, 53, 55, 59, 60, 66, 77, 82, 87, 88, 92, 93, 102, 105, 117, 118, 124]
	⭕  Bike to 53 (1.2 min) +1
> 53 (19:23)
Rent:    [6, 36, 54, 57, 72, 98, 99, 106, 107, 109, 114, 115]
Return:  [5, 10, 11, 19, 20, 24, 26, 27, 28, 30, 33, 34, 35, 37, 45, 46, 50, 53, 55, 59, 60, 66, 77, 82, 87, 88, 92, 93, 102, 105, 117, 118, 124]
	⭕  Walk to 47 (2.7 min) 
> 47 (19:26)
Rent:    [6, 36, 54, 57, 72, 98, 99, 106, 107, 109, 114, 115]
Return:  [5, 10, 11, 19, 20, 24, 26, 27, 28, 30, 33, 34, 35, 37, 45, 46, 50, 53, 55, 59, 60, 66, 77, 82, 87, 88, 92, 93, 102, 105, 117, 118, 124]
	⭕  Bike to 53 (1.2 min) +1
> 53 (19:27)
Rent:    [6, 36, 54, 57, 72, 98, 99, 106, 107, 109, 114, 115]
Return:  [5, 10, 11, 19, 20, 24, 26, 27, 28, 30, 33, 34, 35, 37, 45, 46, 50, 53, 55, 59, 60, 66, 77, 82, 87, 88, 92, 93, 102, 105, 117, 118, 124]
	⭕  Walk to 47 (2.7 min) 
> 47 (19:30)
Rent:    [2, 6, 32, 36, 54, 57, 72, 75, 81, 98, 99, 107, 109, 114, 115]
Return:  [5, 10, 11, 19, 20, 21, 24, 26, 27, 28, 30, 33, 34, 35, 37, 45, 46, 50, 52, 53, 55, 59, 60, 66, 77, 82, 87, 88, 92, 93, 102, 105, 117, 118]
	⭕  Bike to 53 (1.2 min) +1
> 53 (19:31)
Rent:    [2, 6, 32, 36, 54, 57, 72, 75, 81, 98, 99, 107, 109, 114, 115]
Return:  [5, 10, 11, 19, 20, 21, 24, 26, 27, 28, 30, 33, 34, 35, 37, 45, 46, 50, 52, 53, 55, 59, 60, 66, 77, 82, 87, 88, 92, 93, 102, 105, 117, 118]
	⭕  Walk to 12 (3.4 min) 
> 12 (19:35)
Rent:    [2, 6, 32, 36, 54, 57, 72, 75, 81, 98, 99, 107, 109, 114, 115]
Return:  [5, 10, 11, 19, 20, 21, 24, 26, 27, 28, 30, 33, 34, 35, 37, 45, 46, 50, 52, 53, 55, 59, 60, 66, 77, 82, 87, 88, 92, 93, 102, 105, 117, 118]
	⭕  Bike to 93 (1.5 min) +1
> 93 (19:36)
Rent:    [2, 6, 32, 36, 54, 57, 72, 75, 81, 98, 99, 107, 109, 114, 115]
Return:  [5, 10, 11, 19, 20, 21, 24, 26, 27, 28, 30, 33, 34, 35, 37, 45, 46, 50, 52, 53, 55, 59, 60, 66, 77, 82, 87, 88, 92, 93, 102, 105, 117, 118]
	⭕  Walk to 12 (2.9 min) 
> 12 (19:39)
Rent:    [2, 6, 32, 36, 54, 57, 72, 75, 81, 98, 99, 107, 109, 114, 115]
Return:  [5, 10, 11, 19, 20, 21, 24, 26, 27, 28, 30, 33, 34, 35, 37, 45, 46, 50, 52, 53, 55, 59, 60, 66, 77, 82, 87, 88, 92, 93, 102, 105, 117, 118]
	⭕  Bike to 93 (1.5 min) +1
> 93 (19:40)
Rent:    [2, 6, 32, 36, 54, 57, 72, 75, 81, 98, 99, 107, 109, 114, 115]
Return:  [5, 10, 11, 19, 20, 21, 24, 26, 27, 28, 30, 33, 34, 35, 37, 45, 46, 50, 52, 53, 55, 59, 60, 66, 77, 82, 87, 88, 92, 93, 102, 105, 117, 118]
	⭕  Walk to 12 (2.9 min) 
> 12 (19:43)
Rent:    [2, 6, 32, 36, 54, 57, 72, 75, 81, 98, 99, 107, 109, 114, 115]
Return:  [5, 10, 11, 19, 20, 21, 24, 26, 27, 28, 30, 33, 34, 35, 37, 45, 46, 50, 52, 53, 55, 59, 60, 66, 77, 82, 87, 88, 92, 93, 102, 105, 117, 118]
	⭕  Bike to 53 (2.0 min) +1
> 53 (19:45)
Rent:    [2, 6, 32, 36, 54, 57, 72, 75, 81, 98, 100, 107, 114, 115]
Return:  [10, 11, 19, 24, 26, 27, 28, 30, 33, 34, 35, 37, 45, 46, 50, 53, 55, 60, 66, 77, 82, 87, 88, 92, 93, 102, 104, 105, 117, 118, 121, 124]
	⭕  Walk to 47 (2.7 min) 
> 47 (19:48)
Rent:    [2, 6, 32, 36, 54, 57, 72, 75, 81, 98, 100, 107, 114, 115]
Return:  [10, 11, 19, 24, 26, 27, 28, 30, 33, 34, 35, 37, 45, 46, 50, 53, 55, 60, 66, 77, 82, 87, 88, 92, 93, 102, 104, 105, 117, 118, 121, 124]
	⭕  Bike to 53 (1.2 min) +1
> 53 (19:49)
Rent:    [2, 6, 32, 36, 54, 57, 72, 75, 81, 98, 100, 107, 114, 115]
Return:  [10, 11, 19, 24, 26, 27, 28, 30, 33, 34, 35, 37, 45, 46, 50, 53, 55, 60, 66, 77, 82, 87, 88, 92, 93, 102, 104, 105, 117, 118, 121, 124]
	⭕  Walk to 47 (2.7 min) 
> 47 (19:52)
Rent:    [2, 6, 32, 36, 54, 57, 72, 75, 81, 98, 100, 107, 114, 115]
Return:  [10, 11, 19, 24, 26, 27, 28, 30, 33, 34, 35, 37, 45, 46, 50, 53, 55, 60, 66, 77, 82, 87, 88, 92, 93, 102, 104, 105, 117, 118, 121, 124]
	⭕  Bike to 53 (1.2 min) +1
> 53 (19:53)
Rent:    [2, 6, 32, 36, 54, 57, 72, 75, 81, 98, 100, 107, 114, 115]
Return:  [10, 11, 19, 24, 26, 27, 28, 30, 33, 34, 35, 37, 45, 46, 50, 53, 55, 60, 66, 77, 82, 87, 88, 92, 93, 102, 104, 105, 117, 118, 121, 124]
	⭕  Walk to 47 (2.7 min) 
> 47 (19:56)
Rent:    [2, 6, 32, 36, 54, 57, 72, 75, 81, 98, 100, 107, 114, 115]
Return:  [10, 11, 19, 24, 26, 27, 28, 30, 33, 34, 35, 37, 45, 46, 50, 53, 55, 60, 66, 77, 82, 87, 88, 92, 93, 102, 104, 105, 117, 118, 121, 124]
	⭕  Bike to 53 (1.2 min) +1
> 53 (19:57)
Rent:    [2, 6, 32, 36, 54, 57, 72, 75, 81, 98, 100, 107, 114, 115]
Return:  [10, 11, 19, 24, 26, 27, 28, 30, 33, 34, 35, 37, 45, 46, 50, 53, 55, 60, 66, 77, 82, 87, 88, 92, 93, 102, 104, 105, 117, 118, 121, 124]
	⭕  Walk to 47 (2.7 min) 
> 47 (20:00)
Rent:    [2, 6, 32, 36, 54, 57, 72, 75, 81, 98, 100, 107, 109, 115]
Return:  [5, 10, 24, 26, 27, 28, 30, 33, 34, 37, 45, 46, 47, 50, 53, 55, 60, 64, 66, 77, 82, 87, 88, 93, 102, 104, 117, 118, 121, 124]
	⭕  Bike to 53 (1.2 min) +1
> 53 (20:01)
Rent:    [2, 6, 32, 36, 54, 57, 72, 75, 81, 98, 100, 107, 109, 115]
Return:  [5, 10, 24, 26, 27, 28, 30, 33, 34, 37, 45, 46, 47, 50, 53, 55, 60, 64, 66, 77, 82, 87, 88, 93, 102, 104, 117, 118, 121, 124]
	⭕  Walk to 12 (3.4 min) 
> 12 (20:04)
Rent:    [2, 6, 32, 36, 54, 57, 72, 75, 81, 98, 100, 107, 109, 115]
Return:  [5, 10, 24, 26, 27, 28, 30, 33, 34, 37, 45, 46, 47, 50, 53, 55, 60, 64, 66, 77, 82, 87, 88, 93, 102, 104, 117, 118, 121, 124]
	⭕  Bike to 55 (1.8 min) +1
> 55 (20:06)
Rent:    [2, 6, 32, 36, 54, 57, 72, 75, 81, 98, 100, 107, 109, 115]
Return:  [5, 10, 24, 26, 27, 28, 30, 33, 34, 37, 45, 46, 47, 50, 53, 55, 60, 64, 66, 77, 82, 87, 88, 93, 102, 104, 117, 118, 121, 124]
	⭕  Walk to 103 (3.4 min) 
> 103 (20:10)
Rent:    [2, 6, 32, 36, 54, 57, 72, 75, 81, 98, 100, 107, 109, 115]
Return:  [5, 10, 24, 26, 27, 28, 30, 33, 34, 37, 45, 46, 47, 50, 53, 55, 60, 64, 66, 77, 82, 87, 88, 93, 102, 104, 117, 118, 121, 124]
	⭕  Bike to 55 (2.1 min) +1
> 55 (20:12)
Rent:    [2, 6, 32, 36, 54, 57, 72, 75, 81, 98, 100, 107, 109, 115]
Return:  [5, 10, 24, 26, 27, 28, 30, 33, 34, 37, 45, 46, 47, 50, 53, 55, 60, 64, 66, 77, 82, 87, 88, 93, 102, 104, 117, 118, 121, 124]
	⭕  Walk to 103 (3.4 min) 
> 103 (20:15)
Rent:    [2, 6, 32, 54, 57, 67, 72, 75, 81, 85, 98, 106, 107, 109, 114, 115]
Return:  [5, 10, 12, 24, 26, 27, 28, 30, 33, 34, 35, 37, 45, 46, 50, 53, 55, 59, 60, 61, 66, 77, 82, 87, 88, 92, 102, 104, 105, 117, 118, 121, 124]
	⭕  Bike to 55 (2.1 min) +1
> 55 (20:17)
Rent:    [2, 6, 32, 54, 57, 67, 72, 75, 81, 85, 98, 106, 107, 109, 114, 115]
Return:  [5, 10, 12, 24, 26, 27, 28, 30, 33, 34, 35, 37, 45, 46, 50, 53, 55, 59, 60, 61, 66, 77, 82, 87, 88, 92, 102, 104, 105, 117, 118, 121, 124]
	⭕  Walk to 103 (3.4 min) 
> 103 (20:21)
Rent:    [2, 6, 32, 54, 57, 67, 72, 75, 81, 85, 98, 106, 107, 109, 114, 115]
Return:  [5, 10, 12, 24, 26, 27, 28, 30, 33, 34, 35, 37, 45, 46, 50, 53, 55, 59, 60, 61, 66, 77, 82, 87, 88, 92, 102, 104, 105, 117, 118, 121, 124]
	⭕  Bike to 55 (2.1 min) +1
> 55 (20:23)
Rent:    [2, 6, 32, 54, 57, 67, 72, 75, 81, 85, 98, 106, 107, 109, 114, 115]
Return:  [5, 10, 12, 24, 26, 27, 28, 30, 33, 34, 35, 37, 45, 46, 50, 53, 55, 59, 60, 61, 66, 77, 82, 87, 88, 92, 102, 104, 105, 117, 118, 121, 124]
	⭕  Walk to 103 (3.4 min) 
> 103 (20:26)
Rent:    [2, 6, 32, 54, 57, 67, 72, 75, 81, 85, 98, 106, 107, 109, 114, 115]
Return:  [5, 10, 12, 24, 26, 27, 28, 30, 33, 34, 35, 37, 45, 46, 50, 53, 55, 59, 60, 61, 66, 77, 82, 87, 88, 92, 102, 104, 105, 117, 118, 121, 124]
	⭕  Bike to 55 (2.1 min) +1
> 55 (20:28)
Rent:    [2, 6, 32, 54, 57, 67, 72, 75, 81, 85, 98, 106, 107, 109, 114, 115]
Return:  [5, 10, 12, 24, 26, 27, 28, 30, 33, 34, 35, 37, 45, 46, 50, 53, 55, 59, 60, 61, 66, 77, 82, 87, 88, 92, 102, 104, 105, 117, 118, 121, 124]
	⭕  Walk to 103 (3.4 min) 
> 103 (20:32)
Rent:    [6, 32, 36, 54, 57, 67, 70, 72, 75, 81, 98, 100, 106, 107, 109, 114, 115]
Return:  [5, 10, 24, 26, 27, 28, 30, 33, 34, 35, 37, 45, 46, 50, 53, 55, 60, 61, 66, 82, 87, 88, 92, 102, 104, 105, 117, 118, 121]
	⭕  Bike to 55 (2.1 min) +1
> 55 (20:34)
Rent:    [6, 32, 36, 54, 57, 67, 70, 72, 75, 81, 98, 100, 106, 107, 109, 114, 115]
Return:  [5, 10, 24, 26, 27, 28, 30, 33, 34, 35, 37, 45, 46, 50, 53, 55, 60, 61, 66, 82, 87, 88, 92, 102, 104, 105, 117, 118, 121]
	⭕  Walk to 103 (3.4 min) 
> 103 (20:37)
Rent:    [6, 32, 36, 54, 57, 67, 70, 72, 75, 81, 98, 100, 106, 107, 109, 114, 115]
Return:  [5, 10, 24, 26, 27, 28, 30, 33, 34, 35, 37, 45, 46, 50, 53, 55, 60, 61, 66, 82, 87, 88, 92, 102, 104, 105, 117, 118, 121]
	⭕  Bike to 55 (2.1 min) +1
> 55 (20:39)
Rent:    [6, 32, 36, 54, 57, 67, 70, 72, 75, 81, 98, 100, 106, 107, 109, 114, 115]
Return:  [5, 10, 24, 26, 27, 28, 30, 33, 34, 35, 37, 45, 46, 50, 53, 55, 60, 61, 66, 82, 87, 88, 92, 102, 104, 105, 117, 118, 121]
	⭕  Walk to 103 (3.4 min) 
> 103 (20:43)
Rent:    [6, 32, 36, 54, 57, 67, 70, 72, 75, 81, 98, 100, 106, 107, 109, 114, 115]
Return:  [5, 10, 24, 26, 27, 28, 30, 33, 34, 35, 37, 45, 46, 50, 53, 55, 60, 61, 66, 82, 87, 88, 92, 102, 104, 105, 117, 118, 121]
	⭕  Bike to 55 (2.1 min) +1
> 55 (20:45)
Rent:    [6, 32, 36, 43, 54, 57, 67, 70, 75, 81, 98, 100, 106, 107, 109, 115]
Return:  [5, 7, 26, 27, 28, 30, 33, 34, 35, 37, 45, 46, 47, 50, 53, 55, 60, 61, 66, 77, 82, 87, 88, 92, 93, 102, 104, 105, 117, 118, 121, 124]
	⭕  Walk to 12 (4.7 min) 
> 12 (20:50)
Rent:    [6, 32, 36, 43, 54, 57, 67, 70, 75, 81, 98, 100, 106, 107, 109, 115]
Return:  [5, 7, 26, 27, 28, 30, 33, 34, 35, 37, 45, 46, 47, 50, 53, 55, 60, 61, 66, 77, 82, 87, 88, 92, 93, 102, 104, 105, 117, 118, 121, 124]
	⭕  Bike to 93 (1.5 min) +1
> 93 (20:51)
Rent:    [6, 32, 36, 43, 54, 57, 67, 70, 75, 81, 98, 100, 106, 107, 109, 115]
Return:  [5, 7, 26, 27, 28, 30, 33, 34, 35, 37, 45, 46, 47, 50, 53, 55, 60, 61, 66, 77, 82, 87, 88, 92, 93, 102, 104, 105, 117, 118, 121, 124]
	⭕  Walk to 8 (5.9 min) 
> 8 (20:57)
Rent:    [6, 32, 36, 43, 54, 57, 67, 70, 75, 81, 98, 100, 106, 107, 109, 115]
Return:  [5, 7, 26, 27, 28, 30, 33, 34, 35, 37, 45, 46, 47, 50, 53, 55, 60, 61, 66, 77, 82, 87, 88, 92, 93, 102, 104, 105, 117, 118, 121, 124]
	⭕  Bike to 5 (1.9 min) +1
> 5 (20:59)
Rent:    [6, 32, 36, 43, 54, 57, 67, 70, 75, 81, 98, 100, 106, 107, 109, 115]
Return:  [5, 7, 26, 27, 28, 30, 33, 34, 35, 37, 45, 46, 47, 50, 53, 55, 60, 61, 66, 77, 82, 87, 88, 92, 93, 102, 104, 105, 117, 118, 121, 124]
	⭕  Walk to 8 (2.6 min) 
> 8 (21:02)
Rent:    [2, 6, 32, 36, 43, 54, 57, 67, 70, 75, 98, 100, 106, 107, 109, 114, 115]
Return:  [3, 5, 7, 10, 12, 20, 21, 24, 27, 28, 37, 45, 46, 47, 50, 53, 55, 60, 61, 66, 77, 82, 87, 88, 92, 93, 102, 104, 105, 117, 118, 121, 124]
	⭕  Bike to 5 (1.9 min) +1
> 5 (21:03)
Rent:    [2, 6, 32, 36, 43, 54, 57, 67, 70, 75, 98, 100, 106, 107, 109, 114, 115]
Return:  [3, 5, 7, 10, 12, 20, 21, 24, 27, 28, 37, 45, 46, 47, 50, 53, 55, 60, 61, 66, 77, 82, 87, 88, 92, 93, 102, 104, 105, 117, 118, 121, 124]
	⭕  Walk to 8 (2.6 min) 
> 8 (21:06)
Rent:    [2, 6, 32, 36, 43, 54, 57, 67, 70, 75, 98, 100, 106, 107, 109, 114, 115]
Return:  [3, 5, 7, 10, 12, 20, 21, 24, 27, 28, 37, 45, 46, 47, 50, 53, 55, 60, 61, 66, 77, 82, 87, 88, 92, 93, 102, 104, 105, 117, 118, 121, 124]
	⭕  Bike to 5 (1.9 min) +1
> 5 (21:08)
Rent:    [2, 6, 32, 36, 43, 54, 57, 67, 70, 75, 98, 100, 106, 107, 109, 114, 115]
Return:  [3, 5, 7, 10, 12, 20, 21, 24, 27, 28, 37, 45, 46, 47, 50, 53, 55, 60, 61, 66, 77, 82, 87, 88, 92, 93, 102, 104, 105, 117, 118, 121, 124]
	⭕  Walk to 33 (3.0 min) 
> 33 (21:11)
Rent:    [2, 6, 32, 36, 43, 54, 57, 67, 70, 75, 98, 100, 106, 107, 109, 114, 115]
Return:  [3, 5, 7, 10, 12, 20, 21, 24, 27, 28, 37, 45, 46, 47, 50, 53, 55, 60, 61, 66, 77, 82, 87, 88, 92, 93, 102, 104, 105, 117, 118, 121, 124]
	⭕  Bike to 5 (0.9 min) +1
> 5 (21:12)
Rent:    [2, 6, 32, 36, 43, 54, 57, 67, 70, 75, 98, 100, 106, 107, 109, 114, 115]
Return:  [3, 5, 7, 10, 12, 20, 21, 24, 27, 28, 37, 45, 46, 47, 50, 53, 55, 60, 61, 66, 77, 82, 87, 88, 92, 93, 102, 104, 105, 117, 118, 121, 124]
	⭕  Walk to 8 (2.6 min) 
> 8 (21:15)
Rent:    [2, 6, 32, 36, 54, 57, 67, 70, 72, 75, 81, 98, 100, 106, 107, 109, 114, 115]
Return:  [3, 5, 10, 20, 24, 27, 30, 33, 37, 46, 50, 53, 55, 60, 61, 64, 66, 74, 77, 80, 82, 87, 88, 92, 93, 102, 104, 105, 117, 118, 121, 124]
	⭕  Bike to 5 (1.9 min) +1
> 5 (21:17)
Rent:    [2, 6, 32, 36, 54, 57, 67, 70, 72, 75, 81, 98, 100, 106, 107, 109, 114, 115]
Return:  [3, 5, 10, 20, 24, 27, 30, 33, 37, 46, 50, 53, 55, 60, 61, 64, 66, 74, 77, 80, 82, 87, 88, 92, 93, 102, 104, 105, 117, 118, 121, 124]
	⭕  Walk to 8 (2.6 min) 
> 8 (21:19)
Rent:    [2, 6, 32, 36, 54, 57, 67, 70, 72, 75, 81, 98, 100, 106, 107, 109, 114, 115]
Return:  [3, 5, 10, 20, 24, 27, 30, 33, 37, 46, 50, 53, 55, 60, 61, 64, 66, 74, 77, 80, 82, 87, 88, 92, 93, 102, 104, 105, 117, 118, 121, 124]
	⭕  Bike to 5 (1.9 min) +1
> 5 (21:21)
Rent:    [2, 6, 32, 36, 54, 57, 67, 70, 72, 75, 81, 98, 100, 106, 107, 109, 114, 115]
Return:  [3, 5, 10, 20, 24, 27, 30, 33, 37, 46, 50, 53, 55, 60, 61, 64, 66, 74, 77, 80, 82, 87, 88, 92, 93, 102, 104, 105, 117, 118, 121, 124]
	⭕  Walk to 4 (3.8 min) 
> 4 (21:25)
Rent:    [2, 6, 32, 36, 54, 57, 67, 70, 72, 75, 81, 98, 100, 106, 107, 109, 114, 115]
Return:  [3, 5, 10, 20, 24, 27, 30, 33, 37, 46, 50, 53, 55, 60, 61, 64, 66, 74, 77, 80, 82, 87, 88, 92, 93, 102, 104, 105, 117, 118, 121, 124]
	⭕  Bike to 33 (1.4 min) +1
> 33 (21:26)
Rent:    [2, 6, 32, 36, 54, 57, 67, 70, 72, 75, 81, 98, 100, 106, 107, 109, 114, 115]
Return:  [3, 5, 10, 20, 24, 27, 30, 33, 37, 46, 50, 53, 55, 60, 61, 64, 66, 74, 77, 80, 82, 87, 88, 92, 93, 102, 104, 105, 117, 118, 121, 124]
	⭕  Walk to 4 (2.8 min) 
> 4 (21:29)
Rent:    [2, 6, 32, 36, 54, 57, 67, 70, 72, 75, 81, 98, 100, 106, 107, 109, 114, 115]
Return:  [3, 5, 10, 20, 24, 27, 30, 33, 37, 46, 50, 53, 55, 60, 61, 64, 66, 74, 77, 80, 82, 87, 88, 92, 93, 102, 104, 105, 117, 118, 121, 124]
	⭕  Bike to 33 (1.4 min) +1
> 33 (21:31)
Rent:    [2, 6, 32, 36, 54, 67, 70, 72, 75, 81, 98, 99, 100, 106, 107, 114, 115]
Return:  [3, 5, 10, 20, 21, 24, 26, 27, 28, 30, 33, 34, 37, 45, 46, 47, 50, 53, 55, 60, 61, 66, 74, 77, 80, 82, 87, 88, 92, 93, 102, 117, 121, 124]
	⭕  Walk to 4 (2.8 min) 
> 4 (21:33)
Rent:    [2, 6, 32, 36, 54, 67, 70, 72, 75, 81, 98, 99, 100, 106, 107, 114, 115]
Return:  [3, 5, 10, 20, 21, 24, 26, 27, 28, 30, 33, 34, 37, 45, 46, 47, 50, 53, 55, 60, 61, 66, 74, 77, 80, 82, 87, 88, 92, 93, 102, 117, 121, 124]
	⭕  Bike to 33 (1.4 min) +1
> 33 (21:35)
Rent:    [2, 6, 32, 36, 54, 67, 70, 72, 75, 81, 98, 99, 100, 106, 107, 114, 115]
Return:  [3, 5, 10, 20, 21, 24, 26, 27, 28, 30, 33, 34, 37, 45, 46, 47, 50, 53, 55, 60, 61, 66, 74, 77, 80, 82, 87, 88, 92, 93, 102, 117, 121, 124]
	⭕  Walk to 4 (2.8 min) 
> 4 (21:37)
Rent:    [2, 6, 32, 36, 54, 67, 70, 72, 75, 81, 98, 99, 100, 106, 107, 114, 115]
Return:  [3, 5, 10, 20, 21, 24, 26, 27, 28, 30, 33, 34, 37, 45, 46, 47, 50, 53, 55, 60, 61, 66, 74, 77, 80, 82, 87, 88, 92, 93, 102, 117, 121, 124]
	⭕  Bike to 33 (1.4 min) +1
> 33 (21:39)
Rent:    [2, 6, 32, 36, 54, 67, 70, 72, 75, 81, 98, 99, 100, 106, 107, 114, 115]
Return:  [3, 5, 10, 20, 21, 24, 26, 27, 28, 30, 33, 34, 37, 45, 46, 47, 50, 53, 55, 60, 61, 66, 74, 77, 80, 82, 87, 88, 92, 93, 102, 117, 121, 124]
	⭕  Walk to 4 (2.8 min) 
> 4 (21:42)
Rent:    [2, 6, 32, 36, 54, 67, 70, 72, 75, 81, 98, 99, 100, 106, 107, 114, 115]
Return:  [3, 5, 10, 20, 21, 24, 26, 27, 28, 30, 33, 34, 37, 45, 46, 47, 50, 53, 55, 60, 61, 66, 74, 77, 80, 82, 87, 88, 92, 93, 102, 117, 121, 124]
	⭕  Bike to 33 (1.4 min) +1
> 33 (21:43)
Rent:    [2, 6, 32, 36, 54, 67, 70, 72, 75, 81, 98, 99, 100, 106, 107, 114, 115]
Return:  [3, 5, 10, 20, 21, 24, 26, 27, 28, 30, 33, 34, 37, 45, 46, 47, 50, 53, 55, 60, 61, 66, 74, 77, 80, 82, 87, 88, 92, 93, 102, 117, 121, 124]
	⭕  Walk to 4 (2.8 min) 
> 4 (21:46)
Rent:    [2, 6, 32, 36, 54, 67, 70, 72, 75, 98, 99, 100, 106, 107, 112, 115]
Return:  [5, 9, 10, 19, 20, 21, 24, 26, 27, 28, 30, 33, 34, 37, 45, 46, 47, 50, 53, 55, 60, 61, 64, 66, 74, 77, 80, 87, 88, 92, 93, 102, 117, 121, 124]
	⭕  Bike to 33 (1.4 min) +1
> 33 (21:47)
Rent:    [2, 6, 32, 36, 54, 67, 70, 72, 75, 98, 99, 100, 106, 107, 112, 115]
Return:  [5, 9, 10, 19, 20, 21, 24, 26, 27, 28, 30, 33, 34, 37, 45, 46, 47, 50, 53, 55, 60, 61, 64, 66, 74, 77, 80, 87, 88, 92, 93, 102, 117, 121, 124]
	⭕  Walk to 4 (2.8 min) 
> 4 (21:50)
Rent:    [2, 6, 32, 36, 54, 67, 70, 72, 75, 98, 99, 100, 106, 107, 112, 115]
Return:  [5, 9, 10, 19, 20, 21, 24, 26, 27, 28, 30, 33, 34, 37, 45, 46, 47, 50, 53, 55, 60, 61, 64, 66, 74, 77, 80, 87, 88, 92, 93, 102, 117, 121, 124]
	⭕  Bike to 33 (1.4 min) +1
> 33 (21:52)
Rent:    [2, 6, 32, 36, 54, 67, 70, 72, 75, 98, 99, 100, 106, 107, 112, 115]
Return:  [5, 9, 10, 19, 20, 21, 24, 26, 27, 28, 30, 33, 34, 37, 45, 46, 47, 50, 53, 55, 60, 61, 64, 66, 74, 77, 80, 87, 88, 92, 93, 102, 117, 121, 124]
	⭕  Walk to 4 (2.8 min) 
> 4 (21:54)
Rent:    [2, 6, 32, 36, 54, 67, 70, 72, 75, 98, 99, 100, 106, 107, 112, 115]
Return:  [5, 9, 10, 19, 20, 21, 24, 26, 27, 28, 30, 33, 34, 37, 45, 46, 47, 50, 53, 55, 60, 61, 64, 66, 74, 77, 80, 87, 88, 92, 93, 102, 117, 121, 124]
	⭕  Bike to 33 (1.4 min) +1
> 33 (21:56)
Rent:    [2, 6, 32, 36, 54, 67, 70, 72, 75, 98, 99, 100, 106, 107, 112, 115]
Return:  [5, 9, 10, 19, 20, 21, 24, 26, 27, 28, 30, 33, 34, 37, 45, 46, 47, 50, 53, 55, 60, 61, 64, 66, 74, 77, 80, 87, 88, 92, 93, 102, 117, 121, 124]
	⭕  Walk to 4 (2.8 min) 
> 4 (21:58)
Rent:    [2, 6, 32, 36, 54, 67, 70, 72, 75, 98, 99, 100, 106, 107, 112, 115]
Return:  [5, 9, 10, 19, 20, 21, 24, 26, 27, 28, 30, 33, 34, 37, 45, 46, 47, 50, 53, 55, 60, 61, 64, 66, 74, 77, 80, 87, 88, 92, 93, 102, 117, 121, 124]
	⭕  Bike to 33 (1.4 min) +1
> 33 (22:00)
Rent:    [2, 6, 36, 54, 67, 70, 72, 75, 98, 99, 100, 106, 107, 112, 114, 115]
Return:  [5, 7, 9, 10, 20, 21, 24, 26, 27, 28, 30, 33, 34, 37, 45, 46, 50, 53, 55, 59, 60, 61, 66, 74, 77, 80, 87, 88, 92, 93, 117, 118, 121, 124]
	⭕  Walk to 4 (2.8 min) 
> 4 (22:03)
Rent:    [2, 6, 36, 54, 67, 70, 72, 75, 98, 99, 100, 106, 107, 112, 114, 115]
Return:  [5, 7, 9, 10, 20, 21, 24, 26, 27, 28, 30, 33, 34, 37, 45, 46, 50, 53, 55, 59, 60, 61, 66, 74, 77, 80, 87, 88, 92, 93, 117, 118, 121, 124]
	⭕  Bike to 33 (1.4 min) +1
> 33 (22:04)
Rent:    [2, 6, 36, 54, 67, 70, 72, 75, 98, 99, 100, 106, 107, 112, 114, 115]
Return:  [5, 7, 9, 10, 20, 21, 24, 26, 27, 28, 30, 33, 34, 37, 45, 46, 50, 53, 55, 59, 60, 61, 66, 74, 77, 80, 87, 88, 92, 93, 117, 118, 121, 124]
	⭕  Walk to 104 (5.0 min) 
> 104 (22:09)
Rent:    [2, 6, 36, 54, 67, 70, 72, 75, 98, 99, 100, 106, 107, 112, 114, 115]
Return:  [5, 7, 9, 10, 20, 21, 24, 26, 27, 28, 30, 33, 34, 37, 45, 46, 50, 53, 55, 59, 60, 61, 66, 74, 77, 80, 87, 88, 92, 93, 117, 118, 121, 124]
	⭕  Bike to 5 (1.3 min) +1
> 5 (22:10)
Rent:    [2, 6, 36, 54, 67, 70, 72, 75, 98, 99, 100, 106, 107, 112, 114, 115]
Return:  [5, 7, 9, 10, 20, 21, 24, 26, 27, 28, 30, 33, 34, 37, 45, 46, 50, 53, 55, 59, 60, 61, 66, 74, 77, 80, 87, 88, 92, 93, 117, 118, 121, 124]
	⭕  Walk to 8 (2.6 min) 
> 8 (22:13)
Rent:    [2, 6, 36, 54, 67, 70, 72, 75, 98, 99, 100, 106, 107, 112, 114, 115]
Return:  [5, 7, 9, 10, 20, 21, 24, 26, 27, 28, 30, 33, 34, 37, 45, 46, 50, 53, 55, 59, 60, 61, 66, 74, 77, 80, 87, 88, 92, 93, 117, 118, 121, 124]
	⭕  Bike to 5 (1.9 min) +1
> 5 (22:15)
Rent:    [2, 6, 54, 57, 67, 70, 72, 75, 95, 98, 99, 100, 106, 107, 112, 114, 115]
Return:  [5, 7, 9, 20, 21, 24, 27, 28, 30, 33, 34, 37, 45, 46, 50, 53, 55, 60, 61, 64, 66, 77, 80, 82, 87, 88, 92, 93, 104, 117, 124]
	⭕  Walk to 4 (3.8 min) 
> 4 (22:19)
Rent:    [2, 6, 54, 57, 67, 70, 72, 75, 95, 98, 99, 100, 106, 107, 112, 114, 115]
Return:  [5, 7, 9, 20, 21, 24, 27, 28, 30, 33, 34, 37, 45, 46, 50, 53, 55, 60, 61, 64, 66, 77, 80, 82, 87, 88, 92, 93, 104, 117, 124]
	⭕  Bike to 33 (1.4 min) +1
> 33 (22:20)
Rent:    [2, 6, 54, 57, 67, 70, 72, 75, 95, 98, 99, 100, 106, 107, 112, 114, 115]
Return:  [5, 7, 9, 20, 21, 24, 27, 28, 30, 33, 34, 37, 45, 46, 50, 53, 55, 60, 61, 64, 66, 77, 80, 82, 87, 88, 92, 93, 104, 117, 124]
	⭕  Walk to 4 (2.8 min) 
> 4 (22:23)
Rent:    [2, 6, 54, 57, 67, 70, 72, 75, 95, 98, 99, 100, 106, 107, 112, 114, 115]
Return:  [5, 7, 9, 20, 21, 24, 27, 28, 30, 33, 34, 37, 45, 46, 50, 53, 55, 60, 61, 64, 66, 77, 80, 82, 87, 88, 92, 93, 104, 117, 124]
	⭕  Bike to 33 (1.4 min) +1
> 33 (22:24)
Rent:    [2, 6, 54, 57, 67, 70, 72, 75, 95, 98, 99, 100, 106, 107, 112, 114, 115]
Return:  [5, 7, 9, 20, 21, 24, 27, 28, 30, 33, 34, 37, 45, 46, 50, 53, 55, 60, 61, 64, 66, 77, 80, 82, 87, 88, 92, 93, 104, 117, 124]
	⭕  Walk to 4 (2.8 min) 
> 4 (22:27)
Rent:    [2, 6, 54, 57, 67, 70, 72, 75, 95, 98, 99, 100, 106, 107, 112, 114, 115]
Return:  [5, 7, 9, 20, 21, 24, 27, 28, 30, 33, 34, 37, 45, 46, 50, 53, 55, 60, 61, 64, 66, 77, 80, 82, 87, 88, 92, 93, 104, 117, 124]
	⭕  Bike to 33 (1.4 min) +1
> 33 (22:29)
Rent:    [2, 6, 54, 57, 67, 70, 72, 75, 95, 98, 99, 100, 106, 107, 112, 114, 115]
Return:  [5, 7, 9, 20, 21, 24, 27, 28, 30, 33, 34, 37, 45, 46, 50, 53, 55, 60, 61, 64, 66, 77, 80, 82, 87, 88, 92, 93, 104, 117, 124]
	⭕  Walk to 104 (5.0 min) 
> 104 (22:34)
Rent:    [2, 6, 43, 44, 54, 57, 70, 72, 95, 98, 99, 100, 107, 112, 114, 115]
Return:  [3, 7, 9, 19, 20, 21, 24, 26, 27, 28, 30, 33, 34, 39, 45, 46, 50, 53, 55, 60, 61, 64, 66, 74, 77, 80, 82, 87, 88, 92, 93, 118, 124]
	⭕  Bike to 50 (1.4 min) +1
> 50 (22:35)
Rent:    [2, 6, 43, 44, 54, 57, 70, 72, 95, 98, 99, 100, 107, 112, 114, 115]
Return:  [3, 7, 9, 19, 20, 21, 24, 26, 27, 28, 30, 33, 34, 39, 45, 46, 50, 53, 55, 60, 61, 64, 66, 74, 77, 80, 82, 87, 88, 92, 93, 118, 124]
	⭕  Walk to 5 (2.5 min) 
> 5 (22:38)
Rent:    [2, 6, 43, 44, 54, 57, 70, 72, 95, 98, 99, 100, 107, 112, 114, 115]
Return:  [3, 7, 9, 19, 20, 21, 24, 26, 27, 28, 30, 33, 34, 39, 45, 46, 50, 53, 55, 60, 61, 64, 66, 74, 77, 80, 82, 87, 88, 92, 93, 118, 124]
	⭕  Bike to 55 (2.5 min) +1
> 55 (22:40)
Rent:    [2, 6, 43, 44, 54, 57, 70, 72, 95, 98, 99, 100, 107, 112, 114, 115]
Return:  [3, 7, 9, 19, 20, 21, 24, 26, 27, 28, 30, 33, 34, 39, 45, 46, 50, 53, 55, 60, 61, 64, 66, 74, 77, 80, 82, 87, 88, 92, 93, 118, 124]
	⭕  Walk to 12 (4.7 min) 
> 12 (22:45)
Rent:    [2, 6, 18, 43, 44, 54, 57, 67, 70, 72, 95, 98, 99, 100, 106, 107, 112, 114, 115]
Return:  [3, 10, 19, 20, 24, 26, 27, 28, 30, 33, 45, 46, 50, 53, 60, 64, 66, 77, 80, 82, 87, 88, 92, 93, 101, 118, 124]
	⭕  Bike to 53 (2.0 min) +1
> 53 (22:47)
Rent:    [2, 6, 18, 43, 44, 54, 57, 67, 70, 72, 95, 98, 99, 100, 106, 107, 112, 114, 115]
Return:  [3, 10, 19, 20, 24, 26, 27, 28, 30, 33, 45, 46, 50, 53, 60, 64, 66, 77, 80, 82, 87, 88, 92, 93, 101, 118, 124]
	🔵  End excursion
	⭕  Walk to 5 (11 min) 
> 5 (22:58)

---------- Excursion Complete ----------
End time: 22:58
Final station: 5
Bike count: 94
Walk count: 94
Wait count: 0
Total reward: 94
Seed: 200691914

