Generated random seed: 2036203395
---------- Starting Excursion -----------
Warmup time: 4.0 hours
Start time: 16:00 
Excursion time: 7.0 hours

> 1 (16:00)
Rent:    [6, 18, 107]
Return:  [5, 11, 20, 28, 34, 35, 37, 46, 60, 61, 71, 80, 82, 117, 121, 122, 124]
	⭕  Bike to 82 (5.5 min) +1
> 82 (16:05)
Rent:    [6, 18, 107]
Return:  [5, 11, 20, 28, 34, 35, 37, 46, 60, 61, 71, 80, 82, 117, 121, 122, 124]
	⭕  Walk to 30 (2.3 min) 
> 30 (16:07)
Rent:    [6, 18, 107]
Return:  [5, 11, 20, 28, 34, 35, 37, 46, 60, 61, 71, 80, 82, 117, 121, 122, 124]
	⭕  Bike to 117 (3.1 min) +1
> 117 (16:10)
Rent:    [6, 18, 107]
Return:  [5, 11, 20, 28, 34, 35, 37, 46, 60, 61, 71, 80, 82, 117, 121, 122, 124]
	⭕  Walk to 27 (1.9 min) 
> 27 (16:12)
Rent:    [6, 18, 107]
Return:  [5, 11, 20, 28, 34, 35, 37, 46, 60, 61, 71, 80, 82, 117, 121, 122, 124]
	⭕  Bike to 117 (0.7 min) +1
> 117 (16:13)
Rent:    [6, 18, 107]
Return:  [5, 11, 20, 28, 34, 35, 37, 46, 60, 61, 71, 80, 82, 117, 121, 122, 124]
	⭕  Walk to 27 (1.9 min) 
> 27 (16:15)
Rent:    [6, 18, 54, 57, 107]
Return:  [5, 20, 28, 34, 35, 37, 46, 60, 61, 71, 80, 82, 117, 121]
	⭕  Bike to 117 (0.7 min) +1
> 117 (16:16)
Rent:    [6, 18, 54, 57, 107]
Return:  [5, 20, 28, 34, 35, 37, 46, 60, 61, 71, 80, 82, 117, 121]
	⭕  Walk to 27 (1.9 min) 
> 27 (16:18)
Rent:    [6, 18, 54, 57, 107]
Return:  [5, 20, 28, 34, 35, 37, 46, 60, 61, 71, 80, 82, 117, 121]
	⭕  Bike to 117 (0.7 min) +1
> 117 (16:18)
Rent:    [6, 18, 54, 57, 107]
Return:  [5, 20, 28, 34, 35, 37, 46, 60, 61, 71, 80, 82, 117, 121]
	⭕  Walk to 27 (1.9 min) 
> 27 (16:20)
Rent:    [6, 18, 54, 57, 107]
Return:  [5, 20, 28, 34, 35, 37, 46, 60, 61, 71, 80, 82, 117, 121]
	⭕  Bike to 117 (0.7 min) +1
> 117 (16:21)
Rent:    [6, 18, 54, 57, 107]
Return:  [5, 20, 28, 34, 35, 37, 46, 60, 61, 71, 80, 82, 117, 121]
	⭕  Walk to 27 (1.9 min) 
> 27 (16:23)
Rent:    [6, 18, 54, 57, 107]
Return:  [5, 20, 28, 34, 35, 37, 46, 60, 61, 71, 80, 82, 117, 121]
	⭕  Bike to 117 (0.7 min) +1
> 117 (16:23)
Rent:    [6, 18, 54, 57, 107]
Return:  [5, 20, 28, 34, 35, 37, 46, 60, 61, 71, 80, 82, 117, 121]
	⭕  Walk to 27 (1.9 min) 
> 27 (16:25)
Rent:    [6, 18, 54, 57, 107]
Return:  [5, 20, 28, 34, 35, 37, 46, 60, 61, 71, 80, 82, 117, 121]
	⭕  Bike to 117 (0.7 min) +1
> 117 (16:26)
Rent:    [6, 18, 54, 57, 107]
Return:  [5, 20, 28, 34, 35, 37, 46, 60, 61, 71, 80, 82, 117, 121]
	⭕  Walk to 105 (2.0 min) 
> 105 (16:28)
Rent:    [6, 18, 54, 57, 107]
Return:  [5, 20, 28, 34, 35, 37, 46, 60, 61, 71, 80, 82, 117, 121]
	⭕  Bike to 117 (0.7 min) +1
> 117 (16:29)
Rent:    [6, 18, 54, 57, 107]
Return:  [5, 20, 28, 34, 35, 37, 46, 60, 61, 71, 80, 82, 117, 121]
	⭕  Walk to 105 (2.0 min) 
> 105 (16:31)
Rent:    [6, 54, 57, 107]
Return:  [5, 10, 20, 28, 34, 35, 37, 46, 60, 61, 71, 80, 82, 87, 117, 121]
	⭕  Bike to 117 (0.7 min) +1
> 117 (16:32)
Rent:    [6, 54, 57, 107]
Return:  [5, 10, 20, 28, 34, 35, 37, 46, 60, 61, 71, 80, 82, 87, 117, 121]
	⭕  Walk to 102 (5.1 min) 
> 102 (16:37)
Rent:    [6, 54, 57, 107]
Return:  [5, 10, 20, 28, 34, 35, 37, 46, 60, 61, 71, 80, 82, 87, 117, 121]
	⭕  Bike to 82 (1.4 min) +1
> 82 (16:38)
Rent:    [6, 54, 57, 107]
Return:  [5, 10, 20, 28, 34, 35, 37, 46, 60, 61, 71, 80, 82, 87, 117, 121]
	⭕  Walk to 30 (2.3 min) 
> 30 (16:40)
Rent:    [6, 54, 57, 107]
Return:  [5, 10, 20, 28, 34, 35, 37, 46, 60, 61, 71, 80, 82, 87, 117, 121]
	⭕  Bike to 87 (1.0 min) +1
> 87 (16:41)
Rent:    [6, 54, 57, 107]
Return:  [5, 10, 20, 28, 34, 35, 37, 46, 60, 61, 71, 80, 82, 87, 117, 121]
	⭕  Walk to 53 (1.6 min) 
> 53 (16:43)
Rent:    [6, 54, 57, 107]
Return:  [5, 10, 20, 28, 34, 35, 37, 46, 60, 61, 71, 80, 82, 87, 117, 121]
	⭕  Bike to 87 (0.9 min) +1
> 87 (16:44)
Rent:    [6, 54, 57, 107]
Return:  [5, 10, 20, 28, 34, 35, 37, 46, 60, 61, 71, 80, 82, 87, 117, 121]
	⭕  Walk to 53 (1.6 min) 
> 53 (16:45)
Rent:    [6, 54, 57, 81, 107]
Return:  [5, 10, 20, 27, 28, 33, 34, 37, 46, 60, 61, 64, 80, 82, 87, 117, 121, 124]
	⭕  Bike to 87 (0.9 min) +1
> 87 (16:46)
Rent:    [6, 54, 57, 81, 107]
Return:  [5, 10, 20, 27, 28, 33, 34, 37, 46, 60, 61, 64, 80, 82, 87, 117, 121, 124]
	⭕  Walk to 53 (1.6 min) 
> 53 (16:48)
Rent:    [6, 54, 57, 81, 107]
Return:  [5, 10, 20, 27, 28, 33, 34, 37, 46, 60, 61, 64, 80, 82, 87, 117, 121, 124]
	⭕  Bike to 87 (0.9 min) +1
> 87 (16:49)
Rent:    [6, 54, 57, 81, 107]
Return:  [5, 10, 20, 27, 28, 33, 34, 37, 46, 60, 61, 64, 80, 82, 87, 117, 121, 124]
	⭕  Walk to 47 (2.4 min) 
> 47 (16:51)
Rent:    [6, 54, 57, 81, 107]
Return:  [5, 10, 20, 27, 28, 33, 34, 37, 46, 60, 61, 64, 80, 82, 87, 117, 121, 124]
	⭕  Bike to 87 (2.0 min) +1
> 87 (16:53)
Rent:    [6, 54, 57, 81, 107]
Return:  [5, 10, 20, 27, 28, 33, 34, 37, 46, 60, 61, 64, 80, 82, 87, 117, 121, 124]
	⭕  Walk to 47 (2.4 min) 
> 47 (16:56)
Rent:    [6, 54, 57, 81, 107]
Return:  [5, 10, 20, 27, 28, 33, 34, 37, 46, 60, 61, 64, 80, 82, 87, 117, 121, 124]
	⭕  Bike to 87 (2.0 min) +1
> 87 (16:58)
Rent:    [6, 54, 57, 81, 107]
Return:  [5, 10, 20, 27, 28, 33, 34, 37, 46, 60, 61, 64, 80, 82, 87, 117, 121, 124]
	⭕  Walk to 47 (2.4 min) 
> 47 (17:00)
Rent:    [6, 54, 57, 81, 107]
Return:  [5, 10, 27, 28, 30, 33, 34, 35, 37, 46, 60, 61, 64, 71, 80, 82, 87, 117, 121, 124]
	⭕  Bike to 87 (2.0 min) +1
> 87 (17:02)
Rent:    [6, 54, 57, 81, 107]
Return:  [5, 10, 27, 28, 30, 33, 34, 35, 37, 46, 60, 61, 64, 71, 80, 82, 87, 117, 121, 124]
	⭕  Walk to 53 (1.6 min) 
> 53 (17:04)
Rent:    [6, 54, 57, 81, 107]
Return:  [5, 10, 27, 28, 30, 33, 34, 35, 37, 46, 60, 61, 64, 71, 80, 82, 87, 117, 121, 124]
	⭕  Bike to 87 (0.9 min) +1
> 87 (17:05)
Rent:    [6, 54, 57, 81, 107]
Return:  [5, 10, 27, 28, 30, 33, 34, 35, 37, 46, 60, 61, 64, 71, 80, 82, 87, 117, 121, 124]
	⭕  Walk to 47 (2.4 min) 
> 47 (17:07)
Rent:    [6, 54, 57, 81, 107]
Return:  [5, 10, 27, 28, 30, 33, 34, 35, 37, 46, 60, 61, 64, 71, 80, 82, 87, 117, 121, 124]
	⭕  Bike to 87 (2.0 min) +1
> 87 (17:09)
Rent:    [6, 54, 57, 81, 107]
Return:  [5, 10, 27, 28, 30, 33, 34, 35, 37, 46, 60, 61, 64, 71, 80, 82, 87, 117, 121, 124]
	⭕  Walk to 47 (2.4 min) 
> 47 (17:11)
Rent:    [6, 54, 57, 81, 107]
Return:  [5, 10, 27, 28, 30, 33, 34, 35, 37, 46, 60, 61, 64, 71, 80, 82, 87, 117, 121, 124]
	⭕  Bike to 30 (2.0 min) +1
> 30 (17:13)
Rent:    [6, 54, 57, 81, 107]
Return:  [5, 10, 27, 28, 30, 33, 34, 35, 37, 46, 60, 61, 64, 71, 80, 82, 87, 117, 121, 124]
	⭕  Walk to 77 (3.4 min) 
> 77 (17:17)
Rent:    [6, 54, 57, 81, 107, 115]
Return:  [5, 10, 27, 28, 30, 33, 34, 37, 46, 60, 61, 66, 71, 80, 82, 87, 117, 121, 124]
	⭕  Bike to 66 (1.2 min) +1
> 66 (17:18)
Rent:    [6, 54, 57, 81, 107, 115]
Return:  [5, 10, 27, 28, 30, 33, 34, 37, 46, 60, 61, 66, 71, 80, 82, 87, 117, 121, 124]
	⭕  Walk to 102 (1.7 min) 
> 102 (17:20)
Rent:    [6, 54, 57, 81, 107, 115]
Return:  [5, 10, 27, 28, 30, 33, 34, 37, 46, 60, 61, 66, 71, 80, 82, 87, 117, 121, 124]
	⭕  Bike to 66 (0.7 min) +1
> 66 (17:20)
Rent:    [6, 54, 57, 81, 107, 115]
Return:  [5, 10, 27, 28, 30, 33, 34, 37, 46, 60, 61, 66, 71, 80, 82, 87, 117, 121, 124]
	⭕  Walk to 102 (1.7 min) 
> 102 (17:22)
Rent:    [6, 54, 57, 81, 107, 115]
Return:  [5, 10, 27, 28, 30, 33, 34, 37, 46, 60, 61, 66, 71, 80, 82, 87, 117, 121, 124]
	⭕  Bike to 66 (0.7 min) +1
> 66 (17:23)
Rent:    [6, 54, 57, 81, 107, 115]
Return:  [5, 10, 27, 28, 30, 33, 34, 37, 46, 60, 61, 66, 71, 80, 82, 87, 117, 121, 124]
	⭕  Walk to 52 (2.4 min) 
> 52 (17:25)
Rent:    [6, 54, 57, 81, 107, 115]
Return:  [5, 10, 27, 28, 30, 33, 34, 37, 46, 60, 61, 66, 71, 80, 82, 87, 117, 121, 124]
	⭕  Bike to 66 (1.1 min) +1
> 66 (17:26)
Rent:    [6, 54, 57, 81, 107, 115]
Return:  [5, 10, 27, 28, 30, 33, 34, 37, 46, 60, 61, 66, 71, 80, 82, 87, 117, 121, 124]
	⭕  Walk to 52 (2.4 min) 
> 52 (17:29)
Rent:    [6, 54, 57, 81, 107, 115]
Return:  [5, 10, 27, 28, 30, 33, 34, 37, 46, 60, 61, 66, 71, 80, 82, 87, 117, 121, 124]
	⭕  Bike to 66 (1.1 min) +1
> 66 (17:30)
Rent:    [6, 54, 57, 79, 107, 115]
Return:  [5, 10, 27, 28, 30, 33, 34, 37, 46, 60, 64, 66, 71, 80, 82, 87, 88, 93, 117, 121, 124]
	⭕  Walk to 52 (2.4 min) 
> 52 (17:32)
Rent:    [6, 54, 57, 79, 107, 115]
Return:  [5, 10, 27, 28, 30, 33, 34, 37, 46, 60, 64, 66, 71, 80, 82, 87, 88, 93, 117, 121, 124]
	⭕  Bike to 66 (1.1 min) +1
> 66 (17:33)
Rent:    [6, 54, 57, 79, 107, 115]
Return:  [5, 10, 27, 28, 30, 33, 34, 37, 46, 60, 64, 66, 71, 80, 82, 87, 88, 93, 117, 121, 124]
	⭕  Walk to 52 (2.4 min) 
> 52 (17:36)
Rent:    [6, 54, 57, 79, 107, 115]
Return:  [5, 10, 27, 28, 30, 33, 34, 37, 46, 60, 64, 66, 71, 80, 82, 87, 88, 93, 117, 121, 124]
	⭕  Bike to 66 (1.1 min) +1
> 66 (17:37)
Rent:    [6, 54, 57, 79, 107, 115]
Return:  [5, 10, 27, 28, 30, 33, 34, 37, 46, 60, 64, 66, 71, 80, 82, 87, 88, 93, 117, 121, 124]
	⭕  Walk to 77 (3.3 min) 
> 77 (17:40)
Rent:    [6, 54, 57, 79, 107, 115]
Return:  [5, 10, 27, 28, 30, 33, 34, 37, 46, 60, 64, 66, 71, 80, 82, 87, 88, 93, 117, 121, 124]
	⭕  Bike to 66 (1.2 min) +1
> 66 (17:41)
Rent:    [6, 54, 57, 79, 107, 115]
Return:  [5, 10, 27, 28, 30, 33, 34, 37, 46, 60, 64, 66, 71, 80, 82, 87, 88, 93, 117, 121, 124]
	⭕  Walk to 77 (3.3 min) 
> 77 (17:44)
Rent:    [6, 54, 57, 79, 107, 115]
Return:  [5, 10, 27, 28, 30, 33, 34, 37, 46, 60, 64, 66, 71, 80, 82, 87, 88, 93, 117, 121, 124]
	⭕  Bike to 66 (1.2 min) +1
> 66 (17:46)
Rent:    [6, 54, 57, 79, 99, 107, 115]
Return:  [3, 5, 10, 21, 27, 28, 30, 33, 34, 37, 46, 60, 61, 64, 66, 71, 80, 82, 87, 88, 93, 105, 117, 121, 124]
	⭕  Walk to 77 (3.3 min) 
> 77 (17:49)
Rent:    [6, 54, 57, 79, 99, 107, 115]
Return:  [3, 5, 10, 21, 27, 28, 30, 33, 34, 37, 46, 60, 61, 64, 66, 71, 80, 82, 87, 88, 93, 105, 117, 121, 124]
	⭕  Bike to 66 (1.2 min) +1
> 66 (17:50)
Rent:    [6, 54, 57, 79, 99, 107, 115]
Return:  [3, 5, 10, 21, 27, 28, 30, 33, 34, 37, 46, 60, 61, 64, 66, 71, 80, 82, 87, 88, 93, 105, 117, 121, 124]
	⭕  Walk to 77 (3.3 min) 
> 77 (17:53)
Rent:    [6, 54, 57, 79, 99, 107, 115]
Return:  [3, 5, 10, 21, 27, 28, 30, 33, 34, 37, 46, 60, 61, 64, 66, 71, 80, 82, 87, 88, 93, 105, 117, 121, 124]
	⭕  Bike to 66 (1.2 min) +1
> 66 (17:55)
Rent:    [6, 54, 57, 79, 99, 107, 115]
Return:  [3, 5, 10, 21, 27, 28, 30, 33, 34, 37, 46, 60, 61, 64, 66, 71, 80, 82, 87, 88, 93, 105, 117, 121, 124]
	⭕  Walk to 52 (2.4 min) 
> 52 (17:57)
Rent:    [6, 54, 57, 79, 99, 107, 115]
Return:  [3, 5, 10, 21, 27, 28, 30, 33, 34, 37, 46, 60, 61, 64, 66, 71, 80, 82, 87, 88, 93, 105, 117, 121, 124]
	⭕  Bike to 66 (1.1 min) +1
> 66 (17:58)
Rent:    [6, 54, 57, 79, 99, 107, 115]
Return:  [3, 5, 10, 21, 27, 28, 30, 33, 34, 37, 46, 60, 61, 64, 66, 71, 80, 82, 87, 88, 93, 105, 117, 121, 124]
	⭕  Walk to 77 (3.3 min) 
> 77 (18:01)
Rent:    [2, 6, 54, 57, 79, 99, 107, 115]
Return:  [3, 5, 10, 27, 28, 30, 33, 34, 37, 46, 60, 61, 64, 66, 80, 82, 87, 88, 93, 101, 102, 105, 121, 124]
	⭕  Bike to 66 (1.2 min) +1
> 66 (18:03)
Rent:    [2, 6, 54, 57, 79, 99, 107, 115]
Return:  [3, 5, 10, 27, 28, 30, 33, 34, 37, 46, 60, 61, 64, 66, 80, 82, 87, 88, 93, 101, 102, 105, 121, 124]
	⭕  Walk to 77 (3.3 min) 
> 77 (18:06)
Rent:    [2, 6, 54, 57, 79, 99, 107, 115]
Return:  [3, 5, 10, 27, 28, 30, 33, 34, 37, 46, 60, 61, 64, 66, 80, 82, 87, 88, 93, 101, 102, 105, 121, 124]
	⭕  Bike to 66 (1.2 min) +1
> 66 (18:07)
Rent:    [2, 6, 54, 57, 79, 99, 107, 115]
Return:  [3, 5, 10, 27, 28, 30, 33, 34, 37, 46, 60, 61, 64, 66, 80, 82, 87, 88, 93, 101, 102, 105, 121, 124]
	⭕  Walk to 77 (3.3 min) 
> 77 (18:10)
Rent:    [2, 6, 54, 57, 79, 99, 107, 115]
Return:  [3, 5, 10, 27, 28, 30, 33, 34, 37, 46, 60, 61, 64, 66, 80, 82, 87, 88, 93, 101, 102, 105, 121, 124]
	⭕  Bike to 66 (1.2 min) +1
> 66 (18:12)
Rent:    [2, 6, 54, 57, 79, 99, 107, 115]
Return:  [3, 5, 10, 27, 28, 30, 33, 34, 37, 46, 60, 61, 64, 66, 80, 82, 87, 88, 93, 101, 102, 105, 121, 124]
	⭕  Walk to 77 (3.3 min) 
> 77 (18:15)
Rent:    [2, 6, 43, 54, 57, 79, 99, 106, 107, 115, 119]
Return:  [5, 10, 11, 27, 28, 30, 33, 34, 37, 46, 52, 53, 60, 61, 64, 66, 80, 82, 87, 88, 93, 101, 102, 105, 117, 124]
	⭕  Bike to 66 (1.2 min) +1
> 66 (18:16)
Rent:    [2, 6, 43, 54, 57, 79, 99, 106, 107, 115, 119]
Return:  [5, 10, 11, 27, 28, 30, 33, 34, 37, 46, 52, 53, 60, 61, 64, 66, 80, 82, 87, 88, 93, 101, 102, 105, 117, 124]
	⭕  Walk to 77 (3.3 min) 
> 77 (18:19)
Rent:    [2, 6, 43, 54, 57, 79, 99, 106, 107, 115, 119]
Return:  [5, 10, 11, 27, 28, 30, 33, 34, 37, 46, 52, 53, 60, 61, 64, 66, 80, 82, 87, 88, 93, 101, 102, 105, 117, 124]
	⭕  Bike to 66 (1.2 min) +1
> 66 (18:21)
Rent:    [2, 6, 43, 54, 57, 79, 99, 106, 107, 115, 119]
Return:  [5, 10, 11, 27, 28, 30, 33, 34, 37, 46, 52, 53, 60, 61, 64, 66, 80, 82, 87, 88, 93, 101, 102, 105, 117, 124]
	⭕  Walk to 77 (3.3 min) 
> 77 (18:24)
Rent:    [2, 6, 43, 54, 57, 79, 99, 106, 107, 115, 119]
Return:  [5, 10, 11, 27, 28, 30, 33, 34, 37, 46, 52, 53, 60, 61, 64, 66, 80, 82, 87, 88, 93, 101, 102, 105, 117, 124]
	⭕  Bike to 66 (1.2 min) +1
> 66 (18:25)
Rent:    [2, 6, 43, 54, 57, 79, 99, 106, 107, 115, 119]
Return:  [5, 10, 11, 27, 28, 30, 33, 34, 37, 46, 52, 53, 60, 61, 64, 66, 80, 82, 87, 88, 93, 101, 102, 105, 117, 124]
	⭕  Walk to 47 (8.6 min) 
> 47 (18:34)
Rent:    [2, 6, 18, 43, 54, 57, 79, 99, 106, 107, 115]
Return:  [5, 10, 11, 28, 30, 37, 39, 46, 53, 60, 61, 64, 66, 77, 80, 82, 87, 93, 101, 102, 105, 117, 121, 124]
	⭕  Bike to 53 (1.2 min) +1
> 53 (18:35)
Rent:    [2, 6, 18, 43, 54, 57, 79, 99, 106, 107, 115]
Return:  [5, 10, 11, 28, 30, 37, 39, 46, 53, 60, 61, 64, 66, 77, 80, 82, 87, 93, 101, 102, 105, 117, 121, 124]
	⭕  Walk to 47 (2.7 min) 
> 47 (18:38)
Rent:    [2, 6, 18, 43, 54, 57, 79, 99, 106, 107, 115]
Return:  [5, 10, 11, 28, 30, 37, 39, 46, 53, 60, 61, 64, 66, 77, 80, 82, 87, 93, 101, 102, 105, 117, 121, 124]
	⭕  Bike to 53 (1.2 min) +1
> 53 (18:39)
Rent:    [2, 6, 18, 43, 54, 57, 79, 99, 106, 107, 115]
Return:  [5, 10, 11, 28, 30, 37, 39, 46, 53, 60, 61, 64, 66, 77, 80, 82, 87, 93, 101, 102, 105, 117, 121, 124]
	⭕  Walk to 47 (2.7 min) 
> 47 (18:42)
Rent:    [2, 6, 18, 43, 54, 57, 79, 99, 106, 107, 115]
Return:  [5, 10, 11, 28, 30, 37, 39, 46, 53, 60, 61, 64, 66, 77, 80, 82, 87, 93, 101, 102, 105, 117, 121, 124]
	⭕  Bike to 53 (1.2 min) +1
> 53 (18:43)
Rent:    [2, 6, 18, 43, 54, 57, 79, 99, 106, 107, 115]
Return:  [5, 10, 11, 28, 30, 37, 39, 46, 53, 60, 61, 64, 66, 77, 80, 82, 87, 93, 101, 102, 105, 117, 121, 124]
	⭕  Walk to 47 (2.7 min) 
> 47 (18:46)
Rent:    [2, 6, 18, 43, 54, 57, 79, 99, 106, 107, 108, 115]
Return:  [5, 10, 11, 21, 28, 30, 33, 37, 39, 46, 53, 60, 64, 66, 77, 80, 82, 93, 101, 102, 105, 117, 121, 124]
	⭕  Bike to 53 (1.2 min) +1
> 53 (18:47)
Rent:    [2, 6, 18, 43, 54, 57, 79, 99, 106, 107, 108, 115]
Return:  [5, 10, 11, 21, 28, 30, 33, 37, 39, 46, 53, 60, 64, 66, 77, 80, 82, 93, 101, 102, 105, 117, 121, 124]
	⭕  Walk to 47 (2.7 min) 
> 47 (18:49)
Rent:    [2, 6, 18, 43, 54, 57, 79, 99, 106, 107, 108, 115]
Return:  [5, 10, 11, 21, 28, 30, 33, 37, 39, 46, 53, 60, 64, 66, 77, 80, 82, 93, 101, 102, 105, 117, 121, 124]
	⭕  Bike to 53 (1.2 min) +1
> 53 (18:51)
Rent:    [2, 6, 18, 43, 54, 57, 79, 99, 106, 107, 108, 115]
Return:  [5, 10, 11, 21, 28, 30, 33, 37, 39, 46, 53, 60, 64, 66, 77, 80, 82, 93, 101, 102, 105, 117, 121, 124]
	⭕  Walk to 47 (2.7 min) 
> 47 (18:53)
Rent:    [2, 6, 18, 43, 54, 57, 79, 99, 106, 107, 108, 115]
Return:  [5, 10, 11, 21, 28, 30, 33, 37, 39, 46, 53, 60, 64, 66, 77, 80, 82, 93, 101, 102, 105, 117, 121, 124]
	⭕  Bike to 53 (1.2 min) +1
> 53 (18:55)
Rent:    [2, 6, 18, 43, 54, 57, 79, 99, 106, 107, 108, 115]
Return:  [5, 10, 11, 21, 28, 30, 33, 37, 39, 46, 53, 60, 64, 66, 77, 80, 82, 93, 101, 102, 105, 117, 121, 124]
	⭕  Walk to 47 (2.7 min) 
> 47 (18:57)
Rent:    [2, 6, 18, 43, 54, 57, 79, 99, 106, 107, 108, 115]
Return:  [5, 10, 11, 21, 28, 30, 33, 37, 39, 46, 53, 60, 64, 66, 77, 80, 82, 93, 101, 102, 105, 117, 121, 124]
	⭕  Bike to 53 (1.2 min) +1
> 53 (18:58)
Rent:    [2, 6, 18, 43, 54, 57, 79, 99, 106, 107, 108, 115]
Return:  [5, 10, 11, 21, 28, 30, 33, 37, 39, 46, 53, 60, 64, 66, 77, 80, 82, 93, 101, 102, 105, 117, 121, 124]
	⭕  Walk to 47 (2.7 min) 
> 47 (19:01)
Rent:    [2, 6, 43, 57, 79, 81, 99, 106, 107, 108, 115]
Return:  [5, 10, 11, 21, 24, 28, 34, 37, 39, 46, 53, 60, 61, 64, 66, 77, 78, 80, 82, 92, 93, 102, 105, 117, 121, 124]
	⭕  Bike to 53 (1.2 min) +1
> 53 (19:02)
Rent:    [2, 6, 43, 57, 79, 81, 99, 106, 107, 108, 115]
Return:  [5, 10, 11, 21, 24, 28, 34, 37, 39, 46, 53, 60, 61, 64, 66, 77, 78, 80, 82, 92, 93, 102, 105, 117, 121, 124]
	⭕  Walk to 47 (2.7 min) 
> 47 (19:05)
Rent:    [2, 6, 43, 57, 79, 81, 99, 106, 107, 108, 115]
Return:  [5, 10, 11, 21, 24, 28, 34, 37, 39, 46, 53, 60, 61, 64, 66, 77, 78, 80, 82, 92, 93, 102, 105, 117, 121, 124]
	⭕  Bike to 53 (1.2 min) +1
> 53 (19:06)
Rent:    [2, 6, 43, 57, 79, 81, 99, 106, 107, 108, 115]
Return:  [5, 10, 11, 21, 24, 28, 34, 37, 39, 46, 53, 60, 61, 64, 66, 77, 78, 80, 82, 92, 93, 102, 105, 117, 121, 124]
	⭕  Walk to 47 (2.7 min) 
> 47 (19:09)
Rent:    [2, 6, 43, 57, 79, 81, 99, 106, 107, 108, 115]
Return:  [5, 10, 11, 21, 24, 28, 34, 37, 39, 46, 53, 60, 61, 64, 66, 77, 78, 80, 82, 92, 93, 102, 105, 117, 121, 124]
	⭕  Bike to 53 (1.2 min) +1
> 53 (19:10)
Rent:    [2, 6, 43, 57, 79, 81, 99, 106, 107, 108, 115]
Return:  [5, 10, 11, 21, 24, 28, 34, 37, 39, 46, 53, 60, 61, 64, 66, 77, 78, 80, 82, 92, 93, 102, 105, 117, 121, 124]
	⭕  Walk to 47 (2.7 min) 
> 47 (19:13)
Rent:    [2, 6, 43, 57, 79, 81, 99, 106, 107, 108, 115]
Return:  [5, 10, 11, 21, 24, 28, 34, 37, 39, 46, 53, 60, 61, 64, 66, 77, 78, 80, 82, 92, 93, 102, 105, 117, 121, 124]
	⭕  Bike to 53 (1.2 min) +1
> 53 (19:14)
Rent:    [2, 6, 43, 57, 79, 81, 99, 106, 107, 108, 115]
Return:  [5, 10, 11, 21, 24, 28, 34, 37, 39, 46, 53, 60, 61, 64, 66, 77, 78, 80, 82, 92, 93, 102, 105, 117, 121, 124]
	⭕  Walk to 12 (3.4 min) 
> 12 (19:18)
Rent:    [6, 18, 43, 57, 79, 81, 106, 107, 115]
Return:  [5, 10, 11, 21, 24, 28, 34, 37, 39, 46, 47, 53, 60, 61, 64, 66, 71, 77, 80, 82, 87, 92, 93, 102, 104, 105, 117, 121, 124]
	⭕  Bike to 93 (1.5 min) +1
> 93 (19:19)
Rent:    [6, 18, 43, 57, 79, 81, 106, 107, 115]
Return:  [5, 10, 11, 21, 24, 28, 34, 37, 39, 46, 47, 53, 60, 61, 64, 66, 71, 77, 80, 82, 87, 92, 93, 102, 104, 105, 117, 121, 124]
	⭕  Walk to 12 (2.9 min) 
> 12 (19:22)
Rent:    [6, 18, 43, 57, 79, 81, 106, 107, 115]
Return:  [5, 10, 11, 21, 24, 28, 34, 37, 39, 46, 47, 53, 60, 61, 64, 66, 71, 77, 80, 82, 87, 92, 93, 102, 104, 105, 117, 121, 124]
	⭕  Bike to 93 (1.5 min) +1
> 93 (19:23)
Rent:    [6, 18, 43, 57, 79, 81, 106, 107, 115]
Return:  [5, 10, 11, 21, 24, 28, 34, 37, 39, 46, 47, 53, 60, 61, 64, 66, 71, 77, 80, 82, 87, 92, 93, 102, 104, 105, 117, 121, 124]
	⭕  Walk to 12 (2.9 min) 
> 12 (19:26)
Rent:    [6, 18, 43, 57, 79, 81, 106, 107, 115]
Return:  [5, 10, 11, 21, 24, 28, 34, 37, 39, 46, 47, 53, 60, 61, 64, 66, 71, 77, 80, 82, 87, 92, 93, 102, 104, 105, 117, 121, 124]
	⭕  Bike to 93 (1.5 min) +1
> 93 (19:28)
Rent:    [6, 18, 43, 57, 79, 81, 106, 107, 115]
Return:  [5, 10, 11, 21, 24, 28, 34, 37, 39, 46, 47, 53, 60, 61, 64, 66, 71, 77, 80, 82, 87, 92, 93, 102, 104, 105, 117, 121, 124]
	⭕  Walk to 12 (2.9 min) 
> 12 (19:31)
Rent:    [2, 6, 18, 43, 57, 79, 81, 99, 106, 107, 108, 115]
Return:  [5, 10, 11, 21, 28, 37, 46, 47, 53, 60, 61, 64, 66, 77, 78, 80, 82, 87, 92, 93, 102, 104, 105, 118, 121]
	⭕  Bike to 93 (1.5 min) +1
> 93 (19:32)
Rent:    [2, 6, 18, 43, 57, 79, 81, 99, 106, 107, 108, 115]
Return:  [5, 10, 11, 21, 28, 37, 46, 47, 53, 60, 61, 64, 66, 77, 78, 80, 82, 87, 92, 93, 102, 104, 105, 118, 121]
	⭕  Walk to 12 (2.9 min) 
> 12 (19:35)
Rent:    [2, 6, 18, 43, 57, 79, 81, 99, 106, 107, 108, 115]
Return:  [5, 10, 11, 21, 28, 37, 46, 47, 53, 60, 61, 64, 66, 77, 78, 80, 82, 87, 92, 93, 102, 104, 105, 118, 121]
	⭕  Bike to 93 (1.5 min) +1
> 93 (19:37)
Rent:    [2, 6, 18, 43, 57, 79, 81, 99, 106, 107, 108, 115]
Return:  [5, 10, 11, 21, 28, 37, 46, 47, 53, 60, 61, 64, 66, 77, 78, 80, 82, 87, 92, 93, 102, 104, 105, 118, 121]
	⭕  Walk to 8 (5.9 min) 
> 8 (19:43)
Rent:    [2, 6, 18, 43, 57, 79, 81, 99, 106, 107, 108, 115]
Return:  [5, 10, 11, 21, 28, 37, 46, 47, 53, 60, 61, 64, 66, 77, 78, 80, 82, 87, 92, 93, 102, 104, 105, 118, 121]
	⭕  Bike to 5 (1.9 min) +1
> 5 (19:45)
Rent:    [2, 6, 43, 54, 57, 79, 81, 99, 106, 107, 108, 114, 115]
Return:  [5, 10, 11, 21, 28, 30, 34, 39, 46, 53, 55, 60, 61, 64, 66, 77, 78, 82, 87, 92, 93, 102, 104, 105, 118, 121]
	⭕  Walk to 50 (2.5 min) 
> 50 (19:47)
Rent:    [2, 6, 43, 54, 57, 79, 81, 99, 106, 107, 108, 114, 115]
Return:  [5, 10, 11, 21, 28, 30, 34, 39, 46, 53, 55, 60, 61, 64, 66, 77, 78, 82, 87, 92, 93, 102, 104, 105, 118, 121]
	⭕  Bike to 5 (1.8 min) +1
> 5 (19:49)
Rent:    [2, 6, 43, 54, 57, 79, 81, 99, 106, 107, 108, 114, 115]
Return:  [5, 10, 11, 21, 28, 30, 34, 39, 46, 53, 55, 60, 61, 64, 66, 77, 78, 82, 87, 92, 93, 102, 104, 105, 118, 121]
	⭕  Walk to 50 (2.5 min) 
> 50 (19:51)
Rent:    [2, 6, 43, 54, 57, 79, 81, 99, 106, 107, 108, 114, 115]
Return:  [5, 10, 11, 21, 28, 30, 34, 39, 46, 53, 55, 60, 61, 64, 66, 77, 78, 82, 87, 92, 93, 102, 104, 105, 118, 121]
	⭕  Bike to 5 (1.8 min) +1
> 5 (19:53)
Rent:    [2, 6, 43, 54, 57, 79, 81, 99, 106, 107, 108, 114, 115]
Return:  [5, 10, 11, 21, 28, 30, 34, 39, 46, 53, 55, 60, 61, 64, 66, 77, 78, 82, 87, 92, 93, 102, 104, 105, 118, 121]
	⭕  Walk to 50 (2.5 min) 
> 50 (19:56)
Rent:    [2, 6, 43, 54, 57, 79, 81, 99, 106, 107, 108, 114, 115]
Return:  [5, 10, 11, 21, 28, 30, 34, 39, 46, 53, 55, 60, 61, 64, 66, 77, 78, 82, 87, 92, 93, 102, 104, 105, 118, 121]
	⭕  Bike to 5 (1.8 min) +1
> 5 (19:57)
Rent:    [2, 6, 43, 54, 57, 79, 81, 99, 106, 107, 108, 114, 115]
Return:  [5, 10, 11, 21, 28, 30, 34, 39, 46, 53, 55, 60, 61, 64, 66, 77, 78, 82, 87, 92, 93, 102, 104, 105, 118, 121]
	⭕  Walk to 50 (2.5 min) 
> 50 (20:00)
Rent:    [2, 6, 57, 79, 81, 99, 106, 107, 108, 114, 115]
Return:  [5, 10, 21, 24, 28, 30, 33, 34, 39, 46, 47, 53, 55, 56, 60, 61, 64, 66, 71, 74, 77, 82, 87, 92, 93, 102, 117, 118, 121]
	⭕  Bike to 5 (1.8 min) +1
> 5 (20:02)
Rent:    [2, 6, 57, 79, 81, 99, 106, 107, 108, 114, 115]
Return:  [5, 10, 21, 24, 28, 30, 33, 34, 39, 46, 47, 53, 55, 56, 60, 61, 64, 66, 71, 74, 77, 82, 87, 92, 93, 102, 117, 118, 121]
	⭕  Walk to 8 (2.6 min) 
> 8 (20:04)
Rent:    [2, 6, 57, 79, 81, 99, 106, 107, 108, 114, 115]
Return:  [5, 10, 21, 24, 28, 30, 33, 34, 39, 46, 47, 53, 55, 56, 60, 61, 64, 66, 71, 74, 77, 82, 87, 92, 93, 102, 117, 118, 121]
	⭕  Bike to 5 (1.9 min) +1
> 5 (20:06)
Rent:    [2, 6, 57, 79, 81, 99, 106, 107, 108, 114, 115]
Return:  [5, 10, 21, 24, 28, 30, 33, 34, 39, 46, 47, 53, 55, 56, 60, 61, 64, 66, 71, 74, 77, 82, 87, 92, 93, 102, 117, 118, 121]
	⭕  Walk to 50 (2.5 min) 
> 50 (20:09)
Rent:    [2, 6, 57, 79, 81, 99, 106, 107, 108, 114, 115]
Return:  [5, 10, 21, 24, 28, 30, 33, 34, 39, 46, 47, 53, 55, 56, 60, 61, 64, 66, 71, 74, 77, 82, 87, 92, 93, 102, 117, 118, 121]
	⭕  Bike to 5 (1.8 min) +1
> 5 (20:10)
Rent:    [2, 6, 57, 79, 81, 99, 106, 107, 108, 114, 115]
Return:  [5, 10, 21, 24, 28, 30, 33, 34, 39, 46, 47, 53, 55, 56, 60, 61, 64, 66, 71, 74, 77, 82, 87, 92, 93, 102, 117, 118, 121]
	⭕  Walk to 8 (2.6 min) 
> 8 (20:13)
Rent:    [2, 6, 57, 79, 81, 99, 106, 107, 108, 114, 115]
Return:  [5, 10, 21, 24, 28, 30, 33, 34, 39, 46, 47, 53, 55, 56, 60, 61, 64, 66, 71, 74, 77, 82, 87, 92, 93, 102, 117, 118, 121]
	⭕  Bike to 5 (1.9 min) +1
> 5 (20:15)
Rent:    [2, 6, 44, 54, 57, 79, 81, 99, 106, 107, 108, 114, 115]
Return:  [5, 10, 12, 21, 24, 27, 28, 30, 33, 34, 35, 46, 53, 55, 56, 60, 61, 64, 66, 74, 77, 82, 87, 92, 93, 101, 102, 104, 117, 118, 121]
	⭕  Walk to 8 (2.6 min) 
> 8 (20:18)
Rent:    [2, 6, 44, 54, 57, 79, 81, 99, 106, 107, 108, 114, 115]
Return:  [5, 10, 12, 21, 24, 27, 28, 30, 33, 34, 35, 46, 53, 55, 56, 60, 61, 64, 66, 74, 77, 82, 87, 92, 93, 101, 102, 104, 117, 118, 121]
	⭕  Bike to 5 (1.9 min) +1
> 5 (20:20)
Rent:    [2, 6, 44, 54, 57, 79, 81, 99, 106, 107, 108, 114, 115]
Return:  [5, 10, 12, 21, 24, 27, 28, 30, 33, 34, 35, 46, 53, 55, 56, 60, 61, 64, 66, 74, 77, 82, 87, 92, 93, 101, 102, 104, 117, 118, 121]
	⭕  Walk to 8 (2.6 min) 
> 8 (20:22)
Rent:    [2, 6, 44, 54, 57, 79, 81, 99, 106, 107, 108, 114, 115]
Return:  [5, 10, 12, 21, 24, 27, 28, 30, 33, 34, 35, 46, 53, 55, 56, 60, 61, 64, 66, 74, 77, 82, 87, 92, 93, 101, 102, 104, 117, 118, 121]
	⭕  Bike to 5 (1.9 min) +1
> 5 (20:24)
Rent:    [2, 6, 44, 54, 57, 79, 81, 99, 106, 107, 108, 114, 115]
Return:  [5, 10, 12, 21, 24, 27, 28, 30, 33, 34, 35, 46, 53, 55, 56, 60, 61, 64, 66, 74, 77, 82, 87, 92, 93, 101, 102, 104, 117, 118, 121]
	⭕  Walk to 50 (2.5 min) 
> 50 (20:27)
Rent:    [2, 6, 44, 54, 57, 79, 81, 99, 106, 107, 108, 114, 115]
Return:  [5, 10, 12, 21, 24, 27, 28, 30, 33, 34, 35, 46, 53, 55, 56, 60, 61, 64, 66, 74, 77, 82, 87, 92, 93, 101, 102, 104, 117, 118, 121]
	⭕  Bike to 5 (1.8 min) +1
> 5 (20:28)
Rent:    [2, 6, 44, 54, 57, 79, 81, 99, 106, 107, 108, 114, 115]
Return:  [5, 10, 12, 21, 24, 27, 28, 30, 33, 34, 35, 46, 53, 55, 56, 60, 61, 64, 66, 74, 77, 82, 87, 92, 93, 101, 102, 104, 117, 118, 121]
	⭕  Walk to 8 (2.6 min) 
> 8 (20:31)
Rent:    [2, 6, 44, 54, 79, 81, 99, 106, 107, 108, 114, 115]
Return:  [5, 10, 12, 21, 24, 27, 28, 30, 33, 37, 39, 46, 53, 55, 56, 60, 61, 64, 66, 74, 77, 82, 87, 88, 92, 93, 101, 102, 104, 117, 118, 121]
	⭕  Bike to 5 (1.9 min) +1
> 5 (20:33)
Rent:    [2, 6, 44, 54, 79, 81, 99, 106, 107, 108, 114, 115]
Return:  [5, 10, 12, 21, 24, 27, 28, 30, 33, 37, 39, 46, 53, 55, 56, 60, 61, 64, 66, 74, 77, 82, 87, 88, 92, 93, 101, 102, 104, 117, 118, 121]
	⭕  Walk to 50 (2.5 min) 
> 50 (20:35)
Rent:    [2, 6, 44, 54, 79, 81, 99, 106, 107, 108, 114, 115]
Return:  [5, 10, 12, 21, 24, 27, 28, 30, 33, 37, 39, 46, 53, 55, 56, 60, 61, 64, 66, 74, 77, 82, 87, 88, 92, 93, 101, 102, 104, 117, 118, 121]
	⭕  Bike to 5 (1.8 min) +1
> 5 (20:37)
Rent:    [2, 6, 44, 54, 79, 81, 99, 106, 107, 108, 114, 115]
Return:  [5, 10, 12, 21, 24, 27, 28, 30, 33, 37, 39, 46, 53, 55, 56, 60, 61, 64, 66, 74, 77, 82, 87, 88, 92, 93, 101, 102, 104, 117, 118, 121]
	⭕  Walk to 50 (2.5 min) 
> 50 (20:40)
Rent:    [2, 6, 44, 54, 79, 81, 99, 106, 107, 108, 114, 115]
Return:  [5, 10, 12, 21, 24, 27, 28, 30, 33, 37, 39, 46, 53, 55, 56, 60, 61, 64, 66, 74, 77, 82, 87, 88, 92, 93, 101, 102, 104, 117, 118, 121]
	⭕  Bike to 5 (1.8 min) +1
> 5 (20:41)
Rent:    [2, 6, 44, 54, 79, 81, 99, 106, 107, 108, 114, 115]
Return:  [5, 10, 12, 21, 24, 27, 28, 30, 33, 37, 39, 46, 53, 55, 56, 60, 61, 64, 66, 74, 77, 82, 87, 88, 92, 93, 101, 102, 104, 117, 118, 121]
	⭕  Walk to 8 (2.6 min) 
> 8 (20:44)
Rent:    [2, 6, 44, 54, 79, 81, 99, 106, 107, 108, 114, 115]
Return:  [5, 10, 12, 21, 24, 27, 28, 30, 33, 37, 39, 46, 53, 55, 56, 60, 61, 64, 66, 74, 77, 82, 87, 88, 92, 93, 101, 102, 104, 117, 118, 121]
	⭕  Bike to 5 (1.9 min) +1
> 5 (20:46)
Rent:    [2, 6, 44, 54, 63, 79, 81, 99, 100, 106, 107, 108, 114, 115]
Return:  [5, 10, 12, 21, 24, 27, 28, 33, 34, 46, 50, 53, 55, 60, 61, 64, 66, 74, 77, 80, 82, 87, 88, 92, 93, 101, 102, 104, 117, 118, 121]
	⭕  Walk to 8 (2.6 min) 
> 8 (20:49)
Rent:    [2, 6, 44, 54, 63, 79, 81, 99, 100, 106, 107, 108, 114, 115]
Return:  [5, 10, 12, 21, 24, 27, 28, 33, 34, 46, 50, 53, 55, 60, 61, 64, 66, 74, 77, 80, 82, 87, 88, 92, 93, 101, 102, 104, 117, 118, 121]
	⭕  Bike to 5 (1.9 min) +1
> 5 (20:51)
Rent:    [2, 6, 44, 54, 63, 79, 81, 99, 100, 106, 107, 108, 114, 115]
Return:  [5, 10, 12, 21, 24, 27, 28, 33, 34, 46, 50, 53, 55, 60, 61, 64, 66, 74, 77, 80, 82, 87, 88, 92, 93, 101, 102, 104, 117, 118, 121]
	⭕  Walk to 8 (2.6 min) 
> 8 (20:53)
Rent:    [2, 6, 44, 54, 63, 79, 81, 99, 100, 106, 107, 108, 114, 115]
Return:  [5, 10, 12, 21, 24, 27, 28, 33, 34, 46, 50, 53, 55, 60, 61, 64, 66, 74, 77, 80, 82, 87, 88, 92, 93, 101, 102, 104, 117, 118, 121]
	⭕  Bike to 5 (1.9 min) +1
> 5 (20:55)
Rent:    [2, 6, 44, 54, 63, 79, 81, 99, 100, 106, 107, 108, 114, 115]
Return:  [5, 10, 12, 21, 24, 27, 28, 33, 34, 46, 50, 53, 55, 60, 61, 64, 66, 74, 77, 80, 82, 87, 88, 92, 93, 101, 102, 104, 117, 118, 121]
	⭕  Walk to 4 (3.8 min) 
> 4 (20:59)
Rent:    [2, 6, 44, 54, 63, 79, 81, 99, 100, 106, 107, 108, 114, 115]
Return:  [5, 10, 12, 21, 24, 27, 28, 33, 34, 46, 50, 53, 55, 60, 61, 64, 66, 74, 77, 80, 82, 87, 88, 92, 93, 101, 102, 104, 117, 118, 121]
	⭕  Bike to 33 (1.4 min) +1
> 33 (21:00)
Rent:    [2, 6, 44, 54, 63, 79, 99, 100, 106, 107, 108, 114, 115]
Return:  [5, 10, 12, 21, 24, 27, 28, 33, 34, 37, 39, 46, 50, 53, 55, 60, 61, 64, 66, 74, 77, 80, 82, 87, 88, 92, 93, 101, 102, 104, 117, 118, 121]
	⭕  Walk to 4 (2.8 min) 
> 4 (21:03)
Rent:    [2, 6, 44, 54, 63, 79, 99, 100, 106, 107, 108, 114, 115]
Return:  [5, 10, 12, 21, 24, 27, 28, 33, 34, 37, 39, 46, 50, 53, 55, 60, 61, 64, 66, 74, 77, 80, 82, 87, 88, 92, 93, 101, 102, 104, 117, 118, 121]
	⭕  Bike to 33 (1.4 min) +1
> 33 (21:05)
Rent:    [2, 6, 44, 54, 63, 79, 99, 100, 106, 107, 108, 114, 115]
Return:  [5, 10, 12, 21, 24, 27, 28, 33, 34, 37, 39, 46, 50, 53, 55, 60, 61, 64, 66, 74, 77, 80, 82, 87, 88, 92, 93, 101, 102, 104, 117, 118, 121]
	⭕  Walk to 4 (2.8 min) 
> 4 (21:07)
Rent:    [2, 6, 44, 54, 63, 79, 99, 100, 106, 107, 108, 114, 115]
Return:  [5, 10, 12, 21, 24, 27, 28, 33, 34, 37, 39, 46, 50, 53, 55, 60, 61, 64, 66, 74, 77, 80, 82, 87, 88, 92, 93, 101, 102, 104, 117, 118, 121]
	⭕  Bike to 33 (1.4 min) +1
> 33 (21:09)
Rent:    [2, 6, 44, 54, 63, 79, 99, 100, 106, 107, 108, 114, 115]
Return:  [5, 10, 12, 21, 24, 27, 28, 33, 34, 37, 39, 46, 50, 53, 55, 60, 61, 64, 66, 74, 77, 80, 82, 87, 88, 92, 93, 101, 102, 104, 117, 118, 121]
	⭕  Walk to 4 (2.8 min) 
> 4 (21:12)
Rent:    [2, 6, 44, 54, 63, 79, 99, 100, 106, 107, 108, 114, 115]
Return:  [5, 10, 12, 21, 24, 27, 28, 33, 34, 37, 39, 46, 50, 53, 55, 60, 61, 64, 66, 74, 77, 80, 82, 87, 88, 92, 93, 101, 102, 104, 117, 118, 121]
	⭕  Bike to 33 (1.4 min) +1
> 33 (21:13)
Rent:    [2, 6, 44, 54, 63, 79, 99, 100, 106, 107, 108, 114, 115]
Return:  [5, 10, 12, 21, 24, 27, 28, 33, 34, 37, 39, 46, 50, 53, 55, 60, 61, 64, 66, 74, 77, 80, 82, 87, 88, 92, 93, 101, 102, 104, 117, 118, 121]
	⭕  Walk to 4 (2.8 min) 
> 4 (21:16)
Rent:    [2, 6, 31, 44, 48, 54, 63, 79, 81, 99, 100, 106, 107, 108, 114, 115]
Return:  [5, 10, 12, 20, 21, 24, 27, 28, 30, 33, 34, 37, 39, 46, 47, 50, 53, 55, 56, 60, 64, 66, 74, 77, 80, 82, 87, 88, 92, 93, 102, 104, 117, 118, 121, 124]
	⭕  Bike to 33 (1.4 min) +1
> 33 (21:17)
Rent:    [2, 6, 31, 44, 48, 54, 63, 79, 81, 99, 100, 106, 107, 108, 114, 115]
Return:  [5, 10, 12, 20, 21, 24, 27, 28, 30, 33, 34, 37, 39, 46, 47, 50, 53, 55, 56, 60, 64, 66, 74, 77, 80, 82, 87, 88, 92, 93, 102, 104, 117, 118, 121, 124]
	⭕  Walk to 4 (2.8 min) 
> 4 (21:20)
Rent:    [2, 6, 31, 44, 48, 54, 63, 79, 81, 99, 100, 106, 107, 108, 114, 115]
Return:  [5, 10, 12, 20, 21, 24, 27, 28, 30, 33, 34, 37, 39, 46, 47, 50, 53, 55, 56, 60, 64, 66, 74, 77, 80, 82, 87, 88, 92, 93, 102, 104, 117, 118, 121, 124]
	⭕  Bike to 33 (1.4 min) +1
> 33 (21:21)
Rent:    [2, 6, 31, 44, 48, 54, 63, 79, 81, 99, 100, 106, 107, 108, 114, 115]
Return:  [5, 10, 12, 20, 21, 24, 27, 28, 30, 33, 34, 37, 39, 46, 47, 50, 53, 55, 56, 60, 64, 66, 74, 77, 80, 82, 87, 88, 92, 93, 102, 104, 117, 118, 121, 124]
	⭕  Walk to 8 (4.9 min) 
> 8 (21:26)
Rent:    [2, 6, 31, 44, 48, 54, 63, 79, 81, 99, 100, 106, 107, 108, 114, 115]
Return:  [5, 10, 12, 20, 21, 24, 27, 28, 30, 33, 34, 37, 39, 46, 47, 50, 53, 55, 56, 60, 64, 66, 74, 77, 80, 82, 87, 88, 92, 93, 102, 104, 117, 118, 121, 124]
	⭕  Bike to 5 (1.9 min) +1
> 5 (21:28)
Rent:    [2, 6, 31, 44, 48, 54, 63, 79, 81, 99, 100, 106, 107, 108, 114, 115]
Return:  [5, 10, 12, 20, 21, 24, 27, 28, 30, 33, 34, 37, 39, 46, 47, 50, 53, 55, 56, 60, 64, 66, 74, 77, 80, 82, 87, 88, 92, 93, 102, 104, 117, 118, 121, 124]
	⭕  Walk to 103 (4.2 min) 
> 103 (21:32)
Rent:    [2, 31, 44, 48, 54, 79, 81, 99, 100, 106, 107, 108, 114, 115]
Return:  [4, 5, 10, 12, 20, 21, 24, 27, 28, 30, 33, 34, 39, 46, 50, 53, 55, 56, 60, 61, 64, 66, 74, 77, 80, 82, 87, 88, 92, 93, 102, 104, 118, 121, 124]
	⭕  Bike to 55 (2.1 min) +1
> 55 (21:35)
Rent:    [2, 31, 44, 48, 54, 79, 81, 99, 100, 106, 107, 108, 114, 115]
Return:  [4, 5, 10, 12, 20, 21, 24, 27, 28, 30, 33, 34, 39, 46, 50, 53, 55, 56, 60, 61, 64, 66, 74, 77, 80, 82, 87, 88, 92, 93, 102, 104, 118, 121, 124]
	⭕  Walk to 103 (3.4 min) 
> 103 (21:38)
Rent:    [2, 31, 44, 48, 54, 79, 81, 99, 100, 106, 107, 108, 114, 115]
Return:  [4, 5, 10, 12, 20, 21, 24, 27, 28, 30, 33, 34, 39, 46, 50, 53, 55, 56, 60, 61, 64, 66, 74, 77, 80, 82, 87, 88, 92, 93, 102, 104, 118, 121, 124]
	⭕  Bike to 55 (2.1 min) +1
> 55 (21:40)
Rent:    [2, 31, 44, 48, 54, 79, 81, 99, 100, 106, 107, 108, 114, 115]
Return:  [4, 5, 10, 12, 20, 21, 24, 27, 28, 30, 33, 34, 39, 46, 50, 53, 55, 56, 60, 61, 64, 66, 74, 77, 80, 82, 87, 88, 92, 93, 102, 104, 118, 121, 124]
	⭕  Walk to 122 (8.4 min) 
> 122 (21:48)
Rent:    [2, 44, 48, 54, 79, 81, 99, 106, 107, 108, 114, 115]
Return:  [4, 5, 10, 12, 20, 24, 27, 28, 30, 34, 39, 46, 50, 53, 55, 56, 60, 61, 64, 66, 80, 82, 87, 88, 92, 93, 104, 118, 121, 124]
	⭕  Bike to 50 (2.5 min) +1
> 50 (21:51)
Rent:    [2, 44, 48, 54, 79, 81, 99, 106, 107, 108, 114, 115]
Return:  [4, 5, 10, 12, 20, 24, 27, 28, 30, 34, 39, 46, 50, 53, 55, 56, 60, 61, 64, 66, 80, 82, 87, 88, 92, 93, 104, 118, 121, 124]
	⭕  Walk to 58 (4.2 min) 
> 58 (21:55)
Rent:    [2, 44, 48, 54, 79, 81, 99, 106, 107, 108, 114, 115]
Return:  [4, 5, 10, 12, 20, 24, 27, 28, 30, 34, 39, 46, 50, 53, 55, 56, 60, 61, 64, 66, 80, 82, 87, 88, 92, 93, 104, 118, 121, 124]
	⭕  Bike to 50 (1.4 min) +1
> 50 (21:57)
Rent:    [2, 44, 48, 54, 79, 81, 99, 106, 107, 108, 114, 115]
Return:  [4, 5, 10, 12, 20, 24, 27, 28, 30, 34, 39, 46, 50, 53, 55, 56, 60, 61, 64, 66, 80, 82, 87, 88, 92, 93, 104, 118, 121, 124]
	⭕  Walk to 58 (4.2 min) 
> 58 (22:01)
Rent:    [2, 31, 44, 54, 79, 99, 100, 106, 107, 108, 109, 114, 115]
Return:  [4, 5, 10, 12, 20, 24, 27, 28, 30, 34, 39, 46, 50, 53, 55, 60, 61, 64, 66, 80, 82, 87, 88, 93, 101, 104, 118, 121, 124]
	⭕  Bike to 50 (1.4 min) +1
> 50 (22:02)
Rent:    [2, 31, 44, 54, 79, 99, 100, 106, 107, 108, 109, 114, 115]
Return:  [4, 5, 10, 12, 20, 24, 27, 28, 30, 34, 39, 46, 50, 53, 55, 60, 61, 64, 66, 80, 82, 87, 88, 93, 101, 104, 118, 121, 124]
	⭕  Walk to 58 (4.2 min) 
> 58 (22:06)
Rent:    [2, 31, 44, 54, 79, 99, 100, 106, 107, 108, 109, 114, 115]
Return:  [4, 5, 10, 12, 20, 24, 27, 28, 30, 34, 39, 46, 50, 53, 55, 60, 61, 64, 66, 80, 82, 87, 88, 93, 101, 104, 118, 121, 124]
	⭕  Bike to 50 (1.4 min) +1
> 50 (22:08)
Rent:    [2, 31, 44, 54, 79, 99, 100, 106, 107, 108, 109, 114, 115]
Return:  [4, 5, 10, 12, 20, 24, 27, 28, 30, 34, 39, 46, 50, 53, 55, 60, 61, 64, 66, 80, 82, 87, 88, 93, 101, 104, 118, 121, 124]
	⭕  Walk to 58 (4.2 min) 
> 58 (22:12)
Rent:    [2, 31, 44, 54, 79, 99, 100, 106, 107, 108, 109, 114, 115]
Return:  [4, 5, 10, 12, 20, 24, 27, 28, 30, 34, 39, 46, 50, 53, 55, 60, 61, 64, 66, 80, 82, 87, 88, 93, 101, 104, 118, 121, 124]
	⭕  Bike to 50 (1.4 min) +1
> 50 (22:13)
Rent:    [2, 31, 44, 54, 79, 99, 100, 106, 107, 108, 109, 114, 115]
Return:  [4, 5, 10, 12, 20, 24, 27, 28, 30, 34, 39, 46, 50, 53, 55, 60, 61, 64, 66, 80, 82, 87, 88, 93, 101, 104, 118, 121, 124]
	⭕  Walk to 58 (4.2 min) 
> 58 (22:18)
Rent:    [2, 32, 43, 44, 54, 57, 79, 99, 100, 106, 107, 108, 109, 114, 115]
Return:  [4, 5, 7, 10, 12, 20, 24, 28, 30, 33, 34, 46, 50, 53, 55, 60, 61, 64, 66, 74, 80, 82, 87, 88, 93, 102, 104, 117, 118, 121, 124]
	⭕  Bike to 5 (2.2 min) +1
> 5 (22:20)
Rent:    [2, 32, 43, 44, 54, 57, 79, 99, 100, 106, 107, 108, 109, 114, 115]
Return:  [4, 5, 7, 10, 12, 20, 24, 28, 30, 33, 34, 46, 50, 53, 55, 60, 61, 64, 66, 74, 80, 82, 87, 88, 93, 102, 104, 117, 118, 121, 124]
	⭕  Walk to 8 (2.6 min) 
> 8 (22:23)
Rent:    [2, 32, 43, 44, 54, 57, 79, 99, 100, 106, 107, 108, 109, 114, 115]
Return:  [4, 5, 7, 10, 12, 20, 24, 28, 30, 33, 34, 46, 50, 53, 55, 60, 61, 64, 66, 74, 80, 82, 87, 88, 93, 102, 104, 117, 118, 121, 124]
	⭕  Bike to 4 (1.8 min) +1
> 4 (22:24)
Rent:    [2, 32, 43, 44, 54, 57, 79, 99, 100, 106, 107, 108, 109, 114, 115]
Return:  [4, 5, 7, 10, 12, 20, 24, 28, 30, 33, 34, 46, 50, 53, 55, 60, 61, 64, 66, 74, 80, 82, 87, 88, 93, 102, 104, 117, 118, 121, 124]
	⭕  Walk to 0 (5.2 min) 
> 0 (22:30)
Rent:    [2, 32, 43, 44, 54, 57, 63, 89, 99, 106, 107, 108, 114, 115]
Return:  [4, 5, 10, 12, 20, 24, 28, 30, 33, 34, 35, 37, 46, 50, 53, 55, 60, 61, 64, 66, 77, 80, 82, 87, 88, 93, 101, 102, 104, 117, 118, 121]
	⭕  Bike to 4 (1.8 min) +1
> 4 (22:31)
Rent:    [2, 32, 43, 44, 54, 57, 63, 89, 99, 106, 107, 108, 114, 115]
Return:  [4, 5, 10, 12, 20, 24, 28, 30, 33, 34, 35, 37, 46, 50, 53, 55, 60, 61, 64, 66, 77, 80, 82, 87, 88, 93, 101, 102, 104, 117, 118, 121]
	⭕  Walk to 0 (5.2 min) 
> 0 (22:36)
Rent:    [2, 32, 43, 44, 54, 57, 63, 89, 99, 106, 107, 108, 114, 115]
Return:  [4, 5, 10, 12, 20, 24, 28, 30, 33, 34, 35, 37, 46, 50, 53, 55, 60, 61, 64, 66, 77, 80, 82, 87, 88, 93, 101, 102, 104, 117, 118, 121]
	⭕  Bike to 20 (2.4 min) +1
> 20 (22:39)
Rent:    [2, 32, 43, 44, 54, 57, 63, 89, 99, 106, 107, 108, 114, 115]
Return:  [4, 5, 10, 12, 20, 24, 28, 30, 33, 34, 35, 37, 46, 50, 53, 55, 60, 61, 64, 66, 77, 80, 82, 87, 88, 93, 101, 102, 104, 117, 118, 121]
	⭕  Walk to 0 (3.2 min) 
> 0 (22:42)
Rent:    [2, 32, 43, 44, 54, 57, 63, 89, 99, 106, 107, 108, 114, 115]
Return:  [4, 5, 10, 12, 20, 24, 28, 30, 33, 34, 35, 37, 46, 50, 53, 55, 60, 61, 64, 66, 77, 80, 82, 87, 88, 93, 101, 102, 104, 117, 118, 121]
	⭕  Bike to 4 (1.8 min) +1
> 4 (22:44)
Rent:    [2, 32, 43, 44, 54, 57, 63, 89, 99, 106, 107, 108, 114, 115]
Return:  [4, 5, 10, 12, 20, 24, 28, 30, 33, 34, 35, 37, 46, 50, 53, 55, 60, 61, 64, 66, 77, 80, 82, 87, 88, 93, 101, 102, 104, 117, 118, 121]
	⭕  Walk to 56 (5.6 min) 
> 56 (22:49)
Rent:    [2, 32, 43, 44, 54, 57, 63, 81, 99, 106, 107, 108, 109, 114, 115]
Return:  [0, 4, 5, 10, 12, 20, 24, 28, 30, 34, 46, 50, 55, 60, 61, 64, 66, 74, 77, 80, 82, 87, 88, 93, 101, 102, 104, 117, 118, 121, 124]
	⭕  Bike to 0 (1.5 min) +1
> 0 (22:51)
Rent:    [2, 32, 43, 44, 54, 57, 63, 81, 99, 106, 107, 108, 109, 114, 115]
Return:  [0, 4, 5, 10, 12, 20, 24, 28, 30, 34, 46, 50, 55, 60, 61, 64, 66, 74, 77, 80, 82, 87, 88, 93, 101, 102, 104, 117, 118, 121, 124]
	🔵  End excursion
	⭕  Walk to 5 (8.5 min) 
> 5 (22:59)

---------- Excursion Complete ----------
End time: 22:59
Final station: 5
Bike count: 92
Walk count: 92
Wait count: 0
Total reward: 92
Seed: 2036203395

