Generated random seed: 3750526009
---------- Starting Excursion -----------
Warmup time: 4.0 hours
Start time: 16:00 
Excursion time: 7.0 hours

> 1 (16:00)
Rent:    [54, 57, 98, 107]
Return:  [10, 12, 24, 28, 33, 34, 37, 39, 45, 46, 50, 55, 60, 87, 92, 105, 117]
	⭕  Bike to 12 (3.8 min) +1
> 12 (16:03)
Rent:    [54, 57, 98, 107]
Return:  [10, 12, 24, 28, 33, 34, 37, 39, 45, 46, 50, 55, 60, 87, 92, 105, 117]
	⭕  Walk to 93 (2.9 min) 
> 93 (16:06)
Rent:    [54, 57, 98, 107]
Return:  [10, 12, 24, 28, 33, 34, 37, 39, 45, 46, 50, 55, 60, 87, 92, 105, 117]
	⭕  Bike to 12 (1.1 min) +1
> 12 (16:07)
Rent:    [54, 57, 98, 107]
Return:  [10, 12, 24, 28, 33, 34, 37, 39, 45, 46, 50, 55, 60, 87, 92, 105, 117]
	⭕  Walk to 93 (2.9 min) 
> 93 (16:10)
Rent:    [54, 57, 98, 107]
Return:  [10, 12, 24, 28, 33, 34, 37, 39, 45, 46, 50, 55, 60, 87, 92, 105, 117]
	⭕  Bike to 12 (1.1 min) +1
> 12 (16:11)
Rent:    [54, 57, 98, 107]
Return:  [10, 12, 24, 28, 33, 34, 37, 39, 45, 46, 50, 55, 60, 87, 92, 105, 117]
	⭕  Walk to 93 (2.9 min) 
> 93 (16:14)
Rent:    [54, 57, 98, 107]
Return:  [10, 12, 24, 28, 33, 34, 37, 39, 45, 46, 50, 55, 60, 87, 92, 105, 117]
	⭕  Bike to 55 (1.7 min) +1
> 55 (16:16)
Rent:    [54, 57, 98, 103, 107]
Return:  [10, 12, 24, 28, 33, 34, 37, 39, 45, 46, 50, 53, 55, 60, 77, 87, 92, 105, 117]
	⭕  Walk to 103 (3.4 min) 
> 103 (16:19)
Rent:    [54, 57, 98, 103, 107]
Return:  [10, 12, 24, 28, 33, 34, 37, 39, 45, 46, 50, 53, 55, 60, 77, 87, 92, 105, 117]
	⭕  Bike to 55 (2.1 min) +2
> 55 (16:21)
Rent:    [54, 57, 98, 103, 107]
Return:  [10, 12, 24, 28, 33, 34, 37, 39, 45, 46, 50, 53, 55, 60, 77, 87, 92, 105, 117]
	⭕  Walk to 103 (3.4 min) 
> 103 (16:25)
Rent:    [54, 57, 98, 103, 107]
Return:  [10, 12, 24, 28, 33, 34, 37, 39, 45, 46, 50, 53, 55, 60, 77, 87, 92, 105, 117]
	⭕  Bike to 55 (2.1 min) +2
> 55 (16:27)
Rent:    [54, 57, 98, 103, 107]
Return:  [10, 12, 24, 28, 33, 34, 37, 39, 45, 46, 50, 53, 55, 60, 77, 87, 92, 105, 117]
	⭕  Walk to 103 (3.4 min) 
> 103 (16:30)
Rent:    [54, 57, 98, 107]
Return:  [10, 12, 24, 28, 33, 34, 37, 39, 45, 46, 50, 53, 55, 60, 77, 82, 87, 92, 93, 105, 117]
	⭕  Bike to 10 (2.9 min) +1
> 10 (16:33)
Rent:    [54, 57, 98, 107]
Return:  [10, 12, 24, 28, 33, 34, 37, 39, 45, 46, 50, 53, 55, 60, 77, 82, 87, 92, 93, 105, 117]
	⭕  Walk to 30 (4.2 min) 
> 30 (16:37)
Rent:    [54, 57, 98, 107]
Return:  [10, 12, 24, 28, 33, 34, 37, 39, 45, 46, 50, 53, 55, 60, 77, 82, 87, 92, 93, 105, 117]
	⭕  Bike to 87 (1.0 min) +1
> 87 (16:38)
Rent:    [54, 57, 98, 107]
Return:  [10, 12, 24, 28, 33, 34, 37, 39, 45, 46, 50, 53, 55, 60, 77, 82, 87, 92, 93, 105, 117]
	⭕  Walk to 30 (2.6 min) 
> 30 (16:41)
Rent:    [54, 57, 98, 107]
Return:  [10, 12, 24, 28, 33, 34, 37, 39, 45, 46, 50, 53, 55, 60, 77, 82, 87, 92, 93, 105, 117]
	⭕  Bike to 87 (1.0 min) +1
> 87 (16:42)
Rent:    [54, 57, 98, 107]
Return:  [10, 12, 24, 28, 33, 34, 37, 39, 45, 46, 50, 53, 55, 60, 77, 82, 87, 92, 93, 105, 117]
	⭕  Walk to 30 (2.6 min) 
> 30 (16:45)
Rent:    [2, 54, 57, 98, 107]
Return:  [12, 24, 28, 33, 34, 37, 45, 46, 50, 53, 55, 60, 64, 77, 82, 87, 92, 93, 105, 117]
	⭕  Bike to 87 (1.0 min) +1
> 87 (16:46)
Rent:    [2, 54, 57, 98, 107]
Return:  [12, 24, 28, 33, 34, 37, 45, 46, 50, 53, 55, 60, 64, 77, 82, 87, 92, 93, 105, 117]
	⭕  Walk to 47 (2.4 min) 
> 47 (16:48)
Rent:    [2, 54, 57, 98, 107]
Return:  [12, 24, 28, 33, 34, 37, 45, 46, 50, 53, 55, 60, 64, 77, 82, 87, 92, 93, 105, 117]
	⭕  Bike to 53 (1.2 min) +1
> 53 (16:49)
Rent:    [2, 54, 57, 98, 107]
Return:  [12, 24, 28, 33, 34, 37, 45, 46, 50, 53, 55, 60, 64, 77, 82, 87, 92, 93, 105, 117]
	⭕  Walk to 47 (2.7 min) 
> 47 (16:52)
Rent:    [2, 54, 57, 98, 107]
Return:  [12, 24, 28, 33, 34, 37, 45, 46, 50, 53, 55, 60, 64, 77, 82, 87, 92, 93, 105, 117]
	⭕  Bike to 53 (1.2 min) +1
> 53 (16:53)
Rent:    [2, 54, 57, 98, 107]
Return:  [12, 24, 28, 33, 34, 37, 45, 46, 50, 53, 55, 60, 64, 77, 82, 87, 92, 93, 105, 117]
	⭕  Walk to 47 (2.7 min) 
> 47 (16:56)
Rent:    [2, 54, 57, 98, 107]
Return:  [12, 24, 28, 33, 34, 37, 45, 46, 50, 53, 55, 60, 64, 77, 82, 87, 92, 93, 105, 117]
	⭕  Bike to 53 (1.2 min) +1
> 53 (16:57)
Rent:    [2, 54, 57, 98, 107]
Return:  [12, 24, 28, 33, 34, 37, 45, 46, 50, 53, 55, 60, 64, 77, 82, 87, 92, 93, 105, 117]
	⭕  Walk to 47 (2.7 min) 
> 47 (17:00)
Rent:    [2, 54, 57, 98, 107, 109]
Return:  [10, 12, 24, 28, 33, 34, 37, 46, 50, 53, 55, 60, 64, 66, 77, 82, 87, 92, 93, 117]
	⭕  Bike to 53 (1.2 min) +1
> 53 (17:01)
Rent:    [2, 54, 57, 98, 107, 109]
Return:  [10, 12, 24, 28, 33, 34, 37, 46, 50, 53, 55, 60, 64, 66, 77, 82, 87, 92, 93, 117]
	⭕  Walk to 30 (4.1 min) 
> 30 (17:05)
Rent:    [2, 54, 57, 98, 107, 109]
Return:  [10, 12, 24, 28, 33, 34, 37, 46, 50, 53, 55, 60, 64, 66, 77, 82, 87, 92, 93, 117]
	⭕  Bike to 87 (1.0 min) +1
> 87 (17:06)
Rent:    [2, 54, 57, 98, 107, 109]
Return:  [10, 12, 24, 28, 33, 34, 37, 46, 50, 53, 55, 60, 64, 66, 77, 82, 87, 92, 93, 117]
	⭕  Walk to 102 (6.6 min) 
> 102 (17:13)
Rent:    [2, 54, 57, 98, 107, 109]
Return:  [10, 12, 24, 28, 33, 34, 37, 46, 50, 53, 55, 60, 64, 66, 77, 82, 87, 92, 93, 117]
	⭕  Bike to 66 (0.7 min) +1
> 66 (17:13)
Rent:    [2, 54, 57, 98, 107, 109]
Return:  [10, 12, 24, 28, 33, 34, 37, 46, 50, 53, 55, 60, 64, 66, 77, 82, 87, 92, 93, 117]
	⭕  Walk to 102 (1.7 min) 
> 102 (17:15)
Rent:    [2, 54, 57, 98, 107, 109]
Return:  [3, 10, 11, 12, 24, 28, 30, 33, 34, 37, 46, 50, 53, 55, 60, 64, 66, 77, 87, 92, 93, 117]
	⭕  Bike to 66 (0.7 min) +1
> 66 (17:16)
Rent:    [2, 54, 57, 98, 107, 109]
Return:  [3, 10, 11, 12, 24, 28, 30, 33, 34, 37, 46, 50, 53, 55, 60, 64, 66, 77, 87, 92, 93, 117]
	⭕  Walk to 102 (1.7 min) 
> 102 (17:18)
Rent:    [2, 54, 57, 98, 107, 109]
Return:  [3, 10, 11, 12, 24, 28, 30, 33, 34, 37, 46, 50, 53, 55, 60, 64, 66, 77, 87, 92, 93, 117]
	⭕  Bike to 66 (0.7 min) +1
> 66 (17:18)
Rent:    [2, 54, 57, 98, 107, 109]
Return:  [3, 10, 11, 12, 24, 28, 30, 33, 34, 37, 46, 50, 53, 55, 60, 64, 66, 77, 87, 92, 93, 117]
	⭕  Walk to 102 (1.7 min) 
> 102 (17:20)
Rent:    [2, 54, 57, 98, 107, 109]
Return:  [3, 10, 11, 12, 24, 28, 30, 33, 34, 37, 46, 50, 53, 55, 60, 64, 66, 77, 87, 92, 93, 117]
	⭕  Bike to 66 (0.7 min) +1
> 66 (17:21)
Rent:    [2, 54, 57, 98, 107, 109]
Return:  [3, 10, 11, 12, 24, 28, 30, 33, 34, 37, 46, 50, 53, 55, 60, 64, 66, 77, 87, 92, 93, 117]
	⭕  Walk to 102 (1.7 min) 
> 102 (17:22)
Rent:    [2, 54, 57, 98, 107, 109]
Return:  [3, 10, 11, 12, 24, 28, 30, 33, 34, 37, 46, 50, 53, 55, 60, 64, 66, 77, 87, 92, 93, 117]
	⭕  Bike to 66 (0.7 min) +1
> 66 (17:23)
Rent:    [2, 54, 57, 98, 107, 109]
Return:  [3, 10, 11, 12, 24, 28, 30, 33, 34, 37, 46, 50, 53, 55, 60, 64, 66, 77, 87, 92, 93, 117]
	⭕  Walk to 102 (1.7 min) 
> 102 (17:25)
Rent:    [2, 54, 57, 98, 107, 109]
Return:  [3, 10, 11, 12, 24, 28, 30, 33, 34, 37, 46, 50, 53, 55, 60, 64, 66, 77, 87, 92, 93, 117]
	⭕  Bike to 66 (0.7 min) +1
> 66 (17:25)
Rent:    [2, 54, 57, 98, 107, 109]
Return:  [3, 10, 11, 12, 24, 28, 30, 33, 34, 37, 46, 50, 53, 55, 60, 64, 66, 77, 87, 92, 93, 117]
	⭕  Walk to 102 (1.7 min) 
> 102 (17:27)
Rent:    [2, 54, 57, 98, 107, 109]
Return:  [3, 10, 11, 12, 24, 28, 30, 33, 34, 37, 46, 50, 53, 55, 60, 64, 66, 77, 87, 92, 93, 117]
	⭕  Bike to 66 (0.7 min) +1
> 66 (17:28)
Rent:    [2, 54, 57, 98, 107, 109]
Return:  [3, 10, 11, 12, 24, 28, 30, 33, 34, 37, 46, 50, 53, 55, 60, 64, 66, 77, 87, 92, 93, 117]
	⭕  Walk to 102 (1.7 min) 
> 102 (17:30)
Rent:    [54, 57, 98, 106, 107, 109]
Return:  [3, 10, 12, 24, 28, 30, 33, 34, 46, 50, 53, 55, 60, 66, 77, 82, 87, 92, 117]
	⭕  Bike to 66 (0.7 min) +1
> 66 (17:30)
Rent:    [54, 57, 98, 106, 107, 109]
Return:  [3, 10, 12, 24, 28, 30, 33, 34, 46, 50, 53, 55, 60, 66, 77, 82, 87, 92, 117]
	⭕  Walk to 52 (2.4 min) 
> 52 (17:33)
Rent:    [54, 57, 98, 106, 107, 109]
Return:  [3, 10, 12, 24, 28, 30, 33, 34, 46, 50, 53, 55, 60, 66, 77, 82, 87, 92, 117]
	⭕  Bike to 66 (1.1 min) +1
> 66 (17:34)
Rent:    [54, 57, 98, 106, 107, 109]
Return:  [3, 10, 12, 24, 28, 30, 33, 34, 46, 50, 53, 55, 60, 66, 77, 82, 87, 92, 117]
	⭕  Walk to 52 (2.4 min) 
> 52 (17:36)
Rent:    [54, 57, 98, 106, 107, 109]
Return:  [3, 10, 12, 24, 28, 30, 33, 34, 46, 50, 53, 55, 60, 66, 77, 82, 87, 92, 117]
	⭕  Bike to 66 (1.1 min) +1
> 66 (17:37)
Rent:    [54, 57, 98, 106, 107, 109]
Return:  [3, 10, 12, 24, 28, 30, 33, 34, 46, 50, 53, 55, 60, 66, 77, 82, 87, 92, 117]
	⭕  Walk to 52 (2.4 min) 
> 52 (17:40)
Rent:    [54, 57, 98, 106, 107, 109]
Return:  [3, 10, 12, 24, 28, 30, 33, 34, 46, 50, 53, 55, 60, 66, 77, 82, 87, 92, 117]
	⭕  Bike to 66 (1.1 min) +1
> 66 (17:41)
Rent:    [54, 57, 98, 106, 107, 109]
Return:  [3, 10, 12, 24, 28, 30, 33, 34, 46, 50, 53, 55, 60, 66, 77, 82, 87, 92, 117]
	⭕  Walk to 52 (2.4 min) 
> 52 (17:43)
Rent:    [54, 57, 98, 106, 107, 109]
Return:  [3, 10, 12, 24, 28, 30, 33, 34, 46, 50, 53, 55, 60, 66, 77, 82, 87, 92, 117]
	⭕  Bike to 66 (1.1 min) +1
> 66 (17:44)
Rent:    [54, 57, 98, 106, 107, 109]
Return:  [3, 10, 12, 24, 28, 30, 33, 34, 46, 50, 53, 55, 60, 66, 77, 82, 87, 92, 117]
	⭕  Walk to 52 (2.4 min) 
> 52 (17:47)
Rent:    [6, 54, 57, 98, 106, 107, 109, 120]
Return:  [3, 10, 12, 24, 28, 30, 33, 34, 37, 46, 47, 50, 53, 60, 66, 77, 82, 87, 92, 102, 117]
	⭕  Bike to 66 (1.1 min) +1
> 66 (17:48)
Rent:    [6, 54, 57, 98, 106, 107, 109, 120]
Return:  [3, 10, 12, 24, 28, 30, 33, 34, 37, 46, 47, 50, 53, 60, 66, 77, 82, 87, 92, 102, 117]
	⭕  Walk to 52 (2.4 min) 
> 52 (17:50)
Rent:    [6, 54, 57, 98, 106, 107, 109, 120]
Return:  [3, 10, 12, 24, 28, 30, 33, 34, 37, 46, 47, 50, 53, 60, 66, 77, 82, 87, 92, 102, 117]
	⭕  Bike to 66 (1.1 min) +1
> 66 (17:51)
Rent:    [6, 54, 57, 98, 106, 107, 109, 120]
Return:  [3, 10, 12, 24, 28, 30, 33, 34, 37, 46, 47, 50, 53, 60, 66, 77, 82, 87, 92, 102, 117]
	⭕  Walk to 52 (2.4 min) 
> 52 (17:54)
Rent:    [6, 54, 57, 98, 106, 107, 109, 120]
Return:  [3, 10, 12, 24, 28, 30, 33, 34, 37, 46, 47, 50, 53, 60, 66, 77, 82, 87, 92, 102, 117]
	⭕  Bike to 66 (1.1 min) +1
> 66 (17:55)
Rent:    [6, 54, 57, 98, 106, 107, 109, 120]
Return:  [3, 10, 12, 24, 28, 30, 33, 34, 37, 46, 47, 50, 53, 60, 66, 77, 82, 87, 92, 102, 117]
	⭕  Walk to 52 (2.4 min) 
> 52 (17:57)
Rent:    [6, 54, 57, 98, 106, 107, 109, 120]
Return:  [3, 10, 12, 24, 28, 30, 33, 34, 37, 46, 47, 50, 53, 60, 66, 77, 82, 87, 92, 102, 117]
	⭕  Bike to 66 (1.1 min) +1
> 66 (17:58)
Rent:    [6, 54, 57, 98, 106, 107, 109, 120]
Return:  [3, 10, 12, 24, 28, 30, 33, 34, 37, 46, 47, 50, 53, 60, 66, 77, 82, 87, 92, 102, 117]
	⭕  Walk to 52 (2.4 min) 
> 52 (18:01)
Rent:    [6, 54, 57, 79, 106, 107, 109, 115, 120]
Return:  [3, 10, 12, 28, 30, 33, 34, 37, 39, 46, 47, 50, 53, 60, 66, 77, 82, 87, 92, 102, 105, 117]
	⭕  Bike to 66 (1.1 min) +1
> 66 (18:02)
Rent:    [6, 54, 57, 79, 106, 107, 109, 115, 120]
Return:  [3, 10, 12, 28, 30, 33, 34, 37, 39, 46, 47, 50, 53, 60, 66, 77, 82, 87, 92, 102, 105, 117]
	⭕  Walk to 27 (6.6 min) 
> 27 (18:08)
Rent:    [6, 54, 57, 79, 106, 107, 109, 115, 120]
Return:  [3, 10, 12, 28, 30, 33, 34, 37, 39, 46, 47, 50, 53, 60, 66, 77, 82, 87, 92, 102, 105, 117]
	⭕  Bike to 28 (1.4 min) +1
> 28 (18:10)
Rent:    [6, 54, 57, 79, 106, 107, 109, 115, 120]
Return:  [3, 10, 12, 28, 30, 33, 34, 37, 39, 46, 47, 50, 53, 60, 66, 77, 82, 87, 92, 102, 105, 117]
	⭕  Walk to 52 (6.6 min) 
> 52 (18:16)
Rent:    [6, 54, 57, 79, 81, 106, 107, 109, 115, 120]
Return:  [3, 12, 14, 27, 28, 30, 34, 37, 46, 47, 50, 53, 55, 60, 64, 66, 77, 80, 82, 87, 92, 102, 105, 117]
	⭕  Bike to 102 (2.2 min) +1
> 102 (18:18)
Rent:    [6, 54, 57, 79, 81, 106, 107, 109, 115, 120]
Return:  [3, 12, 14, 27, 28, 30, 34, 37, 46, 47, 50, 53, 55, 60, 64, 66, 77, 80, 82, 87, 92, 102, 105, 117]
	⭕  Walk to 84 (11 min) 
> 84 (18:30)
Rent:    [6, 54, 57, 79, 98, 106, 107, 109, 115, 120]
Return:  [3, 10, 11, 12, 27, 28, 30, 34, 37, 46, 50, 52, 53, 60, 64, 66, 77, 80, 87, 92, 102, 117]
	⭕  Bike to 50 (4.0 min) +1
> 50 (18:33)
Rent:    [6, 54, 57, 79, 98, 106, 107, 109, 115, 120]
Return:  [3, 10, 11, 12, 27, 28, 30, 34, 37, 46, 50, 52, 53, 60, 64, 66, 77, 80, 87, 92, 102, 117]
	⭕  Walk to 5 (2.5 min) 
> 5 (18:36)
Rent:    [6, 54, 57, 79, 98, 106, 107, 109, 115, 120]
Return:  [3, 10, 11, 12, 27, 28, 30, 34, 37, 46, 50, 52, 53, 60, 64, 66, 77, 80, 87, 92, 102, 117]
	⭕  Bike to 50 (1.0 min) +1
> 50 (18:37)
Rent:    [6, 54, 57, 79, 98, 106, 107, 109, 115, 120]
Return:  [3, 10, 11, 12, 27, 28, 30, 34, 37, 46, 50, 52, 53, 60, 64, 66, 77, 80, 87, 92, 102, 117]
	⭕  Walk to 5 (2.5 min) 
> 5 (18:39)
Rent:    [6, 54, 57, 79, 98, 106, 107, 109, 115, 120]
Return:  [3, 10, 11, 12, 27, 28, 30, 34, 37, 46, 50, 52, 53, 60, 64, 66, 77, 80, 87, 92, 102, 117]
	⭕  Bike to 50 (1.0 min) +1
> 50 (18:40)
Rent:    [6, 54, 57, 79, 98, 106, 107, 109, 115, 120]
Return:  [3, 10, 11, 12, 27, 28, 30, 34, 37, 46, 50, 52, 53, 60, 64, 66, 77, 80, 87, 92, 102, 117]
	⭕  Walk to 104 (3.9 min) 
> 104 (18:44)
Rent:    [6, 54, 57, 79, 98, 106, 107, 109, 115, 120]
Return:  [3, 10, 11, 12, 27, 28, 30, 34, 37, 46, 50, 52, 53, 60, 64, 66, 77, 80, 87, 92, 102, 117]
	⭕  Bike to 50 (1.4 min) +1
> 50 (18:46)
Rent:    [6, 54, 57, 79, 98, 106, 107, 109, 115, 120]
Return:  [3, 5, 10, 11, 12, 27, 28, 30, 33, 34, 37, 46, 47, 50, 53, 55, 60, 66, 77, 80, 82, 87, 92, 102, 105, 117]
	⭕  Walk to 104 (3.9 min) 
> 104 (18:50)
Rent:    [6, 54, 57, 79, 98, 106, 107, 109, 115, 120]
Return:  [3, 5, 10, 11, 12, 27, 28, 30, 33, 34, 37, 46, 47, 50, 53, 55, 60, 66, 77, 80, 82, 87, 92, 102, 105, 117]
	⭕  Bike to 5 (1.3 min) +1
> 5 (18:51)
Rent:    [6, 54, 57, 79, 98, 106, 107, 109, 115, 120]
Return:  [3, 5, 10, 11, 12, 27, 28, 30, 33, 34, 37, 46, 47, 50, 53, 55, 60, 66, 77, 80, 82, 87, 92, 102, 105, 117]
	⭕  Walk to 4 (3.8 min) 
> 4 (18:55)
Rent:    [6, 54, 57, 79, 98, 106, 107, 109, 115, 120]
Return:  [3, 5, 10, 11, 12, 27, 28, 30, 33, 34, 37, 46, 47, 50, 53, 55, 60, 66, 77, 80, 82, 87, 92, 102, 105, 117]
	⭕  Bike to 33 (1.4 min) +1
> 33 (18:56)
Rent:    [6, 54, 57, 79, 98, 106, 107, 109, 115, 120]
Return:  [3, 5, 10, 11, 12, 27, 28, 30, 33, 34, 37, 46, 47, 50, 53, 55, 60, 66, 77, 80, 82, 87, 92, 102, 105, 117]
	⭕  Walk to 4 (2.8 min) 
> 4 (18:59)
Rent:    [6, 54, 57, 79, 98, 106, 107, 109, 115, 120]
Return:  [3, 5, 10, 11, 12, 27, 28, 30, 33, 34, 37, 46, 47, 50, 53, 55, 60, 66, 77, 80, 82, 87, 92, 102, 105, 117]
	⭕  Bike to 33 (1.4 min) +1
> 33 (19:00)
Rent:    [6, 54, 57, 79, 81, 98, 106, 107, 109, 115, 120]
Return:  [3, 5, 8, 10, 27, 30, 33, 37, 39, 46, 50, 53, 55, 60, 66, 77, 80, 82, 87, 92, 102, 105, 117]
	⭕  Walk to 4 (2.8 min) 
> 4 (19:03)
Rent:    [6, 54, 57, 79, 81, 98, 106, 107, 109, 115, 120]
Return:  [3, 5, 8, 10, 27, 30, 33, 37, 39, 46, 50, 53, 55, 60, 66, 77, 80, 82, 87, 92, 102, 105, 117]
	⭕  Bike to 33 (1.4 min) +1
> 33 (19:04)
Rent:    [6, 54, 57, 79, 81, 98, 106, 107, 109, 115, 120]
Return:  [3, 5, 8, 10, 27, 30, 33, 37, 39, 46, 50, 53, 55, 60, 66, 77, 80, 82, 87, 92, 102, 105, 117]
	⭕  Walk to 5 (3.0 min) 
> 5 (19:07)
Rent:    [6, 54, 57, 79, 81, 98, 106, 107, 109, 115, 120]
Return:  [3, 5, 8, 10, 27, 30, 33, 37, 39, 46, 50, 53, 55, 60, 66, 77, 80, 82, 87, 92, 102, 105, 117]
	⭕  Bike to 50 (1.0 min) +1
> 50 (19:08)
Rent:    [6, 54, 57, 79, 81, 98, 106, 107, 109, 115, 120]
Return:  [3, 5, 8, 10, 27, 30, 33, 37, 39, 46, 50, 53, 55, 60, 66, 77, 80, 82, 87, 92, 102, 105, 117]
	⭕  Walk to 104 (3.9 min) 
> 104 (19:12)
Rent:    [6, 54, 57, 79, 81, 98, 106, 107, 109, 115, 120]
Return:  [3, 5, 8, 10, 27, 30, 33, 37, 39, 46, 50, 53, 55, 60, 66, 77, 80, 82, 87, 92, 102, 105, 117]
	⭕  Bike to 50 (1.4 min) +1
> 50 (19:14)
Rent:    [6, 54, 57, 79, 81, 98, 106, 107, 109, 115, 120]
Return:  [3, 5, 8, 10, 27, 30, 33, 37, 39, 46, 50, 53, 55, 60, 66, 77, 80, 82, 87, 92, 102, 105, 117]
	⭕  Walk to 104 (3.9 min) 
> 104 (19:18)
Rent:    [2, 6, 48, 54, 57, 79, 81, 98, 106, 107, 109, 115, 120]
Return:  [3, 5, 8, 10, 27, 30, 33, 37, 39, 46, 50, 53, 55, 56, 60, 66, 77, 80, 82, 87, 92, 102, 105, 117]
	⭕  Bike to 8 (2.2 min) +1
> 8 (19:20)
Rent:    [2, 6, 48, 54, 57, 79, 81, 98, 106, 107, 109, 115, 120]
Return:  [3, 5, 8, 10, 27, 30, 33, 37, 39, 46, 50, 53, 55, 56, 60, 66, 77, 80, 82, 87, 92, 102, 105, 117]
	⭕  Walk to 4 (2.5 min) 
> 4 (19:22)
Rent:    [2, 6, 48, 54, 57, 79, 81, 98, 106, 107, 109, 115, 120]
Return:  [3, 5, 8, 10, 27, 30, 33, 37, 39, 46, 50, 53, 55, 56, 60, 66, 77, 80, 82, 87, 92, 102, 105, 117]
	⭕  Bike to 8 (1.4 min) +1
> 8 (19:24)
Rent:    [2, 6, 48, 54, 57, 79, 81, 98, 106, 107, 109, 115, 120]
Return:  [3, 5, 8, 10, 27, 30, 33, 37, 39, 46, 50, 53, 55, 56, 60, 66, 77, 80, 82, 87, 92, 102, 105, 117]
	⭕  Walk to 4 (2.5 min) 
> 4 (19:26)
Rent:    [2, 6, 48, 54, 57, 79, 81, 98, 106, 107, 109, 115, 120]
Return:  [3, 5, 8, 10, 27, 30, 33, 37, 39, 46, 50, 53, 55, 56, 60, 66, 77, 80, 82, 87, 92, 102, 105, 117]
	⭕  Bike to 8 (1.4 min) +1
> 8 (19:28)
Rent:    [2, 6, 48, 54, 57, 79, 81, 98, 106, 107, 109, 115, 120]
Return:  [3, 5, 8, 10, 27, 30, 33, 37, 39, 46, 50, 53, 55, 56, 60, 66, 77, 80, 82, 87, 92, 102, 105, 117]
	⭕  Walk to 103 (3.9 min) 
> 103 (19:32)
Rent:    [2, 6, 54, 57, 75, 79, 81, 89, 98, 106, 107, 109, 115, 120]
Return:  [3, 5, 8, 10, 11, 24, 27, 28, 30, 33, 37, 39, 50, 53, 55, 56, 60, 66, 77, 80, 82, 87, 92, 93, 102, 105, 123]
	⭕  Bike to 8 (2.0 min) +1
> 8 (19:33)
Rent:    [2, 6, 54, 57, 75, 79, 81, 89, 98, 106, 107, 109, 115, 120]
Return:  [3, 5, 8, 10, 11, 24, 27, 28, 30, 33, 37, 39, 50, 53, 55, 56, 60, 66, 77, 80, 82, 87, 92, 93, 102, 105, 123]
	⭕  Walk to 4 (2.5 min) 
> 4 (19:36)
Rent:    [2, 6, 54, 57, 75, 79, 81, 89, 98, 106, 107, 109, 115, 120]
Return:  [3, 5, 8, 10, 11, 24, 27, 28, 30, 33, 37, 39, 50, 53, 55, 56, 60, 66, 77, 80, 82, 87, 92, 93, 102, 105, 123]
	⭕  Bike to 8 (1.4 min) +1
> 8 (19:37)
Rent:    [2, 6, 54, 57, 75, 79, 81, 89, 98, 106, 107, 109, 115, 120]
Return:  [3, 5, 8, 10, 11, 24, 27, 28, 30, 33, 37, 39, 50, 53, 55, 56, 60, 66, 77, 80, 82, 87, 92, 93, 102, 105, 123]
	⭕  Walk to 4 (2.5 min) 
> 4 (19:40)
Rent:    [2, 6, 54, 57, 75, 79, 81, 89, 98, 106, 107, 109, 115, 120]
Return:  [3, 5, 8, 10, 11, 24, 27, 28, 30, 33, 37, 39, 50, 53, 55, 56, 60, 66, 77, 80, 82, 87, 92, 93, 102, 105, 123]
	⭕  Bike to 8 (1.4 min) +1
> 8 (19:41)
Rent:    [2, 6, 54, 57, 75, 79, 81, 89, 98, 106, 107, 109, 115, 120]
Return:  [3, 5, 8, 10, 11, 24, 27, 28, 30, 33, 37, 39, 50, 53, 55, 56, 60, 66, 77, 80, 82, 87, 92, 93, 102, 105, 123]
	⭕  Walk to 61 (4.6 min) 
> 61 (19:46)
Rent:    [2, 6, 48, 54, 57, 75, 79, 81, 98, 106, 107, 109, 113, 115, 120]
Return:  [3, 5, 8, 10, 11, 27, 28, 30, 33, 37, 50, 53, 55, 60, 64, 66, 77, 80, 82, 87, 88, 92, 93, 123]
	⭕  Bike to 93 (1.4 min) +1
> 93 (19:47)
Rent:    [2, 6, 48, 54, 57, 75, 79, 81, 98, 106, 107, 109, 113, 115, 120]
Return:  [3, 5, 8, 10, 11, 27, 28, 30, 33, 37, 50, 53, 55, 60, 64, 66, 77, 80, 82, 87, 88, 92, 93, 123]
	⭕  Walk to 12 (2.9 min) 
> 12 (19:50)
Rent:    [2, 6, 48, 54, 57, 75, 79, 81, 98, 106, 107, 109, 113, 115, 120]
Return:  [3, 5, 8, 10, 11, 27, 28, 30, 33, 37, 50, 53, 55, 60, 64, 66, 77, 80, 82, 87, 88, 92, 93, 123]
	⭕  Bike to 53 (2.0 min) +1
> 53 (19:52)
Rent:    [2, 6, 48, 54, 57, 75, 79, 81, 98, 106, 107, 109, 113, 115, 120]
Return:  [3, 5, 8, 10, 11, 27, 28, 30, 33, 37, 50, 53, 55, 60, 64, 66, 77, 80, 82, 87, 88, 92, 93, 123]
	⭕  Walk to 47 (2.7 min) 
> 47 (19:55)
Rent:    [2, 6, 48, 54, 57, 75, 79, 81, 98, 106, 107, 109, 113, 115, 120]
Return:  [3, 5, 8, 10, 11, 27, 28, 30, 33, 37, 50, 53, 55, 60, 64, 66, 77, 80, 82, 87, 88, 92, 93, 123]
	⭕  Bike to 53 (1.2 min) +1
> 53 (19:56)
Rent:    [2, 6, 48, 54, 57, 75, 79, 81, 98, 106, 107, 109, 113, 115, 120]
Return:  [3, 5, 8, 10, 11, 27, 28, 30, 33, 37, 50, 53, 55, 60, 64, 66, 77, 80, 82, 87, 88, 92, 93, 123]
	⭕  Walk to 47 (2.7 min) 
> 47 (19:59)
Rent:    [2, 6, 48, 54, 57, 75, 79, 81, 98, 106, 107, 109, 113, 115, 120]
Return:  [3, 5, 8, 10, 11, 27, 28, 30, 33, 37, 50, 53, 55, 60, 64, 66, 77, 80, 82, 87, 88, 92, 93, 123]
	⭕  Bike to 53 (1.2 min) +1
> 53 (20:00)
Rent:    [2, 6, 43, 54, 57, 75, 79, 81, 106, 107, 109, 113, 115, 120]
Return:  [3, 4, 5, 11, 24, 27, 28, 29, 30, 33, 37, 50, 53, 55, 60, 61, 64, 77, 80, 82, 87, 88, 92, 93, 117, 123]
	⭕  Walk to 12 (3.4 min) 
> 12 (20:03)
Rent:    [2, 6, 43, 54, 57, 75, 79, 81, 106, 107, 109, 113, 115, 120]
Return:  [3, 4, 5, 11, 24, 27, 28, 29, 30, 33, 37, 50, 53, 55, 60, 61, 64, 77, 80, 82, 87, 88, 92, 93, 117, 123]
	⭕  Bike to 53 (2.0 min) +1
> 53 (20:05)
Rent:    [2, 6, 43, 54, 57, 75, 79, 81, 106, 107, 109, 113, 115, 120]
Return:  [3, 4, 5, 11, 24, 27, 28, 29, 30, 33, 37, 50, 53, 55, 60, 61, 64, 77, 80, 82, 87, 88, 92, 93, 117, 123]
	⭕  Walk to 47 (2.7 min) 
> 47 (20:08)
Rent:    [2, 6, 43, 54, 57, 75, 79, 81, 106, 107, 109, 113, 115, 120]
Return:  [3, 4, 5, 11, 24, 27, 28, 29, 30, 33, 37, 50, 53, 55, 60, 61, 64, 77, 80, 82, 87, 88, 92, 93, 117, 123]
	⭕  Bike to 53 (1.2 min) +1
> 53 (20:09)
Rent:    [2, 6, 43, 54, 57, 75, 79, 81, 106, 107, 109, 113, 115, 120]
Return:  [3, 4, 5, 11, 24, 27, 28, 29, 30, 33, 37, 50, 53, 55, 60, 61, 64, 77, 80, 82, 87, 88, 92, 93, 117, 123]
	⭕  Walk to 102 (8.1 min) 
> 102 (20:17)
Rent:    [2, 6, 43, 48, 79, 81, 98, 106, 107, 109, 114, 115, 120]
Return:  [5, 10, 12, 24, 27, 28, 29, 30, 33, 37, 46, 50, 53, 55, 56, 60, 61, 64, 66, 77, 80, 82, 87, 88, 92, 93, 105, 117, 123]
	⭕  Bike to 66 (0.7 min) +1
> 66 (20:18)
Rent:    [2, 6, 43, 48, 79, 81, 98, 106, 107, 109, 114, 115, 120]
Return:  [5, 10, 12, 24, 27, 28, 29, 30, 33, 37, 46, 50, 53, 55, 56, 60, 61, 64, 66, 77, 80, 82, 87, 88, 92, 93, 105, 117, 123]
	⭕  Walk to 102 (1.7 min) 
> 102 (20:20)
Rent:    [2, 6, 43, 48, 79, 81, 98, 106, 107, 109, 114, 115, 120]
Return:  [5, 10, 12, 24, 27, 28, 29, 30, 33, 37, 46, 50, 53, 55, 56, 60, 61, 64, 66, 77, 80, 82, 87, 88, 92, 93, 105, 117, 123]
	⭕  Bike to 66 (0.7 min) +1
> 66 (20:21)
Rent:    [2, 6, 43, 48, 79, 81, 98, 106, 107, 109, 114, 115, 120]
Return:  [5, 10, 12, 24, 27, 28, 29, 30, 33, 37, 46, 50, 53, 55, 56, 60, 61, 64, 66, 77, 80, 82, 87, 88, 92, 93, 105, 117, 123]
	⭕  Walk to 52 (2.4 min) 
> 52 (20:23)
Rent:    [2, 6, 43, 48, 79, 81, 98, 106, 107, 109, 114, 115, 120]
Return:  [5, 10, 12, 24, 27, 28, 29, 30, 33, 37, 46, 50, 53, 55, 56, 60, 61, 64, 66, 77, 80, 82, 87, 88, 92, 93, 105, 117, 123]
	⭕  Bike to 66 (1.1 min) +1
> 66 (20:24)
Rent:    [2, 6, 43, 48, 79, 81, 98, 106, 107, 109, 114, 115, 120]
Return:  [5, 10, 12, 24, 27, 28, 29, 30, 33, 37, 46, 50, 53, 55, 56, 60, 61, 64, 66, 77, 80, 82, 87, 88, 92, 93, 105, 117, 123]
	⭕  Walk to 102 (1.7 min) 
> 102 (20:26)
Rent:    [2, 6, 43, 48, 79, 81, 98, 106, 107, 109, 114, 115, 120]
Return:  [5, 10, 12, 24, 27, 28, 29, 30, 33, 37, 46, 50, 53, 55, 56, 60, 61, 64, 66, 77, 80, 82, 87, 88, 92, 93, 105, 117, 123]
	⭕  Bike to 66 (0.7 min) +1
> 66 (20:26)
Rent:    [2, 6, 43, 48, 79, 81, 98, 106, 107, 109, 114, 115, 120]
Return:  [5, 10, 12, 24, 27, 28, 29, 30, 33, 37, 46, 50, 53, 55, 56, 60, 61, 64, 66, 77, 80, 82, 87, 88, 92, 93, 105, 117, 123]
	⭕  Walk to 52 (2.4 min) 
> 52 (20:29)
Rent:    [2, 6, 43, 48, 79, 81, 98, 106, 107, 109, 114, 115, 120]
Return:  [5, 10, 12, 24, 27, 28, 29, 30, 33, 37, 46, 50, 53, 55, 56, 60, 61, 64, 66, 77, 80, 82, 87, 88, 92, 93, 105, 117, 123]
	⭕  Bike to 66 (1.1 min) +1
> 66 (20:30)
Rent:    [2, 6, 18, 43, 48, 54, 57, 81, 98, 106, 107, 109, 111, 115, 120]
Return:  [3, 5, 10, 21, 24, 27, 28, 33, 37, 39, 46, 50, 53, 55, 60, 61, 64, 66, 77, 80, 82, 87, 88, 92, 93, 117]
	⭕  Walk to 30 (5.9 min) 
> 30 (20:36)
Rent:    [2, 6, 18, 43, 48, 54, 57, 81, 98, 106, 107, 109, 111, 115, 120]
Return:  [3, 5, 10, 21, 24, 27, 28, 33, 37, 39, 46, 50, 53, 55, 60, 61, 64, 66, 77, 80, 82, 87, 88, 92, 93, 117]
	⭕  Bike to 87 (1.0 min) +1
> 87 (20:37)
Rent:    [2, 6, 18, 43, 48, 54, 57, 81, 98, 106, 107, 109, 111, 115, 120]
Return:  [3, 5, 10, 21, 24, 27, 28, 33, 37, 39, 46, 50, 53, 55, 60, 61, 64, 66, 77, 80, 82, 87, 88, 92, 93, 117]
	⭕  Walk to 30 (2.6 min) 
> 30 (20:40)
Rent:    [2, 6, 18, 43, 48, 54, 57, 81, 98, 106, 107, 109, 111, 115, 120]
Return:  [3, 5, 10, 21, 24, 27, 28, 33, 37, 39, 46, 50, 53, 55, 60, 61, 64, 66, 77, 80, 82, 87, 88, 92, 93, 117]
	⭕  Bike to 77 (1.4 min) +1
> 77 (20:41)
Rent:    [2, 6, 18, 43, 48, 54, 57, 81, 98, 106, 107, 109, 111, 115, 120]
Return:  [3, 5, 10, 21, 24, 27, 28, 33, 37, 39, 46, 50, 53, 55, 60, 61, 64, 66, 77, 80, 82, 87, 88, 92, 93, 117]
	⭕  Walk to 102 (4.2 min) 
> 102 (20:45)
Rent:    [2, 6, 18, 43, 57, 75, 81, 98, 106, 107, 109, 111, 115, 116, 120]
Return:  [3, 4, 5, 8, 10, 12, 24, 27, 28, 30, 33, 37, 39, 46, 50, 52, 53, 55, 60, 66, 77, 80, 82, 87, 88, 92, 93, 117, 121]
	⭕  Bike to 28 (0.9 min) +1
> 28 (20:46)
Rent:    [2, 6, 18, 43, 57, 75, 81, 98, 106, 107, 109, 111, 115, 116, 120]
Return:  [3, 4, 5, 8, 10, 12, 24, 27, 28, 30, 33, 37, 39, 46, 50, 52, 53, 55, 60, 66, 77, 80, 82, 87, 88, 92, 93, 117, 121]
	⭕  Walk to 119 (7.9 min) 
> 119 (20:54)
Rent:    [2, 6, 18, 43, 57, 75, 81, 98, 106, 107, 109, 111, 115, 116, 120]
Return:  [3, 4, 5, 8, 10, 12, 24, 27, 28, 30, 33, 37, 39, 46, 50, 52, 53, 55, 60, 66, 77, 80, 82, 87, 88, 92, 93, 117, 121]
	⭕  Bike to 117 (3.4 min) +1
> 117 (20:57)
Rent:    [2, 6, 18, 43, 57, 75, 81, 98, 106, 107, 109, 111, 115, 116, 120]
Return:  [3, 4, 5, 8, 10, 12, 24, 27, 28, 30, 33, 37, 39, 46, 50, 52, 53, 55, 60, 66, 77, 80, 82, 87, 88, 92, 93, 117, 121]
	⭕  Walk to 105 (2.0 min) 
> 105 (20:59)
Rent:    [2, 6, 18, 43, 57, 75, 81, 98, 106, 107, 109, 111, 115, 116, 120]
Return:  [3, 4, 5, 8, 10, 12, 24, 27, 28, 30, 33, 37, 39, 46, 50, 52, 53, 55, 60, 66, 77, 80, 82, 87, 88, 92, 93, 117, 121]
	⭕  Bike to 117 (0.7 min) +1
> 117 (21:00)
Rent:    [6, 18, 43, 57, 75, 81, 98, 106, 107, 109, 115, 116, 120]
Return:  [3, 4, 5, 8, 10, 21, 24, 27, 28, 33, 37, 39, 46, 50, 52, 53, 55, 56, 60, 61, 64, 66, 77, 80, 82, 87, 88, 92, 93, 102, 117, 121]
	⭕  Walk to 119 (8.1 min) 
> 119 (21:08)
Rent:    [6, 18, 43, 57, 75, 81, 98, 106, 107, 109, 115, 116, 120]
Return:  [3, 4, 5, 8, 10, 21, 24, 27, 28, 33, 37, 39, 46, 50, 52, 53, 55, 56, 60, 61, 64, 66, 77, 80, 82, 87, 88, 92, 93, 102, 117, 121]
	⭕  Bike to 46 (2.4 min) +1
> 46 (21:10)
Rent:    [6, 18, 43, 57, 75, 81, 98, 106, 107, 109, 115, 116, 120]
Return:  [3, 4, 5, 8, 10, 21, 24, 27, 28, 33, 37, 39, 46, 50, 52, 53, 55, 56, 60, 61, 64, 66, 77, 80, 82, 87, 88, 92, 93, 102, 117, 121]
	⭕  Walk to 119 (4.9 min) 
> 119 (21:15)
Rent:    [6, 43, 57, 75, 81, 98, 106, 107, 114, 115, 116]
Return:  [3, 5, 8, 10, 12, 20, 21, 24, 27, 28, 37, 46, 50, 52, 53, 55, 60, 61, 64, 66, 77, 80, 82, 87, 88, 92, 93, 117, 121, 124]
	⭕  Bike to 117 (3.4 min) +1
> 117 (21:19)
Rent:    [6, 43, 57, 75, 81, 98, 106, 107, 114, 115, 116]
Return:  [3, 5, 8, 10, 12, 20, 21, 24, 27, 28, 37, 46, 50, 52, 53, 55, 60, 61, 64, 66, 77, 80, 82, 87, 88, 92, 93, 117, 121, 124]
	⭕  Walk to 105 (2.0 min) 
> 105 (21:21)
Rent:    [6, 43, 57, 75, 81, 98, 106, 107, 114, 115, 116]
Return:  [3, 5, 8, 10, 12, 20, 21, 24, 27, 28, 37, 46, 50, 52, 53, 55, 60, 61, 64, 66, 77, 80, 82, 87, 88, 92, 93, 117, 121, 124]
	⭕  Bike to 117 (0.7 min) +1
> 117 (21:21)
Rent:    [6, 43, 57, 75, 81, 98, 106, 107, 114, 115, 116]
Return:  [3, 5, 8, 10, 12, 20, 21, 24, 27, 28, 37, 46, 50, 52, 53, 55, 60, 61, 64, 66, 77, 80, 82, 87, 88, 92, 93, 117, 121, 124]
	⭕  Walk to 102 (5.1 min) 
> 102 (21:27)
Rent:    [6, 43, 57, 75, 81, 98, 106, 107, 114, 115, 116]
Return:  [3, 5, 8, 10, 12, 20, 21, 24, 27, 28, 37, 46, 50, 52, 53, 55, 60, 61, 64, 66, 77, 80, 82, 87, 88, 92, 93, 117, 121, 124]
	⭕  Bike to 66 (0.7 min) +1
> 66 (21:27)
Rent:    [6, 43, 57, 75, 81, 98, 106, 107, 114, 115, 116]
Return:  [3, 5, 8, 10, 12, 20, 21, 24, 27, 28, 37, 46, 50, 52, 53, 55, 60, 61, 64, 66, 77, 80, 82, 87, 88, 92, 93, 117, 121, 124]
	⭕  Walk to 119 (12 min) 
> 119 (21:39)
Rent:    [6, 43, 48, 57, 75, 98, 99, 100, 106, 107, 114, 115]
Return:  [3, 5, 10, 12, 20, 24, 28, 46, 47, 50, 52, 53, 56, 60, 61, 66, 77, 80, 82, 87, 88, 92, 93, 104, 105, 117, 121]
	⭕  Bike to 46 (2.4 min) +1
> 46 (21:41)
Rent:    [6, 43, 48, 57, 75, 98, 99, 100, 106, 107, 114, 115]
Return:  [3, 5, 10, 12, 20, 24, 28, 46, 47, 50, 52, 53, 56, 60, 61, 66, 77, 80, 82, 87, 88, 92, 93, 104, 105, 117, 121]
	⭕  Walk to 52 (9.1 min) 
> 52 (21:50)
Rent:    [6, 32, 43, 48, 54, 57, 75, 94, 98, 99, 106, 107, 111, 114, 115, 116, 120]
Return:  [3, 5, 8, 20, 21, 24, 27, 28, 30, 33, 34, 39, 46, 47, 50, 53, 60, 61, 66, 77, 80, 82, 87, 88, 92, 93, 105, 117]
	⭕  Bike to 28 (2.3 min) +1
> 28 (21:52)
Rent:    [6, 32, 43, 48, 54, 57, 75, 94, 98, 99, 106, 107, 111, 114, 115, 116, 120]
Return:  [3, 5, 8, 20, 21, 24, 27, 28, 30, 33, 34, 39, 46, 47, 50, 53, 60, 61, 66, 77, 80, 82, 87, 88, 92, 93, 105, 117]
	⭕  Walk to 102 (3.0 min) 
> 102 (21:55)
Rent:    [6, 32, 43, 48, 54, 57, 75, 94, 98, 99, 106, 107, 111, 114, 115, 116, 120]
Return:  [3, 5, 8, 20, 21, 24, 27, 28, 30, 33, 34, 39, 46, 47, 50, 53, 60, 61, 66, 77, 80, 82, 87, 88, 92, 93, 105, 117]
	⭕  Bike to 82 (1.4 min) +1
> 82 (21:57)
Rent:    [6, 32, 43, 48, 54, 57, 75, 94, 98, 99, 106, 107, 111, 114, 115, 116, 120]
Return:  [3, 5, 8, 20, 21, 24, 27, 28, 30, 33, 34, 39, 46, 47, 50, 53, 60, 61, 66, 77, 80, 82, 87, 88, 92, 93, 105, 117]
	⭕  Walk to 103 (10.0 min) 
> 103 (22:07)
Rent:    [6, 32, 43, 54, 57, 79, 81, 94, 98, 99, 106, 107, 109, 111, 115, 116, 120]
Return:  [5, 8, 10, 12, 20, 21, 24, 27, 28, 30, 33, 34, 46, 47, 50, 53, 55, 56, 60, 61, 64, 66, 77, 80, 82, 87, 88, 92, 93, 102, 105, 117, 124]
	⭕  Bike to 8 (2.0 min) +1
> 8 (22:09)
Rent:    [6, 32, 43, 54, 57, 79, 81, 94, 98, 99, 106, 107, 109, 111, 115, 116, 120]
Return:  [5, 8, 10, 12, 20, 21, 24, 27, 28, 30, 33, 34, 46, 47, 50, 53, 55, 56, 60, 61, 64, 66, 77, 80, 82, 87, 88, 92, 93, 102, 105, 117, 124]
	⭕  Walk to 4 (2.5 min) 
> 4 (22:11)
Rent:    [6, 32, 43, 54, 57, 79, 81, 94, 98, 99, 106, 107, 109, 111, 115, 116, 120]
Return:  [5, 8, 10, 12, 20, 21, 24, 27, 28, 30, 33, 34, 46, 47, 50, 53, 55, 56, 60, 61, 64, 66, 77, 80, 82, 87, 88, 92, 93, 102, 105, 117, 124]
	⭕  Bike to 8 (1.4 min) +1
> 8 (22:13)
Rent:    [6, 32, 43, 54, 57, 79, 81, 94, 98, 99, 106, 107, 109, 111, 115, 116, 120]
Return:  [5, 8, 10, 12, 20, 21, 24, 27, 28, 30, 33, 34, 46, 47, 50, 53, 55, 56, 60, 61, 64, 66, 77, 80, 82, 87, 88, 92, 93, 102, 105, 117, 124]
	⭕  Walk to 103 (3.9 min) 
> 103 (22:17)
Rent:    [6, 18, 32, 43, 54, 57, 79, 81, 94, 98, 99, 100, 106, 107, 109, 111, 114, 115, 116, 120]
Return:  [5, 8, 10, 12, 20, 21, 24, 26, 27, 28, 30, 33, 34, 37, 46, 52, 53, 55, 56, 60, 61, 64, 66, 77, 80, 82, 87, 88, 92, 93, 102, 105, 117, 124]
	⭕  Bike to 8 (2.0 min) +1
> 8 (22:19)
Rent:    [6, 18, 32, 43, 54, 57, 79, 81, 94, 98, 99, 100, 106, 107, 109, 111, 114, 115, 116, 120]
Return:  [5, 8, 10, 12, 20, 21, 24, 26, 27, 28, 30, 33, 34, 37, 46, 52, 53, 55, 56, 60, 61, 64, 66, 77, 80, 82, 87, 88, 92, 93, 102, 105, 117, 124]
	⭕  Walk to 4 (2.5 min) 
> 4 (22:21)
Rent:    [6, 18, 32, 43, 54, 57, 79, 81, 94, 98, 99, 100, 106, 107, 109, 111, 114, 115, 116, 120]
Return:  [5, 8, 10, 12, 20, 21, 24, 26, 27, 28, 30, 33, 34, 37, 46, 52, 53, 55, 56, 60, 61, 64, 66, 77, 80, 82, 87, 88, 92, 93, 102, 105, 117, 124]
	⭕  Bike to 8 (1.4 min) +1
> 8 (22:22)
Rent:    [6, 18, 32, 43, 54, 57, 79, 81, 94, 98, 99, 100, 106, 107, 109, 111, 114, 115, 116, 120]
Return:  [5, 8, 10, 12, 20, 21, 24, 26, 27, 28, 30, 33, 34, 37, 46, 52, 53, 55, 56, 60, 61, 64, 66, 77, 80, 82, 87, 88, 92, 93, 102, 105, 117, 124]
	⭕  Walk to 4 (2.5 min) 
> 4 (22:25)
Rent:    [6, 18, 32, 43, 54, 57, 79, 81, 94, 98, 99, 100, 106, 107, 109, 111, 114, 115, 116, 120]
Return:  [5, 8, 10, 12, 20, 21, 24, 26, 27, 28, 30, 33, 34, 37, 46, 52, 53, 55, 56, 60, 61, 64, 66, 77, 80, 82, 87, 88, 92, 93, 102, 105, 117, 124]
	⭕  Bike to 5 (1.2 min) +1
> 5 (22:26)
Rent:    [6, 18, 32, 43, 54, 57, 79, 81, 94, 98, 99, 100, 106, 107, 109, 111, 114, 115, 116, 120]
Return:  [5, 8, 10, 12, 20, 21, 24, 26, 27, 28, 30, 33, 34, 37, 46, 52, 53, 55, 56, 60, 61, 64, 66, 77, 80, 82, 87, 88, 92, 93, 102, 105, 117, 124]
	⭕  Walk to 104 (4.2 min) 
> 104 (22:30)
Rent:    [6, 31, 32, 43, 48, 54, 57, 81, 94, 98, 99, 106, 107, 111, 114, 115, 116, 120]
Return:  [4, 5, 8, 10, 12, 14, 20, 21, 24, 26, 27, 28, 30, 33, 34, 37, 45, 46, 47, 50, 52, 53, 55, 56, 60, 64, 66, 77, 80, 82, 87, 88, 92, 93, 102, 117, 124]
	⭕  Bike to 50 (1.4 min) +1
> 50 (22:32)
Rent:    [6, 31, 32, 43, 48, 54, 57, 81, 94, 98, 99, 106, 107, 111, 114, 115, 116, 120]
Return:  [4, 5, 8, 10, 12, 14, 20, 21, 24, 26, 27, 28, 30, 33, 34, 37, 45, 46, 47, 50, 52, 53, 55, 56, 60, 64, 66, 77, 80, 82, 87, 88, 92, 93, 102, 117, 124]
	⭕  Walk to 104 (3.9 min) 
> 104 (22:36)
Rent:    [6, 31, 32, 43, 48, 54, 57, 81, 94, 98, 99, 106, 107, 111, 114, 115, 116, 120]
Return:  [4, 5, 8, 10, 12, 14, 20, 21, 24, 26, 27, 28, 30, 33, 34, 37, 45, 46, 47, 50, 52, 53, 55, 56, 60, 64, 66, 77, 80, 82, 87, 88, 92, 93, 102, 117, 124]
	⭕  Bike to 5 (1.3 min) +1
> 5 (22:37)
Rent:    [6, 31, 32, 43, 48, 54, 57, 81, 94, 98, 99, 106, 107, 111, 114, 115, 116, 120]
Return:  [4, 5, 8, 10, 12, 14, 20, 21, 24, 26, 27, 28, 30, 33, 34, 37, 45, 46, 47, 50, 52, 53, 55, 56, 60, 64, 66, 77, 80, 82, 87, 88, 92, 93, 102, 117, 124]
	⭕  Walk to 103 (4.2 min) 
> 103 (22:41)
Rent:    [6, 31, 32, 43, 48, 54, 57, 81, 94, 98, 99, 106, 107, 111, 114, 115, 116, 120]
Return:  [4, 5, 8, 10, 12, 14, 20, 21, 24, 26, 27, 28, 30, 33, 34, 37, 45, 46, 47, 50, 52, 53, 55, 56, 60, 64, 66, 77, 80, 82, 87, 88, 92, 93, 102, 117, 124]
	⭕  Bike to 55 (2.1 min) +1
> 55 (22:43)
Rent:    [6, 31, 32, 43, 48, 54, 57, 81, 94, 98, 99, 106, 107, 111, 114, 115, 116, 120]
Return:  [4, 5, 8, 10, 12, 14, 20, 21, 24, 26, 27, 28, 30, 33, 34, 37, 45, 46, 47, 50, 52, 53, 55, 56, 60, 64, 66, 77, 80, 82, 87, 88, 92, 93, 102, 117, 124]
	⭕  Walk to 103 (3.4 min) 
> 103 (22:47)
Rent:    [6, 32, 43, 48, 54, 57, 79, 81, 94, 98, 99, 100, 106, 107, 109, 111, 114, 115, 120]
Return:  [5, 12, 20, 21, 24, 26, 27, 28, 30, 37, 45, 46, 47, 50, 53, 55, 56, 60, 64, 65, 66, 77, 80, 82, 87, 88, 92, 93, 102, 117, 124]
	⭕  Bike to 55 (2.1 min) +1
> 55 (22:49)
Rent:    [6, 32, 43, 48, 54, 57, 79, 81, 94, 98, 99, 100, 106, 107, 109, 111, 114, 115, 120]
Return:  [5, 12, 20, 21, 24, 26, 27, 28, 30, 37, 45, 46, 47, 50, 53, 55, 56, 60, 64, 65, 66, 77, 80, 82, 87, 88, 92, 93, 102, 117, 124]
	🔵  End excursion
	⭕  Walk to 5 (7.4 min) 
> 5 (22:56)

---------- Excursion Complete ----------
End time: 22:56
Final station: 5
Bike count: 82
Walk count: 82
Wait count: 0
Total reward: 84
Seed: 3750526009

